================ FLORES BASELINE WITH CLIP_NORM=0.1, BPE=7500 AND SEED=19  ================
About to train the supervised for the following language pair: SI-EN
CHECKPOINT_DIR is set to './checkpoints/2020-06-04T19-07-04-00-exp27-bpe7500-si-060120-seed19-nonjoint/checkpoints_si_en'
Creating checkpoint directory if it doesn't exist...
Data folder is: data-bin/wiki_si_en_bpe7500_nonjoint/
Beginning training...
Time at beginning: Thu Jun 4 19:07:50 EDT 2020
This is train_fairseq
Namespace(activation_dropout=0.2, activation_fn='relu', adam_betas='(0.9, 0.98)', adam_eps=1e-08, adaptive_input=False, adaptive_softmax_cutoff=None, adaptive_softmax_dropout=0, arch='transformer', attention_dropout=0.2, best_checkpoint_metric='loss', bpe=None, bucket_cap_mb=25, clip_norm=0.1, cpu=False, criterion='label_smoothed_cross_entropy', cross_self_attention=False, curriculum=0, data='data-bin/wiki_si_en_bpe7500_nonjoint/', dataset_impl=None, ddp_backend='c10d', decoder_attention_heads=2, decoder_embed_dim=512, decoder_embed_path=None, decoder_ffn_embed_dim=2048, decoder_input_dim=512, decoder_layerdrop=0, decoder_layers=5, decoder_layers_to_keep=None, decoder_learned_pos=False, decoder_normalize_before=True, decoder_output_dim=512, device_id=0, disable_validation=False, distributed_backend='nccl', distributed_init_method=None, distributed_no_spawn=False, distributed_port=-1, distributed_rank=0, distributed_world_size=1, dropout=0.4, empty_cache_freq=0, encoder_attention_heads=2, encoder_embed_dim=512, encoder_embed_path=None, encoder_ffn_embed_dim=2048, encoder_layerdrop=0, encoder_layers=5, encoder_layers_to_keep=None, encoder_learned_pos=False, encoder_normalize_before=True, fast_stat_sync=False, find_unused_parameters=False, fix_batches_to_gpus=False, fixed_validation_seed=None, fp16=True, fp16_init_scale=128, fp16_scale_tolerance=0.0, fp16_scale_window=None, keep_interval_updates=-1, keep_last_epochs=-1, label_smoothing=0.2, layer_wise_attention=False, layernorm_embedding=False, lazy_load=False, left_pad_source='True', left_pad_target='False', load_alignments=False, log_format=None, log_interval=1000, lr=[0.001], lr_scheduler='inverse_sqrt', max_epoch=100, max_sentences=None, max_sentences_valid=None, max_source_positions=1024, max_target_positions=1024, max_tokens=4000, max_tokens_valid=4000, max_update=0, maximize_best_checkpoint_metric=False, memory_efficient_fp16=False, min_loss_scale=0.0001, min_lr=1e-09, no_cross_attention=False, no_epoch_checkpoints=False, no_last_checkpoints=False, no_progress_bar=False, no_save=False, no_save_optimizer_state=False, no_scale_embedding=False, no_token_positional_embeddings=False, num_workers=1, optimizer='adam', optimizer_overrides='{}', raw_text=False, required_batch_size_multiple=8, reset_dataloader=False, reset_lr_scheduler=False, reset_meters=False, reset_optimizer=False, restore_file='checkpoint_last.pt', save_dir='./checkpoints/2020-06-04T19-07-04-00-exp27-bpe7500-si-060120-seed19-nonjoint/checkpoints_si_en', save_interval=10, save_interval_updates=0, seed=19, sentence_avg=False, share_all_embeddings=True, share_decoder_input_output_embed=False, skip_invalid_size_inputs_valid_test=False, source_lang='si', target_lang='en', task='translation', tensorboard_logdir='', threshold_loss_scale=None, tokenizer=None, train_subset='train', truncate_source=False, update_freq=[4], upsample_primary=1, use_bmuf=False, user_dir=None, valid_subset='valid', validate_interval=1, warmup_init_lr=1e-07, warmup_updates=4000, weight_decay=0.0001)
| [si] dictionary: 7616 types
| [en] dictionary: 7616 types
| loaded 2898 examples from: data-bin/wiki_si_en_bpe7500_nonjoint/valid.si-en.si
| loaded 2898 examples from: data-bin/wiki_si_en_bpe7500_nonjoint/valid.si-en.en
| data-bin/wiki_si_en_bpe7500_nonjoint/ valid si-en 2898 examples
TransformerModel(
  (encoder): TransformerEncoder(
    (embed_tokens): Embedding(7616, 512, padding_idx=1)
    (embed_positions): SinusoidalPositionalEmbedding()
    (layers): ModuleList(
      (0): TransformerEncoderLayer(
        (self_attn): MultiheadAttention(
          (k_proj): Linear(in_features=512, out_features=512, bias=True)
          (v_proj): Linear(in_features=512, out_features=512, bias=True)
          (q_proj): Linear(in_features=512, out_features=512, bias=True)
          (out_proj): Linear(in_features=512, out_features=512, bias=True)
        )
        (self_attn_layer_norm): LayerNorm((512,), eps=1e-05, elementwise_affine=True)
        (fc1): Linear(in_features=512, out_features=2048, bias=True)
        (fc2): Linear(in_features=2048, out_features=512, bias=True)
        (final_layer_norm): LayerNorm((512,), eps=1e-05, elementwise_affine=True)
      )
      (1): TransformerEncoderLayer(
        (self_attn): MultiheadAttention(
          (k_proj): Linear(in_features=512, out_features=512, bias=True)
          (v_proj): Linear(in_features=512, out_features=512, bias=True)
          (q_proj): Linear(in_features=512, out_features=512, bias=True)
          (out_proj): Linear(in_features=512, out_features=512, bias=True)
        )
        (self_attn_layer_norm): LayerNorm((512,), eps=1e-05, elementwise_affine=True)
        (fc1): Linear(in_features=512, out_features=2048, bias=True)
        (fc2): Linear(in_features=2048, out_features=512, bias=True)
        (final_layer_norm): LayerNorm((512,), eps=1e-05, elementwise_affine=True)
      )
      (2): TransformerEncoderLayer(
        (self_attn): MultiheadAttention(
          (k_proj): Linear(in_features=512, out_features=512, bias=True)
          (v_proj): Linear(in_features=512, out_features=512, bias=True)
          (q_proj): Linear(in_features=512, out_features=512, bias=True)
          (out_proj): Linear(in_features=512, out_features=512, bias=True)
        )
        (self_attn_layer_norm): LayerNorm((512,), eps=1e-05, elementwise_affine=True)
        (fc1): Linear(in_features=512, out_features=2048, bias=True)
        (fc2): Linear(in_features=2048, out_features=512, bias=True)
        (final_layer_norm): LayerNorm((512,), eps=1e-05, elementwise_affine=True)
      )
      (3): TransformerEncoderLayer(
        (self_attn): MultiheadAttention(
          (k_proj): Linear(in_features=512, out_features=512, bias=True)
          (v_proj): Linear(in_features=512, out_features=512, bias=True)
          (q_proj): Linear(in_features=512, out_features=512, bias=True)
          (out_proj): Linear(in_features=512, out_features=512, bias=True)
        )
        (self_attn_layer_norm): LayerNorm((512,), eps=1e-05, elementwise_affine=True)
        (fc1): Linear(in_features=512, out_features=2048, bias=True)
        (fc2): Linear(in_features=2048, out_features=512, bias=True)
        (final_layer_norm): LayerNorm((512,), eps=1e-05, elementwise_affine=True)
      )
      (4): TransformerEncoderLayer(
        (self_attn): MultiheadAttention(
          (k_proj): Linear(in_features=512, out_features=512, bias=True)
          (v_proj): Linear(in_features=512, out_features=512, bias=True)
          (q_proj): Linear(in_features=512, out_features=512, bias=True)
          (out_proj): Linear(in_features=512, out_features=512, bias=True)
        )
        (self_attn_layer_norm): LayerNorm((512,), eps=1e-05, elementwise_affine=True)
        (fc1): Linear(in_features=512, out_features=2048, bias=True)
        (fc2): Linear(in_features=2048, out_features=512, bias=True)
        (final_layer_norm): LayerNorm((512,), eps=1e-05, elementwise_affine=True)
      )
    )
    (layer_norm): LayerNorm((512,), eps=1e-05, elementwise_affine=True)
  )
  (decoder): TransformerDecoder(
    (embed_tokens): Embedding(7616, 512, padding_idx=1)
    (embed_positions): SinusoidalPositionalEmbedding()
    (layers): ModuleList(
      (0): TransformerDecoderLayer(
        (self_attn): MultiheadAttention(
          (k_proj): Linear(in_features=512, out_features=512, bias=True)
          (v_proj): Linear(in_features=512, out_features=512, bias=True)
          (q_proj): Linear(in_features=512, out_features=512, bias=True)
          (out_proj): Linear(in_features=512, out_features=512, bias=True)
        )
        (self_attn_layer_norm): LayerNorm((512,), eps=1e-05, elementwise_affine=True)
        (encoder_attn): MultiheadAttention(
          (k_proj): Linear(in_features=512, out_features=512, bias=True)
          (v_proj): Linear(in_features=512, out_features=512, bias=True)
          (q_proj): Linear(in_features=512, out_features=512, bias=True)
          (out_proj): Linear(in_features=512, out_features=512, bias=True)
        )
        (encoder_attn_layer_norm): LayerNorm((512,), eps=1e-05, elementwise_affine=True)
        (fc1): Linear(in_features=512, out_features=2048, bias=True)
        (fc2): Linear(in_features=2048, out_features=512, bias=True)
        (final_layer_norm): LayerNorm((512,), eps=1e-05, elementwise_affine=True)
      )
      (1): TransformerDecoderLayer(
        (self_attn): MultiheadAttention(
          (k_proj): Linear(in_features=512, out_features=512, bias=True)
          (v_proj): Linear(in_features=512, out_features=512, bias=True)
          (q_proj): Linear(in_features=512, out_features=512, bias=True)
          (out_proj): Linear(in_features=512, out_features=512, bias=True)
        )
        (self_attn_layer_norm): LayerNorm((512,), eps=1e-05, elementwise_affine=True)
        (encoder_attn): MultiheadAttention(
          (k_proj): Linear(in_features=512, out_features=512, bias=True)
          (v_proj): Linear(in_features=512, out_features=512, bias=True)
          (q_proj): Linear(in_features=512, out_features=512, bias=True)
          (out_proj): Linear(in_features=512, out_features=512, bias=True)
        )
        (encoder_attn_layer_norm): LayerNorm((512,), eps=1e-05, elementwise_affine=True)
        (fc1): Linear(in_features=512, out_features=2048, bias=True)
        (fc2): Linear(in_features=2048, out_features=512, bias=True)
        (final_layer_norm): LayerNorm((512,), eps=1e-05, elementwise_affine=True)
      )
      (2): TransformerDecoderLayer(
        (self_attn): MultiheadAttention(
          (k_proj): Linear(in_features=512, out_features=512, bias=True)
          (v_proj): Linear(in_features=512, out_features=512, bias=True)
          (q_proj): Linear(in_features=512, out_features=512, bias=True)
          (out_proj): Linear(in_features=512, out_features=512, bias=True)
        )
        (self_attn_layer_norm): LayerNorm((512,), eps=1e-05, elementwise_affine=True)
        (encoder_attn): MultiheadAttention(
          (k_proj): Linear(in_features=512, out_features=512, bias=True)
          (v_proj): Linear(in_features=512, out_features=512, bias=True)
          (q_proj): Linear(in_features=512, out_features=512, bias=True)
          (out_proj): Linear(in_features=512, out_features=512, bias=True)
        )
        (encoder_attn_layer_norm): LayerNorm((512,), eps=1e-05, elementwise_affine=True)
        (fc1): Linear(in_features=512, out_features=2048, bias=True)
        (fc2): Linear(in_features=2048, out_features=512, bias=True)
        (final_layer_norm): LayerNorm((512,), eps=1e-05, elementwise_affine=True)
      )
      (3): TransformerDecoderLayer(
        (self_attn): MultiheadAttention(
          (k_proj): Linear(in_features=512, out_features=512, bias=True)
          (v_proj): Linear(in_features=512, out_features=512, bias=True)
          (q_proj): Linear(in_features=512, out_features=512, bias=True)
          (out_proj): Linear(in_features=512, out_features=512, bias=True)
        )
        (self_attn_layer_norm): LayerNorm((512,), eps=1e-05, elementwise_affine=True)
        (encoder_attn): MultiheadAttention(
          (k_proj): Linear(in_features=512, out_features=512, bias=True)
          (v_proj): Linear(in_features=512, out_features=512, bias=True)
          (q_proj): Linear(in_features=512, out_features=512, bias=True)
          (out_proj): Linear(in_features=512, out_features=512, bias=True)
        )
        (encoder_attn_layer_norm): LayerNorm((512,), eps=1e-05, elementwise_affine=True)
        (fc1): Linear(in_features=512, out_features=2048, bias=True)
        (fc2): Linear(in_features=2048, out_features=512, bias=True)
        (final_layer_norm): LayerNorm((512,), eps=1e-05, elementwise_affine=True)
      )
      (4): TransformerDecoderLayer(
        (self_attn): MultiheadAttention(
          (k_proj): Linear(in_features=512, out_features=512, bias=True)
          (v_proj): Linear(in_features=512, out_features=512, bias=True)
          (q_proj): Linear(in_features=512, out_features=512, bias=True)
          (out_proj): Linear(in_features=512, out_features=512, bias=True)
        )
        (self_attn_layer_norm): LayerNorm((512,), eps=1e-05, elementwise_affine=True)
        (encoder_attn): MultiheadAttention(
          (k_proj): Linear(in_features=512, out_features=512, bias=True)
          (v_proj): Linear(in_features=512, out_features=512, bias=True)
          (q_proj): Linear(in_features=512, out_features=512, bias=True)
          (out_proj): Linear(in_features=512, out_features=512, bias=True)
        )
        (encoder_attn_layer_norm): LayerNorm((512,), eps=1e-05, elementwise_affine=True)
        (fc1): Linear(in_features=512, out_features=2048, bias=True)
        (fc2): Linear(in_features=2048, out_features=512, bias=True)
        (final_layer_norm): LayerNorm((512,), eps=1e-05, elementwise_affine=True)
      )
    )
    (layer_norm): LayerNorm((512,), eps=1e-05, elementwise_affine=True)
  )
)
| model transformer, criterion LabelSmoothedCrossEntropyCriterion
| num. model params: 40683520 (num. trained: 40683520)
| training on 1 GPUs
| max tokens per GPU = 4000 and max sentences per GPU = None
| no existing checkpoint found ./checkpoints/2020-06-04T19-07-04-00-exp27-bpe7500-si-060120-seed19-nonjoint/checkpoints_si_en/checkpoint_last.pt
| loading train data for epoch 0
| loaded 646733 examples from: data-bin/wiki_si_en_bpe7500_nonjoint/train.si-en.si
| loaded 646733 examples from: data-bin/wiki_si_en_bpe7500_nonjoint/train.si-en.en
| data-bin/wiki_si_en_bpe7500_nonjoint/ train si-en 646733 examples
| WARNING: overflow detected, setting loss scale to: 64.0
| WARNING: overflow detected, setting loss scale to: 32.0
| WARNING: overflow detected, setting loss scale to: 16.0
| epoch 001 | loss 8.715 | nll_loss 7.187 | ppl 145.72 | wps 59961 | ups 4 | wpb 14965.655 | bsz 948.798 | num_updates 678 | lr 0.000169583 | gnorm 0.757 | clip 1.000 | oom 0.000 | loss_scale 16.000 | wall 169 | train_wall 137
| epoch 001 | valid on 'valid' subset | loss 8.234 | nll_loss 6.401 | ppl 84.51 | num_updates 678
| epoch 002 | loss 6.776 | nll_loss 4.642 | ppl 24.97 | wps 62036 | ups 4 | wpb 14964.085 | bsz 949.681 | num_updates 1359 | lr 0.000339816 | gnorm 0.463 | clip 1.000 | oom 0.000 | loss_scale 16.000 | wall 334 | train_wall 275
| epoch 002 | valid on 'valid' subset | loss 7.662 | nll_loss 5.628 | ppl 49.46 | num_updates 1359
| epoch 003 | loss 6.188 | nll_loss 3.894 | ppl 14.87 | wps 62041 | ups 4 | wpb 14964.085 | bsz 949.681 | num_updates 2040 | lr 0.000510049 | gnorm 0.383 | clip 1.000 | oom 0.000 | loss_scale 16.000 | wall 500 | train_wall 411
| epoch 003 | valid on 'valid' subset | loss 7.188 | nll_loss 4.960 | ppl 31.12 | num_updates 2040
| epoch 004 | loss 5.833 | nll_loss 3.445 | ppl 10.89 | wps 61817 | ups 4 | wpb 14964.085 | bsz 949.681 | num_updates 2721 | lr 0.000680282 | gnorm 0.348 | clip 1.000 | oom 0.000 | loss_scale 16.000 | wall 665 | train_wall 549
| epoch 004 | valid on 'valid' subset | loss 6.914 | nll_loss 4.556 | ppl 23.53 | num_updates 2721
| epoch 005 | loss 5.629 | nll_loss 3.187 | ppl 9.11 | wps 61951 | ups 4 | wpb 14964.085 | bsz 949.681 | num_updates 3402 | lr 0.000850515 | gnorm 0.313 | clip 1.000 | oom 0.000 | loss_scale 16.000 | wall 831 | train_wall 687
| epoch 005 | valid on 'valid' subset | loss 6.720 | nll_loss 4.269 | ppl 19.28 | num_updates 3402
| epoch 006 | loss 5.508 | nll_loss 3.036 | ppl 8.2 | wps 62477 | ups 4 | wpb 14964.085 | bsz 949.681 | num_updates 4083 | lr 0.000989784 | gnorm 0.285 | clip 1.000 | oom 0.000 | loss_scale 16.000 | wall 995 | train_wall 824
| epoch 006 | valid on 'valid' subset | loss 6.580 | nll_loss 4.123 | ppl 17.42 | num_updates 4083
| epoch 007 | loss 5.409 | nll_loss 2.912 | ppl 7.53 | wps 62130 | ups 4 | wpb 14964.085 | bsz 949.681 | num_updates 4764 | lr 0.000916314 | gnorm 0.256 | clip 1.000 | oom 0.000 | loss_scale 32.000 | wall 1160 | train_wall 961
| epoch 007 | valid on 'valid' subset | loss 6.484 | nll_loss 4.011 | ppl 16.12 | num_updates 4764
| WARNING: overflow detected, setting loss scale to: 16.0
| epoch 008 | loss 5.321 | nll_loss 2.803 | ppl 6.98 | wps 62009 | ups 4 | wpb 14962.874 | bsz 947.090 | num_updates 5444 | lr 0.000857178 | gnorm 0.226 | clip 1.000 | oom 0.000 | loss_scale 16.000 | wall 1325 | train_wall 1098
| epoch 008 | valid on 'valid' subset | loss 6.339 | nll_loss 3.806 | ppl 13.99 | num_updates 5444
| epoch 009 | loss 5.257 | nll_loss 2.723 | ppl 6.6 | wps 62022 | ups 4 | wpb 14964.085 | bsz 949.681 | num_updates 6125 | lr 0.000808122 | gnorm 0.212 | clip 1.000 | oom 0.000 | loss_scale 16.000 | wall 1490 | train_wall 1234
| epoch 009 | valid on 'valid' subset | loss 6.296 | nll_loss 3.730 | ppl 13.27 | num_updates 6125
| epoch 010 | loss 5.207 | nll_loss 2.662 | ppl 6.33 | wps 61681 | ups 4 | wpb 14964.085 | bsz 949.681 | num_updates 6806 | lr 0.000766627 | gnorm 0.201 | clip 1.000 | oom 0.000 | loss_scale 16.000 | wall 1656 | train_wall 1372
| epoch 010 | valid on 'valid' subset | loss 6.222 | nll_loss 3.653 | ppl 12.58 | num_updates 6806
| saved checkpoint ./checkpoints/2020-06-04T19-07-04-00-exp27-bpe7500-si-060120-seed19-nonjoint/checkpoints_si_en/checkpoint10.pt (epoch 10 @ 6806 updates) (writing took 0.8038959503173828 seconds)
| epoch 011 | loss 5.169 | nll_loss 2.614 | ppl 6.12 | wps 62740 | ups 4 | wpb 14964.085 | bsz 949.681 | num_updates 7487 | lr 0.00073093 | gnorm 0.196 | clip 1.000 | oom 0.000 | loss_scale 16.000 | wall 1820 | train_wall 1508
| epoch 011 | valid on 'valid' subset | loss 6.188 | nll_loss 3.609 | ppl 12.2 | num_updates 7487 | best_loss 6.18821
| epoch 012 | loss 5.136 | nll_loss 2.573 | ppl 5.95 | wps 62374 | ups 4 | wpb 14964.085 | bsz 949.681 | num_updates 8168 | lr 0.000699797 | gnorm 0.189 | clip 1.000 | oom 0.000 | loss_scale 16.000 | wall 1985 | train_wall 1645
| epoch 012 | valid on 'valid' subset | loss 6.139 | nll_loss 3.548 | ppl 11.7 | num_updates 8168 | best_loss 6.13856
| epoch 013 | loss 5.107 | nll_loss 2.539 | ppl 5.81 | wps 61579 | ups 4 | wpb 14964.085 | bsz 949.681 | num_updates 8849 | lr 0.000672331 | gnorm 0.184 | clip 1.000 | oom 0.000 | loss_scale 16.000 | wall 2151 | train_wall 1782
| epoch 013 | valid on 'valid' subset | loss 6.100 | nll_loss 3.486 | ppl 11.21 | num_updates 8849 | best_loss 6.10043
| epoch 014 | loss 5.083 | nll_loss 2.509 | ppl 5.69 | wps 61937 | ups 4 | wpb 14964.085 | bsz 949.681 | num_updates 9530 | lr 0.000647864 | gnorm 0.180 | clip 1.000 | oom 0.000 | loss_scale 32.000 | wall 2317 | train_wall 1919
| epoch 014 | valid on 'valid' subset | loss 6.085 | nll_loss 3.468 | ppl 11.07 | num_updates 9530 | best_loss 6.08474
| epoch 015 | loss 5.062 | nll_loss 2.483 | ppl 5.59 | wps 61871 | ups 4 | wpb 14964.085 | bsz 949.681 | num_updates 10211 | lr 0.000625887 | gnorm 0.178 | clip 1.000 | oom 0.000 | loss_scale 32.000 | wall 2482 | train_wall 2056
| epoch 015 | valid on 'valid' subset | loss 6.050 | nll_loss 3.422 | ppl 10.72 | num_updates 10211 | best_loss 6.04978
| WARNING: overflow detected, setting loss scale to: 16.0
| epoch 016 | loss 5.043 | nll_loss 2.460 | ppl 5.5 | wps 62369 | ups 4 | wpb 14964.078 | bsz 948.207 | num_updates 10891 | lr 0.000606033 | gnorm 0.174 | clip 1.000 | oom 0.000 | loss_scale 16.000 | wall 2646 | train_wall 2192
| epoch 016 | valid on 'valid' subset | loss 6.037 | nll_loss 3.411 | ppl 10.64 | num_updates 10891 | best_loss 6.03736
| epoch 017 | loss 5.026 | nll_loss 2.439 | ppl 5.42 | wps 62312 | ups 4 | wpb 14964.085 | bsz 949.681 | num_updates 11572 | lr 0.00058793 | gnorm 0.172 | clip 1.000 | oom 0.000 | loss_scale 16.000 | wall 2811 | train_wall 2329
| epoch 017 | valid on 'valid' subset | loss 6.024 | nll_loss 3.384 | ppl 10.44 | num_updates 11572 | best_loss 6.02376
| epoch 018 | loss 5.011 | nll_loss 2.420 | ppl 5.35 | wps 61916 | ups 4 | wpb 14964.085 | bsz 949.681 | num_updates 12253 | lr 0.000571359 | gnorm 0.170 | clip 1.000 | oom 0.000 | loss_scale 16.000 | wall 2976 | train_wall 2465
| epoch 018 | valid on 'valid' subset | loss 6.008 | nll_loss 3.364 | ppl 10.3 | num_updates 12253 | best_loss 6.00785
| epoch 019 | loss 4.997 | nll_loss 2.403 | ppl 5.29 | wps 62310 | ups 4 | wpb 14964.085 | bsz 949.681 | num_updates 12934 | lr 0.000556114 | gnorm 0.169 | clip 1.000 | oom 0.000 | loss_scale 16.000 | wall 3141 | train_wall 2601
| epoch 019 | valid on 'valid' subset | loss 5.995 | nll_loss 3.367 | ppl 10.31 | num_updates 12934 | best_loss 5.99536
| epoch 020 | loss 4.985 | nll_loss 2.387 | ppl 5.23 | wps 61761 | ups 4 | wpb 14964.085 | bsz 949.681 | num_updates 13615 | lr 0.000542027 | gnorm 0.167 | clip 1.000 | oom 0.000 | loss_scale 16.000 | wall 3307 | train_wall 2738
| epoch 020 | valid on 'valid' subset | loss 5.965 | nll_loss 3.331 | ppl 10.06 | num_updates 13615 | best_loss 5.96507
| saved checkpoint ./checkpoints/2020-06-04T19-07-04-00-exp27-bpe7500-si-060120-seed19-nonjoint/checkpoints_si_en/checkpoint20.pt (epoch 20 @ 13615 updates) (writing took 1.0940983295440674 seconds)
| epoch 021 | loss 4.974 | nll_loss 2.374 | ppl 5.18 | wps 63062 | ups 4 | wpb 14964.085 | bsz 949.681 | num_updates 14296 | lr 0.00052896 | gnorm 0.167 | clip 1.000 | oom 0.000 | loss_scale 16.000 | wall 3470 | train_wall 2874
| epoch 021 | valid on 'valid' subset | loss 5.955 | nll_loss 3.305 | ppl 9.88 | num_updates 14296 | best_loss 5.95487
| epoch 022 | loss 4.962 | nll_loss 2.360 | ppl 5.13 | wps 62554 | ups 4 | wpb 14964.085 | bsz 949.681 | num_updates 14977 | lr 0.000516794 | gnorm 0.165 | clip 1.000 | oom 0.000 | loss_scale 32.000 | wall 3634 | train_wall 3010
| epoch 022 | valid on 'valid' subset | loss 5.927 | nll_loss 3.276 | ppl 9.68 | num_updates 14977 | best_loss 5.92703
| epoch 023 | loss 4.954 | nll_loss 2.350 | ppl 5.1 | wps 62053 | ups 4 | wpb 14964.085 | bsz 949.681 | num_updates 15658 | lr 0.000505431 | gnorm 0.167 | clip 1.000 | oom 0.000 | loss_scale 32.000 | wall 3799 | train_wall 3147
| epoch 023 | valid on 'valid' subset | loss 5.920 | nll_loss 3.265 | ppl 9.61 | num_updates 15658 | best_loss 5.91958
| epoch 024 | loss 4.943 | nll_loss 2.336 | ppl 5.05 | wps 62280 | ups 4 | wpb 14964.085 | bsz 949.681 | num_updates 16339 | lr 0.000494786 | gnorm 0.163 | clip 1.000 | oom 0.000 | loss_scale 32.000 | wall 3964 | train_wall 3284
| epoch 024 | valid on 'valid' subset | loss 5.901 | nll_loss 3.249 | ppl 9.51 | num_updates 16339 | best_loss 5.90097
| epoch 025 | loss 4.936 | nll_loss 2.327 | ppl 5.02 | wps 62131 | ups 4 | wpb 14964.085 | bsz 949.681 | num_updates 17020 | lr 0.000484786 | gnorm 0.164 | clip 1.000 | oom 0.000 | loss_scale 32.000 | wall 4129 | train_wall 3421
| epoch 025 | valid on 'valid' subset | loss 5.916 | nll_loss 3.259 | ppl 9.58 | num_updates 17020 | best_loss 5.91559
| epoch 026 | loss 4.927 | nll_loss 2.316 | ppl 4.98 | wps 63055 | ups 4 | wpb 14964.085 | bsz 949.681 | num_updates 17701 | lr 0.000475369 | gnorm 0.163 | clip 1.000 | oom 0.000 | loss_scale 32.000 | wall 4291 | train_wall 3556
| epoch 026 | valid on 'valid' subset | loss 5.910 | nll_loss 3.255 | ppl 9.55 | num_updates 17701 | best_loss 5.91014
| epoch 027 | loss 4.920 | nll_loss 2.307 | ppl 4.95 | wps 61946 | ups 4 | wpb 14964.085 | bsz 949.681 | num_updates 18382 | lr 0.000466481 | gnorm 0.163 | clip 1.000 | oom 0.000 | loss_scale 32.000 | wall 4457 | train_wall 3693
| epoch 027 | valid on 'valid' subset | loss 5.894 | nll_loss 3.229 | ppl 9.38 | num_updates 18382 | best_loss 5.89357
| epoch 028 | loss 4.913 | nll_loss 2.299 | ppl 4.92 | wps 62799 | ups 4 | wpb 14964.085 | bsz 949.681 | num_updates 19063 | lr 0.000458073 | gnorm 0.163 | clip 1.000 | oom 0.000 | loss_scale 64.000 | wall 4620 | train_wall 3829
| epoch 028 | valid on 'valid' subset | loss 5.873 | nll_loss 3.208 | ppl 9.24 | num_updates 19063 | best_loss 5.8729
| WARNING: overflow detected, setting loss scale to: 32.0
| epoch 029 | loss 4.906 | nll_loss 2.291 | ppl 4.89 | wps 61856 | ups 4 | wpb 14964.826 | bsz 947.678 | num_updates 19743 | lr 0.000450115 | gnorm 0.162 | clip 1.000 | oom 0.000 | loss_scale 32.000 | wall 4786 | train_wall 3966
| epoch 029 | valid on 'valid' subset | loss 5.890 | nll_loss 3.236 | ppl 9.42 | num_updates 19743 | best_loss 5.89025
| epoch 030 | loss 4.899 | nll_loss 2.282 | ppl 4.86 | wps 62462 | ups 4 | wpb 14964.085 | bsz 949.681 | num_updates 20424 | lr 0.000442547 | gnorm 0.161 | clip 1.000 | oom 0.000 | loss_scale 32.000 | wall 4950 | train_wall 4102
| epoch 030 | valid on 'valid' subset | loss 5.856 | nll_loss 3.188 | ppl 9.12 | num_updates 20424 | best_loss 5.85555
| saved checkpoint ./checkpoints/2020-06-04T19-07-04-00-exp27-bpe7500-si-060120-seed19-nonjoint/checkpoints_si_en/checkpoint30.pt (epoch 30 @ 20424 updates) (writing took 1.0860671997070312 seconds)
| epoch 031 | loss 4.893 | nll_loss 2.274 | ppl 4.84 | wps 62031 | ups 4 | wpb 14964.085 | bsz 949.681 | num_updates 21105 | lr 0.000435349 | gnorm 0.161 | clip 1.000 | oom 0.000 | loss_scale 32.000 | wall 5116 | train_wall 4239
| epoch 031 | valid on 'valid' subset | loss 5.859 | nll_loss 3.193 | ppl 9.15 | num_updates 21105 | best_loss 5.85555
| epoch 032 | loss 4.887 | nll_loss 2.267 | ppl 4.81 | wps 62477 | ups 4 | wpb 14964.085 | bsz 949.681 | num_updates 21786 | lr 0.000428491 | gnorm 0.160 | clip 1.000 | oom 0.000 | loss_scale 32.000 | wall 5280 | train_wall 4375
| epoch 032 | valid on 'valid' subset | loss 5.845 | nll_loss 3.173 | ppl 9.02 | num_updates 21786 | best_loss 5.84538
| epoch 033 | loss 4.882 | nll_loss 2.260 | ppl 4.79 | wps 62305 | ups 4 | wpb 14964.085 | bsz 949.681 | num_updates 22467 | lr 0.000421947 | gnorm 0.161 | clip 1.000 | oom 0.000 | loss_scale 32.000 | wall 5445 | train_wall 4512
| epoch 033 | valid on 'valid' subset | loss 5.838 | nll_loss 3.174 | ppl 9.03 | num_updates 22467 | best_loss 5.8375
| epoch 034 | loss 4.876 | nll_loss 2.254 | ppl 4.77 | wps 62052 | ups 4 | wpb 14964.085 | bsz 949.681 | num_updates 23148 | lr 0.000415694 | gnorm 0.161 | clip 1.000 | oom 0.000 | loss_scale 32.000 | wall 5610 | train_wall 4649
| epoch 034 | valid on 'valid' subset | loss 5.852 | nll_loss 3.181 | ppl 9.07 | num_updates 23148 | best_loss 5.85165
| epoch 035 | loss 4.871 | nll_loss 2.248 | ppl 4.75 | wps 62118 | ups 4 | wpb 14964.085 | bsz 949.681 | num_updates 23829 | lr 0.00040971 | gnorm 0.159 | clip 1.000 | oom 0.000 | loss_scale 64.000 | wall 5775 | train_wall 4786
| epoch 035 | valid on 'valid' subset | loss 5.838 | nll_loss 3.165 | ppl 8.97 | num_updates 23829 | best_loss 5.83784
| WARNING: overflow detected, setting loss scale to: 32.0
| epoch 036 | loss 4.867 | nll_loss 2.242 | ppl 4.73 | wps 61759 | ups 4 | wpb 14969.072 | bsz 948.431 | num_updates 24509 | lr 0.000403987 | gnorm 0.160 | clip 1.000 | oom 0.000 | loss_scale 32.000 | wall 5941 | train_wall 4924
| epoch 036 | valid on 'valid' subset | loss 5.839 | nll_loss 3.167 | ppl 8.98 | num_updates 24509 | best_loss 5.83939
| epoch 037 | loss 4.862 | nll_loss 2.236 | ppl 4.71 | wps 62269 | ups 4 | wpb 14964.085 | bsz 949.681 | num_updates 25190 | lr 0.000398489 | gnorm 0.161 | clip 1.000 | oom 0.000 | loss_scale 32.000 | wall 6105 | train_wall 5061
| epoch 037 | valid on 'valid' subset | loss 5.816 | nll_loss 3.141 | ppl 8.82 | num_updates 25190 | best_loss 5.81619
| epoch 038 | loss 4.858 | nll_loss 2.231 | ppl 4.7 | wps 61599 | ups 4 | wpb 14964.085 | bsz 949.681 | num_updates 25871 | lr 0.000393209 | gnorm 0.162 | clip 1.000 | oom 0.000 | loss_scale 32.000 | wall 6272 | train_wall 5198
| epoch 038 | valid on 'valid' subset | loss 5.816 | nll_loss 3.135 | ppl 8.79 | num_updates 25871 | best_loss 5.81551
| epoch 039 | loss 4.853 | nll_loss 2.225 | ppl 4.68 | wps 62469 | ups 4 | wpb 14964.085 | bsz 949.681 | num_updates 26552 | lr 0.000388134 | gnorm 0.160 | clip 1.000 | oom 0.000 | loss_scale 32.000 | wall 6436 | train_wall 5334
| epoch 039 | valid on 'valid' subset | loss 5.810 | nll_loss 3.140 | ppl 8.82 | num_updates 26552 | best_loss 5.81001
| epoch 040 | loss 4.849 | nll_loss 2.220 | ppl 4.66 | wps 62256 | ups 4 | wpb 14964.085 | bsz 949.681 | num_updates 27233 | lr 0.00038325 | gnorm 0.159 | clip 1.000 | oom 0.000 | loss_scale 32.000 | wall 6600 | train_wall 5471
| epoch 040 | valid on 'valid' subset | loss 5.802 | nll_loss 3.125 | ppl 8.72 | num_updates 27233 | best_loss 5.80238
| saved checkpoint ./checkpoints/2020-06-04T19-07-04-00-exp27-bpe7500-si-060120-seed19-nonjoint/checkpoints_si_en/checkpoint40.pt (epoch 40 @ 27233 updates) (writing took 1.0862536430358887 seconds)
| epoch 041 | loss 4.845 | nll_loss 2.215 | ppl 4.64 | wps 62662 | ups 4 | wpb 14964.085 | bsz 949.681 | num_updates 27914 | lr 0.000378546 | gnorm 0.159 | clip 1.000 | oom 0.000 | loss_scale 32.000 | wall 6765 | train_wall 5606
| epoch 041 | valid on 'valid' subset | loss 5.800 | nll_loss 3.123 | ppl 8.71 | num_updates 27914 | best_loss 5.8002
| epoch 042 | loss 4.841 | nll_loss 2.210 | ppl 4.63 | wps 62454 | ups 4 | wpb 14964.085 | bsz 949.681 | num_updates 28595 | lr 0.000374011 | gnorm 0.160 | clip 1.000 | oom 0.000 | loss_scale 64.000 | wall 6929 | train_wall 5743
| epoch 042 | valid on 'valid' subset | loss 5.796 | nll_loss 3.115 | ppl 8.66 | num_updates 28595 | best_loss 5.79646
| WARNING: overflow detected, setting loss scale to: 32.0
| epoch 043 | loss 4.837 | nll_loss 2.206 | ppl 4.61 | wps 61561 | ups 4 | wpb 14963.960 | bsz 947.960 | num_updates 29275 | lr 0.000369642 | gnorm 0.159 | clip 1.000 | oom 0.000 | loss_scale 32.000 | wall 7095 | train_wall 5881
| epoch 043 | valid on 'valid' subset | loss 5.796 | nll_loss 3.114 | ppl 8.66 | num_updates 29275 | best_loss 5.79592
| epoch 044 | loss 4.834 | nll_loss 2.202 | ppl 4.6 | wps 61805 | ups 4 | wpb 14964.085 | bsz 949.681 | num_updates 29956 | lr 0.000365416 | gnorm 0.159 | clip 1.000 | oom 0.000 | loss_scale 32.000 | wall 7261 | train_wall 6018
| epoch 044 | valid on 'valid' subset | loss 5.791 | nll_loss 3.107 | ppl 8.62 | num_updates 29956 | best_loss 5.79067
| epoch 045 | loss 4.831 | nll_loss 2.198 | ppl 4.59 | wps 62498 | ups 4 | wpb 14964.085 | bsz 949.681 | num_updates 30637 | lr 0.000361332 | gnorm 0.161 | clip 1.000 | oom 0.000 | loss_scale 32.000 | wall 7425 | train_wall 6154
| epoch 045 | valid on 'valid' subset | loss 5.786 | nll_loss 3.102 | ppl 8.59 | num_updates 30637 | best_loss 5.7861
| epoch 046 | loss 4.827 | nll_loss 2.193 | ppl 4.57 | wps 61946 | ups 4 | wpb 14964.085 | bsz 949.681 | num_updates 31318 | lr 0.000357382 | gnorm 0.158 | clip 0.999 | oom 0.000 | loss_scale 32.000 | wall 7591 | train_wall 6291
| epoch 046 | valid on 'valid' subset | loss 5.776 | nll_loss 3.088 | ppl 8.5 | num_updates 31318 | best_loss 5.7759
| epoch 047 | loss 4.823 | nll_loss 2.189 | ppl 4.56 | wps 62363 | ups 4 | wpb 14964.085 | bsz 949.681 | num_updates 31999 | lr 0.000353559 | gnorm 0.160 | clip 1.000 | oom 0.000 | loss_scale 32.000 | wall 7755 | train_wall 6428
| epoch 047 | valid on 'valid' subset | loss 5.777 | nll_loss 3.097 | ppl 8.56 | num_updates 31999 | best_loss 5.77747
| epoch 048 | loss 4.820 | nll_loss 2.185 | ppl 4.55 | wps 62144 | ups 4 | wpb 14964.085 | bsz 949.681 | num_updates 32680 | lr 0.000349856 | gnorm 0.160 | clip 1.000 | oom 0.000 | loss_scale 32.000 | wall 7920 | train_wall 6565
| epoch 048 | valid on 'valid' subset | loss 5.788 | nll_loss 3.099 | ppl 8.57 | num_updates 32680 | best_loss 5.78776
| epoch 049 | loss 4.818 | nll_loss 2.182 | ppl 4.54 | wps 62266 | ups 4 | wpb 14964.085 | bsz 949.681 | num_updates 33361 | lr 0.000346266 | gnorm 0.159 | clip 1.000 | oom 0.000 | loss_scale 64.000 | wall 8085 | train_wall 6702
| epoch 049 | valid on 'valid' subset | loss 5.781 | nll_loss 3.096 | ppl 8.55 | num_updates 33361 | best_loss 5.78099
| epoch 050 | loss 4.815 | nll_loss 2.178 | ppl 4.53 | wps 62428 | ups 4 | wpb 14964.085 | bsz 949.681 | num_updates 34042 | lr 0.000342786 | gnorm 0.160 | clip 1.000 | oom 0.000 | loss_scale 64.000 | wall 8249 | train_wall 6838
| epoch 050 | valid on 'valid' subset | loss 5.787 | nll_loss 3.101 | ppl 8.58 | num_updates 34042 | best_loss 5.78696
| saved checkpoint ./checkpoints/2020-06-04T19-07-04-00-exp27-bpe7500-si-060120-seed19-nonjoint/checkpoints_si_en/checkpoint50.pt (epoch 50 @ 34042 updates) (writing took 1.0819628238677979 seconds)
| epoch 051 | loss 4.812 | nll_loss 2.175 | ppl 4.52 | wps 62604 | ups 4 | wpb 14964.085 | bsz 949.681 | num_updates 34723 | lr 0.000339407 | gnorm 0.160 | clip 1.000 | oom 0.000 | loss_scale 64.000 | wall 8414 | train_wall 6974
| epoch 051 | valid on 'valid' subset | loss 5.774 | nll_loss 3.089 | ppl 8.51 | num_updates 34723 | best_loss 5.77357
| WARNING: overflow detected, setting loss scale to: 32.0
| epoch 052 | loss 4.808 | nll_loss 2.170 | ppl 4.5 | wps 61993 | ups 4 | wpb 14968.584 | bsz 948.243 | num_updates 35403 | lr 0.000336132 | gnorm 0.159 | clip 1.000 | oom 0.000 | loss_scale 32.000 | wall 8579 | train_wall 7111
| epoch 052 | valid on 'valid' subset | loss 5.786 | nll_loss 3.107 | ppl 8.62 | num_updates 35403 | best_loss 5.78612
| epoch 053 | loss 4.806 | nll_loss 2.168 | ppl 4.49 | wps 62447 | ups 4 | wpb 14964.085 | bsz 949.681 | num_updates 36084 | lr 0.000332945 | gnorm 0.160 | clip 1.000 | oom 0.000 | loss_scale 32.000 | wall 8743 | train_wall 7247
| epoch 053 | valid on 'valid' subset | loss 5.747 | nll_loss 3.057 | ppl 8.32 | num_updates 36084 | best_loss 5.74707
| epoch 054 | loss 4.804 | nll_loss 2.165 | ppl 4.48 | wps 62224 | ups 4 | wpb 14964.085 | bsz 949.681 | num_updates 36765 | lr 0.000329847 | gnorm 0.160 | clip 1.000 | oom 0.000 | loss_scale 32.000 | wall 8907 | train_wall 7383
| epoch 054 | valid on 'valid' subset | loss 5.765 | nll_loss 3.072 | ppl 8.41 | num_updates 36765 | best_loss 5.76479
| epoch 055 | loss 4.801 | nll_loss 2.161 | ppl 4.47 | wps 62251 | ups 4 | wpb 14964.085 | bsz 949.681 | num_updates 37446 | lr 0.000326834 | gnorm 0.160 | clip 1.000 | oom 0.000 | loss_scale 32.000 | wall 9072 | train_wall 7520
| epoch 055 | valid on 'valid' subset | loss 5.758 | nll_loss 3.066 | ppl 8.37 | num_updates 37446 | best_loss 5.75761
| epoch 056 | loss 4.798 | nll_loss 2.158 | ppl 4.46 | wps 62302 | ups 4 | wpb 14964.085 | bsz 949.681 | num_updates 38127 | lr 0.000323902 | gnorm 0.159 | clip 1.000 | oom 0.000 | loss_scale 32.000 | wall 9237 | train_wall 7657
| epoch 056 | valid on 'valid' subset | loss 5.752 | nll_loss 3.061 | ppl 8.34 | num_updates 38127 | best_loss 5.75152
| epoch 057 | loss 4.796 | nll_loss 2.155 | ppl 4.45 | wps 62245 | ups 4 | wpb 14964.085 | bsz 949.681 | num_updates 38808 | lr 0.000321048 | gnorm 0.161 | clip 1.000 | oom 0.000 | loss_scale 32.000 | wall 9401 | train_wall 7794
| epoch 057 | valid on 'valid' subset | loss 5.763 | nll_loss 3.074 | ppl 8.42 | num_updates 38808 | best_loss 5.76276
| epoch 058 | loss 4.793 | nll_loss 2.152 | ppl 4.44 | wps 61555 | ups 4 | wpb 14964.085 | bsz 949.681 | num_updates 39489 | lr 0.000318267 | gnorm 0.159 | clip 1.000 | oom 0.000 | loss_scale 64.000 | wall 9568 | train_wall 7931
| epoch 058 | valid on 'valid' subset | loss 5.736 | nll_loss 3.044 | ppl 8.25 | num_updates 39489 | best_loss 5.73593
| WARNING: overflow detected, setting loss scale to: 32.0
| epoch 059 | loss 4.791 | nll_loss 2.149 | ppl 4.43 | wps 62363 | ups 4 | wpb 14965.274 | bsz 949.878 | num_updates 40169 | lr 0.000315562 | gnorm 0.161 | clip 1.000 | oom 0.000 | loss_scale 32.000 | wall 9732 | train_wall 8067
| epoch 059 | valid on 'valid' subset | loss 5.735 | nll_loss 3.045 | ppl 8.25 | num_updates 40169 | best_loss 5.73474
| epoch 060 | loss 4.789 | nll_loss 2.147 | ppl 4.43 | wps 62404 | ups 4 | wpb 14964.085 | bsz 949.681 | num_updates 40850 | lr 0.00031292 | gnorm 0.161 | clip 1.000 | oom 0.000 | loss_scale 32.000 | wall 9896 | train_wall 8204
| epoch 060 | valid on 'valid' subset | loss 5.740 | nll_loss 3.045 | ppl 8.26 | num_updates 40850 | best_loss 5.73989
| saved checkpoint ./checkpoints/2020-06-04T19-07-04-00-exp27-bpe7500-si-060120-seed19-nonjoint/checkpoints_si_en/checkpoint60.pt (epoch 60 @ 40850 updates) (writing took 1.0898139476776123 seconds)
| epoch 061 | loss 4.786 | nll_loss 2.143 | ppl 4.42 | wps 62014 | ups 4 | wpb 14964.085 | bsz 949.681 | num_updates 41531 | lr 0.000310344 | gnorm 0.159 | clip 1.000 | oom 0.000 | loss_scale 32.000 | wall 10063 | train_wall 8341
| epoch 061 | valid on 'valid' subset | loss 5.750 | nll_loss 3.058 | ppl 8.33 | num_updates 41531 | best_loss 5.73989
| epoch 062 | loss 4.785 | nll_loss 2.141 | ppl 4.41 | wps 62300 | ups 4 | wpb 14964.085 | bsz 949.681 | num_updates 42212 | lr 0.000307831 | gnorm 0.161 | clip 1.000 | oom 0.000 | loss_scale 32.000 | wall 10227 | train_wall 8478
| epoch 062 | valid on 'valid' subset | loss 5.746 | nll_loss 3.052 | ppl 8.29 | num_updates 42212 | best_loss 5.73989
| epoch 063 | loss 4.782 | nll_loss 2.138 | ppl 4.4 | wps 61766 | ups 4 | wpb 14964.085 | bsz 949.681 | num_updates 42893 | lr 0.000305377 | gnorm 0.159 | clip 1.000 | oom 0.000 | loss_scale 32.000 | wall 10393 | train_wall 8615
| epoch 063 | valid on 'valid' subset | loss 5.728 | nll_loss 3.035 | ppl 8.19 | num_updates 42893 | best_loss 5.72824
| epoch 064 | loss 4.780 | nll_loss 2.135 | ppl 4.39 | wps 62397 | ups 4 | wpb 14964.085 | bsz 949.681 | num_updates 43574 | lr 0.000302982 | gnorm 0.160 | clip 1.000 | oom 0.000 | loss_scale 32.000 | wall 10557 | train_wall 8751
| epoch 064 | valid on 'valid' subset | loss 5.748 | nll_loss 3.058 | ppl 8.33 | num_updates 43574 | best_loss 5.73989
| WARNING: overflow detected, setting loss scale to: 32.0
| epoch 065 | loss 4.778 | nll_loss 2.133 | ppl 4.39 | wps 61924 | ups 4 | wpb 14964.919 | bsz 948.549 | num_updates 44254 | lr 0.000300645 | gnorm 0.161 | clip 1.000 | oom 0.000 | loss_scale 32.000 | wall 10723 | train_wall 8888
| epoch 065 | valid on 'valid' subset | loss 5.741 | nll_loss 3.056 | ppl 8.32 | num_updates 44254 | best_loss 5.73989
| epoch 066 | loss 4.777 | nll_loss 2.131 | ppl 4.38 | wps 62068 | ups 4 | wpb 14964.085 | bsz 949.681 | num_updates 44935 | lr 0.000298358 | gnorm 0.160 | clip 1.000 | oom 0.000 | loss_scale 32.000 | wall 10888 | train_wall 9025
| epoch 066 | valid on 'valid' subset | loss 5.734 | nll_loss 3.041 | ppl 8.23 | num_updates 44935 | best_loss 5.73411
| epoch 067 | loss 4.775 | nll_loss 2.129 | ppl 4.38 | wps 62641 | ups 4 | wpb 14964.085 | bsz 949.681 | num_updates 45616 | lr 0.000296122 | gnorm 0.161 | clip 1.000 | oom 0.000 | loss_scale 32.000 | wall 11051 | train_wall 9160
| epoch 067 | valid on 'valid' subset | loss 5.732 | nll_loss 3.041 | ppl 8.23 | num_updates 45616 | best_loss 5.73204
| epoch 068 | loss 4.772 | nll_loss 2.126 | ppl 4.37 | wps 62240 | ups 4 | wpb 14964.085 | bsz 949.681 | num_updates 46297 | lr 0.000293937 | gnorm 0.160 | clip 1.000 | oom 0.000 | loss_scale 32.000 | wall 11216 | train_wall 9297
| epoch 068 | valid on 'valid' subset | loss 5.723 | nll_loss 3.026 | ppl 8.15 | num_updates 46297 | best_loss 5.723
| epoch 069 | loss 4.771 | nll_loss 2.124 | ppl 4.36 | wps 62682 | ups 4 | wpb 14964.085 | bsz 949.681 | num_updates 46978 | lr 0.000291798 | gnorm 0.161 | clip 1.000 | oom 0.000 | loss_scale 32.000 | wall 11380 | train_wall 9433
| epoch 069 | valid on 'valid' subset | loss 5.721 | nll_loss 3.023 | ppl 8.13 | num_updates 46978 | best_loss 5.72087
| epoch 070 | loss 4.769 | nll_loss 2.122 | ppl 4.35 | wps 61831 | ups 4 | wpb 14964.085 | bsz 949.681 | num_updates 47659 | lr 0.000289706 | gnorm 0.161 | clip 1.000 | oom 0.000 | loss_scale 32.000 | wall 11545 | train_wall 9571
| epoch 070 | valid on 'valid' subset | loss 5.707 | nll_loss 3.008 | ppl 8.04 | num_updates 47659 | best_loss 5.70729
| saved checkpoint ./checkpoints/2020-06-04T19-07-04-00-exp27-bpe7500-si-060120-seed19-nonjoint/checkpoints_si_en/checkpoint70.pt (epoch 70 @ 47659 updates) (writing took 1.1039247512817383 seconds)
| epoch 071 | loss 4.767 | nll_loss 2.120 | ppl 4.35 | wps 62635 | ups 4 | wpb 14964.085 | bsz 949.681 | num_updates 48340 | lr 0.000287658 | gnorm 0.161 | clip 1.000 | oom 0.000 | loss_scale 64.000 | wall 11710 | train_wall 9707
| epoch 071 | valid on 'valid' subset | loss 5.721 | nll_loss 3.022 | ppl 8.12 | num_updates 48340 | best_loss 5.70729
| WARNING: overflow detected, setting loss scale to: 32.0
| epoch 072 | loss 4.764 | nll_loss 2.116 | ppl 4.33 | wps 62551 | ups 4 | wpb 14963.399 | bsz 950.149 | num_updates 49020 | lr 0.000285656 | gnorm 0.160 | clip 1.000 | oom 0.000 | loss_scale 32.000 | wall 11874 | train_wall 9842
| epoch 072 | valid on 'valid' subset | loss 5.722 | nll_loss 3.026 | ppl 8.15 | num_updates 49020 | best_loss 5.70729
| epoch 073 | loss 4.764 | nll_loss 2.115 | ppl 4.33 | wps 62029 | ups 4 | wpb 14964.085 | bsz 949.681 | num_updates 49701 | lr 0.000283692 | gnorm 0.161 | clip 1.000 | oom 0.000 | loss_scale 32.000 | wall 12039 | train_wall 9979
| epoch 073 | valid on 'valid' subset | loss 5.731 | nll_loss 3.038 | ppl 8.21 | num_updates 49701 | best_loss 5.70729
| epoch 074 | loss 4.762 | nll_loss 2.113 | ppl 4.33 | wps 62118 | ups 4 | wpb 14964.085 | bsz 949.681 | num_updates 50382 | lr 0.000281768 | gnorm 0.161 | clip 1.000 | oom 0.000 | loss_scale 32.000 | wall 12204 | train_wall 10116
| epoch 074 | valid on 'valid' subset | loss 5.718 | nll_loss 3.019 | ppl 8.11 | num_updates 50382 | best_loss 5.70729
| epoch 075 | loss 4.760 | nll_loss 2.111 | ppl 4.32 | wps 62224 | ups 4 | wpb 14964.085 | bsz 949.681 | num_updates 51063 | lr 0.000279883 | gnorm 0.162 | clip 1.000 | oom 0.000 | loss_scale 32.000 | wall 12369 | train_wall 10253
| epoch 075 | valid on 'valid' subset | loss 5.708 | nll_loss 3.004 | ppl 8.02 | num_updates 51063 | best_loss 5.70729
| epoch 076 | loss 4.758 | nll_loss 2.109 | ppl 4.31 | wps 62350 | ups 4 | wpb 14964.085 | bsz 949.681 | num_updates 51744 | lr 0.000278035 | gnorm 0.162 | clip 1.000 | oom 0.000 | loss_scale 32.000 | wall 12533 | train_wall 10389
| epoch 076 | valid on 'valid' subset | loss 5.699 | nll_loss 2.998 | ppl 7.99 | num_updates 51744 | best_loss 5.69913
| epoch 077 | loss 4.757 | nll_loss 2.107 | ppl 4.31 | wps 61741 | ups 4 | wpb 14964.085 | bsz 949.681 | num_updates 52425 | lr 0.000276224 | gnorm 0.161 | clip 1.000 | oom 0.000 | loss_scale 32.000 | wall 12699 | train_wall 10526
| epoch 077 | valid on 'valid' subset | loss 5.707 | nll_loss 3.009 | ppl 8.05 | num_updates 52425 | best_loss 5.70654
| epoch 078 | loss 4.755 | nll_loss 2.105 | ppl 4.3 | wps 61645 | ups 4 | wpb 14964.085 | bsz 949.681 | num_updates 53106 | lr 0.000274447 | gnorm 0.160 | clip 1.000 | oom 0.000 | loss_scale 64.000 | wall 12865 | train_wall 10663
| epoch 078 | valid on 'valid' subset | loss 5.714 | nll_loss 3.015 | ppl 8.08 | num_updates 53106 | best_loss 5.70729
| WARNING: overflow detected, setting loss scale to: 32.0
| epoch 079 | loss 4.753 | nll_loss 2.103 | ppl 4.3 | wps 61802 | ups 4 | wpb 14969.660 | bsz 947.996 | num_updates 53786 | lr 0.000272706 | gnorm 0.162 | clip 1.000 | oom 0.000 | loss_scale 32.000 | wall 13031 | train_wall 10801
| epoch 079 | valid on 'valid' subset | loss 5.704 | nll_loss 3.006 | ppl 8.04 | num_updates 53786 | best_loss 5.70365
| epoch 080 | loss 4.752 | nll_loss 2.102 | ppl 4.29 | wps 61930 | ups 4 | wpb 14964.085 | bsz 949.681 | num_updates 54467 | lr 0.000270996 | gnorm 0.162 | clip 1.000 | oom 0.000 | loss_scale 32.000 | wall 13197 | train_wall 10937
| epoch 080 | valid on 'valid' subset | loss 5.717 | nll_loss 3.017 | ppl 8.1 | num_updates 54467 | best_loss 5.70729
| saved checkpoint ./checkpoints/2020-06-04T19-07-04-00-exp27-bpe7500-si-060120-seed19-nonjoint/checkpoints_si_en/checkpoint80.pt (epoch 80 @ 54467 updates) (writing took 0.7004714012145996 seconds)
| epoch 081 | loss 4.750 | nll_loss 2.099 | ppl 4.28 | wps 62369 | ups 4 | wpb 14964.085 | bsz 949.681 | num_updates 55148 | lr 0.000269318 | gnorm 0.161 | clip 1.000 | oom 0.000 | loss_scale 32.000 | wall 13362 | train_wall 11074
| epoch 081 | valid on 'valid' subset | loss 5.721 | nll_loss 3.023 | ppl 8.13 | num_updates 55148 | best_loss 5.70729
| epoch 082 | loss 4.749 | nll_loss 2.097 | ppl 4.28 | wps 62718 | ups 4 | wpb 14964.085 | bsz 949.681 | num_updates 55829 | lr 0.00026767 | gnorm 0.161 | clip 1.000 | oom 0.000 | loss_scale 32.000 | wall 13525 | train_wall 11210
| epoch 082 | valid on 'valid' subset | loss 5.714 | nll_loss 3.010 | ppl 8.06 | num_updates 55829 | best_loss 5.70729
| epoch 083 | loss 4.748 | nll_loss 2.096 | ppl 4.28 | wps 61603 | ups 4 | wpb 14964.085 | bsz 949.681 | num_updates 56510 | lr 0.000266052 | gnorm 0.162 | clip 1.000 | oom 0.000 | loss_scale 32.000 | wall 13691 | train_wall 11347
| epoch 083 | valid on 'valid' subset | loss 5.709 | nll_loss 3.010 | ppl 8.05 | num_updates 56510 | best_loss 5.70729
| epoch 084 | loss 4.746 | nll_loss 2.094 | ppl 4.27 | wps 61963 | ups 4 | wpb 14964.085 | bsz 949.681 | num_updates 57191 | lr 0.000264464 | gnorm 0.161 | clip 1.000 | oom 0.000 | loss_scale 32.000 | wall 13857 | train_wall 11484
| epoch 084 | valid on 'valid' subset | loss 5.702 | nll_loss 3.001 | ppl 8.01 | num_updates 57191 | best_loss 5.70203
| epoch 085 | loss 4.745 | nll_loss 2.092 | ppl 4.26 | wps 61889 | ups 4 | wpb 14964.085 | bsz 949.681 | num_updates 57872 | lr 0.000262903 | gnorm 0.162 | clip 1.000 | oom 0.000 | loss_scale 64.000 | wall 14022 | train_wall 11621
| epoch 085 | valid on 'valid' subset | loss 5.705 | nll_loss 3.005 | ppl 8.03 | num_updates 57872 | best_loss 5.70519
| epoch 086 | loss 4.743 | nll_loss 2.090 | ppl 4.26 | wps 62088 | ups 4 | wpb 14964.085 | bsz 949.681 | num_updates 58553 | lr 0.00026137 | gnorm 0.162 | clip 1.000 | oom 0.000 | loss_scale 64.000 | wall 14187 | train_wall 11758
| epoch 086 | valid on 'valid' subset | loss 5.694 | nll_loss 2.988 | ppl 7.93 | num_updates 58553 | best_loss 5.69358
| WARNING: overflow detected, setting loss scale to: 32.0
| epoch 087 | loss 4.741 | nll_loss 2.088 | ppl 4.25 | wps 62117 | ups 4 | wpb 14963.741 | bsz 949.701 | num_updates 59233 | lr 0.000259865 | gnorm 0.161 | clip 1.000 | oom 0.000 | loss_scale 32.000 | wall 14352 | train_wall 11894
| epoch 087 | valid on 'valid' subset | loss 5.696 | nll_loss 2.996 | ppl 7.98 | num_updates 59233 | best_loss 5.69616
| epoch 088 | loss 4.741 | nll_loss 2.087 | ppl 4.25 | wps 61957 | ups 4 | wpb 14964.085 | bsz 949.681 | num_updates 59914 | lr 0.000258384 | gnorm 0.162 | clip 1.000 | oom 0.000 | loss_scale 32.000 | wall 14518 | train_wall 12031
| epoch 088 | valid on 'valid' subset | loss 5.699 | nll_loss 2.998 | ppl 7.99 | num_updates 59914 | best_loss 5.69925
| epoch 089 | loss 4.739 | nll_loss 2.085 | ppl 4.24 | wps 62462 | ups 4 | wpb 14964.085 | bsz 949.681 | num_updates 60595 | lr 0.000256928 | gnorm 0.163 | clip 1.000 | oom 0.000 | loss_scale 32.000 | wall 14682 | train_wall 12167
| epoch 089 | valid on 'valid' subset | loss 5.710 | nll_loss 3.008 | ppl 8.04 | num_updates 60595 | best_loss 5.70729
| epoch 090 | loss 4.738 | nll_loss 2.084 | ppl 4.24 | wps 62067 | ups 4 | wpb 14964.085 | bsz 949.681 | num_updates 61276 | lr 0.000255496 | gnorm 0.164 | clip 1.000 | oom 0.000 | loss_scale 32.000 | wall 14847 | train_wall 12304
| epoch 090 | valid on 'valid' subset | loss 5.689 | nll_loss 2.984 | ppl 7.91 | num_updates 61276 | best_loss 5.68915
| saved checkpoint ./checkpoints/2020-06-04T19-07-04-00-exp27-bpe7500-si-060120-seed19-nonjoint/checkpoints_si_en/checkpoint90.pt (epoch 90 @ 61276 updates) (writing took 1.0876998901367188 seconds)
| epoch 091 | loss 4.737 | nll_loss 2.083 | ppl 4.24 | wps 61862 | ups 4 | wpb 14964.085 | bsz 949.681 | num_updates 61957 | lr 0.000254088 | gnorm 0.163 | clip 1.000 | oom 0.000 | loss_scale 32.000 | wall 15014 | train_wall 12441
| epoch 091 | valid on 'valid' subset | loss 5.681 | nll_loss 2.977 | ppl 7.87 | num_updates 61957 | best_loss 5.68138
| epoch 092 | loss 4.735 | nll_loss 2.081 | ppl 4.23 | wps 62311 | ups 4 | wpb 14964.085 | bsz 949.681 | num_updates 62638 | lr 0.000252703 | gnorm 0.163 | clip 1.000 | oom 0.000 | loss_scale 32.000 | wall 15178 | train_wall 12578
| epoch 092 | valid on 'valid' subset | loss 5.691 | nll_loss 2.985 | ppl 7.92 | num_updates 62638 | best_loss 5.68915
| WARNING: overflow detected, setting loss scale to: 32.0
| epoch 093 | loss 4.734 | nll_loss 2.079 | ppl 4.23 | wps 62214 | ups 4 | wpb 14964.256 | bsz 950.290 | num_updates 63318 | lr 0.000251343 | gnorm 0.163 | clip 1.000 | oom 0.000 | loss_scale 32.000 | wall 15343 | train_wall 12715
| epoch 093 | valid on 'valid' subset | loss 5.691 | nll_loss 2.982 | ppl 7.9 | num_updates 63318 | best_loss 5.68915
| epoch 094 | loss 4.733 | nll_loss 2.077 | ppl 4.22 | wps 61950 | ups 4 | wpb 14964.085 | bsz 949.681 | num_updates 63999 | lr 0.000250002 | gnorm 0.162 | clip 1.000 | oom 0.000 | loss_scale 32.000 | wall 15508 | train_wall 12851
| epoch 094 | valid on 'valid' subset | loss 5.694 | nll_loss 2.987 | ppl 7.93 | num_updates 63999 | best_loss 5.68915
| epoch 095 | loss 4.732 | nll_loss 2.077 | ppl 4.22 | wps 62337 | ups 4 | wpb 14964.085 | bsz 949.681 | num_updates 64680 | lr 0.000248682 | gnorm 0.164 | clip 1.000 | oom 0.000 | loss_scale 32.000 | wall 15672 | train_wall 12988
| epoch 095 | valid on 'valid' subset | loss 5.693 | nll_loss 2.989 | ppl 7.94 | num_updates 64680 | best_loss 5.68915
| epoch 096 | loss 4.731 | nll_loss 2.075 | ppl 4.21 | wps 62383 | ups 4 | wpb 14964.085 | bsz 949.681 | num_updates 65361 | lr 0.000247383 | gnorm 0.162 | clip 1.000 | oom 0.000 | loss_scale 32.000 | wall 15837 | train_wall 13124
| epoch 096 | valid on 'valid' subset | loss 5.690 | nll_loss 2.984 | ppl 7.91 | num_updates 65361 | best_loss 5.68915
| epoch 097 | loss 4.730 | nll_loss 2.074 | ppl 4.21 | wps 62065 | ups 4 | wpb 14964.085 | bsz 949.681 | num_updates 66042 | lr 0.000246105 | gnorm 0.163 | clip 1.000 | oom 0.000 | loss_scale 32.000 | wall 16002 | train_wall 13261
| epoch 097 | valid on 'valid' subset | loss 5.682 | nll_loss 2.976 | ppl 7.87 | num_updates 66042 | best_loss 5.68176
| epoch 098 | loss 4.728 | nll_loss 2.072 | ppl 4.2 | wps 62194 | ups 4 | wpb 14964.085 | bsz 949.681 | num_updates 66723 | lr 0.000244846 | gnorm 0.164 | clip 1.000 | oom 0.000 | loss_scale 32.000 | wall 16167 | train_wall 13397
| epoch 098 | valid on 'valid' subset | loss 5.684 | nll_loss 2.976 | ppl 7.87 | num_updates 66723 | best_loss 5.68381
| WARNING: overflow detected, setting loss scale to: 32.0
| epoch 099 | loss 4.727 | nll_loss 2.070 | ppl 4.2 | wps 62544 | ups 4 | wpb 14966.079 | bsz 950.090 | num_updates 67403 | lr 0.000243607 | gnorm 0.164 | clip 1.000 | oom 0.000 | loss_scale 32.000 | wall 16330 | train_wall 13533
| epoch 099 | valid on 'valid' subset | loss 5.688 | nll_loss 2.982 | ppl 7.9 | num_updates 67403 | best_loss 5.68809
| epoch 100 | loss 4.726 | nll_loss 2.069 | ppl 4.2 | wps 62107 | ups 4 | wpb 14964.085 | bsz 949.681 | num_updates 68084 | lr 0.000242386 | gnorm 0.165 | clip 1.000 | oom 0.000 | loss_scale 32.000 | wall 16495 | train_wall 13669
| epoch 100 | valid on 'valid' subset | loss 5.683 | nll_loss 2.978 | ppl 7.88 | num_updates 68084 | best_loss 5.68312
| saved checkpoint ./checkpoints/2020-06-04T19-07-04-00-exp27-bpe7500-si-060120-seed19-nonjoint/checkpoints_si_en/checkpoint100.pt (epoch 100 @ 68084 updates) (writing took 1.0966501235961914 seconds)
| done training in 16492.2 seconds
Done training.
Time at end: Thu Jun 4 23:42:50 EDT 2020
