================ FLORES BASELINE WITH CLIP_NORM=0.1, BPE=7500 AND SEED=11  ================
About to train the supervised for the following language pair: SI-EN
CHECKPOINT_DIR is set to './checkpoints/2020-06-01T18-37-04-00-exp27-bpe7500-si-060120-seed11-nonjoint/checkpoints_si_en'
Creating checkpoint directory if it doesn't exist...
Data folder is: data-bin/wiki_si_en_bpe7500_nonjoint/
Beginning training...
Time at beginning: Mon Jun 1 18:37:01 EDT 2020
This is train_fairseq
Namespace(activation_dropout=0.2, activation_fn='relu', adam_betas='(0.9, 0.98)', adam_eps=1e-08, adaptive_input=False, adaptive_softmax_cutoff=None, adaptive_softmax_dropout=0, arch='transformer', attention_dropout=0.2, best_checkpoint_metric='loss', bpe=None, bucket_cap_mb=25, clip_norm=0.1, cpu=False, criterion='label_smoothed_cross_entropy', cross_self_attention=False, curriculum=0, data='data-bin/wiki_si_en_bpe7500_nonjoint/', dataset_impl=None, ddp_backend='c10d', decoder_attention_heads=2, decoder_embed_dim=512, decoder_embed_path=None, decoder_ffn_embed_dim=2048, decoder_input_dim=512, decoder_layerdrop=0, decoder_layers=5, decoder_layers_to_keep=None, decoder_learned_pos=False, decoder_normalize_before=True, decoder_output_dim=512, device_id=0, disable_validation=False, distributed_backend='nccl', distributed_init_method=None, distributed_no_spawn=False, distributed_port=-1, distributed_rank=0, distributed_world_size=1, dropout=0.4, empty_cache_freq=0, encoder_attention_heads=2, encoder_embed_dim=512, encoder_embed_path=None, encoder_ffn_embed_dim=2048, encoder_layerdrop=0, encoder_layers=5, encoder_layers_to_keep=None, encoder_learned_pos=False, encoder_normalize_before=True, fast_stat_sync=False, find_unused_parameters=False, fix_batches_to_gpus=False, fixed_validation_seed=None, fp16=True, fp16_init_scale=128, fp16_scale_tolerance=0.0, fp16_scale_window=None, keep_interval_updates=-1, keep_last_epochs=-1, label_smoothing=0.2, layer_wise_attention=False, layernorm_embedding=False, lazy_load=False, left_pad_source='True', left_pad_target='False', load_alignments=False, log_format=None, log_interval=1000, lr=[0.001], lr_scheduler='inverse_sqrt', max_epoch=100, max_sentences=None, max_sentences_valid=None, max_source_positions=1024, max_target_positions=1024, max_tokens=4000, max_tokens_valid=4000, max_update=0, maximize_best_checkpoint_metric=False, memory_efficient_fp16=False, min_loss_scale=0.0001, min_lr=1e-09, no_cross_attention=False, no_epoch_checkpoints=False, no_last_checkpoints=False, no_progress_bar=False, no_save=False, no_save_optimizer_state=False, no_scale_embedding=False, no_token_positional_embeddings=False, num_workers=1, optimizer='adam', optimizer_overrides='{}', raw_text=False, required_batch_size_multiple=8, reset_dataloader=False, reset_lr_scheduler=False, reset_meters=False, reset_optimizer=False, restore_file='checkpoint_last.pt', save_dir='./checkpoints/2020-06-01T18-37-04-00-exp27-bpe7500-si-060120-seed11-nonjoint/checkpoints_si_en', save_interval=10, save_interval_updates=0, seed=11, sentence_avg=False, share_all_embeddings=True, share_decoder_input_output_embed=False, skip_invalid_size_inputs_valid_test=False, source_lang='si', target_lang='en', task='translation', tensorboard_logdir='', threshold_loss_scale=None, tokenizer=None, train_subset='train', truncate_source=False, update_freq=[4], upsample_primary=1, use_bmuf=False, user_dir=None, valid_subset='valid', validate_interval=1, warmup_init_lr=1e-07, warmup_updates=4000, weight_decay=0.0001)
| [si] dictionary: 7616 types
| [en] dictionary: 7616 types
| loaded 2898 examples from: data-bin/wiki_si_en_bpe7500_nonjoint/valid.si-en.si
| loaded 2898 examples from: data-bin/wiki_si_en_bpe7500_nonjoint/valid.si-en.en
| data-bin/wiki_si_en_bpe7500_nonjoint/ valid si-en 2898 examples
TransformerModel(
  (encoder): TransformerEncoder(
    (embed_tokens): Embedding(7616, 512, padding_idx=1)
    (embed_positions): SinusoidalPositionalEmbedding()
    (layers): ModuleList(
      (0): TransformerEncoderLayer(
        (self_attn): MultiheadAttention(
          (k_proj): Linear(in_features=512, out_features=512, bias=True)
          (v_proj): Linear(in_features=512, out_features=512, bias=True)
          (q_proj): Linear(in_features=512, out_features=512, bias=True)
          (out_proj): Linear(in_features=512, out_features=512, bias=True)
        )
        (self_attn_layer_norm): LayerNorm((512,), eps=1e-05, elementwise_affine=True)
        (fc1): Linear(in_features=512, out_features=2048, bias=True)
        (fc2): Linear(in_features=2048, out_features=512, bias=True)
        (final_layer_norm): LayerNorm((512,), eps=1e-05, elementwise_affine=True)
      )
      (1): TransformerEncoderLayer(
        (self_attn): MultiheadAttention(
          (k_proj): Linear(in_features=512, out_features=512, bias=True)
          (v_proj): Linear(in_features=512, out_features=512, bias=True)
          (q_proj): Linear(in_features=512, out_features=512, bias=True)
          (out_proj): Linear(in_features=512, out_features=512, bias=True)
        )
        (self_attn_layer_norm): LayerNorm((512,), eps=1e-05, elementwise_affine=True)
        (fc1): Linear(in_features=512, out_features=2048, bias=True)
        (fc2): Linear(in_features=2048, out_features=512, bias=True)
        (final_layer_norm): LayerNorm((512,), eps=1e-05, elementwise_affine=True)
      )
      (2): TransformerEncoderLayer(
        (self_attn): MultiheadAttention(
          (k_proj): Linear(in_features=512, out_features=512, bias=True)
          (v_proj): Linear(in_features=512, out_features=512, bias=True)
          (q_proj): Linear(in_features=512, out_features=512, bias=True)
          (out_proj): Linear(in_features=512, out_features=512, bias=True)
        )
        (self_attn_layer_norm): LayerNorm((512,), eps=1e-05, elementwise_affine=True)
        (fc1): Linear(in_features=512, out_features=2048, bias=True)
        (fc2): Linear(in_features=2048, out_features=512, bias=True)
        (final_layer_norm): LayerNorm((512,), eps=1e-05, elementwise_affine=True)
      )
      (3): TransformerEncoderLayer(
        (self_attn): MultiheadAttention(
          (k_proj): Linear(in_features=512, out_features=512, bias=True)
          (v_proj): Linear(in_features=512, out_features=512, bias=True)
          (q_proj): Linear(in_features=512, out_features=512, bias=True)
          (out_proj): Linear(in_features=512, out_features=512, bias=True)
        )
        (self_attn_layer_norm): LayerNorm((512,), eps=1e-05, elementwise_affine=True)
        (fc1): Linear(in_features=512, out_features=2048, bias=True)
        (fc2): Linear(in_features=2048, out_features=512, bias=True)
        (final_layer_norm): LayerNorm((512,), eps=1e-05, elementwise_affine=True)
      )
      (4): TransformerEncoderLayer(
        (self_attn): MultiheadAttention(
          (k_proj): Linear(in_features=512, out_features=512, bias=True)
          (v_proj): Linear(in_features=512, out_features=512, bias=True)
          (q_proj): Linear(in_features=512, out_features=512, bias=True)
          (out_proj): Linear(in_features=512, out_features=512, bias=True)
        )
        (self_attn_layer_norm): LayerNorm((512,), eps=1e-05, elementwise_affine=True)
        (fc1): Linear(in_features=512, out_features=2048, bias=True)
        (fc2): Linear(in_features=2048, out_features=512, bias=True)
        (final_layer_norm): LayerNorm((512,), eps=1e-05, elementwise_affine=True)
      )
    )
    (layer_norm): LayerNorm((512,), eps=1e-05, elementwise_affine=True)
  )
  (decoder): TransformerDecoder(
    (embed_tokens): Embedding(7616, 512, padding_idx=1)
    (embed_positions): SinusoidalPositionalEmbedding()
    (layers): ModuleList(
      (0): TransformerDecoderLayer(
        (self_attn): MultiheadAttention(
          (k_proj): Linear(in_features=512, out_features=512, bias=True)
          (v_proj): Linear(in_features=512, out_features=512, bias=True)
          (q_proj): Linear(in_features=512, out_features=512, bias=True)
          (out_proj): Linear(in_features=512, out_features=512, bias=True)
        )
        (self_attn_layer_norm): LayerNorm((512,), eps=1e-05, elementwise_affine=True)
        (encoder_attn): MultiheadAttention(
          (k_proj): Linear(in_features=512, out_features=512, bias=True)
          (v_proj): Linear(in_features=512, out_features=512, bias=True)
          (q_proj): Linear(in_features=512, out_features=512, bias=True)
          (out_proj): Linear(in_features=512, out_features=512, bias=True)
        )
        (encoder_attn_layer_norm): LayerNorm((512,), eps=1e-05, elementwise_affine=True)
        (fc1): Linear(in_features=512, out_features=2048, bias=True)
        (fc2): Linear(in_features=2048, out_features=512, bias=True)
        (final_layer_norm): LayerNorm((512,), eps=1e-05, elementwise_affine=True)
      )
      (1): TransformerDecoderLayer(
        (self_attn): MultiheadAttention(
          (k_proj): Linear(in_features=512, out_features=512, bias=True)
          (v_proj): Linear(in_features=512, out_features=512, bias=True)
          (q_proj): Linear(in_features=512, out_features=512, bias=True)
          (out_proj): Linear(in_features=512, out_features=512, bias=True)
        )
        (self_attn_layer_norm): LayerNorm((512,), eps=1e-05, elementwise_affine=True)
        (encoder_attn): MultiheadAttention(
          (k_proj): Linear(in_features=512, out_features=512, bias=True)
          (v_proj): Linear(in_features=512, out_features=512, bias=True)
          (q_proj): Linear(in_features=512, out_features=512, bias=True)
          (out_proj): Linear(in_features=512, out_features=512, bias=True)
        )
        (encoder_attn_layer_norm): LayerNorm((512,), eps=1e-05, elementwise_affine=True)
        (fc1): Linear(in_features=512, out_features=2048, bias=True)
        (fc2): Linear(in_features=2048, out_features=512, bias=True)
        (final_layer_norm): LayerNorm((512,), eps=1e-05, elementwise_affine=True)
      )
      (2): TransformerDecoderLayer(
        (self_attn): MultiheadAttention(
          (k_proj): Linear(in_features=512, out_features=512, bias=True)
          (v_proj): Linear(in_features=512, out_features=512, bias=True)
          (q_proj): Linear(in_features=512, out_features=512, bias=True)
          (out_proj): Linear(in_features=512, out_features=512, bias=True)
        )
        (self_attn_layer_norm): LayerNorm((512,), eps=1e-05, elementwise_affine=True)
        (encoder_attn): MultiheadAttention(
          (k_proj): Linear(in_features=512, out_features=512, bias=True)
          (v_proj): Linear(in_features=512, out_features=512, bias=True)
          (q_proj): Linear(in_features=512, out_features=512, bias=True)
          (out_proj): Linear(in_features=512, out_features=512, bias=True)
        )
        (encoder_attn_layer_norm): LayerNorm((512,), eps=1e-05, elementwise_affine=True)
        (fc1): Linear(in_features=512, out_features=2048, bias=True)
        (fc2): Linear(in_features=2048, out_features=512, bias=True)
        (final_layer_norm): LayerNorm((512,), eps=1e-05, elementwise_affine=True)
      )
      (3): TransformerDecoderLayer(
        (self_attn): MultiheadAttention(
          (k_proj): Linear(in_features=512, out_features=512, bias=True)
          (v_proj): Linear(in_features=512, out_features=512, bias=True)
          (q_proj): Linear(in_features=512, out_features=512, bias=True)
          (out_proj): Linear(in_features=512, out_features=512, bias=True)
        )
        (self_attn_layer_norm): LayerNorm((512,), eps=1e-05, elementwise_affine=True)
        (encoder_attn): MultiheadAttention(
          (k_proj): Linear(in_features=512, out_features=512, bias=True)
          (v_proj): Linear(in_features=512, out_features=512, bias=True)
          (q_proj): Linear(in_features=512, out_features=512, bias=True)
          (out_proj): Linear(in_features=512, out_features=512, bias=True)
        )
        (encoder_attn_layer_norm): LayerNorm((512,), eps=1e-05, elementwise_affine=True)
        (fc1): Linear(in_features=512, out_features=2048, bias=True)
        (fc2): Linear(in_features=2048, out_features=512, bias=True)
        (final_layer_norm): LayerNorm((512,), eps=1e-05, elementwise_affine=True)
      )
      (4): TransformerDecoderLayer(
        (self_attn): MultiheadAttention(
          (k_proj): Linear(in_features=512, out_features=512, bias=True)
          (v_proj): Linear(in_features=512, out_features=512, bias=True)
          (q_proj): Linear(in_features=512, out_features=512, bias=True)
          (out_proj): Linear(in_features=512, out_features=512, bias=True)
        )
        (self_attn_layer_norm): LayerNorm((512,), eps=1e-05, elementwise_affine=True)
        (encoder_attn): MultiheadAttention(
          (k_proj): Linear(in_features=512, out_features=512, bias=True)
          (v_proj): Linear(in_features=512, out_features=512, bias=True)
          (q_proj): Linear(in_features=512, out_features=512, bias=True)
          (out_proj): Linear(in_features=512, out_features=512, bias=True)
        )
        (encoder_attn_layer_norm): LayerNorm((512,), eps=1e-05, elementwise_affine=True)
        (fc1): Linear(in_features=512, out_features=2048, bias=True)
        (fc2): Linear(in_features=2048, out_features=512, bias=True)
        (final_layer_norm): LayerNorm((512,), eps=1e-05, elementwise_affine=True)
      )
    )
    (layer_norm): LayerNorm((512,), eps=1e-05, elementwise_affine=True)
  )
)
| model transformer, criterion LabelSmoothedCrossEntropyCriterion
| num. model params: 40683520 (num. trained: 40683520)
| training on 1 GPUs
| max tokens per GPU = 4000 and max sentences per GPU = None
| no existing checkpoint found ./checkpoints/2020-06-01T18-37-04-00-exp27-bpe7500-si-060120-seed11-nonjoint/checkpoints_si_en/checkpoint_last.pt
| loading train data for epoch 0
| loaded 646733 examples from: data-bin/wiki_si_en_bpe7500_nonjoint/train.si-en.si
| loaded 646733 examples from: data-bin/wiki_si_en_bpe7500_nonjoint/train.si-en.en
| data-bin/wiki_si_en_bpe7500_nonjoint/ train si-en 646733 examples
| WARNING: overflow detected, setting loss scale to: 64.0
| WARNING: overflow detected, setting loss scale to: 32.0
| WARNING: overflow detected, setting loss scale to: 16.0
| epoch 001 | loss 8.710 | nll_loss 7.179 | ppl 144.93 | wps 58636 | ups 4 | wpb 14960.752 | bsz 947.512 | num_updates 678 | lr 0.000169583 | gnorm 0.761 | clip 1.000 | oom 0.000 | loss_scale 16.000 | wall 173 | train_wall 139
| epoch 001 | valid on 'valid' subset | loss 8.263 | nll_loss 6.456 | ppl 87.77 | num_updates 678
| epoch 002 | loss 6.770 | nll_loss 4.634 | ppl 24.82 | wps 60886 | ups 4 | wpb 14964.085 | bsz 949.681 | num_updates 1359 | lr 0.000339816 | gnorm 0.448 | clip 1.000 | oom 0.000 | loss_scale 16.000 | wall 341 | train_wall 277
| epoch 002 | valid on 'valid' subset | loss 7.642 | nll_loss 5.597 | ppl 48.4 | num_updates 1359
| epoch 003 | loss 6.182 | nll_loss 3.886 | ppl 14.79 | wps 60746 | ups 4 | wpb 14964.085 | bsz 949.681 | num_updates 2040 | lr 0.000510049 | gnorm 0.379 | clip 1.000 | oom 0.000 | loss_scale 16.000 | wall 510 | train_wall 415
| epoch 003 | valid on 'valid' subset | loss 7.182 | nll_loss 4.913 | ppl 30.14 | num_updates 2040
| epoch 004 | loss 5.832 | nll_loss 3.443 | ppl 10.87 | wps 61152 | ups 4 | wpb 14964.085 | bsz 949.681 | num_updates 2721 | lr 0.000680282 | gnorm 0.344 | clip 1.000 | oom 0.000 | loss_scale 16.000 | wall 678 | train_wall 553
| epoch 004 | valid on 'valid' subset | loss 6.882 | nll_loss 4.507 | ppl 22.74 | num_updates 2721
| epoch 005 | loss 5.631 | nll_loss 3.189 | ppl 9.12 | wps 61724 | ups 4 | wpb 14964.085 | bsz 949.681 | num_updates 3402 | lr 0.000850515 | gnorm 0.311 | clip 1.000 | oom 0.000 | loss_scale 16.000 | wall 844 | train_wall 690
| epoch 005 | valid on 'valid' subset | loss 6.702 | nll_loss 4.305 | ppl 19.76 | num_updates 3402
| epoch 006 | loss 5.510 | nll_loss 3.038 | ppl 8.22 | wps 61179 | ups 4 | wpb 14964.085 | bsz 949.681 | num_updates 4083 | lr 0.000989784 | gnorm 0.282 | clip 1.000 | oom 0.000 | loss_scale 16.000 | wall 1011 | train_wall 829
| epoch 006 | valid on 'valid' subset | loss 6.555 | nll_loss 4.076 | ppl 16.87 | num_updates 4083
| WARNING: overflow detected, setting loss scale to: 16.0
| epoch 007 | loss 5.410 | nll_loss 2.913 | ppl 7.53 | wps 60808 | ups 4 | wpb 14966.253 | bsz 947.572 | num_updates 4763 | lr 0.00091641 | gnorm 0.248 | clip 1.000 | oom 0.000 | loss_scale 16.000 | wall 1180 | train_wall 967
| epoch 007 | valid on 'valid' subset | loss 6.472 | nll_loss 3.954 | ppl 15.5 | num_updates 4763
| epoch 008 | loss 5.322 | nll_loss 2.804 | ppl 6.99 | wps 62026 | ups 4 | wpb 14964.085 | bsz 949.681 | num_updates 5444 | lr 0.000857178 | gnorm 0.223 | clip 1.000 | oom 0.000 | loss_scale 16.000 | wall 1345 | train_wall 1104
| epoch 008 | valid on 'valid' subset | loss 6.376 | nll_loss 3.853 | ppl 14.45 | num_updates 5444
| epoch 009 | loss 5.259 | nll_loss 2.726 | ppl 6.62 | wps 61359 | ups 4 | wpb 14964.085 | bsz 949.681 | num_updates 6125 | lr 0.000808122 | gnorm 0.210 | clip 1.000 | oom 0.000 | loss_scale 16.000 | wall 1512 | train_wall 1241
| epoch 009 | valid on 'valid' subset | loss 6.298 | nll_loss 3.754 | ppl 13.49 | num_updates 6125
| epoch 010 | loss 5.209 | nll_loss 2.665 | ppl 6.34 | wps 60700 | ups 4 | wpb 14964.085 | bsz 949.681 | num_updates 6806 | lr 0.000766627 | gnorm 0.200 | clip 1.000 | oom 0.000 | loss_scale 16.000 | wall 1681 | train_wall 1380
| epoch 010 | valid on 'valid' subset | loss 6.231 | nll_loss 3.644 | ppl 12.5 | num_updates 6806
| saved checkpoint ./checkpoints/2020-06-01T18-37-04-00-exp27-bpe7500-si-060120-seed11-nonjoint/checkpoints_si_en/checkpoint10.pt (epoch 10 @ 6806 updates) (writing took 0.7539188861846924 seconds)
| epoch 011 | loss 5.170 | nll_loss 2.616 | ppl 6.13 | wps 61154 | ups 4 | wpb 14964.085 | bsz 949.681 | num_updates 7487 | lr 0.00073093 | gnorm 0.192 | clip 1.000 | oom 0.000 | loss_scale 16.000 | wall 1849 | train_wall 1517
| epoch 011 | valid on 'valid' subset | loss 6.173 | nll_loss 3.591 | ppl 12.05 | num_updates 7487 | best_loss 6.17297
| epoch 012 | loss 5.136 | nll_loss 2.574 | ppl 5.96 | wps 61831 | ups 4 | wpb 14964.085 | bsz 949.681 | num_updates 8168 | lr 0.000699797 | gnorm 0.188 | clip 1.000 | oom 0.000 | loss_scale 16.000 | wall 2015 | train_wall 1654
| epoch 012 | valid on 'valid' subset | loss 6.135 | nll_loss 3.537 | ppl 11.61 | num_updates 8168 | best_loss 6.13483
| epoch 013 | loss 5.108 | nll_loss 2.540 | ppl 5.81 | wps 61179 | ups 4 | wpb 14964.085 | bsz 949.681 | num_updates 8849 | lr 0.000672331 | gnorm 0.182 | clip 1.000 | oom 0.000 | loss_scale 32.000 | wall 2182 | train_wall 1792
| epoch 013 | valid on 'valid' subset | loss 6.123 | nll_loss 3.521 | ppl 11.48 | num_updates 8849 | best_loss 6.12287
| epoch 014 | loss 5.084 | nll_loss 2.509 | ppl 5.69 | wps 61608 | ups 4 | wpb 14964.085 | bsz 949.681 | num_updates 9530 | lr 0.000647864 | gnorm 0.178 | clip 1.000 | oom 0.000 | loss_scale 32.000 | wall 2349 | train_wall 1928
| epoch 014 | valid on 'valid' subset | loss 6.084 | nll_loss 3.470 | ppl 11.08 | num_updates 9530 | best_loss 6.08388
| epoch 015 | loss 5.063 | nll_loss 2.484 | ppl 5.59 | wps 61333 | ups 4 | wpb 14964.085 | bsz 949.681 | num_updates 10211 | lr 0.000625887 | gnorm 0.176 | clip 1.000 | oom 0.000 | loss_scale 32.000 | wall 2516 | train_wall 2065
| epoch 015 | valid on 'valid' subset | loss 6.086 | nll_loss 3.486 | ppl 11.2 | num_updates 10211 | best_loss 6.08608
| WARNING: overflow detected, setting loss scale to: 16.0
| epoch 016 | loss 5.044 | nll_loss 2.461 | ppl 5.5 | wps 61925 | ups 4 | wpb 14964.190 | bsz 948.243 | num_updates 10891 | lr 0.000606033 | gnorm 0.172 | clip 1.000 | oom 0.000 | loss_scale 16.000 | wall 2681 | train_wall 2202
| epoch 016 | valid on 'valid' subset | loss 6.039 | nll_loss 3.416 | ppl 10.67 | num_updates 10891 | best_loss 6.03932
| epoch 017 | loss 5.027 | nll_loss 2.440 | ppl 5.43 | wps 61239 | ups 4 | wpb 14964.085 | bsz 949.681 | num_updates 11572 | lr 0.00058793 | gnorm 0.171 | clip 1.000 | oom 0.000 | loss_scale 16.000 | wall 2848 | train_wall 2339
| epoch 017 | valid on 'valid' subset | loss 6.028 | nll_loss 3.398 | ppl 10.54 | num_updates 11572 | best_loss 6.02817
| epoch 018 | loss 5.012 | nll_loss 2.422 | ppl 5.36 | wps 61228 | ups 4 | wpb 14964.085 | bsz 949.681 | num_updates 12253 | lr 0.000571359 | gnorm 0.169 | clip 1.000 | oom 0.000 | loss_scale 16.000 | wall 3016 | train_wall 2477
| epoch 018 | valid on 'valid' subset | loss 6.009 | nll_loss 3.368 | ppl 10.32 | num_updates 12253 | best_loss 6.00943
| epoch 019 | loss 4.999 | nll_loss 2.405 | ppl 5.3 | wps 61510 | ups 4 | wpb 14964.085 | bsz 949.681 | num_updates 12934 | lr 0.000556114 | gnorm 0.169 | clip 1.000 | oom 0.000 | loss_scale 16.000 | wall 3182 | train_wall 2614
| epoch 019 | valid on 'valid' subset | loss 6.004 | nll_loss 3.364 | ppl 10.29 | num_updates 12934 | best_loss 6.00439
| epoch 020 | loss 4.987 | nll_loss 2.390 | ppl 5.24 | wps 61154 | ups 4 | wpb 14964.085 | bsz 949.681 | num_updates 13615 | lr 0.000542027 | gnorm 0.167 | clip 1.000 | oom 0.000 | loss_scale 16.000 | wall 3350 | train_wall 2751
| epoch 020 | valid on 'valid' subset | loss 5.964 | nll_loss 3.324 | ppl 10.02 | num_updates 13615 | best_loss 5.96434
| saved checkpoint ./checkpoints/2020-06-01T18-37-04-00-exp27-bpe7500-si-060120-seed11-nonjoint/checkpoints_si_en/checkpoint20.pt (epoch 20 @ 13615 updates) (writing took 1.0373203754425049 seconds)
| epoch 021 | loss 4.975 | nll_loss 2.376 | ppl 5.19 | wps 61053 | ups 4 | wpb 14964.085 | bsz 949.681 | num_updates 14296 | lr 0.00052896 | gnorm 0.166 | clip 1.000 | oom 0.000 | loss_scale 16.000 | wall 3519 | train_wall 2888
| epoch 021 | valid on 'valid' subset | loss 5.962 | nll_loss 3.315 | ppl 9.95 | num_updates 14296 | best_loss 5.96223
| epoch 022 | loss 4.964 | nll_loss 2.362 | ppl 5.14 | wps 61176 | ups 4 | wpb 14964.085 | bsz 949.681 | num_updates 14977 | lr 0.000516794 | gnorm 0.165 | clip 1.000 | oom 0.000 | loss_scale 32.000 | wall 3686 | train_wall 3026
| epoch 022 | valid on 'valid' subset | loss 5.949 | nll_loss 3.298 | ppl 9.83 | num_updates 14977 | best_loss 5.94919
| WARNING: overflow detected, setting loss scale to: 16.0
| epoch 023 | loss 4.955 | nll_loss 2.350 | ppl 5.1 | wps 61119 | ups 4 | wpb 14964.135 | bsz 948.043 | num_updates 15657 | lr 0.000505447 | gnorm 0.165 | clip 1.000 | oom 0.000 | loss_scale 16.000 | wall 3854 | train_wall 3163
| epoch 023 | valid on 'valid' subset | loss 5.946 | nll_loss 3.285 | ppl 9.75 | num_updates 15657 | best_loss 5.946
| epoch 024 | loss 4.945 | nll_loss 2.339 | ppl 5.06 | wps 60650 | ups 4 | wpb 14964.085 | bsz 949.681 | num_updates 16338 | lr 0.000494801 | gnorm 0.163 | clip 1.000 | oom 0.000 | loss_scale 16.000 | wall 4023 | train_wall 3302
| epoch 024 | valid on 'valid' subset | loss 5.940 | nll_loss 3.280 | ppl 9.71 | num_updates 16338 | best_loss 5.9404
| epoch 025 | loss 4.936 | nll_loss 2.328 | ppl 5.02 | wps 61600 | ups 4 | wpb 14964.085 | bsz 949.681 | num_updates 17019 | lr 0.0004848 | gnorm 0.163 | clip 1.000 | oom 0.000 | loss_scale 16.000 | wall 4189 | train_wall 3440
| epoch 025 | valid on 'valid' subset | loss 5.928 | nll_loss 3.269 | ppl 9.64 | num_updates 17019 | best_loss 5.92775
| epoch 026 | loss 4.928 | nll_loss 2.317 | ppl 4.98 | wps 61042 | ups 4 | wpb 14964.085 | bsz 949.681 | num_updates 17700 | lr 0.000475383 | gnorm 0.162 | clip 1.000 | oom 0.000 | loss_scale 16.000 | wall 4357 | train_wall 3577
| epoch 026 | valid on 'valid' subset | loss 5.922 | nll_loss 3.264 | ppl 9.61 | num_updates 17700 | best_loss 5.92184
| epoch 027 | loss 4.921 | nll_loss 2.309 | ppl 4.95 | wps 60998 | ups 4 | wpb 14964.085 | bsz 949.681 | num_updates 18381 | lr 0.000466493 | gnorm 0.163 | clip 1.000 | oom 0.000 | loss_scale 16.000 | wall 4525 | train_wall 3715
| epoch 027 | valid on 'valid' subset | loss 5.915 | nll_loss 3.259 | ppl 9.57 | num_updates 18381 | best_loss 5.91455
| epoch 028 | loss 4.913 | nll_loss 2.300 | ppl 4.92 | wps 61435 | ups 4 | wpb 14964.085 | bsz 949.681 | num_updates 19062 | lr 0.000458085 | gnorm 0.161 | clip 1.000 | oom 0.000 | loss_scale 16.000 | wall 4692 | train_wall 3852
| epoch 028 | valid on 'valid' subset | loss 5.898 | nll_loss 3.237 | ppl 9.43 | num_updates 19062 | best_loss 5.89762
| epoch 029 | loss 4.907 | nll_loss 2.292 | ppl 4.9 | wps 61911 | ups 4 | wpb 14964.085 | bsz 949.681 | num_updates 19743 | lr 0.000450115 | gnorm 0.162 | clip 1.000 | oom 0.000 | loss_scale 32.000 | wall 4857 | train_wall 3989
| epoch 029 | valid on 'valid' subset | loss 5.894 | nll_loss 3.226 | ppl 9.35 | num_updates 19743 | best_loss 5.89422
| WARNING: overflow detected, setting loss scale to: 16.0
| epoch 030 | loss 4.900 | nll_loss 2.283 | ppl 4.87 | wps 61850 | ups 4 | wpb 14964.219 | bsz 948.313 | num_updates 20423 | lr 0.000442558 | gnorm 0.161 | clip 1.000 | oom 0.000 | loss_scale 16.000 | wall 5023 | train_wall 4125
| epoch 030 | valid on 'valid' subset | loss 5.869 | nll_loss 3.199 | ppl 9.19 | num_updates 20423 | best_loss 5.86917
| saved checkpoint ./checkpoints/2020-06-01T18-37-04-00-exp27-bpe7500-si-060120-seed11-nonjoint/checkpoints_si_en/checkpoint30.pt (epoch 30 @ 20423 updates) (writing took 1.044349193572998 seconds)
| epoch 031 | loss 4.895 | nll_loss 2.277 | ppl 4.85 | wps 61138 | ups 4 | wpb 14964.085 | bsz 949.681 | num_updates 21104 | lr 0.000435359 | gnorm 0.163 | clip 1.000 | oom 0.000 | loss_scale 16.000 | wall 5192 | train_wall 4263
| epoch 031 | valid on 'valid' subset | loss 5.866 | nll_loss 3.196 | ppl 9.16 | num_updates 21104 | best_loss 5.8659
| epoch 032 | loss 4.888 | nll_loss 2.268 | ppl 4.82 | wps 60767 | ups 4 | wpb 14964.085 | bsz 949.681 | num_updates 21785 | lr 0.0004285 | gnorm 0.160 | clip 1.000 | oom 0.000 | loss_scale 16.000 | wall 5360 | train_wall 4401
| epoch 032 | valid on 'valid' subset | loss 5.866 | nll_loss 3.199 | ppl 9.18 | num_updates 21785 | best_loss 5.86601
| epoch 033 | loss 4.883 | nll_loss 2.262 | ppl 4.8 | wps 60743 | ups 4 | wpb 14964.085 | bsz 949.681 | num_updates 22466 | lr 0.000421956 | gnorm 0.161 | clip 1.000 | oom 0.000 | loss_scale 16.000 | wall 5529 | train_wall 4539
| epoch 033 | valid on 'valid' subset | loss 5.856 | nll_loss 3.187 | ppl 9.11 | num_updates 22466 | best_loss 5.85621
| epoch 034 | loss 4.877 | nll_loss 2.255 | ppl 4.77 | wps 61683 | ups 4 | wpb 14964.085 | bsz 949.681 | num_updates 23147 | lr 0.000415703 | gnorm 0.160 | clip 1.000 | oom 0.000 | loss_scale 16.000 | wall 5695 | train_wall 4676
| epoch 034 | valid on 'valid' subset | loss 5.867 | nll_loss 3.196 | ppl 9.16 | num_updates 23147 | best_loss 5.86731
| epoch 035 | loss 4.872 | nll_loss 2.249 | ppl 4.75 | wps 61507 | ups 4 | wpb 14964.085 | bsz 949.681 | num_updates 23828 | lr 0.000409719 | gnorm 0.161 | clip 1.000 | oom 0.000 | loss_scale 16.000 | wall 5862 | train_wall 4813
| epoch 035 | valid on 'valid' subset | loss 5.865 | nll_loss 3.189 | ppl 9.12 | num_updates 23828 | best_loss 5.86461
| epoch 036 | loss 4.868 | nll_loss 2.243 | ppl 4.74 | wps 61361 | ups 4 | wpb 14964.085 | bsz 949.681 | num_updates 24509 | lr 0.000403987 | gnorm 0.160 | clip 1.000 | oom 0.000 | loss_scale 32.000 | wall 6029 | train_wall 4950
| epoch 036 | valid on 'valid' subset | loss 5.841 | nll_loss 3.168 | ppl 8.99 | num_updates 24509 | best_loss 5.84116
| WARNING: overflow detected, setting loss scale to: 16.0
| epoch 037 | loss 4.863 | nll_loss 2.237 | ppl 4.72 | wps 61604 | ups 4 | wpb 14964.826 | bsz 947.678 | num_updates 25189 | lr 0.000398497 | gnorm 0.159 | clip 1.000 | oom 0.000 | loss_scale 16.000 | wall 6195 | train_wall 5087
| epoch 037 | valid on 'valid' subset | loss 5.849 | nll_loss 3.176 | ppl 9.04 | num_updates 25189 | best_loss 5.8488
| epoch 038 | loss 4.858 | nll_loss 2.232 | ppl 4.7 | wps 61017 | ups 4 | wpb 14964.085 | bsz 949.681 | num_updates 25870 | lr 0.000393217 | gnorm 0.160 | clip 1.000 | oom 0.000 | loss_scale 16.000 | wall 6363 | train_wall 5224
| epoch 038 | valid on 'valid' subset | loss 5.843 | nll_loss 3.167 | ppl 8.98 | num_updates 25870 | best_loss 5.84265
| epoch 039 | loss 4.854 | nll_loss 2.227 | ppl 4.68 | wps 61505 | ups 4 | wpb 14964.085 | bsz 949.681 | num_updates 26551 | lr 0.000388141 | gnorm 0.159 | clip 1.000 | oom 0.000 | loss_scale 16.000 | wall 6529 | train_wall 5361
| epoch 039 | valid on 'valid' subset | loss 5.828 | nll_loss 3.148 | ppl 8.87 | num_updates 26551 | best_loss 5.82788
| epoch 040 | loss 4.850 | nll_loss 2.222 | ppl 4.66 | wps 60788 | ups 4 | wpb 14964.085 | bsz 949.681 | num_updates 27232 | lr 0.000383257 | gnorm 0.159 | clip 1.000 | oom 0.000 | loss_scale 16.000 | wall 6698 | train_wall 5499
| epoch 040 | valid on 'valid' subset | loss 5.823 | nll_loss 3.137 | ppl 8.79 | num_updates 27232 | best_loss 5.82263
| saved checkpoint ./checkpoints/2020-06-01T18-37-04-00-exp27-bpe7500-si-060120-seed11-nonjoint/checkpoints_si_en/checkpoint40.pt (epoch 40 @ 27232 updates) (writing took 1.0482418537139893 seconds)
| epoch 041 | loss 4.845 | nll_loss 2.216 | ppl 4.65 | wps 60885 | ups 4 | wpb 14964.085 | bsz 949.681 | num_updates 27913 | lr 0.000378553 | gnorm 0.159 | clip 0.999 | oom 0.000 | loss_scale 16.000 | wall 6867 | train_wall 5636
| epoch 041 | valid on 'valid' subset | loss 5.818 | nll_loss 3.144 | ppl 8.84 | num_updates 27913 | best_loss 5.8185
| epoch 042 | loss 4.842 | nll_loss 2.212 | ppl 4.63 | wps 60964 | ups 4 | wpb 14964.085 | bsz 949.681 | num_updates 28594 | lr 0.000374018 | gnorm 0.160 | clip 1.000 | oom 0.000 | loss_scale 16.000 | wall 7035 | train_wall 5774
| epoch 042 | valid on 'valid' subset | loss 5.823 | nll_loss 3.143 | ppl 8.84 | num_updates 28594 | best_loss 5.82263
| epoch 043 | loss 4.838 | nll_loss 2.207 | ppl 4.62 | wps 61397 | ups 4 | wpb 14964.085 | bsz 949.681 | num_updates 29275 | lr 0.000369642 | gnorm 0.158 | clip 1.000 | oom 0.000 | loss_scale 32.000 | wall 7202 | train_wall 5911
| epoch 043 | valid on 'valid' subset | loss 5.819 | nll_loss 3.139 | ppl 8.81 | num_updates 29275 | best_loss 5.81931
| WARNING: overflow detected, setting loss scale to: 16.0
| epoch 044 | loss 4.834 | nll_loss 2.202 | ppl 4.6 | wps 61226 | ups 4 | wpb 14969.072 | bsz 948.431 | num_updates 29955 | lr 0.000365423 | gnorm 0.159 | clip 1.000 | oom 0.000 | loss_scale 16.000 | wall 7370 | train_wall 6049
| epoch 044 | valid on 'valid' subset | loss 5.805 | nll_loss 3.120 | ppl 8.69 | num_updates 29955 | best_loss 5.80538
| epoch 045 | loss 4.831 | nll_loss 2.198 | ppl 4.59 | wps 61903 | ups 4 | wpb 14964.085 | bsz 949.681 | num_updates 30636 | lr 0.000361338 | gnorm 0.160 | clip 1.000 | oom 0.000 | loss_scale 16.000 | wall 7535 | train_wall 6186
| epoch 045 | valid on 'valid' subset | loss 5.796 | nll_loss 3.111 | ppl 8.64 | num_updates 30636 | best_loss 5.79557
| epoch 046 | loss 4.829 | nll_loss 2.196 | ppl 4.58 | wps 60530 | ups 4 | wpb 14964.085 | bsz 949.681 | num_updates 31317 | lr 0.000357388 | gnorm 0.161 | clip 1.000 | oom 0.000 | loss_scale 16.000 | wall 7705 | train_wall 6325
| epoch 046 | valid on 'valid' subset | loss 5.794 | nll_loss 3.103 | ppl 8.59 | num_updates 31317 | best_loss 5.79433
| epoch 047 | loss 4.825 | nll_loss 2.190 | ppl 4.56 | wps 61091 | ups 4 | wpb 14964.085 | bsz 949.681 | num_updates 31998 | lr 0.000353564 | gnorm 0.159 | clip 1.000 | oom 0.000 | loss_scale 16.000 | wall 7872 | train_wall 6462
| epoch 047 | valid on 'valid' subset | loss 5.807 | nll_loss 3.128 | ppl 8.74 | num_updates 31998 | best_loss 5.80711
| epoch 048 | loss 4.822 | nll_loss 2.187 | ppl 4.55 | wps 61410 | ups 4 | wpb 14964.085 | bsz 949.681 | num_updates 32679 | lr 0.000349861 | gnorm 0.159 | clip 1.000 | oom 0.000 | loss_scale 16.000 | wall 8039 | train_wall 6599
| epoch 048 | valid on 'valid' subset | loss 5.795 | nll_loss 3.106 | ppl 8.61 | num_updates 32679 | best_loss 5.79455
| epoch 049 | loss 4.818 | nll_loss 2.183 | ppl 4.54 | wps 61091 | ups 4 | wpb 14964.085 | bsz 949.681 | num_updates 33360 | lr 0.000346272 | gnorm 0.159 | clip 1.000 | oom 0.000 | loss_scale 16.000 | wall 8207 | train_wall 6737
| epoch 049 | valid on 'valid' subset | loss 5.780 | nll_loss 3.095 | ppl 8.55 | num_updates 33360 | best_loss 5.77971
| epoch 050 | loss 4.815 | nll_loss 2.179 | ppl 4.53 | wps 61097 | ups 4 | wpb 14964.085 | bsz 949.681 | num_updates 34041 | lr 0.000342791 | gnorm 0.159 | clip 1.000 | oom 0.000 | loss_scale 32.000 | wall 8375 | train_wall 6874
| epoch 050 | valid on 'valid' subset | loss 5.778 | nll_loss 3.091 | ppl 8.52 | num_updates 34041 | best_loss 5.77841
| saved checkpoint ./checkpoints/2020-06-01T18-37-04-00-exp27-bpe7500-si-060120-seed11-nonjoint/checkpoints_si_en/checkpoint50.pt (epoch 50 @ 34041 updates) (writing took 1.0462007522583008 seconds)
| epoch 051 | loss 4.813 | nll_loss 2.176 | ppl 4.52 | wps 61153 | ups 4 | wpb 14964.085 | bsz 949.681 | num_updates 34722 | lr 0.000339412 | gnorm 0.159 | clip 1.000 | oom 0.000 | loss_scale 32.000 | wall 8543 | train_wall 7012
| epoch 051 | valid on 'valid' subset | loss 5.785 | nll_loss 3.095 | ppl 8.54 | num_updates 34722 | best_loss 5.77841
| epoch 052 | loss 4.810 | nll_loss 2.172 | ppl 4.51 | wps 60858 | ups 4 | wpb 14964.085 | bsz 949.681 | num_updates 35403 | lr 0.000336132 | gnorm 0.160 | clip 1.000 | oom 0.000 | loss_scale 32.000 | wall 8712 | train_wall 7151
| epoch 052 | valid on 'valid' subset | loss 5.773 | nll_loss 3.082 | ppl 8.47 | num_updates 35403 | best_loss 5.77296
| epoch 053 | loss 4.807 | nll_loss 2.169 | ppl 4.5 | wps 61408 | ups 4 | wpb 14964.085 | bsz 949.681 | num_updates 36084 | lr 0.000332945 | gnorm 0.161 | clip 1.000 | oom 0.000 | loss_scale 32.000 | wall 8879 | train_wall 7288
| epoch 053 | valid on 'valid' subset | loss 5.778 | nll_loss 3.088 | ppl 8.5 | num_updates 36084 | best_loss 5.77753
| epoch 054 | loss 4.804 | nll_loss 2.166 | ppl 4.49 | wps 61417 | ups 4 | wpb 14964.085 | bsz 949.681 | num_updates 36765 | lr 0.000329847 | gnorm 0.159 | clip 1.000 | oom 0.000 | loss_scale 32.000 | wall 9045 | train_wall 7425
| epoch 054 | valid on 'valid' subset | loss 5.769 | nll_loss 3.076 | ppl 8.43 | num_updates 36765 | best_loss 5.76888
| WARNING: overflow detected, setting loss scale to: 16.0
| epoch 055 | loss 4.802 | nll_loss 2.163 | ppl 4.48 | wps 61179 | ups 4 | wpb 14964.088 | bsz 947.796 | num_updates 37445 | lr 0.000326838 | gnorm 0.160 | clip 1.000 | oom 0.000 | loss_scale 16.000 | wall 9213 | train_wall 7562
| epoch 055 | valid on 'valid' subset | loss 5.760 | nll_loss 3.071 | ppl 8.41 | num_updates 37445 | best_loss 5.76018
| epoch 056 | loss 4.799 | nll_loss 2.159 | ppl 4.47 | wps 62011 | ups 4 | wpb 14964.085 | bsz 949.681 | num_updates 38126 | lr 0.000323906 | gnorm 0.160 | clip 1.000 | oom 0.000 | loss_scale 16.000 | wall 9378 | train_wall 7699
| epoch 056 | valid on 'valid' subset | loss 5.765 | nll_loss 3.066 | ppl 8.37 | num_updates 38126 | best_loss 5.76533
| epoch 057 | loss 4.797 | nll_loss 2.156 | ppl 4.46 | wps 61176 | ups 4 | wpb 14964.085 | bsz 949.681 | num_updates 38807 | lr 0.000321052 | gnorm 0.159 | clip 1.000 | oom 0.000 | loss_scale 16.000 | wall 9546 | train_wall 7837
| epoch 057 | valid on 'valid' subset | loss 5.769 | nll_loss 3.077 | ppl 8.44 | num_updates 38807 | best_loss 5.76909
| epoch 058 | loss 4.795 | nll_loss 2.154 | ppl 4.45 | wps 61185 | ups 4 | wpb 14964.085 | bsz 949.681 | num_updates 39488 | lr 0.000318271 | gnorm 0.161 | clip 1.000 | oom 0.000 | loss_scale 16.000 | wall 9713 | train_wall 7974
| epoch 058 | valid on 'valid' subset | loss 5.776 | nll_loss 3.085 | ppl 8.49 | num_updates 39488 | best_loss 5.77631
| epoch 059 | loss 4.793 | nll_loss 2.151 | ppl 4.44 | wps 60888 | ups 4 | wpb 14964.085 | bsz 949.681 | num_updates 40169 | lr 0.000315562 | gnorm 0.161 | clip 1.000 | oom 0.000 | loss_scale 16.000 | wall 9881 | train_wall 8112
| epoch 059 | valid on 'valid' subset | loss 5.772 | nll_loss 3.080 | ppl 8.45 | num_updates 40169 | best_loss 5.77248
| epoch 060 | loss 4.790 | nll_loss 2.148 | ppl 4.43 | wps 61175 | ups 4 | wpb 14964.085 | bsz 949.681 | num_updates 40850 | lr 0.00031292 | gnorm 0.160 | clip 1.000 | oom 0.000 | loss_scale 16.000 | wall 10049 | train_wall 8250
| epoch 060 | valid on 'valid' subset | loss 5.774 | nll_loss 3.090 | ppl 8.51 | num_updates 40850 | best_loss 5.77406
| saved checkpoint ./checkpoints/2020-06-01T18-37-04-00-exp27-bpe7500-si-060120-seed11-nonjoint/checkpoints_si_en/checkpoint60.pt (epoch 60 @ 40850 updates) (writing took 1.047858715057373 seconds)
| epoch 061 | loss 4.788 | nll_loss 2.145 | ppl 4.42 | wps 61481 | ups 4 | wpb 14964.085 | bsz 949.681 | num_updates 41531 | lr 0.000310344 | gnorm 0.160 | clip 1.000 | oom 0.000 | loss_scale 32.000 | wall 10217 | train_wall 8387
| epoch 061 | valid on 'valid' subset | loss 5.749 | nll_loss 3.057 | ppl 8.32 | num_updates 41531 | best_loss 5.74894
| epoch 062 | loss 4.786 | nll_loss 2.142 | ppl 4.42 | wps 61338 | ups 4 | wpb 14964.085 | bsz 949.681 | num_updates 42212 | lr 0.000307831 | gnorm 0.161 | clip 1.000 | oom 0.000 | loss_scale 32.000 | wall 10384 | train_wall 8524
| epoch 062 | valid on 'valid' subset | loss 5.770 | nll_loss 3.074 | ppl 8.42 | num_updates 42212 | best_loss 5.76962
| epoch 063 | loss 4.783 | nll_loss 2.140 | ppl 4.41 | wps 62007 | ups 4 | wpb 14964.085 | bsz 949.681 | num_updates 42893 | lr 0.000305377 | gnorm 0.161 | clip 1.000 | oom 0.000 | loss_scale 32.000 | wall 10549 | train_wall 8660
| epoch 063 | valid on 'valid' subset | loss 5.746 | nll_loss 3.048 | ppl 8.27 | num_updates 42893 | best_loss 5.74616
| epoch 064 | loss 4.781 | nll_loss 2.137 | ppl 4.4 | wps 61742 | ups 4 | wpb 14964.085 | bsz 949.681 | num_updates 43574 | lr 0.000302982 | gnorm 0.159 | clip 1.000 | oom 0.000 | loss_scale 32.000 | wall 10715 | train_wall 8797
| epoch 064 | valid on 'valid' subset | loss 5.745 | nll_loss 3.050 | ppl 8.28 | num_updates 43574 | best_loss 5.7449
| epoch 065 | loss 4.779 | nll_loss 2.135 | ppl 4.39 | wps 61082 | ups 4 | wpb 14964.085 | bsz 949.681 | num_updates 44255 | lr 0.000300641 | gnorm 0.162 | clip 1.000 | oom 0.000 | loss_scale 32.000 | wall 10883 | train_wall 8935
| epoch 065 | valid on 'valid' subset | loss 5.751 | nll_loss 3.055 | ppl 8.31 | num_updates 44255 | best_loss 5.75107
| epoch 066 | loss 4.777 | nll_loss 2.132 | ppl 4.38 | wps 61349 | ups 4 | wpb 14964.085 | bsz 949.681 | num_updates 44936 | lr 0.000298355 | gnorm 0.160 | clip 1.000 | oom 0.000 | loss_scale 32.000 | wall 11050 | train_wall 9072
| epoch 066 | valid on 'valid' subset | loss 5.727 | nll_loss 3.031 | ppl 8.17 | num_updates 44936 | best_loss 5.7268
| WARNING: overflow detected, setting loss scale to: 32.0
| epoch 067 | loss 4.775 | nll_loss 2.130 | ppl 4.38 | wps 61464 | ups 4 | wpb 14968.956 | bsz 948.207 | num_updates 45616 | lr 0.000296122 | gnorm 0.162 | clip 1.000 | oom 0.000 | loss_scale 32.000 | wall 11217 | train_wall 9209
| epoch 067 | valid on 'valid' subset | loss 5.733 | nll_loss 3.035 | ppl 8.2 | num_updates 45616 | best_loss 5.7325
| WARNING: overflow detected, setting loss scale to: 16.0
| epoch 068 | loss 4.773 | nll_loss 2.127 | ppl 4.37 | wps 61682 | ups 4 | wpb 14964.243 | bsz 948.407 | num_updates 46296 | lr 0.00029394 | gnorm 0.161 | clip 1.000 | oom 0.000 | loss_scale 16.000 | wall 11382 | train_wall 9346
| epoch 068 | valid on 'valid' subset | loss 5.732 | nll_loss 3.035 | ppl 8.19 | num_updates 46296 | best_loss 5.73205
| epoch 069 | loss 4.771 | nll_loss 2.124 | ppl 4.36 | wps 60762 | ups 4 | wpb 14964.085 | bsz 949.681 | num_updates 46977 | lr 0.000291801 | gnorm 0.161 | clip 1.000 | oom 0.000 | loss_scale 16.000 | wall 11551 | train_wall 9484
| epoch 069 | valid on 'valid' subset | loss 5.743 | nll_loss 3.042 | ppl 8.24 | num_updates 46977 | best_loss 5.74313
| epoch 070 | loss 4.769 | nll_loss 2.123 | ppl 4.35 | wps 61017 | ups 4 | wpb 14964.085 | bsz 949.681 | num_updates 47658 | lr 0.000289709 | gnorm 0.162 | clip 1.000 | oom 0.000 | loss_scale 16.000 | wall 11719 | train_wall 9622
| epoch 070 | valid on 'valid' subset | loss 5.743 | nll_loss 3.049 | ppl 8.28 | num_updates 47658 | best_loss 5.74272
| saved checkpoint ./checkpoints/2020-06-01T18-37-04-00-exp27-bpe7500-si-060120-seed11-nonjoint/checkpoints_si_en/checkpoint70.pt (epoch 70 @ 47658 updates) (writing took 1.0595641136169434 seconds)
| epoch 071 | loss 4.768 | nll_loss 2.121 | ppl 4.35 | wps 61104 | ups 4 | wpb 14964.085 | bsz 949.681 | num_updates 48339 | lr 0.000287661 | gnorm 0.161 | clip 1.000 | oom 0.000 | loss_scale 16.000 | wall 11888 | train_wall 9760
| epoch 071 | valid on 'valid' subset | loss 5.722 | nll_loss 3.025 | ppl 8.14 | num_updates 48339 | best_loss 5.72172
| epoch 072 | loss 4.765 | nll_loss 2.118 | ppl 4.34 | wps 61206 | ups 4 | wpb 14964.085 | bsz 949.681 | num_updates 49020 | lr 0.000285656 | gnorm 0.160 | clip 1.000 | oom 0.000 | loss_scale 16.000 | wall 12055 | train_wall 9897
| epoch 072 | valid on 'valid' subset | loss 5.739 | nll_loss 3.040 | ppl 8.23 | num_updates 49020 | best_loss 5.7387
| epoch 073 | loss 4.764 | nll_loss 2.116 | ppl 4.34 | wps 61382 | ups 4 | wpb 14964.085 | bsz 949.681 | num_updates 49701 | lr 0.000283692 | gnorm 0.162 | clip 1.000 | oom 0.000 | loss_scale 16.000 | wall 12222 | train_wall 10034
| epoch 073 | valid on 'valid' subset | loss 5.731 | nll_loss 3.038 | ppl 8.22 | num_updates 49701 | best_loss 5.7309
| epoch 074 | loss 4.763 | nll_loss 2.114 | ppl 4.33 | wps 61286 | ups 4 | wpb 14964.085 | bsz 949.681 | num_updates 50382 | lr 0.000281768 | gnorm 0.161 | clip 1.000 | oom 0.000 | loss_scale 32.000 | wall 12390 | train_wall 10171
| epoch 074 | valid on 'valid' subset | loss 5.735 | nll_loss 3.038 | ppl 8.21 | num_updates 50382 | best_loss 5.73518
| epoch 075 | loss 4.761 | nll_loss 2.113 | ppl 4.32 | wps 60692 | ups 4 | wpb 14964.085 | bsz 949.681 | num_updates 51063 | lr 0.000279883 | gnorm 0.162 | clip 1.000 | oom 0.000 | loss_scale 32.000 | wall 12558 | train_wall 10310
| epoch 075 | valid on 'valid' subset | loss 5.734 | nll_loss 3.036 | ppl 8.2 | num_updates 51063 | best_loss 5.73434
| epoch 076 | loss 4.759 | nll_loss 2.110 | ppl 4.32 | wps 60930 | ups 4 | wpb 14964.085 | bsz 949.681 | num_updates 51744 | lr 0.000278035 | gnorm 0.161 | clip 1.000 | oom 0.000 | loss_scale 32.000 | wall 12727 | train_wall 10448
| epoch 076 | valid on 'valid' subset | loss 5.717 | nll_loss 3.015 | ppl 8.08 | num_updates 51744 | best_loss 5.71704
| epoch 077 | loss 4.758 | nll_loss 2.108 | ppl 4.31 | wps 60813 | ups 4 | wpb 14964.085 | bsz 949.681 | num_updates 52425 | lr 0.000276224 | gnorm 0.162 | clip 1.000 | oom 0.000 | loss_scale 32.000 | wall 12895 | train_wall 10585
| epoch 077 | valid on 'valid' subset | loss 5.727 | nll_loss 3.025 | ppl 8.14 | num_updates 52425 | best_loss 5.7269
| epoch 078 | loss 4.757 | nll_loss 2.107 | ppl 4.31 | wps 60894 | ups 4 | wpb 14964.085 | bsz 949.681 | num_updates 53106 | lr 0.000274447 | gnorm 0.162 | clip 1.000 | oom 0.000 | loss_scale 32.000 | wall 13063 | train_wall 10724
| epoch 078 | valid on 'valid' subset | loss 5.712 | nll_loss 3.010 | ppl 8.05 | num_updates 53106 | best_loss 5.71209
| WARNING: overflow detected, setting loss scale to: 16.0
| epoch 079 | loss 4.755 | nll_loss 2.105 | ppl 4.3 | wps 61126 | ups 4 | wpb 14963.925 | bsz 947.996 | num_updates 53786 | lr 0.000272706 | gnorm 0.163 | clip 1.000 | oom 0.000 | loss_scale 16.000 | wall 13231 | train_wall 10861
| epoch 079 | valid on 'valid' subset | loss 5.718 | nll_loss 3.012 | ppl 8.07 | num_updates 53786 | best_loss 5.71764
| epoch 080 | loss 4.753 | nll_loss 2.103 | ppl 4.29 | wps 60893 | ups 4 | wpb 14964.085 | bsz 949.681 | num_updates 54467 | lr 0.000270996 | gnorm 0.161 | clip 1.000 | oom 0.000 | loss_scale 16.000 | wall 13399 | train_wall 10999
| epoch 080 | valid on 'valid' subset | loss 5.721 | nll_loss 3.023 | ppl 8.13 | num_updates 54467 | best_loss 5.72103
| saved checkpoint ./checkpoints/2020-06-01T18-37-04-00-exp27-bpe7500-si-060120-seed11-nonjoint/checkpoints_si_en/checkpoint80.pt (epoch 80 @ 54467 updates) (writing took 1.0457091331481934 seconds)
| epoch 081 | loss 4.751 | nll_loss 2.100 | ppl 4.29 | wps 61551 | ups 4 | wpb 14964.085 | bsz 949.681 | num_updates 55148 | lr 0.000269318 | gnorm 0.161 | clip 1.000 | oom 0.000 | loss_scale 16.000 | wall 13567 | train_wall 11136
| epoch 081 | valid on 'valid' subset | loss 5.730 | nll_loss 3.032 | ppl 8.18 | num_updates 55148 | best_loss 5.72103
| epoch 082 | loss 4.750 | nll_loss 2.099 | ppl 4.28 | wps 62120 | ups 4 | wpb 14964.085 | bsz 949.681 | num_updates 55829 | lr 0.00026767 | gnorm 0.162 | clip 1.000 | oom 0.000 | loss_scale 16.000 | wall 13732 | train_wall 11272
| epoch 082 | valid on 'valid' subset | loss 5.733 | nll_loss 3.029 | ppl 8.16 | num_updates 55829 | best_loss 5.72103
| epoch 083 | loss 4.749 | nll_loss 2.097 | ppl 4.28 | wps 61785 | ups 4 | wpb 14964.085 | bsz 949.681 | num_updates 56510 | lr 0.000266052 | gnorm 0.163 | clip 1.000 | oom 0.000 | loss_scale 16.000 | wall 13898 | train_wall 11408
| epoch 083 | valid on 'valid' subset | loss 5.713 | nll_loss 3.011 | ppl 8.06 | num_updates 56510 | best_loss 5.71298
| epoch 084 | loss 4.747 | nll_loss 2.095 | ppl 4.27 | wps 61540 | ups 4 | wpb 14964.085 | bsz 949.681 | num_updates 57191 | lr 0.000264464 | gnorm 0.163 | clip 1.000 | oom 0.000 | loss_scale 16.000 | wall 14064 | train_wall 11545
| epoch 084 | valid on 'valid' subset | loss 5.702 | nll_loss 2.997 | ppl 7.99 | num_updates 57191 | best_loss 5.70189
| epoch 085 | loss 4.746 | nll_loss 2.094 | ppl 4.27 | wps 61575 | ups 4 | wpb 14964.085 | bsz 949.681 | num_updates 57872 | lr 0.000262903 | gnorm 0.162 | clip 1.000 | oom 0.000 | loss_scale 32.000 | wall 14230 | train_wall 11682
| epoch 085 | valid on 'valid' subset | loss 5.717 | nll_loss 3.016 | ppl 8.09 | num_updates 57872 | best_loss 5.71692
| epoch 086 | loss 4.744 | nll_loss 2.091 | ppl 4.26 | wps 61574 | ups 4 | wpb 14964.085 | bsz 949.681 | num_updates 58553 | lr 0.00026137 | gnorm 0.161 | clip 1.000 | oom 0.000 | loss_scale 32.000 | wall 14397 | train_wall 11819
| epoch 086 | valid on 'valid' subset | loss 5.717 | nll_loss 3.014 | ppl 8.08 | num_updates 58553 | best_loss 5.71743
| epoch 087 | loss 4.743 | nll_loss 2.090 | ppl 4.26 | wps 61223 | ups 4 | wpb 14964.085 | bsz 949.681 | num_updates 59234 | lr 0.000259863 | gnorm 0.164 | clip 1.000 | oom 0.000 | loss_scale 32.000 | wall 14564 | train_wall 11957
| epoch 087 | valid on 'valid' subset | loss 5.711 | nll_loss 3.009 | ppl 8.05 | num_updates 59234 | best_loss 5.71056
| WARNING: overflow detected, setting loss scale to: 16.0
| epoch 088 | loss 4.742 | nll_loss 2.089 | ppl 4.25 | wps 61243 | ups 4 | wpb 14964.019 | bsz 947.737 | num_updates 59914 | lr 0.000258384 | gnorm 0.162 | clip 1.000 | oom 0.000 | loss_scale 16.000 | wall 14731 | train_wall 12094
| epoch 088 | valid on 'valid' subset | loss 5.726 | nll_loss 3.024 | ppl 8.13 | num_updates 59914 | best_loss 5.72103
| epoch 089 | loss 4.740 | nll_loss 2.086 | ppl 4.25 | wps 61079 | ups 4 | wpb 14964.085 | bsz 949.681 | num_updates 60595 | lr 0.000256928 | gnorm 0.162 | clip 1.000 | oom 0.000 | loss_scale 16.000 | wall 14899 | train_wall 12232
| epoch 089 | valid on 'valid' subset | loss 5.724 | nll_loss 3.021 | ppl 8.12 | num_updates 60595 | best_loss 5.72103
| epoch 090 | loss 4.739 | nll_loss 2.086 | ppl 4.24 | wps 61176 | ups 4 | wpb 14964.085 | bsz 949.681 | num_updates 61276 | lr 0.000255496 | gnorm 0.162 | clip 1.000 | oom 0.000 | loss_scale 16.000 | wall 15067 | train_wall 12369
| epoch 090 | valid on 'valid' subset | loss 5.721 | nll_loss 3.014 | ppl 8.08 | num_updates 61276 | best_loss 5.72076
| saved checkpoint ./checkpoints/2020-06-01T18-37-04-00-exp27-bpe7500-si-060120-seed11-nonjoint/checkpoints_si_en/checkpoint90.pt (epoch 90 @ 61276 updates) (writing took 1.0599913597106934 seconds)
| epoch 091 | loss 4.737 | nll_loss 2.083 | ppl 4.24 | wps 61464 | ups 4 | wpb 14964.085 | bsz 949.681 | num_updates 61957 | lr 0.000254088 | gnorm 0.163 | clip 1.000 | oom 0.000 | loss_scale 16.000 | wall 15235 | train_wall 12506
| epoch 091 | valid on 'valid' subset | loss 5.717 | nll_loss 3.016 | ppl 8.09 | num_updates 61957 | best_loss 5.71652
| epoch 092 | loss 4.736 | nll_loss 2.082 | ppl 4.23 | wps 61610 | ups 4 | wpb 14964.085 | bsz 949.681 | num_updates 62638 | lr 0.000252703 | gnorm 0.162 | clip 1.000 | oom 0.000 | loss_scale 16.000 | wall 15401 | train_wall 12643
| epoch 092 | valid on 'valid' subset | loss 5.696 | nll_loss 2.991 | ppl 7.95 | num_updates 62638 | best_loss 5.69604
| epoch 093 | loss 4.735 | nll_loss 2.081 | ppl 4.23 | wps 61729 | ups 4 | wpb 14964.085 | bsz 949.681 | num_updates 63319 | lr 0.000251341 | gnorm 0.163 | clip 1.000 | oom 0.000 | loss_scale 16.000 | wall 15567 | train_wall 12779
| epoch 093 | valid on 'valid' subset | loss 5.706 | nll_loss 3.006 | ppl 8.03 | num_updates 63319 | best_loss 5.70603
| epoch 094 | loss 4.734 | nll_loss 2.079 | ppl 4.22 | wps 61478 | ups 4 | wpb 14964.085 | bsz 949.681 | num_updates 64000 | lr 0.00025 | gnorm 0.163 | clip 1.000 | oom 0.000 | loss_scale 32.000 | wall 15734 | train_wall 12917
| epoch 094 | valid on 'valid' subset | loss 5.697 | nll_loss 2.991 | ppl 7.95 | num_updates 64000 | best_loss 5.69705
| epoch 095 | loss 4.732 | nll_loss 2.077 | ppl 4.22 | wps 61357 | ups 4 | wpb 14964.085 | bsz 949.681 | num_updates 64681 | lr 0.00024868 | gnorm 0.163 | clip 1.000 | oom 0.000 | loss_scale 32.000 | wall 15901 | train_wall 13054
| epoch 095 | valid on 'valid' subset | loss 5.707 | nll_loss 3.002 | ppl 8.01 | num_updates 64681 | best_loss 5.70685
| epoch 096 | loss 4.732 | nll_loss 2.076 | ppl 4.22 | wps 61841 | ups 4 | wpb 14964.085 | bsz 949.681 | num_updates 65362 | lr 0.000247382 | gnorm 0.163 | clip 1.000 | oom 0.000 | loss_scale 32.000 | wall 16066 | train_wall 13191
| epoch 096 | valid on 'valid' subset | loss 5.713 | nll_loss 3.009 | ppl 8.05 | num_updates 65362 | best_loss 5.71317
| WARNING: overflow detected, setting loss scale to: 16.0
| epoch 097 | loss 4.730 | nll_loss 2.074 | ppl 4.21 | wps 61553 | ups 4 | wpb 14962.922 | bsz 949.784 | num_updates 66042 | lr 0.000246105 | gnorm 0.164 | clip 1.000 | oom 0.000 | loss_scale 16.000 | wall 16233 | train_wall 13328
| epoch 097 | valid on 'valid' subset | loss 5.720 | nll_loss 3.014 | ppl 8.08 | num_updates 66042 | best_loss 5.72008
| epoch 098 | loss 4.729 | nll_loss 2.073 | ppl 4.21 | wps 60839 | ups 4 | wpb 14964.085 | bsz 949.681 | num_updates 66723 | lr 0.000244846 | gnorm 0.165 | clip 1.000 | oom 0.000 | loss_scale 16.000 | wall 16401 | train_wall 13466
| epoch 098 | valid on 'valid' subset | loss 5.697 | nll_loss 2.991 | ppl 7.95 | num_updates 66723 | best_loss 5.69704
| epoch 099 | loss 4.728 | nll_loss 2.072 | ppl 4.2 | wps 61250 | ups 4 | wpb 14964.085 | bsz 949.681 | num_updates 67404 | lr 0.000243606 | gnorm 0.164 | clip 1.000 | oom 0.000 | loss_scale 16.000 | wall 16568 | train_wall 13604
| epoch 099 | valid on 'valid' subset | loss 5.680 | nll_loss 2.972 | ppl 7.84 | num_updates 67404 | best_loss 5.68045
| epoch 100 | loss 4.727 | nll_loss 2.070 | ppl 4.2 | wps 61325 | ups 4 | wpb 14964.085 | bsz 949.681 | num_updates 68085 | lr 0.000242384 | gnorm 0.164 | clip 1.000 | oom 0.000 | loss_scale 16.000 | wall 16736 | train_wall 13741
| epoch 100 | valid on 'valid' subset | loss 5.690 | nll_loss 2.981 | ppl 7.9 | num_updates 68085 | best_loss 5.68989
| saved checkpoint ./checkpoints/2020-06-01T18-37-04-00-exp27-bpe7500-si-060120-seed11-nonjoint/checkpoints_si_en/checkpoint100.pt (epoch 100 @ 68085 updates) (writing took 1.050724983215332 seconds)
| done training in 16732.5 seconds
Done training.
Time at end: Mon Jun 1 23:16:01 EDT 2020
