================ FLORES BASELINE WITH CLIP_NORM=0.1, BPE=5000 AND SEED=10 USING SUBWORD-NMT ================
About to train the supervised for the following language pair: SI-EN
CHECKPOINT_DIR is set to './checkpoints/2020-07-04T01-44-04-00-exp31-lmvr-si-seed10/checkpoints_si_en'
Creating checkpoint directory if it doesn't exist...
Data folder is: data-bin/wiki_si_en_lmvr/
Beginning training...
Time at beginning: Sat Jul 4 01:44:10 EDT 2020
Namespace(activation_dropout=0.2, activation_fn='relu', adam_betas='(0.9, 0.98)', adam_eps=1e-08, adaptive_input=False, adaptive_softmax_cutoff=None, adaptive_softmax_dropout=0, arch='transformer', attention_dropout=0.2, best_checkpoint_metric='loss', bpe=None, bucket_cap_mb=25, clip_norm=0.1, cpu=False, criterion='label_smoothed_cross_entropy', cross_self_attention=False, curriculum=0, data='data-bin/wiki_si_en_lmvr/', dataset_impl=None, ddp_backend='c10d', decoder_attention_heads=2, decoder_embed_dim=512, decoder_embed_path=None, decoder_ffn_embed_dim=2048, decoder_input_dim=512, decoder_layerdrop=0, decoder_layers=5, decoder_layers_to_keep=None, decoder_learned_pos=False, decoder_normalize_before=True, decoder_output_dim=512, device_id=0, disable_validation=False, distributed_backend='nccl', distributed_init_method=None, distributed_no_spawn=False, distributed_port=-1, distributed_rank=0, distributed_world_size=1, dropout=0.4, empty_cache_freq=0, encoder_attention_heads=2, encoder_embed_dim=512, encoder_embed_path=None, encoder_ffn_embed_dim=2048, encoder_layerdrop=0, encoder_layers=5, encoder_layers_to_keep=None, encoder_learned_pos=False, encoder_normalize_before=True, fast_stat_sync=False, find_unused_parameters=False, fix_batches_to_gpus=False, fixed_validation_seed=None, fp16=True, fp16_init_scale=128, fp16_scale_tolerance=0.0, fp16_scale_window=None, keep_interval_updates=-1, keep_last_epochs=-1, label_smoothing=0.2, layer_wise_attention=False, layernorm_embedding=False, lazy_load=False, left_pad_source='True', left_pad_target='False', load_alignments=False, log_format=None, log_interval=1000, lr=[0.001], lr_scheduler='inverse_sqrt', max_epoch=100, max_sentences=None, max_sentences_valid=None, max_source_positions=1024, max_target_positions=1024, max_tokens=4000, max_tokens_valid=4000, max_update=0, maximize_best_checkpoint_metric=False, memory_efficient_fp16=False, min_loss_scale=0.0001, min_lr=1e-09, no_cross_attention=False, no_epoch_checkpoints=False, no_last_checkpoints=False, no_progress_bar=False, no_save=False, no_save_optimizer_state=False, no_scale_embedding=False, no_token_positional_embeddings=False, num_workers=1, optimizer='adam', optimizer_overrides='{}', raw_text=False, required_batch_size_multiple=8, reset_dataloader=False, reset_lr_scheduler=False, reset_meters=False, reset_optimizer=False, restore_file='checkpoint_last.pt', save_dir='./checkpoints/2020-07-04T01-44-04-00-exp31-lmvr-si-seed10/checkpoints_si_en', save_interval=10, save_interval_updates=0, seed=10, sentence_avg=False, share_all_embeddings=True, share_decoder_input_output_embed=False, skip_invalid_size_inputs_valid_test=False, source_lang='si', target_lang='en', task='translation', tensorboard_logdir='', threshold_loss_scale=None, tokenizer=None, train_subset='train', truncate_source=False, update_freq=[4], upsample_primary=1, use_bmuf=False, user_dir=None, valid_subset='valid', validate_interval=1, warmup_init_lr=1e-07, warmup_updates=4000, weight_decay=0.0001)
| [si] dictionary: 4832 types
| [en] dictionary: 4832 types
| loaded 2898 examples from: data-bin/wiki_si_en_lmvr/valid.si-en.si
| loaded 2898 examples from: data-bin/wiki_si_en_lmvr/valid.si-en.en
| data-bin/wiki_si_en_lmvr/ valid si-en 2898 examples
TransformerModel(
  (encoder): TransformerEncoder(
    (embed_tokens): Embedding(4832, 512, padding_idx=1)
    (embed_positions): SinusoidalPositionalEmbedding()
    (layers): ModuleList(
      (0): TransformerEncoderLayer(
        (self_attn): MultiheadAttention(
          (k_proj): Linear(in_features=512, out_features=512, bias=True)
          (v_proj): Linear(in_features=512, out_features=512, bias=True)
          (q_proj): Linear(in_features=512, out_features=512, bias=True)
          (out_proj): Linear(in_features=512, out_features=512, bias=True)
        )
        (self_attn_layer_norm): LayerNorm((512,), eps=1e-05, elementwise_affine=True)
        (fc1): Linear(in_features=512, out_features=2048, bias=True)
        (fc2): Linear(in_features=2048, out_features=512, bias=True)
        (final_layer_norm): LayerNorm((512,), eps=1e-05, elementwise_affine=True)
      )
      (1): TransformerEncoderLayer(
        (self_attn): MultiheadAttention(
          (k_proj): Linear(in_features=512, out_features=512, bias=True)
          (v_proj): Linear(in_features=512, out_features=512, bias=True)
          (q_proj): Linear(in_features=512, out_features=512, bias=True)
          (out_proj): Linear(in_features=512, out_features=512, bias=True)
        )
        (self_attn_layer_norm): LayerNorm((512,), eps=1e-05, elementwise_affine=True)
        (fc1): Linear(in_features=512, out_features=2048, bias=True)
        (fc2): Linear(in_features=2048, out_features=512, bias=True)
        (final_layer_norm): LayerNorm((512,), eps=1e-05, elementwise_affine=True)
      )
      (2): TransformerEncoderLayer(
        (self_attn): MultiheadAttention(
          (k_proj): Linear(in_features=512, out_features=512, bias=True)
          (v_proj): Linear(in_features=512, out_features=512, bias=True)
          (q_proj): Linear(in_features=512, out_features=512, bias=True)
          (out_proj): Linear(in_features=512, out_features=512, bias=True)
        )
        (self_attn_layer_norm): LayerNorm((512,), eps=1e-05, elementwise_affine=True)
        (fc1): Linear(in_features=512, out_features=2048, bias=True)
        (fc2): Linear(in_features=2048, out_features=512, bias=True)
        (final_layer_norm): LayerNorm((512,), eps=1e-05, elementwise_affine=True)
      )
      (3): TransformerEncoderLayer(
        (self_attn): MultiheadAttention(
          (k_proj): Linear(in_features=512, out_features=512, bias=True)
          (v_proj): Linear(in_features=512, out_features=512, bias=True)
          (q_proj): Linear(in_features=512, out_features=512, bias=True)
          (out_proj): Linear(in_features=512, out_features=512, bias=True)
        )
        (self_attn_layer_norm): LayerNorm((512,), eps=1e-05, elementwise_affine=True)
        (fc1): Linear(in_features=512, out_features=2048, bias=True)
        (fc2): Linear(in_features=2048, out_features=512, bias=True)
        (final_layer_norm): LayerNorm((512,), eps=1e-05, elementwise_affine=True)
      )
      (4): TransformerEncoderLayer(
        (self_attn): MultiheadAttention(
          (k_proj): Linear(in_features=512, out_features=512, bias=True)
          (v_proj): Linear(in_features=512, out_features=512, bias=True)
          (q_proj): Linear(in_features=512, out_features=512, bias=True)
          (out_proj): Linear(in_features=512, out_features=512, bias=True)
        )
        (self_attn_layer_norm): LayerNorm((512,), eps=1e-05, elementwise_affine=True)
        (fc1): Linear(in_features=512, out_features=2048, bias=True)
        (fc2): Linear(in_features=2048, out_features=512, bias=True)
        (final_layer_norm): LayerNorm((512,), eps=1e-05, elementwise_affine=True)
      )
    )
    (layer_norm): LayerNorm((512,), eps=1e-05, elementwise_affine=True)
  )
  (decoder): TransformerDecoder(
    (embed_tokens): Embedding(4832, 512, padding_idx=1)
    (embed_positions): SinusoidalPositionalEmbedding()
    (layers): ModuleList(
      (0): TransformerDecoderLayer(
        (self_attn): MultiheadAttention(
          (k_proj): Linear(in_features=512, out_features=512, bias=True)
          (v_proj): Linear(in_features=512, out_features=512, bias=True)
          (q_proj): Linear(in_features=512, out_features=512, bias=True)
          (out_proj): Linear(in_features=512, out_features=512, bias=True)
        )
        (self_attn_layer_norm): LayerNorm((512,), eps=1e-05, elementwise_affine=True)
        (encoder_attn): MultiheadAttention(
          (k_proj): Linear(in_features=512, out_features=512, bias=True)
          (v_proj): Linear(in_features=512, out_features=512, bias=True)
          (q_proj): Linear(in_features=512, out_features=512, bias=True)
          (out_proj): Linear(in_features=512, out_features=512, bias=True)
        )
        (encoder_attn_layer_norm): LayerNorm((512,), eps=1e-05, elementwise_affine=True)
        (fc1): Linear(in_features=512, out_features=2048, bias=True)
        (fc2): Linear(in_features=2048, out_features=512, bias=True)
        (final_layer_norm): LayerNorm((512,), eps=1e-05, elementwise_affine=True)
      )
      (1): TransformerDecoderLayer(
        (self_attn): MultiheadAttention(
          (k_proj): Linear(in_features=512, out_features=512, bias=True)
          (v_proj): Linear(in_features=512, out_features=512, bias=True)
          (q_proj): Linear(in_features=512, out_features=512, bias=True)
          (out_proj): Linear(in_features=512, out_features=512, bias=True)
        )
        (self_attn_layer_norm): LayerNorm((512,), eps=1e-05, elementwise_affine=True)
        (encoder_attn): MultiheadAttention(
          (k_proj): Linear(in_features=512, out_features=512, bias=True)
          (v_proj): Linear(in_features=512, out_features=512, bias=True)
          (q_proj): Linear(in_features=512, out_features=512, bias=True)
          (out_proj): Linear(in_features=512, out_features=512, bias=True)
        )
        (encoder_attn_layer_norm): LayerNorm((512,), eps=1e-05, elementwise_affine=True)
        (fc1): Linear(in_features=512, out_features=2048, bias=True)
        (fc2): Linear(in_features=2048, out_features=512, bias=True)
        (final_layer_norm): LayerNorm((512,), eps=1e-05, elementwise_affine=True)
      )
      (2): TransformerDecoderLayer(
        (self_attn): MultiheadAttention(
          (k_proj): Linear(in_features=512, out_features=512, bias=True)
          (v_proj): Linear(in_features=512, out_features=512, bias=True)
          (q_proj): Linear(in_features=512, out_features=512, bias=True)
          (out_proj): Linear(in_features=512, out_features=512, bias=True)
        )
        (self_attn_layer_norm): LayerNorm((512,), eps=1e-05, elementwise_affine=True)
        (encoder_attn): MultiheadAttention(
          (k_proj): Linear(in_features=512, out_features=512, bias=True)
          (v_proj): Linear(in_features=512, out_features=512, bias=True)
          (q_proj): Linear(in_features=512, out_features=512, bias=True)
          (out_proj): Linear(in_features=512, out_features=512, bias=True)
        )
        (encoder_attn_layer_norm): LayerNorm((512,), eps=1e-05, elementwise_affine=True)
        (fc1): Linear(in_features=512, out_features=2048, bias=True)
        (fc2): Linear(in_features=2048, out_features=512, bias=True)
        (final_layer_norm): LayerNorm((512,), eps=1e-05, elementwise_affine=True)
      )
      (3): TransformerDecoderLayer(
        (self_attn): MultiheadAttention(
          (k_proj): Linear(in_features=512, out_features=512, bias=True)
          (v_proj): Linear(in_features=512, out_features=512, bias=True)
          (q_proj): Linear(in_features=512, out_features=512, bias=True)
          (out_proj): Linear(in_features=512, out_features=512, bias=True)
        )
        (self_attn_layer_norm): LayerNorm((512,), eps=1e-05, elementwise_affine=True)
        (encoder_attn): MultiheadAttention(
          (k_proj): Linear(in_features=512, out_features=512, bias=True)
          (v_proj): Linear(in_features=512, out_features=512, bias=True)
          (q_proj): Linear(in_features=512, out_features=512, bias=True)
          (out_proj): Linear(in_features=512, out_features=512, bias=True)
        )
        (encoder_attn_layer_norm): LayerNorm((512,), eps=1e-05, elementwise_affine=True)
        (fc1): Linear(in_features=512, out_features=2048, bias=True)
        (fc2): Linear(in_features=2048, out_features=512, bias=True)
        (final_layer_norm): LayerNorm((512,), eps=1e-05, elementwise_affine=True)
      )
      (4): TransformerDecoderLayer(
        (self_attn): MultiheadAttention(
          (k_proj): Linear(in_features=512, out_features=512, bias=True)
          (v_proj): Linear(in_features=512, out_features=512, bias=True)
          (q_proj): Linear(in_features=512, out_features=512, bias=True)
          (out_proj): Linear(in_features=512, out_features=512, bias=True)
        )
        (self_attn_layer_norm): LayerNorm((512,), eps=1e-05, elementwise_affine=True)
        (encoder_attn): MultiheadAttention(
          (k_proj): Linear(in_features=512, out_features=512, bias=True)
          (v_proj): Linear(in_features=512, out_features=512, bias=True)
          (q_proj): Linear(in_features=512, out_features=512, bias=True)
          (out_proj): Linear(in_features=512, out_features=512, bias=True)
        )
        (encoder_attn_layer_norm): LayerNorm((512,), eps=1e-05, elementwise_affine=True)
        (fc1): Linear(in_features=512, out_features=2048, bias=True)
        (fc2): Linear(in_features=2048, out_features=512, bias=True)
        (final_layer_norm): LayerNorm((512,), eps=1e-05, elementwise_affine=True)
      )
    )
    (layer_norm): LayerNorm((512,), eps=1e-05, elementwise_affine=True)
  )
)
| model transformer, criterion LabelSmoothedCrossEntropyCriterion
| num. model params: 39258112 (num. trained: 39258112)
| training on 1 GPUs
| max tokens per GPU = 4000 and max sentences per GPU = None
| no existing checkpoint found ./checkpoints/2020-07-04T01-44-04-00-exp31-lmvr-si-seed10/checkpoints_si_en/checkpoint_last.pt
| loading train data for epoch 0
| loaded 646781 examples from: data-bin/wiki_si_en_lmvr/train.si-en.si
| loaded 646781 examples from: data-bin/wiki_si_en_lmvr/train.si-en.en
| data-bin/wiki_si_en_lmvr/ train si-en 646781 examples
| WARNING: 1 samples have invalid sizes and will be skipped, max_positions=(1024, 1024), first few sample ids=[23048]
| WARNING: overflow detected, setting loss scale to: 64.0
| WARNING: overflow detected, setting loss scale to: 32.0
| epoch 001 | loss 8.663 | nll_loss 7.319 | ppl 159.67 | wps 49756 | ups 4 | wpb 13018.344 | bsz 946.825 | num_updates 681 | lr 0.000170333 | gnorm 0.779 | clip 1.000 | oom 0.000 | loss_scale 32.000 | wall 178 | train_wall 142
| epoch 001 | valid on 'valid' subset | loss 8.683 | nll_loss 7.215 | ppl 148.62 | num_updates 681
| WARNING: overflow detected, setting loss scale to: 16.0
| epoch 002 | loss 6.780 | nll_loss 4.851 | ppl 28.87 | wps 50776 | ups 4 | wpb 13014.270 | bsz 947.326 | num_updates 1363 | lr 0.000340816 | gnorm 0.481 | clip 1.000 | oom 0.000 | loss_scale 16.000 | wall 354 | train_wall 285
| epoch 002 | valid on 'valid' subset | loss 8.017 | nll_loss 6.287 | ppl 78.1 | num_updates 1363
| epoch 003 | loss 6.265 | nll_loss 4.191 | ppl 18.26 | wps 51138 | ups 4 | wpb 13016.980 | bsz 946.969 | num_updates 2046 | lr 0.000511549 | gnorm 0.397 | clip 1.000 | oom 0.000 | loss_scale 16.000 | wall 529 | train_wall 429
| epoch 003 | valid on 'valid' subset | loss 7.695 | nll_loss 5.817 | ppl 56.38 | num_updates 2046
| epoch 004 | loss 5.959 | nll_loss 3.797 | ppl 13.9 | wps 51098 | ups 4 | wpb 13016.980 | bsz 946.969 | num_updates 2729 | lr 0.000682282 | gnorm 0.359 | clip 1.000 | oom 0.000 | loss_scale 16.000 | wall 703 | train_wall 572
| epoch 004 | valid on 'valid' subset | loss 7.377 | nll_loss 5.379 | ppl 41.63 | num_updates 2729
| epoch 005 | loss 5.755 | nll_loss 3.534 | ppl 11.58 | wps 51138 | ups 4 | wpb 13016.980 | bsz 946.969 | num_updates 3412 | lr 0.000853015 | gnorm 0.328 | clip 1.000 | oom 0.000 | loss_scale 16.000 | wall 878 | train_wall 715
| epoch 005 | valid on 'valid' subset | loss 7.245 | nll_loss 5.178 | ppl 36.2 | num_updates 3412
| epoch 006 | loss 5.618 | nll_loss 3.358 | ppl 10.25 | wps 50587 | ups 4 | wpb 13016.980 | bsz 946.969 | num_updates 4095 | lr 0.000988332 | gnorm 0.301 | clip 1.000 | oom 0.000 | loss_scale 16.000 | wall 1055 | train_wall 858
| epoch 006 | valid on 'valid' subset | loss 7.070 | nll_loss 4.958 | ppl 31.08 | num_updates 4095
| epoch 007 | loss 5.499 | nll_loss 3.206 | ppl 9.23 | wps 49687 | ups 4 | wpb 13016.980 | bsz 946.969 | num_updates 4778 | lr 0.00091497 | gnorm 0.273 | clip 1.000 | oom 0.000 | loss_scale 16.000 | wall 1235 | train_wall 1004
| epoch 007 | valid on 'valid' subset | loss 6.911 | nll_loss 4.737 | ppl 26.67 | num_updates 4778
| epoch 008 | loss 5.397 | nll_loss 3.077 | ppl 8.44 | wps 50015 | ups 4 | wpb 13016.980 | bsz 946.969 | num_updates 5461 | lr 0.000855843 | gnorm 0.248 | clip 1.000 | oom 0.000 | loss_scale 32.000 | wall 1413 | train_wall 1149
| epoch 008 | valid on 'valid' subset | loss 6.855 | nll_loss 4.654 | ppl 25.17 | num_updates 5461
| WARNING: overflow detected, setting loss scale to: 16.0
| epoch 009 | loss 5.322 | nll_loss 2.983 | ppl 7.91 | wps 50040 | ups 4 | wpb 13023.073 | bsz 945.871 | num_updates 6143 | lr 0.000806937 | gnorm 0.235 | clip 1.000 | oom 0.000 | loss_scale 16.000 | wall 1592 | train_wall 1294
| epoch 009 | valid on 'valid' subset | loss 6.681 | nll_loss 4.421 | ppl 21.42 | num_updates 6143
| epoch 010 | loss 5.262 | nll_loss 2.907 | ppl 7.5 | wps 49526 | ups 4 | wpb 13016.980 | bsz 946.969 | num_updates 6826 | lr 0.000765503 | gnorm 0.224 | clip 1.000 | oom 0.000 | loss_scale 16.000 | wall 1772 | train_wall 1440
| epoch 010 | valid on 'valid' subset | loss 6.613 | nll_loss 4.327 | ppl 20.06 | num_updates 6826
| saved checkpoint ./checkpoints/2020-07-04T01-44-04-00-exp31-lmvr-si-seed10/checkpoints_si_en/checkpoint10.pt (epoch 10 @ 6826 updates) (writing took 0.7324373722076416 seconds)
| epoch 011 | loss 5.216 | nll_loss 2.849 | ppl 7.2 | wps 49801 | ups 4 | wpb 13016.980 | bsz 946.969 | num_updates 7509 | lr 0.000729859 | gnorm 0.218 | clip 1.000 | oom 0.000 | loss_scale 16.000 | wall 1952 | train_wall 1586
| epoch 011 | valid on 'valid' subset | loss 6.571 | nll_loss 4.264 | ppl 19.21 | num_updates 7509 | best_loss 6.57077
| epoch 012 | loss 5.177 | nll_loss 2.800 | ppl 6.96 | wps 50099 | ups 4 | wpb 13016.980 | bsz 946.969 | num_updates 8192 | lr 0.000698771 | gnorm 0.210 | clip 1.000 | oom 0.000 | loss_scale 16.000 | wall 2131 | train_wall 1731
| epoch 012 | valid on 'valid' subset | loss 6.529 | nll_loss 4.206 | ppl 18.46 | num_updates 8192 | best_loss 6.52856
| epoch 013 | loss 5.145 | nll_loss 2.759 | ppl 6.77 | wps 50135 | ups 4 | wpb 13016.980 | bsz 946.969 | num_updates 8875 | lr 0.000671345 | gnorm 0.207 | clip 1.000 | oom 0.000 | loss_scale 16.000 | wall 2309 | train_wall 1875
| epoch 013 | valid on 'valid' subset | loss 6.468 | nll_loss 4.122 | ppl 17.41 | num_updates 8875 | best_loss 6.46815
| epoch 014 | loss 5.116 | nll_loss 2.723 | ppl 6.6 | wps 49760 | ups 4 | wpb 13016.980 | bsz 946.969 | num_updates 9558 | lr 0.000646914 | gnorm 0.203 | clip 1.000 | oom 0.000 | loss_scale 16.000 | wall 2488 | train_wall 2021
| epoch 014 | valid on 'valid' subset | loss 6.408 | nll_loss 4.031 | ppl 16.35 | num_updates 9558 | best_loss 6.40762
| epoch 015 | loss 5.091 | nll_loss 2.691 | ppl 6.46 | wps 49945 | ups 4 | wpb 13016.980 | bsz 946.969 | num_updates 10241 | lr 0.000624969 | gnorm 0.200 | clip 1.000 | oom 0.000 | loss_scale 32.000 | wall 2667 | train_wall 2166
| epoch 015 | valid on 'valid' subset | loss 6.393 | nll_loss 4.014 | ppl 16.15 | num_updates 10241 | best_loss 6.39268
| epoch 016 | loss 5.070 | nll_loss 2.665 | ppl 6.34 | wps 50652 | ups 4 | wpb 13016.980 | bsz 946.969 | num_updates 10924 | lr 0.000605117 | gnorm 0.198 | clip 1.000 | oom 0.000 | loss_scale 32.000 | wall 2844 | train_wall 2310
| epoch 016 | valid on 'valid' subset | loss 6.337 | nll_loss 3.946 | ppl 15.41 | num_updates 10924 | best_loss 6.3369
| epoch 017 | loss 5.049 | nll_loss 2.638 | ppl 6.23 | wps 49762 | ups 4 | wpb 13016.980 | bsz 946.969 | num_updates 11607 | lr 0.000587043 | gnorm 0.194 | clip 1.000 | oom 0.000 | loss_scale 32.000 | wall 3023 | train_wall 2456
| epoch 017 | valid on 'valid' subset | loss 6.337 | nll_loss 3.939 | ppl 15.34 | num_updates 11607 | best_loss 6.33665
| epoch 018 | loss 5.033 | nll_loss 2.618 | ppl 6.14 | wps 49904 | ups 4 | wpb 13016.980 | bsz 946.969 | num_updates 12290 | lr 0.000570498 | gnorm 0.194 | clip 1.000 | oom 0.000 | loss_scale 32.000 | wall 3202 | train_wall 2600
| epoch 018 | valid on 'valid' subset | loss 6.324 | nll_loss 3.917 | ppl 15.11 | num_updates 12290 | best_loss 6.32356
| epoch 019 | loss 5.016 | nll_loss 2.597 | ppl 6.05 | wps 50574 | ups 4 | wpb 13016.980 | bsz 946.969 | num_updates 12973 | lr 0.000555277 | gnorm 0.191 | clip 1.000 | oom 0.000 | loss_scale 32.000 | wall 3379 | train_wall 2744
| epoch 019 | valid on 'valid' subset | loss 6.286 | nll_loss 3.872 | ppl 14.64 | num_updates 12973 | best_loss 6.28637
| epoch 020 | loss 5.002 | nll_loss 2.579 | ppl 5.98 | wps 49685 | ups 4 | wpb 13016.980 | bsz 946.969 | num_updates 13656 | lr 0.000541213 | gnorm 0.192 | clip 1.000 | oom 0.000 | loss_scale 32.000 | wall 3559 | train_wall 2890
| epoch 020 | valid on 'valid' subset | loss 6.276 | nll_loss 3.861 | ppl 14.54 | num_updates 13656 | best_loss 6.27558
| saved checkpoint ./checkpoints/2020-07-04T01-44-04-00-exp31-lmvr-si-seed10/checkpoints_si_en/checkpoint20.pt (epoch 20 @ 13656 updates) (writing took 1.0505383014678955 seconds)
| epoch 021 | loss 4.988 | nll_loss 2.562 | ppl 5.91 | wps 49612 | ups 4 | wpb 13016.980 | bsz 946.969 | num_updates 14339 | lr 0.000528166 | gnorm 0.189 | clip 1.000 | oom 0.000 | loss_scale 64.000 | wall 3740 | train_wall 3036
| epoch 021 | valid on 'valid' subset | loss 6.228 | nll_loss 3.806 | ppl 13.99 | num_updates 14339 | best_loss 6.22775
| epoch 022 | loss 4.975 | nll_loss 2.546 | ppl 5.84 | wps 49980 | ups 4 | wpb 13016.980 | bsz 946.969 | num_updates 15022 | lr 0.00051602 | gnorm 0.189 | clip 1.000 | oom 0.000 | loss_scale 64.000 | wall 3919 | train_wall 3181
| epoch 022 | valid on 'valid' subset | loss 6.256 | nll_loss 3.816 | ppl 14.09 | num_updates 15022 | best_loss 6.25624
| WARNING: overflow detected, setting loss scale to: 32.0
| epoch 023 | loss 4.964 | nll_loss 2.531 | ppl 5.78 | wps 50052 | ups 4 | wpb 13017.148 | bsz 947.290 | num_updates 15704 | lr 0.00050469 | gnorm 0.188 | clip 1.000 | oom 0.000 | loss_scale 32.000 | wall 4097 | train_wall 3325
| epoch 023 | valid on 'valid' subset | loss 6.216 | nll_loss 3.774 | ppl 13.68 | num_updates 15704 | best_loss 6.21568
| epoch 024 | loss 4.953 | nll_loss 2.518 | ppl 5.73 | wps 49655 | ups 4 | wpb 13016.980 | bsz 946.969 | num_updates 16387 | lr 0.000494061 | gnorm 0.187 | clip 1.000 | oom 0.000 | loss_scale 32.000 | wall 4277 | train_wall 3471
| epoch 024 | valid on 'valid' subset | loss 6.190 | nll_loss 3.741 | ppl 13.37 | num_updates 16387 | best_loss 6.1896
| epoch 025 | loss 4.944 | nll_loss 2.506 | ppl 5.68 | wps 49676 | ups 4 | wpb 13016.980 | bsz 946.969 | num_updates 17070 | lr 0.000484076 | gnorm 0.187 | clip 1.000 | oom 0.000 | loss_scale 32.000 | wall 4457 | train_wall 3617
| epoch 025 | valid on 'valid' subset | loss 6.219 | nll_loss 3.771 | ppl 13.65 | num_updates 17070 | best_loss 6.21909
| epoch 026 | loss 4.935 | nll_loss 2.494 | ppl 5.64 | wps 49895 | ups 4 | wpb 13016.980 | bsz 946.969 | num_updates 17753 | lr 0.000474673 | gnorm 0.185 | clip 1.000 | oom 0.000 | loss_scale 32.000 | wall 4636 | train_wall 3762
| epoch 026 | valid on 'valid' subset | loss 6.148 | nll_loss 3.700 | ppl 12.99 | num_updates 17753 | best_loss 6.14826
| epoch 027 | loss 4.925 | nll_loss 2.482 | ppl 5.59 | wps 50129 | ups 4 | wpb 13016.980 | bsz 946.969 | num_updates 18436 | lr 0.000465797 | gnorm 0.185 | clip 1.000 | oom 0.000 | loss_scale 32.000 | wall 4814 | train_wall 3907
| epoch 027 | valid on 'valid' subset | loss 6.156 | nll_loss 3.692 | ppl 12.92 | num_updates 18436 | best_loss 6.15576
| epoch 028 | loss 4.917 | nll_loss 2.472 | ppl 5.55 | wps 50121 | ups 4 | wpb 13016.980 | bsz 946.969 | num_updates 19119 | lr 0.000457401 | gnorm 0.185 | clip 1.000 | oom 0.000 | loss_scale 32.000 | wall 4993 | train_wall 4051
| epoch 028 | valid on 'valid' subset | loss 6.154 | nll_loss 3.704 | ppl 13.03 | num_updates 19119 | best_loss 6.15425
| epoch 029 | loss 4.909 | nll_loss 2.463 | ppl 5.51 | wps 49789 | ups 4 | wpb 13016.980 | bsz 946.969 | num_updates 19802 | lr 0.000449444 | gnorm 0.184 | clip 1.000 | oom 0.000 | loss_scale 64.000 | wall 5172 | train_wall 4196
| epoch 029 | valid on 'valid' subset | loss 6.141 | nll_loss 3.675 | ppl 12.77 | num_updates 19802 | best_loss 6.14145
| epoch 030 | loss 4.902 | nll_loss 2.453 | ppl 5.48 | wps 49974 | ups 4 | wpb 13016.980 | bsz 946.969 | num_updates 20485 | lr 0.000441888 | gnorm 0.185 | clip 1.000 | oom 0.000 | loss_scale 64.000 | wall 5351 | train_wall 4341
| epoch 030 | valid on 'valid' subset | loss 6.121 | nll_loss 3.655 | ppl 12.6 | num_updates 20485 | best_loss 6.12097
| saved checkpoint ./checkpoints/2020-07-04T01-44-04-00-exp31-lmvr-si-seed10/checkpoints_si_en/checkpoint30.pt (epoch 30 @ 20485 updates) (writing took 1.0291328430175781 seconds)
| epoch 031 | loss 4.895 | nll_loss 2.445 | ppl 5.44 | wps 50149 | ups 4 | wpb 13016.980 | bsz 946.969 | num_updates 21168 | lr 0.0004347 | gnorm 0.183 | clip 1.000 | oom 0.000 | loss_scale 64.000 | wall 5530 | train_wall 4486
| epoch 031 | valid on 'valid' subset | loss 6.138 | nll_loss 3.669 | ppl 12.72 | num_updates 21168 | best_loss 6.12097
| epoch 032 | loss 4.888 | nll_loss 2.436 | ppl 5.41 | wps 49690 | ups 4 | wpb 13016.980 | bsz 946.969 | num_updates 21851 | lr 0.000427853 | gnorm 0.183 | clip 1.000 | oom 0.000 | loss_scale 64.000 | wall 5710 | train_wall 4631
| epoch 032 | valid on 'valid' subset | loss 6.104 | nll_loss 3.638 | ppl 12.45 | num_updates 21851 | best_loss 6.1038
| epoch 033 | loss 4.882 | nll_loss 2.428 | ppl 5.38 | wps 50631 | ups 4 | wpb 13016.980 | bsz 946.969 | num_updates 22534 | lr 0.000421319 | gnorm 0.184 | clip 1.000 | oom 0.000 | loss_scale 64.000 | wall 5886 | train_wall 4775
| epoch 033 | valid on 'valid' subset | loss 6.113 | nll_loss 3.647 | ppl 12.53 | num_updates 22534 | best_loss 6.11263
| epoch 034 | loss 4.876 | nll_loss 2.420 | ppl 5.35 | wps 49950 | ups 4 | wpb 13016.980 | bsz 946.969 | num_updates 23217 | lr 0.000415075 | gnorm 0.184 | clip 1.000 | oom 0.000 | loss_scale 64.000 | wall 6065 | train_wall 4921
| epoch 034 | valid on 'valid' subset | loss 6.063 | nll_loss 3.575 | ppl 11.92 | num_updates 23217 | best_loss 6.06276
| WARNING: overflow detected, setting loss scale to: 64.0
| WARNING: overflow detected, setting loss scale to: 32.0
| epoch 035 | loss 4.868 | nll_loss 2.410 | ppl 5.32 | wps 50039 | ups 4 | wpb 13015.978 | bsz 947.225 | num_updates 23898 | lr 0.000409119 | gnorm 0.183 | clip 1.000 | oom 0.000 | loss_scale 32.000 | wall 6243 | train_wall 5065
| epoch 035 | valid on 'valid' subset | loss 6.070 | nll_loss 3.594 | ppl 12.08 | num_updates 23898 | best_loss 6.07006
| epoch 036 | loss 4.864 | nll_loss 2.406 | ppl 5.3 | wps 50080 | ups 4 | wpb 13016.980 | bsz 946.969 | num_updates 24581 | lr 0.000403395 | gnorm 0.183 | clip 1.000 | oom 0.000 | loss_scale 32.000 | wall 6422 | train_wall 5210
| epoch 036 | valid on 'valid' subset | loss 6.064 | nll_loss 3.589 | ppl 12.04 | num_updates 24581 | best_loss 6.06446
| epoch 037 | loss 4.858 | nll_loss 2.398 | ppl 5.27 | wps 49887 | ups 4 | wpb 13016.980 | bsz 946.969 | num_updates 25264 | lr 0.000397905 | gnorm 0.183 | clip 1.000 | oom 0.000 | loss_scale 32.000 | wall 6601 | train_wall 5355
| epoch 037 | valid on 'valid' subset | loss 6.052 | nll_loss 3.565 | ppl 11.84 | num_updates 25264 | best_loss 6.05154
| epoch 038 | loss 4.854 | nll_loss 2.393 | ppl 5.25 | wps 49761 | ups 4 | wpb 13016.980 | bsz 946.969 | num_updates 25947 | lr 0.000392633 | gnorm 0.182 | clip 1.000 | oom 0.000 | loss_scale 32.000 | wall 6781 | train_wall 5501
| epoch 038 | valid on 'valid' subset | loss 6.061 | nll_loss 3.574 | ppl 11.91 | num_updates 25947 | best_loss 6.06062
| epoch 039 | loss 4.848 | nll_loss 2.386 | ppl 5.23 | wps 50750 | ups 4 | wpb 13016.980 | bsz 946.969 | num_updates 26630 | lr 0.000387565 | gnorm 0.182 | clip 1.000 | oom 0.000 | loss_scale 32.000 | wall 6957 | train_wall 5644
| epoch 039 | valid on 'valid' subset | loss 6.029 | nll_loss 3.537 | ppl 11.61 | num_updates 26630 | best_loss 6.02932
| epoch 040 | loss 4.844 | nll_loss 2.380 | ppl 5.21 | wps 50114 | ups 4 | wpb 13016.980 | bsz 946.969 | num_updates 27313 | lr 0.000382688 | gnorm 0.181 | clip 1.000 | oom 0.000 | loss_scale 32.000 | wall 7135 | train_wall 5789
| epoch 040 | valid on 'valid' subset | loss 6.041 | nll_loss 3.552 | ppl 11.73 | num_updates 27313 | best_loss 6.04088
| saved checkpoint ./checkpoints/2020-07-04T01-44-04-00-exp31-lmvr-si-seed10/checkpoints_si_en/checkpoint40.pt (epoch 40 @ 27313 updates) (writing took 1.150953769683838 seconds)
| epoch 041 | loss 4.839 | nll_loss 2.374 | ppl 5.18 | wps 49626 | ups 4 | wpb 13016.980 | bsz 946.969 | num_updates 27996 | lr 0.000377991 | gnorm 0.183 | clip 1.000 | oom 0.000 | loss_scale 64.000 | wall 7316 | train_wall 5934
| epoch 041 | valid on 'valid' subset | loss 6.031 | nll_loss 3.542 | ppl 11.65 | num_updates 27996 | best_loss 6.0305
| epoch 042 | loss 4.835 | nll_loss 2.368 | ppl 5.16 | wps 49976 | ups 4 | wpb 13016.980 | bsz 946.969 | num_updates 28679 | lr 0.000373463 | gnorm 0.183 | clip 1.000 | oom 0.000 | loss_scale 64.000 | wall 7495 | train_wall 6079
| epoch 042 | valid on 'valid' subset | loss 6.024 | nll_loss 3.527 | ppl 11.53 | num_updates 28679 | best_loss 6.02402
| epoch 043 | loss 4.830 | nll_loss 2.364 | ppl 5.15 | wps 50373 | ups 4 | wpb 13016.980 | bsz 946.969 | num_updates 29362 | lr 0.000369094 | gnorm 0.183 | clip 1.000 | oom 0.000 | loss_scale 64.000 | wall 7672 | train_wall 6224
| epoch 043 | valid on 'valid' subset | loss 6.029 | nll_loss 3.533 | ppl 11.57 | num_updates 29362 | best_loss 6.0292
| epoch 044 | loss 4.827 | nll_loss 2.359 | ppl 5.13 | wps 50026 | ups 4 | wpb 13016.980 | bsz 946.969 | num_updates 30045 | lr 0.000364875 | gnorm 0.183 | clip 1.000 | oom 0.000 | loss_scale 64.000 | wall 7851 | train_wall 6368
| epoch 044 | valid on 'valid' subset | loss 6.020 | nll_loss 3.522 | ppl 11.49 | num_updates 30045 | best_loss 6.02016
| WARNING: overflow detected, setting loss scale to: 32.0
| epoch 045 | loss 4.822 | nll_loss 2.353 | ppl 5.11 | wps 50183 | ups 4 | wpb 13014.186 | bsz 947.255 | num_updates 30727 | lr 0.000360803 | gnorm 0.183 | clip 1.000 | oom 0.000 | loss_scale 32.000 | wall 8029 | train_wall 6512
| epoch 045 | valid on 'valid' subset | loss 6.036 | nll_loss 3.539 | ppl 11.62 | num_updates 30727 | best_loss 6.03572
| epoch 046 | loss 4.819 | nll_loss 2.349 | ppl 5.09 | wps 50098 | ups 4 | wpb 13016.980 | bsz 946.969 | num_updates 31410 | lr 0.000356858 | gnorm 0.181 | clip 1.000 | oom 0.000 | loss_scale 32.000 | wall 8207 | train_wall 6657
| epoch 046 | valid on 'valid' subset | loss 5.989 | nll_loss 3.484 | ppl 11.19 | num_updates 31410 | best_loss 5.98883
| epoch 047 | loss 4.815 | nll_loss 2.344 | ppl 5.08 | wps 50114 | ups 4 | wpb 13016.980 | bsz 946.969 | num_updates 32093 | lr 0.000353041 | gnorm 0.183 | clip 1.000 | oom 0.000 | loss_scale 32.000 | wall 8385 | train_wall 6802
| epoch 047 | valid on 'valid' subset | loss 6.000 | nll_loss 3.498 | ppl 11.3 | num_updates 32093 | best_loss 6.00009
| epoch 048 | loss 4.811 | nll_loss 2.339 | ppl 5.06 | wps 50371 | ups 4 | wpb 13016.980 | bsz 946.969 | num_updates 32776 | lr 0.000349343 | gnorm 0.182 | clip 1.000 | oom 0.000 | loss_scale 32.000 | wall 8563 | train_wall 6946
| epoch 048 | valid on 'valid' subset | loss 5.997 | nll_loss 3.498 | ppl 11.3 | num_updates 32776 | best_loss 5.99743
| epoch 049 | loss 4.808 | nll_loss 2.335 | ppl 5.04 | wps 50478 | ups 4 | wpb 13016.980 | bsz 946.969 | num_updates 33459 | lr 0.000345759 | gnorm 0.182 | clip 1.000 | oom 0.000 | loss_scale 32.000 | wall 8740 | train_wall 7089
| epoch 049 | valid on 'valid' subset | loss 5.982 | nll_loss 3.482 | ppl 11.18 | num_updates 33459 | best_loss 5.98174
| epoch 050 | loss 4.804 | nll_loss 2.330 | ppl 5.03 | wps 50827 | ups 4 | wpb 13016.980 | bsz 946.969 | num_updates 34142 | lr 0.000342283 | gnorm 0.182 | clip 1.000 | oom 0.000 | loss_scale 32.000 | wall 8916 | train_wall 7233
| epoch 050 | valid on 'valid' subset | loss 5.999 | nll_loss 3.498 | ppl 11.3 | num_updates 34142 | best_loss 5.99861
| saved checkpoint ./checkpoints/2020-07-04T01-44-04-00-exp31-lmvr-si-seed10/checkpoints_si_en/checkpoint50.pt (epoch 50 @ 34142 updates) (writing took 1.199563980102539 seconds)
| WARNING: overflow detected, setting loss scale to: 16.0
| epoch 051 | loss 4.800 | nll_loss 2.326 | ppl 5.01 | wps 50097 | ups 4 | wpb 13016.419 | bsz 947.701 | num_updates 34824 | lr 0.000338915 | gnorm 0.183 | clip 1.000 | oom 0.000 | loss_scale 16.000 | wall 9095 | train_wall 7378
| epoch 051 | valid on 'valid' subset | loss 6.013 | nll_loss 3.518 | ppl 11.46 | num_updates 34824 | best_loss 5.99861
| epoch 052 | loss 4.797 | nll_loss 2.322 | ppl 5 | wps 50977 | ups 4 | wpb 13016.980 | bsz 946.969 | num_updates 35507 | lr 0.000335639 | gnorm 0.181 | clip 1.000 | oom 0.000 | loss_scale 16.000 | wall 9270 | train_wall 7520
| epoch 052 | valid on 'valid' subset | loss 5.980 | nll_loss 3.473 | ppl 11.1 | num_updates 35507 | best_loss 5.97979
| epoch 053 | loss 4.794 | nll_loss 2.318 | ppl 4.99 | wps 50574 | ups 4 | wpb 13016.980 | bsz 946.969 | num_updates 36190 | lr 0.000332457 | gnorm 0.183 | clip 1.000 | oom 0.000 | loss_scale 16.000 | wall 9447 | train_wall 7664
| epoch 053 | valid on 'valid' subset | loss 5.981 | nll_loss 3.476 | ppl 11.13 | num_updates 36190 | best_loss 5.98059
| epoch 054 | loss 4.792 | nll_loss 2.315 | ppl 4.98 | wps 50281 | ups 4 | wpb 13016.980 | bsz 946.969 | num_updates 36873 | lr 0.000329364 | gnorm 0.183 | clip 1.000 | oom 0.000 | loss_scale 16.000 | wall 9625 | train_wall 7809
| epoch 054 | valid on 'valid' subset | loss 5.995 | nll_loss 3.492 | ppl 11.25 | num_updates 36873 | best_loss 5.99474
| epoch 055 | loss 4.789 | nll_loss 2.311 | ppl 4.96 | wps 51040 | ups 4 | wpb 13016.980 | bsz 946.969 | num_updates 37556 | lr 0.000326355 | gnorm 0.183 | clip 1.000 | oom 0.000 | loss_scale 16.000 | wall 9800 | train_wall 7951
| epoch 055 | valid on 'valid' subset | loss 5.957 | nll_loss 3.453 | ppl 10.95 | num_updates 37556 | best_loss 5.95688
| epoch 056 | loss 4.786 | nll_loss 2.307 | ppl 4.95 | wps 50703 | ups 4 | wpb 13016.980 | bsz 946.969 | num_updates 38239 | lr 0.000323427 | gnorm 0.183 | clip 1.000 | oom 0.000 | loss_scale 16.000 | wall 9976 | train_wall 8095
| epoch 056 | valid on 'valid' subset | loss 6.005 | nll_loss 3.501 | ppl 11.32 | num_updates 38239 | best_loss 5.99861
| epoch 057 | loss 4.783 | nll_loss 2.304 | ppl 4.94 | wps 50198 | ups 4 | wpb 13016.980 | bsz 946.969 | num_updates 38922 | lr 0.000320577 | gnorm 0.184 | clip 1.000 | oom 0.000 | loss_scale 32.000 | wall 10154 | train_wall 8239
| epoch 057 | valid on 'valid' subset | loss 5.981 | nll_loss 3.476 | ppl 11.13 | num_updates 38922 | best_loss 5.98149
| epoch 058 | loss 4.780 | nll_loss 2.300 | ppl 4.92 | wps 50019 | ups 4 | wpb 13016.980 | bsz 946.969 | num_updates 39605 | lr 0.000317801 | gnorm 0.184 | clip 1.000 | oom 0.000 | loss_scale 32.000 | wall 10333 | train_wall 8384
| epoch 058 | valid on 'valid' subset | loss 5.963 | nll_loss 3.457 | ppl 10.98 | num_updates 39605 | best_loss 5.96347
| epoch 059 | loss 4.777 | nll_loss 2.296 | ppl 4.91 | wps 50876 | ups 4 | wpb 13016.980 | bsz 946.969 | num_updates 40288 | lr 0.000315095 | gnorm 0.183 | clip 1.000 | oom 0.000 | loss_scale 32.000 | wall 10508 | train_wall 8529
| epoch 059 | valid on 'valid' subset | loss 5.966 | nll_loss 3.453 | ppl 10.95 | num_updates 40288 | best_loss 5.96574
| epoch 060 | loss 4.774 | nll_loss 2.293 | ppl 4.9 | wps 51568 | ups 4 | wpb 13016.980 | bsz 946.969 | num_updates 40971 | lr 0.000312458 | gnorm 0.183 | clip 1.000 | oom 0.000 | loss_scale 32.000 | wall 10682 | train_wall 8671
| epoch 060 | valid on 'valid' subset | loss 5.984 | nll_loss 3.482 | ppl 11.17 | num_updates 40971 | best_loss 5.98398
| saved checkpoint ./checkpoints/2020-07-04T01-44-04-00-exp31-lmvr-si-seed10/checkpoints_si_en/checkpoint60.pt (epoch 60 @ 40971 updates) (writing took 1.0076086521148682 seconds)
| epoch 061 | loss 4.772 | nll_loss 2.290 | ppl 4.89 | wps 51719 | ups 4 | wpb 13016.980 | bsz 946.969 | num_updates 41654 | lr 0.000309886 | gnorm 0.184 | clip 1.000 | oom 0.000 | loss_scale 32.000 | wall 10855 | train_wall 8813
| epoch 061 | valid on 'valid' subset | loss 5.954 | nll_loss 3.440 | ppl 10.85 | num_updates 41654 | best_loss 5.95409
| epoch 062 | loss 4.770 | nll_loss 2.287 | ppl 4.88 | wps 50884 | ups 4 | wpb 13016.980 | bsz 946.969 | num_updates 42337 | lr 0.000307376 | gnorm 0.184 | clip 1.000 | oom 0.000 | loss_scale 32.000 | wall 11031 | train_wall 8957
| epoch 062 | valid on 'valid' subset | loss 5.953 | nll_loss 3.443 | ppl 10.88 | num_updates 42337 | best_loss 5.9532
| epoch 063 | loss 4.768 | nll_loss 2.284 | ppl 4.87 | wps 51224 | ups 4 | wpb 13016.980 | bsz 946.969 | num_updates 43020 | lr 0.000304926 | gnorm 0.183 | clip 1.000 | oom 0.000 | loss_scale 64.000 | wall 11205 | train_wall 9100
| epoch 063 | valid on 'valid' subset | loss 5.955 | nll_loss 3.448 | ppl 10.91 | num_updates 43020 | best_loss 5.95508
| epoch 064 | loss 4.765 | nll_loss 2.281 | ppl 4.86 | wps 51180 | ups 4 | wpb 13016.980 | bsz 946.969 | num_updates 43703 | lr 0.000302534 | gnorm 0.184 | clip 1.000 | oom 0.000 | loss_scale 64.000 | wall 11380 | train_wall 9243
| epoch 064 | valid on 'valid' subset | loss 5.954 | nll_loss 3.451 | ppl 10.93 | num_updates 43703 | best_loss 5.95394
| WARNING: overflow detected, setting loss scale to: 32.0
| epoch 065 | loss 4.763 | nll_loss 2.278 | ppl 4.85 | wps 50843 | ups 4 | wpb 13014.795 | bsz 946.610 | num_updates 44385 | lr 0.000300201 | gnorm 0.184 | clip 1.000 | oom 0.000 | loss_scale 32.000 | wall 11555 | train_wall 9386
| epoch 065 | valid on 'valid' subset | loss 5.938 | nll_loss 3.419 | ppl 10.69 | num_updates 44385 | best_loss 5.93802
| epoch 066 | loss 4.761 | nll_loss 2.276 | ppl 4.84 | wps 50990 | ups 4 | wpb 13016.980 | bsz 946.969 | num_updates 45068 | lr 0.000297917 | gnorm 0.184 | clip 1.000 | oom 0.000 | loss_scale 32.000 | wall 11731 | train_wall 9530
| epoch 066 | valid on 'valid' subset | loss 5.964 | nll_loss 3.451 | ppl 10.94 | num_updates 45068 | best_loss 5.96357
| epoch 067 | loss 4.757 | nll_loss 2.271 | ppl 4.83 | wps 51034 | ups 4 | wpb 13016.980 | bsz 946.969 | num_updates 45751 | lr 0.000295685 | gnorm 0.184 | clip 1.000 | oom 0.000 | loss_scale 32.000 | wall 11906 | train_wall 9673
| epoch 067 | valid on 'valid' subset | loss 5.951 | nll_loss 3.436 | ppl 10.83 | num_updates 45751 | best_loss 5.95101
| epoch 068 | loss 4.756 | nll_loss 2.269 | ppl 4.82 | wps 51130 | ups 4 | wpb 13016.980 | bsz 946.969 | num_updates 46434 | lr 0.000293503 | gnorm 0.185 | clip 1.000 | oom 0.000 | loss_scale 32.000 | wall 12081 | train_wall 9817
| epoch 068 | valid on 'valid' subset | loss 5.929 | nll_loss 3.413 | ppl 10.65 | num_updates 46434 | best_loss 5.92894
| epoch 069 | loss 4.753 | nll_loss 2.265 | ppl 4.81 | wps 51260 | ups 4 | wpb 13016.980 | bsz 946.969 | num_updates 47117 | lr 0.000291368 | gnorm 0.184 | clip 1.000 | oom 0.000 | loss_scale 32.000 | wall 12255 | train_wall 9960
| epoch 069 | valid on 'valid' subset | loss 5.932 | nll_loss 3.411 | ppl 10.63 | num_updates 47117 | best_loss 5.9323
| epoch 070 | loss 4.751 | nll_loss 2.263 | ppl 4.8 | wps 51738 | ups 4 | wpb 13016.980 | bsz 946.969 | num_updates 47800 | lr 0.000289278 | gnorm 0.184 | clip 1.000 | oom 0.000 | loss_scale 32.000 | wall 12428 | train_wall 10102
| epoch 070 | valid on 'valid' subset | loss 5.946 | nll_loss 3.436 | ppl 10.82 | num_updates 47800 | best_loss 5.94631
| saved checkpoint ./checkpoints/2020-07-04T01-44-04-00-exp31-lmvr-si-seed10/checkpoints_si_en/checkpoint70.pt (epoch 70 @ 47800 updates) (writing took 1.0351300239562988 seconds)
| epoch 071 | loss 4.749 | nll_loss 2.261 | ppl 4.79 | wps 51179 | ups 4 | wpb 13016.980 | bsz 946.969 | num_updates 48483 | lr 0.000287234 | gnorm 0.185 | clip 1.000 | oom 0.000 | loss_scale 64.000 | wall 12603 | train_wall 10245
| epoch 071 | valid on 'valid' subset | loss 5.942 | nll_loss 3.421 | ppl 10.71 | num_updates 48483 | best_loss 5.9417
| epoch 072 | loss 4.747 | nll_loss 2.258 | ppl 4.78 | wps 50984 | ups 4 | wpb 13016.980 | bsz 946.969 | num_updates 49166 | lr 0.000285232 | gnorm 0.184 | clip 1.000 | oom 0.000 | loss_scale 64.000 | wall 12778 | train_wall 10388
| epoch 072 | valid on 'valid' subset | loss 5.927 | nll_loss 3.408 | ppl 10.62 | num_updates 49166 | best_loss 5.92714
| epoch 073 | loss 4.746 | nll_loss 2.257 | ppl 4.78 | wps 51180 | ups 4 | wpb 13016.980 | bsz 946.969 | num_updates 49849 | lr 0.000283271 | gnorm 0.186 | clip 1.000 | oom 0.000 | loss_scale 64.000 | wall 12953 | train_wall 10531
| epoch 073 | valid on 'valid' subset | loss 5.934 | nll_loss 3.420 | ppl 10.7 | num_updates 49849 | best_loss 5.93358
| epoch 074 | loss 4.743 | nll_loss 2.253 | ppl 4.77 | wps 51124 | ups 4 | wpb 13016.980 | bsz 946.969 | num_updates 50532 | lr 0.00028135 | gnorm 0.185 | clip 1.000 | oom 0.000 | loss_scale 64.000 | wall 13128 | train_wall 10674
| epoch 074 | valid on 'valid' subset | loss 5.930 | nll_loss 3.418 | ppl 10.69 | num_updates 50532 | best_loss 5.93034
| epoch 075 | loss 4.742 | nll_loss 2.252 | ppl 4.76 | wps 51030 | ups 4 | wpb 13016.980 | bsz 946.969 | num_updates 51215 | lr 0.000279468 | gnorm 0.186 | clip 1.000 | oom 0.000 | loss_scale 64.000 | wall 13303 | train_wall 10818
| epoch 075 | valid on 'valid' subset | loss 5.962 | nll_loss 3.454 | ppl 10.96 | num_updates 51215 | best_loss 5.94631
| epoch 076 | loss 4.740 | nll_loss 2.249 | ppl 4.75 | wps 51384 | ups 4 | wpb 13016.980 | bsz 946.969 | num_updates 51898 | lr 0.000277623 | gnorm 0.185 | clip 1.000 | oom 0.000 | loss_scale 64.000 | wall 13477 | train_wall 10960
| epoch 076 | valid on 'valid' subset | loss 5.922 | nll_loss 3.409 | ppl 10.62 | num_updates 51898 | best_loss 5.92189
| WARNING: overflow detected, setting loss scale to: 64.0
| epoch 077 | loss 4.736 | nll_loss 2.244 | ppl 4.74 | wps 51120 | ups 4 | wpb 13015.764 | bsz 947.642 | num_updates 52580 | lr 0.000275816 | gnorm 0.185 | clip 1.000 | oom 0.000 | loss_scale 64.000 | wall 13651 | train_wall 11103
| epoch 077 | valid on 'valid' subset | loss 5.914 | nll_loss 3.394 | ppl 10.51 | num_updates 52580 | best_loss 5.91395
| epoch 078 | loss 4.736 | nll_loss 2.244 | ppl 4.74 | wps 51343 | ups 4 | wpb 13016.980 | bsz 946.969 | num_updates 53263 | lr 0.000274042 | gnorm 0.185 | clip 1.000 | oom 0.000 | loss_scale 64.000 | wall 13825 | train_wall 11246
| epoch 078 | valid on 'valid' subset | loss 5.926 | nll_loss 3.410 | ppl 10.63 | num_updates 53263 | best_loss 5.92631
| epoch 079 | loss 4.735 | nll_loss 2.243 | ppl 4.73 | wps 51528 | ups 4 | wpb 13016.980 | bsz 946.969 | num_updates 53946 | lr 0.000272302 | gnorm 0.187 | clip 1.000 | oom 0.000 | loss_scale 64.000 | wall 13999 | train_wall 11388
| epoch 079 | valid on 'valid' subset | loss 5.914 | nll_loss 3.395 | ppl 10.52 | num_updates 53946 | best_loss 5.91359
| epoch 080 | loss 4.732 | nll_loss 2.239 | ppl 4.72 | wps 51375 | ups 4 | wpb 13016.980 | bsz 946.969 | num_updates 54629 | lr 0.000270594 | gnorm 0.185 | clip 1.000 | oom 0.000 | loss_scale 64.000 | wall 14173 | train_wall 11530
| epoch 080 | valid on 'valid' subset | loss 5.902 | nll_loss 3.385 | ppl 10.44 | num_updates 54629 | best_loss 5.90208
| saved checkpoint ./checkpoints/2020-07-04T01-44-04-00-exp31-lmvr-si-seed10/checkpoints_si_en/checkpoint80.pt (epoch 80 @ 54629 updates) (writing took 1.003373146057129 seconds)
| epoch 081 | loss 4.730 | nll_loss 2.237 | ppl 4.72 | wps 51171 | ups 4 | wpb 13016.980 | bsz 946.969 | num_updates 55312 | lr 0.000268918 | gnorm 0.186 | clip 1.000 | oom 0.000 | loss_scale 64.000 | wall 14348 | train_wall 11674
| epoch 081 | valid on 'valid' subset | loss 5.933 | nll_loss 3.425 | ppl 10.74 | num_updates 55312 | best_loss 5.90208
| WARNING: overflow detected, setting loss scale to: 32.0
| epoch 082 | loss 4.730 | nll_loss 2.236 | ppl 4.71 | wps 51583 | ups 4 | wpb 13017.905 | bsz 947.103 | num_updates 55994 | lr 0.000267276 | gnorm 0.186 | clip 1.000 | oom 0.000 | loss_scale 32.000 | wall 14521 | train_wall 11815
| epoch 082 | valid on 'valid' subset | loss 5.930 | nll_loss 3.417 | ppl 10.68 | num_updates 55994 | best_loss 5.90208
| epoch 083 | loss 4.727 | nll_loss 2.233 | ppl 4.7 | wps 51194 | ups 4 | wpb 13016.980 | bsz 946.969 | num_updates 56677 | lr 0.00026566 | gnorm 0.186 | clip 1.000 | oom 0.000 | loss_scale 32.000 | wall 14696 | train_wall 11958
| epoch 083 | valid on 'valid' subset | loss 5.934 | nll_loss 3.415 | ppl 10.67 | num_updates 56677 | best_loss 5.90208
| epoch 084 | loss 4.725 | nll_loss 2.231 | ppl 4.69 | wps 51523 | ups 4 | wpb 13016.980 | bsz 946.969 | num_updates 57360 | lr 0.000264074 | gnorm 0.187 | clip 1.000 | oom 0.000 | loss_scale 32.000 | wall 14869 | train_wall 12101
| epoch 084 | valid on 'valid' subset | loss 5.904 | nll_loss 3.389 | ppl 10.47 | num_updates 57360 | best_loss 5.90208
| epoch 085 | loss 4.724 | nll_loss 2.230 | ppl 4.69 | wps 51507 | ups 4 | wpb 13016.980 | bsz 946.969 | num_updates 58043 | lr 0.000262516 | gnorm 0.187 | clip 1.000 | oom 0.000 | loss_scale 32.000 | wall 15043 | train_wall 12243
| epoch 085 | valid on 'valid' subset | loss 5.903 | nll_loss 3.387 | ppl 10.46 | num_updates 58043 | best_loss 5.90208
| epoch 086 | loss 4.722 | nll_loss 2.227 | ppl 4.68 | wps 51751 | ups 4 | wpb 13016.980 | bsz 946.969 | num_updates 58726 | lr 0.000260985 | gnorm 0.186 | clip 1.000 | oom 0.000 | loss_scale 32.000 | wall 15216 | train_wall 12385
| epoch 086 | valid on 'valid' subset | loss 5.903 | nll_loss 3.384 | ppl 10.44 | num_updates 58726 | best_loss 5.90208
| epoch 087 | loss 4.721 | nll_loss 2.226 | ppl 4.68 | wps 51434 | ups 4 | wpb 13016.980 | bsz 946.969 | num_updates 59409 | lr 0.00025948 | gnorm 0.188 | clip 1.000 | oom 0.000 | loss_scale 32.000 | wall 15389 | train_wall 12528
| epoch 087 | valid on 'valid' subset | loss 5.904 | nll_loss 3.389 | ppl 10.48 | num_updates 59409 | best_loss 5.90208
| epoch 088 | loss 4.719 | nll_loss 2.223 | ppl 4.67 | wps 50980 | ups 4 | wpb 13016.980 | bsz 946.969 | num_updates 60092 | lr 0.000258001 | gnorm 0.187 | clip 1.000 | oom 0.000 | loss_scale 64.000 | wall 15565 | train_wall 12672
| epoch 088 | valid on 'valid' subset | loss 5.901 | nll_loss 3.386 | ppl 10.45 | num_updates 60092 | best_loss 5.90138
| WARNING: overflow detected, setting loss scale to: 32.0
| epoch 089 | loss 4.717 | nll_loss 2.221 | ppl 4.66 | wps 50973 | ups 4 | wpb 13014.802 | bsz 946.387 | num_updates 60774 | lr 0.000256549 | gnorm 0.187 | clip 1.000 | oom 0.000 | loss_scale 32.000 | wall 15740 | train_wall 12816
| epoch 089 | valid on 'valid' subset | loss 5.898 | nll_loss 3.380 | ppl 10.41 | num_updates 60774 | best_loss 5.89776
| epoch 090 | loss 4.716 | nll_loss 2.219 | ppl 4.66 | wps 51769 | ups 4 | wpb 13016.980 | bsz 946.969 | num_updates 61457 | lr 0.00025512 | gnorm 0.186 | clip 1.000 | oom 0.000 | loss_scale 32.000 | wall 15912 | train_wall 12958
| epoch 090 | valid on 'valid' subset | loss 5.896 | nll_loss 3.379 | ppl 10.4 | num_updates 61457 | best_loss 5.89625
| saved checkpoint ./checkpoints/2020-07-04T01-44-04-00-exp31-lmvr-si-seed10/checkpoints_si_en/checkpoint90.pt (epoch 90 @ 61457 updates) (writing took 1.0214779376983643 seconds)
| epoch 091 | loss 4.715 | nll_loss 2.218 | ppl 4.65 | wps 51407 | ups 4 | wpb 13016.980 | bsz 946.969 | num_updates 62140 | lr 0.000253714 | gnorm 0.187 | clip 1.000 | oom 0.000 | loss_scale 32.000 | wall 16087 | train_wall 13100
| epoch 091 | valid on 'valid' subset | loss 5.934 | nll_loss 3.418 | ppl 10.69 | num_updates 62140 | best_loss 5.89625
| epoch 092 | loss 4.714 | nll_loss 2.216 | ppl 4.65 | wps 51101 | ups 4 | wpb 13016.980 | bsz 946.969 | num_updates 62823 | lr 0.000252331 | gnorm 0.187 | clip 1.000 | oom 0.000 | loss_scale 32.000 | wall 16262 | train_wall 13243
| epoch 092 | valid on 'valid' subset | loss 5.892 | nll_loss 3.374 | ppl 10.37 | num_updates 62823 | best_loss 5.89151
| epoch 093 | loss 4.712 | nll_loss 2.214 | ppl 4.64 | wps 51250 | ups 4 | wpb 13016.980 | bsz 946.969 | num_updates 63506 | lr 0.00025097 | gnorm 0.188 | clip 1.000 | oom 0.000 | loss_scale 32.000 | wall 16436 | train_wall 13387
| epoch 093 | valid on 'valid' subset | loss 5.897 | nll_loss 3.381 | ppl 10.42 | num_updates 63506 | best_loss 5.89625
| epoch 094 | loss 4.711 | nll_loss 2.213 | ppl 4.64 | wps 51316 | ups 4 | wpb 13016.980 | bsz 946.969 | num_updates 64189 | lr 0.000249632 | gnorm 0.187 | clip 1.000 | oom 0.000 | loss_scale 32.000 | wall 16610 | train_wall 13530
| epoch 094 | valid on 'valid' subset | loss 5.912 | nll_loss 3.393 | ppl 10.5 | num_updates 64189 | best_loss 5.89625
| epoch 095 | loss 4.709 | nll_loss 2.211 | ppl 4.63 | wps 51578 | ups 4 | wpb 13016.980 | bsz 946.969 | num_updates 64872 | lr 0.000248314 | gnorm 0.188 | clip 1.000 | oom 0.000 | loss_scale 64.000 | wall 16784 | train_wall 13673
| epoch 095 | valid on 'valid' subset | loss 5.899 | nll_loss 3.380 | ppl 10.41 | num_updates 64872 | best_loss 5.89625
| epoch 096 | loss 4.708 | nll_loss 2.210 | ppl 4.63 | wps 51552 | ups 4 | wpb 13016.980 | bsz 946.969 | num_updates 65555 | lr 0.000247017 | gnorm 0.188 | clip 1.000 | oom 0.000 | loss_scale 64.000 | wall 16957 | train_wall 13815
| epoch 096 | valid on 'valid' subset | loss 5.886 | nll_loss 3.366 | ppl 10.31 | num_updates 65555 | best_loss 5.88567
| WARNING: overflow detected, setting loss scale to: 32.0
| epoch 097 | loss 4.705 | nll_loss 2.205 | ppl 4.61 | wps 51174 | ups 4 | wpb 13017.578 | bsz 947.572 | num_updates 66237 | lr 0.000245742 | gnorm 0.187 | clip 1.000 | oom 0.000 | loss_scale 32.000 | wall 17131 | train_wall 13959
| epoch 097 | valid on 'valid' subset | loss 5.897 | nll_loss 3.376 | ppl 10.38 | num_updates 66237 | best_loss 5.89625
| epoch 098 | loss 4.705 | nll_loss 2.205 | ppl 4.61 | wps 51186 | ups 4 | wpb 13016.980 | bsz 946.969 | num_updates 66920 | lr 0.000244485 | gnorm 0.187 | clip 1.000 | oom 0.000 | loss_scale 32.000 | wall 17306 | train_wall 14102
| epoch 098 | valid on 'valid' subset | loss 5.881 | nll_loss 3.355 | ppl 10.23 | num_updates 66920 | best_loss 5.88079
| epoch 099 | loss 4.705 | nll_loss 2.205 | ppl 4.61 | wps 51310 | ups 4 | wpb 13016.980 | bsz 946.969 | num_updates 67603 | lr 0.000243247 | gnorm 0.188 | clip 1.000 | oom 0.000 | loss_scale 32.000 | wall 17480 | train_wall 14245
| epoch 099 | valid on 'valid' subset | loss 5.891 | nll_loss 3.374 | ppl 10.37 | num_updates 67603 | best_loss 5.89074
| epoch 100 | loss 4.703 | nll_loss 2.203 | ppl 4.6 | wps 51072 | ups 4 | wpb 13016.980 | bsz 946.969 | num_updates 68286 | lr 0.000242027 | gnorm 0.189 | clip 1.000 | oom 0.000 | loss_scale 32.000 | wall 17655 | train_wall 14388
| epoch 100 | valid on 'valid' subset | loss 5.900 | nll_loss 3.380 | ppl 10.41 | num_updates 68286 | best_loss 5.89625
| saved checkpoint ./checkpoints/2020-07-04T01-44-04-00-exp31-lmvr-si-seed10/checkpoints_si_en/checkpoint100.pt (epoch 100 @ 68286 updates) (writing took 0.6494612693786621 seconds)
| done training in 17651.0 seconds
Done training.
Time at end: Sat Jul 4 06:38:30 EDT 2020
