================ FLORES BASELINE WITH CLIP_NORM=0.1, BPE=7500 AND SEED=18  ================
About to train the supervised for the following language pair: SI-EN
Checkpoint directory unset! Setting to default value...
CHECKPOINT_DIR is set to './checkpoints/2020-04-10T14-44-04-00-exp25-bpe7500-seed18/checkpoints_si_en'
Creating checkpoint directory if it doesn't exist...
Data folder is: data-bin/wiki_si_en_bpe7500/
Beginning training...
Time at beginning: Fri Apr 10 21:37:22 EDT 2020
Namespace(activation_dropout=0.2, activation_fn='relu', adam_betas='(0.9, 0.98)', adam_eps=1e-08, adaptive_input=False, adaptive_softmax_cutoff=None, adaptive_softmax_dropout=0, arch='transformer', attention_dropout=0.2, best_checkpoint_metric='loss', bpe=None, bucket_cap_mb=25, clip_norm=0.1, cpu=False, criterion='label_smoothed_cross_entropy', cross_self_attention=False, curriculum=0, data='data-bin/wiki_si_en_bpe7500/', dataset_impl=None, ddp_backend='c10d', decoder_attention_heads=2, decoder_embed_dim=512, decoder_embed_path=None, decoder_ffn_embed_dim=2048, decoder_input_dim=512, decoder_layerdrop=0, decoder_layers=5, decoder_layers_to_keep=None, decoder_learned_pos=False, decoder_normalize_before=True, decoder_output_dim=512, device_id=0, disable_validation=False, distributed_backend='nccl', distributed_init_method=None, distributed_no_spawn=False, distributed_port=-1, distributed_rank=0, distributed_world_size=1, dropout=0.4, empty_cache_freq=0, encoder_attention_heads=2, encoder_embed_dim=512, encoder_embed_path=None, encoder_ffn_embed_dim=2048, encoder_layerdrop=0, encoder_layers=5, encoder_layers_to_keep=None, encoder_learned_pos=False, encoder_normalize_before=True, fast_stat_sync=False, find_unused_parameters=False, fix_batches_to_gpus=False, fixed_validation_seed=None, fp16=True, fp16_init_scale=128, fp16_scale_tolerance=0.0, fp16_scale_window=None, keep_interval_updates=-1, keep_last_epochs=-1, label_smoothing=0.2, layer_wise_attention=False, layernorm_embedding=False, lazy_load=False, left_pad_source='True', left_pad_target='False', load_alignments=False, log_format=None, log_interval=1000, lr=[0.001], lr_scheduler='inverse_sqrt', max_epoch=100, max_sentences=None, max_sentences_valid=None, max_source_positions=1024, max_target_positions=1024, max_tokens=4000, max_tokens_valid=4000, max_update=0, maximize_best_checkpoint_metric=False, memory_efficient_fp16=False, min_loss_scale=0.0001, min_lr=1e-09, no_cross_attention=False, no_epoch_checkpoints=False, no_last_checkpoints=False, no_progress_bar=False, no_save=False, no_save_optimizer_state=False, no_scale_embedding=False, no_token_positional_embeddings=False, num_workers=1, optimizer='adam', optimizer_overrides='{}', raw_text=False, required_batch_size_multiple=8, reset_dataloader=False, reset_lr_scheduler=False, reset_meters=False, reset_optimizer=False, restore_file='checkpoint_last.pt', save_dir='./checkpoints/2020-04-10T14-44-04-00-exp25-bpe7500-seed18/checkpoints_si_en', save_interval=10, save_interval_updates=0, seed=18, sentence_avg=False, share_all_embeddings=True, share_decoder_input_output_embed=False, skip_invalid_size_inputs_valid_test=False, source_lang='si', target_lang='en', task='translation', tensorboard_logdir='', threshold_loss_scale=None, tokenizer=None, train_subset='train', truncate_source=False, update_freq=[4], upsample_primary=1, use_bmuf=False, user_dir=None, valid_subset='valid', validate_interval=1, warmup_init_lr=1e-07, warmup_updates=4000, weight_decay=0.0001)
| [si] dictionary: 7464 types
| [en] dictionary: 7464 types
| loaded 2898 examples from: data-bin/wiki_si_en_bpe7500/valid.si-en.si
| loaded 2898 examples from: data-bin/wiki_si_en_bpe7500/valid.si-en.en
| data-bin/wiki_si_en_bpe7500/ valid si-en 2898 examples
TransformerModel(
  (encoder): TransformerEncoder(
    (embed_tokens): Embedding(7464, 512, padding_idx=1)
    (embed_positions): SinusoidalPositionalEmbedding()
    (layers): ModuleList(
      (0): TransformerEncoderLayer(
        (self_attn): MultiheadAttention(
          (k_proj): Linear(in_features=512, out_features=512, bias=True)
          (v_proj): Linear(in_features=512, out_features=512, bias=True)
          (q_proj): Linear(in_features=512, out_features=512, bias=True)
          (out_proj): Linear(in_features=512, out_features=512, bias=True)
        )
        (self_attn_layer_norm): LayerNorm((512,), eps=1e-05, elementwise_affine=True)
        (fc1): Linear(in_features=512, out_features=2048, bias=True)
        (fc2): Linear(in_features=2048, out_features=512, bias=True)
        (final_layer_norm): LayerNorm((512,), eps=1e-05, elementwise_affine=True)
      )
      (1): TransformerEncoderLayer(
        (self_attn): MultiheadAttention(
          (k_proj): Linear(in_features=512, out_features=512, bias=True)
          (v_proj): Linear(in_features=512, out_features=512, bias=True)
          (q_proj): Linear(in_features=512, out_features=512, bias=True)
          (out_proj): Linear(in_features=512, out_features=512, bias=True)
        )
        (self_attn_layer_norm): LayerNorm((512,), eps=1e-05, elementwise_affine=True)
        (fc1): Linear(in_features=512, out_features=2048, bias=True)
        (fc2): Linear(in_features=2048, out_features=512, bias=True)
        (final_layer_norm): LayerNorm((512,), eps=1e-05, elementwise_affine=True)
      )
      (2): TransformerEncoderLayer(
        (self_attn): MultiheadAttention(
          (k_proj): Linear(in_features=512, out_features=512, bias=True)
          (v_proj): Linear(in_features=512, out_features=512, bias=True)
          (q_proj): Linear(in_features=512, out_features=512, bias=True)
          (out_proj): Linear(in_features=512, out_features=512, bias=True)
        )
        (self_attn_layer_norm): LayerNorm((512,), eps=1e-05, elementwise_affine=True)
        (fc1): Linear(in_features=512, out_features=2048, bias=True)
        (fc2): Linear(in_features=2048, out_features=512, bias=True)
        (final_layer_norm): LayerNorm((512,), eps=1e-05, elementwise_affine=True)
      )
      (3): TransformerEncoderLayer(
        (self_attn): MultiheadAttention(
          (k_proj): Linear(in_features=512, out_features=512, bias=True)
          (v_proj): Linear(in_features=512, out_features=512, bias=True)
          (q_proj): Linear(in_features=512, out_features=512, bias=True)
          (out_proj): Linear(in_features=512, out_features=512, bias=True)
        )
        (self_attn_layer_norm): LayerNorm((512,), eps=1e-05, elementwise_affine=True)
        (fc1): Linear(in_features=512, out_features=2048, bias=True)
        (fc2): Linear(in_features=2048, out_features=512, bias=True)
        (final_layer_norm): LayerNorm((512,), eps=1e-05, elementwise_affine=True)
      )
      (4): TransformerEncoderLayer(
        (self_attn): MultiheadAttention(
          (k_proj): Linear(in_features=512, out_features=512, bias=True)
          (v_proj): Linear(in_features=512, out_features=512, bias=True)
          (q_proj): Linear(in_features=512, out_features=512, bias=True)
          (out_proj): Linear(in_features=512, out_features=512, bias=True)
        )
        (self_attn_layer_norm): LayerNorm((512,), eps=1e-05, elementwise_affine=True)
        (fc1): Linear(in_features=512, out_features=2048, bias=True)
        (fc2): Linear(in_features=2048, out_features=512, bias=True)
        (final_layer_norm): LayerNorm((512,), eps=1e-05, elementwise_affine=True)
      )
    )
    (layer_norm): LayerNorm((512,), eps=1e-05, elementwise_affine=True)
  )
  (decoder): TransformerDecoder(
    (embed_tokens): Embedding(7464, 512, padding_idx=1)
    (embed_positions): SinusoidalPositionalEmbedding()
    (layers): ModuleList(
      (0): TransformerDecoderLayer(
        (self_attn): MultiheadAttention(
          (k_proj): Linear(in_features=512, out_features=512, bias=True)
          (v_proj): Linear(in_features=512, out_features=512, bias=True)
          (q_proj): Linear(in_features=512, out_features=512, bias=True)
          (out_proj): Linear(in_features=512, out_features=512, bias=True)
        )
        (self_attn_layer_norm): LayerNorm((512,), eps=1e-05, elementwise_affine=True)
        (encoder_attn): MultiheadAttention(
          (k_proj): Linear(in_features=512, out_features=512, bias=True)
          (v_proj): Linear(in_features=512, out_features=512, bias=True)
          (q_proj): Linear(in_features=512, out_features=512, bias=True)
          (out_proj): Linear(in_features=512, out_features=512, bias=True)
        )
        (encoder_attn_layer_norm): LayerNorm((512,), eps=1e-05, elementwise_affine=True)
        (fc1): Linear(in_features=512, out_features=2048, bias=True)
        (fc2): Linear(in_features=2048, out_features=512, bias=True)
        (final_layer_norm): LayerNorm((512,), eps=1e-05, elementwise_affine=True)
      )
      (1): TransformerDecoderLayer(
        (self_attn): MultiheadAttention(
          (k_proj): Linear(in_features=512, out_features=512, bias=True)
          (v_proj): Linear(in_features=512, out_features=512, bias=True)
          (q_proj): Linear(in_features=512, out_features=512, bias=True)
          (out_proj): Linear(in_features=512, out_features=512, bias=True)
        )
        (self_attn_layer_norm): LayerNorm((512,), eps=1e-05, elementwise_affine=True)
        (encoder_attn): MultiheadAttention(
          (k_proj): Linear(in_features=512, out_features=512, bias=True)
          (v_proj): Linear(in_features=512, out_features=512, bias=True)
          (q_proj): Linear(in_features=512, out_features=512, bias=True)
          (out_proj): Linear(in_features=512, out_features=512, bias=True)
        )
        (encoder_attn_layer_norm): LayerNorm((512,), eps=1e-05, elementwise_affine=True)
        (fc1): Linear(in_features=512, out_features=2048, bias=True)
        (fc2): Linear(in_features=2048, out_features=512, bias=True)
        (final_layer_norm): LayerNorm((512,), eps=1e-05, elementwise_affine=True)
      )
      (2): TransformerDecoderLayer(
        (self_attn): MultiheadAttention(
          (k_proj): Linear(in_features=512, out_features=512, bias=True)
          (v_proj): Linear(in_features=512, out_features=512, bias=True)
          (q_proj): Linear(in_features=512, out_features=512, bias=True)
          (out_proj): Linear(in_features=512, out_features=512, bias=True)
        )
        (self_attn_layer_norm): LayerNorm((512,), eps=1e-05, elementwise_affine=True)
        (encoder_attn): MultiheadAttention(
          (k_proj): Linear(in_features=512, out_features=512, bias=True)
          (v_proj): Linear(in_features=512, out_features=512, bias=True)
          (q_proj): Linear(in_features=512, out_features=512, bias=True)
          (out_proj): Linear(in_features=512, out_features=512, bias=True)
        )
        (encoder_attn_layer_norm): LayerNorm((512,), eps=1e-05, elementwise_affine=True)
        (fc1): Linear(in_features=512, out_features=2048, bias=True)
        (fc2): Linear(in_features=2048, out_features=512, bias=True)
        (final_layer_norm): LayerNorm((512,), eps=1e-05, elementwise_affine=True)
      )
      (3): TransformerDecoderLayer(
        (self_attn): MultiheadAttention(
          (k_proj): Linear(in_features=512, out_features=512, bias=True)
          (v_proj): Linear(in_features=512, out_features=512, bias=True)
          (q_proj): Linear(in_features=512, out_features=512, bias=True)
          (out_proj): Linear(in_features=512, out_features=512, bias=True)
        )
        (self_attn_layer_norm): LayerNorm((512,), eps=1e-05, elementwise_affine=True)
        (encoder_attn): MultiheadAttention(
          (k_proj): Linear(in_features=512, out_features=512, bias=True)
          (v_proj): Linear(in_features=512, out_features=512, bias=True)
          (q_proj): Linear(in_features=512, out_features=512, bias=True)
          (out_proj): Linear(in_features=512, out_features=512, bias=True)
        )
        (encoder_attn_layer_norm): LayerNorm((512,), eps=1e-05, elementwise_affine=True)
        (fc1): Linear(in_features=512, out_features=2048, bias=True)
        (fc2): Linear(in_features=2048, out_features=512, bias=True)
        (final_layer_norm): LayerNorm((512,), eps=1e-05, elementwise_affine=True)
      )
      (4): TransformerDecoderLayer(
        (self_attn): MultiheadAttention(
          (k_proj): Linear(in_features=512, out_features=512, bias=True)
          (v_proj): Linear(in_features=512, out_features=512, bias=True)
          (q_proj): Linear(in_features=512, out_features=512, bias=True)
          (out_proj): Linear(in_features=512, out_features=512, bias=True)
        )
        (self_attn_layer_norm): LayerNorm((512,), eps=1e-05, elementwise_affine=True)
        (encoder_attn): MultiheadAttention(
          (k_proj): Linear(in_features=512, out_features=512, bias=True)
          (v_proj): Linear(in_features=512, out_features=512, bias=True)
          (q_proj): Linear(in_features=512, out_features=512, bias=True)
          (out_proj): Linear(in_features=512, out_features=512, bias=True)
        )
        (encoder_attn_layer_norm): LayerNorm((512,), eps=1e-05, elementwise_affine=True)
        (fc1): Linear(in_features=512, out_features=2048, bias=True)
        (fc2): Linear(in_features=2048, out_features=512, bias=True)
        (final_layer_norm): LayerNorm((512,), eps=1e-05, elementwise_affine=True)
      )
    )
    (layer_norm): LayerNorm((512,), eps=1e-05, elementwise_affine=True)
  )
)
| model transformer, criterion LabelSmoothedCrossEntropyCriterion
| num. model params: 40605696 (num. trained: 40605696)
| training on 1 GPUs
| max tokens per GPU = 4000 and max sentences per GPU = None
| no existing checkpoint found ./checkpoints/2020-04-10T14-44-04-00-exp25-bpe7500-seed18/checkpoints_si_en/checkpoint_last.pt
| loading train data for epoch 0
| loaded 385319 examples from: data-bin/wiki_si_en_bpe7500/train.si-en.si
| loaded 385319 examples from: data-bin/wiki_si_en_bpe7500/train.si-en.en
| data-bin/wiki_si_en_bpe7500/ train si-en 385319 examples
| WARNING: overflow detected, setting loss scale to: 64.0
| WARNING: overflow detected, setting loss scale to: 32.0
| WARNING: overflow detected, setting loss scale to: 16.0
| epoch 001 | loss 10.376 | nll_loss 9.424 | ppl 686.91 | wps 57229 | ups 4 | wpb 14109.965 | bsz 1020.413 | num_updates 375 | lr 9.38406e-05 | gnorm 0.793 | clip 1.000 | oom 0.000 | loss_scale 16.000 | wall 92 | train_wall 71
| epoch 001 | valid on 'valid' subset | loss 10.494 | nll_loss 9.542 | ppl 745.45 | num_updates 375
| epoch 002 | loss 8.686 | nll_loss 7.170 | ppl 143.97 | wps 59002 | ups 4 | wpb 14103.735 | bsz 1019.362 | num_updates 753 | lr 0.000188331 | gnorm 0.556 | clip 1.000 | oom 0.000 | loss_scale 16.000 | wall 184 | train_wall 142
| epoch 002 | valid on 'valid' subset | loss 9.801 | nll_loss 8.539 | ppl 371.95 | num_updates 753
| epoch 003 | loss 8.035 | nll_loss 6.302 | ppl 78.89 | wps 58855 | ups 4 | wpb 14103.735 | bsz 1019.362 | num_updates 1131 | lr 0.000282822 | gnorm 0.451 | clip 1.000 | oom 0.000 | loss_scale 16.000 | wall 275 | train_wall 214
| epoch 003 | valid on 'valid' subset | loss 9.214 | nll_loss 7.700 | ppl 207.91 | num_updates 1131
| epoch 004 | loss 7.550 | nll_loss 5.661 | ppl 50.58 | wps 59593 | ups 4 | wpb 14103.735 | bsz 1019.362 | num_updates 1509 | lr 0.000377312 | gnorm 0.416 | clip 1.000 | oom 0.000 | loss_scale 16.000 | wall 365 | train_wall 286
| epoch 004 | valid on 'valid' subset | loss 8.845 | nll_loss 7.151 | ppl 142.13 | num_updates 1509
| epoch 005 | loss 7.196 | nll_loss 5.192 | ppl 36.55 | wps 60074 | ups 4 | wpb 14103.735 | bsz 1019.362 | num_updates 1887 | lr 0.000471803 | gnorm 0.397 | clip 1.000 | oom 0.000 | loss_scale 16.000 | wall 454 | train_wall 355
| epoch 005 | valid on 'valid' subset | loss 8.535 | nll_loss 6.748 | ppl 107.46 | num_updates 1887
| epoch 006 | loss 6.935 | nll_loss 4.848 | ppl 28.79 | wps 60519 | ups 4 | wpb 14103.735 | bsz 1019.362 | num_updates 2265 | lr 0.000566293 | gnorm 0.374 | clip 1.000 | oom 0.000 | loss_scale 16.000 | wall 543 | train_wall 424
| epoch 006 | valid on 'valid' subset | loss 8.334 | nll_loss 6.460 | ppl 88.04 | num_updates 2265
| epoch 007 | loss 6.732 | nll_loss 4.582 | ppl 23.95 | wps 59699 | ups 4 | wpb 14103.735 | bsz 1019.362 | num_updates 2643 | lr 0.000660784 | gnorm 0.354 | clip 1.000 | oom 0.000 | loss_scale 16.000 | wall 633 | train_wall 494
| epoch 007 | valid on 'valid' subset | loss 8.157 | nll_loss 6.209 | ppl 73.96 | num_updates 2643
| epoch 008 | loss 6.567 | nll_loss 4.366 | ppl 20.62 | wps 60582 | ups 4 | wpb 14103.735 | bsz 1019.362 | num_updates 3021 | lr 0.000755274 | gnorm 0.337 | clip 1.000 | oom 0.000 | loss_scale 16.000 | wall 722 | train_wall 563
| epoch 008 | valid on 'valid' subset | loss 7.996 | nll_loss 5.967 | ppl 62.54 | num_updates 3021
| epoch 009 | loss 6.445 | nll_loss 4.207 | ppl 18.47 | wps 60101 | ups 4 | wpb 14103.735 | bsz 1019.362 | num_updates 3399 | lr 0.000849765 | gnorm 0.323 | clip 1.000 | oom 0.000 | loss_scale 16.000 | wall 811 | train_wall 634
| epoch 009 | valid on 'valid' subset | loss 7.871 | nll_loss 5.798 | ppl 55.63 | num_updates 3399
| epoch 010 | loss 6.348 | nll_loss 4.083 | ppl 16.94 | wps 59614 | ups 4 | wpb 14103.735 | bsz 1019.362 | num_updates 3777 | lr 0.000944256 | gnorm 0.309 | clip 1.000 | oom 0.000 | loss_scale 16.000 | wall 901 | train_wall 704
| epoch 010 | valid on 'valid' subset | loss 7.756 | nll_loss 5.660 | ppl 50.55 | num_updates 3777
| saved checkpoint ./checkpoints/2020-04-10T14-44-04-00-exp25-bpe7500-seed18/checkpoints_si_en/checkpoint10.pt (epoch 10 @ 3777 updates) (writing took 0.8442018032073975 seconds)
| epoch 011 | loss 6.278 | nll_loss 3.993 | ppl 15.92 | wps 60091 | ups 4 | wpb 14103.735 | bsz 1019.362 | num_updates 4155 | lr 0.00098117 | gnorm 0.294 | clip 1.000 | oom 0.000 | loss_scale 32.000 | wall 992 | train_wall 775
| epoch 011 | valid on 'valid' subset | loss 7.675 | nll_loss 5.528 | ppl 46.15 | num_updates 4155 | best_loss 7.67491
| epoch 012 | loss 6.196 | nll_loss 3.888 | ppl 14.81 | wps 60054 | ups 4 | wpb 14103.735 | bsz 1019.362 | num_updates 4533 | lr 0.000939371 | gnorm 0.270 | clip 1.000 | oom 0.000 | loss_scale 32.000 | wall 1081 | train_wall 845
| epoch 012 | valid on 'valid' subset | loss 7.565 | nll_loss 5.374 | ppl 41.47 | num_updates 4533 | best_loss 7.56504
| epoch 013 | loss 6.128 | nll_loss 3.801 | ppl 13.93 | wps 60444 | ups 4 | wpb 14103.735 | bsz 1019.362 | num_updates 4911 | lr 0.000902495 | gnorm 0.262 | clip 1.000 | oom 0.000 | loss_scale 32.000 | wall 1170 | train_wall 914
| epoch 013 | valid on 'valid' subset | loss 7.500 | nll_loss 5.273 | ppl 38.68 | num_updates 4911 | best_loss 7.50026
| epoch 014 | loss 6.067 | nll_loss 3.723 | ppl 13.2 | wps 60999 | ups 4 | wpb 14103.735 | bsz 1019.362 | num_updates 5289 | lr 0.000869647 | gnorm 0.248 | clip 1.000 | oom 0.000 | loss_scale 32.000 | wall 1258 | train_wall 983
| epoch 014 | valid on 'valid' subset | loss 7.420 | nll_loss 5.182 | ppl 36.3 | num_updates 5289 | best_loss 7.4198
| epoch 015 | loss 6.016 | nll_loss 3.658 | ppl 12.62 | wps 60618 | ups 4 | wpb 14103.735 | bsz 1019.362 | num_updates 5667 | lr 0.000840143 | gnorm 0.239 | clip 1.000 | oom 0.000 | loss_scale 32.000 | wall 1347 | train_wall 1053
| epoch 015 | valid on 'valid' subset | loss 7.359 | nll_loss 5.085 | ppl 33.94 | num_updates 5667 | best_loss 7.35934
| epoch 016 | loss 5.972 | nll_loss 3.602 | ppl 12.14 | wps 61621 | ups 4 | wpb 14103.735 | bsz 1019.362 | num_updates 6045 | lr 0.000813452 | gnorm 0.232 | clip 1.000 | oom 0.000 | loss_scale 32.000 | wall 1434 | train_wall 1121
| epoch 016 | valid on 'valid' subset | loss 7.351 | nll_loss 5.082 | ppl 33.88 | num_updates 6045 | best_loss 7.35098
| epoch 017 | loss 5.933 | nll_loss 3.553 | ppl 11.74 | wps 60086 | ups 4 | wpb 14103.735 | bsz 1019.362 | num_updates 6423 | lr 0.000789153 | gnorm 0.226 | clip 1.000 | oom 0.000 | loss_scale 32.000 | wall 1523 | train_wall 1191
| epoch 017 | valid on 'valid' subset | loss 7.303 | nll_loss 5.009 | ppl 32.2 | num_updates 6423 | best_loss 7.30276
| epoch 018 | loss 5.900 | nll_loss 3.510 | ppl 11.39 | wps 60118 | ups 4 | wpb 14103.735 | bsz 1019.362 | num_updates 6801 | lr 0.000766909 | gnorm 0.221 | clip 1.000 | oom 0.000 | loss_scale 32.000 | wall 1613 | train_wall 1261
| epoch 018 | valid on 'valid' subset | loss 7.231 | nll_loss 4.919 | ppl 30.26 | num_updates 6801 | best_loss 7.23062
| epoch 019 | loss 5.870 | nll_loss 3.472 | ppl 11.1 | wps 59833 | ups 4 | wpb 14103.735 | bsz 1019.362 | num_updates 7179 | lr 0.000746445 | gnorm 0.220 | clip 1.000 | oom 0.000 | loss_scale 32.000 | wall 1703 | train_wall 1331
| epoch 019 | valid on 'valid' subset | loss 7.228 | nll_loss 4.889 | ppl 29.62 | num_updates 7179 | best_loss 7.22807
| epoch 020 | loss 5.842 | nll_loss 3.437 | ppl 10.83 | wps 61464 | ups 4 | wpb 14103.735 | bsz 1019.362 | num_updates 7557 | lr 0.000727537 | gnorm 0.213 | clip 1.000 | oom 0.000 | loss_scale 32.000 | wall 1790 | train_wall 1399
| epoch 020 | valid on 'valid' subset | loss 7.176 | nll_loss 4.831 | ppl 28.46 | num_updates 7557 | best_loss 7.17599
| saved checkpoint ./checkpoints/2020-04-10T14-44-04-00-exp25-bpe7500-seed18/checkpoints_si_en/checkpoint20.pt (epoch 20 @ 7557 updates) (writing took 1.5247547626495361 seconds)
| epoch 021 | loss 5.818 | nll_loss 3.405 | ppl 10.6 | wps 60427 | ups 4 | wpb 14103.735 | bsz 1019.362 | num_updates 7935 | lr 0.000709997 | gnorm 0.212 | clip 1.000 | oom 0.000 | loss_scale 32.000 | wall 1880 | train_wall 1468
| epoch 021 | valid on 'valid' subset | loss 7.193 | nll_loss 4.837 | ppl 28.59 | num_updates 7935 | best_loss 7.17599
| epoch 022 | loss 5.796 | nll_loss 3.378 | ppl 10.39 | wps 60401 | ups 4 | wpb 14103.735 | bsz 1019.362 | num_updates 8313 | lr 0.000693667 | gnorm 0.210 | clip 1.000 | oom 0.000 | loss_scale 64.000 | wall 1969 | train_wall 1537
| epoch 022 | valid on 'valid' subset | loss 7.128 | nll_loss 4.756 | ppl 27.02 | num_updates 8313 | best_loss 7.12775
| epoch 023 | loss 5.774 | nll_loss 3.350 | ppl 10.2 | wps 59901 | ups 4 | wpb 14103.735 | bsz 1019.362 | num_updates 8691 | lr 0.000678414 | gnorm 0.207 | clip 1.000 | oom 0.000 | loss_scale 64.000 | wall 2059 | train_wall 1608
| epoch 023 | valid on 'valid' subset | loss 7.122 | nll_loss 4.744 | ppl 26.81 | num_updates 8691 | best_loss 7.12244
| epoch 024 | loss 5.756 | nll_loss 3.327 | ppl 10.03 | wps 60221 | ups 4 | wpb 14103.735 | bsz 1019.362 | num_updates 9069 | lr 0.000664126 | gnorm 0.206 | clip 1.000 | oom 0.000 | loss_scale 64.000 | wall 2148 | train_wall 1678
| epoch 024 | valid on 'valid' subset | loss 7.120 | nll_loss 4.746 | ppl 26.83 | num_updates 9069 | best_loss 7.1201
| epoch 025 | loss 5.738 | nll_loss 3.304 | ppl 9.88 | wps 59687 | ups 4 | wpb 14103.735 | bsz 1019.362 | num_updates 9447 | lr 0.000650703 | gnorm 0.206 | clip 1.000 | oom 0.000 | loss_scale 64.000 | wall 2238 | train_wall 1749
| epoch 025 | valid on 'valid' subset | loss 7.054 | nll_loss 4.666 | ppl 25.39 | num_updates 9447 | best_loss 7.05426
| epoch 026 | loss 5.723 | nll_loss 3.284 | ppl 9.74 | wps 60648 | ups 4 | wpb 14103.735 | bsz 1019.362 | num_updates 9825 | lr 0.000638063 | gnorm 0.203 | clip 1.000 | oom 0.000 | loss_scale 64.000 | wall 2327 | train_wall 1819
| epoch 026 | valid on 'valid' subset | loss 7.107 | nll_loss 4.723 | ppl 26.41 | num_updates 9825 | best_loss 7.10741
| epoch 027 | loss 5.705 | nll_loss 3.262 | ppl 9.59 | wps 60765 | ups 4 | wpb 14103.735 | bsz 1019.362 | num_updates 10203 | lr 0.000626132 | gnorm 0.199 | clip 1.000 | oom 0.000 | loss_scale 64.000 | wall 2415 | train_wall 1888
| epoch 027 | valid on 'valid' subset | loss 7.098 | nll_loss 4.718 | ppl 26.33 | num_updates 10203 | best_loss 7.09761
| epoch 028 | loss 5.691 | nll_loss 3.244 | ppl 9.47 | wps 59463 | ups 4 | wpb 14103.735 | bsz 1019.362 | num_updates 10581 | lr 0.000614846 | gnorm 0.198 | clip 1.000 | oom 0.000 | loss_scale 64.000 | wall 2506 | train_wall 1958
| epoch 028 | valid on 'valid' subset | loss 7.008 | nll_loss 4.606 | ppl 24.36 | num_updates 10581 | best_loss 7.00828
| epoch 029 | loss 5.677 | nll_loss 3.226 | ppl 9.35 | wps 60040 | ups 4 | wpb 14103.735 | bsz 1019.362 | num_updates 10959 | lr 0.00060415 | gnorm 0.196 | clip 1.000 | oom 0.000 | loss_scale 64.000 | wall 2595 | train_wall 2029
| epoch 029 | valid on 'valid' subset | loss 7.006 | nll_loss 4.600 | ppl 24.24 | num_updates 10959 | best_loss 7.00584
| epoch 030 | loss 5.664 | nll_loss 3.209 | ppl 9.25 | wps 59874 | ups 4 | wpb 14103.735 | bsz 1019.362 | num_updates 11337 | lr 0.000593992 | gnorm 0.197 | clip 1.000 | oom 0.000 | loss_scale 64.000 | wall 2685 | train_wall 2099
| epoch 030 | valid on 'valid' subset | loss 7.016 | nll_loss 4.609 | ppl 24.41 | num_updates 11337 | best_loss 7.01598
| saved checkpoint ./checkpoints/2020-04-10T14-44-04-00-exp25-bpe7500-seed18/checkpoints_si_en/checkpoint30.pt (epoch 30 @ 11337 updates) (writing took 1.116525411605835 seconds)
| epoch 031 | loss 5.653 | nll_loss 3.196 | ppl 9.16 | wps 60258 | ups 4 | wpb 14103.735 | bsz 1019.362 | num_updates 11715 | lr 0.000584331 | gnorm 0.198 | clip 1.000 | oom 0.000 | loss_scale 64.000 | wall 2775 | train_wall 2168
| epoch 031 | valid on 'valid' subset | loss 6.957 | nll_loss 4.546 | ppl 23.36 | num_updates 11715 | best_loss 6.95701
| epoch 032 | loss 5.642 | nll_loss 3.182 | ppl 9.07 | wps 60384 | ups 4 | wpb 14103.735 | bsz 1019.362 | num_updates 12093 | lr 0.000575126 | gnorm 0.197 | clip 1.000 | oom 0.000 | loss_scale 64.000 | wall 2864 | train_wall 2239
| epoch 032 | valid on 'valid' subset | loss 6.941 | nll_loss 4.514 | ppl 22.84 | num_updates 12093 | best_loss 6.94145
| WARNING: overflow detected, setting loss scale to: 64.0
| epoch 033 | loss 5.626 | nll_loss 3.161 | ppl 8.94 | wps 60052 | ups 4 | wpb 14113.968 | bsz 1021.048 | num_updates 12470 | lr 0.000566365 | gnorm 0.194 | clip 1.000 | oom 0.000 | loss_scale 64.000 | wall 2953 | train_wall 2308
| epoch 033 | valid on 'valid' subset | loss 6.990 | nll_loss 4.561 | ppl 23.6 | num_updates 12470 | best_loss 6.98988
| epoch 034 | loss 5.620 | nll_loss 3.154 | ppl 8.9 | wps 60403 | ups 4 | wpb 14103.735 | bsz 1019.362 | num_updates 12848 | lr 0.000557972 | gnorm 0.196 | clip 1.000 | oom 0.000 | loss_scale 64.000 | wall 3042 | train_wall 2379
| epoch 034 | valid on 'valid' subset | loss 6.937 | nll_loss 4.492 | ppl 22.5 | num_updates 12848 | best_loss 6.93743
| epoch 035 | loss 5.610 | nll_loss 3.140 | ppl 8.82 | wps 59650 | ups 4 | wpb 14103.735 | bsz 1019.362 | num_updates 13226 | lr 0.000549941 | gnorm 0.192 | clip 1.000 | oom 0.000 | loss_scale 64.000 | wall 3132 | train_wall 2449
| epoch 035 | valid on 'valid' subset | loss 6.951 | nll_loss 4.507 | ppl 22.74 | num_updates 13226 | best_loss 6.9506
| epoch 036 | loss 5.600 | nll_loss 3.128 | ppl 8.74 | wps 60183 | ups 4 | wpb 14103.735 | bsz 1019.362 | num_updates 13604 | lr 0.000542246 | gnorm 0.194 | clip 1.000 | oom 0.000 | loss_scale 64.000 | wall 3221 | train_wall 2520
| epoch 036 | valid on 'valid' subset | loss 6.927 | nll_loss 4.473 | ppl 22.2 | num_updates 13604 | best_loss 6.92696
| epoch 037 | loss 5.591 | nll_loss 3.116 | ppl 8.67 | wps 59997 | ups 4 | wpb 14103.735 | bsz 1019.362 | num_updates 13982 | lr 0.000534866 | gnorm 0.193 | clip 1.000 | oom 0.000 | loss_scale 64.000 | wall 3311 | train_wall 2590
| epoch 037 | valid on 'valid' subset | loss 6.923 | nll_loss 4.463 | ppl 22.05 | num_updates 13982 | best_loss 6.92334
| epoch 038 | loss 5.583 | nll_loss 3.106 | ppl 8.61 | wps 60588 | ups 4 | wpb 14103.735 | bsz 1019.362 | num_updates 14360 | lr 0.00052778 | gnorm 0.192 | clip 1.000 | oom 0.000 | loss_scale 64.000 | wall 3400 | train_wall 2659
| epoch 038 | valid on 'valid' subset | loss 6.907 | nll_loss 4.445 | ppl 21.78 | num_updates 14360 | best_loss 6.90669
| epoch 039 | loss 5.575 | nll_loss 3.096 | ppl 8.55 | wps 60364 | ups 4 | wpb 14103.735 | bsz 1019.362 | num_updates 14738 | lr 0.000520968 | gnorm 0.192 | clip 1.000 | oom 0.000 | loss_scale 64.000 | wall 3489 | train_wall 2729
| epoch 039 | valid on 'valid' subset | loss 6.896 | nll_loss 4.436 | ppl 21.65 | num_updates 14738 | best_loss 6.89617
| epoch 040 | loss 5.567 | nll_loss 3.086 | ppl 8.49 | wps 60048 | ups 4 | wpb 14103.735 | bsz 1019.362 | num_updates 15116 | lr 0.000514413 | gnorm 0.194 | clip 1.000 | oom 0.000 | loss_scale 64.000 | wall 3578 | train_wall 2799
| epoch 040 | valid on 'valid' subset | loss 6.906 | nll_loss 4.445 | ppl 21.79 | num_updates 15116 | best_loss 6.90639
| saved checkpoint ./checkpoints/2020-04-10T14-44-04-00-exp25-bpe7500-seed18/checkpoints_si_en/checkpoint40.pt (epoch 40 @ 15116 updates) (writing took 1.2112388610839844 seconds)
| epoch 041 | loss 5.560 | nll_loss 3.077 | ppl 8.44 | wps 59941 | ups 4 | wpb 14103.735 | bsz 1019.362 | num_updates 15494 | lr 0.000508099 | gnorm 0.194 | clip 1.000 | oom 0.000 | loss_scale 64.000 | wall 3669 | train_wall 2870
| epoch 041 | valid on 'valid' subset | loss 6.903 | nll_loss 4.441 | ppl 21.72 | num_updates 15494 | best_loss 6.90273
| epoch 042 | loss 5.552 | nll_loss 3.066 | ppl 8.38 | wps 60310 | ups 4 | wpb 14103.735 | bsz 1019.362 | num_updates 15872 | lr 0.000502012 | gnorm 0.192 | clip 1.000 | oom 0.000 | loss_scale 64.000 | wall 3758 | train_wall 2939
| epoch 042 | valid on 'valid' subset | loss 6.884 | nll_loss 4.419 | ppl 21.39 | num_updates 15872 | best_loss 6.88406
| epoch 043 | loss 5.544 | nll_loss 3.057 | ppl 8.32 | wps 60716 | ups 4 | wpb 14103.735 | bsz 1019.362 | num_updates 16250 | lr 0.000496139 | gnorm 0.190 | clip 1.000 | oom 0.000 | loss_scale 64.000 | wall 3847 | train_wall 3009
| epoch 043 | valid on 'valid' subset | loss 6.912 | nll_loss 4.444 | ppl 21.76 | num_updates 16250 | best_loss 6.90639
| WARNING: overflow detected, setting loss scale to: 64.0
| epoch 044 | loss 5.536 | nll_loss 3.046 | ppl 8.26 | wps 59357 | ups 4 | wpb 14100.061 | bsz 1019.477 | num_updates 16627 | lr 0.000490482 | gnorm 0.189 | clip 1.000 | oom 0.000 | loss_scale 64.000 | wall 3937 | train_wall 3079
| epoch 044 | valid on 'valid' subset | loss 6.879 | nll_loss 4.419 | ppl 21.39 | num_updates 16627 | best_loss 6.87931
| epoch 045 | loss 5.531 | nll_loss 3.040 | ppl 8.22 | wps 60000 | ups 4 | wpb 14103.735 | bsz 1019.362 | num_updates 17005 | lr 0.000485 | gnorm 0.190 | clip 1.000 | oom 0.000 | loss_scale 64.000 | wall 4026 | train_wall 3150
| epoch 045 | valid on 'valid' subset | loss 6.878 | nll_loss 4.411 | ppl 21.28 | num_updates 17005 | best_loss 6.87778
| epoch 046 | loss 5.525 | nll_loss 3.032 | ppl 8.18 | wps 59657 | ups 4 | wpb 14103.735 | bsz 1019.362 | num_updates 17383 | lr 0.000479698 | gnorm 0.192 | clip 1.000 | oom 0.000 | loss_scale 64.000 | wall 4116 | train_wall 3220
| epoch 046 | valid on 'valid' subset | loss 6.847 | nll_loss 4.376 | ppl 20.76 | num_updates 17383 | best_loss 6.84668
| epoch 047 | loss 5.518 | nll_loss 3.023 | ppl 8.13 | wps 60536 | ups 4 | wpb 14103.735 | bsz 1019.362 | num_updates 17761 | lr 0.000474566 | gnorm 0.190 | clip 1.000 | oom 0.000 | loss_scale 64.000 | wall 4205 | train_wall 3289
| epoch 047 | valid on 'valid' subset | loss 6.850 | nll_loss 4.377 | ppl 20.78 | num_updates 17761 | best_loss 6.8498
| epoch 048 | loss 5.512 | nll_loss 3.015 | ppl 8.08 | wps 59737 | ups 4 | wpb 14103.735 | bsz 1019.362 | num_updates 18139 | lr 0.000469595 | gnorm 0.190 | clip 1.000 | oom 0.000 | loss_scale 64.000 | wall 4295 | train_wall 3360
| epoch 048 | valid on 'valid' subset | loss 6.860 | nll_loss 4.380 | ppl 20.83 | num_updates 18139 | best_loss 6.86032
| epoch 049 | loss 5.509 | nll_loss 3.011 | ppl 8.06 | wps 60217 | ups 4 | wpb 14103.735 | bsz 1019.362 | num_updates 18517 | lr 0.000464777 | gnorm 0.193 | clip 1.000 | oom 0.000 | loss_scale 64.000 | wall 4384 | train_wall 3429
| epoch 049 | valid on 'valid' subset | loss 6.835 | nll_loss 4.351 | ppl 20.4 | num_updates 18517 | best_loss 6.8346
| epoch 050 | loss 5.500 | nll_loss 3.001 | ppl 8 | wps 60507 | ups 4 | wpb 14103.735 | bsz 1019.362 | num_updates 18895 | lr 0.000460105 | gnorm 0.188 | clip 1.000 | oom 0.000 | loss_scale 64.000 | wall 4473 | train_wall 3499
| epoch 050 | valid on 'valid' subset | loss 6.866 | nll_loss 4.390 | ppl 20.96 | num_updates 18895 | best_loss 6.86587
| saved checkpoint ./checkpoints/2020-04-10T14-44-04-00-exp25-bpe7500-seed18/checkpoints_si_en/checkpoint50.pt (epoch 50 @ 18895 updates) (writing took 1.1500020027160645 seconds)
| epoch 051 | loss 5.495 | nll_loss 2.994 | ppl 7.97 | wps 59927 | ups 4 | wpb 14103.735 | bsz 1019.362 | num_updates 19273 | lr 0.00045557 | gnorm 0.189 | clip 1.000 | oom 0.000 | loss_scale 64.000 | wall 4564 | train_wall 3570
| epoch 051 | valid on 'valid' subset | loss 6.820 | nll_loss 4.335 | ppl 20.19 | num_updates 19273 | best_loss 6.81961
| epoch 052 | loss 5.490 | nll_loss 2.987 | ppl 7.93 | wps 59789 | ups 4 | wpb 14103.735 | bsz 1019.362 | num_updates 19651 | lr 0.000451167 | gnorm 0.191 | clip 1.000 | oom 0.000 | loss_scale 64.000 | wall 4654 | train_wall 3640
| epoch 052 | valid on 'valid' subset | loss 6.803 | nll_loss 4.315 | ppl 19.9 | num_updates 19651 | best_loss 6.80273
| epoch 053 | loss 5.486 | nll_loss 2.982 | ppl 7.9 | wps 60162 | ups 4 | wpb 14103.735 | bsz 1019.362 | num_updates 20029 | lr 0.00044689 | gnorm 0.191 | clip 1.000 | oom 0.000 | loss_scale 64.000 | wall 4743 | train_wall 3710
| epoch 053 | valid on 'valid' subset | loss 6.814 | nll_loss 4.324 | ppl 20.03 | num_updates 20029 | best_loss 6.81434
| epoch 054 | loss 5.479 | nll_loss 2.974 | ppl 7.85 | wps 59965 | ups 4 | wpb 14103.735 | bsz 1019.362 | num_updates 20407 | lr 0.000442731 | gnorm 0.188 | clip 1.000 | oom 0.000 | loss_scale 64.000 | wall 4833 | train_wall 3781
| epoch 054 | valid on 'valid' subset | loss 6.813 | nll_loss 4.320 | ppl 19.97 | num_updates 20407 | best_loss 6.81335
| WARNING: overflow detected, setting loss scale to: 64.0
| epoch 055 | loss 5.474 | nll_loss 2.967 | ppl 7.82 | wps 59977 | ups 4 | wpb 14101.650 | bsz 1019.753 | num_updates 20784 | lr 0.000438698 | gnorm 0.189 | clip 1.000 | oom 0.000 | loss_scale 64.000 | wall 4922 | train_wall 3851
| epoch 055 | valid on 'valid' subset | loss 6.802 | nll_loss 4.318 | ppl 19.94 | num_updates 20784 | best_loss 6.80163
| epoch 056 | loss 5.470 | nll_loss 2.962 | ppl 7.79 | wps 59758 | ups 4 | wpb 14103.735 | bsz 1019.362 | num_updates 21162 | lr 0.000434762 | gnorm 0.189 | clip 1.000 | oom 0.000 | loss_scale 64.000 | wall 5012 | train_wall 3922
| epoch 056 | valid on 'valid' subset | loss 6.813 | nll_loss 4.320 | ppl 19.97 | num_updates 21162 | best_loss 6.81276
| epoch 057 | loss 5.467 | nll_loss 2.957 | ppl 7.77 | wps 59703 | ups 4 | wpb 14103.735 | bsz 1019.362 | num_updates 21540 | lr 0.00043093 | gnorm 0.189 | clip 1.000 | oom 0.000 | loss_scale 64.000 | wall 5102 | train_wall 3992
| epoch 057 | valid on 'valid' subset | loss 6.808 | nll_loss 4.314 | ppl 19.89 | num_updates 21540 | best_loss 6.80808
| epoch 058 | loss 5.462 | nll_loss 2.951 | ppl 7.73 | wps 60701 | ups 4 | wpb 14103.735 | bsz 1019.362 | num_updates 21918 | lr 0.000427198 | gnorm 0.189 | clip 1.000 | oom 0.000 | loss_scale 64.000 | wall 5190 | train_wall 4062
| epoch 058 | valid on 'valid' subset | loss 6.807 | nll_loss 4.312 | ppl 19.87 | num_updates 21918 | best_loss 6.80699
| epoch 059 | loss 5.458 | nll_loss 2.946 | ppl 7.71 | wps 60749 | ups 4 | wpb 14103.735 | bsz 1019.362 | num_updates 22296 | lr 0.000423562 | gnorm 0.190 | clip 1.000 | oom 0.000 | loss_scale 64.000 | wall 5279 | train_wall 4132
| epoch 059 | valid on 'valid' subset | loss 6.799 | nll_loss 4.300 | ppl 19.69 | num_updates 22296 | best_loss 6.79891
| epoch 060 | loss 5.453 | nll_loss 2.940 | ppl 7.67 | wps 60149 | ups 4 | wpb 14103.735 | bsz 1019.362 | num_updates 22674 | lr 0.000420016 | gnorm 0.189 | clip 1.000 | oom 0.000 | loss_scale 64.000 | wall 5368 | train_wall 4202
| epoch 060 | valid on 'valid' subset | loss 6.805 | nll_loss 4.307 | ppl 19.8 | num_updates 22674 | best_loss 6.80531
| saved checkpoint ./checkpoints/2020-04-10T14-44-04-00-exp25-bpe7500-seed18/checkpoints_si_en/checkpoint60.pt (epoch 60 @ 22674 updates) (writing took 1.1434602737426758 seconds)
| epoch 061 | loss 5.450 | nll_loss 2.935 | ppl 7.65 | wps 60009 | ups 4 | wpb 14103.735 | bsz 1019.362 | num_updates 23052 | lr 0.000416558 | gnorm 0.190 | clip 1.000 | oom 0.000 | loss_scale 64.000 | wall 5459 | train_wall 4272
| epoch 061 | valid on 'valid' subset | loss 6.786 | nll_loss 4.290 | ppl 19.57 | num_updates 23052 | best_loss 6.78598
| epoch 062 | loss 5.445 | nll_loss 2.929 | ppl 7.62 | wps 59507 | ups 4 | wpb 14103.735 | bsz 1019.362 | num_updates 23430 | lr 0.000413184 | gnorm 0.190 | clip 1.000 | oom 0.000 | loss_scale 64.000 | wall 5549 | train_wall 4342
| epoch 062 | valid on 'valid' subset | loss 6.783 | nll_loss 4.277 | ppl 19.38 | num_updates 23430 | best_loss 6.78266
| epoch 063 | loss 5.441 | nll_loss 2.924 | ppl 7.59 | wps 59705 | ups 4 | wpb 14103.735 | bsz 1019.362 | num_updates 23808 | lr 0.000409891 | gnorm 0.189 | clip 1.000 | oom 0.000 | loss_scale 64.000 | wall 5639 | train_wall 4413
| epoch 063 | valid on 'valid' subset | loss 6.773 | nll_loss 4.273 | ppl 19.34 | num_updates 23808 | best_loss 6.77339
| epoch 064 | loss 5.438 | nll_loss 2.920 | ppl 7.57 | wps 60098 | ups 4 | wpb 14103.735 | bsz 1019.362 | num_updates 24186 | lr 0.000406675 | gnorm 0.190 | clip 1.000 | oom 0.000 | loss_scale 64.000 | wall 5729 | train_wall 4483
| epoch 064 | valid on 'valid' subset | loss 6.801 | nll_loss 4.305 | ppl 19.77 | num_updates 24186 | best_loss 6.80055
| epoch 065 | loss 5.433 | nll_loss 2.914 | ppl 7.54 | wps 60400 | ups 4 | wpb 14103.735 | bsz 1019.362 | num_updates 24564 | lr 0.000403534 | gnorm 0.190 | clip 1.000 | oom 0.000 | loss_scale 64.000 | wall 5817 | train_wall 4554
| epoch 065 | valid on 'valid' subset | loss 6.779 | nll_loss 4.273 | ppl 19.34 | num_updates 24564 | best_loss 6.77883
| WARNING: overflow detected, setting loss scale to: 64.0
| epoch 066 | loss 5.428 | nll_loss 2.908 | ppl 7.51 | wps 59842 | ups 4 | wpb 14102.353 | bsz 1020.072 | num_updates 24941 | lr 0.000400473 | gnorm 0.188 | clip 1.000 | oom 0.000 | loss_scale 64.000 | wall 5907 | train_wall 4624
| epoch 066 | valid on 'valid' subset | loss 6.766 | nll_loss 4.257 | ppl 19.11 | num_updates 24941 | best_loss 6.76563
| epoch 067 | loss 5.426 | nll_loss 2.906 | ppl 7.49 | wps 60886 | ups 4 | wpb 14103.735 | bsz 1019.362 | num_updates 25319 | lr 0.000397472 | gnorm 0.190 | clip 1.000 | oom 0.000 | loss_scale 64.000 | wall 5995 | train_wall 4693
| epoch 067 | valid on 'valid' subset | loss 6.772 | nll_loss 4.269 | ppl 19.29 | num_updates 25319 | best_loss 6.77159
| epoch 068 | loss 5.423 | nll_loss 2.901 | ppl 7.47 | wps 60409 | ups 4 | wpb 14103.735 | bsz 1019.362 | num_updates 25697 | lr 0.000394538 | gnorm 0.190 | clip 1.000 | oom 0.000 | loss_scale 64.000 | wall 6084 | train_wall 4762
| epoch 068 | valid on 'valid' subset | loss 6.756 | nll_loss 4.246 | ppl 18.97 | num_updates 25697 | best_loss 6.75564
| epoch 069 | loss 5.418 | nll_loss 2.895 | ppl 7.44 | wps 60402 | ups 4 | wpb 14103.735 | bsz 1019.362 | num_updates 26075 | lr 0.000391668 | gnorm 0.189 | clip 1.000 | oom 0.000 | loss_scale 64.000 | wall 6173 | train_wall 4832
| epoch 069 | valid on 'valid' subset | loss 6.774 | nll_loss 4.271 | ppl 19.3 | num_updates 26075 | best_loss 6.77434
| epoch 070 | loss 5.416 | nll_loss 2.892 | ppl 7.42 | wps 59911 | ups 4 | wpb 14103.735 | bsz 1019.362 | num_updates 26453 | lr 0.000388859 | gnorm 0.189 | clip 1.000 | oom 0.000 | loss_scale 64.000 | wall 6263 | train_wall 4902
| epoch 070 | valid on 'valid' subset | loss 6.743 | nll_loss 4.228 | ppl 18.74 | num_updates 26453 | best_loss 6.74268
| saved checkpoint ./checkpoints/2020-04-10T14-44-04-00-exp25-bpe7500-seed18/checkpoints_si_en/checkpoint70.pt (epoch 70 @ 26453 updates) (writing took 1.120166301727295 seconds)
| epoch 071 | loss 5.413 | nll_loss 2.888 | ppl 7.4 | wps 60304 | ups 4 | wpb 14103.735 | bsz 1019.362 | num_updates 26831 | lr 0.00038611 | gnorm 0.190 | clip 1.000 | oom 0.000 | loss_scale 64.000 | wall 6353 | train_wall 4972
| epoch 071 | valid on 'valid' subset | loss 6.762 | nll_loss 4.253 | ppl 19.06 | num_updates 26831 | best_loss 6.74268
| epoch 072 | loss 5.409 | nll_loss 2.884 | ppl 7.38 | wps 60474 | ups 4 | wpb 14103.735 | bsz 1019.362 | num_updates 27209 | lr 0.000383419 | gnorm 0.191 | clip 1.000 | oom 0.000 | loss_scale 64.000 | wall 6442 | train_wall 5041
| epoch 072 | valid on 'valid' subset | loss 6.763 | nll_loss 4.257 | ppl 19.12 | num_updates 27209 | best_loss 6.74268
| epoch 073 | loss 5.405 | nll_loss 2.879 | ppl 7.36 | wps 60683 | ups 4 | wpb 14103.735 | bsz 1019.362 | num_updates 27587 | lr 0.000380783 | gnorm 0.188 | clip 1.000 | oom 0.000 | loss_scale 64.000 | wall 6530 | train_wall 5111
| epoch 073 | valid on 'valid' subset | loss 6.749 | nll_loss 4.238 | ppl 18.88 | num_updates 27587 | best_loss 6.74268
| epoch 074 | loss 5.403 | nll_loss 2.876 | ppl 7.34 | wps 60326 | ups 4 | wpb 14103.735 | bsz 1019.362 | num_updates 27965 | lr 0.000378201 | gnorm 0.191 | clip 1.000 | oom 0.000 | loss_scale 64.000 | wall 6619 | train_wall 5181
| epoch 074 | valid on 'valid' subset | loss 6.751 | nll_loss 4.239 | ppl 18.89 | num_updates 27965 | best_loss 6.74268
| epoch 075 | loss 5.400 | nll_loss 2.872 | ppl 7.32 | wps 60082 | ups 4 | wpb 14103.735 | bsz 1019.362 | num_updates 28343 | lr 0.00037567 | gnorm 0.191 | clip 1.000 | oom 0.000 | loss_scale 64.000 | wall 6709 | train_wall 5251
| epoch 075 | valid on 'valid' subset | loss 6.747 | nll_loss 4.242 | ppl 18.92 | num_updates 28343 | best_loss 6.74268
| epoch 076 | loss 5.396 | nll_loss 2.867 | ppl 7.3 | wps 60525 | ups 4 | wpb 14103.735 | bsz 1019.362 | num_updates 28721 | lr 0.00037319 | gnorm 0.188 | clip 1.000 | oom 0.000 | loss_scale 64.000 | wall 6798 | train_wall 5321
| epoch 076 | valid on 'valid' subset | loss 6.781 | nll_loss 4.277 | ppl 19.39 | num_updates 28721 | best_loss 6.74268
| WARNING: overflow detected, setting loss scale to: 64.0
| epoch 077 | loss 5.391 | nll_loss 2.861 | ppl 7.26 | wps 59871 | ups 4 | wpb 14105.894 | bsz 1020.369 | num_updates 29098 | lr 0.000370765 | gnorm 0.190 | clip 1.000 | oom 0.000 | loss_scale 64.000 | wall 6887 | train_wall 5391
| epoch 077 | valid on 'valid' subset | loss 6.734 | nll_loss 4.227 | ppl 18.73 | num_updates 29098 | best_loss 6.73384
| epoch 078 | loss 5.392 | nll_loss 2.862 | ppl 7.27 | wps 60347 | ups 4 | wpb 14103.735 | bsz 1019.362 | num_updates 29476 | lr 0.00036838 | gnorm 0.192 | clip 1.000 | oom 0.000 | loss_scale 64.000 | wall 6976 | train_wall 5461
| epoch 078 | valid on 'valid' subset | loss 6.756 | nll_loss 4.242 | ppl 18.93 | num_updates 29476 | best_loss 6.74268
| epoch 079 | loss 5.388 | nll_loss 2.856 | ppl 7.24 | wps 59739 | ups 4 | wpb 14103.735 | bsz 1019.362 | num_updates 29854 | lr 0.00036604 | gnorm 0.190 | clip 1.000 | oom 0.000 | loss_scale 64.000 | wall 7066 | train_wall 5531
| epoch 079 | valid on 'valid' subset | loss 6.733 | nll_loss 4.219 | ppl 18.62 | num_updates 29854 | best_loss 6.73325
| epoch 080 | loss 5.385 | nll_loss 2.853 | ppl 7.23 | wps 59865 | ups 4 | wpb 14103.735 | bsz 1019.362 | num_updates 30232 | lr 0.000363745 | gnorm 0.190 | clip 1.000 | oom 0.000 | loss_scale 64.000 | wall 7156 | train_wall 5602
| epoch 080 | valid on 'valid' subset | loss 6.744 | nll_loss 4.234 | ppl 18.81 | num_updates 30232 | best_loss 6.74268
| saved checkpoint ./checkpoints/2020-04-10T14-44-04-00-exp25-bpe7500-seed18/checkpoints_si_en/checkpoint80.pt (epoch 80 @ 30232 updates) (writing took 0.7183465957641602 seconds)
| epoch 081 | loss 5.383 | nll_loss 2.850 | ppl 7.21 | wps 60076 | ups 4 | wpb 14103.735 | bsz 1019.362 | num_updates 30610 | lr 0.000361492 | gnorm 0.190 | clip 1.000 | oom 0.000 | loss_scale 64.000 | wall 7246 | train_wall 5672
| epoch 081 | valid on 'valid' subset | loss 6.715 | nll_loss 4.201 | ppl 18.39 | num_updates 30610 | best_loss 6.71456
| epoch 082 | loss 5.380 | nll_loss 2.846 | ppl 7.19 | wps 59927 | ups 4 | wpb 14103.735 | bsz 1019.362 | num_updates 30988 | lr 0.00035928 | gnorm 0.190 | clip 1.000 | oom 0.000 | loss_scale 64.000 | wall 7336 | train_wall 5743
| epoch 082 | valid on 'valid' subset | loss 6.717 | nll_loss 4.198 | ppl 18.35 | num_updates 30988 | best_loss 6.71668
| epoch 083 | loss 5.378 | nll_loss 2.844 | ppl 7.18 | wps 59969 | ups 4 | wpb 14103.735 | bsz 1019.362 | num_updates 31366 | lr 0.000357109 | gnorm 0.192 | clip 1.000 | oom 0.000 | loss_scale 64.000 | wall 7425 | train_wall 5813
| epoch 083 | valid on 'valid' subset | loss 6.753 | nll_loss 4.240 | ppl 18.9 | num_updates 31366 | best_loss 6.74268
| epoch 084 | loss 5.375 | nll_loss 2.840 | ppl 7.16 | wps 60084 | ups 4 | wpb 14103.735 | bsz 1019.362 | num_updates 31744 | lr 0.000354976 | gnorm 0.191 | clip 1.000 | oom 0.000 | loss_scale 64.000 | wall 7515 | train_wall 5883
| epoch 084 | valid on 'valid' subset | loss 6.722 | nll_loss 4.206 | ppl 18.46 | num_updates 31744 | best_loss 6.72227
| epoch 085 | loss 5.371 | nll_loss 2.835 | ppl 7.14 | wps 60134 | ups 4 | wpb 14103.735 | bsz 1019.362 | num_updates 32122 | lr 0.000352881 | gnorm 0.190 | clip 1.000 | oom 0.000 | loss_scale 64.000 | wall 7604 | train_wall 5953
| epoch 085 | valid on 'valid' subset | loss 6.731 | nll_loss 4.222 | ppl 18.66 | num_updates 32122 | best_loss 6.73103
| epoch 086 | loss 5.370 | nll_loss 2.833 | ppl 7.13 | wps 60528 | ups 4 | wpb 14103.735 | bsz 1019.362 | num_updates 32500 | lr 0.000350823 | gnorm 0.190 | clip 1.000 | oom 0.000 | loss_scale 64.000 | wall 7693 | train_wall 6022
| epoch 086 | valid on 'valid' subset | loss 6.711 | nll_loss 4.191 | ppl 18.26 | num_updates 32500 | best_loss 6.71112
| epoch 087 | loss 5.368 | nll_loss 2.830 | ppl 7.11 | wps 60250 | ups 4 | wpb 14103.735 | bsz 1019.362 | num_updates 32878 | lr 0.000348801 | gnorm 0.191 | clip 1.000 | oom 0.000 | loss_scale 64.000 | wall 7782 | train_wall 6093
| epoch 087 | valid on 'valid' subset | loss 6.716 | nll_loss 4.192 | ppl 18.28 | num_updates 32878 | best_loss 6.71616
| epoch 088 | loss 5.364 | nll_loss 2.826 | ppl 7.09 | wps 61636 | ups 4 | wpb 14103.735 | bsz 1019.362 | num_updates 33256 | lr 0.000346813 | gnorm 0.191 | clip 1.000 | oom 0.000 | loss_scale 128.000 | wall 7869 | train_wall 6161
| epoch 088 | valid on 'valid' subset | loss 6.731 | nll_loss 4.216 | ppl 18.59 | num_updates 33256 | best_loss 6.73107
| WARNING: overflow detected, setting loss scale to: 64.0
| epoch 089 | loss 5.363 | nll_loss 2.824 | ppl 7.08 | wps 60488 | ups 4 | wpb 14104.751 | bsz 1020.305 | num_updates 33633 | lr 0.000344863 | gnorm 0.192 | clip 1.000 | oom 0.000 | loss_scale 64.000 | wall 7958 | train_wall 6231
| epoch 089 | valid on 'valid' subset | loss 6.722 | nll_loss 4.207 | ppl 18.47 | num_updates 33633 | best_loss 6.72205
| epoch 090 | loss 5.360 | nll_loss 2.820 | ppl 7.06 | wps 59862 | ups 4 | wpb 14103.735 | bsz 1019.362 | num_updates 34011 | lr 0.000342942 | gnorm 0.191 | clip 1.000 | oom 0.000 | loss_scale 64.000 | wall 8048 | train_wall 6301
| epoch 090 | valid on 'valid' subset | loss 6.735 | nll_loss 4.215 | ppl 18.57 | num_updates 34011 | best_loss 6.73516
| saved checkpoint ./checkpoints/2020-04-10T14-44-04-00-exp25-bpe7500-seed18/checkpoints_si_en/checkpoint90.pt (epoch 90 @ 34011 updates) (writing took 1.5566465854644775 seconds)
| epoch 091 | loss 5.358 | nll_loss 2.817 | ppl 7.05 | wps 59962 | ups 4 | wpb 14103.735 | bsz 1019.362 | num_updates 34389 | lr 0.000341052 | gnorm 0.190 | clip 1.000 | oom 0.000 | loss_scale 64.000 | wall 8139 | train_wall 6371
| epoch 091 | valid on 'valid' subset | loss 6.689 | nll_loss 4.173 | ppl 18.03 | num_updates 34389 | best_loss 6.68861
| epoch 092 | loss 5.355 | nll_loss 2.814 | ppl 7.03 | wps 59566 | ups 4 | wpb 14103.735 | bsz 1019.362 | num_updates 34767 | lr 0.000339193 | gnorm 0.190 | clip 1.000 | oom 0.000 | loss_scale 64.000 | wall 8229 | train_wall 6441
| epoch 092 | valid on 'valid' subset | loss 6.726 | nll_loss 4.215 | ppl 18.57 | num_updates 34767 | best_loss 6.72589
| epoch 093 | loss 5.354 | nll_loss 2.812 | ppl 7.02 | wps 60226 | ups 4 | wpb 14103.735 | bsz 1019.362 | num_updates 35145 | lr 0.000337364 | gnorm 0.193 | clip 1.000 | oom 0.000 | loss_scale 64.000 | wall 8318 | train_wall 6512
| epoch 093 | valid on 'valid' subset | loss 6.724 | nll_loss 4.203 | ppl 18.41 | num_updates 35145 | best_loss 6.72443
| epoch 094 | loss 5.351 | nll_loss 2.809 | ppl 7.01 | wps 59820 | ups 4 | wpb 14103.735 | bsz 1019.362 | num_updates 35523 | lr 0.000335564 | gnorm 0.190 | clip 1.000 | oom 0.000 | loss_scale 64.000 | wall 8408 | train_wall 6582
| epoch 094 | valid on 'valid' subset | loss 6.721 | nll_loss 4.204 | ppl 18.43 | num_updates 35523 | best_loss 6.72069
| epoch 095 | loss 5.349 | nll_loss 2.806 | ppl 7 | wps 59957 | ups 4 | wpb 14103.735 | bsz 1019.362 | num_updates 35901 | lr 0.000333793 | gnorm 0.192 | clip 1.000 | oom 0.000 | loss_scale 64.000 | wall 8498 | train_wall 6652
| epoch 095 | valid on 'valid' subset | loss 6.726 | nll_loss 4.211 | ppl 18.52 | num_updates 35901 | best_loss 6.726
| epoch 096 | loss 5.347 | nll_loss 2.804 | ppl 6.98 | wps 60552 | ups 4 | wpb 14103.735 | bsz 1019.362 | num_updates 36279 | lr 0.000332049 | gnorm 0.193 | clip 1.000 | oom 0.000 | loss_scale 64.000 | wall 8586 | train_wall 6723
| epoch 096 | valid on 'valid' subset | loss 6.697 | nll_loss 4.177 | ppl 18.09 | num_updates 36279 | best_loss 6.69682
| epoch 097 | loss 5.345 | nll_loss 2.801 | ppl 6.97 | wps 59841 | ups 4 | wpb 14103.735 | bsz 1019.362 | num_updates 36657 | lr 0.000330333 | gnorm 0.192 | clip 1.000 | oom 0.000 | loss_scale 64.000 | wall 8676 | train_wall 6793
| epoch 097 | valid on 'valid' subset | loss 6.690 | nll_loss 4.170 | ppl 18 | num_updates 36657 | best_loss 6.69001
| epoch 098 | loss 5.343 | nll_loss 2.799 | ppl 6.96 | wps 59594 | ups 4 | wpb 14103.735 | bsz 1019.362 | num_updates 37035 | lr 0.000328643 | gnorm 0.192 | clip 1.000 | oom 0.000 | loss_scale 64.000 | wall 8766 | train_wall 6864
| epoch 098 | valid on 'valid' subset | loss 6.685 | nll_loss 4.154 | ppl 17.8 | num_updates 37035 | best_loss 6.68509
| epoch 099 | loss 5.340 | nll_loss 2.795 | ppl 6.94 | wps 60896 | ups 4 | wpb 14103.735 | bsz 1019.362 | num_updates 37413 | lr 0.000326978 | gnorm 0.192 | clip 1.000 | oom 0.000 | loss_scale 128.000 | wall 8854 | train_wall 6933
| epoch 099 | valid on 'valid' subset | loss 6.714 | nll_loss 4.193 | ppl 18.29 | num_updates 37413 | best_loss 6.71407
| WARNING: overflow detected, setting loss scale to: 64.0
| epoch 100 | loss 5.338 | nll_loss 2.792 | ppl 6.93 | wps 60975 | ups 4 | wpb 14100.891 | bsz 1019.753 | num_updates 37790 | lr 0.000325343 | gnorm 0.192 | clip 1.000 | oom 0.000 | loss_scale 64.000 | wall 8942 | train_wall 7002
| epoch 100 | valid on 'valid' subset | loss 6.701 | nll_loss 4.175 | ppl 18.07 | num_updates 37790 | best_loss 6.70065
| saved checkpoint ./checkpoints/2020-04-10T14-44-04-00-exp25-bpe7500-seed18/checkpoints_si_en/checkpoint100.pt (epoch 100 @ 37790 updates) (writing took 1.1380677223205566 seconds)
| done training in 8940.8 seconds
Done training.
Time at end: Sat Apr 11 00:06:30 EDT 2020
