================ FLORES BASELINE WITH CLIP_NORM=0.1, BPE=5000 AND SEED=10 USING MORSEL ================
About to train the supervised for the following language pair: EN-NE
CHECKPOINT_DIR is set to './checkpoints/2020-07-13T11-38-04-00-exp444-morsel-ne-seed10/checkpoints_en_ne'
Creating checkpoint directory if it doesn't exist...
Data folder is: data-bin/wiki_ne_en_morsel/
Beginning training...
Time at beginning: Mon Jul 13 16:40:48 EDT 2020
Namespace(activation_dropout=0.2, activation_fn='relu', adam_betas='(0.9, 0.98)', adam_eps=1e-08, adaptive_input=False, adaptive_softmax_cutoff=None, adaptive_softmax_dropout=0, arch='transformer', attention_dropout=0.2, best_checkpoint_metric='loss', bpe=None, bucket_cap_mb=25, clip_norm=0.1, cpu=False, criterion='label_smoothed_cross_entropy', cross_self_attention=False, curriculum=0, data='data-bin/wiki_ne_en_morsel/', dataset_impl=None, ddp_backend='c10d', decoder_attention_heads=2, decoder_embed_dim=512, decoder_embed_path=None, decoder_ffn_embed_dim=2048, decoder_input_dim=512, decoder_layerdrop=0, decoder_layers=5, decoder_layers_to_keep=None, decoder_learned_pos=False, decoder_normalize_before=True, decoder_output_dim=512, device_id=0, disable_validation=False, distributed_backend='nccl', distributed_init_method=None, distributed_no_spawn=False, distributed_port=-1, distributed_rank=0, distributed_world_size=1, dropout=0.4, empty_cache_freq=0, encoder_attention_heads=2, encoder_embed_dim=512, encoder_embed_path=None, encoder_ffn_embed_dim=2048, encoder_layerdrop=0, encoder_layers=5, encoder_layers_to_keep=None, encoder_learned_pos=False, encoder_normalize_before=True, fast_stat_sync=False, find_unused_parameters=False, fix_batches_to_gpus=False, fixed_validation_seed=None, fp16=True, fp16_init_scale=128, fp16_scale_tolerance=0.0, fp16_scale_window=None, keep_interval_updates=-1, keep_last_epochs=-1, label_smoothing=0.2, layer_wise_attention=False, layernorm_embedding=False, lazy_load=False, left_pad_source='True', left_pad_target='False', load_alignments=False, log_format=None, log_interval=1000, lr=[0.001], lr_scheduler='inverse_sqrt', max_epoch=100, max_sentences=None, max_sentences_valid=None, max_source_positions=1024, max_target_positions=1024, max_tokens=4000, max_tokens_valid=4000, max_update=0, maximize_best_checkpoint_metric=False, memory_efficient_fp16=False, min_loss_scale=0.0001, min_lr=1e-09, no_cross_attention=False, no_epoch_checkpoints=False, no_last_checkpoints=False, no_progress_bar=False, no_save=False, no_save_optimizer_state=False, no_scale_embedding=False, no_token_positional_embeddings=False, num_workers=1, optimizer='adam', optimizer_overrides='{}', raw_text=False, required_batch_size_multiple=8, reset_dataloader=False, reset_lr_scheduler=False, reset_meters=False, reset_optimizer=False, restore_file='checkpoint_last.pt', save_dir='./checkpoints/2020-07-13T11-38-04-00-exp444-morsel-ne-seed10/checkpoints_en_ne', save_interval=10, save_interval_updates=0, seed=10, sentence_avg=False, share_all_embeddings=True, share_decoder_input_output_embed=False, skip_invalid_size_inputs_valid_test=False, source_lang='en', target_lang='ne', task='translation', tensorboard_logdir='', threshold_loss_scale=None, tokenizer=None, train_subset='train', truncate_source=False, update_freq=[4], upsample_primary=1, use_bmuf=False, user_dir=None, valid_subset='valid', validate_interval=1, warmup_init_lr=1e-07, warmup_updates=4000, weight_decay=0.0001)
| [en] dictionary: 3960 types
| [ne] dictionary: 3960 types
| loaded 2559 examples from: data-bin/wiki_ne_en_morsel/valid.ne-en.en
| loaded 2559 examples from: data-bin/wiki_ne_en_morsel/valid.ne-en.ne
| data-bin/wiki_ne_en_morsel/ valid en-ne 2559 examples
TransformerModel(
  (encoder): TransformerEncoder(
    (embed_tokens): Embedding(3960, 512, padding_idx=1)
    (embed_positions): SinusoidalPositionalEmbedding()
    (layers): ModuleList(
      (0): TransformerEncoderLayer(
        (self_attn): MultiheadAttention(
          (k_proj): Linear(in_features=512, out_features=512, bias=True)
          (v_proj): Linear(in_features=512, out_features=512, bias=True)
          (q_proj): Linear(in_features=512, out_features=512, bias=True)
          (out_proj): Linear(in_features=512, out_features=512, bias=True)
        )
        (self_attn_layer_norm): LayerNorm((512,), eps=1e-05, elementwise_affine=True)
        (fc1): Linear(in_features=512, out_features=2048, bias=True)
        (fc2): Linear(in_features=2048, out_features=512, bias=True)
        (final_layer_norm): LayerNorm((512,), eps=1e-05, elementwise_affine=True)
      )
      (1): TransformerEncoderLayer(
        (self_attn): MultiheadAttention(
          (k_proj): Linear(in_features=512, out_features=512, bias=True)
          (v_proj): Linear(in_features=512, out_features=512, bias=True)
          (q_proj): Linear(in_features=512, out_features=512, bias=True)
          (out_proj): Linear(in_features=512, out_features=512, bias=True)
        )
        (self_attn_layer_norm): LayerNorm((512,), eps=1e-05, elementwise_affine=True)
        (fc1): Linear(in_features=512, out_features=2048, bias=True)
        (fc2): Linear(in_features=2048, out_features=512, bias=True)
        (final_layer_norm): LayerNorm((512,), eps=1e-05, elementwise_affine=True)
      )
      (2): TransformerEncoderLayer(
        (self_attn): MultiheadAttention(
          (k_proj): Linear(in_features=512, out_features=512, bias=True)
          (v_proj): Linear(in_features=512, out_features=512, bias=True)
          (q_proj): Linear(in_features=512, out_features=512, bias=True)
          (out_proj): Linear(in_features=512, out_features=512, bias=True)
        )
        (self_attn_layer_norm): LayerNorm((512,), eps=1e-05, elementwise_affine=True)
        (fc1): Linear(in_features=512, out_features=2048, bias=True)
        (fc2): Linear(in_features=2048, out_features=512, bias=True)
        (final_layer_norm): LayerNorm((512,), eps=1e-05, elementwise_affine=True)
      )
      (3): TransformerEncoderLayer(
        (self_attn): MultiheadAttention(
          (k_proj): Linear(in_features=512, out_features=512, bias=True)
          (v_proj): Linear(in_features=512, out_features=512, bias=True)
          (q_proj): Linear(in_features=512, out_features=512, bias=True)
          (out_proj): Linear(in_features=512, out_features=512, bias=True)
        )
        (self_attn_layer_norm): LayerNorm((512,), eps=1e-05, elementwise_affine=True)
        (fc1): Linear(in_features=512, out_features=2048, bias=True)
        (fc2): Linear(in_features=2048, out_features=512, bias=True)
        (final_layer_norm): LayerNorm((512,), eps=1e-05, elementwise_affine=True)
      )
      (4): TransformerEncoderLayer(
        (self_attn): MultiheadAttention(
          (k_proj): Linear(in_features=512, out_features=512, bias=True)
          (v_proj): Linear(in_features=512, out_features=512, bias=True)
          (q_proj): Linear(in_features=512, out_features=512, bias=True)
          (out_proj): Linear(in_features=512, out_features=512, bias=True)
        )
        (self_attn_layer_norm): LayerNorm((512,), eps=1e-05, elementwise_affine=True)
        (fc1): Linear(in_features=512, out_features=2048, bias=True)
        (fc2): Linear(in_features=2048, out_features=512, bias=True)
        (final_layer_norm): LayerNorm((512,), eps=1e-05, elementwise_affine=True)
      )
    )
    (layer_norm): LayerNorm((512,), eps=1e-05, elementwise_affine=True)
  )
  (decoder): TransformerDecoder(
    (embed_tokens): Embedding(3960, 512, padding_idx=1)
    (embed_positions): SinusoidalPositionalEmbedding()
    (layers): ModuleList(
      (0): TransformerDecoderLayer(
        (self_attn): MultiheadAttention(
          (k_proj): Linear(in_features=512, out_features=512, bias=True)
          (v_proj): Linear(in_features=512, out_features=512, bias=True)
          (q_proj): Linear(in_features=512, out_features=512, bias=True)
          (out_proj): Linear(in_features=512, out_features=512, bias=True)
        )
        (self_attn_layer_norm): LayerNorm((512,), eps=1e-05, elementwise_affine=True)
        (encoder_attn): MultiheadAttention(
          (k_proj): Linear(in_features=512, out_features=512, bias=True)
          (v_proj): Linear(in_features=512, out_features=512, bias=True)
          (q_proj): Linear(in_features=512, out_features=512, bias=True)
          (out_proj): Linear(in_features=512, out_features=512, bias=True)
        )
        (encoder_attn_layer_norm): LayerNorm((512,), eps=1e-05, elementwise_affine=True)
        (fc1): Linear(in_features=512, out_features=2048, bias=True)
        (fc2): Linear(in_features=2048, out_features=512, bias=True)
        (final_layer_norm): LayerNorm((512,), eps=1e-05, elementwise_affine=True)
      )
      (1): TransformerDecoderLayer(
        (self_attn): MultiheadAttention(
          (k_proj): Linear(in_features=512, out_features=512, bias=True)
          (v_proj): Linear(in_features=512, out_features=512, bias=True)
          (q_proj): Linear(in_features=512, out_features=512, bias=True)
          (out_proj): Linear(in_features=512, out_features=512, bias=True)
        )
        (self_attn_layer_norm): LayerNorm((512,), eps=1e-05, elementwise_affine=True)
        (encoder_attn): MultiheadAttention(
          (k_proj): Linear(in_features=512, out_features=512, bias=True)
          (v_proj): Linear(in_features=512, out_features=512, bias=True)
          (q_proj): Linear(in_features=512, out_features=512, bias=True)
          (out_proj): Linear(in_features=512, out_features=512, bias=True)
        )
        (encoder_attn_layer_norm): LayerNorm((512,), eps=1e-05, elementwise_affine=True)
        (fc1): Linear(in_features=512, out_features=2048, bias=True)
        (fc2): Linear(in_features=2048, out_features=512, bias=True)
        (final_layer_norm): LayerNorm((512,), eps=1e-05, elementwise_affine=True)
      )
      (2): TransformerDecoderLayer(
        (self_attn): MultiheadAttention(
          (k_proj): Linear(in_features=512, out_features=512, bias=True)
          (v_proj): Linear(in_features=512, out_features=512, bias=True)
          (q_proj): Linear(in_features=512, out_features=512, bias=True)
          (out_proj): Linear(in_features=512, out_features=512, bias=True)
        )
        (self_attn_layer_norm): LayerNorm((512,), eps=1e-05, elementwise_affine=True)
        (encoder_attn): MultiheadAttention(
          (k_proj): Linear(in_features=512, out_features=512, bias=True)
          (v_proj): Linear(in_features=512, out_features=512, bias=True)
          (q_proj): Linear(in_features=512, out_features=512, bias=True)
          (out_proj): Linear(in_features=512, out_features=512, bias=True)
        )
        (encoder_attn_layer_norm): LayerNorm((512,), eps=1e-05, elementwise_affine=True)
        (fc1): Linear(in_features=512, out_features=2048, bias=True)
        (fc2): Linear(in_features=2048, out_features=512, bias=True)
        (final_layer_norm): LayerNorm((512,), eps=1e-05, elementwise_affine=True)
      )
      (3): TransformerDecoderLayer(
        (self_attn): MultiheadAttention(
          (k_proj): Linear(in_features=512, out_features=512, bias=True)
          (v_proj): Linear(in_features=512, out_features=512, bias=True)
          (q_proj): Linear(in_features=512, out_features=512, bias=True)
          (out_proj): Linear(in_features=512, out_features=512, bias=True)
        )
        (self_attn_layer_norm): LayerNorm((512,), eps=1e-05, elementwise_affine=True)
        (encoder_attn): MultiheadAttention(
          (k_proj): Linear(in_features=512, out_features=512, bias=True)
          (v_proj): Linear(in_features=512, out_features=512, bias=True)
          (q_proj): Linear(in_features=512, out_features=512, bias=True)
          (out_proj): Linear(in_features=512, out_features=512, bias=True)
        )
        (encoder_attn_layer_norm): LayerNorm((512,), eps=1e-05, elementwise_affine=True)
        (fc1): Linear(in_features=512, out_features=2048, bias=True)
        (fc2): Linear(in_features=2048, out_features=512, bias=True)
        (final_layer_norm): LayerNorm((512,), eps=1e-05, elementwise_affine=True)
      )
      (4): TransformerDecoderLayer(
        (self_attn): MultiheadAttention(
          (k_proj): Linear(in_features=512, out_features=512, bias=True)
          (v_proj): Linear(in_features=512, out_features=512, bias=True)
          (q_proj): Linear(in_features=512, out_features=512, bias=True)
          (out_proj): Linear(in_features=512, out_features=512, bias=True)
        )
        (self_attn_layer_norm): LayerNorm((512,), eps=1e-05, elementwise_affine=True)
        (encoder_attn): MultiheadAttention(
          (k_proj): Linear(in_features=512, out_features=512, bias=True)
          (v_proj): Linear(in_features=512, out_features=512, bias=True)
          (q_proj): Linear(in_features=512, out_features=512, bias=True)
          (out_proj): Linear(in_features=512, out_features=512, bias=True)
        )
        (encoder_attn_layer_norm): LayerNorm((512,), eps=1e-05, elementwise_affine=True)
        (fc1): Linear(in_features=512, out_features=2048, bias=True)
        (fc2): Linear(in_features=2048, out_features=512, bias=True)
        (final_layer_norm): LayerNorm((512,), eps=1e-05, elementwise_affine=True)
      )
    )
    (layer_norm): LayerNorm((512,), eps=1e-05, elementwise_affine=True)
  )
)
| model transformer, criterion LabelSmoothedCrossEntropyCriterion
| num. model params: 38811648 (num. trained: 38811648)
| training on 1 GPUs
| max tokens per GPU = 4000 and max sentences per GPU = None
| no existing checkpoint found ./checkpoints/2020-07-13T11-38-04-00-exp444-morsel-ne-seed10/checkpoints_en_ne/checkpoint_last.pt
| loading train data for epoch 0
| loaded 563947 examples from: data-bin/wiki_ne_en_morsel/train.ne-en.en
| loaded 563947 examples from: data-bin/wiki_ne_en_morsel/train.ne-en.ne
| data-bin/wiki_ne_en_morsel/ train en-ne 563947 examples
| WARNING: 5 samples have invalid sizes and will be skipped, max_positions=(1024, 1024), first few sample ids=[553289, 513531, 486736, 304187, 478247]
| WARNING: overflow detected, setting loss scale to: 64.0
| WARNING: overflow detected, setting loss scale to: 32.0
| WARNING: overflow detected, setting loss scale to: 16.0
| epoch 001 | loss 9.336 | nll_loss 8.283 | ppl 311.51 | wps 55913 | ups 4 | wpb 13863.597 | bsz 756.268 | num_updates 740 | lr 0.000185081 | gnorm 0.785 | clip 1.000 | oom 0.000 | loss_scale 16.000 | wall 183 | train_wall 152
| epoch 001 | valid on 'valid' subset | loss 10.336 | nll_loss 9.316 | ppl 637.56 | num_updates 740
| epoch 002 | loss 7.175 | nll_loss 5.415 | ppl 42.67 | wps 57286 | ups 4 | wpb 13865.153 | bsz 759.007 | num_updates 1483 | lr 0.000370813 | gnorm 0.508 | clip 1.000 | oom 0.000 | loss_scale 16.000 | wall 364 | train_wall 304
| epoch 002 | valid on 'valid' subset | loss 10.062 | nll_loss 8.942 | ppl 491.86 | num_updates 1483
| epoch 003 | loss 6.425 | nll_loss 4.437 | ppl 21.66 | wps 57721 | ups 4 | wpb 13865.153 | bsz 759.007 | num_updates 2226 | lr 0.000556544 | gnorm 0.433 | clip 1.000 | oom 0.000 | loss_scale 16.000 | wall 544 | train_wall 455
| epoch 003 | valid on 'valid' subset | loss 9.755 | nll_loss 8.558 | ppl 376.93 | num_updates 2226
| epoch 004 | loss 6.021 | nll_loss 3.916 | ppl 15.09 | wps 57331 | ups 4 | wpb 13865.153 | bsz 759.007 | num_updates 2969 | lr 0.000742276 | gnorm 0.386 | clip 1.000 | oom 0.000 | loss_scale 16.000 | wall 724 | train_wall 607
| epoch 004 | valid on 'valid' subset | loss 9.735 | nll_loss 8.493 | ppl 360.41 | num_updates 2969
| epoch 005 | loss 5.773 | nll_loss 3.596 | ppl 12.1 | wps 57049 | ups 4 | wpb 13865.153 | bsz 759.007 | num_updates 3712 | lr 0.000928007 | gnorm 0.347 | clip 1.000 | oom 0.000 | loss_scale 16.000 | wall 906 | train_wall 759
| epoch 005 | valid on 'valid' subset | loss 9.667 | nll_loss 8.379 | ppl 332.95 | num_updates 3712
| WARNING: overflow detected, setting loss scale to: 16.0
| epoch 006 | loss 5.601 | nll_loss 3.377 | ppl 10.39 | wps 56506 | ups 4 | wpb 13863.208 | bsz 756.730 | num_updates 4454 | lr 0.000947665 | gnorm 0.314 | clip 1.000 | oom 0.000 | loss_scale 16.000 | wall 1088 | train_wall 911
| epoch 006 | valid on 'valid' subset | loss 9.393 | nll_loss 8.047 | ppl 264.49 | num_updates 4454
| epoch 007 | loss 5.437 | nll_loss 3.169 | ppl 8.99 | wps 57509 | ups 4 | wpb 13865.153 | bsz 759.007 | num_updates 5197 | lr 0.000877311 | gnorm 0.279 | clip 1.000 | oom 0.000 | loss_scale 16.000 | wall 1268 | train_wall 1063
| epoch 007 | valid on 'valid' subset | loss 9.400 | nll_loss 8.022 | ppl 259.88 | num_updates 5197
| epoch 008 | loss 5.313 | nll_loss 3.011 | ppl 8.06 | wps 56835 | ups 4 | wpb 13865.153 | bsz 759.007 | num_updates 5940 | lr 0.00082061 | gnorm 0.260 | clip 1.000 | oom 0.000 | loss_scale 16.000 | wall 1450 | train_wall 1215
| epoch 008 | valid on 'valid' subset | loss 9.252 | nll_loss 7.868 | ppl 233.65 | num_updates 5940
| epoch 009 | loss 5.225 | nll_loss 2.900 | ppl 7.46 | wps 57332 | ups 4 | wpb 13865.153 | bsz 759.007 | num_updates 6683 | lr 0.00077365 | gnorm 0.250 | clip 1.000 | oom 0.000 | loss_scale 16.000 | wall 1631 | train_wall 1367
| epoch 009 | valid on 'valid' subset | loss 9.233 | nll_loss 7.800 | ppl 222.88 | num_updates 6683
| epoch 010 | loss 5.153 | nll_loss 2.809 | ppl 7.01 | wps 56702 | ups 4 | wpb 13865.153 | bsz 759.007 | num_updates 7426 | lr 0.000733926 | gnorm 0.240 | clip 1.000 | oom 0.000 | loss_scale 16.000 | wall 1814 | train_wall 1520
| epoch 010 | valid on 'valid' subset | loss 9.199 | nll_loss 7.761 | ppl 216.88 | num_updates 7426
| saved checkpoint ./checkpoints/2020-07-13T11-38-04-00-exp444-morsel-ne-seed10/checkpoints_en_ne/checkpoint10.pt (epoch 10 @ 7426 updates) (writing took 0.7178642749786377 seconds)
| epoch 011 | loss 5.096 | nll_loss 2.737 | ppl 6.67 | wps 56553 | ups 4 | wpb 13865.153 | bsz 759.007 | num_updates 8169 | lr 0.000699754 | gnorm 0.234 | clip 1.000 | oom 0.000 | loss_scale 16.000 | wall 1997 | train_wall 1672
| epoch 011 | valid on 'valid' subset | loss 9.110 | nll_loss 7.649 | ppl 200.71 | num_updates 8169 | best_loss 9.11
| epoch 012 | loss 5.048 | nll_loss 2.676 | ppl 6.39 | wps 56553 | ups 4 | wpb 13865.153 | bsz 759.007 | num_updates 8912 | lr 0.00066995 | gnorm 0.228 | clip 1.000 | oom 0.000 | loss_scale 32.000 | wall 2180 | train_wall 1825
| epoch 012 | valid on 'valid' subset | loss 9.097 | nll_loss 7.630 | ppl 198.15 | num_updates 8912 | best_loss 9.09736
| epoch 013 | loss 5.009 | nll_loss 2.627 | ppl 6.18 | wps 56494 | ups 4 | wpb 13865.153 | bsz 759.007 | num_updates 9655 | lr 0.000643656 | gnorm 0.227 | clip 1.000 | oom 0.000 | loss_scale 32.000 | wall 2364 | train_wall 1978
| epoch 013 | valid on 'valid' subset | loss 9.138 | nll_loss 7.666 | ppl 203.03 | num_updates 9655 | best_loss 9.13829
| epoch 014 | loss 4.973 | nll_loss 2.582 | ppl 5.99 | wps 57031 | ups 4 | wpb 13865.153 | bsz 759.007 | num_updates 10398 | lr 0.000620233 | gnorm 0.222 | clip 1.000 | oom 0.000 | loss_scale 32.000 | wall 2545 | train_wall 2130
| epoch 014 | valid on 'valid' subset | loss 9.113 | nll_loss 7.636 | ppl 198.9 | num_updates 10398 | best_loss 9.11306
| WARNING: overflow detected, setting loss scale to: 16.0
| epoch 015 | loss 4.943 | nll_loss 2.543 | ppl 5.83 | wps 56774 | ups 4 | wpb 13864.163 | bsz 759.480 | num_updates 11140 | lr 0.000599222 | gnorm 0.220 | clip 1.000 | oom 0.000 | loss_scale 16.000 | wall 2727 | train_wall 2283
| epoch 015 | valid on 'valid' subset | loss 9.084 | nll_loss 7.607 | ppl 194.96 | num_updates 11140 | best_loss 9.08424
| epoch 016 | loss 4.916 | nll_loss 2.510 | ppl 5.69 | wps 56752 | ups 4 | wpb 13865.153 | bsz 759.007 | num_updates 11883 | lr 0.000580186 | gnorm 0.218 | clip 1.000 | oom 0.000 | loss_scale 16.000 | wall 2909 | train_wall 2435
| epoch 016 | valid on 'valid' subset | loss 9.071 | nll_loss 7.584 | ppl 191.89 | num_updates 11883 | best_loss 9.07109
| epoch 017 | loss 4.892 | nll_loss 2.479 | ppl 5.58 | wps 57105 | ups 4 | wpb 13865.153 | bsz 759.007 | num_updates 12626 | lr 0.000562856 | gnorm 0.216 | clip 1.000 | oom 0.000 | loss_scale 16.000 | wall 3091 | train_wall 2587
| epoch 017 | valid on 'valid' subset | loss 9.022 | nll_loss 7.536 | ppl 185.55 | num_updates 12626 | best_loss 9.02184
| epoch 018 | loss 4.871 | nll_loss 2.453 | ppl 5.47 | wps 56737 | ups 4 | wpb 13865.153 | bsz 759.007 | num_updates 13369 | lr 0.000546991 | gnorm 0.217 | clip 1.000 | oom 0.000 | loss_scale 16.000 | wall 3273 | train_wall 2740
| epoch 018 | valid on 'valid' subset | loss 9.054 | nll_loss 7.582 | ppl 191.64 | num_updates 13369 | best_loss 9.05368
| epoch 019 | loss 4.851 | nll_loss 2.428 | ppl 5.38 | wps 57080 | ups 4 | wpb 13865.153 | bsz 759.007 | num_updates 14112 | lr 0.000532397 | gnorm 0.216 | clip 1.000 | oom 0.000 | loss_scale 16.000 | wall 3455 | train_wall 2892
| epoch 019 | valid on 'valid' subset | loss 9.038 | nll_loss 7.543 | ppl 186.47 | num_updates 14112 | best_loss 9.03772
| epoch 020 | loss 4.833 | nll_loss 2.404 | ppl 5.29 | wps 57192 | ups 4 | wpb 13865.153 | bsz 759.007 | num_updates 14855 | lr 0.000518912 | gnorm 0.213 | clip 1.000 | oom 0.000 | loss_scale 32.000 | wall 3636 | train_wall 3044
| epoch 020 | valid on 'valid' subset | loss 9.044 | nll_loss 7.565 | ppl 189.36 | num_updates 14855 | best_loss 9.04433
| saved checkpoint ./checkpoints/2020-07-13T11-38-04-00-exp444-morsel-ne-seed10/checkpoints_en_ne/checkpoint20.pt (epoch 20 @ 14855 updates) (writing took 0.9891014099121094 seconds)
| epoch 021 | loss 4.816 | nll_loss 2.383 | ppl 5.22 | wps 57077 | ups 4 | wpb 13865.153 | bsz 759.007 | num_updates 15598 | lr 0.000506402 | gnorm 0.213 | clip 1.000 | oom 0.000 | loss_scale 32.000 | wall 3818 | train_wall 3195
| epoch 021 | valid on 'valid' subset | loss 9.047 | nll_loss 7.553 | ppl 187.75 | num_updates 15598 | best_loss 9.04433
| epoch 022 | loss 4.801 | nll_loss 2.365 | ppl 5.15 | wps 57022 | ups 4 | wpb 13865.153 | bsz 759.007 | num_updates 16341 | lr 0.000494756 | gnorm 0.212 | clip 1.000 | oom 0.000 | loss_scale 32.000 | wall 3999 | train_wall 3347
| epoch 022 | valid on 'valid' subset | loss 9.063 | nll_loss 7.558 | ppl 188.4 | num_updates 16341 | best_loss 9.04433
| epoch 023 | loss 4.787 | nll_loss 2.346 | ppl 5.08 | wps 56766 | ups 4 | wpb 13865.153 | bsz 759.007 | num_updates 17084 | lr 0.000483877 | gnorm 0.213 | clip 1.000 | oom 0.000 | loss_scale 32.000 | wall 4182 | train_wall 3500
| epoch 023 | valid on 'valid' subset | loss 9.022 | nll_loss 7.513 | ppl 182.67 | num_updates 17084 | best_loss 9.02209
| epoch 024 | loss 4.773 | nll_loss 2.330 | ppl 5.03 | wps 57203 | ups 4 | wpb 13865.153 | bsz 759.007 | num_updates 17827 | lr 0.000473686 | gnorm 0.212 | clip 1.000 | oom 0.000 | loss_scale 32.000 | wall 4363 | train_wall 3652
| epoch 024 | valid on 'valid' subset | loss 9.007 | nll_loss 7.497 | ppl 180.63 | num_updates 17827 | best_loss 9.00703
| epoch 025 | loss 4.762 | nll_loss 2.315 | ppl 4.97 | wps 57315 | ups 4 | wpb 13865.153 | bsz 759.007 | num_updates 18570 | lr 0.000464113 | gnorm 0.211 | clip 1.000 | oom 0.000 | loss_scale 32.000 | wall 4543 | train_wall 3803
| epoch 025 | valid on 'valid' subset | loss 8.990 | nll_loss 7.476 | ppl 178.08 | num_updates 18570 | best_loss 8.99009
| WARNING: overflow detected, setting loss scale to: 32.0
| epoch 026 | loss 4.749 | nll_loss 2.299 | ppl 4.92 | wps 56925 | ups 4 | wpb 13865.391 | bsz 759.588 | num_updates 19312 | lr 0.00045511 | gnorm 0.210 | clip 1.000 | oom 0.000 | loss_scale 32.000 | wall 4725 | train_wall 3955
| epoch 026 | valid on 'valid' subset | loss 9.026 | nll_loss 7.530 | ppl 184.76 | num_updates 19312 | best_loss 9.02631
| epoch 027 | loss 4.739 | nll_loss 2.286 | ppl 4.88 | wps 56571 | ups 4 | wpb 13865.153 | bsz 759.007 | num_updates 20055 | lr 0.0004466 | gnorm 0.211 | clip 1.000 | oom 0.000 | loss_scale 32.000 | wall 4908 | train_wall 4108
| epoch 027 | valid on 'valid' subset | loss 9.042 | nll_loss 7.552 | ppl 187.7 | num_updates 20055 | best_loss 9.04175
| epoch 028 | loss 4.729 | nll_loss 2.273 | ppl 4.83 | wps 57235 | ups 4 | wpb 13865.153 | bsz 759.007 | num_updates 20798 | lr 0.00043855 | gnorm 0.211 | clip 1.000 | oom 0.000 | loss_scale 32.000 | wall 5089 | train_wall 4260
| epoch 028 | valid on 'valid' subset | loss 8.987 | nll_loss 7.467 | ppl 176.91 | num_updates 20798 | best_loss 8.98655
| WARNING: overflow detected, setting loss scale to: 16.0
| epoch 029 | loss 4.718 | nll_loss 2.259 | ppl 4.79 | wps 57399 | ups 4 | wpb 13866.586 | bsz 759.728 | num_updates 21540 | lr 0.00043093 | gnorm 0.210 | clip 1.000 | oom 0.000 | loss_scale 16.000 | wall 5269 | train_wall 4411
| epoch 029 | valid on 'valid' subset | loss 8.965 | nll_loss 7.450 | ppl 174.89 | num_updates 21540 | best_loss 8.96491
| epoch 030 | loss 4.709 | nll_loss 2.249 | ppl 4.75 | wps 57015 | ups 4 | wpb 13865.153 | bsz 759.007 | num_updates 22283 | lr 0.000423685 | gnorm 0.211 | clip 1.000 | oom 0.000 | loss_scale 16.000 | wall 5450 | train_wall 4563
| epoch 030 | valid on 'valid' subset | loss 8.969 | nll_loss 7.455 | ppl 175.52 | num_updates 22283 | best_loss 8.96928
| saved checkpoint ./checkpoints/2020-07-13T11-38-04-00-exp444-morsel-ne-seed10/checkpoints_en_ne/checkpoint30.pt (epoch 30 @ 22283 updates) (writing took 0.9913375377655029 seconds)
| epoch 031 | loss 4.700 | nll_loss 2.237 | ppl 4.71 | wps 57096 | ups 4 | wpb 13865.153 | bsz 759.007 | num_updates 23026 | lr 0.000416793 | gnorm 0.211 | clip 1.000 | oom 0.000 | loss_scale 16.000 | wall 5633 | train_wall 4715
| epoch 031 | valid on 'valid' subset | loss 8.953 | nll_loss 7.437 | ppl 173.24 | num_updates 23026 | best_loss 8.95301
| epoch 032 | loss 4.692 | nll_loss 2.227 | ppl 4.68 | wps 56896 | ups 4 | wpb 13865.153 | bsz 759.007 | num_updates 23769 | lr 0.000410227 | gnorm 0.209 | clip 1.000 | oom 0.000 | loss_scale 16.000 | wall 5815 | train_wall 4867
| epoch 032 | valid on 'valid' subset | loss 9.009 | nll_loss 7.503 | ppl 181.45 | num_updates 23769 | best_loss 8.96928
| epoch 033 | loss 4.684 | nll_loss 2.217 | ppl 4.65 | wps 57404 | ups 4 | wpb 13865.153 | bsz 759.007 | num_updates 24512 | lr 0.000403962 | gnorm 0.209 | clip 1.000 | oom 0.000 | loss_scale 16.000 | wall 5995 | train_wall 5019
| epoch 033 | valid on 'valid' subset | loss 9.009 | nll_loss 7.493 | ppl 180.2 | num_updates 24512 | best_loss 8.96928
| epoch 034 | loss 4.676 | nll_loss 2.206 | ppl 4.62 | wps 57179 | ups 4 | wpb 13865.153 | bsz 759.007 | num_updates 25255 | lr 0.000397975 | gnorm 0.210 | clip 1.000 | oom 0.000 | loss_scale 32.000 | wall 6176 | train_wall 5170
| epoch 034 | valid on 'valid' subset | loss 8.998 | nll_loss 7.519 | ppl 183.47 | num_updates 25255 | best_loss 8.96928
| epoch 035 | loss 4.670 | nll_loss 2.199 | ppl 4.59 | wps 57445 | ups 4 | wpb 13865.153 | bsz 759.007 | num_updates 25998 | lr 0.000392247 | gnorm 0.211 | clip 1.000 | oom 0.000 | loss_scale 32.000 | wall 6356 | train_wall 5322
| epoch 035 | valid on 'valid' subset | loss 9.009 | nll_loss 7.505 | ppl 181.67 | num_updates 25998 | best_loss 8.96928
| WARNING: overflow detected, setting loss scale to: 16.0
| epoch 036 | loss 4.662 | nll_loss 2.189 | ppl 4.56 | wps 57313 | ups 4 | wpb 13868.051 | bsz 759.706 | num_updates 26740 | lr 0.000386767 | gnorm 0.211 | clip 1.000 | oom 0.000 | loss_scale 16.000 | wall 6536 | train_wall 5473
| epoch 036 | valid on 'valid' subset | loss 8.955 | nll_loss 7.428 | ppl 172.15 | num_updates 26740 | best_loss 8.9554
| epoch 037 | loss 4.656 | nll_loss 2.181 | ppl 4.53 | wps 57421 | ups 4 | wpb 13865.153 | bsz 759.007 | num_updates 27483 | lr 0.000381503 | gnorm 0.210 | clip 1.000 | oom 0.000 | loss_scale 16.000 | wall 6717 | train_wall 5625
| epoch 037 | valid on 'valid' subset | loss 8.946 | nll_loss 7.432 | ppl 172.74 | num_updates 27483 | best_loss 8.94555
| epoch 038 | loss 4.649 | nll_loss 2.173 | ppl 4.51 | wps 57361 | ups 4 | wpb 13865.153 | bsz 759.007 | num_updates 28226 | lr 0.000376448 | gnorm 0.210 | clip 1.000 | oom 0.000 | loss_scale 16.000 | wall 6897 | train_wall 5776
| epoch 038 | valid on 'valid' subset | loss 8.949 | nll_loss 7.433 | ppl 172.85 | num_updates 28226 | best_loss 8.94877
| epoch 039 | loss 4.643 | nll_loss 2.165 | ppl 4.49 | wps 57333 | ups 4 | wpb 13865.153 | bsz 759.007 | num_updates 28969 | lr 0.000371589 | gnorm 0.210 | clip 1.000 | oom 0.000 | loss_scale 16.000 | wall 7078 | train_wall 5928
| epoch 039 | valid on 'valid' subset | loss 8.972 | nll_loss 7.457 | ppl 175.7 | num_updates 28969 | best_loss 8.96928
| epoch 040 | loss 4.638 | nll_loss 2.158 | ppl 4.46 | wps 57237 | ups 4 | wpb 13865.153 | bsz 759.007 | num_updates 29712 | lr 0.000366914 | gnorm 0.211 | clip 1.000 | oom 0.000 | loss_scale 16.000 | wall 7258 | train_wall 6079
| epoch 040 | valid on 'valid' subset | loss 8.929 | nll_loss 7.412 | ppl 170.25 | num_updates 29712 | best_loss 8.9291
| saved checkpoint ./checkpoints/2020-07-13T11-38-04-00-exp444-morsel-ne-seed10/checkpoints_en_ne/checkpoint40.pt (epoch 40 @ 29712 updates) (writing took 0.9855713844299316 seconds)
| epoch 041 | loss 4.632 | nll_loss 2.151 | ppl 4.44 | wps 57113 | ups 4 | wpb 13865.153 | bsz 759.007 | num_updates 30455 | lr 0.00036241 | gnorm 0.211 | clip 1.000 | oom 0.000 | loss_scale 16.000 | wall 7441 | train_wall 6231
| epoch 041 | valid on 'valid' subset | loss 8.930 | nll_loss 7.407 | ppl 169.71 | num_updates 30455 | best_loss 8.9291
| WARNING: overflow detected, setting loss scale to: 16.0
| epoch 042 | loss 4.626 | nll_loss 2.143 | ppl 4.42 | wps 57096 | ups 4 | wpb 13867.402 | bsz 759.523 | num_updates 31197 | lr 0.000358075 | gnorm 0.211 | clip 1.000 | oom 0.000 | loss_scale 16.000 | wall 7622 | train_wall 6382
| epoch 042 | valid on 'valid' subset | loss 8.934 | nll_loss 7.419 | ppl 171.1 | num_updates 31197 | best_loss 8.9291
| epoch 043 | loss 4.621 | nll_loss 2.138 | ppl 4.4 | wps 57120 | ups 4 | wpb 13865.153 | bsz 759.007 | num_updates 31940 | lr 0.000353885 | gnorm 0.211 | clip 1.000 | oom 0.000 | loss_scale 16.000 | wall 7803 | train_wall 6534
| epoch 043 | valid on 'valid' subset | loss 8.941 | nll_loss 7.426 | ppl 171.99 | num_updates 31940 | best_loss 8.9291
| epoch 044 | loss 4.616 | nll_loss 2.131 | ppl 4.38 | wps 57347 | ups 4 | wpb 13865.153 | bsz 759.007 | num_updates 32683 | lr 0.00034984 | gnorm 0.211 | clip 1.000 | oom 0.000 | loss_scale 16.000 | wall 7984 | train_wall 6686
| epoch 044 | valid on 'valid' subset | loss 8.946 | nll_loss 7.440 | ppl 173.67 | num_updates 32683 | best_loss 8.9291
| epoch 045 | loss 4.610 | nll_loss 2.124 | ppl 4.36 | wps 57195 | ups 4 | wpb 13865.153 | bsz 759.007 | num_updates 33426 | lr 0.00034593 | gnorm 0.211 | clip 1.000 | oom 0.000 | loss_scale 16.000 | wall 8165 | train_wall 6838
| epoch 045 | valid on 'valid' subset | loss 8.943 | nll_loss 7.438 | ppl 173.37 | num_updates 33426 | best_loss 8.9291
| WARNING: overflow detected, setting loss scale to: 8.0
| epoch 046 | loss 4.606 | nll_loss 2.119 | ppl 4.34 | wps 57700 | ups 4 | wpb 13863.600 | bsz 759.480 | num_updates 34168 | lr 0.000342153 | gnorm 0.211 | clip 1.000 | oom 0.000 | loss_scale 8.000 | wall 8344 | train_wall 6989
| epoch 046 | valid on 'valid' subset | loss 8.937 | nll_loss 7.418 | ppl 170.97 | num_updates 34168 | best_loss 8.9291
| epoch 047 | loss 4.601 | nll_loss 2.112 | ppl 4.32 | wps 57520 | ups 4 | wpb 13865.153 | bsz 759.007 | num_updates 34911 | lr 0.000338492 | gnorm 0.213 | clip 1.000 | oom 0.000 | loss_scale 8.000 | wall 8524 | train_wall 7140
| epoch 047 | valid on 'valid' subset | loss 8.941 | nll_loss 7.425 | ppl 171.91 | num_updates 34911 | best_loss 8.9291
| epoch 048 | loss 4.597 | nll_loss 2.108 | ppl 4.31 | wps 56885 | ups 4 | wpb 13865.153 | bsz 759.007 | num_updates 35654 | lr 0.000334947 | gnorm 0.212 | clip 1.000 | oom 0.000 | loss_scale 8.000 | wall 8706 | train_wall 7293
| epoch 048 | valid on 'valid' subset | loss 8.932 | nll_loss 7.408 | ppl 169.88 | num_updates 35654 | best_loss 8.9291
| epoch 049 | loss 4.592 | nll_loss 2.102 | ppl 4.29 | wps 57095 | ups 4 | wpb 13865.153 | bsz 759.007 | num_updates 36397 | lr 0.00033151 | gnorm 0.212 | clip 1.000 | oom 0.000 | loss_scale 8.000 | wall 8887 | train_wall 7445
| epoch 049 | valid on 'valid' subset | loss 8.938 | nll_loss 7.440 | ppl 173.62 | num_updates 36397 | best_loss 8.9291
| epoch 050 | loss 4.588 | nll_loss 2.096 | ppl 4.27 | wps 57418 | ups 4 | wpb 13865.153 | bsz 759.007 | num_updates 37140 | lr 0.000328178 | gnorm 0.212 | clip 1.000 | oom 0.000 | loss_scale 8.000 | wall 9067 | train_wall 7596
| epoch 050 | valid on 'valid' subset | loss 8.943 | nll_loss 7.411 | ppl 170.25 | num_updates 37140 | best_loss 8.9291
| saved checkpoint ./checkpoints/2020-07-13T11-38-04-00-exp444-morsel-ne-seed10/checkpoints_en_ne/checkpoint50.pt (epoch 50 @ 37140 updates) (writing took 0.630626916885376 seconds)
| epoch 051 | loss 4.584 | nll_loss 2.091 | ppl 4.26 | wps 56896 | ups 4 | wpb 13865.153 | bsz 759.007 | num_updates 37883 | lr 0.000324943 | gnorm 0.216 | clip 1.000 | oom 0.000 | loss_scale 8.000 | wall 9250 | train_wall 7748
| epoch 051 | valid on 'valid' subset | loss 8.966 | nll_loss 7.461 | ppl 176.15 | num_updates 37883 | best_loss 8.9291
| epoch 052 | loss 4.580 | nll_loss 2.086 | ppl 4.25 | wps 56826 | ups 4 | wpb 13865.153 | bsz 759.007 | num_updates 38626 | lr 0.000321803 | gnorm 0.213 | clip 1.000 | oom 0.000 | loss_scale 16.000 | wall 9432 | train_wall 7900
| epoch 052 | valid on 'valid' subset | loss 8.929 | nll_loss 7.408 | ppl 169.86 | num_updates 38626 | best_loss 8.92855
| epoch 053 | loss 4.576 | nll_loss 2.081 | ppl 4.23 | wps 57001 | ups 4 | wpb 13865.153 | bsz 759.007 | num_updates 39369 | lr 0.000318752 | gnorm 0.213 | clip 1.000 | oom 0.000 | loss_scale 16.000 | wall 9614 | train_wall 8053
| epoch 053 | valid on 'valid' subset | loss 8.931 | nll_loss 7.421 | ppl 171.34 | num_updates 39369 | best_loss 8.9291
| epoch 054 | loss 4.572 | nll_loss 2.077 | ppl 4.22 | wps 57072 | ups 4 | wpb 13865.153 | bsz 759.007 | num_updates 40112 | lr 0.000315786 | gnorm 0.213 | clip 1.000 | oom 0.000 | loss_scale 16.000 | wall 9795 | train_wall 8205
| epoch 054 | valid on 'valid' subset | loss 8.943 | nll_loss 7.423 | ppl 171.61 | num_updates 40112 | best_loss 8.9291
| epoch 055 | loss 4.568 | nll_loss 2.072 | ppl 4.2 | wps 57138 | ups 4 | wpb 13865.153 | bsz 759.007 | num_updates 40855 | lr 0.000312901 | gnorm 0.213 | clip 1.000 | oom 0.000 | loss_scale 16.000 | wall 9976 | train_wall 8357
| epoch 055 | valid on 'valid' subset | loss 8.891 | nll_loss 7.367 | ppl 165.12 | num_updates 40855 | best_loss 8.89108
| epoch 056 | loss 4.565 | nll_loss 2.068 | ppl 4.19 | wps 56851 | ups 4 | wpb 13865.153 | bsz 759.007 | num_updates 41598 | lr 0.000310094 | gnorm 0.214 | clip 1.000 | oom 0.000 | loss_scale 16.000 | wall 10158 | train_wall 8509
| epoch 056 | valid on 'valid' subset | loss 8.949 | nll_loss 7.433 | ppl 172.76 | num_updates 41598 | best_loss 8.9291
| epoch 057 | loss 4.562 | nll_loss 2.063 | ppl 4.18 | wps 57015 | ups 4 | wpb 13865.153 | bsz 759.007 | num_updates 42341 | lr 0.000307361 | gnorm 0.214 | clip 1.000 | oom 0.000 | loss_scale 32.000 | wall 10340 | train_wall 8661
| epoch 057 | valid on 'valid' subset | loss 8.942 | nll_loss 7.416 | ppl 170.78 | num_updates 42341 | best_loss 8.9291
| epoch 058 | loss 4.558 | nll_loss 2.059 | ppl 4.17 | wps 57192 | ups 4 | wpb 13865.153 | bsz 759.007 | num_updates 43084 | lr 0.0003047 | gnorm 0.212 | clip 1.000 | oom 0.000 | loss_scale 32.000 | wall 10521 | train_wall 8813
| epoch 058 | valid on 'valid' subset | loss 8.924 | nll_loss 7.398 | ppl 168.64 | num_updates 43084 | best_loss 8.92445
| epoch 059 | loss 4.554 | nll_loss 2.054 | ppl 4.15 | wps 56958 | ups 4 | wpb 13865.153 | bsz 759.007 | num_updates 43827 | lr 0.000302106 | gnorm 0.215 | clip 1.000 | oom 0.000 | loss_scale 32.000 | wall 10702 | train_wall 8966
| epoch 059 | valid on 'valid' subset | loss 8.920 | nll_loss 7.400 | ppl 168.84 | num_updates 43827 | best_loss 8.92027
| WARNING: overflow detected, setting loss scale to: 16.0
| epoch 060 | loss 4.552 | nll_loss 2.052 | ppl 4.15 | wps 56920 | ups 4 | wpb 13863.195 | bsz 758.768 | num_updates 44569 | lr 0.000299581 | gnorm 0.214 | clip 1.000 | oom 0.000 | loss_scale 16.000 | wall 10884 | train_wall 9118
| epoch 060 | valid on 'valid' subset | loss 8.922 | nll_loss 7.394 | ppl 168.16 | num_updates 44569 | best_loss 8.92202
| saved checkpoint ./checkpoints/2020-07-13T11-38-04-00-exp444-morsel-ne-seed10/checkpoints_en_ne/checkpoint60.pt (epoch 60 @ 44569 updates) (writing took 0.9876811504364014 seconds)
| epoch 061 | loss 4.548 | nll_loss 2.046 | ppl 4.13 | wps 57091 | ups 4 | wpb 13865.153 | bsz 759.007 | num_updates 45312 | lr 0.000297114 | gnorm 0.215 | clip 1.000 | oom 0.000 | loss_scale 16.000 | wall 11066 | train_wall 9270
| epoch 061 | valid on 'valid' subset | loss 8.938 | nll_loss 7.417 | ppl 170.88 | num_updates 45312 | best_loss 8.92202
| epoch 062 | loss 4.545 | nll_loss 2.043 | ppl 4.12 | wps 57090 | ups 4 | wpb 13865.153 | bsz 759.007 | num_updates 46055 | lr 0.000294708 | gnorm 0.214 | clip 1.000 | oom 0.000 | loss_scale 16.000 | wall 11248 | train_wall 9422
| epoch 062 | valid on 'valid' subset | loss 8.944 | nll_loss 7.417 | ppl 170.86 | num_updates 46055 | best_loss 8.92202
| epoch 063 | loss 4.542 | nll_loss 2.039 | ppl 4.11 | wps 57167 | ups 4 | wpb 13865.153 | bsz 759.007 | num_updates 46798 | lr 0.000292359 | gnorm 0.216 | clip 1.000 | oom 0.000 | loss_scale 16.000 | wall 11429 | train_wall 9574
| epoch 063 | valid on 'valid' subset | loss 8.903 | nll_loss 7.378 | ppl 166.35 | num_updates 46798 | best_loss 8.9034
| epoch 064 | loss 4.539 | nll_loss 2.035 | ppl 4.1 | wps 56766 | ups 4 | wpb 13865.153 | bsz 759.007 | num_updates 47541 | lr 0.000290065 | gnorm 0.215 | clip 1.000 | oom 0.000 | loss_scale 16.000 | wall 11611 | train_wall 9726
| epoch 064 | valid on 'valid' subset | loss 8.917 | nll_loss 7.386 | ppl 167.32 | num_updates 47541 | best_loss 8.91741
| WARNING: overflow detected, setting loss scale to: 8.0
| epoch 065 | loss 4.537 | nll_loss 2.032 | ppl 4.09 | wps 57001 | ups 4 | wpb 13866.557 | bsz 759.296 | num_updates 48283 | lr 0.000287828 | gnorm 0.216 | clip 1.000 | oom 0.000 | loss_scale 8.000 | wall 11792 | train_wall 9878
| epoch 065 | valid on 'valid' subset | loss 8.926 | nll_loss 7.412 | ppl 170.35 | num_updates 48283 | best_loss 8.92202
| WARNING: overflow detected, setting loss scale to: 4.0
| epoch 066 | loss 4.532 | nll_loss 2.027 | ppl 4.07 | wps 56989 | ups 4 | wpb 13864.313 | bsz 759.609 | num_updates 49025 | lr 0.000285641 | gnorm 0.215 | clip 1.000 | oom 0.000 | loss_scale 4.000 | wall 11974 | train_wall 10030
| epoch 066 | valid on 'valid' subset | loss 8.887 | nll_loss 7.358 | ppl 164.06 | num_updates 49025 | best_loss 8.88694
| epoch 067 | loss 4.530 | nll_loss 2.024 | ppl 4.07 | wps 57282 | ups 4 | wpb 13865.153 | bsz 759.007 | num_updates 49768 | lr 0.000283501 | gnorm 0.216 | clip 1.000 | oom 0.000 | loss_scale 4.000 | wall 12155 | train_wall 10182
| epoch 067 | valid on 'valid' subset | loss 8.902 | nll_loss 7.375 | ppl 166.02 | num_updates 49768 | best_loss 8.90172
| epoch 068 | loss 4.528 | nll_loss 2.021 | ppl 4.06 | wps 57251 | ups 4 | wpb 13865.153 | bsz 759.007 | num_updates 50511 | lr 0.000281408 | gnorm 0.216 | clip 1.000 | oom 0.000 | loss_scale 4.000 | wall 12335 | train_wall 10334
| epoch 068 | valid on 'valid' subset | loss 8.923 | nll_loss 7.397 | ppl 168.55 | num_updates 50511 | best_loss 8.92202
| epoch 069 | loss 4.525 | nll_loss 2.017 | ppl 4.05 | wps 57255 | ups 4 | wpb 13865.153 | bsz 759.007 | num_updates 51254 | lr 0.000279361 | gnorm 0.215 | clip 1.000 | oom 0.000 | loss_scale 4.000 | wall 12516 | train_wall 10486
| epoch 069 | valid on 'valid' subset | loss 8.923 | nll_loss 7.406 | ppl 169.55 | num_updates 51254 | best_loss 8.92202
| epoch 070 | loss 4.522 | nll_loss 2.014 | ppl 4.04 | wps 56464 | ups 4 | wpb 13865.153 | bsz 759.007 | num_updates 51997 | lr 0.000277358 | gnorm 0.217 | clip 1.000 | oom 0.000 | loss_scale 4.000 | wall 12699 | train_wall 10640
| epoch 070 | valid on 'valid' subset | loss 8.926 | nll_loss 7.407 | ppl 169.74 | num_updates 51997 | best_loss 8.92202
| saved checkpoint ./checkpoints/2020-07-13T11-38-04-00-exp444-morsel-ne-seed10/checkpoints_en_ne/checkpoint70.pt (epoch 70 @ 51997 updates) (writing took 0.6413869857788086 seconds)
| epoch 071 | loss 4.520 | nll_loss 2.011 | ppl 4.03 | wps 56630 | ups 4 | wpb 13865.153 | bsz 759.007 | num_updates 52740 | lr 0.000275397 | gnorm 0.222 | clip 1.000 | oom 0.000 | loss_scale 8.000 | wall 12883 | train_wall 10792
| epoch 071 | valid on 'valid' subset | loss 8.906 | nll_loss 7.385 | ppl 167.15 | num_updates 52740 | best_loss 8.90603
| epoch 072 | loss 4.517 | nll_loss 2.008 | ppl 4.02 | wps 57141 | ups 4 | wpb 13865.153 | bsz 759.007 | num_updates 53483 | lr 0.000273478 | gnorm 0.217 | clip 1.000 | oom 0.000 | loss_scale 8.000 | wall 13064 | train_wall 10944
| epoch 072 | valid on 'valid' subset | loss 8.954 | nll_loss 7.440 | ppl 173.63 | num_updates 53483 | best_loss 8.92202
| epoch 073 | loss 4.515 | nll_loss 2.005 | ppl 4.01 | wps 56800 | ups 4 | wpb 13865.153 | bsz 759.007 | num_updates 54226 | lr 0.000271598 | gnorm 0.217 | clip 1.000 | oom 0.000 | loss_scale 8.000 | wall 13246 | train_wall 11097
| epoch 073 | valid on 'valid' subset | loss 8.944 | nll_loss 7.419 | ppl 171.1 | num_updates 54226 | best_loss 8.92202
| epoch 074 | loss 4.512 | nll_loss 2.001 | ppl 4 | wps 56815 | ups 4 | wpb 13865.153 | bsz 759.007 | num_updates 54969 | lr 0.000269756 | gnorm 0.219 | clip 1.000 | oom 0.000 | loss_scale 8.000 | wall 13428 | train_wall 11249
| epoch 074 | valid on 'valid' subset | loss 8.912 | nll_loss 7.388 | ppl 167.53 | num_updates 54969 | best_loss 8.91157
| epoch 075 | loss 4.510 | nll_loss 1.999 | ppl 4 | wps 57175 | ups 4 | wpb 13865.153 | bsz 759.007 | num_updates 55712 | lr 0.000267951 | gnorm 0.217 | clip 1.000 | oom 0.000 | loss_scale 8.000 | wall 13609 | train_wall 11401
| epoch 075 | valid on 'valid' subset | loss 8.904 | nll_loss 7.382 | ppl 166.79 | num_updates 55712 | best_loss 8.90431
| epoch 076 | loss 4.508 | nll_loss 1.996 | ppl 3.99 | wps 56045 | ups 4 | wpb 13865.153 | bsz 759.007 | num_updates 56455 | lr 0.000266182 | gnorm 0.217 | clip 1.000 | oom 0.000 | loss_scale 8.000 | wall 13794 | train_wall 11555
| epoch 076 | valid on 'valid' subset | loss 8.946 | nll_loss 7.423 | ppl 171.55 | num_updates 56455 | best_loss 8.92202
| epoch 077 | loss 4.505 | nll_loss 1.992 | ppl 3.98 | wps 56786 | ups 4 | wpb 13865.153 | bsz 759.007 | num_updates 57198 | lr 0.000264448 | gnorm 0.218 | clip 1.000 | oom 0.000 | loss_scale 16.000 | wall 13976 | train_wall 11707
| epoch 077 | valid on 'valid' subset | loss 8.907 | nll_loss 7.378 | ppl 166.37 | num_updates 57198 | best_loss 8.90717
| epoch 078 | loss 4.503 | nll_loss 1.990 | ppl 3.97 | wps 57327 | ups 4 | wpb 13865.153 | bsz 759.007 | num_updates 57941 | lr 0.000262747 | gnorm 0.219 | clip 1.000 | oom 0.000 | loss_scale 16.000 | wall 14157 | train_wall 11858
| epoch 078 | valid on 'valid' subset | loss 8.889 | nll_loss 7.365 | ppl 164.86 | num_updates 57941 | best_loss 8.88857
| epoch 079 | loss 4.501 | nll_loss 1.988 | ppl 3.97 | wps 56831 | ups 4 | wpb 13865.153 | bsz 759.007 | num_updates 58684 | lr 0.000261078 | gnorm 0.219 | clip 1.000 | oom 0.000 | loss_scale 16.000 | wall 14339 | train_wall 12011
| epoch 079 | valid on 'valid' subset | loss 8.895 | nll_loss 7.366 | ppl 164.93 | num_updates 58684 | best_loss 8.89504
| epoch 080 | loss 4.499 | nll_loss 1.985 | ppl 3.96 | wps 56384 | ups 4 | wpb 13865.153 | bsz 759.007 | num_updates 59427 | lr 0.000259441 | gnorm 0.219 | clip 1.000 | oom 0.000 | loss_scale 16.000 | wall 14523 | train_wall 12165
| epoch 080 | valid on 'valid' subset | loss 8.910 | nll_loss 7.391 | ppl 167.81 | num_updates 59427 | best_loss 8.90985
| saved checkpoint ./checkpoints/2020-07-13T11-38-04-00-exp444-morsel-ne-seed10/checkpoints_en_ne/checkpoint80.pt (epoch 80 @ 59427 updates) (writing took 0.9950494766235352 seconds)
| epoch 081 | loss 4.496 | nll_loss 1.982 | ppl 3.95 | wps 56923 | ups 4 | wpb 13865.153 | bsz 759.007 | num_updates 60170 | lr 0.000257834 | gnorm 0.219 | clip 1.000 | oom 0.000 | loss_scale 16.000 | wall 14706 | train_wall 12317
| epoch 081 | valid on 'valid' subset | loss 8.897 | nll_loss 7.363 | ppl 164.67 | num_updates 60170 | best_loss 8.89675
| epoch 082 | loss 4.495 | nll_loss 1.980 | ppl 3.94 | wps 56108 | ups 4 | wpb 13865.153 | bsz 759.007 | num_updates 60913 | lr 0.000256257 | gnorm 0.220 | clip 1.000 | oom 0.000 | loss_scale 32.000 | wall 14890 | train_wall 12470
| epoch 082 | valid on 'valid' subset | loss 8.916 | nll_loss 7.390 | ppl 167.74 | num_updates 60913 | best_loss 8.90985
| epoch 083 | loss 4.492 | nll_loss 1.976 | ppl 3.93 | wps 56238 | ups 4 | wpb 13865.153 | bsz 759.007 | num_updates 61656 | lr 0.000254708 | gnorm 0.218 | clip 1.000 | oom 0.000 | loss_scale 32.000 | wall 15074 | train_wall 12624
| epoch 083 | valid on 'valid' subset | loss 8.939 | nll_loss 7.415 | ppl 170.62 | num_updates 61656 | best_loss 8.90985
| epoch 084 | loss 4.490 | nll_loss 1.974 | ppl 3.93 | wps 56862 | ups 4 | wpb 13865.153 | bsz 759.007 | num_updates 62399 | lr 0.000253187 | gnorm 0.219 | clip 1.000 | oom 0.000 | loss_scale 32.000 | wall 15256 | train_wall 12777
| epoch 084 | valid on 'valid' subset | loss 8.911 | nll_loss 7.390 | ppl 167.72 | num_updates 62399 | best_loss 8.90985
| epoch 085 | loss 4.488 | nll_loss 1.971 | ppl 3.92 | wps 57322 | ups 4 | wpb 13865.153 | bsz 759.007 | num_updates 63142 | lr 0.000251693 | gnorm 0.219 | clip 1.000 | oom 0.000 | loss_scale 32.000 | wall 15437 | train_wall 12928
| epoch 085 | valid on 'valid' subset | loss 8.937 | nll_loss 7.419 | ppl 171.18 | num_updates 63142 | best_loss 8.90985
| WARNING: overflow detected, setting loss scale to: 16.0
| epoch 086 | loss 4.486 | nll_loss 1.969 | ppl 3.92 | wps 56189 | ups 4 | wpb 13863.978 | bsz 759.307 | num_updates 63884 | lr 0.000250227 | gnorm 0.220 | clip 1.000 | oom 0.000 | loss_scale 16.000 | wall 15621 | train_wall 13081
| epoch 086 | valid on 'valid' subset | loss 8.897 | nll_loss 7.369 | ppl 165.3 | num_updates 63884 | best_loss 8.89683
| epoch 087 | loss 4.485 | nll_loss 1.968 | ppl 3.91 | wps 56604 | ups 4 | wpb 13865.153 | bsz 759.007 | num_updates 64627 | lr 0.000248784 | gnorm 0.221 | clip 1.000 | oom 0.000 | loss_scale 16.000 | wall 15803 | train_wall 13234
| epoch 087 | valid on 'valid' subset | loss 8.886 | nll_loss 7.362 | ppl 164.51 | num_updates 64627 | best_loss 8.88645
| epoch 088 | loss 4.483 | nll_loss 1.965 | ppl 3.9 | wps 55906 | ups 4 | wpb 13865.153 | bsz 759.007 | num_updates 65370 | lr 0.000247366 | gnorm 0.220 | clip 1.000 | oom 0.000 | loss_scale 16.000 | wall 15988 | train_wall 13388
| epoch 088 | valid on 'valid' subset | loss 8.936 | nll_loss 7.407 | ppl 169.74 | num_updates 65370 | best_loss 8.90985
| epoch 089 | loss 4.481 | nll_loss 1.962 | ppl 3.9 | wps 54672 | ups 4 | wpb 13865.153 | bsz 759.007 | num_updates 66113 | lr 0.000245973 | gnorm 0.220 | clip 1.000 | oom 0.000 | loss_scale 16.000 | wall 16178 | train_wall 13545
| epoch 089 | valid on 'valid' subset | loss 8.882 | nll_loss 7.348 | ppl 162.97 | num_updates 66113 | best_loss 8.88214
| WARNING: overflow detected, setting loss scale to: 8.0
| epoch 090 | loss 4.479 | nll_loss 1.960 | ppl 3.89 | wps 57207 | ups 4 | wpb 13863.140 | bsz 759.146 | num_updates 66855 | lr 0.000244604 | gnorm 0.220 | clip 1.000 | oom 0.000 | loss_scale 8.000 | wall 16359 | train_wall 13697
| epoch 090 | valid on 'valid' subset | loss 8.886 | nll_loss 7.350 | ppl 163.17 | num_updates 66855 | best_loss 8.88602
| saved checkpoint ./checkpoints/2020-07-13T11-38-04-00-exp444-morsel-ne-seed10/checkpoints_en_ne/checkpoint90.pt (epoch 90 @ 66855 updates) (writing took 1.0016837120056152 seconds)
| epoch 091 | loss 4.477 | nll_loss 1.958 | ppl 3.88 | wps 57282 | ups 4 | wpb 13865.153 | bsz 759.007 | num_updates 67598 | lr 0.000243256 | gnorm 0.222 | clip 1.000 | oom 0.000 | loss_scale 8.000 | wall 16540 | train_wall 13849
| epoch 091 | valid on 'valid' subset | loss 8.869 | nll_loss 7.341 | ppl 162.11 | num_updates 67598 | best_loss 8.86881
| epoch 092 | loss 4.475 | nll_loss 1.955 | ppl 3.88 | wps 57079 | ups 4 | wpb 13865.153 | bsz 759.007 | num_updates 68341 | lr 0.00024193 | gnorm 0.220 | clip 1.000 | oom 0.000 | loss_scale 8.000 | wall 16722 | train_wall 14001
| epoch 092 | valid on 'valid' subset | loss 8.897 | nll_loss 7.376 | ppl 166.12 | num_updates 68341 | best_loss 8.88602
| WARNING: overflow detected, setting loss scale to: 4.0
| epoch 093 | loss 4.473 | nll_loss 1.952 | ppl 3.87 | wps 56888 | ups 4 | wpb 13866.888 | bsz 759.642 | num_updates 69083 | lr 0.000240627 | gnorm 0.224 | clip 1.000 | oom 0.000 | loss_scale 4.000 | wall 16903 | train_wall 14154
| epoch 093 | valid on 'valid' subset | loss 8.910 | nll_loss 7.383 | ppl 166.96 | num_updates 69083 | best_loss 8.88602
| epoch 094 | loss 4.471 | nll_loss 1.950 | ppl 3.86 | wps 56203 | ups 4 | wpb 13865.153 | bsz 759.007 | num_updates 69826 | lr 0.000239343 | gnorm 0.223 | clip 1.000 | oom 0.000 | loss_scale 4.000 | wall 17087 | train_wall 14307
| epoch 094 | valid on 'valid' subset | loss 8.905 | nll_loss 7.372 | ppl 165.7 | num_updates 69826 | best_loss 8.88602
| epoch 095 | loss 4.470 | nll_loss 1.949 | ppl 3.86 | wps 56778 | ups 4 | wpb 13865.153 | bsz 759.007 | num_updates 70569 | lr 0.00023808 | gnorm 0.222 | clip 1.000 | oom 0.000 | loss_scale 4.000 | wall 17270 | train_wall 14459
| epoch 095 | valid on 'valid' subset | loss 8.923 | nll_loss 7.405 | ppl 169.43 | num_updates 70569 | best_loss 8.88602
| epoch 096 | loss 4.468 | nll_loss 1.946 | ppl 3.85 | wps 57583 | ups 4 | wpb 13865.153 | bsz 759.007 | num_updates 71312 | lr 0.000236837 | gnorm 0.223 | clip 1.000 | oom 0.000 | loss_scale 4.000 | wall 17450 | train_wall 14610
| epoch 096 | valid on 'valid' subset | loss 8.889 | nll_loss 7.362 | ppl 164.55 | num_updates 71312 | best_loss 8.88602
| epoch 097 | loss 4.467 | nll_loss 1.945 | ppl 3.85 | wps 57494 | ups 4 | wpb 13865.153 | bsz 759.007 | num_updates 72055 | lr 0.000235612 | gnorm 0.223 | clip 1.000 | oom 0.000 | loss_scale 4.000 | wall 17630 | train_wall 14761
| epoch 097 | valid on 'valid' subset | loss 8.904 | nll_loss 7.384 | ppl 167.02 | num_updates 72055 | best_loss 8.88602
| epoch 098 | loss 4.465 | nll_loss 1.943 | ppl 3.84 | wps 57290 | ups 4 | wpb 13865.153 | bsz 759.007 | num_updates 72798 | lr 0.000234407 | gnorm 0.222 | clip 1.000 | oom 0.000 | loss_scale 4.000 | wall 17810 | train_wall 14913
| epoch 098 | valid on 'valid' subset | loss 8.898 | nll_loss 7.384 | ppl 167.08 | num_updates 72798 | best_loss 8.88602
| epoch 099 | loss 4.463 | nll_loss 1.940 | ppl 3.84 | wps 57255 | ups 4 | wpb 13865.153 | bsz 759.007 | num_updates 73541 | lr 0.00023322 | gnorm 0.222 | clip 1.000 | oom 0.000 | loss_scale 8.000 | wall 17991 | train_wall 15064
| epoch 099 | valid on 'valid' subset | loss 8.885 | nll_loss 7.363 | ppl 164.58 | num_updates 73541 | best_loss 8.88504
| epoch 100 | loss 4.461 | nll_loss 1.938 | ppl 3.83 | wps 56994 | ups 4 | wpb 13865.153 | bsz 759.007 | num_updates 74284 | lr 0.00023205 | gnorm 0.223 | clip 1.000 | oom 0.000 | loss_scale 8.000 | wall 18173 | train_wall 15217
| epoch 100 | valid on 'valid' subset | loss 8.878 | nll_loss 7.343 | ppl 162.39 | num_updates 74284 | best_loss 8.87824
| saved checkpoint ./checkpoints/2020-07-13T11-38-04-00-exp444-morsel-ne-seed10/checkpoints_en_ne/checkpoint100.pt (epoch 100 @ 74284 updates) (writing took 0.9970700740814209 seconds)
| done training in 18169.7 seconds
Done training.
Time at end: Mon Jul 13 21:43:47 EDT 2020
