================ FLORES BASELINE WITH CLIP_NORM=0.1, BPE=2500 AND SEED=13  ================
About to train the supervised for the following language pair: NE-EN
Checkpoint directory unset! Setting to default value...
CHECKPOINT_DIR is set to './checkpoints/2020-03-30T19-50-04-00-exp24-bpe2500-seed13/checkpoints_ne_en'
Creating checkpoint directory if it doesn't exist...
Data folder is: data-bin/wiki_ne_en_bpe2500/
Beginning training...
Time at beginning: Mon Mar 30 19:50:55 EDT 2020
Namespace(activation_dropout=0.2, activation_fn='relu', adam_betas='(0.9, 0.98)', adam_eps=1e-08, adaptive_input=False, adaptive_softmax_cutoff=None, adaptive_softmax_dropout=0, arch='transformer', attention_dropout=0.2, best_checkpoint_metric='loss', bpe=None, bucket_cap_mb=25, clip_norm=0.1, cpu=False, criterion='label_smoothed_cross_entropy', cross_self_attention=False, curriculum=0, data='data-bin/wiki_ne_en_bpe2500/', dataset_impl=None, ddp_backend='c10d', decoder_attention_heads=2, decoder_embed_dim=512, decoder_embed_path=None, decoder_ffn_embed_dim=2048, decoder_input_dim=512, decoder_layerdrop=0, decoder_layers=5, decoder_layers_to_keep=None, decoder_learned_pos=False, decoder_normalize_before=True, decoder_output_dim=512, device_id=0, disable_validation=False, distributed_backend='nccl', distributed_init_method=None, distributed_no_spawn=False, distributed_port=-1, distributed_rank=0, distributed_world_size=1, dropout=0.4, empty_cache_freq=0, encoder_attention_heads=2, encoder_embed_dim=512, encoder_embed_path=None, encoder_ffn_embed_dim=2048, encoder_layerdrop=0, encoder_layers=5, encoder_layers_to_keep=None, encoder_learned_pos=False, encoder_normalize_before=True, fast_stat_sync=False, find_unused_parameters=False, fix_batches_to_gpus=False, fixed_validation_seed=None, fp16=True, fp16_init_scale=128, fp16_scale_tolerance=0.0, fp16_scale_window=None, keep_interval_updates=-1, keep_last_epochs=-1, label_smoothing=0.2, layer_wise_attention=False, layernorm_embedding=False, lazy_load=False, left_pad_source='True', left_pad_target='False', load_alignments=False, log_format=None, log_interval=1000, lr=[0.001], lr_scheduler='inverse_sqrt', max_epoch=100, max_sentences=None, max_sentences_valid=None, max_source_positions=1024, max_target_positions=1024, max_tokens=4000, max_tokens_valid=4000, max_update=0, maximize_best_checkpoint_metric=False, memory_efficient_fp16=False, min_loss_scale=0.0001, min_lr=1e-09, no_cross_attention=False, no_epoch_checkpoints=False, no_last_checkpoints=False, no_progress_bar=False, no_save=False, no_save_optimizer_state=False, no_scale_embedding=False, no_token_positional_embeddings=False, num_workers=1, optimizer='adam', optimizer_overrides='{}', raw_text=False, required_batch_size_multiple=8, reset_dataloader=False, reset_lr_scheduler=False, reset_meters=False, reset_optimizer=False, restore_file='checkpoint_last.pt', save_dir='./checkpoints/2020-03-30T19-50-04-00-exp24-bpe2500-seed13/checkpoints_ne_en', save_interval=10, save_interval_updates=0, seed=13, sentence_avg=False, share_all_embeddings=True, share_decoder_input_output_embed=False, skip_invalid_size_inputs_valid_test=False, source_lang='ne', target_lang='en', task='translation', tensorboard_logdir='', threshold_loss_scale=None, tokenizer=None, train_subset='train', truncate_source=False, update_freq=[4], upsample_primary=1, use_bmuf=False, user_dir=None, valid_subset='valid', validate_interval=1, warmup_init_lr=1e-07, warmup_updates=4000, weight_decay=0.0001)
| [ne] dictionary: 2504 types
| [en] dictionary: 2504 types
| loaded 2559 examples from: data-bin/wiki_ne_en_bpe2500/valid.ne-en.ne
| loaded 2559 examples from: data-bin/wiki_ne_en_bpe2500/valid.ne-en.en
| data-bin/wiki_ne_en_bpe2500/ valid ne-en 2559 examples
TransformerModel(
  (encoder): TransformerEncoder(
    (embed_tokens): Embedding(2504, 512, padding_idx=1)
    (embed_positions): SinusoidalPositionalEmbedding()
    (layers): ModuleList(
      (0): TransformerEncoderLayer(
        (self_attn): MultiheadAttention(
          (k_proj): Linear(in_features=512, out_features=512, bias=True)
          (v_proj): Linear(in_features=512, out_features=512, bias=True)
          (q_proj): Linear(in_features=512, out_features=512, bias=True)
          (out_proj): Linear(in_features=512, out_features=512, bias=True)
        )
        (self_attn_layer_norm): LayerNorm((512,), eps=1e-05, elementwise_affine=True)
        (fc1): Linear(in_features=512, out_features=2048, bias=True)
        (fc2): Linear(in_features=2048, out_features=512, bias=True)
        (final_layer_norm): LayerNorm((512,), eps=1e-05, elementwise_affine=True)
      )
      (1): TransformerEncoderLayer(
        (self_attn): MultiheadAttention(
          (k_proj): Linear(in_features=512, out_features=512, bias=True)
          (v_proj): Linear(in_features=512, out_features=512, bias=True)
          (q_proj): Linear(in_features=512, out_features=512, bias=True)
          (out_proj): Linear(in_features=512, out_features=512, bias=True)
        )
        (self_attn_layer_norm): LayerNorm((512,), eps=1e-05, elementwise_affine=True)
        (fc1): Linear(in_features=512, out_features=2048, bias=True)
        (fc2): Linear(in_features=2048, out_features=512, bias=True)
        (final_layer_norm): LayerNorm((512,), eps=1e-05, elementwise_affine=True)
      )
      (2): TransformerEncoderLayer(
        (self_attn): MultiheadAttention(
          (k_proj): Linear(in_features=512, out_features=512, bias=True)
          (v_proj): Linear(in_features=512, out_features=512, bias=True)
          (q_proj): Linear(in_features=512, out_features=512, bias=True)
          (out_proj): Linear(in_features=512, out_features=512, bias=True)
        )
        (self_attn_layer_norm): LayerNorm((512,), eps=1e-05, elementwise_affine=True)
        (fc1): Linear(in_features=512, out_features=2048, bias=True)
        (fc2): Linear(in_features=2048, out_features=512, bias=True)
        (final_layer_norm): LayerNorm((512,), eps=1e-05, elementwise_affine=True)
      )
      (3): TransformerEncoderLayer(
        (self_attn): MultiheadAttention(
          (k_proj): Linear(in_features=512, out_features=512, bias=True)
          (v_proj): Linear(in_features=512, out_features=512, bias=True)
          (q_proj): Linear(in_features=512, out_features=512, bias=True)
          (out_proj): Linear(in_features=512, out_features=512, bias=True)
        )
        (self_attn_layer_norm): LayerNorm((512,), eps=1e-05, elementwise_affine=True)
        (fc1): Linear(in_features=512, out_features=2048, bias=True)
        (fc2): Linear(in_features=2048, out_features=512, bias=True)
        (final_layer_norm): LayerNorm((512,), eps=1e-05, elementwise_affine=True)
      )
      (4): TransformerEncoderLayer(
        (self_attn): MultiheadAttention(
          (k_proj): Linear(in_features=512, out_features=512, bias=True)
          (v_proj): Linear(in_features=512, out_features=512, bias=True)
          (q_proj): Linear(in_features=512, out_features=512, bias=True)
          (out_proj): Linear(in_features=512, out_features=512, bias=True)
        )
        (self_attn_layer_norm): LayerNorm((512,), eps=1e-05, elementwise_affine=True)
        (fc1): Linear(in_features=512, out_features=2048, bias=True)
        (fc2): Linear(in_features=2048, out_features=512, bias=True)
        (final_layer_norm): LayerNorm((512,), eps=1e-05, elementwise_affine=True)
      )
    )
    (layer_norm): LayerNorm((512,), eps=1e-05, elementwise_affine=True)
  )
  (decoder): TransformerDecoder(
    (embed_tokens): Embedding(2504, 512, padding_idx=1)
    (embed_positions): SinusoidalPositionalEmbedding()
    (layers): ModuleList(
      (0): TransformerDecoderLayer(
        (self_attn): MultiheadAttention(
          (k_proj): Linear(in_features=512, out_features=512, bias=True)
          (v_proj): Linear(in_features=512, out_features=512, bias=True)
          (q_proj): Linear(in_features=512, out_features=512, bias=True)
          (out_proj): Linear(in_features=512, out_features=512, bias=True)
        )
        (self_attn_layer_norm): LayerNorm((512,), eps=1e-05, elementwise_affine=True)
        (encoder_attn): MultiheadAttention(
          (k_proj): Linear(in_features=512, out_features=512, bias=True)
          (v_proj): Linear(in_features=512, out_features=512, bias=True)
          (q_proj): Linear(in_features=512, out_features=512, bias=True)
          (out_proj): Linear(in_features=512, out_features=512, bias=True)
        )
        (encoder_attn_layer_norm): LayerNorm((512,), eps=1e-05, elementwise_affine=True)
        (fc1): Linear(in_features=512, out_features=2048, bias=True)
        (fc2): Linear(in_features=2048, out_features=512, bias=True)
        (final_layer_norm): LayerNorm((512,), eps=1e-05, elementwise_affine=True)
      )
      (1): TransformerDecoderLayer(
        (self_attn): MultiheadAttention(
          (k_proj): Linear(in_features=512, out_features=512, bias=True)
          (v_proj): Linear(in_features=512, out_features=512, bias=True)
          (q_proj): Linear(in_features=512, out_features=512, bias=True)
          (out_proj): Linear(in_features=512, out_features=512, bias=True)
        )
        (self_attn_layer_norm): LayerNorm((512,), eps=1e-05, elementwise_affine=True)
        (encoder_attn): MultiheadAttention(
          (k_proj): Linear(in_features=512, out_features=512, bias=True)
          (v_proj): Linear(in_features=512, out_features=512, bias=True)
          (q_proj): Linear(in_features=512, out_features=512, bias=True)
          (out_proj): Linear(in_features=512, out_features=512, bias=True)
        )
        (encoder_attn_layer_norm): LayerNorm((512,), eps=1e-05, elementwise_affine=True)
        (fc1): Linear(in_features=512, out_features=2048, bias=True)
        (fc2): Linear(in_features=2048, out_features=512, bias=True)
        (final_layer_norm): LayerNorm((512,), eps=1e-05, elementwise_affine=True)
      )
      (2): TransformerDecoderLayer(
        (self_attn): MultiheadAttention(
          (k_proj): Linear(in_features=512, out_features=512, bias=True)
          (v_proj): Linear(in_features=512, out_features=512, bias=True)
          (q_proj): Linear(in_features=512, out_features=512, bias=True)
          (out_proj): Linear(in_features=512, out_features=512, bias=True)
        )
        (self_attn_layer_norm): LayerNorm((512,), eps=1e-05, elementwise_affine=True)
        (encoder_attn): MultiheadAttention(
          (k_proj): Linear(in_features=512, out_features=512, bias=True)
          (v_proj): Linear(in_features=512, out_features=512, bias=True)
          (q_proj): Linear(in_features=512, out_features=512, bias=True)
          (out_proj): Linear(in_features=512, out_features=512, bias=True)
        )
        (encoder_attn_layer_norm): LayerNorm((512,), eps=1e-05, elementwise_affine=True)
        (fc1): Linear(in_features=512, out_features=2048, bias=True)
        (fc2): Linear(in_features=2048, out_features=512, bias=True)
        (final_layer_norm): LayerNorm((512,), eps=1e-05, elementwise_affine=True)
      )
      (3): TransformerDecoderLayer(
        (self_attn): MultiheadAttention(
          (k_proj): Linear(in_features=512, out_features=512, bias=True)
          (v_proj): Linear(in_features=512, out_features=512, bias=True)
          (q_proj): Linear(in_features=512, out_features=512, bias=True)
          (out_proj): Linear(in_features=512, out_features=512, bias=True)
        )
        (self_attn_layer_norm): LayerNorm((512,), eps=1e-05, elementwise_affine=True)
        (encoder_attn): MultiheadAttention(
          (k_proj): Linear(in_features=512, out_features=512, bias=True)
          (v_proj): Linear(in_features=512, out_features=512, bias=True)
          (q_proj): Linear(in_features=512, out_features=512, bias=True)
          (out_proj): Linear(in_features=512, out_features=512, bias=True)
        )
        (encoder_attn_layer_norm): LayerNorm((512,), eps=1e-05, elementwise_affine=True)
        (fc1): Linear(in_features=512, out_features=2048, bias=True)
        (fc2): Linear(in_features=2048, out_features=512, bias=True)
        (final_layer_norm): LayerNorm((512,), eps=1e-05, elementwise_affine=True)
      )
      (4): TransformerDecoderLayer(
        (self_attn): MultiheadAttention(
          (k_proj): Linear(in_features=512, out_features=512, bias=True)
          (v_proj): Linear(in_features=512, out_features=512, bias=True)
          (q_proj): Linear(in_features=512, out_features=512, bias=True)
          (out_proj): Linear(in_features=512, out_features=512, bias=True)
        )
        (self_attn_layer_norm): LayerNorm((512,), eps=1e-05, elementwise_affine=True)
        (encoder_attn): MultiheadAttention(
          (k_proj): Linear(in_features=512, out_features=512, bias=True)
          (v_proj): Linear(in_features=512, out_features=512, bias=True)
          (q_proj): Linear(in_features=512, out_features=512, bias=True)
          (out_proj): Linear(in_features=512, out_features=512, bias=True)
        )
        (encoder_attn_layer_norm): LayerNorm((512,), eps=1e-05, elementwise_affine=True)
        (fc1): Linear(in_features=512, out_features=2048, bias=True)
        (fc2): Linear(in_features=2048, out_features=512, bias=True)
        (final_layer_norm): LayerNorm((512,), eps=1e-05, elementwise_affine=True)
      )
    )
    (layer_norm): LayerNorm((512,), eps=1e-05, elementwise_affine=True)
  )
)
| model transformer, criterion LabelSmoothedCrossEntropyCriterion
| num. model params: 38066176 (num. trained: 38066176)
| training on 1 GPUs
| max tokens per GPU = 4000 and max sentences per GPU = None
| no existing checkpoint found ./checkpoints/2020-03-30T19-50-04-00-exp24-bpe2500-seed13/checkpoints_ne_en/checkpoint_last.pt
| loading train data for epoch 0
| loaded 563637 examples from: data-bin/wiki_ne_en_bpe2500/train.ne-en.ne
| loaded 563637 examples from: data-bin/wiki_ne_en_bpe2500/train.ne-en.en
| data-bin/wiki_ne_en_bpe2500/ train ne-en 563637 examples
| WARNING: overflow detected, setting loss scale to: 64.0
| WARNING: overflow detected, setting loss scale to: 32.0
| WARNING: overflow detected, setting loss scale to: 16.0
| WARNING: overflow detected, setting loss scale to: 8.0
| epoch 001 | loss 9.180 | nll_loss 8.278 | ppl 310.38 | wps 51361 | ups 4 | wpb 12799.904 | bsz 808.367 | num_updates 690 | lr 0.000172583 | gnorm 0.830 | clip 1.000 | oom 0.000 | loss_scale 8.000 | wall 172 | train_wall 133
| epoch 001 | valid on 'valid' subset | loss 8.378 | nll_loss 7.047 | ppl 132.25 | num_updates 690
| epoch 002 | loss 7.191 | nll_loss 5.619 | ppl 49.15 | wps 49998 | ups 4 | wpb 12806.207 | bsz 812.157 | num_updates 1384 | lr 0.000346065 | gnorm 0.592 | clip 1.000 | oom 0.000 | loss_scale 8.000 | wall 351 | train_wall 275
| epoch 002 | valid on 'valid' subset | loss 7.906 | nll_loss 6.354 | ppl 81.78 | num_updates 1384
| epoch 003 | loss 6.394 | nll_loss 4.569 | ppl 23.73 | wps 50694 | ups 4 | wpb 12806.207 | bsz 812.157 | num_updates 2078 | lr 0.000519548 | gnorm 0.495 | clip 1.000 | oom 0.000 | loss_scale 8.000 | wall 527 | train_wall 416
| epoch 003 | valid on 'valid' subset | loss 7.609 | nll_loss 5.924 | ppl 60.73 | num_updates 2078
| epoch 004 | loss 5.934 | nll_loss 3.969 | ppl 15.66 | wps 50276 | ups 4 | wpb 12806.207 | bsz 812.157 | num_updates 2772 | lr 0.000693031 | gnorm 0.432 | clip 1.000 | oom 0.000 | loss_scale 8.000 | wall 705 | train_wall 556
| epoch 004 | valid on 'valid' subset | loss 7.357 | nll_loss 5.593 | ppl 48.28 | num_updates 2772
| epoch 005 | loss 5.640 | nll_loss 3.591 | ppl 12.05 | wps 52140 | ups 4 | wpb 12806.207 | bsz 812.157 | num_updates 3466 | lr 0.000866513 | gnorm 0.379 | clip 1.000 | oom 0.000 | loss_scale 8.000 | wall 876 | train_wall 692
| epoch 005 | valid on 'valid' subset | loss 7.164 | nll_loss 5.309 | ppl 39.65 | num_updates 3466
| epoch 006 | loss 5.450 | nll_loss 3.349 | ppl 10.19 | wps 51636 | ups 4 | wpb 12806.207 | bsz 812.157 | num_updates 4160 | lr 0.000980581 | gnorm 0.341 | clip 1.000 | oom 0.000 | loss_scale 8.000 | wall 1049 | train_wall 831
| epoch 006 | valid on 'valid' subset | loss 7.003 | nll_loss 5.139 | ppl 35.25 | num_updates 4160
| epoch 007 | loss 5.284 | nll_loss 3.139 | ppl 8.81 | wps 49348 | ups 4 | wpb 12806.207 | bsz 812.157 | num_updates 4854 | lr 0.000907779 | gnorm 0.306 | clip 1.000 | oom 0.000 | loss_scale 16.000 | wall 1230 | train_wall 975
| epoch 007 | valid on 'valid' subset | loss 6.874 | nll_loss 4.942 | ppl 30.75 | num_updates 4854
| epoch 008 | loss 5.145 | nll_loss 2.963 | ppl 7.8 | wps 55290 | ups 4 | wpb 12806.207 | bsz 812.157 | num_updates 5548 | lr 0.000849106 | gnorm 0.280 | clip 1.000 | oom 0.000 | loss_scale 16.000 | wall 1392 | train_wall 1105
| epoch 008 | valid on 'valid' subset | loss 6.727 | nll_loss 4.732 | ppl 26.57 | num_updates 5548
| epoch 009 | loss 5.043 | nll_loss 2.835 | ppl 7.14 | wps 51091 | ups 4 | wpb 12806.207 | bsz 812.157 | num_updates 6242 | lr 0.000800512 | gnorm 0.264 | clip 1.000 | oom 0.000 | loss_scale 16.000 | wall 1567 | train_wall 1244
| epoch 009 | valid on 'valid' subset | loss 6.668 | nll_loss 4.660 | ppl 25.28 | num_updates 6242
| epoch 010 | loss 4.962 | nll_loss 2.733 | ppl 6.65 | wps 49231 | ups 4 | wpb 12806.207 | bsz 812.157 | num_updates 6936 | lr 0.000759408 | gnorm 0.253 | clip 1.000 | oom 0.000 | loss_scale 16.000 | wall 1748 | train_wall 1388
| epoch 010 | valid on 'valid' subset | loss 6.618 | nll_loss 4.574 | ppl 23.82 | num_updates 6936
| saved checkpoint ./checkpoints/2020-03-30T19-50-04-00-exp24-bpe2500-seed13/checkpoints_ne_en/checkpoint10.pt (epoch 10 @ 6936 updates) (writing took 1.0686695575714111 seconds)
| epoch 011 | loss 4.899 | nll_loss 2.653 | ppl 6.29 | wps 53634 | ups 4 | wpb 12806.207 | bsz 812.157 | num_updates 7630 | lr 0.000724049 | gnorm 0.245 | clip 1.000 | oom 0.000 | loss_scale 16.000 | wall 1916 | train_wall 1521
| epoch 011 | valid on 'valid' subset | loss 6.521 | nll_loss 4.457 | ppl 21.97 | num_updates 7630 | best_loss 6.52133
| epoch 012 | loss 4.845 | nll_loss 2.586 | ppl 6 | wps 56477 | ups 4 | wpb 12806.207 | bsz 812.157 | num_updates 8324 | lr 0.000693209 | gnorm 0.240 | clip 1.000 | oom 0.000 | loss_scale 16.000 | wall 2074 | train_wall 1647
| epoch 012 | valid on 'valid' subset | loss 6.521 | nll_loss 4.457 | ppl 21.96 | num_updates 8324 | best_loss 6.52095
| epoch 013 | loss 4.799 | nll_loss 2.528 | ppl 5.77 | wps 56873 | ups 4 | wpb 12806.207 | bsz 812.157 | num_updates 9018 | lr 0.000666001 | gnorm 0.233 | clip 1.000 | oom 0.000 | loss_scale 32.000 | wall 2231 | train_wall 1773
| epoch 013 | valid on 'valid' subset | loss 6.501 | nll_loss 4.419 | ppl 21.39 | num_updates 9018 | best_loss 6.5009
| epoch 014 | loss 4.762 | nll_loss 2.481 | ppl 5.58 | wps 58643 | ups 5 | wpb 12806.207 | bsz 812.157 | num_updates 9712 | lr 0.000641764 | gnorm 0.231 | clip 1.000 | oom 0.000 | loss_scale 32.000 | wall 2383 | train_wall 1895
| epoch 014 | valid on 'valid' subset | loss 6.451 | nll_loss 4.364 | ppl 20.59 | num_updates 9712 | best_loss 6.45143
| epoch 015 | loss 4.727 | nll_loss 2.437 | ppl 5.42 | wps 58571 | ups 5 | wpb 12806.207 | bsz 812.157 | num_updates 10406 | lr 0.000619995 | gnorm 0.227 | clip 1.000 | oom 0.000 | loss_scale 32.000 | wall 2536 | train_wall 2018
| epoch 015 | valid on 'valid' subset | loss 6.402 | nll_loss 4.296 | ppl 19.64 | num_updates 10406 | best_loss 6.40241
| epoch 016 | loss 4.696 | nll_loss 2.399 | ppl 5.27 | wps 59476 | ups 5 | wpb 12806.207 | bsz 812.157 | num_updates 11100 | lr 0.0006003 | gnorm 0.225 | clip 1.000 | oom 0.000 | loss_scale 32.000 | wall 2686 | train_wall 2139
| epoch 016 | valid on 'valid' subset | loss 6.414 | nll_loss 4.326 | ppl 20.06 | num_updates 11100 | best_loss 6.41365
| epoch 017 | loss 4.669 | nll_loss 2.365 | ppl 5.15 | wps 60007 | ups 5 | wpb 12806.207 | bsz 812.157 | num_updates 11794 | lr 0.000582371 | gnorm 0.221 | clip 1.000 | oom 0.000 | loss_scale 32.000 | wall 2835 | train_wall 2260
| epoch 017 | valid on 'valid' subset | loss 6.379 | nll_loss 4.272 | ppl 19.32 | num_updates 11794 | best_loss 6.37922
| epoch 018 | loss 4.644 | nll_loss 2.334 | ppl 5.04 | wps 58160 | ups 5 | wpb 12806.207 | bsz 812.157 | num_updates 12488 | lr 0.000565957 | gnorm 0.221 | clip 1.000 | oom 0.000 | loss_scale 32.000 | wall 2988 | train_wall 2381
| epoch 018 | valid on 'valid' subset | loss 6.342 | nll_loss 4.224 | ppl 18.69 | num_updates 12488 | best_loss 6.34209
| WARNING: overflow detected, setting loss scale to: 32.0
| epoch 019 | loss 4.623 | nll_loss 2.307 | ppl 4.95 | wps 59728 | ups 5 | wpb 12803.928 | bsz 809.900 | num_updates 13181 | lr 0.000550878 | gnorm 0.220 | clip 1.000 | oom 0.000 | loss_scale 32.000 | wall 3137 | train_wall 2502
| epoch 019 | valid on 'valid' subset | loss 6.369 | nll_loss 4.260 | ppl 19.15 | num_updates 13181 | best_loss 6.36899
| epoch 020 | loss 4.602 | nll_loss 2.281 | ppl 4.86 | wps 56945 | ups 4 | wpb 12806.207 | bsz 812.157 | num_updates 13875 | lr 0.000536925 | gnorm 0.218 | clip 1.000 | oom 0.000 | loss_scale 32.000 | wall 3294 | train_wall 2628
| epoch 020 | valid on 'valid' subset | loss 6.332 | nll_loss 4.212 | ppl 18.54 | num_updates 13875 | best_loss 6.33214
| saved checkpoint ./checkpoints/2020-03-30T19-50-04-00-exp24-bpe2500-seed13/checkpoints_ne_en/checkpoint20.pt (epoch 20 @ 13875 updates) (writing took 1.3085761070251465 seconds)
| epoch 021 | loss 4.584 | nll_loss 2.258 | ppl 4.78 | wps 57527 | ups 4 | wpb 12806.207 | bsz 812.157 | num_updates 14569 | lr 0.00052398 | gnorm 0.218 | clip 1.000 | oom 0.000 | loss_scale 32.000 | wall 3451 | train_wall 2752
| epoch 021 | valid on 'valid' subset | loss 6.328 | nll_loss 4.206 | ppl 18.46 | num_updates 14569 | best_loss 6.32846
| epoch 022 | loss 4.567 | nll_loss 2.237 | ppl 4.72 | wps 58015 | ups 5 | wpb 12806.207 | bsz 812.157 | num_updates 15263 | lr 0.000511929 | gnorm 0.217 | clip 1.000 | oom 0.000 | loss_scale 32.000 | wall 3605 | train_wall 2874
| epoch 022 | valid on 'valid' subset | loss 6.329 | nll_loss 4.214 | ppl 18.56 | num_updates 15263 | best_loss 6.32943
| WARNING: overflow detected, setting loss scale to: 16.0
| epoch 023 | loss 4.551 | nll_loss 2.217 | ppl 4.65 | wps 58142 | ups 5 | wpb 12803.797 | bsz 807.984 | num_updates 15956 | lr 0.000500689 | gnorm 0.215 | clip 1.000 | oom 0.000 | loss_scale 16.000 | wall 3758 | train_wall 2996
| epoch 023 | valid on 'valid' subset | loss 6.306 | nll_loss 4.184 | ppl 18.18 | num_updates 15956 | best_loss 6.30648
| epoch 024 | loss 4.536 | nll_loss 2.198 | ppl 4.59 | wps 57614 | ups 4 | wpb 12806.207 | bsz 812.157 | num_updates 16650 | lr 0.000490143 | gnorm 0.214 | clip 1.000 | oom 0.000 | loss_scale 16.000 | wall 3913 | train_wall 3119
| epoch 024 | valid on 'valid' subset | loss 6.268 | nll_loss 4.133 | ppl 17.54 | num_updates 16650 | best_loss 6.26821
| epoch 025 | loss 4.522 | nll_loss 2.180 | ppl 4.53 | wps 58619 | ups 5 | wpb 12806.207 | bsz 812.157 | num_updates 17344 | lr 0.000480237 | gnorm 0.215 | clip 1.000 | oom 0.000 | loss_scale 16.000 | wall 4065 | train_wall 3241
| epoch 025 | valid on 'valid' subset | loss 6.269 | nll_loss 4.134 | ppl 17.55 | num_updates 17344 | best_loss 6.26903
| epoch 026 | loss 4.508 | nll_loss 2.164 | ppl 4.48 | wps 57527 | ups 4 | wpb 12806.207 | bsz 812.157 | num_updates 18038 | lr 0.000470908 | gnorm 0.214 | clip 1.000 | oom 0.000 | loss_scale 16.000 | wall 4220 | train_wall 3365
| epoch 026 | valid on 'valid' subset | loss 6.243 | nll_loss 4.105 | ppl 17.21 | num_updates 18038 | best_loss 6.24334
| epoch 027 | loss 4.497 | nll_loss 2.149 | ppl 4.44 | wps 57437 | ups 4 | wpb 12806.207 | bsz 812.157 | num_updates 18732 | lr 0.000462102 | gnorm 0.214 | clip 1.000 | oom 0.000 | loss_scale 16.000 | wall 4376 | train_wall 3490
| epoch 027 | valid on 'valid' subset | loss 6.250 | nll_loss 4.110 | ppl 17.27 | num_updates 18732 | best_loss 6.24969
| epoch 028 | loss 4.485 | nll_loss 2.134 | ppl 4.39 | wps 58389 | ups 5 | wpb 12806.207 | bsz 812.157 | num_updates 19426 | lr 0.000453773 | gnorm 0.213 | clip 1.000 | oom 0.000 | loss_scale 16.000 | wall 4529 | train_wall 3612
| epoch 028 | valid on 'valid' subset | loss 6.242 | nll_loss 4.108 | ppl 17.24 | num_updates 19426 | best_loss 6.24207
| epoch 029 | loss 4.474 | nll_loss 2.122 | ppl 4.35 | wps 59725 | ups 5 | wpb 12806.207 | bsz 812.157 | num_updates 20120 | lr 0.000445878 | gnorm 0.213 | clip 1.000 | oom 0.000 | loss_scale 32.000 | wall 4678 | train_wall 3732
| epoch 029 | valid on 'valid' subset | loss 6.246 | nll_loss 4.105 | ppl 17.21 | num_updates 20120 | best_loss 6.24618
| epoch 030 | loss 4.465 | nll_loss 2.109 | ppl 4.31 | wps 58557 | ups 5 | wpb 12806.207 | bsz 812.157 | num_updates 20814 | lr 0.000438382 | gnorm 0.212 | clip 1.000 | oom 0.000 | loss_scale 32.000 | wall 4831 | train_wall 3853
| epoch 030 | valid on 'valid' subset | loss 6.246 | nll_loss 4.114 | ppl 17.32 | num_updates 20814 | best_loss 6.24555
| saved checkpoint ./checkpoints/2020-03-30T19-50-04-00-exp24-bpe2500-seed13/checkpoints_ne_en/checkpoint30.pt (epoch 30 @ 20814 updates) (writing took 1.0096499919891357 seconds)
| epoch 031 | loss 4.455 | nll_loss 2.097 | ppl 4.28 | wps 57730 | ups 5 | wpb 12806.207 | bsz 812.157 | num_updates 21508 | lr 0.000431251 | gnorm 0.213 | clip 1.000 | oom 0.000 | loss_scale 32.000 | wall 4986 | train_wall 3977
| epoch 031 | valid on 'valid' subset | loss 6.246 | nll_loss 4.112 | ppl 17.3 | num_updates 21508 | best_loss 6.24555
| WARNING: overflow detected, setting loss scale to: 16.0
| epoch 032 | loss 4.445 | nll_loss 2.085 | ppl 4.24 | wps 58366 | ups 5 | wpb 12804.177 | bsz 809.115 | num_updates 22201 | lr 0.000424467 | gnorm 0.212 | clip 1.000 | oom 0.000 | loss_scale 16.000 | wall 5139 | train_wall 4099
| epoch 032 | valid on 'valid' subset | loss 6.245 | nll_loss 4.108 | ppl 17.25 | num_updates 22201 | best_loss 6.24541
| epoch 033 | loss 4.436 | nll_loss 2.074 | ppl 4.21 | wps 57779 | ups 5 | wpb 12806.207 | bsz 812.157 | num_updates 22895 | lr 0.000417984 | gnorm 0.212 | clip 1.000 | oom 0.000 | loss_scale 16.000 | wall 5294 | train_wall 4223
| epoch 033 | valid on 'valid' subset | loss 6.231 | nll_loss 4.100 | ppl 17.15 | num_updates 22895 | best_loss 6.23139
| epoch 034 | loss 4.428 | nll_loss 2.064 | ppl 4.18 | wps 57504 | ups 4 | wpb 12806.207 | bsz 812.157 | num_updates 23589 | lr 0.000411789 | gnorm 0.212 | clip 1.000 | oom 0.000 | loss_scale 16.000 | wall 5449 | train_wall 4348
| epoch 034 | valid on 'valid' subset | loss 6.198 | nll_loss 4.050 | ppl 16.57 | num_updates 23589 | best_loss 6.19846
| epoch 035 | loss 4.420 | nll_loss 2.053 | ppl 4.15 | wps 58945 | ups 5 | wpb 12806.207 | bsz 812.157 | num_updates 24283 | lr 0.000405862 | gnorm 0.212 | clip 1.000 | oom 0.000 | loss_scale 16.000 | wall 5601 | train_wall 4469
| epoch 035 | valid on 'valid' subset | loss 6.218 | nll_loss 4.073 | ppl 16.83 | num_updates 24283 | best_loss 6.21756
| epoch 036 | loss 4.412 | nll_loss 2.045 | ppl 4.13 | wps 57615 | ups 4 | wpb 12806.207 | bsz 812.157 | num_updates 24977 | lr 0.000400184 | gnorm 0.212 | clip 1.000 | oom 0.000 | loss_scale 16.000 | wall 5756 | train_wall 4593
| epoch 036 | valid on 'valid' subset | loss 6.195 | nll_loss 4.051 | ppl 16.58 | num_updates 24977 | best_loss 6.19457
| epoch 037 | loss 4.405 | nll_loss 2.035 | ppl 4.1 | wps 57773 | ups 5 | wpb 12806.207 | bsz 812.157 | num_updates 25671 | lr 0.000394738 | gnorm 0.212 | clip 1.000 | oom 0.000 | loss_scale 32.000 | wall 5910 | train_wall 4718
| epoch 037 | valid on 'valid' subset | loss 6.199 | nll_loss 4.046 | ppl 16.52 | num_updates 25671 | best_loss 6.19869
| WARNING: overflow detected, setting loss scale to: 16.0
| epoch 038 | loss 4.398 | nll_loss 2.027 | ppl 4.08 | wps 58142 | ups 5 | wpb 12802.442 | bsz 808.538 | num_updates 26364 | lr 0.000389515 | gnorm 0.211 | clip 1.000 | oom 0.000 | loss_scale 16.000 | wall 6063 | train_wall 4840
| epoch 038 | valid on 'valid' subset | loss 6.211 | nll_loss 4.067 | ppl 16.76 | num_updates 26364 | best_loss 6.21113
| epoch 039 | loss 4.391 | nll_loss 2.018 | ppl 4.05 | wps 57845 | ups 5 | wpb 12806.207 | bsz 812.157 | num_updates 27058 | lr 0.000384487 | gnorm 0.210 | clip 1.000 | oom 0.000 | loss_scale 16.000 | wall 6218 | train_wall 4964
| epoch 039 | valid on 'valid' subset | loss 6.192 | nll_loss 4.047 | ppl 16.53 | num_updates 27058 | best_loss 6.19157
| epoch 040 | loss 4.384 | nll_loss 2.009 | ppl 4.03 | wps 58239 | ups 5 | wpb 12806.207 | bsz 812.157 | num_updates 27752 | lr 0.00037965 | gnorm 0.211 | clip 1.000 | oom 0.000 | loss_scale 16.000 | wall 6371 | train_wall 5086
| epoch 040 | valid on 'valid' subset | loss 6.233 | nll_loss 4.084 | ppl 16.96 | num_updates 27752 | best_loss 6.23339
| saved checkpoint ./checkpoints/2020-03-30T19-50-04-00-exp24-bpe2500-seed13/checkpoints_ne_en/checkpoint40.pt (epoch 40 @ 27752 updates) (writing took 1.0464305877685547 seconds)
| epoch 041 | loss 4.378 | nll_loss 2.002 | ppl 4 | wps 58851 | ups 5 | wpb 12806.207 | bsz 812.157 | num_updates 28446 | lr 0.00037499 | gnorm 0.211 | clip 1.000 | oom 0.000 | loss_scale 16.000 | wall 6524 | train_wall 5207
| epoch 041 | valid on 'valid' subset | loss 6.186 | nll_loss 4.032 | ppl 16.35 | num_updates 28446 | best_loss 6.18608
| epoch 042 | loss 4.372 | nll_loss 1.994 | ppl 3.98 | wps 58502 | ups 5 | wpb 12806.207 | bsz 812.157 | num_updates 29140 | lr 0.000370497 | gnorm 0.213 | clip 1.000 | oom 0.000 | loss_scale 16.000 | wall 6677 | train_wall 5328
| epoch 042 | valid on 'valid' subset | loss 6.169 | nll_loss 4.017 | ppl 16.19 | num_updates 29140 | best_loss 6.16906
| epoch 043 | loss 4.367 | nll_loss 1.988 | ppl 3.97 | wps 57367 | ups 4 | wpb 12806.207 | bsz 812.157 | num_updates 29834 | lr 0.000366163 | gnorm 0.212 | clip 1.000 | oom 0.000 | loss_scale 16.000 | wall 6832 | train_wall 5453
| epoch 043 | valid on 'valid' subset | loss 6.184 | nll_loss 4.044 | ppl 16.5 | num_updates 29834 | best_loss 6.18443
| WARNING: overflow detected, setting loss scale to: 16.0
| epoch 044 | loss 4.360 | nll_loss 1.980 | ppl 3.94 | wps 57312 | ups 4 | wpb 12806.384 | bsz 810.224 | num_updates 30527 | lr 0.000361983 | gnorm 0.212 | clip 1.000 | oom 0.000 | loss_scale 16.000 | wall 6988 | train_wall 5577
| epoch 044 | valid on 'valid' subset | loss 6.174 | nll_loss 4.022 | ppl 16.24 | num_updates 30527 | best_loss 6.17405
| epoch 045 | loss 4.355 | nll_loss 1.973 | ppl 3.93 | wps 57585 | ups 4 | wpb 12806.207 | bsz 812.157 | num_updates 31221 | lr 0.000357937 | gnorm 0.212 | clip 1.000 | oom 0.000 | loss_scale 16.000 | wall 7143 | train_wall 5702
| epoch 045 | valid on 'valid' subset | loss 6.215 | nll_loss 4.071 | ppl 16.81 | num_updates 31221 | best_loss 6.21489
| epoch 046 | loss 4.350 | nll_loss 1.967 | ppl 3.91 | wps 58148 | ups 5 | wpb 12806.207 | bsz 812.157 | num_updates 31915 | lr 0.000354024 | gnorm 0.212 | clip 1.000 | oom 0.000 | loss_scale 16.000 | wall 7297 | train_wall 5824
| epoch 046 | valid on 'valid' subset | loss 6.174 | nll_loss 4.022 | ppl 16.24 | num_updates 31915 | best_loss 6.17445
| epoch 047 | loss 4.344 | nll_loss 1.960 | ppl 3.89 | wps 57976 | ups 5 | wpb 12806.207 | bsz 812.157 | num_updates 32609 | lr 0.000350236 | gnorm 0.211 | clip 1.000 | oom 0.000 | loss_scale 16.000 | wall 7451 | train_wall 5947
| epoch 047 | valid on 'valid' subset | loss 6.185 | nll_loss 4.033 | ppl 16.37 | num_updates 32609 | best_loss 6.18455
| epoch 048 | loss 4.340 | nll_loss 1.955 | ppl 3.88 | wps 57800 | ups 5 | wpb 12806.207 | bsz 812.157 | num_updates 33303 | lr 0.000346568 | gnorm 0.213 | clip 1.000 | oom 0.000 | loss_scale 16.000 | wall 7605 | train_wall 6071
| epoch 048 | valid on 'valid' subset | loss 6.202 | nll_loss 4.054 | ppl 16.61 | num_updates 33303 | best_loss 6.20234
| epoch 049 | loss 4.335 | nll_loss 1.949 | ppl 3.86 | wps 58454 | ups 5 | wpb 12806.207 | bsz 812.157 | num_updates 33997 | lr 0.000343012 | gnorm 0.213 | clip 1.000 | oom 0.000 | loss_scale 16.000 | wall 7758 | train_wall 6192
| epoch 049 | valid on 'valid' subset | loss 6.177 | nll_loss 4.031 | ppl 16.35 | num_updates 33997 | best_loss 6.17726
| epoch 050 | loss 4.330 | nll_loss 1.943 | ppl 3.84 | wps 57257 | ups 4 | wpb 12806.207 | bsz 812.157 | num_updates 34691 | lr 0.000339564 | gnorm 0.213 | clip 1.000 | oom 0.000 | loss_scale 32.000 | wall 7914 | train_wall 6317
| epoch 050 | valid on 'valid' subset | loss 6.156 | nll_loss 4.008 | ppl 16.09 | num_updates 34691 | best_loss 6.15572
| saved checkpoint ./checkpoints/2020-03-30T19-50-04-00-exp24-bpe2500-seed13/checkpoints_ne_en/checkpoint50.pt (epoch 50 @ 34691 updates) (writing took 1.2598388195037842 seconds)
| WARNING: overflow detected, setting loss scale to: 16.0
| epoch 051 | loss 4.327 | nll_loss 1.938 | ppl 3.83 | wps 58604 | ups 5 | wpb 12803.222 | bsz 808.746 | num_updates 35384 | lr 0.000336222 | gnorm 0.213 | clip 1.000 | oom 0.000 | loss_scale 16.000 | wall 8067 | train_wall 6438
| epoch 051 | valid on 'valid' subset | loss 6.158 | nll_loss 4.006 | ppl 16.07 | num_updates 35384 | best_loss 6.15572
| epoch 052 | loss 4.322 | nll_loss 1.932 | ppl 3.82 | wps 57365 | ups 4 | wpb 12806.207 | bsz 812.157 | num_updates 36078 | lr 0.000332973 | gnorm 0.212 | clip 1.000 | oom 0.000 | loss_scale 16.000 | wall 8223 | train_wall 6563
| epoch 052 | valid on 'valid' subset | loss 6.167 | nll_loss 4.020 | ppl 16.22 | num_updates 36078 | best_loss 6.15572
| epoch 053 | loss 4.318 | nll_loss 1.927 | ppl 3.8 | wps 57456 | ups 4 | wpb 12806.207 | bsz 812.157 | num_updates 36772 | lr 0.000329816 | gnorm 0.213 | clip 1.000 | oom 0.000 | loss_scale 16.000 | wall 8378 | train_wall 6688
| epoch 053 | valid on 'valid' subset | loss 6.180 | nll_loss 4.031 | ppl 16.35 | num_updates 36772 | best_loss 6.15572
| epoch 054 | loss 4.313 | nll_loss 1.922 | ppl 3.79 | wps 57732 | ups 5 | wpb 12806.207 | bsz 812.157 | num_updates 37466 | lr 0.000326747 | gnorm 0.213 | clip 1.000 | oom 0.000 | loss_scale 16.000 | wall 8533 | train_wall 6812
| epoch 054 | valid on 'valid' subset | loss 6.136 | nll_loss 3.981 | ppl 15.8 | num_updates 37466 | best_loss 6.1356
| epoch 055 | loss 4.310 | nll_loss 1.917 | ppl 3.78 | wps 57849 | ups 5 | wpb 12806.207 | bsz 812.157 | num_updates 38160 | lr 0.000323762 | gnorm 0.213 | clip 1.000 | oom 0.000 | loss_scale 16.000 | wall 8687 | train_wall 6936
| epoch 055 | valid on 'valid' subset | loss 6.147 | nll_loss 3.992 | ppl 15.92 | num_updates 38160 | best_loss 6.14742
| epoch 056 | loss 4.305 | nll_loss 1.912 | ppl 3.76 | wps 57531 | ups 4 | wpb 12806.207 | bsz 812.157 | num_updates 38854 | lr 0.000320857 | gnorm 0.214 | clip 1.000 | oom 0.000 | loss_scale 16.000 | wall 8842 | train_wall 7061
| epoch 056 | valid on 'valid' subset | loss 6.157 | nll_loss 4.008 | ppl 16.08 | num_updates 38854 | best_loss 6.15572
| WARNING: overflow detected, setting loss scale to: 16.0
| epoch 057 | loss 4.301 | nll_loss 1.907 | ppl 3.75 | wps 57568 | ups 4 | wpb 12806.212 | bsz 812.810 | num_updates 39547 | lr 0.000318034 | gnorm 0.213 | clip 1.000 | oom 0.000 | loss_scale 16.000 | wall 8997 | train_wall 7185
| epoch 057 | valid on 'valid' subset | loss 6.156 | nll_loss 4.000 | ppl 16 | num_updates 39547 | best_loss 6.15552
| epoch 058 | loss 4.298 | nll_loss 1.903 | ppl 3.74 | wps 57294 | ups 4 | wpb 12806.207 | bsz 812.157 | num_updates 40241 | lr 0.000315279 | gnorm 0.214 | clip 1.000 | oom 0.000 | loss_scale 16.000 | wall 9153 | train_wall 7310
| epoch 058 | valid on 'valid' subset | loss 6.166 | nll_loss 4.016 | ppl 16.18 | num_updates 40241 | best_loss 6.15572
| epoch 059 | loss 4.294 | nll_loss 1.898 | ppl 3.73 | wps 57845 | ups 5 | wpb 12806.207 | bsz 812.157 | num_updates 40935 | lr 0.000312595 | gnorm 0.214 | clip 1.000 | oom 0.000 | loss_scale 16.000 | wall 9307 | train_wall 7434
| epoch 059 | valid on 'valid' subset | loss 6.151 | nll_loss 4.001 | ppl 16.01 | num_updates 40935 | best_loss 6.15065
| epoch 060 | loss 4.290 | nll_loss 1.894 | ppl 3.72 | wps 57957 | ups 5 | wpb 12806.207 | bsz 812.157 | num_updates 41629 | lr 0.000309979 | gnorm 0.214 | clip 1.000 | oom 0.000 | loss_scale 16.000 | wall 9461 | train_wall 7556
| epoch 060 | valid on 'valid' subset | loss 6.126 | nll_loss 3.969 | ppl 15.66 | num_updates 41629 | best_loss 6.1255
| saved checkpoint ./checkpoints/2020-03-30T19-50-04-00-exp24-bpe2500-seed13/checkpoints_ne_en/checkpoint60.pt (epoch 60 @ 41629 updates) (writing took 1.3275535106658936 seconds)
| epoch 061 | loss 4.288 | nll_loss 1.891 | ppl 3.71 | wps 57611 | ups 4 | wpb 12806.207 | bsz 812.157 | num_updates 42323 | lr 0.000307427 | gnorm 0.214 | clip 1.000 | oom 0.000 | loss_scale 16.000 | wall 9618 | train_wall 7680
| epoch 061 | valid on 'valid' subset | loss 6.131 | nll_loss 3.974 | ppl 15.71 | num_updates 42323 | best_loss 6.1255
| epoch 062 | loss 4.284 | nll_loss 1.885 | ppl 3.69 | wps 57253 | ups 4 | wpb 12806.207 | bsz 812.157 | num_updates 43017 | lr 0.000304937 | gnorm 0.213 | clip 1.000 | oom 0.000 | loss_scale 16.000 | wall 9774 | train_wall 7805
| epoch 062 | valid on 'valid' subset | loss 6.151 | nll_loss 3.999 | ppl 15.99 | num_updates 43017 | best_loss 6.1255
| epoch 063 | loss 4.281 | nll_loss 1.882 | ppl 3.69 | wps 57848 | ups 5 | wpb 12806.207 | bsz 812.157 | num_updates 43711 | lr 0.000302506 | gnorm 0.214 | clip 1.000 | oom 0.000 | loss_scale 32.000 | wall 9928 | train_wall 7929
| epoch 063 | valid on 'valid' subset | loss 6.153 | nll_loss 3.999 | ppl 15.99 | num_updates 43711 | best_loss 6.1255
| epoch 064 | loss 4.277 | nll_loss 1.877 | ppl 3.67 | wps 57301 | ups 4 | wpb 12806.207 | bsz 812.157 | num_updates 44405 | lr 0.000300133 | gnorm 0.214 | clip 1.000 | oom 0.000 | loss_scale 32.000 | wall 10084 | train_wall 8054
| epoch 064 | valid on 'valid' subset | loss 6.180 | nll_loss 4.034 | ppl 16.38 | num_updates 44405 | best_loss 6.1255
| epoch 065 | loss 4.274 | nll_loss 1.873 | ppl 3.66 | wps 58717 | ups 5 | wpb 12806.207 | bsz 812.157 | num_updates 45099 | lr 0.000297815 | gnorm 0.215 | clip 1.000 | oom 0.000 | loss_scale 32.000 | wall 10236 | train_wall 8175
| epoch 065 | valid on 'valid' subset | loss 6.142 | nll_loss 3.988 | ppl 15.86 | num_updates 45099 | best_loss 6.1255
| epoch 066 | loss 4.271 | nll_loss 1.870 | ppl 3.65 | wps 57220 | ups 4 | wpb 12806.207 | bsz 812.157 | num_updates 45793 | lr 0.00029555 | gnorm 0.215 | clip 1.000 | oom 0.000 | loss_scale 32.000 | wall 10392 | train_wall 8300
| epoch 066 | valid on 'valid' subset | loss 6.162 | nll_loss 4.010 | ppl 16.11 | num_updates 45793 | best_loss 6.1255
| WARNING: overflow detected, setting loss scale to: 16.0
| epoch 067 | loss 4.267 | nll_loss 1.865 | ppl 3.64 | wps 57237 | ups 4 | wpb 12806.952 | bsz 810.270 | num_updates 46486 | lr 0.000293338 | gnorm 0.215 | clip 1.000 | oom 0.000 | loss_scale 16.000 | wall 10548 | train_wall 8424
| epoch 067 | valid on 'valid' subset | loss 6.135 | nll_loss 3.986 | ppl 15.85 | num_updates 46486 | best_loss 6.1255
| epoch 068 | loss 4.266 | nll_loss 1.863 | ppl 3.64 | wps 57592 | ups 4 | wpb 12806.207 | bsz 812.157 | num_updates 47180 | lr 0.000291173 | gnorm 0.216 | clip 1.000 | oom 0.000 | loss_scale 16.000 | wall 10703 | train_wall 8548
| epoch 068 | valid on 'valid' subset | loss 6.135 | nll_loss 3.986 | ppl 15.85 | num_updates 47180 | best_loss 6.1255
| epoch 069 | loss 4.262 | nll_loss 1.859 | ppl 3.63 | wps 57710 | ups 5 | wpb 12806.207 | bsz 812.157 | num_updates 47874 | lr 0.000289055 | gnorm 0.215 | clip 1.000 | oom 0.000 | loss_scale 16.000 | wall 10857 | train_wall 8673
| epoch 069 | valid on 'valid' subset | loss 6.132 | nll_loss 3.981 | ppl 15.79 | num_updates 47874 | best_loss 6.1255
| epoch 070 | loss 4.259 | nll_loss 1.855 | ppl 3.62 | wps 57794 | ups 5 | wpb 12806.207 | bsz 812.157 | num_updates 48568 | lr 0.000286982 | gnorm 0.215 | clip 1.000 | oom 0.000 | loss_scale 16.000 | wall 11012 | train_wall 8797
| epoch 070 | valid on 'valid' subset | loss 6.133 | nll_loss 3.985 | ppl 15.84 | num_updates 48568 | best_loss 6.1255
| saved checkpoint ./checkpoints/2020-03-30T19-50-04-00-exp24-bpe2500-seed13/checkpoints_ne_en/checkpoint70.pt (epoch 70 @ 48568 updates) (writing took 0.6439108848571777 seconds)
| epoch 071 | loss 4.256 | nll_loss 1.851 | ppl 3.61 | wps 58103 | ups 5 | wpb 12806.207 | bsz 812.157 | num_updates 49262 | lr 0.000284953 | gnorm 0.215 | clip 1.000 | oom 0.000 | loss_scale 16.000 | wall 11166 | train_wall 8918
| epoch 071 | valid on 'valid' subset | loss 6.127 | nll_loss 3.967 | ppl 15.64 | num_updates 49262 | best_loss 6.1255
| epoch 072 | loss 4.254 | nll_loss 1.849 | ppl 3.6 | wps 58540 | ups 5 | wpb 12806.207 | bsz 812.157 | num_updates 49956 | lr 0.000282967 | gnorm 0.216 | clip 1.000 | oom 0.000 | loss_scale 16.000 | wall 11319 | train_wall 9039
| epoch 072 | valid on 'valid' subset | loss 6.131 | nll_loss 3.977 | ppl 15.75 | num_updates 49956 | best_loss 6.1255
| epoch 073 | loss 4.251 | nll_loss 1.845 | ppl 3.59 | wps 57527 | ups 4 | wpb 12806.207 | bsz 812.157 | num_updates 50650 | lr 0.000281022 | gnorm 0.216 | clip 1.000 | oom 0.000 | loss_scale 32.000 | wall 11474 | train_wall 9163
| epoch 073 | valid on 'valid' subset | loss 6.151 | nll_loss 3.995 | ppl 15.95 | num_updates 50650 | best_loss 6.1255
| epoch 074 | loss 4.249 | nll_loss 1.842 | ppl 3.59 | wps 57526 | ups 4 | wpb 12806.207 | bsz 812.157 | num_updates 51344 | lr 0.000279116 | gnorm 0.216 | clip 1.000 | oom 0.000 | loss_scale 32.000 | wall 11629 | train_wall 9288
| epoch 074 | valid on 'valid' subset | loss 6.120 | nll_loss 3.965 | ppl 15.61 | num_updates 51344 | best_loss 6.12021
| epoch 075 | loss 4.246 | nll_loss 1.839 | ppl 3.58 | wps 57687 | ups 5 | wpb 12806.207 | bsz 812.157 | num_updates 52038 | lr 0.000277249 | gnorm 0.217 | clip 1.000 | oom 0.000 | loss_scale 32.000 | wall 11784 | train_wall 9412
| epoch 075 | valid on 'valid' subset | loss 6.131 | nll_loss 3.984 | ppl 15.82 | num_updates 52038 | best_loss 6.1255
| epoch 076 | loss 4.244 | nll_loss 1.837 | ppl 3.57 | wps 58767 | ups 5 | wpb 12806.207 | bsz 812.157 | num_updates 52732 | lr 0.000275418 | gnorm 0.217 | clip 1.000 | oom 0.000 | loss_scale 32.000 | wall 11936 | train_wall 9533
| epoch 076 | valid on 'valid' subset | loss 6.114 | nll_loss 3.957 | ppl 15.53 | num_updates 52732 | best_loss 6.11414
| epoch 077 | loss 4.241 | nll_loss 1.833 | ppl 3.56 | wps 57491 | ups 4 | wpb 12806.207 | bsz 812.157 | num_updates 53426 | lr 0.000273624 | gnorm 0.217 | clip 1.000 | oom 0.000 | loss_scale 32.000 | wall 12091 | train_wall 9657
| epoch 077 | valid on 'valid' subset | loss 6.145 | nll_loss 3.996 | ppl 15.96 | num_updates 53426 | best_loss 6.1255
| WARNING: overflow detected, setting loss scale to: 16.0
| epoch 078 | loss 4.240 | nll_loss 1.831 | ppl 3.56 | wps 57501 | ups 4 | wpb 12805.698 | bsz 809.277 | num_updates 54119 | lr 0.000271866 | gnorm 0.218 | clip 1.000 | oom 0.000 | loss_scale 16.000 | wall 12247 | train_wall 9781
| epoch 078 | valid on 'valid' subset | loss 6.122 | nll_loss 3.967 | ppl 15.64 | num_updates 54119 | best_loss 6.12217
| epoch 079 | loss 4.236 | nll_loss 1.827 | ppl 3.55 | wps 57334 | ups 4 | wpb 12806.207 | bsz 812.157 | num_updates 54813 | lr 0.00027014 | gnorm 0.216 | clip 1.000 | oom 0.000 | loss_scale 16.000 | wall 12402 | train_wall 9906
| epoch 079 | valid on 'valid' subset | loss 6.114 | nll_loss 3.956 | ppl 15.52 | num_updates 54813 | best_loss 6.11351
| epoch 080 | loss 4.235 | nll_loss 1.825 | ppl 3.54 | wps 57401 | ups 4 | wpb 12806.207 | bsz 812.157 | num_updates 55507 | lr 0.000268445 | gnorm 0.219 | clip 1.000 | oom 0.000 | loss_scale 16.000 | wall 12558 | train_wall 10029
| epoch 080 | valid on 'valid' subset | loss 6.142 | nll_loss 3.979 | ppl 15.77 | num_updates 55507 | best_loss 6.1255
| saved checkpoint ./checkpoints/2020-03-30T19-50-04-00-exp24-bpe2500-seed13/checkpoints_ne_en/checkpoint80.pt (epoch 80 @ 55507 updates) (writing took 0.7959365844726562 seconds)
| epoch 081 | loss 4.232 | nll_loss 1.822 | ppl 3.53 | wps 58374 | ups 5 | wpb 12806.207 | bsz 812.157 | num_updates 56201 | lr 0.000266783 | gnorm 0.219 | clip 1.000 | oom 0.000 | loss_scale 16.000 | wall 12712 | train_wall 10150
| epoch 081 | valid on 'valid' subset | loss 6.147 | nll_loss 3.992 | ppl 15.91 | num_updates 56201 | best_loss 6.1255
| epoch 082 | loss 4.230 | nll_loss 1.819 | ppl 3.53 | wps 57616 | ups 4 | wpb 12806.207 | bsz 812.157 | num_updates 56895 | lr 0.000265151 | gnorm 0.218 | clip 1.000 | oom 0.000 | loss_scale 16.000 | wall 12867 | train_wall 10275
| epoch 082 | valid on 'valid' subset | loss 6.124 | nll_loss 3.967 | ppl 15.64 | num_updates 56895 | best_loss 6.12447
| epoch 083 | loss 4.227 | nll_loss 1.816 | ppl 3.52 | wps 57611 | ups 4 | wpb 12806.207 | bsz 812.157 | num_updates 57589 | lr 0.000263548 | gnorm 0.217 | clip 1.000 | oom 0.000 | loss_scale 16.000 | wall 13022 | train_wall 10399
| epoch 083 | valid on 'valid' subset | loss 6.128 | nll_loss 3.974 | ppl 15.72 | num_updates 57589 | best_loss 6.1255
| WARNING: overflow detected, setting loss scale to: 16.0
| epoch 084 | loss 4.224 | nll_loss 1.812 | ppl 3.51 | wps 57095 | ups 4 | wpb 12806.724 | bsz 812.937 | num_updates 58282 | lr 0.000261977 | gnorm 0.219 | clip 1.000 | oom 0.000 | loss_scale 16.000 | wall 13178 | train_wall 10524
| epoch 084 | valid on 'valid' subset | loss 6.143 | nll_loss 3.993 | ppl 15.92 | num_updates 58282 | best_loss 6.1255
| epoch 085 | loss 4.223 | nll_loss 1.811 | ppl 3.51 | wps 57475 | ups 4 | wpb 12806.207 | bsz 812.157 | num_updates 58976 | lr 0.000260431 | gnorm 0.219 | clip 1.000 | oom 0.000 | loss_scale 16.000 | wall 13333 | train_wall 10648
| epoch 085 | valid on 'valid' subset | loss 6.132 | nll_loss 3.975 | ppl 15.72 | num_updates 58976 | best_loss 6.1255
| epoch 086 | loss 4.221 | nll_loss 1.809 | ppl 3.5 | wps 57603 | ups 4 | wpb 12806.207 | bsz 812.157 | num_updates 59670 | lr 0.000258912 | gnorm 0.219 | clip 1.000 | oom 0.000 | loss_scale 16.000 | wall 13488 | train_wall 10773
| epoch 086 | valid on 'valid' subset | loss 6.117 | nll_loss 3.957 | ppl 15.53 | num_updates 59670 | best_loss 6.11732
| epoch 087 | loss 4.219 | nll_loss 1.805 | ppl 3.5 | wps 57251 | ups 4 | wpb 12806.207 | bsz 812.157 | num_updates 60364 | lr 0.000257419 | gnorm 0.219 | clip 1.000 | oom 0.000 | loss_scale 16.000 | wall 13644 | train_wall 10897
| epoch 087 | valid on 'valid' subset | loss 6.145 | nll_loss 3.988 | ppl 15.87 | num_updates 60364 | best_loss 6.1255
| epoch 088 | loss 4.217 | nll_loss 1.804 | ppl 3.49 | wps 58693 | ups 5 | wpb 12806.207 | bsz 812.157 | num_updates 61058 | lr 0.000255952 | gnorm 0.218 | clip 1.000 | oom 0.000 | loss_scale 16.000 | wall 13796 | train_wall 11019
| epoch 088 | valid on 'valid' subset | loss 6.129 | nll_loss 3.971 | ppl 15.68 | num_updates 61058 | best_loss 6.1255
| epoch 089 | loss 4.215 | nll_loss 1.800 | ppl 3.48 | wps 57696 | ups 5 | wpb 12806.207 | bsz 812.157 | num_updates 61752 | lr 0.00025451 | gnorm 0.219 | clip 1.000 | oom 0.000 | loss_scale 16.000 | wall 13951 | train_wall 11143
| epoch 089 | valid on 'valid' subset | loss 6.133 | nll_loss 3.974 | ppl 15.71 | num_updates 61752 | best_loss 6.1255
| epoch 090 | loss 4.213 | nll_loss 1.799 | ppl 3.48 | wps 58553 | ups 5 | wpb 12806.207 | bsz 812.157 | num_updates 62446 | lr 0.000253092 | gnorm 0.223 | clip 1.000 | oom 0.000 | loss_scale 32.000 | wall 14103 | train_wall 11265
| epoch 090 | valid on 'valid' subset | loss 6.134 | nll_loss 3.980 | ppl 15.78 | num_updates 62446 | best_loss 6.1255
| saved checkpoint ./checkpoints/2020-03-30T19-50-04-00-exp24-bpe2500-seed13/checkpoints_ne_en/checkpoint90.pt (epoch 90 @ 62446 updates) (writing took 0.6864702701568604 seconds)
| epoch 091 | loss 4.211 | nll_loss 1.796 | ppl 3.47 | wps 57437 | ups 4 | wpb 12806.207 | bsz 812.157 | num_updates 63140 | lr 0.000251697 | gnorm 0.220 | clip 1.000 | oom 0.000 | loss_scale 32.000 | wall 14260 | train_wall 11389
| epoch 091 | valid on 'valid' subset | loss 6.129 | nll_loss 3.977 | ppl 15.75 | num_updates 63140 | best_loss 6.1255
| epoch 092 | loss 4.209 | nll_loss 1.794 | ppl 3.47 | wps 57820 | ups 5 | wpb 12806.207 | bsz 812.157 | num_updates 63834 | lr 0.000250325 | gnorm 0.219 | clip 1.000 | oom 0.000 | loss_scale 32.000 | wall 14414 | train_wall 11514
| epoch 092 | valid on 'valid' subset | loss 6.130 | nll_loss 3.977 | ppl 15.75 | num_updates 63834 | best_loss 6.1255
| epoch 093 | loss 4.207 | nll_loss 1.791 | ppl 3.46 | wps 58029 | ups 5 | wpb 12806.207 | bsz 812.157 | num_updates 64528 | lr 0.000248975 | gnorm 0.220 | clip 1.000 | oom 0.000 | loss_scale 32.000 | wall 14568 | train_wall 11638
| epoch 093 | valid on 'valid' subset | loss 6.103 | nll_loss 3.943 | ppl 15.37 | num_updates 64528 | best_loss 6.10342
| epoch 094 | loss 4.205 | nll_loss 1.789 | ppl 3.46 | wps 57501 | ups 4 | wpb 12806.207 | bsz 812.157 | num_updates 65222 | lr 0.000247647 | gnorm 0.221 | clip 1.000 | oom 0.000 | loss_scale 32.000 | wall 14723 | train_wall 11763
| epoch 094 | valid on 'valid' subset | loss 6.133 | nll_loss 3.977 | ppl 15.75 | num_updates 65222 | best_loss 6.1255
| WARNING: overflow detected, setting loss scale to: 16.0
| epoch 095 | loss 4.204 | nll_loss 1.787 | ppl 3.45 | wps 59248 | ups 5 | wpb 12804.785 | bsz 809.312 | num_updates 65915 | lr 0.000246342 | gnorm 0.220 | clip 1.000 | oom 0.000 | loss_scale 16.000 | wall 14874 | train_wall 11883
| epoch 095 | valid on 'valid' subset | loss 6.113 | nll_loss 3.956 | ppl 15.51 | num_updates 65915 | best_loss 6.11342
| epoch 096 | loss 4.202 | nll_loss 1.785 | ppl 3.45 | wps 57912 | ups 5 | wpb 12806.207 | bsz 812.157 | num_updates 66609 | lr 0.000245055 | gnorm 0.221 | clip 1.000 | oom 0.000 | loss_scale 16.000 | wall 15028 | train_wall 12007
| epoch 096 | valid on 'valid' subset | loss 6.139 | nll_loss 3.984 | ppl 15.83 | num_updates 66609 | best_loss 6.1255
| epoch 097 | loss 4.200 | nll_loss 1.783 | ppl 3.44 | wps 57694 | ups 5 | wpb 12806.207 | bsz 812.157 | num_updates 67303 | lr 0.000243788 | gnorm 0.222 | clip 1.000 | oom 0.000 | loss_scale 16.000 | wall 15183 | train_wall 12131
| epoch 097 | valid on 'valid' subset | loss 6.124 | nll_loss 3.965 | ppl 15.61 | num_updates 67303 | best_loss 6.12366
| epoch 098 | loss 4.198 | nll_loss 1.780 | ppl 3.43 | wps 57476 | ups 4 | wpb 12806.207 | bsz 812.157 | num_updates 67997 | lr 0.000242541 | gnorm 0.222 | clip 1.000 | oom 0.000 | loss_scale 16.000 | wall 15338 | train_wall 12255
| epoch 098 | valid on 'valid' subset | loss 6.144 | nll_loss 3.991 | ppl 15.9 | num_updates 67997 | best_loss 6.1255
| epoch 099 | loss 4.196 | nll_loss 1.778 | ppl 3.43 | wps 57616 | ups 4 | wpb 12806.207 | bsz 812.157 | num_updates 68691 | lr 0.000241313 | gnorm 0.221 | clip 1.000 | oom 0.000 | loss_scale 16.000 | wall 15493 | train_wall 12380
| epoch 099 | valid on 'valid' subset | loss 6.154 | nll_loss 4.003 | ppl 16.03 | num_updates 68691 | best_loss 6.1255
| epoch 100 | loss 4.194 | nll_loss 1.776 | ppl 3.42 | wps 57925 | ups 5 | wpb 12806.207 | bsz 812.157 | num_updates 69385 | lr 0.000240103 | gnorm 0.221 | clip 1.000 | oom 0.000 | loss_scale 16.000 | wall 15647 | train_wall 12504
| epoch 100 | valid on 'valid' subset | loss 6.136 | nll_loss 3.982 | ppl 15.81 | num_updates 69385 | best_loss 6.1255
| saved checkpoint ./checkpoints/2020-03-30T19-50-04-00-exp24-bpe2500-seed13/checkpoints_ne_en/checkpoint100.pt (epoch 100 @ 69385 updates) (writing took 0.7935853004455566 seconds)
| done training in 15642.5 seconds
Done training.
Time at end: Tue Mar 31 00:11:48 EDT 2020
