================ FLORES BASELINE WITH CLIP_NORM=0.1, BPE=5000 AND SEED=19  ================
About to train the supervised for the following language pair: NE-EN
CHECKPOINT_DIR is set to './checkpoints/2020-05-25T04-08-04-00-exp27-bpe5000-ne-051920-seed19-nonjoint/checkpoints_ne_en'
Creating checkpoint directory if it doesn't exist...
Data folder is: data-bin/wiki_ne_en_bpe5000_nonjoint/
Beginning training...
Time at beginning: Mon May 25 04:08:19 EDT 2020
This is train_fairseq
Namespace(activation_dropout=0.2, activation_fn='relu', adam_betas='(0.9, 0.98)', adam_eps=1e-08, adaptive_input=False, adaptive_softmax_cutoff=None, adaptive_softmax_dropout=0, arch='transformer', attention_dropout=0.2, best_checkpoint_metric='loss', bpe=None, bucket_cap_mb=25, clip_norm=0.1, cpu=False, criterion='label_smoothed_cross_entropy', cross_self_attention=False, curriculum=0, data='data-bin/wiki_ne_en_bpe5000_nonjoint/', dataset_impl=None, ddp_backend='c10d', decoder_attention_heads=2, decoder_embed_dim=512, decoder_embed_path=None, decoder_ffn_embed_dim=2048, decoder_input_dim=512, decoder_layerdrop=0, decoder_layers=5, decoder_layers_to_keep=None, decoder_learned_pos=False, decoder_normalize_before=True, decoder_output_dim=512, device_id=0, disable_validation=False, distributed_backend='nccl', distributed_init_method=None, distributed_no_spawn=False, distributed_port=-1, distributed_rank=0, distributed_world_size=1, dropout=0.4, empty_cache_freq=0, encoder_attention_heads=2, encoder_embed_dim=512, encoder_embed_path=None, encoder_ffn_embed_dim=2048, encoder_layerdrop=0, encoder_layers=5, encoder_layers_to_keep=None, encoder_learned_pos=False, encoder_normalize_before=True, fast_stat_sync=False, find_unused_parameters=False, fix_batches_to_gpus=False, fixed_validation_seed=None, fp16=True, fp16_init_scale=128, fp16_scale_tolerance=0.0, fp16_scale_window=None, keep_interval_updates=-1, keep_last_epochs=-1, label_smoothing=0.2, layer_wise_attention=False, layernorm_embedding=False, lazy_load=False, left_pad_source='True', left_pad_target='False', load_alignments=False, log_format=None, log_interval=1000, lr=[0.001], lr_scheduler='inverse_sqrt', max_epoch=100, max_sentences=None, max_sentences_valid=None, max_source_positions=1024, max_target_positions=1024, max_tokens=4000, max_tokens_valid=4000, max_update=0, maximize_best_checkpoint_metric=False, memory_efficient_fp16=False, min_loss_scale=0.0001, min_lr=1e-09, no_cross_attention=False, no_epoch_checkpoints=False, no_last_checkpoints=False, no_progress_bar=False, no_save=False, no_save_optimizer_state=False, no_scale_embedding=False, no_token_positional_embeddings=False, num_workers=1, optimizer='adam', optimizer_overrides='{}', raw_text=False, required_batch_size_multiple=8, reset_dataloader=False, reset_lr_scheduler=False, reset_meters=False, reset_optimizer=False, restore_file='checkpoint_last.pt', save_dir='./checkpoints/2020-05-25T04-08-04-00-exp27-bpe5000-ne-051920-seed19-nonjoint/checkpoints_ne_en', save_interval=10, save_interval_updates=0, seed=19, sentence_avg=False, share_all_embeddings=True, share_decoder_input_output_embed=False, skip_invalid_size_inputs_valid_test=False, source_lang='ne', target_lang='en', task='translation', tensorboard_logdir='', threshold_loss_scale=None, tokenizer=None, train_subset='train', truncate_source=False, update_freq=[4], upsample_primary=1, use_bmuf=False, user_dir=None, valid_subset='valid', validate_interval=1, warmup_init_lr=1e-07, warmup_updates=4000, weight_decay=0.0001)
| [ne] dictionary: 5072 types
| [en] dictionary: 5072 types
| loaded 2559 examples from: data-bin/wiki_ne_en_bpe5000_nonjoint/valid.ne-en.ne
| loaded 2559 examples from: data-bin/wiki_ne_en_bpe5000_nonjoint/valid.ne-en.en
| data-bin/wiki_ne_en_bpe5000_nonjoint/ valid ne-en 2559 examples
TransformerModel(
  (encoder): TransformerEncoder(
    (embed_tokens): Embedding(5072, 512, padding_idx=1)
    (embed_positions): SinusoidalPositionalEmbedding()
    (layers): ModuleList(
      (0): TransformerEncoderLayer(
        (self_attn): MultiheadAttention(
          (k_proj): Linear(in_features=512, out_features=512, bias=True)
          (v_proj): Linear(in_features=512, out_features=512, bias=True)
          (q_proj): Linear(in_features=512, out_features=512, bias=True)
          (out_proj): Linear(in_features=512, out_features=512, bias=True)
        )
        (self_attn_layer_norm): LayerNorm((512,), eps=1e-05, elementwise_affine=True)
        (fc1): Linear(in_features=512, out_features=2048, bias=True)
        (fc2): Linear(in_features=2048, out_features=512, bias=True)
        (final_layer_norm): LayerNorm((512,), eps=1e-05, elementwise_affine=True)
      )
      (1): TransformerEncoderLayer(
        (self_attn): MultiheadAttention(
          (k_proj): Linear(in_features=512, out_features=512, bias=True)
          (v_proj): Linear(in_features=512, out_features=512, bias=True)
          (q_proj): Linear(in_features=512, out_features=512, bias=True)
          (out_proj): Linear(in_features=512, out_features=512, bias=True)
        )
        (self_attn_layer_norm): LayerNorm((512,), eps=1e-05, elementwise_affine=True)
        (fc1): Linear(in_features=512, out_features=2048, bias=True)
        (fc2): Linear(in_features=2048, out_features=512, bias=True)
        (final_layer_norm): LayerNorm((512,), eps=1e-05, elementwise_affine=True)
      )
      (2): TransformerEncoderLayer(
        (self_attn): MultiheadAttention(
          (k_proj): Linear(in_features=512, out_features=512, bias=True)
          (v_proj): Linear(in_features=512, out_features=512, bias=True)
          (q_proj): Linear(in_features=512, out_features=512, bias=True)
          (out_proj): Linear(in_features=512, out_features=512, bias=True)
        )
        (self_attn_layer_norm): LayerNorm((512,), eps=1e-05, elementwise_affine=True)
        (fc1): Linear(in_features=512, out_features=2048, bias=True)
        (fc2): Linear(in_features=2048, out_features=512, bias=True)
        (final_layer_norm): LayerNorm((512,), eps=1e-05, elementwise_affine=True)
      )
      (3): TransformerEncoderLayer(
        (self_attn): MultiheadAttention(
          (k_proj): Linear(in_features=512, out_features=512, bias=True)
          (v_proj): Linear(in_features=512, out_features=512, bias=True)
          (q_proj): Linear(in_features=512, out_features=512, bias=True)
          (out_proj): Linear(in_features=512, out_features=512, bias=True)
        )
        (self_attn_layer_norm): LayerNorm((512,), eps=1e-05, elementwise_affine=True)
        (fc1): Linear(in_features=512, out_features=2048, bias=True)
        (fc2): Linear(in_features=2048, out_features=512, bias=True)
        (final_layer_norm): LayerNorm((512,), eps=1e-05, elementwise_affine=True)
      )
      (4): TransformerEncoderLayer(
        (self_attn): MultiheadAttention(
          (k_proj): Linear(in_features=512, out_features=512, bias=True)
          (v_proj): Linear(in_features=512, out_features=512, bias=True)
          (q_proj): Linear(in_features=512, out_features=512, bias=True)
          (out_proj): Linear(in_features=512, out_features=512, bias=True)
        )
        (self_attn_layer_norm): LayerNorm((512,), eps=1e-05, elementwise_affine=True)
        (fc1): Linear(in_features=512, out_features=2048, bias=True)
        (fc2): Linear(in_features=2048, out_features=512, bias=True)
        (final_layer_norm): LayerNorm((512,), eps=1e-05, elementwise_affine=True)
      )
    )
    (layer_norm): LayerNorm((512,), eps=1e-05, elementwise_affine=True)
  )
  (decoder): TransformerDecoder(
    (embed_tokens): Embedding(5072, 512, padding_idx=1)
    (embed_positions): SinusoidalPositionalEmbedding()
    (layers): ModuleList(
      (0): TransformerDecoderLayer(
        (self_attn): MultiheadAttention(
          (k_proj): Linear(in_features=512, out_features=512, bias=True)
          (v_proj): Linear(in_features=512, out_features=512, bias=True)
          (q_proj): Linear(in_features=512, out_features=512, bias=True)
          (out_proj): Linear(in_features=512, out_features=512, bias=True)
        )
        (self_attn_layer_norm): LayerNorm((512,), eps=1e-05, elementwise_affine=True)
        (encoder_attn): MultiheadAttention(
          (k_proj): Linear(in_features=512, out_features=512, bias=True)
          (v_proj): Linear(in_features=512, out_features=512, bias=True)
          (q_proj): Linear(in_features=512, out_features=512, bias=True)
          (out_proj): Linear(in_features=512, out_features=512, bias=True)
        )
        (encoder_attn_layer_norm): LayerNorm((512,), eps=1e-05, elementwise_affine=True)
        (fc1): Linear(in_features=512, out_features=2048, bias=True)
        (fc2): Linear(in_features=2048, out_features=512, bias=True)
        (final_layer_norm): LayerNorm((512,), eps=1e-05, elementwise_affine=True)
      )
      (1): TransformerDecoderLayer(
        (self_attn): MultiheadAttention(
          (k_proj): Linear(in_features=512, out_features=512, bias=True)
          (v_proj): Linear(in_features=512, out_features=512, bias=True)
          (q_proj): Linear(in_features=512, out_features=512, bias=True)
          (out_proj): Linear(in_features=512, out_features=512, bias=True)
        )
        (self_attn_layer_norm): LayerNorm((512,), eps=1e-05, elementwise_affine=True)
        (encoder_attn): MultiheadAttention(
          (k_proj): Linear(in_features=512, out_features=512, bias=True)
          (v_proj): Linear(in_features=512, out_features=512, bias=True)
          (q_proj): Linear(in_features=512, out_features=512, bias=True)
          (out_proj): Linear(in_features=512, out_features=512, bias=True)
        )
        (encoder_attn_layer_norm): LayerNorm((512,), eps=1e-05, elementwise_affine=True)
        (fc1): Linear(in_features=512, out_features=2048, bias=True)
        (fc2): Linear(in_features=2048, out_features=512, bias=True)
        (final_layer_norm): LayerNorm((512,), eps=1e-05, elementwise_affine=True)
      )
      (2): TransformerDecoderLayer(
        (self_attn): MultiheadAttention(
          (k_proj): Linear(in_features=512, out_features=512, bias=True)
          (v_proj): Linear(in_features=512, out_features=512, bias=True)
          (q_proj): Linear(in_features=512, out_features=512, bias=True)
          (out_proj): Linear(in_features=512, out_features=512, bias=True)
        )
        (self_attn_layer_norm): LayerNorm((512,), eps=1e-05, elementwise_affine=True)
        (encoder_attn): MultiheadAttention(
          (k_proj): Linear(in_features=512, out_features=512, bias=True)
          (v_proj): Linear(in_features=512, out_features=512, bias=True)
          (q_proj): Linear(in_features=512, out_features=512, bias=True)
          (out_proj): Linear(in_features=512, out_features=512, bias=True)
        )
        (encoder_attn_layer_norm): LayerNorm((512,), eps=1e-05, elementwise_affine=True)
        (fc1): Linear(in_features=512, out_features=2048, bias=True)
        (fc2): Linear(in_features=2048, out_features=512, bias=True)
        (final_layer_norm): LayerNorm((512,), eps=1e-05, elementwise_affine=True)
      )
      (3): TransformerDecoderLayer(
        (self_attn): MultiheadAttention(
          (k_proj): Linear(in_features=512, out_features=512, bias=True)
          (v_proj): Linear(in_features=512, out_features=512, bias=True)
          (q_proj): Linear(in_features=512, out_features=512, bias=True)
          (out_proj): Linear(in_features=512, out_features=512, bias=True)
        )
        (self_attn_layer_norm): LayerNorm((512,), eps=1e-05, elementwise_affine=True)
        (encoder_attn): MultiheadAttention(
          (k_proj): Linear(in_features=512, out_features=512, bias=True)
          (v_proj): Linear(in_features=512, out_features=512, bias=True)
          (q_proj): Linear(in_features=512, out_features=512, bias=True)
          (out_proj): Linear(in_features=512, out_features=512, bias=True)
        )
        (encoder_attn_layer_norm): LayerNorm((512,), eps=1e-05, elementwise_affine=True)
        (fc1): Linear(in_features=512, out_features=2048, bias=True)
        (fc2): Linear(in_features=2048, out_features=512, bias=True)
        (final_layer_norm): LayerNorm((512,), eps=1e-05, elementwise_affine=True)
      )
      (4): TransformerDecoderLayer(
        (self_attn): MultiheadAttention(
          (k_proj): Linear(in_features=512, out_features=512, bias=True)
          (v_proj): Linear(in_features=512, out_features=512, bias=True)
          (q_proj): Linear(in_features=512, out_features=512, bias=True)
          (out_proj): Linear(in_features=512, out_features=512, bias=True)
        )
        (self_attn_layer_norm): LayerNorm((512,), eps=1e-05, elementwise_affine=True)
        (encoder_attn): MultiheadAttention(
          (k_proj): Linear(in_features=512, out_features=512, bias=True)
          (v_proj): Linear(in_features=512, out_features=512, bias=True)
          (q_proj): Linear(in_features=512, out_features=512, bias=True)
          (out_proj): Linear(in_features=512, out_features=512, bias=True)
        )
        (encoder_attn_layer_norm): LayerNorm((512,), eps=1e-05, elementwise_affine=True)
        (fc1): Linear(in_features=512, out_features=2048, bias=True)
        (fc2): Linear(in_features=2048, out_features=512, bias=True)
        (final_layer_norm): LayerNorm((512,), eps=1e-05, elementwise_affine=True)
      )
    )
    (layer_norm): LayerNorm((512,), eps=1e-05, elementwise_affine=True)
  )
)
| model transformer, criterion LabelSmoothedCrossEntropyCriterion
| num. model params: 39380992 (num. trained: 39380992)
| training on 1 GPUs
| max tokens per GPU = 4000 and max sentences per GPU = None
| no existing checkpoint found ./checkpoints/2020-05-25T04-08-04-00-exp27-bpe5000-ne-051920-seed19-nonjoint/checkpoints_ne_en/checkpoint_last.pt
| loading train data for epoch 0
| loaded 563539 examples from: data-bin/wiki_ne_en_bpe5000_nonjoint/train.ne-en.ne
| loaded 563539 examples from: data-bin/wiki_ne_en_bpe5000_nonjoint/train.ne-en.en
| data-bin/wiki_ne_en_bpe5000_nonjoint/ train ne-en 563539 examples
| WARNING: overflow detected, setting loss scale to: 64.0
| WARNING: overflow detected, setting loss scale to: 32.0
| WARNING: overflow detected, setting loss scale to: 16.0
| epoch 001 | loss 8.513 | nll_loss 7.076 | ppl 134.94 | wps 62059 | ups 4 | wpb 14174.971 | bsz 685.526 | num_updates 817 | lr 0.00020433 | gnorm 0.781 | clip 1.000 | oom 0.000 | loss_scale 16.000 | wall 187 | train_wall 155
| epoch 001 | valid on 'valid' subset | loss 7.727 | nll_loss 5.844 | ppl 57.46 | num_updates 817
| epoch 002 | loss 6.514 | nll_loss 4.455 | ppl 21.93 | wps 63518 | ups 4 | wpb 14178.483 | bsz 687.243 | num_updates 1637 | lr 0.000409309 | gnorm 0.505 | clip 1.000 | oom 0.000 | loss_scale 16.000 | wall 371 | train_wall 310
| epoch 002 | valid on 'valid' subset | loss 7.186 | nll_loss 5.104 | ppl 34.4 | num_updates 1637
| epoch 003 | loss 5.761 | nll_loss 3.487 | ppl 11.22 | wps 64296 | ups 5 | wpb 14178.483 | bsz 687.243 | num_updates 2457 | lr 0.000614289 | gnorm 0.418 | clip 1.000 | oom 0.000 | loss_scale 16.000 | wall 552 | train_wall 463
| epoch 003 | valid on 'valid' subset | loss 6.807 | nll_loss 4.616 | ppl 24.52 | num_updates 2457
| epoch 004 | loss 5.392 | nll_loss 3.020 | ppl 8.11 | wps 64688 | ups 5 | wpb 14178.483 | bsz 687.243 | num_updates 3277 | lr 0.000819268 | gnorm 0.367 | clip 1.000 | oom 0.000 | loss_scale 16.000 | wall 733 | train_wall 616
| epoch 004 | valid on 'valid' subset | loss 6.602 | nll_loss 4.325 | ppl 20.04 | num_updates 3277
| epoch 005 | loss 5.183 | nll_loss 2.756 | ppl 6.76 | wps 64329 | ups 5 | wpb 14178.483 | bsz 687.243 | num_updates 4097 | lr 0.000988091 | gnorm 0.320 | clip 1.000 | oom 0.000 | loss_scale 16.000 | wall 915 | train_wall 769
| epoch 005 | valid on 'valid' subset | loss 6.495 | nll_loss 4.190 | ppl 18.25 | num_updates 4097
| WARNING: overflow detected, setting loss scale to: 16.0
| epoch 006 | loss 5.023 | nll_loss 2.556 | ppl 5.88 | wps 63737 | ups 4 | wpb 14176.604 | bsz 685.474 | num_updates 4916 | lr 0.000902036 | gnorm 0.278 | clip 1.000 | oom 0.000 | loss_scale 16.000 | wall 1098 | train_wall 923
| epoch 006 | valid on 'valid' subset | loss 6.325 | nll_loss 3.980 | ppl 15.78 | num_updates 4916
| epoch 007 | loss 4.892 | nll_loss 2.395 | ppl 5.26 | wps 64131 | ups 5 | wpb 14178.483 | bsz 687.243 | num_updates 5736 | lr 0.000835075 | gnorm 0.249 | clip 1.000 | oom 0.000 | loss_scale 16.000 | wall 1280 | train_wall 1077
| epoch 007 | valid on 'valid' subset | loss 6.231 | nll_loss 3.853 | ppl 14.45 | num_updates 5736
| epoch 008 | loss 4.801 | nll_loss 2.283 | ppl 4.87 | wps 63941 | ups 5 | wpb 14178.483 | bsz 687.243 | num_updates 6556 | lr 0.000781107 | gnorm 0.231 | clip 1.000 | oom 0.000 | loss_scale 16.000 | wall 1462 | train_wall 1231
| epoch 008 | valid on 'valid' subset | loss 6.156 | nll_loss 3.751 | ppl 13.46 | num_updates 6556
| epoch 009 | loss 4.733 | nll_loss 2.199 | ppl 4.59 | wps 64242 | ups 5 | wpb 14178.483 | bsz 687.243 | num_updates 7376 | lr 0.00073641 | gnorm 0.220 | clip 1.000 | oom 0.000 | loss_scale 16.000 | wall 1644 | train_wall 1384
| epoch 009 | valid on 'valid' subset | loss 6.132 | nll_loss 3.732 | ppl 13.28 | num_updates 7376
| epoch 010 | loss 4.680 | nll_loss 2.134 | ppl 4.39 | wps 64099 | ups 5 | wpb 14178.483 | bsz 687.243 | num_updates 8196 | lr 0.000698601 | gnorm 0.212 | clip 1.000 | oom 0.000 | loss_scale 16.000 | wall 1827 | train_wall 1538
| epoch 010 | valid on 'valid' subset | loss 6.045 | nll_loss 3.624 | ppl 12.33 | num_updates 8196
| saved checkpoint ./checkpoints/2020-05-25T04-08-04-00-exp27-bpe5000-ne-051920-seed19-nonjoint/checkpoints_ne_en/checkpoint10.pt (epoch 10 @ 8196 updates) (writing took 0.7216196060180664 seconds)
| epoch 011 | loss 4.636 | nll_loss 2.080 | ppl 4.23 | wps 64059 | ups 5 | wpb 14178.483 | bsz 687.243 | num_updates 9016 | lr 0.000666075 | gnorm 0.206 | clip 1.000 | oom 0.000 | loss_scale 32.000 | wall 2010 | train_wall 1692
| epoch 011 | valid on 'valid' subset | loss 6.014 | nll_loss 3.599 | ppl 12.11 | num_updates 9016 | best_loss 6.0143
| epoch 012 | loss 4.600 | nll_loss 2.036 | ppl 4.1 | wps 64277 | ups 5 | wpb 14178.483 | bsz 687.243 | num_updates 9836 | lr 0.000637706 | gnorm 0.201 | clip 1.000 | oom 0.000 | loss_scale 32.000 | wall 2192 | train_wall 1845
| epoch 012 | valid on 'valid' subset | loss 5.983 | nll_loss 3.559 | ppl 11.79 | num_updates 9836 | best_loss 5.98321
| epoch 013 | loss 4.569 | nll_loss 1.998 | ppl 3.99 | wps 63964 | ups 5 | wpb 14178.483 | bsz 687.243 | num_updates 10656 | lr 0.000612679 | gnorm 0.198 | clip 1.000 | oom 0.000 | loss_scale 32.000 | wall 2374 | train_wall 1999
| epoch 013 | valid on 'valid' subset | loss 5.977 | nll_loss 3.543 | ppl 11.65 | num_updates 10656 | best_loss 5.97728
| epoch 014 | loss 4.543 | nll_loss 1.966 | ppl 3.91 | wps 63958 | ups 5 | wpb 14178.483 | bsz 687.243 | num_updates 11476 | lr 0.000590384 | gnorm 0.195 | clip 1.000 | oom 0.000 | loss_scale 32.000 | wall 2557 | train_wall 2152
| epoch 014 | valid on 'valid' subset | loss 5.966 | nll_loss 3.526 | ppl 11.52 | num_updates 11476 | best_loss 5.96568
| epoch 015 | loss 4.520 | nll_loss 1.937 | ppl 3.83 | wps 64504 | ups 5 | wpb 14178.483 | bsz 687.243 | num_updates 12296 | lr 0.000570359 | gnorm 0.193 | clip 1.000 | oom 0.000 | loss_scale 32.000 | wall 2738 | train_wall 2306
| epoch 015 | valid on 'valid' subset | loss 5.952 | nll_loss 3.513 | ppl 11.42 | num_updates 12296 | best_loss 5.95239
| epoch 016 | loss 4.499 | nll_loss 1.912 | ppl 3.76 | wps 64593 | ups 5 | wpb 14178.483 | bsz 687.243 | num_updates 13116 | lr 0.000552242 | gnorm 0.190 | clip 1.000 | oom 0.000 | loss_scale 64.000 | wall 2919 | train_wall 2458
| epoch 016 | valid on 'valid' subset | loss 5.950 | nll_loss 3.499 | ppl 11.31 | num_updates 13116 | best_loss 5.9499
| WARNING: overflow detected, setting loss scale to: 32.0
| epoch 017 | loss 4.480 | nll_loss 1.889 | ppl 3.7 | wps 64214 | ups 5 | wpb 14176.795 | bsz 685.796 | num_updates 13935 | lr 0.000535768 | gnorm 0.189 | clip 1.000 | oom 0.000 | loss_scale 32.000 | wall 3101 | train_wall 2612
| epoch 017 | valid on 'valid' subset | loss 5.912 | nll_loss 3.462 | ppl 11.02 | num_updates 13935 | best_loss 5.91229
| epoch 018 | loss 4.463 | nll_loss 1.868 | ppl 3.65 | wps 64786 | ups 5 | wpb 14178.483 | bsz 687.243 | num_updates 14755 | lr 0.000520667 | gnorm 0.187 | clip 1.000 | oom 0.000 | loss_scale 32.000 | wall 3281 | train_wall 2764
| epoch 018 | valid on 'valid' subset | loss 5.904 | nll_loss 3.445 | ppl 10.89 | num_updates 14755 | best_loss 5.90425
| epoch 019 | loss 4.448 | nll_loss 1.850 | ppl 3.6 | wps 64324 | ups 5 | wpb 14178.483 | bsz 687.243 | num_updates 15575 | lr 0.000506776 | gnorm 0.186 | clip 1.000 | oom 0.000 | loss_scale 32.000 | wall 3463 | train_wall 2918
| epoch 019 | valid on 'valid' subset | loss 5.894 | nll_loss 3.442 | ppl 10.86 | num_updates 15575 | best_loss 5.89358
| epoch 020 | loss 4.434 | nll_loss 1.833 | ppl 3.56 | wps 64631 | ups 5 | wpb 14178.483 | bsz 687.243 | num_updates 16395 | lr 0.00049394 | gnorm 0.186 | clip 1.000 | oom 0.000 | loss_scale 32.000 | wall 3644 | train_wall 3071
| epoch 020 | valid on 'valid' subset | loss 5.899 | nll_loss 3.439 | ppl 10.85 | num_updates 16395 | best_loss 5.8986
| saved checkpoint ./checkpoints/2020-05-25T04-08-04-00-exp27-bpe5000-ne-051920-seed19-nonjoint/checkpoints_ne_en/checkpoint20.pt (epoch 20 @ 16395 updates) (writing took 0.9946131706237793 seconds)
| epoch 021 | loss 4.421 | nll_loss 1.817 | ppl 3.52 | wps 64417 | ups 5 | wpb 14178.483 | bsz 687.243 | num_updates 17215 | lr 0.000482033 | gnorm 0.185 | clip 1.000 | oom 0.000 | loss_scale 32.000 | wall 3826 | train_wall 3224
| epoch 021 | valid on 'valid' subset | loss 5.891 | nll_loss 3.435 | ppl 10.81 | num_updates 17215 | best_loss 5.89053
| epoch 022 | loss 4.409 | nll_loss 1.803 | ppl 3.49 | wps 63227 | ups 4 | wpb 14178.483 | bsz 687.243 | num_updates 18035 | lr 0.000470947 | gnorm 0.185 | clip 1.000 | oom 0.000 | loss_scale 64.000 | wall 4011 | train_wall 3379
| epoch 022 | valid on 'valid' subset | loss 5.887 | nll_loss 3.424 | ppl 10.73 | num_updates 18035 | best_loss 5.88711
| WARNING: overflow detected, setting loss scale to: 32.0
| epoch 023 | loss 4.398 | nll_loss 1.789 | ppl 3.46 | wps 64077 | ups 5 | wpb 14177.327 | bsz 686.011 | num_updates 18854 | lr 0.000460605 | gnorm 0.183 | clip 1.000 | oom 0.000 | loss_scale 32.000 | wall 4193 | train_wall 3534
| epoch 023 | valid on 'valid' subset | loss 5.867 | nll_loss 3.401 | ppl 10.56 | num_updates 18854 | best_loss 5.86744
| epoch 024 | loss 4.387 | nll_loss 1.776 | ppl 3.42 | wps 64125 | ups 5 | wpb 14178.483 | bsz 687.243 | num_updates 19674 | lr 0.000450904 | gnorm 0.183 | clip 1.000 | oom 0.000 | loss_scale 32.000 | wall 4375 | train_wall 3687
| epoch 024 | valid on 'valid' subset | loss 5.878 | nll_loss 3.413 | ppl 10.65 | num_updates 19674 | best_loss 5.87836
| epoch 025 | loss 4.378 | nll_loss 1.764 | ppl 3.4 | wps 64737 | ups 5 | wpb 14178.483 | bsz 687.243 | num_updates 20494 | lr 0.000441791 | gnorm 0.183 | clip 1.000 | oom 0.000 | loss_scale 32.000 | wall 4556 | train_wall 3840
| epoch 025 | valid on 'valid' subset | loss 5.850 | nll_loss 3.384 | ppl 10.44 | num_updates 20494 | best_loss 5.85008
| epoch 026 | loss 4.369 | nll_loss 1.754 | ppl 3.37 | wps 64003 | ups 5 | wpb 14178.483 | bsz 687.243 | num_updates 21314 | lr 0.000433209 | gnorm 0.182 | clip 1.000 | oom 0.000 | loss_scale 32.000 | wall 4738 | train_wall 3994
| epoch 026 | valid on 'valid' subset | loss 5.859 | nll_loss 3.389 | ppl 10.48 | num_updates 21314 | best_loss 5.8591
| epoch 027 | loss 4.360 | nll_loss 1.743 | ppl 3.35 | wps 64603 | ups 5 | wpb 14178.483 | bsz 687.243 | num_updates 22134 | lr 0.000425109 | gnorm 0.182 | clip 1.000 | oom 0.000 | loss_scale 32.000 | wall 4919 | train_wall 4147
| epoch 027 | valid on 'valid' subset | loss 5.826 | nll_loss 3.355 | ppl 10.23 | num_updates 22134 | best_loss 5.82593
| epoch 028 | loss 4.353 | nll_loss 1.734 | ppl 3.33 | wps 64046 | ups 5 | wpb 14178.483 | bsz 687.243 | num_updates 22954 | lr 0.000417446 | gnorm 0.182 | clip 1.000 | oom 0.000 | loss_scale 64.000 | wall 5101 | train_wall 4300
| epoch 028 | valid on 'valid' subset | loss 5.843 | nll_loss 3.367 | ppl 10.32 | num_updates 22954 | best_loss 5.84315
| epoch 029 | loss 4.345 | nll_loss 1.724 | ppl 3.3 | wps 63468 | ups 4 | wpb 14178.483 | bsz 687.243 | num_updates 23774 | lr 0.000410184 | gnorm 0.181 | clip 1.000 | oom 0.000 | loss_scale 64.000 | wall 5285 | train_wall 4455
| epoch 029 | valid on 'valid' subset | loss 5.828 | nll_loss 3.351 | ppl 10.2 | num_updates 23774 | best_loss 5.82752
| epoch 030 | loss 4.338 | nll_loss 1.715 | ppl 3.28 | wps 63463 | ups 4 | wpb 14178.483 | bsz 687.243 | num_updates 24594 | lr 0.000403288 | gnorm 0.182 | clip 1.000 | oom 0.000 | loss_scale 64.000 | wall 5470 | train_wall 4610
| epoch 030 | valid on 'valid' subset | loss 5.812 | nll_loss 3.330 | ppl 10.06 | num_updates 24594 | best_loss 5.81165
| saved checkpoint ./checkpoints/2020-05-25T04-08-04-00-exp27-bpe5000-ne-051920-seed19-nonjoint/checkpoints_ne_en/checkpoint30.pt (epoch 30 @ 24594 updates) (writing took 1.029367446899414 seconds)
| epoch 031 | loss 4.331 | nll_loss 1.708 | ppl 3.27 | wps 64098 | ups 5 | wpb 14178.483 | bsz 687.243 | num_updates 25414 | lr 0.000396729 | gnorm 0.181 | clip 1.000 | oom 0.000 | loss_scale 64.000 | wall 5653 | train_wall 4764
| epoch 031 | valid on 'valid' subset | loss 5.829 | nll_loss 3.351 | ppl 10.2 | num_updates 25414 | best_loss 5.81165
| epoch 032 | loss 4.324 | nll_loss 1.699 | ppl 3.25 | wps 63781 | ups 4 | wpb 14178.483 | bsz 687.243 | num_updates 26234 | lr 0.000390479 | gnorm 0.181 | clip 1.000 | oom 0.000 | loss_scale 64.000 | wall 5836 | train_wall 4918
| epoch 032 | valid on 'valid' subset | loss 5.835 | nll_loss 3.354 | ppl 10.23 | num_updates 26234 | best_loss 5.81165
| WARNING: overflow detected, setting loss scale to: 64.0
| epoch 033 | loss 4.318 | nll_loss 1.692 | ppl 3.23 | wps 63706 | ups 4 | wpb 14178.549 | bsz 687.408 | num_updates 27053 | lr 0.000384523 | gnorm 0.181 | clip 1.000 | oom 0.000 | loss_scale 64.000 | wall 6019 | train_wall 5073
| epoch 033 | valid on 'valid' subset | loss 5.812 | nll_loss 3.334 | ppl 10.08 | num_updates 27053 | best_loss 5.81162
| epoch 034 | loss 4.312 | nll_loss 1.684 | ppl 3.21 | wps 63853 | ups 5 | wpb 14178.483 | bsz 687.243 | num_updates 27873 | lr 0.000378825 | gnorm 0.182 | clip 1.000 | oom 0.000 | loss_scale 64.000 | wall 6202 | train_wall 5227
| epoch 034 | valid on 'valid' subset | loss 5.826 | nll_loss 3.353 | ppl 10.22 | num_updates 27873 | best_loss 5.81165
| epoch 035 | loss 4.307 | nll_loss 1.678 | ppl 3.2 | wps 64020 | ups 5 | wpb 14178.483 | bsz 687.243 | num_updates 28693 | lr 0.000373372 | gnorm 0.180 | clip 1.000 | oom 0.000 | loss_scale 64.000 | wall 6385 | train_wall 5381
| epoch 035 | valid on 'valid' subset | loss 5.836 | nll_loss 3.361 | ppl 10.28 | num_updates 28693 | best_loss 5.81165
| WARNING: overflow detected, setting loss scale to: 32.0
| epoch 036 | loss 4.301 | nll_loss 1.671 | ppl 3.18 | wps 64093 | ups 5 | wpb 14180.031 | bsz 687.652 | num_updates 29512 | lr 0.000368155 | gnorm 0.180 | clip 1.000 | oom 0.000 | loss_scale 32.000 | wall 6567 | train_wall 5535
| epoch 036 | valid on 'valid' subset | loss 5.838 | nll_loss 3.365 | ppl 10.3 | num_updates 29512 | best_loss 5.81165
| epoch 037 | loss 4.297 | nll_loss 1.666 | ppl 3.17 | wps 64178 | ups 5 | wpb 14178.483 | bsz 687.243 | num_updates 30332 | lr 0.000363145 | gnorm 0.181 | clip 1.000 | oom 0.000 | loss_scale 32.000 | wall 6749 | train_wall 5688
| epoch 037 | valid on 'valid' subset | loss 5.821 | nll_loss 3.334 | ppl 10.08 | num_updates 30332 | best_loss 5.81165
| epoch 038 | loss 4.291 | nll_loss 1.659 | ppl 3.16 | wps 63170 | ups 4 | wpb 14178.483 | bsz 687.243 | num_updates 31152 | lr 0.000358333 | gnorm 0.181 | clip 1.000 | oom 0.000 | loss_scale 32.000 | wall 6934 | train_wall 5843
| epoch 038 | valid on 'valid' subset | loss 5.807 | nll_loss 3.321 | ppl 10 | num_updates 31152 | best_loss 5.80725
| epoch 039 | loss 4.286 | nll_loss 1.653 | ppl 3.15 | wps 64533 | ups 5 | wpb 14178.483 | bsz 687.243 | num_updates 31972 | lr 0.000353708 | gnorm 0.181 | clip 1.000 | oom 0.000 | loss_scale 32.000 | wall 7115 | train_wall 5996
| epoch 039 | valid on 'valid' subset | loss 5.811 | nll_loss 3.324 | ppl 10.02 | num_updates 31972 | best_loss 5.8109
| epoch 040 | loss 4.282 | nll_loss 1.648 | ppl 3.13 | wps 64683 | ups 5 | wpb 14178.483 | bsz 687.243 | num_updates 32792 | lr 0.000349258 | gnorm 0.181 | clip 1.000 | oom 0.000 | loss_scale 32.000 | wall 7296 | train_wall 6149
| epoch 040 | valid on 'valid' subset | loss 5.798 | nll_loss 3.306 | ppl 9.89 | num_updates 32792 | best_loss 5.79842
| saved checkpoint ./checkpoints/2020-05-25T04-08-04-00-exp27-bpe5000-ne-051920-seed19-nonjoint/checkpoints_ne_en/checkpoint40.pt (epoch 40 @ 32792 updates) (writing took 0.9905624389648438 seconds)
| epoch 041 | loss 4.277 | nll_loss 1.642 | ppl 3.12 | wps 64817 | ups 5 | wpb 14178.483 | bsz 687.243 | num_updates 33612 | lr 0.000344971 | gnorm 0.181 | clip 1.000 | oom 0.000 | loss_scale 64.000 | wall 7477 | train_wall 6302
| epoch 041 | valid on 'valid' subset | loss 5.825 | nll_loss 3.341 | ppl 10.13 | num_updates 33612 | best_loss 5.79842
| epoch 042 | loss 4.273 | nll_loss 1.638 | ppl 3.11 | wps 64489 | ups 5 | wpb 14178.483 | bsz 687.243 | num_updates 34432 | lr 0.000340839 | gnorm 0.182 | clip 1.000 | oom 0.000 | loss_scale 64.000 | wall 7658 | train_wall 6455
| epoch 042 | valid on 'valid' subset | loss 5.816 | nll_loss 3.334 | ppl 10.08 | num_updates 34432 | best_loss 5.79842
| WARNING: overflow detected, setting loss scale to: 32.0
| epoch 043 | loss 4.269 | nll_loss 1.632 | ppl 3.1 | wps 63453 | ups 4 | wpb 14177.490 | bsz 687.447 | num_updates 35251 | lr 0.000336856 | gnorm 0.181 | clip 1.000 | oom 0.000 | loss_scale 32.000 | wall 7842 | train_wall 6610
| epoch 043 | valid on 'valid' subset | loss 5.820 | nll_loss 3.333 | ppl 10.08 | num_updates 35251 | best_loss 5.79842
| epoch 044 | loss 4.265 | nll_loss 1.627 | ppl 3.09 | wps 63979 | ups 5 | wpb 14178.483 | bsz 687.243 | num_updates 36071 | lr 0.000333005 | gnorm 0.181 | clip 1.000 | oom 0.000 | loss_scale 32.000 | wall 8024 | train_wall 6764
| epoch 044 | valid on 'valid' subset | loss 5.804 | nll_loss 3.312 | ppl 9.93 | num_updates 36071 | best_loss 5.79842
| epoch 045 | loss 4.262 | nll_loss 1.623 | ppl 3.08 | wps 64054 | ups 5 | wpb 14178.483 | bsz 687.243 | num_updates 36891 | lr 0.000329283 | gnorm 0.182 | clip 1.000 | oom 0.000 | loss_scale 32.000 | wall 8207 | train_wall 6918
| epoch 045 | valid on 'valid' subset | loss 5.799 | nll_loss 3.313 | ppl 9.94 | num_updates 36891 | best_loss 5.79842
| epoch 046 | loss 4.257 | nll_loss 1.618 | ppl 3.07 | wps 63550 | ups 4 | wpb 14178.483 | bsz 687.243 | num_updates 37711 | lr 0.000325684 | gnorm 0.182 | clip 1.000 | oom 0.000 | loss_scale 32.000 | wall 8391 | train_wall 7074
| epoch 046 | valid on 'valid' subset | loss 5.780 | nll_loss 3.284 | ppl 9.74 | num_updates 37711 | best_loss 5.77984
| epoch 047 | loss 4.254 | nll_loss 1.614 | ppl 3.06 | wps 64369 | ups 5 | wpb 14178.483 | bsz 687.243 | num_updates 38531 | lr 0.000322199 | gnorm 0.182 | clip 1.000 | oom 0.000 | loss_scale 32.000 | wall 8572 | train_wall 7226
| epoch 047 | valid on 'valid' subset | loss 5.793 | nll_loss 3.300 | ppl 9.85 | num_updates 38531 | best_loss 5.79304
| WARNING: overflow detected, setting loss scale to: 32.0
| epoch 048 | loss 4.250 | nll_loss 1.610 | ppl 3.05 | wps 64164 | ups 5 | wpb 14176.866 | bsz 686.968 | num_updates 39350 | lr 0.000318829 | gnorm 0.182 | clip 1.000 | oom 0.000 | loss_scale 32.000 | wall 8754 | train_wall 7379
| epoch 048 | valid on 'valid' subset | loss 5.799 | nll_loss 3.309 | ppl 9.91 | num_updates 39350 | best_loss 5.79842
| epoch 049 | loss 4.247 | nll_loss 1.605 | ppl 3.04 | wps 63746 | ups 4 | wpb 14178.483 | bsz 687.243 | num_updates 40170 | lr 0.000315558 | gnorm 0.182 | clip 1.000 | oom 0.000 | loss_scale 32.000 | wall 8937 | train_wall 7534
| epoch 049 | valid on 'valid' subset | loss 5.781 | nll_loss 3.285 | ppl 9.75 | num_updates 40170 | best_loss 5.78139
| epoch 050 | loss 4.243 | nll_loss 1.601 | ppl 3.03 | wps 63934 | ups 5 | wpb 14178.483 | bsz 687.243 | num_updates 40990 | lr 0.000312386 | gnorm 0.182 | clip 1.000 | oom 0.000 | loss_scale 32.000 | wall 9120 | train_wall 7688
| epoch 050 | valid on 'valid' subset | loss 5.792 | nll_loss 3.293 | ppl 9.8 | num_updates 40990 | best_loss 5.79196
| saved checkpoint ./checkpoints/2020-05-25T04-08-04-00-exp27-bpe5000-ne-051920-seed19-nonjoint/checkpoints_ne_en/checkpoint50.pt (epoch 50 @ 40990 updates) (writing took 1.0056235790252686 seconds)
| epoch 051 | loss 4.241 | nll_loss 1.598 | ppl 3.03 | wps 64318 | ups 5 | wpb 14178.483 | bsz 687.243 | num_updates 41810 | lr 0.000309307 | gnorm 0.182 | clip 1.000 | oom 0.000 | loss_scale 32.000 | wall 9303 | train_wall 7842
| epoch 051 | valid on 'valid' subset | loss 5.777 | nll_loss 3.279 | ppl 9.71 | num_updates 41810 | best_loss 5.7769
| epoch 052 | loss 4.237 | nll_loss 1.594 | ppl 3.02 | wps 64692 | ups 5 | wpb 14178.483 | bsz 687.243 | num_updates 42630 | lr 0.000306318 | gnorm 0.182 | clip 1.000 | oom 0.000 | loss_scale 32.000 | wall 9483 | train_wall 7995
| epoch 052 | valid on 'valid' subset | loss 5.772 | nll_loss 3.275 | ppl 9.68 | num_updates 42630 | best_loss 5.77229
| WARNING: overflow detected, setting loss scale to: 32.0
| epoch 053 | loss 4.235 | nll_loss 1.591 | ppl 3.01 | wps 64016 | ups 5 | wpb 14176.475 | bsz 685.972 | num_updates 43449 | lr 0.000303417 | gnorm 0.182 | clip 1.000 | oom 0.000 | loss_scale 32.000 | wall 9666 | train_wall 8148
| epoch 053 | valid on 'valid' subset | loss 5.790 | nll_loss 3.295 | ppl 9.82 | num_updates 43449 | best_loss 5.79029
| epoch 054 | loss 4.231 | nll_loss 1.587 | ppl 3 | wps 64068 | ups 5 | wpb 14178.483 | bsz 687.243 | num_updates 44269 | lr 0.000300594 | gnorm 0.182 | clip 1.000 | oom 0.000 | loss_scale 32.000 | wall 9848 | train_wall 8302
| epoch 054 | valid on 'valid' subset | loss 5.797 | nll_loss 3.302 | ppl 9.86 | num_updates 44269 | best_loss 5.79196
| epoch 055 | loss 4.228 | nll_loss 1.583 | ppl 3 | wps 63349 | ups 4 | wpb 14178.483 | bsz 687.243 | num_updates 45089 | lr 0.000297848 | gnorm 0.182 | clip 1.000 | oom 0.000 | loss_scale 32.000 | wall 10032 | train_wall 8457
| epoch 055 | valid on 'valid' subset | loss 5.800 | nll_loss 3.303 | ppl 9.87 | num_updates 45089 | best_loss 5.79196
| epoch 056 | loss 4.226 | nll_loss 1.580 | ppl 2.99 | wps 64161 | ups 5 | wpb 14178.483 | bsz 687.243 | num_updates 45909 | lr 0.000295176 | gnorm 0.182 | clip 1.000 | oom 0.000 | loss_scale 32.000 | wall 10215 | train_wall 8612
| epoch 056 | valid on 'valid' subset | loss 5.795 | nll_loss 3.299 | ppl 9.84 | num_updates 45909 | best_loss 5.79196
| epoch 057 | loss 4.223 | nll_loss 1.576 | ppl 2.98 | wps 63838 | ups 5 | wpb 14178.483 | bsz 687.243 | num_updates 46729 | lr 0.000292575 | gnorm 0.184 | clip 1.000 | oom 0.000 | loss_scale 32.000 | wall 10398 | train_wall 8766
| epoch 057 | valid on 'valid' subset | loss 5.799 | nll_loss 3.302 | ppl 9.86 | num_updates 46729 | best_loss 5.79196
| epoch 058 | loss 4.220 | nll_loss 1.573 | ppl 2.98 | wps 63806 | ups 5 | wpb 14178.483 | bsz 687.243 | num_updates 47549 | lr 0.000290041 | gnorm 0.183 | clip 1.000 | oom 0.000 | loss_scale 64.000 | wall 10581 | train_wall 8921
| epoch 058 | valid on 'valid' subset | loss 5.777 | nll_loss 3.275 | ppl 9.68 | num_updates 47549 | best_loss 5.77693
| WARNING: overflow detected, setting loss scale to: 32.0
| epoch 059 | loss 4.217 | nll_loss 1.570 | ppl 2.97 | wps 63826 | ups 4 | wpb 14182.536 | bsz 687.505 | num_updates 48368 | lr 0.000287575 | gnorm 0.183 | clip 1.000 | oom 0.000 | loss_scale 32.000 | wall 10764 | train_wall 9075
| epoch 059 | valid on 'valid' subset | loss 5.796 | nll_loss 3.298 | ppl 9.83 | num_updates 48368 | best_loss 5.79196
| epoch 060 | loss 4.215 | nll_loss 1.566 | ppl 2.96 | wps 64100 | ups 5 | wpb 14178.483 | bsz 687.243 | num_updates 49188 | lr 0.000285168 | gnorm 0.183 | clip 1.000 | oom 0.000 | loss_scale 32.000 | wall 10946 | train_wall 9229
| epoch 060 | valid on 'valid' subset | loss 5.785 | nll_loss 3.284 | ppl 9.74 | num_updates 49188 | best_loss 5.78487
| saved checkpoint ./checkpoints/2020-05-25T04-08-04-00-exp27-bpe5000-ne-051920-seed19-nonjoint/checkpoints_ne_en/checkpoint60.pt (epoch 60 @ 49188 updates) (writing took 0.9906337261199951 seconds)
| epoch 061 | loss 4.213 | nll_loss 1.564 | ppl 2.96 | wps 64278 | ups 5 | wpb 14178.483 | bsz 687.243 | num_updates 50008 | lr 0.00028282 | gnorm 0.182 | clip 1.000 | oom 0.000 | loss_scale 32.000 | wall 11129 | train_wall 9382
| epoch 061 | valid on 'valid' subset | loss 5.785 | nll_loss 3.285 | ppl 9.75 | num_updates 50008 | best_loss 5.78487
| epoch 062 | loss 4.210 | nll_loss 1.560 | ppl 2.95 | wps 64388 | ups 5 | wpb 14178.483 | bsz 687.243 | num_updates 50828 | lr 0.000280529 | gnorm 0.183 | clip 1.000 | oom 0.000 | loss_scale 32.000 | wall 11310 | train_wall 9537
| epoch 062 | valid on 'valid' subset | loss 5.775 | nll_loss 3.272 | ppl 9.66 | num_updates 50828 | best_loss 5.77519
| epoch 063 | loss 4.208 | nll_loss 1.558 | ppl 2.94 | wps 64361 | ups 5 | wpb 14178.483 | bsz 687.243 | num_updates 51648 | lr 0.000278294 | gnorm 0.183 | clip 1.000 | oom 0.000 | loss_scale 32.000 | wall 11492 | train_wall 9689
| epoch 063 | valid on 'valid' subset | loss 5.778 | nll_loss 3.279 | ppl 9.7 | num_updates 51648 | best_loss 5.7783
| WARNING: overflow detected, setting loss scale to: 32.0
| epoch 064 | loss 4.206 | nll_loss 1.555 | ppl 2.94 | wps 64465 | ups 5 | wpb 14177.866 | bsz 686.636 | num_updates 52467 | lr 0.000276113 | gnorm 0.184 | clip 1.000 | oom 0.000 | loss_scale 32.000 | wall 11673 | train_wall 9842
| epoch 064 | valid on 'valid' subset | loss 5.773 | nll_loss 3.268 | ppl 9.63 | num_updates 52467 | best_loss 5.77281
| epoch 065 | loss 4.203 | nll_loss 1.553 | ppl 2.93 | wps 63947 | ups 5 | wpb 14178.483 | bsz 687.243 | num_updates 53287 | lr 0.00027398 | gnorm 0.184 | clip 1.000 | oom 0.000 | loss_scale 32.000 | wall 11855 | train_wall 9996
| epoch 065 | valid on 'valid' subset | loss 5.773 | nll_loss 3.270 | ppl 9.64 | num_updates 53287 | best_loss 5.77257
| epoch 066 | loss 4.201 | nll_loss 1.550 | ppl 2.93 | wps 64121 | ups 5 | wpb 14178.483 | bsz 687.243 | num_updates 54107 | lr 0.000271896 | gnorm 0.184 | clip 1.000 | oom 0.000 | loss_scale 32.000 | wall 12038 | train_wall 10149
| epoch 066 | valid on 'valid' subset | loss 5.795 | nll_loss 3.292 | ppl 9.79 | num_updates 54107 | best_loss 5.78487
| epoch 067 | loss 4.199 | nll_loss 1.548 | ppl 2.92 | wps 64137 | ups 5 | wpb 14178.483 | bsz 687.243 | num_updates 54927 | lr 0.000269859 | gnorm 0.184 | clip 1.000 | oom 0.000 | loss_scale 32.000 | wall 12220 | train_wall 10303
| epoch 067 | valid on 'valid' subset | loss 5.786 | nll_loss 3.286 | ppl 9.75 | num_updates 54927 | best_loss 5.78487
| epoch 068 | loss 4.197 | nll_loss 1.545 | ppl 2.92 | wps 63753 | ups 4 | wpb 14178.483 | bsz 687.243 | num_updates 55747 | lr 0.000267867 | gnorm 0.184 | clip 1.000 | oom 0.000 | loss_scale 32.000 | wall 12403 | train_wall 10458
| epoch 068 | valid on 'valid' subset | loss 5.784 | nll_loss 3.281 | ppl 9.72 | num_updates 55747 | best_loss 5.78403
| epoch 069 | loss 4.194 | nll_loss 1.542 | ppl 2.91 | wps 63701 | ups 4 | wpb 14178.483 | bsz 687.243 | num_updates 56567 | lr 0.000265918 | gnorm 0.185 | clip 1.000 | oom 0.000 | loss_scale 64.000 | wall 12586 | train_wall 10612
| epoch 069 | valid on 'valid' subset | loss 5.794 | nll_loss 3.288 | ppl 9.77 | num_updates 56567 | best_loss 5.78487
| WARNING: overflow detected, setting loss scale to: 32.0
| epoch 070 | loss 4.192 | nll_loss 1.539 | ppl 2.91 | wps 64517 | ups 5 | wpb 14182.413 | bsz 687.037 | num_updates 57386 | lr 0.000264014 | gnorm 0.185 | clip 1.000 | oom 0.000 | loss_scale 32.000 | wall 12767 | train_wall 10765
| epoch 070 | valid on 'valid' subset | loss 5.776 | nll_loss 3.267 | ppl 9.63 | num_updates 57386 | best_loss 5.77593
| saved checkpoint ./checkpoints/2020-05-25T04-08-04-00-exp27-bpe5000-ne-051920-seed19-nonjoint/checkpoints_ne_en/checkpoint70.pt (epoch 70 @ 57386 updates) (writing took 1.0065786838531494 seconds)
| epoch 071 | loss 4.191 | nll_loss 1.537 | ppl 2.9 | wps 63549 | ups 4 | wpb 14178.483 | bsz 687.243 | num_updates 58206 | lr 0.000262148 | gnorm 0.184 | clip 1.000 | oom 0.000 | loss_scale 32.000 | wall 12952 | train_wall 10920
| epoch 071 | valid on 'valid' subset | loss 5.790 | nll_loss 3.287 | ppl 9.76 | num_updates 58206 | best_loss 5.77593
| epoch 072 | loss 4.189 | nll_loss 1.535 | ppl 2.9 | wps 63987 | ups 5 | wpb 14178.483 | bsz 687.243 | num_updates 59026 | lr 0.00026032 | gnorm 0.185 | clip 1.000 | oom 0.000 | loss_scale 32.000 | wall 13135 | train_wall 11074
| epoch 072 | valid on 'valid' subset | loss 5.786 | nll_loss 3.279 | ppl 9.7 | num_updates 59026 | best_loss 5.77593
| epoch 073 | loss 4.187 | nll_loss 1.533 | ppl 2.89 | wps 64142 | ups 5 | wpb 14178.483 | bsz 687.243 | num_updates 59846 | lr 0.000258531 | gnorm 0.185 | clip 1.000 | oom 0.000 | loss_scale 32.000 | wall 13317 | train_wall 11227
| epoch 073 | valid on 'valid' subset | loss 5.786 | nll_loss 3.280 | ppl 9.71 | num_updates 59846 | best_loss 5.77593
| epoch 074 | loss 4.185 | nll_loss 1.530 | ppl 2.89 | wps 64427 | ups 5 | wpb 14178.483 | bsz 687.243 | num_updates 60666 | lr 0.000256778 | gnorm 0.185 | clip 1.000 | oom 0.000 | loss_scale 32.000 | wall 13498 | train_wall 11381
| epoch 074 | valid on 'valid' subset | loss 5.782 | nll_loss 3.280 | ppl 9.71 | num_updates 60666 | best_loss 5.77593
| WARNING: overflow detected, setting loss scale to: 32.0
| epoch 075 | loss 4.183 | nll_loss 1.529 | ppl 2.89 | wps 63268 | ups 4 | wpb 14177.258 | bsz 687.017 | num_updates 61485 | lr 0.000255062 | gnorm 0.186 | clip 1.000 | oom 0.000 | loss_scale 32.000 | wall 13683 | train_wall 11537
| epoch 075 | valid on 'valid' subset | loss 5.791 | nll_loss 3.285 | ppl 9.75 | num_updates 61485 | best_loss 5.77593
| WARNING: overflow detected, setting loss scale to: 16.0
| epoch 076 | loss 4.181 | nll_loss 1.526 | ppl 2.88 | wps 63644 | ups 4 | wpb 14181.104 | bsz 687.632 | num_updates 62304 | lr 0.00025338 | gnorm 0.185 | clip 1.000 | oom 0.000 | loss_scale 16.000 | wall 13866 | train_wall 11691
| epoch 076 | valid on 'valid' subset | loss 5.795 | nll_loss 3.291 | ppl 9.79 | num_updates 62304 | best_loss 5.77593
| epoch 077 | loss 4.180 | nll_loss 1.524 | ppl 2.88 | wps 64059 | ups 5 | wpb 14178.483 | bsz 687.243 | num_updates 63124 | lr 0.000251729 | gnorm 0.186 | clip 1.000 | oom 0.000 | loss_scale 16.000 | wall 14048 | train_wall 11845
| epoch 077 | valid on 'valid' subset | loss 5.794 | nll_loss 3.289 | ppl 9.77 | num_updates 63124 | best_loss 5.77593
| epoch 078 | loss 4.178 | nll_loss 1.522 | ppl 2.87 | wps 63683 | ups 4 | wpb 14178.483 | bsz 687.243 | num_updates 63944 | lr 0.000250109 | gnorm 0.185 | clip 1.000 | oom 0.000 | loss_scale 16.000 | wall 14232 | train_wall 12000
| epoch 078 | valid on 'valid' subset | loss 5.772 | nll_loss 3.264 | ppl 9.61 | num_updates 63944 | best_loss 5.7725
| epoch 079 | loss 4.176 | nll_loss 1.520 | ppl 2.87 | wps 64251 | ups 5 | wpb 14178.483 | bsz 687.243 | num_updates 64764 | lr 0.000248521 | gnorm 0.186 | clip 1.000 | oom 0.000 | loss_scale 16.000 | wall 14414 | train_wall 12154
| epoch 079 | valid on 'valid' subset | loss 5.769 | nll_loss 3.258 | ppl 9.57 | num_updates 64764 | best_loss 5.76872
| epoch 080 | loss 4.174 | nll_loss 1.518 | ppl 2.86 | wps 64078 | ups 5 | wpb 14178.483 | bsz 687.243 | num_updates 65584 | lr 0.000246963 | gnorm 0.186 | clip 1.000 | oom 0.000 | loss_scale 16.000 | wall 14596 | train_wall 12308
| epoch 080 | valid on 'valid' subset | loss 5.781 | nll_loss 3.272 | ppl 9.66 | num_updates 65584 | best_loss 5.77593
| saved checkpoint ./checkpoints/2020-05-25T04-08-04-00-exp27-bpe5000-ne-051920-seed19-nonjoint/checkpoints_ne_en/checkpoint80.pt (epoch 80 @ 65584 updates) (writing took 0.6356201171875 seconds)
| epoch 081 | loss 4.173 | nll_loss 1.516 | ppl 2.86 | wps 64208 | ups 5 | wpb 14178.483 | bsz 687.243 | num_updates 66404 | lr 0.000245433 | gnorm 0.186 | clip 1.000 | oom 0.000 | loss_scale 32.000 | wall 14779 | train_wall 12462
| epoch 081 | valid on 'valid' subset | loss 5.768 | nll_loss 3.259 | ppl 9.57 | num_updates 66404 | best_loss 5.76781
| epoch 082 | loss 4.171 | nll_loss 1.514 | ppl 2.86 | wps 64125 | ups 5 | wpb 14178.483 | bsz 687.243 | num_updates 67224 | lr 0.000243931 | gnorm 0.187 | clip 1.000 | oom 0.000 | loss_scale 32.000 | wall 14961 | train_wall 12615
| epoch 082 | valid on 'valid' subset | loss 5.777 | nll_loss 3.266 | ppl 9.62 | num_updates 67224 | best_loss 5.77593
| epoch 083 | loss 4.169 | nll_loss 1.512 | ppl 2.85 | wps 63694 | ups 4 | wpb 14178.483 | bsz 687.243 | num_updates 68044 | lr 0.000242457 | gnorm 0.187 | clip 1.000 | oom 0.000 | loss_scale 32.000 | wall 15144 | train_wall 12769
| epoch 083 | valid on 'valid' subset | loss 5.767 | nll_loss 3.258 | ppl 9.56 | num_updates 68044 | best_loss 5.76726
| epoch 084 | loss 4.167 | nll_loss 1.510 | ppl 2.85 | wps 64311 | ups 5 | wpb 14178.483 | bsz 687.243 | num_updates 68864 | lr 0.000241009 | gnorm 0.187 | clip 1.000 | oom 0.000 | loss_scale 32.000 | wall 15326 | train_wall 12923
| epoch 084 | valid on 'valid' subset | loss 5.778 | nll_loss 3.265 | ppl 9.61 | num_updates 68864 | best_loss 5.77593
| WARNING: overflow detected, setting loss scale to: 16.0
| epoch 085 | loss 4.166 | nll_loss 1.508 | ppl 2.84 | wps 63876 | ups 5 | wpb 14177.321 | bsz 687.300 | num_updates 69683 | lr 0.000239589 | gnorm 0.188 | clip 1.000 | oom 0.000 | loss_scale 16.000 | wall 15509 | train_wall 13077
| epoch 085 | valid on 'valid' subset | loss 5.799 | nll_loss 3.289 | ppl 9.77 | num_updates 69683 | best_loss 5.77593
| epoch 086 | loss 4.165 | nll_loss 1.507 | ppl 2.84 | wps 64307 | ups 5 | wpb 14178.483 | bsz 687.243 | num_updates 70503 | lr 0.000238191 | gnorm 0.187 | clip 1.000 | oom 0.000 | loss_scale 16.000 | wall 15690 | train_wall 13230
| epoch 086 | valid on 'valid' subset | loss 5.792 | nll_loss 3.285 | ppl 9.75 | num_updates 70503 | best_loss 5.77593
| epoch 087 | loss 4.163 | nll_loss 1.505 | ppl 2.84 | wps 64294 | ups 5 | wpb 14178.483 | bsz 687.243 | num_updates 71323 | lr 0.000236818 | gnorm 0.187 | clip 1.000 | oom 0.000 | loss_scale 16.000 | wall 15872 | train_wall 13384
| epoch 087 | valid on 'valid' subset | loss 5.790 | nll_loss 3.277 | ppl 9.69 | num_updates 71323 | best_loss 5.77593
| epoch 088 | loss 4.162 | nll_loss 1.503 | ppl 2.84 | wps 64248 | ups 5 | wpb 14178.483 | bsz 687.243 | num_updates 72143 | lr 0.000235469 | gnorm 0.187 | clip 1.000 | oom 0.000 | loss_scale 16.000 | wall 16054 | train_wall 13538
| epoch 088 | valid on 'valid' subset | loss 5.790 | nll_loss 3.283 | ppl 9.73 | num_updates 72143 | best_loss 5.77593
| epoch 089 | loss 4.161 | nll_loss 1.501 | ppl 2.83 | wps 64592 | ups 5 | wpb 14178.483 | bsz 687.243 | num_updates 72963 | lr 0.000234142 | gnorm 0.187 | clip 1.000 | oom 0.000 | loss_scale 16.000 | wall 16235 | train_wall 13690
| epoch 089 | valid on 'valid' subset | loss 5.796 | nll_loss 3.287 | ppl 9.76 | num_updates 72963 | best_loss 5.77593
| WARNING: overflow detected, setting loss scale to: 8.0
| epoch 090 | loss 4.159 | nll_loss 1.500 | ppl 2.83 | wps 64482 | ups 5 | wpb 14177.937 | bsz 687.711 | num_updates 73782 | lr 0.000232838 | gnorm 0.188 | clip 1.000 | oom 0.000 | loss_scale 8.000 | wall 16416 | train_wall 13842
| epoch 090 | valid on 'valid' subset | loss 5.793 | nll_loss 3.282 | ppl 9.73 | num_updates 73782 | best_loss 5.77593
| saved checkpoint ./checkpoints/2020-05-25T04-08-04-00-exp27-bpe5000-ne-051920-seed19-nonjoint/checkpoints_ne_en/checkpoint90.pt (epoch 90 @ 73782 updates) (writing took 0.6478586196899414 seconds)
| epoch 091 | loss 4.158 | nll_loss 1.498 | ppl 2.82 | wps 63405 | ups 4 | wpb 14178.483 | bsz 687.243 | num_updates 74602 | lr 0.000231555 | gnorm 0.188 | clip 1.000 | oom 0.000 | loss_scale 8.000 | wall 16601 | train_wall 13997
| epoch 091 | valid on 'valid' subset | loss 5.781 | nll_loss 3.270 | ppl 9.65 | num_updates 74602 | best_loss 5.77593
| epoch 092 | loss 4.156 | nll_loss 1.496 | ppl 2.82 | wps 64363 | ups 5 | wpb 14178.483 | bsz 687.243 | num_updates 75422 | lr 0.000230293 | gnorm 0.187 | clip 1.000 | oom 0.000 | loss_scale 8.000 | wall 16782 | train_wall 14151
| epoch 092 | valid on 'valid' subset | loss 5.775 | nll_loss 3.258 | ppl 9.57 | num_updates 75422 | best_loss 5.77477
| epoch 093 | loss 4.155 | nll_loss 1.494 | ppl 2.82 | wps 63833 | ups 5 | wpb 14178.483 | bsz 687.243 | num_updates 76242 | lr 0.000229051 | gnorm 0.187 | clip 1.000 | oom 0.000 | loss_scale 8.000 | wall 16965 | train_wall 14305
| epoch 093 | valid on 'valid' subset | loss 5.782 | nll_loss 3.269 | ppl 9.64 | num_updates 76242 | best_loss 5.77593
| epoch 094 | loss 4.153 | nll_loss 1.492 | ppl 2.81 | wps 64197 | ups 5 | wpb 14178.483 | bsz 687.243 | num_updates 77062 | lr 0.000227829 | gnorm 0.188 | clip 1.000 | oom 0.000 | loss_scale 8.000 | wall 17147 | train_wall 14458
| epoch 094 | valid on 'valid' subset | loss 5.794 | nll_loss 3.284 | ppl 9.74 | num_updates 77062 | best_loss 5.77593
| epoch 095 | loss 4.152 | nll_loss 1.491 | ppl 2.81 | wps 64531 | ups 5 | wpb 14178.483 | bsz 687.243 | num_updates 77882 | lr 0.000226627 | gnorm 0.188 | clip 1.000 | oom 0.000 | loss_scale 16.000 | wall 17328 | train_wall 14611
| epoch 095 | valid on 'valid' subset | loss 5.774 | nll_loss 3.258 | ppl 9.56 | num_updates 77882 | best_loss 5.77399
| epoch 096 | loss 4.151 | nll_loss 1.489 | ppl 2.81 | wps 64208 | ups 5 | wpb 14178.483 | bsz 687.243 | num_updates 78702 | lr 0.000225443 | gnorm 0.189 | clip 1.000 | oom 0.000 | loss_scale 16.000 | wall 17510 | train_wall 14764
| epoch 096 | valid on 'valid' subset | loss 5.789 | nll_loss 3.271 | ppl 9.65 | num_updates 78702 | best_loss 5.77593
| epoch 097 | loss 4.149 | nll_loss 1.487 | ppl 2.8 | wps 63943 | ups 5 | wpb 14178.483 | bsz 687.243 | num_updates 79522 | lr 0.000224278 | gnorm 0.188 | clip 1.000 | oom 0.000 | loss_scale 16.000 | wall 17693 | train_wall 14918
| epoch 097 | valid on 'valid' subset | loss 5.781 | nll_loss 3.267 | ppl 9.63 | num_updates 79522 | best_loss 5.77593
| WARNING: overflow detected, setting loss scale to: 8.0
| epoch 098 | loss 4.148 | nll_loss 1.487 | ppl 2.8 | wps 64280 | ups 5 | wpb 14181.803 | bsz 686.734 | num_updates 80341 | lr 0.000223132 | gnorm 0.189 | clip 1.000 | oom 0.000 | loss_scale 8.000 | wall 17874 | train_wall 15072
| epoch 098 | valid on 'valid' subset | loss 5.766 | nll_loss 3.250 | ppl 9.51 | num_updates 80341 | best_loss 5.76628
| epoch 099 | loss 4.147 | nll_loss 1.485 | ppl 2.8 | wps 64458 | ups 5 | wpb 14178.483 | bsz 687.243 | num_updates 81161 | lr 0.000222002 | gnorm 0.188 | clip 1.000 | oom 0.000 | loss_scale 8.000 | wall 18056 | train_wall 15225
| epoch 099 | valid on 'valid' subset | loss 5.773 | nll_loss 3.257 | ppl 9.56 | num_updates 81161 | best_loss 5.77276
| epoch 100 | loss 4.146 | nll_loss 1.483 | ppl 2.8 | wps 63985 | ups 5 | wpb 14178.483 | bsz 687.243 | num_updates 81981 | lr 0.000220889 | gnorm 0.189 | clip 1.000 | oom 0.000 | loss_scale 8.000 | wall 18238 | train_wall 15379
| epoch 100 | valid on 'valid' subset | loss 5.787 | nll_loss 3.275 | ppl 9.68 | num_updates 81981 | best_loss 5.77593
| saved checkpoint ./checkpoints/2020-05-25T04-08-04-00-exp27-bpe5000-ne-051920-seed19-nonjoint/checkpoints_ne_en/checkpoint100.pt (epoch 100 @ 81981 updates) (writing took 0.6456084251403809 seconds)
| done training in 18235.4 seconds
Done training.
Time at end: Mon May 25 09:12:22 EDT 2020
