================ FLORES BASELINE WITH CLIP_NORM=0.1, BPE=2500 AND SEED=10  ================
About to train the supervised for the following language pair: NE-EN
Checkpoint directory unset! Setting to default value...
CHECKPOINT_DIR is set to './checkpoints/2020-03-28T23-23-04-00-exp24-bpe2500-seed10/checkpoints_ne_en'
Creating checkpoint directory if it doesn't exist...
Data folder is: data-bin/wiki_ne_en_bpe2500/
Beginning training...
Time at beginning: Sat Mar 28 23:23:07 EDT 2020
Namespace(activation_dropout=0.2, activation_fn='relu', adam_betas='(0.9, 0.98)', adam_eps=1e-08, adaptive_input=False, adaptive_softmax_cutoff=None, adaptive_softmax_dropout=0, arch='transformer', attention_dropout=0.2, best_checkpoint_metric='loss', bpe=None, bucket_cap_mb=25, clip_norm=0.1, cpu=False, criterion='label_smoothed_cross_entropy', cross_self_attention=False, curriculum=0, data='data-bin/wiki_ne_en_bpe2500/', dataset_impl=None, ddp_backend='c10d', decoder_attention_heads=2, decoder_embed_dim=512, decoder_embed_path=None, decoder_ffn_embed_dim=2048, decoder_input_dim=512, decoder_layerdrop=0, decoder_layers=5, decoder_layers_to_keep=None, decoder_learned_pos=False, decoder_normalize_before=True, decoder_output_dim=512, device_id=0, disable_validation=False, distributed_backend='nccl', distributed_init_method=None, distributed_no_spawn=False, distributed_port=-1, distributed_rank=0, distributed_world_size=1, dropout=0.4, empty_cache_freq=0, encoder_attention_heads=2, encoder_embed_dim=512, encoder_embed_path=None, encoder_ffn_embed_dim=2048, encoder_layerdrop=0, encoder_layers=5, encoder_layers_to_keep=None, encoder_learned_pos=False, encoder_normalize_before=True, fast_stat_sync=False, find_unused_parameters=False, fix_batches_to_gpus=False, fixed_validation_seed=None, fp16=True, fp16_init_scale=128, fp16_scale_tolerance=0.0, fp16_scale_window=None, keep_interval_updates=-1, keep_last_epochs=-1, label_smoothing=0.2, layer_wise_attention=False, layernorm_embedding=False, lazy_load=False, left_pad_source='True', left_pad_target='False', load_alignments=False, log_format=None, log_interval=1000, lr=[0.001], lr_scheduler='inverse_sqrt', max_epoch=100, max_sentences=None, max_sentences_valid=None, max_source_positions=1024, max_target_positions=1024, max_tokens=4000, max_tokens_valid=4000, max_update=0, maximize_best_checkpoint_metric=False, memory_efficient_fp16=False, min_loss_scale=0.0001, min_lr=1e-09, no_cross_attention=False, no_epoch_checkpoints=False, no_last_checkpoints=False, no_progress_bar=False, no_save=False, no_save_optimizer_state=False, no_scale_embedding=False, no_token_positional_embeddings=False, num_workers=1, optimizer='adam', optimizer_overrides='{}', raw_text=False, required_batch_size_multiple=8, reset_dataloader=False, reset_lr_scheduler=False, reset_meters=False, reset_optimizer=False, restore_file='checkpoint_last.pt', save_dir='./checkpoints/2020-03-28T23-23-04-00-exp24-bpe2500-seed10/checkpoints_ne_en', save_interval=10, save_interval_updates=0, seed=10, sentence_avg=False, share_all_embeddings=True, share_decoder_input_output_embed=False, skip_invalid_size_inputs_valid_test=False, source_lang='ne', target_lang='en', task='translation', tensorboard_logdir='', threshold_loss_scale=None, tokenizer=None, train_subset='train', truncate_source=False, update_freq=[4], upsample_primary=1, use_bmuf=False, user_dir=None, valid_subset='valid', validate_interval=1, warmup_init_lr=1e-07, warmup_updates=4000, weight_decay=0.0001)
| [ne] dictionary: 2504 types
| [en] dictionary: 2504 types
| loaded 2559 examples from: data-bin/wiki_ne_en_bpe2500/valid.ne-en.ne
| loaded 2559 examples from: data-bin/wiki_ne_en_bpe2500/valid.ne-en.en
| data-bin/wiki_ne_en_bpe2500/ valid ne-en 2559 examples
TransformerModel(
  (encoder): TransformerEncoder(
    (embed_tokens): Embedding(2504, 512, padding_idx=1)
    (embed_positions): SinusoidalPositionalEmbedding()
    (layers): ModuleList(
      (0): TransformerEncoderLayer(
        (self_attn): MultiheadAttention(
          (k_proj): Linear(in_features=512, out_features=512, bias=True)
          (v_proj): Linear(in_features=512, out_features=512, bias=True)
          (q_proj): Linear(in_features=512, out_features=512, bias=True)
          (out_proj): Linear(in_features=512, out_features=512, bias=True)
        )
        (self_attn_layer_norm): LayerNorm((512,), eps=1e-05, elementwise_affine=True)
        (fc1): Linear(in_features=512, out_features=2048, bias=True)
        (fc2): Linear(in_features=2048, out_features=512, bias=True)
        (final_layer_norm): LayerNorm((512,), eps=1e-05, elementwise_affine=True)
      )
      (1): TransformerEncoderLayer(
        (self_attn): MultiheadAttention(
          (k_proj): Linear(in_features=512, out_features=512, bias=True)
          (v_proj): Linear(in_features=512, out_features=512, bias=True)
          (q_proj): Linear(in_features=512, out_features=512, bias=True)
          (out_proj): Linear(in_features=512, out_features=512, bias=True)
        )
        (self_attn_layer_norm): LayerNorm((512,), eps=1e-05, elementwise_affine=True)
        (fc1): Linear(in_features=512, out_features=2048, bias=True)
        (fc2): Linear(in_features=2048, out_features=512, bias=True)
        (final_layer_norm): LayerNorm((512,), eps=1e-05, elementwise_affine=True)
      )
      (2): TransformerEncoderLayer(
        (self_attn): MultiheadAttention(
          (k_proj): Linear(in_features=512, out_features=512, bias=True)
          (v_proj): Linear(in_features=512, out_features=512, bias=True)
          (q_proj): Linear(in_features=512, out_features=512, bias=True)
          (out_proj): Linear(in_features=512, out_features=512, bias=True)
        )
        (self_attn_layer_norm): LayerNorm((512,), eps=1e-05, elementwise_affine=True)
        (fc1): Linear(in_features=512, out_features=2048, bias=True)
        (fc2): Linear(in_features=2048, out_features=512, bias=True)
        (final_layer_norm): LayerNorm((512,), eps=1e-05, elementwise_affine=True)
      )
      (3): TransformerEncoderLayer(
        (self_attn): MultiheadAttention(
          (k_proj): Linear(in_features=512, out_features=512, bias=True)
          (v_proj): Linear(in_features=512, out_features=512, bias=True)
          (q_proj): Linear(in_features=512, out_features=512, bias=True)
          (out_proj): Linear(in_features=512, out_features=512, bias=True)
        )
        (self_attn_layer_norm): LayerNorm((512,), eps=1e-05, elementwise_affine=True)
        (fc1): Linear(in_features=512, out_features=2048, bias=True)
        (fc2): Linear(in_features=2048, out_features=512, bias=True)
        (final_layer_norm): LayerNorm((512,), eps=1e-05, elementwise_affine=True)
      )
      (4): TransformerEncoderLayer(
        (self_attn): MultiheadAttention(
          (k_proj): Linear(in_features=512, out_features=512, bias=True)
          (v_proj): Linear(in_features=512, out_features=512, bias=True)
          (q_proj): Linear(in_features=512, out_features=512, bias=True)
          (out_proj): Linear(in_features=512, out_features=512, bias=True)
        )
        (self_attn_layer_norm): LayerNorm((512,), eps=1e-05, elementwise_affine=True)
        (fc1): Linear(in_features=512, out_features=2048, bias=True)
        (fc2): Linear(in_features=2048, out_features=512, bias=True)
        (final_layer_norm): LayerNorm((512,), eps=1e-05, elementwise_affine=True)
      )
    )
    (layer_norm): LayerNorm((512,), eps=1e-05, elementwise_affine=True)
  )
  (decoder): TransformerDecoder(
    (embed_tokens): Embedding(2504, 512, padding_idx=1)
    (embed_positions): SinusoidalPositionalEmbedding()
    (layers): ModuleList(
      (0): TransformerDecoderLayer(
        (self_attn): MultiheadAttention(
          (k_proj): Linear(in_features=512, out_features=512, bias=True)
          (v_proj): Linear(in_features=512, out_features=512, bias=True)
          (q_proj): Linear(in_features=512, out_features=512, bias=True)
          (out_proj): Linear(in_features=512, out_features=512, bias=True)
        )
        (self_attn_layer_norm): LayerNorm((512,), eps=1e-05, elementwise_affine=True)
        (encoder_attn): MultiheadAttention(
          (k_proj): Linear(in_features=512, out_features=512, bias=True)
          (v_proj): Linear(in_features=512, out_features=512, bias=True)
          (q_proj): Linear(in_features=512, out_features=512, bias=True)
          (out_proj): Linear(in_features=512, out_features=512, bias=True)
        )
        (encoder_attn_layer_norm): LayerNorm((512,), eps=1e-05, elementwise_affine=True)
        (fc1): Linear(in_features=512, out_features=2048, bias=True)
        (fc2): Linear(in_features=2048, out_features=512, bias=True)
        (final_layer_norm): LayerNorm((512,), eps=1e-05, elementwise_affine=True)
      )
      (1): TransformerDecoderLayer(
        (self_attn): MultiheadAttention(
          (k_proj): Linear(in_features=512, out_features=512, bias=True)
          (v_proj): Linear(in_features=512, out_features=512, bias=True)
          (q_proj): Linear(in_features=512, out_features=512, bias=True)
          (out_proj): Linear(in_features=512, out_features=512, bias=True)
        )
        (self_attn_layer_norm): LayerNorm((512,), eps=1e-05, elementwise_affine=True)
        (encoder_attn): MultiheadAttention(
          (k_proj): Linear(in_features=512, out_features=512, bias=True)
          (v_proj): Linear(in_features=512, out_features=512, bias=True)
          (q_proj): Linear(in_features=512, out_features=512, bias=True)
          (out_proj): Linear(in_features=512, out_features=512, bias=True)
        )
        (encoder_attn_layer_norm): LayerNorm((512,), eps=1e-05, elementwise_affine=True)
        (fc1): Linear(in_features=512, out_features=2048, bias=True)
        (fc2): Linear(in_features=2048, out_features=512, bias=True)
        (final_layer_norm): LayerNorm((512,), eps=1e-05, elementwise_affine=True)
      )
      (2): TransformerDecoderLayer(
        (self_attn): MultiheadAttention(
          (k_proj): Linear(in_features=512, out_features=512, bias=True)
          (v_proj): Linear(in_features=512, out_features=512, bias=True)
          (q_proj): Linear(in_features=512, out_features=512, bias=True)
          (out_proj): Linear(in_features=512, out_features=512, bias=True)
        )
        (self_attn_layer_norm): LayerNorm((512,), eps=1e-05, elementwise_affine=True)
        (encoder_attn): MultiheadAttention(
          (k_proj): Linear(in_features=512, out_features=512, bias=True)
          (v_proj): Linear(in_features=512, out_features=512, bias=True)
          (q_proj): Linear(in_features=512, out_features=512, bias=True)
          (out_proj): Linear(in_features=512, out_features=512, bias=True)
        )
        (encoder_attn_layer_norm): LayerNorm((512,), eps=1e-05, elementwise_affine=True)
        (fc1): Linear(in_features=512, out_features=2048, bias=True)
        (fc2): Linear(in_features=2048, out_features=512, bias=True)
        (final_layer_norm): LayerNorm((512,), eps=1e-05, elementwise_affine=True)
      )
      (3): TransformerDecoderLayer(
        (self_attn): MultiheadAttention(
          (k_proj): Linear(in_features=512, out_features=512, bias=True)
          (v_proj): Linear(in_features=512, out_features=512, bias=True)
          (q_proj): Linear(in_features=512, out_features=512, bias=True)
          (out_proj): Linear(in_features=512, out_features=512, bias=True)
        )
        (self_attn_layer_norm): LayerNorm((512,), eps=1e-05, elementwise_affine=True)
        (encoder_attn): MultiheadAttention(
          (k_proj): Linear(in_features=512, out_features=512, bias=True)
          (v_proj): Linear(in_features=512, out_features=512, bias=True)
          (q_proj): Linear(in_features=512, out_features=512, bias=True)
          (out_proj): Linear(in_features=512, out_features=512, bias=True)
        )
        (encoder_attn_layer_norm): LayerNorm((512,), eps=1e-05, elementwise_affine=True)
        (fc1): Linear(in_features=512, out_features=2048, bias=True)
        (fc2): Linear(in_features=2048, out_features=512, bias=True)
        (final_layer_norm): LayerNorm((512,), eps=1e-05, elementwise_affine=True)
      )
      (4): TransformerDecoderLayer(
        (self_attn): MultiheadAttention(
          (k_proj): Linear(in_features=512, out_features=512, bias=True)
          (v_proj): Linear(in_features=512, out_features=512, bias=True)
          (q_proj): Linear(in_features=512, out_features=512, bias=True)
          (out_proj): Linear(in_features=512, out_features=512, bias=True)
        )
        (self_attn_layer_norm): LayerNorm((512,), eps=1e-05, elementwise_affine=True)
        (encoder_attn): MultiheadAttention(
          (k_proj): Linear(in_features=512, out_features=512, bias=True)
          (v_proj): Linear(in_features=512, out_features=512, bias=True)
          (q_proj): Linear(in_features=512, out_features=512, bias=True)
          (out_proj): Linear(in_features=512, out_features=512, bias=True)
        )
        (encoder_attn_layer_norm): LayerNorm((512,), eps=1e-05, elementwise_affine=True)
        (fc1): Linear(in_features=512, out_features=2048, bias=True)
        (fc2): Linear(in_features=2048, out_features=512, bias=True)
        (final_layer_norm): LayerNorm((512,), eps=1e-05, elementwise_affine=True)
      )
    )
    (layer_norm): LayerNorm((512,), eps=1e-05, elementwise_affine=True)
  )
)
| model transformer, criterion LabelSmoothedCrossEntropyCriterion
| num. model params: 38066176 (num. trained: 38066176)
| training on 1 GPUs
| max tokens per GPU = 4000 and max sentences per GPU = None
| no existing checkpoint found ./checkpoints/2020-03-28T23-23-04-00-exp24-bpe2500-seed10/checkpoints_ne_en/checkpoint_last.pt
| loading train data for epoch 0
| loaded 563637 examples from: data-bin/wiki_ne_en_bpe2500/train.ne-en.ne
| loaded 563637 examples from: data-bin/wiki_ne_en_bpe2500/train.ne-en.en
| data-bin/wiki_ne_en_bpe2500/ train ne-en 563637 examples
| WARNING: overflow detected, setting loss scale to: 64.0
| WARNING: overflow detected, setting loss scale to: 32.0
| WARNING: overflow detected, setting loss scale to: 16.0
| epoch 001 | loss 9.201 | nll_loss 8.307 | ppl 316.66 | wps 58792 | ups 5 | wpb 12797.250 | bsz 809.177 | num_updates 691 | lr 0.000172833 | gnorm 0.866 | clip 1.000 | oom 0.000 | loss_scale 16.000 | wall 155 | train_wall 122
| epoch 001 | valid on 'valid' subset | loss 8.408 | nll_loss 7.079 | ppl 135.25 | num_updates 691
| epoch 002 | loss 7.195 | nll_loss 5.625 | ppl 49.34 | wps 57912 | ups 5 | wpb 12806.207 | bsz 812.157 | num_updates 1385 | lr 0.000346315 | gnorm 0.588 | clip 1.000 | oom 0.000 | loss_scale 16.000 | wall 309 | train_wall 246
| epoch 002 | valid on 'valid' subset | loss 7.934 | nll_loss 6.362 | ppl 82.23 | num_updates 1385
| epoch 003 | loss 6.386 | nll_loss 4.559 | ppl 23.57 | wps 58004 | ups 5 | wpb 12806.207 | bsz 812.157 | num_updates 2079 | lr 0.000519798 | gnorm 0.488 | clip 1.000 | oom 0.000 | loss_scale 16.000 | wall 463 | train_wall 369
| epoch 003 | valid on 'valid' subset | loss 7.644 | nll_loss 5.956 | ppl 62.1 | num_updates 2079
| epoch 004 | loss 5.931 | nll_loss 3.967 | ppl 15.63 | wps 57366 | ups 4 | wpb 12806.207 | bsz 812.157 | num_updates 2773 | lr 0.000693281 | gnorm 0.435 | clip 1.000 | oom 0.000 | loss_scale 16.000 | wall 619 | train_wall 493
| epoch 004 | valid on 'valid' subset | loss 7.355 | nll_loss 5.557 | ppl 47.07 | num_updates 2773
| epoch 005 | loss 5.637 | nll_loss 3.587 | ppl 12.02 | wps 58514 | ups 5 | wpb 12806.207 | bsz 812.157 | num_updates 3467 | lr 0.000866763 | gnorm 0.384 | clip 1.000 | oom 0.000 | loss_scale 16.000 | wall 772 | train_wall 616
| epoch 005 | valid on 'valid' subset | loss 7.127 | nll_loss 5.289 | ppl 39.08 | num_updates 3467
| epoch 006 | loss 5.447 | nll_loss 3.346 | ppl 10.17 | wps 58474 | ups 5 | wpb 12806.207 | bsz 812.157 | num_updates 4161 | lr 0.000980463 | gnorm 0.346 | clip 1.000 | oom 0.000 | loss_scale 32.000 | wall 924 | train_wall 739
| epoch 006 | valid on 'valid' subset | loss 6.971 | nll_loss 5.061 | ppl 33.39 | num_updates 4161
| WARNING: overflow detected, setting loss scale to: 16.0
| epoch 007 | loss 5.274 | nll_loss 3.126 | ppl 8.73 | wps 57844 | ups 5 | wpb 12804.401 | bsz 810.189 | num_updates 4854 | lr 0.000907779 | gnorm 0.307 | clip 1.000 | oom 0.000 | loss_scale 16.000 | wall 1078 | train_wall 861
| epoch 007 | valid on 'valid' subset | loss 6.826 | nll_loss 4.881 | ppl 29.46 | num_updates 4854
| epoch 008 | loss 5.136 | nll_loss 2.952 | ppl 7.74 | wps 58125 | ups 5 | wpb 12806.207 | bsz 812.157 | num_updates 5548 | lr 0.000849106 | gnorm 0.280 | clip 1.000 | oom 0.000 | loss_scale 16.000 | wall 1232 | train_wall 984
| epoch 008 | valid on 'valid' subset | loss 6.780 | nll_loss 4.793 | ppl 27.72 | num_updates 5548
| epoch 009 | loss 5.033 | nll_loss 2.823 | ppl 7.07 | wps 57995 | ups 5 | wpb 12806.207 | bsz 812.157 | num_updates 6242 | lr 0.000800512 | gnorm 0.264 | clip 1.000 | oom 0.000 | loss_scale 16.000 | wall 1386 | train_wall 1109
| epoch 009 | valid on 'valid' subset | loss 6.691 | nll_loss 4.684 | ppl 25.71 | num_updates 6242
| epoch 010 | loss 4.954 | nll_loss 2.722 | ppl 6.6 | wps 58047 | ups 5 | wpb 12806.207 | bsz 812.157 | num_updates 6936 | lr 0.000759408 | gnorm 0.255 | clip 1.000 | oom 0.000 | loss_scale 16.000 | wall 1540 | train_wall 1231
| epoch 010 | valid on 'valid' subset | loss 6.590 | nll_loss 4.562 | ppl 23.63 | num_updates 6936
| saved checkpoint ./checkpoints/2020-03-28T23-23-04-00-exp24-bpe2500-seed10/checkpoints_ne_en/checkpoint10.pt (epoch 10 @ 6936 updates) (writing took 0.7006287574768066 seconds)
| epoch 011 | loss 4.889 | nll_loss 2.640 | ppl 6.24 | wps 57798 | ups 5 | wpb 12806.207 | bsz 812.157 | num_updates 7630 | lr 0.000724049 | gnorm 0.247 | clip 1.000 | oom 0.000 | loss_scale 16.000 | wall 1695 | train_wall 1354
| epoch 011 | valid on 'valid' subset | loss 6.541 | nll_loss 4.480 | ppl 22.31 | num_updates 7630 | best_loss 6.54116
| epoch 012 | loss 4.838 | nll_loss 2.576 | ppl 5.96 | wps 58200 | ups 5 | wpb 12806.207 | bsz 812.157 | num_updates 8324 | lr 0.000693209 | gnorm 0.240 | clip 1.000 | oom 0.000 | loss_scale 16.000 | wall 1848 | train_wall 1477
| epoch 012 | valid on 'valid' subset | loss 6.507 | nll_loss 4.438 | ppl 21.67 | num_updates 8324 | best_loss 6.50748
| epoch 013 | loss 4.791 | nll_loss 2.517 | ppl 5.72 | wps 57904 | ups 5 | wpb 12806.207 | bsz 812.157 | num_updates 9018 | lr 0.000666001 | gnorm 0.234 | clip 1.000 | oom 0.000 | loss_scale 32.000 | wall 2003 | train_wall 1601
| epoch 013 | valid on 'valid' subset | loss 6.465 | nll_loss 4.389 | ppl 20.95 | num_updates 9018 | best_loss 6.46527
| WARNING: overflow detected, setting loss scale to: 16.0
| epoch 014 | loss 4.753 | nll_loss 2.470 | ppl 5.54 | wps 58129 | ups 5 | wpb 12802.945 | bsz 809.173 | num_updates 9711 | lr 0.000641797 | gnorm 0.230 | clip 1.000 | oom 0.000 | loss_scale 16.000 | wall 2156 | train_wall 1725
| epoch 014 | valid on 'valid' subset | loss 6.415 | nll_loss 4.317 | ppl 19.93 | num_updates 9711 | best_loss 6.41484
| epoch 015 | loss 4.720 | nll_loss 2.428 | ppl 5.38 | wps 58460 | ups 5 | wpb 12806.207 | bsz 812.157 | num_updates 10405 | lr 0.000620025 | gnorm 0.228 | clip 1.000 | oom 0.000 | loss_scale 16.000 | wall 2309 | train_wall 1848
| epoch 015 | valid on 'valid' subset | loss 6.450 | nll_loss 4.361 | ppl 20.55 | num_updates 10405 | best_loss 6.45033
| epoch 016 | loss 4.689 | nll_loss 2.389 | ppl 5.24 | wps 58019 | ups 5 | wpb 12806.207 | bsz 812.157 | num_updates 11099 | lr 0.000600327 | gnorm 0.224 | clip 1.000 | oom 0.000 | loss_scale 16.000 | wall 2463 | train_wall 1971
| epoch 016 | valid on 'valid' subset | loss 6.408 | nll_loss 4.306 | ppl 19.78 | num_updates 11099 | best_loss 6.40837
| epoch 017 | loss 4.662 | nll_loss 2.356 | ppl 5.12 | wps 59064 | ups 5 | wpb 12806.207 | bsz 812.157 | num_updates 11793 | lr 0.000582395 | gnorm 0.224 | clip 1.000 | oom 0.000 | loss_scale 16.000 | wall 2614 | train_wall 2093
| epoch 017 | valid on 'valid' subset | loss 6.385 | nll_loss 4.283 | ppl 19.47 | num_updates 11793 | best_loss 6.38511
| epoch 018 | loss 4.638 | nll_loss 2.326 | ppl 5.02 | wps 58666 | ups 5 | wpb 12806.207 | bsz 812.157 | num_updates 12487 | lr 0.00056598 | gnorm 0.221 | clip 1.000 | oom 0.000 | loss_scale 16.000 | wall 2766 | train_wall 2215
| epoch 018 | valid on 'valid' subset | loss 6.317 | nll_loss 4.201 | ppl 18.39 | num_updates 12487 | best_loss 6.31717
| epoch 019 | loss 4.616 | nll_loss 2.299 | ppl 4.92 | wps 57508 | ups 4 | wpb 12806.207 | bsz 812.157 | num_updates 13181 | lr 0.000550878 | gnorm 0.220 | clip 1.000 | oom 0.000 | loss_scale 16.000 | wall 2921 | train_wall 2340
| epoch 019 | valid on 'valid' subset | loss 6.349 | nll_loss 4.240 | ppl 18.89 | num_updates 13181 | best_loss 6.34939
| epoch 020 | loss 4.596 | nll_loss 2.274 | ppl 4.84 | wps 57776 | ups 5 | wpb 12806.207 | bsz 812.157 | num_updates 13875 | lr 0.000536925 | gnorm 0.218 | clip 1.000 | oom 0.000 | loss_scale 32.000 | wall 3076 | train_wall 2463
| epoch 020 | valid on 'valid' subset | loss 6.324 | nll_loss 4.204 | ppl 18.43 | num_updates 13875 | best_loss 6.32386
| saved checkpoint ./checkpoints/2020-03-28T23-23-04-00-exp24-bpe2500-seed10/checkpoints_ne_en/checkpoint20.pt (epoch 20 @ 13875 updates) (writing took 0.9909343719482422 seconds)
| epoch 021 | loss 4.577 | nll_loss 2.249 | ppl 4.75 | wps 58711 | ups 5 | wpb 12806.207 | bsz 812.157 | num_updates 14569 | lr 0.00052398 | gnorm 0.218 | clip 1.000 | oom 0.000 | loss_scale 32.000 | wall 3229 | train_wall 2585
| epoch 021 | valid on 'valid' subset | loss 6.298 | nll_loss 4.172 | ppl 18.03 | num_updates 14569 | best_loss 6.29788
| epoch 022 | loss 4.561 | nll_loss 2.229 | ppl 4.69 | wps 57877 | ups 5 | wpb 12806.207 | bsz 812.157 | num_updates 15263 | lr 0.000511929 | gnorm 0.217 | clip 1.000 | oom 0.000 | loss_scale 32.000 | wall 3383 | train_wall 2709
| epoch 022 | valid on 'valid' subset | loss 6.299 | nll_loss 4.177 | ppl 18.09 | num_updates 15263 | best_loss 6.29874
| epoch 023 | loss 4.544 | nll_loss 2.208 | ppl 4.62 | wps 57884 | ups 5 | wpb 12806.207 | bsz 812.157 | num_updates 15957 | lr 0.000500673 | gnorm 0.216 | clip 1.000 | oom 0.000 | loss_scale 32.000 | wall 3537 | train_wall 2832
| epoch 023 | valid on 'valid' subset | loss 6.293 | nll_loss 4.171 | ppl 18.02 | num_updates 15957 | best_loss 6.29257
| epoch 024 | loss 4.529 | nll_loss 2.190 | ppl 4.56 | wps 58416 | ups 5 | wpb 12806.207 | bsz 812.157 | num_updates 16651 | lr 0.000490128 | gnorm 0.215 | clip 1.000 | oom 0.000 | loss_scale 32.000 | wall 3690 | train_wall 2955
| epoch 024 | valid on 'valid' subset | loss 6.272 | nll_loss 4.140 | ppl 17.63 | num_updates 16651 | best_loss 6.27158
| epoch 025 | loss 4.517 | nll_loss 2.174 | ppl 4.51 | wps 57946 | ups 5 | wpb 12806.207 | bsz 812.157 | num_updates 17345 | lr 0.000480223 | gnorm 0.215 | clip 1.000 | oom 0.000 | loss_scale 32.000 | wall 3844 | train_wall 3079
| epoch 025 | valid on 'valid' subset | loss 6.281 | nll_loss 4.159 | ppl 17.86 | num_updates 17345 | best_loss 6.28065
| WARNING: overflow detected, setting loss scale to: 32.0
| epoch 026 | loss 4.503 | nll_loss 2.157 | ppl 4.46 | wps 57541 | ups 4 | wpb 12803.797 | bsz 807.984 | num_updates 18038 | lr 0.000470908 | gnorm 0.213 | clip 1.000 | oom 0.000 | loss_scale 32.000 | wall 3999 | train_wall 3202
| epoch 026 | valid on 'valid' subset | loss 6.260 | nll_loss 4.129 | ppl 17.5 | num_updates 18038 | best_loss 6.2599
| epoch 027 | loss 4.492 | nll_loss 2.143 | ppl 4.42 | wps 57836 | ups 5 | wpb 12806.207 | bsz 812.157 | num_updates 18732 | lr 0.000462102 | gnorm 0.213 | clip 1.000 | oom 0.000 | loss_scale 32.000 | wall 4153 | train_wall 3327
| epoch 027 | valid on 'valid' subset | loss 6.230 | nll_loss 4.095 | ppl 17.08 | num_updates 18732 | best_loss 6.22993
| epoch 028 | loss 4.479 | nll_loss 2.127 | ppl 4.37 | wps 57714 | ups 5 | wpb 12806.207 | bsz 812.157 | num_updates 19426 | lr 0.000453773 | gnorm 0.214 | clip 1.000 | oom 0.000 | loss_scale 32.000 | wall 4308 | train_wall 3450
| epoch 028 | valid on 'valid' subset | loss 6.230 | nll_loss 4.094 | ppl 17.08 | num_updates 19426 | best_loss 6.22978
| epoch 029 | loss 4.468 | nll_loss 2.114 | ppl 4.33 | wps 58734 | ups 5 | wpb 12806.207 | bsz 812.157 | num_updates 20120 | lr 0.000445878 | gnorm 0.213 | clip 1.000 | oom 0.000 | loss_scale 32.000 | wall 4460 | train_wall 3572
| epoch 029 | valid on 'valid' subset | loss 6.215 | nll_loss 4.076 | ppl 16.87 | num_updates 20120 | best_loss 6.21504
| epoch 030 | loss 4.458 | nll_loss 2.101 | ppl 4.29 | wps 59221 | ups 5 | wpb 12806.207 | bsz 812.157 | num_updates 20814 | lr 0.000438382 | gnorm 0.213 | clip 1.000 | oom 0.000 | loss_scale 32.000 | wall 4611 | train_wall 3694
| epoch 030 | valid on 'valid' subset | loss 6.203 | nll_loss 4.053 | ppl 16.6 | num_updates 20814 | best_loss 6.20328
| saved checkpoint ./checkpoints/2020-03-28T23-23-04-00-exp24-bpe2500-seed10/checkpoints_ne_en/checkpoint30.pt (epoch 30 @ 20814 updates) (writing took 0.9784672260284424 seconds)
| epoch 031 | loss 4.449 | nll_loss 2.090 | ppl 4.26 | wps 57886 | ups 5 | wpb 12806.207 | bsz 812.157 | num_updates 21508 | lr 0.000431251 | gnorm 0.213 | clip 1.000 | oom 0.000 | loss_scale 32.000 | wall 4766 | train_wall 3817
| epoch 031 | valid on 'valid' subset | loss 6.206 | nll_loss 4.068 | ppl 16.77 | num_updates 21508 | best_loss 6.20328
| epoch 032 | loss 4.439 | nll_loss 2.077 | ppl 4.22 | wps 57423 | ups 4 | wpb 12806.207 | bsz 812.157 | num_updates 22202 | lr 0.000424457 | gnorm 0.213 | clip 1.000 | oom 0.000 | loss_scale 64.000 | wall 4922 | train_wall 3941
| epoch 032 | valid on 'valid' subset | loss 6.197 | nll_loss 4.054 | ppl 16.61 | num_updates 22202 | best_loss 6.19738
| epoch 033 | loss 4.431 | nll_loss 2.067 | ppl 4.19 | wps 57949 | ups 5 | wpb 12806.207 | bsz 812.157 | num_updates 22896 | lr 0.000417975 | gnorm 0.212 | clip 1.000 | oom 0.000 | loss_scale 64.000 | wall 5076 | train_wall 4064
| epoch 033 | valid on 'valid' subset | loss 6.195 | nll_loss 4.056 | ppl 16.63 | num_updates 22896 | best_loss 6.19474
| WARNING: overflow detected, setting loss scale to: 32.0
| epoch 034 | loss 4.423 | nll_loss 2.057 | ppl 4.16 | wps 57907 | ups 5 | wpb 12801.867 | bsz 809.092 | num_updates 23589 | lr 0.000411789 | gnorm 0.212 | clip 1.000 | oom 0.000 | loss_scale 32.000 | wall 5230 | train_wall 4188
| epoch 034 | valid on 'valid' subset | loss 6.210 | nll_loss 4.071 | ppl 16.8 | num_updates 23589 | best_loss 6.20328
| epoch 035 | loss 4.413 | nll_loss 2.046 | ppl 4.13 | wps 58381 | ups 5 | wpb 12806.207 | bsz 812.157 | num_updates 24283 | lr 0.000405862 | gnorm 0.213 | clip 1.000 | oom 0.000 | loss_scale 32.000 | wall 5382 | train_wall 4312
| epoch 035 | valid on 'valid' subset | loss 6.198 | nll_loss 4.060 | ppl 16.68 | num_updates 24283 | best_loss 6.19761
| epoch 036 | loss 4.406 | nll_loss 2.037 | ppl 4.1 | wps 58487 | ups 5 | wpb 12806.207 | bsz 812.157 | num_updates 24977 | lr 0.000400184 | gnorm 0.212 | clip 1.000 | oom 0.000 | loss_scale 32.000 | wall 5535 | train_wall 4434
| epoch 036 | valid on 'valid' subset | loss 6.218 | nll_loss 4.088 | ppl 17 | num_updates 24977 | best_loss 6.20328
| epoch 037 | loss 4.399 | nll_loss 2.028 | ppl 4.08 | wps 57991 | ups 5 | wpb 12806.207 | bsz 812.157 | num_updates 25671 | lr 0.000394738 | gnorm 0.212 | clip 1.000 | oom 0.000 | loss_scale 32.000 | wall 5689 | train_wall 4558
| epoch 037 | valid on 'valid' subset | loss 6.178 | nll_loss 4.035 | ppl 16.4 | num_updates 25671 | best_loss 6.17776
| epoch 038 | loss 4.392 | nll_loss 2.019 | ppl 4.05 | wps 58513 | ups 5 | wpb 12806.207 | bsz 812.157 | num_updates 26365 | lr 0.000389508 | gnorm 0.212 | clip 1.000 | oom 0.000 | loss_scale 32.000 | wall 5842 | train_wall 4681
| epoch 038 | valid on 'valid' subset | loss 6.176 | nll_loss 4.026 | ppl 16.29 | num_updates 26365 | best_loss 6.17581
| WARNING: overflow detected, setting loss scale to: 16.0
| epoch 039 | loss 4.386 | nll_loss 2.012 | ppl 4.03 | wps 57581 | ups 4 | wpb 12801.938 | bsz 809.554 | num_updates 27058 | lr 0.000384487 | gnorm 0.212 | clip 1.000 | oom 0.000 | loss_scale 16.000 | wall 5997 | train_wall 4804
| epoch 039 | valid on 'valid' subset | loss 6.188 | nll_loss 4.049 | ppl 16.55 | num_updates 27058 | best_loss 6.18797
| epoch 040 | loss 4.379 | nll_loss 2.003 | ppl 4.01 | wps 58290 | ups 5 | wpb 12806.207 | bsz 812.157 | num_updates 27752 | lr 0.00037965 | gnorm 0.213 | clip 1.000 | oom 0.000 | loss_scale 16.000 | wall 6150 | train_wall 4928
| epoch 040 | valid on 'valid' subset | loss 6.183 | nll_loss 4.032 | ppl 16.36 | num_updates 27752 | best_loss 6.18311
| saved checkpoint ./checkpoints/2020-03-28T23-23-04-00-exp24-bpe2500-seed10/checkpoints_ne_en/checkpoint40.pt (epoch 40 @ 27752 updates) (writing took 0.9784505367279053 seconds)
| epoch 041 | loss 4.372 | nll_loss 1.994 | ppl 3.98 | wps 57989 | ups 5 | wpb 12806.207 | bsz 812.157 | num_updates 28446 | lr 0.00037499 | gnorm 0.212 | clip 1.000 | oom 0.000 | loss_scale 16.000 | wall 6305 | train_wall 5051
| epoch 041 | valid on 'valid' subset | loss 6.192 | nll_loss 4.051 | ppl 16.58 | num_updates 28446 | best_loss 6.18311
| epoch 042 | loss 4.366 | nll_loss 1.987 | ppl 3.96 | wps 57846 | ups 5 | wpb 12806.207 | bsz 812.157 | num_updates 29140 | lr 0.000370497 | gnorm 0.211 | clip 1.000 | oom 0.000 | loss_scale 16.000 | wall 6459 | train_wall 5175
| epoch 042 | valid on 'valid' subset | loss 6.176 | nll_loss 4.032 | ppl 16.36 | num_updates 29140 | best_loss 6.17638
| epoch 043 | loss 4.360 | nll_loss 1.980 | ppl 3.94 | wps 59998 | ups 5 | wpb 12806.207 | bsz 812.157 | num_updates 29834 | lr 0.000366163 | gnorm 0.212 | clip 1.000 | oom 0.000 | loss_scale 16.000 | wall 6608 | train_wall 5295
| epoch 043 | valid on 'valid' subset | loss 6.183 | nll_loss 4.031 | ppl 16.35 | num_updates 29834 | best_loss 6.1831
| epoch 044 | loss 4.354 | nll_loss 1.972 | ppl 3.92 | wps 59522 | ups 5 | wpb 12806.207 | bsz 812.157 | num_updates 30528 | lr 0.000361977 | gnorm 0.212 | clip 1.000 | oom 0.000 | loss_scale 16.000 | wall 6758 | train_wall 5416
| epoch 044 | valid on 'valid' subset | loss 6.181 | nll_loss 4.028 | ppl 16.31 | num_updates 30528 | best_loss 6.18087
| epoch 045 | loss 4.349 | nll_loss 1.965 | ppl 3.91 | wps 58568 | ups 5 | wpb 12806.207 | bsz 812.157 | num_updates 31222 | lr 0.000357931 | gnorm 0.213 | clip 1.000 | oom 0.000 | loss_scale 32.000 | wall 6910 | train_wall 5539
| epoch 045 | valid on 'valid' subset | loss 6.148 | nll_loss 4.002 | ppl 16.03 | num_updates 31222 | best_loss 6.14778
| epoch 046 | loss 4.344 | nll_loss 1.960 | ppl 3.89 | wps 57389 | ups 4 | wpb 12806.207 | bsz 812.157 | num_updates 31916 | lr 0.000354018 | gnorm 0.213 | clip 1.000 | oom 0.000 | loss_scale 32.000 | wall 7066 | train_wall 5662
| epoch 046 | valid on 'valid' subset | loss 6.162 | nll_loss 4.020 | ppl 16.22 | num_updates 31916 | best_loss 6.16195
| epoch 047 | loss 4.339 | nll_loss 1.954 | ppl 3.87 | wps 57919 | ups 5 | wpb 12806.207 | bsz 812.157 | num_updates 32610 | lr 0.000350231 | gnorm 0.213 | clip 1.000 | oom 0.000 | loss_scale 32.000 | wall 7220 | train_wall 5786
| epoch 047 | valid on 'valid' subset | loss 6.154 | nll_loss 4.001 | ppl 16.01 | num_updates 32610 | best_loss 6.1544
| epoch 048 | loss 4.333 | nll_loss 1.947 | ppl 3.85 | wps 58082 | ups 5 | wpb 12806.207 | bsz 812.157 | num_updates 33304 | lr 0.000346563 | gnorm 0.212 | clip 1.000 | oom 0.000 | loss_scale 32.000 | wall 7374 | train_wall 5910
| epoch 048 | valid on 'valid' subset | loss 6.184 | nll_loss 4.039 | ppl 16.44 | num_updates 33304 | best_loss 6.18311
| epoch 049 | loss 4.329 | nll_loss 1.941 | ppl 3.84 | wps 56990 | ups 4 | wpb 12806.207 | bsz 812.157 | num_updates 33998 | lr 0.000343007 | gnorm 0.213 | clip 1.000 | oom 0.000 | loss_scale 32.000 | wall 7531 | train_wall 6034
| epoch 049 | valid on 'valid' subset | loss 6.158 | nll_loss 4.007 | ppl 16.07 | num_updates 33998 | best_loss 6.15808
| epoch 050 | loss 4.324 | nll_loss 1.935 | ppl 3.82 | wps 57680 | ups 5 | wpb 12806.207 | bsz 812.157 | num_updates 34692 | lr 0.000339559 | gnorm 0.212 | clip 1.000 | oom 0.000 | loss_scale 32.000 | wall 7685 | train_wall 6159
| epoch 050 | valid on 'valid' subset | loss 6.155 | nll_loss 4.002 | ppl 16.02 | num_updates 34692 | best_loss 6.15525
| saved checkpoint ./checkpoints/2020-03-28T23-23-04-00-exp24-bpe2500-seed10/checkpoints_ne_en/checkpoint50.pt (epoch 50 @ 34692 updates) (writing took 0.9675424098968506 seconds)
| epoch 051 | loss 4.320 | nll_loss 1.930 | ppl 3.81 | wps 57771 | ups 5 | wpb 12806.207 | bsz 812.157 | num_updates 35386 | lr 0.000336213 | gnorm 0.214 | clip 1.000 | oom 0.000 | loss_scale 64.000 | wall 7841 | train_wall 6282
| epoch 051 | valid on 'valid' subset | loss 6.179 | nll_loss 4.034 | ppl 16.39 | num_updates 35386 | best_loss 6.15525
| epoch 052 | loss 4.315 | nll_loss 1.924 | ppl 3.79 | wps 58179 | ups 5 | wpb 12806.207 | bsz 812.157 | num_updates 36080 | lr 0.000332964 | gnorm 0.214 | clip 1.000 | oom 0.000 | loss_scale 64.000 | wall 7994 | train_wall 6404
| epoch 052 | valid on 'valid' subset | loss 6.149 | nll_loss 3.998 | ppl 15.98 | num_updates 36080 | best_loss 6.14857
| WARNING: overflow detected, setting loss scale to: 32.0
| epoch 053 | loss 4.311 | nll_loss 1.919 | ppl 3.78 | wps 57475 | ups 4 | wpb 12805.472 | bsz 809.185 | num_updates 36773 | lr 0.000329811 | gnorm 0.213 | clip 1.000 | oom 0.000 | loss_scale 32.000 | wall 8149 | train_wall 6527
| epoch 053 | valid on 'valid' subset | loss 6.155 | nll_loss 4.010 | ppl 16.11 | num_updates 36773 | best_loss 6.15525
| epoch 054 | loss 4.308 | nll_loss 1.915 | ppl 3.77 | wps 57494 | ups 4 | wpb 12806.207 | bsz 812.157 | num_updates 37467 | lr 0.000326742 | gnorm 0.214 | clip 1.000 | oom 0.000 | loss_scale 32.000 | wall 8305 | train_wall 6651
| epoch 054 | valid on 'valid' subset | loss 6.158 | nll_loss 4.006 | ppl 16.07 | num_updates 37467 | best_loss 6.15525
| epoch 055 | loss 4.303 | nll_loss 1.909 | ppl 3.76 | wps 58352 | ups 5 | wpb 12806.207 | bsz 812.157 | num_updates 38161 | lr 0.000323758 | gnorm 0.213 | clip 1.000 | oom 0.000 | loss_scale 32.000 | wall 8458 | train_wall 6773
| epoch 055 | valid on 'valid' subset | loss 6.159 | nll_loss 4.012 | ppl 16.14 | num_updates 38161 | best_loss 6.15525
| epoch 056 | loss 4.299 | nll_loss 1.905 | ppl 3.74 | wps 57914 | ups 5 | wpb 12806.207 | bsz 812.157 | num_updates 38855 | lr 0.000320853 | gnorm 0.214 | clip 1.000 | oom 0.000 | loss_scale 32.000 | wall 8612 | train_wall 6897
| epoch 056 | valid on 'valid' subset | loss 6.183 | nll_loss 4.042 | ppl 16.48 | num_updates 38855 | best_loss 6.15525
| epoch 057 | loss 4.295 | nll_loss 1.900 | ppl 3.73 | wps 59601 | ups 5 | wpb 12806.207 | bsz 812.157 | num_updates 39549 | lr 0.000318026 | gnorm 0.214 | clip 1.000 | oom 0.000 | loss_scale 32.000 | wall 8762 | train_wall 7018
| epoch 057 | valid on 'valid' subset | loss 6.144 | nll_loss 3.994 | ppl 15.93 | num_updates 39549 | best_loss 6.14424
| epoch 058 | loss 4.291 | nll_loss 1.895 | ppl 3.72 | wps 58098 | ups 5 | wpb 12806.207 | bsz 812.157 | num_updates 40243 | lr 0.000315272 | gnorm 0.215 | clip 1.000 | oom 0.000 | loss_scale 32.000 | wall 8915 | train_wall 7141
| epoch 058 | valid on 'valid' subset | loss 6.151 | nll_loss 3.994 | ppl 15.94 | num_updates 40243 | best_loss 6.15132
| epoch 059 | loss 4.287 | nll_loss 1.890 | ppl 3.71 | wps 57944 | ups 5 | wpb 12806.207 | bsz 812.157 | num_updates 40937 | lr 0.000312588 | gnorm 0.214 | clip 1.000 | oom 0.000 | loss_scale 64.000 | wall 9069 | train_wall 7264
| epoch 059 | valid on 'valid' subset | loss 6.158 | nll_loss 4.010 | ppl 16.11 | num_updates 40937 | best_loss 6.15525
| WARNING: overflow detected, setting loss scale to: 32.0
| epoch 060 | loss 4.284 | nll_loss 1.886 | ppl 3.7 | wps 57664 | ups 5 | wpb 12803.267 | bsz 809.139 | num_updates 41630 | lr 0.000309975 | gnorm 0.214 | clip 1.000 | oom 0.000 | loss_scale 32.000 | wall 9224 | train_wall 7388
| epoch 060 | valid on 'valid' subset | loss 6.144 | nll_loss 3.986 | ppl 15.85 | num_updates 41630 | best_loss 6.1436
| saved checkpoint ./checkpoints/2020-03-28T23-23-04-00-exp24-bpe2500-seed10/checkpoints_ne_en/checkpoint60.pt (epoch 60 @ 41630 updates) (writing took 0.9907643795013428 seconds)
| epoch 061 | loss 4.281 | nll_loss 1.882 | ppl 3.69 | wps 58800 | ups 5 | wpb 12806.207 | bsz 812.157 | num_updates 42324 | lr 0.000307423 | gnorm 0.215 | clip 1.000 | oom 0.000 | loss_scale 32.000 | wall 9377 | train_wall 7510
| epoch 061 | valid on 'valid' subset | loss 6.161 | nll_loss 4.016 | ppl 16.18 | num_updates 42324 | best_loss 6.1436
| epoch 062 | loss 4.277 | nll_loss 1.878 | ppl 3.67 | wps 58097 | ups 5 | wpb 12806.207 | bsz 812.157 | num_updates 43018 | lr 0.000304933 | gnorm 0.215 | clip 1.000 | oom 0.000 | loss_scale 32.000 | wall 9531 | train_wall 7633
| epoch 062 | valid on 'valid' subset | loss 6.143 | nll_loss 3.993 | ppl 15.92 | num_updates 43018 | best_loss 6.14257
| epoch 063 | loss 4.274 | nll_loss 1.873 | ppl 3.66 | wps 57466 | ups 4 | wpb 12806.207 | bsz 812.157 | num_updates 43712 | lr 0.000302503 | gnorm 0.214 | clip 1.000 | oom 0.000 | loss_scale 32.000 | wall 9686 | train_wall 7756
| epoch 063 | valid on 'valid' subset | loss 6.116 | nll_loss 3.957 | ppl 15.53 | num_updates 43712 | best_loss 6.11595
| epoch 064 | loss 4.270 | nll_loss 1.869 | ppl 3.65 | wps 58254 | ups 5 | wpb 12806.207 | bsz 812.157 | num_updates 44406 | lr 0.00030013 | gnorm 0.215 | clip 1.000 | oom 0.000 | loss_scale 32.000 | wall 9839 | train_wall 7879
| epoch 064 | valid on 'valid' subset | loss 6.130 | nll_loss 3.972 | ppl 15.69 | num_updates 44406 | best_loss 6.12965
| epoch 065 | loss 4.268 | nll_loss 1.866 | ppl 3.65 | wps 57699 | ups 5 | wpb 12806.207 | bsz 812.157 | num_updates 45100 | lr 0.000297812 | gnorm 0.214 | clip 1.000 | oom 0.000 | loss_scale 32.000 | wall 9994 | train_wall 8003
| epoch 065 | valid on 'valid' subset | loss 6.141 | nll_loss 3.985 | ppl 15.83 | num_updates 45100 | best_loss 6.14083
| epoch 066 | loss 4.264 | nll_loss 1.862 | ppl 3.63 | wps 58442 | ups 5 | wpb 12806.207 | bsz 812.157 | num_updates 45794 | lr 0.000295546 | gnorm 0.215 | clip 1.000 | oom 0.000 | loss_scale 64.000 | wall 10147 | train_wall 8126
| epoch 066 | valid on 'valid' subset | loss 6.146 | nll_loss 3.991 | ppl 15.91 | num_updates 45794 | best_loss 6.1436
| epoch 067 | loss 4.261 | nll_loss 1.858 | ppl 3.63 | wps 57438 | ups 4 | wpb 12806.207 | bsz 812.157 | num_updates 46488 | lr 0.000293332 | gnorm 0.214 | clip 1.000 | oom 0.000 | loss_scale 64.000 | wall 10302 | train_wall 8250
| epoch 067 | valid on 'valid' subset | loss 6.144 | nll_loss 3.987 | ppl 15.86 | num_updates 46488 | best_loss 6.1436
| WARNING: overflow detected, setting loss scale to: 32.0
| epoch 068 | loss 4.259 | nll_loss 1.855 | ppl 3.62 | wps 57636 | ups 5 | wpb 12803.785 | bsz 812.036 | num_updates 47181 | lr 0.00029117 | gnorm 0.216 | clip 1.000 | oom 0.000 | loss_scale 32.000 | wall 10457 | train_wall 8374
| epoch 068 | valid on 'valid' subset | loss 6.141 | nll_loss 3.986 | ppl 15.85 | num_updates 47181 | best_loss 6.14107
| epoch 069 | loss 4.256 | nll_loss 1.851 | ppl 3.61 | wps 57785 | ups 5 | wpb 12806.207 | bsz 812.157 | num_updates 47875 | lr 0.000289052 | gnorm 0.216 | clip 1.000 | oom 0.000 | loss_scale 32.000 | wall 10611 | train_wall 8496
| epoch 069 | valid on 'valid' subset | loss 6.172 | nll_loss 4.020 | ppl 16.22 | num_updates 47875 | best_loss 6.1436
| epoch 070 | loss 4.253 | nll_loss 1.847 | ppl 3.6 | wps 58330 | ups 5 | wpb 12806.207 | bsz 812.157 | num_updates 48569 | lr 0.000286979 | gnorm 0.216 | clip 1.000 | oom 0.000 | loss_scale 32.000 | wall 10764 | train_wall 8620
| epoch 070 | valid on 'valid' subset | loss 6.146 | nll_loss 3.995 | ppl 15.94 | num_updates 48569 | best_loss 6.1436
| saved checkpoint ./checkpoints/2020-03-28T23-23-04-00-exp24-bpe2500-seed10/checkpoints_ne_en/checkpoint70.pt (epoch 70 @ 48569 updates) (writing took 0.6180107593536377 seconds)
| epoch 071 | loss 4.249 | nll_loss 1.843 | ppl 3.59 | wps 58200 | ups 5 | wpb 12806.207 | bsz 812.157 | num_updates 49263 | lr 0.000284951 | gnorm 0.218 | clip 1.000 | oom 0.000 | loss_scale 32.000 | wall 10918 | train_wall 8743
| epoch 071 | valid on 'valid' subset | loss 6.144 | nll_loss 3.999 | ppl 15.99 | num_updates 49263 | best_loss 6.1436
| WARNING: overflow detected, setting loss scale to: 16.0
| epoch 072 | loss 4.247 | nll_loss 1.841 | ppl 3.58 | wps 58884 | ups 5 | wpb 12806.338 | bsz 812.128 | num_updates 49956 | lr 0.000282967 | gnorm 0.216 | clip 1.000 | oom 0.000 | loss_scale 16.000 | wall 11070 | train_wall 8865
| epoch 072 | valid on 'valid' subset | loss 6.144 | nll_loss 4.000 | ppl 16 | num_updates 49956 | best_loss 6.1436
| epoch 073 | loss 4.245 | nll_loss 1.838 | ppl 3.57 | wps 58161 | ups 5 | wpb 12806.207 | bsz 812.157 | num_updates 50650 | lr 0.000281022 | gnorm 0.216 | clip 1.000 | oom 0.000 | loss_scale 16.000 | wall 11223 | train_wall 8989
| epoch 073 | valid on 'valid' subset | loss 6.139 | nll_loss 3.990 | ppl 15.89 | num_updates 50650 | best_loss 6.13874
| epoch 074 | loss 4.241 | nll_loss 1.833 | ppl 3.56 | wps 58223 | ups 5 | wpb 12806.207 | bsz 812.157 | num_updates 51344 | lr 0.000279116 | gnorm 0.216 | clip 1.000 | oom 0.000 | loss_scale 16.000 | wall 11377 | train_wall 9113
| epoch 074 | valid on 'valid' subset | loss 6.112 | nll_loss 3.954 | ppl 15.49 | num_updates 51344 | best_loss 6.11154
| epoch 075 | loss 4.240 | nll_loss 1.831 | ppl 3.56 | wps 57398 | ups 4 | wpb 12806.207 | bsz 812.157 | num_updates 52038 | lr 0.000277249 | gnorm 0.218 | clip 1.000 | oom 0.000 | loss_scale 16.000 | wall 11532 | train_wall 9237
| epoch 075 | valid on 'valid' subset | loss 6.129 | nll_loss 3.975 | ppl 15.72 | num_updates 52038 | best_loss 6.12915
| epoch 076 | loss 4.237 | nll_loss 1.828 | ppl 3.55 | wps 58325 | ups 5 | wpb 12806.207 | bsz 812.157 | num_updates 52732 | lr 0.000275418 | gnorm 0.218 | clip 1.000 | oom 0.000 | loss_scale 16.000 | wall 11685 | train_wall 9361
| epoch 076 | valid on 'valid' subset | loss 6.145 | nll_loss 3.990 | ppl 15.89 | num_updates 52732 | best_loss 6.1436
| epoch 077 | loss 4.235 | nll_loss 1.826 | ppl 3.54 | wps 57485 | ups 4 | wpb 12806.207 | bsz 812.157 | num_updates 53426 | lr 0.000273624 | gnorm 0.217 | clip 1.000 | oom 0.000 | loss_scale 16.000 | wall 11841 | train_wall 9486
| epoch 077 | valid on 'valid' subset | loss 6.132 | nll_loss 3.976 | ppl 15.74 | num_updates 53426 | best_loss 6.13207
| WARNING: overflow detected, setting loss scale to: 16.0
| epoch 078 | loss 4.232 | nll_loss 1.822 | ppl 3.54 | wps 57073 | ups 4 | wpb 12806.188 | bsz 812.844 | num_updates 54119 | lr 0.000271866 | gnorm 0.217 | clip 1.000 | oom 0.000 | loss_scale 16.000 | wall 11997 | train_wall 9611
| epoch 078 | valid on 'valid' subset | loss 6.145 | nll_loss 3.999 | ppl 15.98 | num_updates 54119 | best_loss 6.1436
| epoch 079 | loss 4.230 | nll_loss 1.819 | ppl 3.53 | wps 57699 | ups 5 | wpb 12806.207 | bsz 812.157 | num_updates 54813 | lr 0.00027014 | gnorm 0.219 | clip 1.000 | oom 0.000 | loss_scale 16.000 | wall 12152 | train_wall 9734
| epoch 079 | valid on 'valid' subset | loss 6.119 | nll_loss 3.960 | ppl 15.56 | num_updates 54813 | best_loss 6.11879
| epoch 080 | loss 4.227 | nll_loss 1.816 | ppl 3.52 | wps 57250 | ups 4 | wpb 12806.207 | bsz 812.157 | num_updates 55507 | lr 0.000268445 | gnorm 0.219 | clip 1.000 | oom 0.000 | loss_scale 16.000 | wall 12307 | train_wall 9859
| epoch 080 | valid on 'valid' subset | loss 6.128 | nll_loss 3.973 | ppl 15.71 | num_updates 55507 | best_loss 6.12849
| saved checkpoint ./checkpoints/2020-03-28T23-23-04-00-exp24-bpe2500-seed10/checkpoints_ne_en/checkpoint80.pt (epoch 80 @ 55507 updates) (writing took 1.0250921249389648 seconds)
| epoch 081 | loss 4.225 | nll_loss 1.814 | ppl 3.52 | wps 57658 | ups 5 | wpb 12806.207 | bsz 812.157 | num_updates 56201 | lr 0.000266783 | gnorm 0.220 | clip 1.000 | oom 0.000 | loss_scale 16.000 | wall 12463 | train_wall 9985
| epoch 081 | valid on 'valid' subset | loss 6.135 | nll_loss 3.979 | ppl 15.77 | num_updates 56201 | best_loss 6.12849
| epoch 082 | loss 4.223 | nll_loss 1.811 | ppl 3.51 | wps 58554 | ups 5 | wpb 12806.207 | bsz 812.157 | num_updates 56895 | lr 0.000265151 | gnorm 0.219 | clip 1.000 | oom 0.000 | loss_scale 16.000 | wall 12616 | train_wall 10108
| epoch 082 | valid on 'valid' subset | loss 6.125 | nll_loss 3.968 | ppl 15.65 | num_updates 56895 | best_loss 6.12545
| epoch 083 | loss 4.221 | nll_loss 1.808 | ppl 3.5 | wps 57543 | ups 4 | wpb 12806.207 | bsz 812.157 | num_updates 57589 | lr 0.000263548 | gnorm 0.220 | clip 1.000 | oom 0.000 | loss_scale 16.000 | wall 12771 | train_wall 10233
| epoch 083 | valid on 'valid' subset | loss 6.133 | nll_loss 3.970 | ppl 15.67 | num_updates 57589 | best_loss 6.12849
| epoch 084 | loss 4.218 | nll_loss 1.805 | ppl 3.5 | wps 57939 | ups 5 | wpb 12806.207 | bsz 812.157 | num_updates 58283 | lr 0.000261975 | gnorm 0.220 | clip 1.000 | oom 0.000 | loss_scale 32.000 | wall 12925 | train_wall 10357
| epoch 084 | valid on 'valid' subset | loss 6.156 | nll_loss 4.000 | ppl 16 | num_updates 58283 | best_loss 6.12849
| epoch 085 | loss 4.216 | nll_loss 1.802 | ppl 3.49 | wps 57567 | ups 4 | wpb 12806.207 | bsz 812.157 | num_updates 58977 | lr 0.000260429 | gnorm 0.218 | clip 1.000 | oom 0.000 | loss_scale 32.000 | wall 13080 | train_wall 10481
| epoch 085 | valid on 'valid' subset | loss 6.141 | nll_loss 3.985 | ppl 15.83 | num_updates 58977 | best_loss 6.12849
| epoch 086 | loss 4.214 | nll_loss 1.800 | ppl 3.48 | wps 57632 | ups 5 | wpb 12806.207 | bsz 812.157 | num_updates 59671 | lr 0.00025891 | gnorm 0.219 | clip 1.000 | oom 0.000 | loss_scale 32.000 | wall 13235 | train_wall 10605
| epoch 086 | valid on 'valid' subset | loss 6.139 | nll_loss 3.982 | ppl 15.8 | num_updates 59671 | best_loss 6.12849
| epoch 087 | loss 4.212 | nll_loss 1.797 | ppl 3.48 | wps 57149 | ups 4 | wpb 12806.207 | bsz 812.157 | num_updates 60365 | lr 0.000257417 | gnorm 0.219 | clip 1.000 | oom 0.000 | loss_scale 32.000 | wall 13391 | train_wall 10729
| epoch 087 | valid on 'valid' subset | loss 6.152 | nll_loss 4.002 | ppl 16.02 | num_updates 60365 | best_loss 6.12849
| epoch 088 | loss 4.210 | nll_loss 1.795 | ppl 3.47 | wps 57546 | ups 4 | wpb 12806.207 | bsz 812.157 | num_updates 61059 | lr 0.00025595 | gnorm 0.220 | clip 1.000 | oom 0.000 | loss_scale 32.000 | wall 13547 | train_wall 10853
| epoch 088 | valid on 'valid' subset | loss 6.140 | nll_loss 3.983 | ppl 15.81 | num_updates 61059 | best_loss 6.12849
| epoch 089 | loss 4.208 | nll_loss 1.793 | ppl 3.46 | wps 57864 | ups 5 | wpb 12806.207 | bsz 812.157 | num_updates 61753 | lr 0.000254508 | gnorm 0.220 | clip 1.000 | oom 0.000 | loss_scale 32.000 | wall 13701 | train_wall 10977
| epoch 089 | valid on 'valid' subset | loss 6.109 | nll_loss 3.945 | ppl 15.4 | num_updates 61753 | best_loss 6.10932
| epoch 090 | loss 4.206 | nll_loss 1.791 | ppl 3.46 | wps 57381 | ups 4 | wpb 12806.207 | bsz 812.157 | num_updates 62447 | lr 0.00025309 | gnorm 0.221 | clip 1.000 | oom 0.000 | loss_scale 64.000 | wall 13857 | train_wall 11102
| epoch 090 | valid on 'valid' subset | loss 6.148 | nll_loss 3.991 | ppl 15.9 | num_updates 62447 | best_loss 6.12849
| saved checkpoint ./checkpoints/2020-03-28T23-23-04-00-exp24-bpe2500-seed10/checkpoints_ne_en/checkpoint90.pt (epoch 90 @ 62447 updates) (writing took 0.6153068542480469 seconds)
| WARNING: overflow detected, setting loss scale to: 32.0
| epoch 091 | loss 4.204 | nll_loss 1.787 | ppl 3.45 | wps 57754 | ups 5 | wpb 12804.772 | bsz 809.531 | num_updates 63140 | lr 0.000251697 | gnorm 0.219 | clip 1.000 | oom 0.000 | loss_scale 32.000 | wall 14011 | train_wall 11226
| epoch 091 | valid on 'valid' subset | loss 6.133 | nll_loss 3.979 | ppl 15.76 | num_updates 63140 | best_loss 6.12849
| epoch 092 | loss 4.202 | nll_loss 1.786 | ppl 3.45 | wps 58121 | ups 5 | wpb 12806.207 | bsz 812.157 | num_updates 63834 | lr 0.000250325 | gnorm 0.221 | clip 1.000 | oom 0.000 | loss_scale 32.000 | wall 14165 | train_wall 11350
| epoch 092 | valid on 'valid' subset | loss 6.135 | nll_loss 3.977 | ppl 15.74 | num_updates 63834 | best_loss 6.12849
| epoch 093 | loss 4.201 | nll_loss 1.784 | ppl 3.44 | wps 57370 | ups 4 | wpb 12806.207 | bsz 812.157 | num_updates 64528 | lr 0.000248975 | gnorm 0.222 | clip 1.000 | oom 0.000 | loss_scale 32.000 | wall 14321 | train_wall 11475
| epoch 093 | valid on 'valid' subset | loss 6.139 | nll_loss 3.985 | ppl 15.84 | num_updates 64528 | best_loss 6.12849
| epoch 094 | loss 4.199 | nll_loss 1.781 | ppl 3.44 | wps 57951 | ups 5 | wpb 12806.207 | bsz 812.157 | num_updates 65222 | lr 0.000247647 | gnorm 0.223 | clip 1.000 | oom 0.000 | loss_scale 32.000 | wall 14475 | train_wall 11600
| epoch 094 | valid on 'valid' subset | loss 6.134 | nll_loss 3.975 | ppl 15.73 | num_updates 65222 | best_loss 6.12849
| epoch 095 | loss 4.196 | nll_loss 1.778 | ppl 3.43 | wps 57201 | ups 4 | wpb 12806.207 | bsz 812.157 | num_updates 65916 | lr 0.00024634 | gnorm 0.220 | clip 1.000 | oom 0.000 | loss_scale 32.000 | wall 14631 | train_wall 11725
| epoch 095 | valid on 'valid' subset | loss 6.126 | nll_loss 3.971 | ppl 15.68 | num_updates 65916 | best_loss 6.1262
| epoch 096 | loss 4.195 | nll_loss 1.777 | ppl 3.43 | wps 57550 | ups 4 | wpb 12806.207 | bsz 812.157 | num_updates 66610 | lr 0.000245053 | gnorm 0.222 | clip 1.000 | oom 0.000 | loss_scale 32.000 | wall 14786 | train_wall 11849
| epoch 096 | valid on 'valid' subset | loss 6.129 | nll_loss 3.972 | ppl 15.69 | num_updates 66610 | best_loss 6.12849
| WARNING: overflow detected, setting loss scale to: 32.0
| epoch 097 | loss 4.192 | nll_loss 1.773 | ppl 3.42 | wps 56867 | ups 4 | wpb 12813.152 | bsz 812.960 | num_updates 67303 | lr 0.000243788 | gnorm 0.222 | clip 1.000 | oom 0.000 | loss_scale 32.000 | wall 14943 | train_wall 11975
| epoch 097 | valid on 'valid' subset | loss 6.138 | nll_loss 3.985 | ppl 15.83 | num_updates 67303 | best_loss 6.12849
| epoch 098 | loss 4.191 | nll_loss 1.772 | ppl 3.41 | wps 57249 | ups 4 | wpb 12806.207 | bsz 812.157 | num_updates 67997 | lr 0.000242541 | gnorm 0.222 | clip 1.000 | oom 0.000 | loss_scale 32.000 | wall 15099 | train_wall 12100
| epoch 098 | valid on 'valid' subset | loss 6.137 | nll_loss 3.979 | ppl 15.76 | num_updates 67997 | best_loss 6.12849
| epoch 099 | loss 4.190 | nll_loss 1.770 | ppl 3.41 | wps 57064 | ups 4 | wpb 12806.207 | bsz 812.157 | num_updates 68691 | lr 0.000241313 | gnorm 0.223 | clip 1.000 | oom 0.000 | loss_scale 32.000 | wall 15255 | train_wall 12225
| epoch 099 | valid on 'valid' subset | loss 6.121 | nll_loss 3.960 | ppl 15.56 | num_updates 68691 | best_loss 6.1206
| WARNING: overflow detected, setting loss scale to: 16.0
| epoch 100 | loss 4.188 | nll_loss 1.768 | ppl 3.41 | wps 57718 | ups 5 | wpb 12809.622 | bsz 812.128 | num_updates 69384 | lr 0.000240105 | gnorm 0.223 | clip 1.000 | oom 0.000 | loss_scale 16.000 | wall 15410 | train_wall 12349
| epoch 100 | valid on 'valid' subset | loss 6.130 | nll_loss 3.969 | ppl 15.66 | num_updates 69384 | best_loss 6.12849
| saved checkpoint ./checkpoints/2020-03-28T23-23-04-00-exp24-bpe2500-seed10/checkpoints_ne_en/checkpoint100.pt (epoch 100 @ 69384 updates) (writing took 0.630549430847168 seconds)
| done training in 15406.4 seconds
Done training.
Time at end: Sun Mar 29 03:40:01 EDT 2020
