================ FLORES BASELINE WITH CLIP_NORM=0.1, BPE=7500 AND SEED=19  ================
About to train the supervised for the following language pair: EN-NE
Checkpoint directory unset! Setting to default value...
CHECKPOINT_DIR is set to './checkpoints/2020-04-11T03-19-04-00-exp25-bpe7500-seed19/checkpoints_en_ne'
Creating checkpoint directory if it doesn't exist...
Data folder is: data-bin/wiki_ne_en_bpe7500/
Beginning training...
Time at beginning: Sat Apr 11 06:45:21 EDT 2020
Namespace(activation_dropout=0.2, activation_fn='relu', adam_betas='(0.9, 0.98)', adam_eps=1e-08, adaptive_input=False, adaptive_softmax_cutoff=None, adaptive_softmax_dropout=0, arch='transformer', attention_dropout=0.2, best_checkpoint_metric='loss', bpe=None, bucket_cap_mb=25, clip_norm=0.1, cpu=False, criterion='label_smoothed_cross_entropy', cross_self_attention=False, curriculum=0, data='data-bin/wiki_ne_en_bpe7500/', dataset_impl=None, ddp_backend='c10d', decoder_attention_heads=2, decoder_embed_dim=512, decoder_embed_path=None, decoder_ffn_embed_dim=2048, decoder_input_dim=512, decoder_layerdrop=0, decoder_layers=5, decoder_layers_to_keep=None, decoder_learned_pos=False, decoder_normalize_before=True, decoder_output_dim=512, device_id=0, disable_validation=False, distributed_backend='nccl', distributed_init_method=None, distributed_no_spawn=False, distributed_port=-1, distributed_rank=0, distributed_world_size=1, dropout=0.4, empty_cache_freq=0, encoder_attention_heads=2, encoder_embed_dim=512, encoder_embed_path=None, encoder_ffn_embed_dim=2048, encoder_layerdrop=0, encoder_layers=5, encoder_layers_to_keep=None, encoder_learned_pos=False, encoder_normalize_before=True, fast_stat_sync=False, find_unused_parameters=False, fix_batches_to_gpus=False, fixed_validation_seed=None, fp16=True, fp16_init_scale=128, fp16_scale_tolerance=0.0, fp16_scale_window=None, keep_interval_updates=-1, keep_last_epochs=-1, label_smoothing=0.2, layer_wise_attention=False, layernorm_embedding=False, lazy_load=False, left_pad_source='True', left_pad_target='False', load_alignments=False, log_format=None, log_interval=1000, lr=[0.001], lr_scheduler='inverse_sqrt', max_epoch=100, max_sentences=None, max_sentences_valid=None, max_source_positions=1024, max_target_positions=1024, max_tokens=4000, max_tokens_valid=4000, max_update=0, maximize_best_checkpoint_metric=False, memory_efficient_fp16=False, min_loss_scale=0.0001, min_lr=1e-09, no_cross_attention=False, no_epoch_checkpoints=False, no_last_checkpoints=False, no_progress_bar=False, no_save=False, no_save_optimizer_state=False, no_scale_embedding=False, no_token_positional_embeddings=False, num_workers=1, optimizer='adam', optimizer_overrides='{}', raw_text=False, required_batch_size_multiple=8, reset_dataloader=False, reset_lr_scheduler=False, reset_meters=False, reset_optimizer=False, restore_file='checkpoint_last.pt', save_dir='./checkpoints/2020-04-11T03-19-04-00-exp25-bpe7500-seed19/checkpoints_en_ne', save_interval=10, save_interval_updates=0, seed=19, sentence_avg=False, share_all_embeddings=True, share_decoder_input_output_embed=False, skip_invalid_size_inputs_valid_test=False, source_lang='en', target_lang='ne', task='translation', tensorboard_logdir='', threshold_loss_scale=None, tokenizer=None, train_subset='train', truncate_source=False, update_freq=[4], upsample_primary=1, use_bmuf=False, user_dir=None, valid_subset='valid', validate_interval=1, warmup_init_lr=1e-07, warmup_updates=4000, weight_decay=0.0001)
| [en] dictionary: 7496 types
| [ne] dictionary: 7496 types
| loaded 2559 examples from: data-bin/wiki_ne_en_bpe7500/valid.ne-en.en
| loaded 2559 examples from: data-bin/wiki_ne_en_bpe7500/valid.ne-en.ne
| data-bin/wiki_ne_en_bpe7500/ valid en-ne 2559 examples
TransformerModel(
  (encoder): TransformerEncoder(
    (embed_tokens): Embedding(7496, 512, padding_idx=1)
    (embed_positions): SinusoidalPositionalEmbedding()
    (layers): ModuleList(
      (0): TransformerEncoderLayer(
        (self_attn): MultiheadAttention(
          (k_proj): Linear(in_features=512, out_features=512, bias=True)
          (v_proj): Linear(in_features=512, out_features=512, bias=True)
          (q_proj): Linear(in_features=512, out_features=512, bias=True)
          (out_proj): Linear(in_features=512, out_features=512, bias=True)
        )
        (self_attn_layer_norm): LayerNorm((512,), eps=1e-05, elementwise_affine=True)
        (fc1): Linear(in_features=512, out_features=2048, bias=True)
        (fc2): Linear(in_features=2048, out_features=512, bias=True)
        (final_layer_norm): LayerNorm((512,), eps=1e-05, elementwise_affine=True)
      )
      (1): TransformerEncoderLayer(
        (self_attn): MultiheadAttention(
          (k_proj): Linear(in_features=512, out_features=512, bias=True)
          (v_proj): Linear(in_features=512, out_features=512, bias=True)
          (q_proj): Linear(in_features=512, out_features=512, bias=True)
          (out_proj): Linear(in_features=512, out_features=512, bias=True)
        )
        (self_attn_layer_norm): LayerNorm((512,), eps=1e-05, elementwise_affine=True)
        (fc1): Linear(in_features=512, out_features=2048, bias=True)
        (fc2): Linear(in_features=2048, out_features=512, bias=True)
        (final_layer_norm): LayerNorm((512,), eps=1e-05, elementwise_affine=True)
      )
      (2): TransformerEncoderLayer(
        (self_attn): MultiheadAttention(
          (k_proj): Linear(in_features=512, out_features=512, bias=True)
          (v_proj): Linear(in_features=512, out_features=512, bias=True)
          (q_proj): Linear(in_features=512, out_features=512, bias=True)
          (out_proj): Linear(in_features=512, out_features=512, bias=True)
        )
        (self_attn_layer_norm): LayerNorm((512,), eps=1e-05, elementwise_affine=True)
        (fc1): Linear(in_features=512, out_features=2048, bias=True)
        (fc2): Linear(in_features=2048, out_features=512, bias=True)
        (final_layer_norm): LayerNorm((512,), eps=1e-05, elementwise_affine=True)
      )
      (3): TransformerEncoderLayer(
        (self_attn): MultiheadAttention(
          (k_proj): Linear(in_features=512, out_features=512, bias=True)
          (v_proj): Linear(in_features=512, out_features=512, bias=True)
          (q_proj): Linear(in_features=512, out_features=512, bias=True)
          (out_proj): Linear(in_features=512, out_features=512, bias=True)
        )
        (self_attn_layer_norm): LayerNorm((512,), eps=1e-05, elementwise_affine=True)
        (fc1): Linear(in_features=512, out_features=2048, bias=True)
        (fc2): Linear(in_features=2048, out_features=512, bias=True)
        (final_layer_norm): LayerNorm((512,), eps=1e-05, elementwise_affine=True)
      )
      (4): TransformerEncoderLayer(
        (self_attn): MultiheadAttention(
          (k_proj): Linear(in_features=512, out_features=512, bias=True)
          (v_proj): Linear(in_features=512, out_features=512, bias=True)
          (q_proj): Linear(in_features=512, out_features=512, bias=True)
          (out_proj): Linear(in_features=512, out_features=512, bias=True)
        )
        (self_attn_layer_norm): LayerNorm((512,), eps=1e-05, elementwise_affine=True)
        (fc1): Linear(in_features=512, out_features=2048, bias=True)
        (fc2): Linear(in_features=2048, out_features=512, bias=True)
        (final_layer_norm): LayerNorm((512,), eps=1e-05, elementwise_affine=True)
      )
    )
    (layer_norm): LayerNorm((512,), eps=1e-05, elementwise_affine=True)
  )
  (decoder): TransformerDecoder(
    (embed_tokens): Embedding(7496, 512, padding_idx=1)
    (embed_positions): SinusoidalPositionalEmbedding()
    (layers): ModuleList(
      (0): TransformerDecoderLayer(
        (self_attn): MultiheadAttention(
          (k_proj): Linear(in_features=512, out_features=512, bias=True)
          (v_proj): Linear(in_features=512, out_features=512, bias=True)
          (q_proj): Linear(in_features=512, out_features=512, bias=True)
          (out_proj): Linear(in_features=512, out_features=512, bias=True)
        )
        (self_attn_layer_norm): LayerNorm((512,), eps=1e-05, elementwise_affine=True)
        (encoder_attn): MultiheadAttention(
          (k_proj): Linear(in_features=512, out_features=512, bias=True)
          (v_proj): Linear(in_features=512, out_features=512, bias=True)
          (q_proj): Linear(in_features=512, out_features=512, bias=True)
          (out_proj): Linear(in_features=512, out_features=512, bias=True)
        )
        (encoder_attn_layer_norm): LayerNorm((512,), eps=1e-05, elementwise_affine=True)
        (fc1): Linear(in_features=512, out_features=2048, bias=True)
        (fc2): Linear(in_features=2048, out_features=512, bias=True)
        (final_layer_norm): LayerNorm((512,), eps=1e-05, elementwise_affine=True)
      )
      (1): TransformerDecoderLayer(
        (self_attn): MultiheadAttention(
          (k_proj): Linear(in_features=512, out_features=512, bias=True)
          (v_proj): Linear(in_features=512, out_features=512, bias=True)
          (q_proj): Linear(in_features=512, out_features=512, bias=True)
          (out_proj): Linear(in_features=512, out_features=512, bias=True)
        )
        (self_attn_layer_norm): LayerNorm((512,), eps=1e-05, elementwise_affine=True)
        (encoder_attn): MultiheadAttention(
          (k_proj): Linear(in_features=512, out_features=512, bias=True)
          (v_proj): Linear(in_features=512, out_features=512, bias=True)
          (q_proj): Linear(in_features=512, out_features=512, bias=True)
          (out_proj): Linear(in_features=512, out_features=512, bias=True)
        )
        (encoder_attn_layer_norm): LayerNorm((512,), eps=1e-05, elementwise_affine=True)
        (fc1): Linear(in_features=512, out_features=2048, bias=True)
        (fc2): Linear(in_features=2048, out_features=512, bias=True)
        (final_layer_norm): LayerNorm((512,), eps=1e-05, elementwise_affine=True)
      )
      (2): TransformerDecoderLayer(
        (self_attn): MultiheadAttention(
          (k_proj): Linear(in_features=512, out_features=512, bias=True)
          (v_proj): Linear(in_features=512, out_features=512, bias=True)
          (q_proj): Linear(in_features=512, out_features=512, bias=True)
          (out_proj): Linear(in_features=512, out_features=512, bias=True)
        )
        (self_attn_layer_norm): LayerNorm((512,), eps=1e-05, elementwise_affine=True)
        (encoder_attn): MultiheadAttention(
          (k_proj): Linear(in_features=512, out_features=512, bias=True)
          (v_proj): Linear(in_features=512, out_features=512, bias=True)
          (q_proj): Linear(in_features=512, out_features=512, bias=True)
          (out_proj): Linear(in_features=512, out_features=512, bias=True)
        )
        (encoder_attn_layer_norm): LayerNorm((512,), eps=1e-05, elementwise_affine=True)
        (fc1): Linear(in_features=512, out_features=2048, bias=True)
        (fc2): Linear(in_features=2048, out_features=512, bias=True)
        (final_layer_norm): LayerNorm((512,), eps=1e-05, elementwise_affine=True)
      )
      (3): TransformerDecoderLayer(
        (self_attn): MultiheadAttention(
          (k_proj): Linear(in_features=512, out_features=512, bias=True)
          (v_proj): Linear(in_features=512, out_features=512, bias=True)
          (q_proj): Linear(in_features=512, out_features=512, bias=True)
          (out_proj): Linear(in_features=512, out_features=512, bias=True)
        )
        (self_attn_layer_norm): LayerNorm((512,), eps=1e-05, elementwise_affine=True)
        (encoder_attn): MultiheadAttention(
          (k_proj): Linear(in_features=512, out_features=512, bias=True)
          (v_proj): Linear(in_features=512, out_features=512, bias=True)
          (q_proj): Linear(in_features=512, out_features=512, bias=True)
          (out_proj): Linear(in_features=512, out_features=512, bias=True)
        )
        (encoder_attn_layer_norm): LayerNorm((512,), eps=1e-05, elementwise_affine=True)
        (fc1): Linear(in_features=512, out_features=2048, bias=True)
        (fc2): Linear(in_features=2048, out_features=512, bias=True)
        (final_layer_norm): LayerNorm((512,), eps=1e-05, elementwise_affine=True)
      )
      (4): TransformerDecoderLayer(
        (self_attn): MultiheadAttention(
          (k_proj): Linear(in_features=512, out_features=512, bias=True)
          (v_proj): Linear(in_features=512, out_features=512, bias=True)
          (q_proj): Linear(in_features=512, out_features=512, bias=True)
          (out_proj): Linear(in_features=512, out_features=512, bias=True)
        )
        (self_attn_layer_norm): LayerNorm((512,), eps=1e-05, elementwise_affine=True)
        (encoder_attn): MultiheadAttention(
          (k_proj): Linear(in_features=512, out_features=512, bias=True)
          (v_proj): Linear(in_features=512, out_features=512, bias=True)
          (q_proj): Linear(in_features=512, out_features=512, bias=True)
          (out_proj): Linear(in_features=512, out_features=512, bias=True)
        )
        (encoder_attn_layer_norm): LayerNorm((512,), eps=1e-05, elementwise_affine=True)
        (fc1): Linear(in_features=512, out_features=2048, bias=True)
        (fc2): Linear(in_features=2048, out_features=512, bias=True)
        (final_layer_norm): LayerNorm((512,), eps=1e-05, elementwise_affine=True)
      )
    )
    (layer_norm): LayerNorm((512,), eps=1e-05, elementwise_affine=True)
  )
)
| model transformer, criterion LabelSmoothedCrossEntropyCriterion
| num. model params: 40622080 (num. trained: 40622080)
| training on 1 GPUs
| max tokens per GPU = 4000 and max sentences per GPU = None
| no existing checkpoint found ./checkpoints/2020-04-11T03-19-04-00-exp25-bpe7500-seed19/checkpoints_en_ne/checkpoint_last.pt
| loading train data for epoch 0
| loaded 563820 examples from: data-bin/wiki_ne_en_bpe7500/train.ne-en.en
| loaded 563820 examples from: data-bin/wiki_ne_en_bpe7500/train.ne-en.ne
| data-bin/wiki_ne_en_bpe7500/ train en-ne 563820 examples
| WARNING: overflow detected, setting loss scale to: 64.0
| WARNING: overflow detected, setting loss scale to: 32.0
| WARNING: overflow detected, setting loss scale to: 16.0
| WARNING: overflow detected, setting loss scale to: 8.0
| epoch 001 | loss 11.142 | nll_loss 10.422 | ppl 1372.35 | wps 53431 | ups 4 | wpb 13132.795 | bsz 1065.251 | num_updates 521 | lr 0.000130337 | gnorm 1.014 | clip 1.000 | oom 0.000 | loss_scale 8.000 | wall 128 | train_wall 96
| epoch 001 | valid on 'valid' subset | loss 10.857 | nll_loss 9.952 | ppl 990.39 | num_updates 521
| epoch 002 | loss 9.451 | nll_loss 8.147 | ppl 283.52 | wps 55903 | ups 4 | wpb 13138.522 | bsz 1073.943 | num_updates 1046 | lr 0.000261574 | gnorm 0.696 | clip 1.000 | oom 0.000 | loss_scale 8.000 | wall 252 | train_wall 192
| epoch 002 | valid on 'valid' subset | loss 10.023 | nll_loss 8.731 | ppl 424.77 | num_updates 1046
| epoch 003 | loss 8.261 | nll_loss 6.554 | ppl 93.97 | wps 56071 | ups 4 | wpb 13138.522 | bsz 1073.943 | num_updates 1571 | lr 0.000392811 | gnorm 0.578 | clip 1.000 | oom 0.000 | loss_scale 8.000 | wall 376 | train_wall 288
| epoch 003 | valid on 'valid' subset | loss 9.711 | nll_loss 8.200 | ppl 294.11 | num_updates 1571
| epoch 004 | loss 7.524 | nll_loss 5.570 | ppl 47.5 | wps 56429 | ups 4 | wpb 13138.522 | bsz 1073.943 | num_updates 2096 | lr 0.000524048 | gnorm 0.510 | clip 1.000 | oom 0.000 | loss_scale 8.000 | wall 499 | train_wall 385
| epoch 004 | valid on 'valid' subset | loss 9.413 | nll_loss 7.839 | ppl 228.93 | num_updates 2096
| epoch 005 | loss 7.085 | nll_loss 4.989 | ppl 31.75 | wps 55866 | ups 4 | wpb 13138.522 | bsz 1073.943 | num_updates 2621 | lr 0.000655284 | gnorm 0.472 | clip 1.000 | oom 0.000 | loss_scale 8.000 | wall 623 | train_wall 482
| epoch 005 | valid on 'valid' subset | loss 9.256 | nll_loss 7.591 | ppl 192.84 | num_updates 2621
| epoch 006 | loss 6.787 | nll_loss 4.599 | ppl 24.24 | wps 56960 | ups 4 | wpb 13138.522 | bsz 1073.943 | num_updates 3146 | lr 0.000786521 | gnorm 0.430 | clip 1.000 | oom 0.000 | loss_scale 8.000 | wall 745 | train_wall 576
| epoch 006 | valid on 'valid' subset | loss 9.105 | nll_loss 7.410 | ppl 170.08 | num_updates 3146
| epoch 007 | loss 6.577 | nll_loss 4.324 | ppl 20.03 | wps 57173 | ups 4 | wpb 13138.522 | bsz 1073.943 | num_updates 3671 | lr 0.000917758 | gnorm 0.401 | clip 1.000 | oom 0.000 | loss_scale 8.000 | wall 866 | train_wall 669
| epoch 007 | valid on 'valid' subset | loss 8.973 | nll_loss 7.223 | ppl 149.42 | num_updates 3671
| epoch 008 | loss 6.426 | nll_loss 4.129 | ppl 17.5 | wps 56029 | ups 4 | wpb 13138.522 | bsz 1073.943 | num_updates 4196 | lr 0.000976365 | gnorm 0.370 | clip 1.000 | oom 0.000 | loss_scale 8.000 | wall 990 | train_wall 766
| epoch 008 | valid on 'valid' subset | loss 8.929 | nll_loss 7.143 | ppl 141.32 | num_updates 4196
| epoch 009 | loss 6.270 | nll_loss 3.928 | ppl 15.23 | wps 56326 | ups 4 | wpb 13138.522 | bsz 1073.943 | num_updates 4721 | lr 0.000920477 | gnorm 0.341 | clip 1.000 | oom 0.000 | loss_scale 16.000 | wall 1113 | train_wall 862
| epoch 009 | valid on 'valid' subset | loss 8.759 | nll_loss 6.955 | ppl 124.08 | num_updates 4721
| epoch 010 | loss 6.142 | nll_loss 3.764 | ppl 13.59 | wps 56184 | ups 4 | wpb 13138.522 | bsz 1073.943 | num_updates 5246 | lr 0.000873204 | gnorm 0.316 | clip 1.000 | oom 0.000 | loss_scale 16.000 | wall 1236 | train_wall 958
| epoch 010 | valid on 'valid' subset | loss 8.672 | nll_loss 6.814 | ppl 112.5 | num_updates 5246
| saved checkpoint ./checkpoints/2020-04-11T03-19-04-00-exp25-bpe7500-seed19/checkpoints_en_ne/checkpoint10.pt (epoch 10 @ 5246 updates) (writing took 0.8474204540252686 seconds)
| epoch 011 | loss 6.039 | nll_loss 3.631 | ppl 12.39 | wps 57145 | ups 4 | wpb 13138.522 | bsz 1073.943 | num_updates 5771 | lr 0.000832539 | gnorm 0.303 | clip 1.000 | oom 0.000 | loss_scale 16.000 | wall 1358 | train_wall 1052
| epoch 011 | valid on 'valid' subset | loss 8.588 | nll_loss 6.698 | ppl 103.8 | num_updates 5771 | best_loss 8.58798
| epoch 012 | loss 5.958 | nll_loss 3.528 | ppl 11.53 | wps 56602 | ups 4 | wpb 13138.522 | bsz 1073.943 | num_updates 6296 | lr 0.000797072 | gnorm 0.291 | clip 1.000 | oom 0.000 | loss_scale 16.000 | wall 1481 | train_wall 1146
| epoch 012 | valid on 'valid' subset | loss 8.564 | nll_loss 6.652 | ppl 100.54 | num_updates 6296 | best_loss 8.56355
| epoch 013 | loss 5.890 | nll_loss 3.440 | ppl 10.85 | wps 56058 | ups 4 | wpb 13138.522 | bsz 1073.943 | num_updates 6821 | lr 0.000765783 | gnorm 0.282 | clip 1.000 | oom 0.000 | loss_scale 16.000 | wall 1605 | train_wall 1243
| epoch 013 | valid on 'valid' subset | loss 8.518 | nll_loss 6.623 | ppl 98.55 | num_updates 6821 | best_loss 8.51802
| epoch 014 | loss 5.833 | nll_loss 3.367 | ppl 10.31 | wps 56354 | ups 4 | wpb 13138.522 | bsz 1073.943 | num_updates 7346 | lr 0.000737912 | gnorm 0.272 | clip 1.000 | oom 0.000 | loss_scale 16.000 | wall 1728 | train_wall 1339
| epoch 014 | valid on 'valid' subset | loss 8.460 | nll_loss 6.535 | ppl 92.71 | num_updates 7346 | best_loss 8.45965
| epoch 015 | loss 5.783 | nll_loss 3.302 | ppl 9.86 | wps 56445 | ups 4 | wpb 13138.522 | bsz 1073.943 | num_updates 7871 | lr 0.000712878 | gnorm 0.266 | clip 1.000 | oom 0.000 | loss_scale 16.000 | wall 1851 | train_wall 1435
| epoch 015 | valid on 'valid' subset | loss 8.471 | nll_loss 6.511 | ppl 91.19 | num_updates 7871 | best_loss 8.47147
| epoch 016 | loss 5.739 | nll_loss 3.246 | ppl 9.49 | wps 56192 | ups 4 | wpb 13138.522 | bsz 1073.943 | num_updates 8396 | lr 0.00069023 | gnorm 0.261 | clip 1.000 | oom 0.000 | loss_scale 32.000 | wall 1974 | train_wall 1531
| epoch 016 | valid on 'valid' subset | loss 8.400 | nll_loss 6.453 | ppl 87.63 | num_updates 8396 | best_loss 8.39988
| epoch 017 | loss 5.703 | nll_loss 3.199 | ppl 9.18 | wps 57330 | ups 4 | wpb 13138.522 | bsz 1073.943 | num_updates 8921 | lr 0.000669612 | gnorm 0.260 | clip 1.000 | oom 0.000 | loss_scale 32.000 | wall 2095 | train_wall 1625
| epoch 017 | valid on 'valid' subset | loss 8.341 | nll_loss 6.390 | ppl 83.86 | num_updates 8921 | best_loss 8.34124
| epoch 018 | loss 5.668 | nll_loss 3.156 | ppl 8.91 | wps 57213 | ups 4 | wpb 13138.522 | bsz 1073.943 | num_updates 9446 | lr 0.000650738 | gnorm 0.257 | clip 1.000 | oom 0.000 | loss_scale 32.000 | wall 2216 | train_wall 1720
| epoch 018 | valid on 'valid' subset | loss 8.323 | nll_loss 6.361 | ppl 82.19 | num_updates 9446 | best_loss 8.32293
| WARNING: overflow detected, setting loss scale to: 16.0
| epoch 019 | loss 5.638 | nll_loss 3.116 | ppl 8.67 | wps 56765 | ups 4 | wpb 13137.277 | bsz 1068.969 | num_updates 9970 | lr 0.000633406 | gnorm 0.253 | clip 1.000 | oom 0.000 | loss_scale 16.000 | wall 2338 | train_wall 1815
| epoch 019 | valid on 'valid' subset | loss 8.346 | nll_loss 6.366 | ppl 82.5 | num_updates 9970 | best_loss 8.34607
| epoch 020 | loss 5.610 | nll_loss 3.080 | ppl 8.46 | wps 56315 | ups 4 | wpb 13138.522 | bsz 1073.943 | num_updates 10495 | lr 0.00061736 | gnorm 0.252 | clip 1.000 | oom 0.000 | loss_scale 16.000 | wall 2461 | train_wall 1911
| epoch 020 | valid on 'valid' subset | loss 8.306 | nll_loss 6.326 | ppl 80.21 | num_updates 10495 | best_loss 8.30626
| saved checkpoint ./checkpoints/2020-04-11T03-19-04-00-exp25-bpe7500-seed19/checkpoints_en_ne/checkpoint20.pt (epoch 20 @ 10495 updates) (writing took 1.3429877758026123 seconds)
| epoch 021 | loss 5.583 | nll_loss 3.045 | ppl 8.26 | wps 55921 | ups 4 | wpb 13138.522 | bsz 1073.943 | num_updates 11020 | lr 0.000602475 | gnorm 0.248 | clip 1.000 | oom 0.000 | loss_scale 16.000 | wall 2587 | train_wall 2008
| epoch 021 | valid on 'valid' subset | loss 8.289 | nll_loss 6.293 | ppl 78.39 | num_updates 11020 | best_loss 8.28937
| epoch 022 | loss 5.559 | nll_loss 3.015 | ppl 8.09 | wps 57000 | ups 4 | wpb 13138.522 | bsz 1073.943 | num_updates 11545 | lr 0.000588617 | gnorm 0.247 | clip 1.000 | oom 0.000 | loss_scale 16.000 | wall 2708 | train_wall 2102
| epoch 022 | valid on 'valid' subset | loss 8.264 | nll_loss 6.266 | ppl 76.98 | num_updates 11545 | best_loss 8.26436
| epoch 023 | loss 5.538 | nll_loss 2.989 | ppl 7.94 | wps 56370 | ups 4 | wpb 13138.522 | bsz 1073.943 | num_updates 12070 | lr 0.000575674 | gnorm 0.245 | clip 1.000 | oom 0.000 | loss_scale 16.000 | wall 2831 | train_wall 2197
| epoch 023 | valid on 'valid' subset | loss 8.229 | nll_loss 6.231 | ppl 75.13 | num_updates 12070 | best_loss 8.22946
| epoch 024 | loss 5.517 | nll_loss 2.961 | ppl 7.79 | wps 55734 | ups 4 | wpb 13138.522 | bsz 1073.943 | num_updates 12595 | lr 0.000563548 | gnorm 0.244 | clip 1.000 | oom 0.000 | loss_scale 16.000 | wall 2956 | train_wall 2294
| epoch 024 | valid on 'valid' subset | loss 8.218 | nll_loss 6.218 | ppl 74.44 | num_updates 12595 | best_loss 8.21828
| epoch 025 | loss 5.500 | nll_loss 2.939 | ppl 7.67 | wps 55696 | ups 4 | wpb 13138.522 | bsz 1073.943 | num_updates 13120 | lr 0.000552158 | gnorm 0.245 | clip 1.000 | oom 0.000 | loss_scale 16.000 | wall 3080 | train_wall 2390
| epoch 025 | valid on 'valid' subset | loss 8.223 | nll_loss 6.215 | ppl 74.29 | num_updates 13120 | best_loss 8.2231
| epoch 026 | loss 5.482 | nll_loss 2.916 | ppl 7.55 | wps 55681 | ups 4 | wpb 13138.522 | bsz 1073.943 | num_updates 13645 | lr 0.000541431 | gnorm 0.243 | clip 1.000 | oom 0.000 | loss_scale 16.000 | wall 3205 | train_wall 2486
| epoch 026 | valid on 'valid' subset | loss 8.183 | nll_loss 6.173 | ppl 72.13 | num_updates 13645 | best_loss 8.18291
| epoch 027 | loss 5.466 | nll_loss 2.895 | ppl 7.44 | wps 55669 | ups 4 | wpb 13138.522 | bsz 1073.943 | num_updates 14170 | lr 0.000531306 | gnorm 0.240 | clip 1.000 | oom 0.000 | loss_scale 32.000 | wall 3329 | train_wall 2582
| epoch 027 | valid on 'valid' subset | loss 8.195 | nll_loss 6.174 | ppl 72.21 | num_updates 14170 | best_loss 8.19522
| epoch 028 | loss 5.451 | nll_loss 2.877 | ppl 7.34 | wps 56539 | ups 4 | wpb 13138.522 | bsz 1073.943 | num_updates 14695 | lr 0.000521729 | gnorm 0.243 | clip 1.000 | oom 0.000 | loss_scale 32.000 | wall 3452 | train_wall 2678
| epoch 028 | valid on 'valid' subset | loss 8.213 | nll_loss 6.196 | ppl 73.34 | num_updates 14695 | best_loss 8.21301
| epoch 029 | loss 5.436 | nll_loss 2.857 | ppl 7.25 | wps 55577 | ups 4 | wpb 13138.522 | bsz 1073.943 | num_updates 15220 | lr 0.000512652 | gnorm 0.240 | clip 1.000 | oom 0.000 | loss_scale 32.000 | wall 3577 | train_wall 2775
| epoch 029 | valid on 'valid' subset | loss 8.173 | nll_loss 6.152 | ppl 71.11 | num_updates 15220 | best_loss 8.17269
| epoch 030 | loss 5.422 | nll_loss 2.840 | ppl 7.16 | wps 56263 | ups 4 | wpb 13138.522 | bsz 1073.943 | num_updates 15745 | lr 0.000504033 | gnorm 0.239 | clip 1.000 | oom 0.000 | loss_scale 32.000 | wall 3700 | train_wall 2870
| epoch 030 | valid on 'valid' subset | loss 8.181 | nll_loss 6.149 | ppl 70.98 | num_updates 15745 | best_loss 8.18085
| saved checkpoint ./checkpoints/2020-04-11T03-19-04-00-exp25-bpe7500-seed19/checkpoints_en_ne/checkpoint30.pt (epoch 30 @ 15745 updates) (writing took 1.1582555770874023 seconds)
| epoch 031 | loss 5.408 | nll_loss 2.821 | ppl 7.07 | wps 56529 | ups 4 | wpb 13138.522 | bsz 1073.943 | num_updates 16270 | lr 0.000495834 | gnorm 0.237 | clip 1.000 | oom 0.000 | loss_scale 32.000 | wall 3824 | train_wall 2965
| epoch 031 | valid on 'valid' subset | loss 8.180 | nll_loss 6.146 | ppl 70.83 | num_updates 16270 | best_loss 8.17977
| epoch 032 | loss 5.396 | nll_loss 2.806 | ppl 6.99 | wps 56112 | ups 4 | wpb 13138.522 | bsz 1073.943 | num_updates 16795 | lr 0.000488023 | gnorm 0.240 | clip 1.000 | oom 0.000 | loss_scale 32.000 | wall 3947 | train_wall 3062
| epoch 032 | valid on 'valid' subset | loss 8.153 | nll_loss 6.115 | ppl 69.29 | num_updates 16795 | best_loss 8.15312
| WARNING: overflow detected, setting loss scale to: 16.0
| epoch 033 | loss 5.387 | nll_loss 2.794 | ppl 6.94 | wps 55546 | ups 4 | wpb 13136.115 | bsz 1065.305 | num_updates 17319 | lr 0.000480583 | gnorm 0.236 | clip 1.000 | oom 0.000 | loss_scale 16.000 | wall 4072 | train_wall 3158
| epoch 033 | valid on 'valid' subset | loss 8.169 | nll_loss 6.127 | ppl 69.9 | num_updates 17319 | best_loss 8.16898
| epoch 034 | loss 5.372 | nll_loss 2.775 | ppl 6.85 | wps 56480 | ups 4 | wpb 13138.522 | bsz 1073.943 | num_updates 17844 | lr 0.000473461 | gnorm 0.235 | clip 1.000 | oom 0.000 | loss_scale 16.000 | wall 4195 | train_wall 3254
| epoch 034 | valid on 'valid' subset | loss 8.118 | nll_loss 6.076 | ppl 67.45 | num_updates 17844 | best_loss 8.1177
| epoch 035 | loss 5.361 | nll_loss 2.762 | ppl 6.78 | wps 55733 | ups 4 | wpb 13138.522 | bsz 1073.943 | num_updates 18369 | lr 0.000466646 | gnorm 0.237 | clip 1.000 | oom 0.000 | loss_scale 16.000 | wall 4319 | train_wall 3351
| epoch 035 | valid on 'valid' subset | loss 8.137 | nll_loss 6.075 | ppl 67.4 | num_updates 18369 | best_loss 8.13657
| epoch 036 | loss 5.351 | nll_loss 2.749 | ppl 6.72 | wps 56327 | ups 4 | wpb 13138.522 | bsz 1073.943 | num_updates 18894 | lr 0.000460117 | gnorm 0.237 | clip 1.000 | oom 0.000 | loss_scale 16.000 | wall 4442 | train_wall 3447
| epoch 036 | valid on 'valid' subset | loss 8.162 | nll_loss 6.114 | ppl 69.25 | num_updates 18894 | best_loss 8.16183
| epoch 037 | loss 5.342 | nll_loss 2.737 | ppl 6.67 | wps 55469 | ups 4 | wpb 13138.522 | bsz 1073.943 | num_updates 19419 | lr 0.000453854 | gnorm 0.236 | clip 1.000 | oom 0.000 | loss_scale 16.000 | wall 4567 | train_wall 3543
| epoch 037 | valid on 'valid' subset | loss 8.130 | nll_loss 6.082 | ppl 67.72 | num_updates 19419 | best_loss 8.12977
| epoch 038 | loss 5.331 | nll_loss 2.723 | ppl 6.6 | wps 56111 | ups 4 | wpb 13138.522 | bsz 1073.943 | num_updates 19944 | lr 0.000447841 | gnorm 0.233 | clip 1.000 | oom 0.000 | loss_scale 16.000 | wall 4691 | train_wall 3639
| epoch 038 | valid on 'valid' subset | loss 8.127 | nll_loss 6.072 | ppl 67.28 | num_updates 19944 | best_loss 8.12656
| epoch 039 | loss 5.323 | nll_loss 2.713 | ppl 6.56 | wps 56021 | ups 4 | wpb 13138.522 | bsz 1073.943 | num_updates 20469 | lr 0.00044206 | gnorm 0.233 | clip 1.000 | oom 0.000 | loss_scale 16.000 | wall 4815 | train_wall 3734
| epoch 039 | valid on 'valid' subset | loss 8.118 | nll_loss 6.059 | ppl 66.67 | num_updates 20469 | best_loss 8.11818
| epoch 040 | loss 5.314 | nll_loss 2.702 | ppl 6.51 | wps 56320 | ups 4 | wpb 13138.522 | bsz 1073.943 | num_updates 20994 | lr 0.000436498 | gnorm 0.235 | clip 1.000 | oom 0.000 | loss_scale 32.000 | wall 4938 | train_wall 3831
| epoch 040 | valid on 'valid' subset | loss 8.107 | nll_loss 6.059 | ppl 66.69 | num_updates 20994 | best_loss 8.10681
| saved checkpoint ./checkpoints/2020-04-11T03-19-04-00-exp25-bpe7500-seed19/checkpoints_en_ne/checkpoint40.pt (epoch 40 @ 20994 updates) (writing took 1.3354527950286865 seconds)
| epoch 041 | loss 5.306 | nll_loss 2.691 | ppl 6.46 | wps 56262 | ups 4 | wpb 13138.522 | bsz 1073.943 | num_updates 21519 | lr 0.000431141 | gnorm 0.236 | clip 1.000 | oom 0.000 | loss_scale 32.000 | wall 5063 | train_wall 3926
| epoch 041 | valid on 'valid' subset | loss 8.082 | nll_loss 6.036 | ppl 65.6 | num_updates 21519 | best_loss 8.08193
| epoch 042 | loss 5.298 | nll_loss 2.681 | ppl 6.41 | wps 55921 | ups 4 | wpb 13138.522 | bsz 1073.943 | num_updates 22044 | lr 0.000425976 | gnorm 0.235 | clip 1.000 | oom 0.000 | loss_scale 32.000 | wall 5186 | train_wall 4022
| epoch 042 | valid on 'valid' subset | loss 8.092 | nll_loss 6.044 | ppl 65.96 | num_updates 22044 | best_loss 8.0924
| epoch 043 | loss 5.290 | nll_loss 2.670 | ppl 6.36 | wps 55736 | ups 4 | wpb 13138.522 | bsz 1073.943 | num_updates 22569 | lr 0.000420992 | gnorm 0.235 | clip 1.000 | oom 0.000 | loss_scale 32.000 | wall 5311 | train_wall 4118
| epoch 043 | valid on 'valid' subset | loss 8.090 | nll_loss 6.030 | ppl 65.34 | num_updates 22569 | best_loss 8.09017
| epoch 044 | loss 5.283 | nll_loss 2.661 | ppl 6.32 | wps 56355 | ups 4 | wpb 13138.522 | bsz 1073.943 | num_updates 23094 | lr 0.000416179 | gnorm 0.235 | clip 1.000 | oom 0.000 | loss_scale 32.000 | wall 5434 | train_wall 4215
| epoch 044 | valid on 'valid' subset | loss 8.104 | nll_loss 6.047 | ppl 66.14 | num_updates 23094 | best_loss 8.10443
| epoch 045 | loss 5.276 | nll_loss 2.652 | ppl 6.28 | wps 56317 | ups 4 | wpb 13138.522 | bsz 1073.943 | num_updates 23619 | lr 0.000411528 | gnorm 0.233 | clip 1.000 | oom 0.000 | loss_scale 32.000 | wall 5557 | train_wall 4311
| epoch 045 | valid on 'valid' subset | loss 8.088 | nll_loss 6.024 | ppl 65.09 | num_updates 23619 | best_loss 8.08785
| epoch 046 | loss 5.268 | nll_loss 2.643 | ppl 6.25 | wps 56923 | ups 4 | wpb 13138.522 | bsz 1073.943 | num_updates 24144 | lr 0.000407029 | gnorm 0.235 | clip 1.000 | oom 0.000 | loss_scale 32.000 | wall 5679 | train_wall 4406
| epoch 046 | valid on 'valid' subset | loss 8.054 | nll_loss 5.995 | ppl 63.77 | num_updates 24144 | best_loss 8.05428
| epoch 047 | loss 5.263 | nll_loss 2.635 | ppl 6.21 | wps 56146 | ups 4 | wpb 13138.522 | bsz 1073.943 | num_updates 24669 | lr 0.000402675 | gnorm 0.234 | clip 1.000 | oom 0.000 | loss_scale 32.000 | wall 5803 | train_wall 4502
| epoch 047 | valid on 'valid' subset | loss 8.063 | nll_loss 6.007 | ppl 64.33 | num_updates 24669 | best_loss 8.06299
| WARNING: overflow detected, setting loss scale to: 32.0
| epoch 048 | loss 5.256 | nll_loss 2.627 | ppl 6.18 | wps 56252 | ups 4 | wpb 13139.884 | bsz 1070.008 | num_updates 25193 | lr 0.000398465 | gnorm 0.233 | clip 1.000 | oom 0.000 | loss_scale 32.000 | wall 5926 | train_wall 4599
| epoch 048 | valid on 'valid' subset | loss 8.093 | nll_loss 6.021 | ppl 64.96 | num_updates 25193 | best_loss 8.09318
| epoch 049 | loss 5.249 | nll_loss 2.618 | ppl 6.14 | wps 56501 | ups 4 | wpb 13138.522 | bsz 1073.943 | num_updates 25718 | lr 0.000394377 | gnorm 0.233 | clip 1.000 | oom 0.000 | loss_scale 32.000 | wall 6048 | train_wall 4695
| epoch 049 | valid on 'valid' subset | loss 8.087 | nll_loss 6.022 | ppl 64.97 | num_updates 25718 | best_loss 8.0871
| epoch 050 | loss 5.243 | nll_loss 2.610 | ppl 6.1 | wps 56480 | ups 4 | wpb 13138.522 | bsz 1073.943 | num_updates 26243 | lr 0.000390412 | gnorm 0.234 | clip 1.000 | oom 0.000 | loss_scale 32.000 | wall 6171 | train_wall 4791
| epoch 050 | valid on 'valid' subset | loss 8.064 | nll_loss 6.001 | ppl 64.02 | num_updates 26243 | best_loss 8.06395
| saved checkpoint ./checkpoints/2020-04-11T03-19-04-00-exp25-bpe7500-seed19/checkpoints_en_ne/checkpoint50.pt (epoch 50 @ 26243 updates) (writing took 1.1290311813354492 seconds)
| epoch 051 | loss 5.236 | nll_loss 2.602 | ppl 6.07 | wps 56030 | ups 4 | wpb 13138.522 | bsz 1073.943 | num_updates 26768 | lr 0.000386565 | gnorm 0.233 | clip 1.000 | oom 0.000 | loss_scale 32.000 | wall 6296 | train_wall 4888
| epoch 051 | valid on 'valid' subset | loss 8.052 | nll_loss 5.988 | ppl 63.45 | num_updates 26768 | best_loss 8.05243
| epoch 052 | loss 5.231 | nll_loss 2.595 | ppl 6.04 | wps 56825 | ups 4 | wpb 13138.522 | bsz 1073.943 | num_updates 27293 | lr 0.000382829 | gnorm 0.232 | clip 1.000 | oom 0.000 | loss_scale 32.000 | wall 6418 | train_wall 4984
| epoch 052 | valid on 'valid' subset | loss 8.044 | nll_loss 5.980 | ppl 63.13 | num_updates 27293 | best_loss 8.04366
| epoch 053 | loss 5.225 | nll_loss 2.587 | ppl 6.01 | wps 56329 | ups 4 | wpb 13138.522 | bsz 1073.943 | num_updates 27818 | lr 0.000379199 | gnorm 0.232 | clip 1.000 | oom 0.000 | loss_scale 32.000 | wall 6541 | train_wall 5080
| epoch 053 | valid on 'valid' subset | loss 8.072 | nll_loss 5.997 | ppl 63.86 | num_updates 27818 | best_loss 8.06395
| epoch 054 | loss 5.220 | nll_loss 2.581 | ppl 5.98 | wps 56220 | ups 4 | wpb 13138.522 | bsz 1073.943 | num_updates 28343 | lr 0.00037567 | gnorm 0.232 | clip 1.000 | oom 0.000 | loss_scale 32.000 | wall 6665 | train_wall 5176
| epoch 054 | valid on 'valid' subset | loss 8.039 | nll_loss 5.971 | ppl 62.74 | num_updates 28343 | best_loss 8.0394
| epoch 055 | loss 5.214 | nll_loss 2.573 | ppl 5.95 | wps 56165 | ups 4 | wpb 13138.522 | bsz 1073.943 | num_updates 28868 | lr 0.000372239 | gnorm 0.234 | clip 1.000 | oom 0.000 | loss_scale 32.000 | wall 6788 | train_wall 5272
| epoch 055 | valid on 'valid' subset | loss 8.050 | nll_loss 5.979 | ppl 63.07 | num_updates 28868 | best_loss 8.05023
| WARNING: overflow detected, setting loss scale to: 32.0
| epoch 056 | loss 5.210 | nll_loss 2.568 | ppl 5.93 | wps 55411 | ups 4 | wpb 13140.149 | bsz 1073.947 | num_updates 29392 | lr 0.000368906 | gnorm 0.234 | clip 1.000 | oom 0.000 | loss_scale 32.000 | wall 6913 | train_wall 5369
| epoch 056 | valid on 'valid' subset | loss 8.059 | nll_loss 5.985 | ppl 63.32 | num_updates 29392 | best_loss 8.05908
| WARNING: overflow detected, setting loss scale to: 16.0
| epoch 057 | loss 5.203 | nll_loss 2.560 | ppl 5.9 | wps 55684 | ups 4 | wpb 13136.403 | bsz 1074.878 | num_updates 29916 | lr 0.000365661 | gnorm 0.233 | clip 1.000 | oom 0.000 | loss_scale 16.000 | wall 7037 | train_wall 5466
| epoch 057 | valid on 'valid' subset | loss 8.061 | nll_loss 5.988 | ppl 63.46 | num_updates 29916 | best_loss 8.06085
| epoch 058 | loss 5.199 | nll_loss 2.554 | ppl 5.87 | wps 56006 | ups 4 | wpb 13138.522 | bsz 1073.943 | num_updates 30441 | lr 0.000362494 | gnorm 0.235 | clip 1.000 | oom 0.000 | loss_scale 16.000 | wall 7161 | train_wall 5562
| epoch 058 | valid on 'valid' subset | loss 8.054 | nll_loss 5.979 | ppl 63.09 | num_updates 30441 | best_loss 8.05397
| epoch 059 | loss 5.195 | nll_loss 2.549 | ppl 5.85 | wps 55650 | ups 4 | wpb 13138.522 | bsz 1073.943 | num_updates 30966 | lr 0.000359408 | gnorm 0.233 | clip 1.000 | oom 0.000 | loss_scale 16.000 | wall 7286 | train_wall 5658
| epoch 059 | valid on 'valid' subset | loss 8.065 | nll_loss 5.992 | ppl 63.62 | num_updates 30966 | best_loss 8.06395
| epoch 060 | loss 5.190 | nll_loss 2.542 | ppl 5.82 | wps 56431 | ups 4 | wpb 13138.522 | bsz 1073.943 | num_updates 31491 | lr 0.000356399 | gnorm 0.233 | clip 1.000 | oom 0.000 | loss_scale 16.000 | wall 7409 | train_wall 5754
| epoch 060 | valid on 'valid' subset | loss 8.021 | nll_loss 5.947 | ppl 61.7 | num_updates 31491 | best_loss 8.02134
| saved checkpoint ./checkpoints/2020-04-11T03-19-04-00-exp25-bpe7500-seed19/checkpoints_en_ne/checkpoint60.pt (epoch 60 @ 31491 updates) (writing took 1.4800620079040527 seconds)
| epoch 061 | loss 5.184 | nll_loss 2.535 | ppl 5.8 | wps 56644 | ups 4 | wpb 13138.522 | bsz 1073.943 | num_updates 32016 | lr 0.000353465 | gnorm 0.233 | clip 1.000 | oom 0.000 | loss_scale 16.000 | wall 7533 | train_wall 5850
| epoch 061 | valid on 'valid' subset | loss 8.017 | nll_loss 5.940 | ppl 61.4 | num_updates 32016 | best_loss 8.01665
| epoch 062 | loss 5.181 | nll_loss 2.532 | ppl 5.78 | wps 56422 | ups 4 | wpb 13138.522 | bsz 1073.943 | num_updates 32541 | lr 0.000350602 | gnorm 0.234 | clip 1.000 | oom 0.000 | loss_scale 16.000 | wall 7655 | train_wall 5946
| epoch 062 | valid on 'valid' subset | loss 8.010 | nll_loss 5.929 | ppl 60.93 | num_updates 32541 | best_loss 8.00956
| epoch 063 | loss 5.177 | nll_loss 2.526 | ppl 5.76 | wps 56058 | ups 4 | wpb 13138.522 | bsz 1073.943 | num_updates 33066 | lr 0.000347808 | gnorm 0.234 | clip 1.000 | oom 0.000 | loss_scale 16.000 | wall 7779 | train_wall 6042
| epoch 063 | valid on 'valid' subset | loss 8.048 | nll_loss 5.966 | ppl 62.53 | num_updates 33066 | best_loss 8.02134
| epoch 064 | loss 5.172 | nll_loss 2.520 | ppl 5.73 | wps 55884 | ups 4 | wpb 13138.522 | bsz 1073.943 | num_updates 33591 | lr 0.000345079 | gnorm 0.235 | clip 1.000 | oom 0.000 | loss_scale 16.000 | wall 7903 | train_wall 6138
| epoch 064 | valid on 'valid' subset | loss 8.023 | nll_loss 5.947 | ppl 61.68 | num_updates 33591 | best_loss 8.02134
| epoch 065 | loss 5.168 | nll_loss 2.514 | ppl 5.71 | wps 56426 | ups 4 | wpb 13138.522 | bsz 1073.943 | num_updates 34116 | lr 0.000342414 | gnorm 0.235 | clip 1.000 | oom 0.000 | loss_scale 32.000 | wall 8026 | train_wall 6234
| epoch 065 | valid on 'valid' subset | loss 8.014 | nll_loss 5.942 | ppl 61.46 | num_updates 34116 | best_loss 8.0143
| epoch 066 | loss 5.164 | nll_loss 2.510 | ppl 5.7 | wps 56695 | ups 4 | wpb 13138.522 | bsz 1073.943 | num_updates 34641 | lr 0.000339809 | gnorm 0.233 | clip 1.000 | oom 0.000 | loss_scale 32.000 | wall 8148 | train_wall 6330
| epoch 066 | valid on 'valid' subset | loss 8.026 | nll_loss 5.946 | ppl 61.64 | num_updates 34641 | best_loss 8.02134
| epoch 067 | loss 5.160 | nll_loss 2.505 | ppl 5.68 | wps 55623 | ups 4 | wpb 13138.522 | bsz 1073.943 | num_updates 35166 | lr 0.000337263 | gnorm 0.233 | clip 1.000 | oom 0.000 | loss_scale 32.000 | wall 8273 | train_wall 6427
| epoch 067 | valid on 'valid' subset | loss 7.999 | nll_loss 5.917 | ppl 60.43 | num_updates 35166 | best_loss 7.99919
| epoch 068 | loss 5.156 | nll_loss 2.499 | ppl 5.65 | wps 56364 | ups 4 | wpb 13138.522 | bsz 1073.943 | num_updates 35691 | lr 0.000334773 | gnorm 0.235 | clip 1.000 | oom 0.000 | loss_scale 32.000 | wall 8396 | train_wall 6523
| epoch 068 | valid on 'valid' subset | loss 8.007 | nll_loss 5.931 | ppl 61.02 | num_updates 35691 | best_loss 8.00662
| epoch 069 | loss 5.153 | nll_loss 2.495 | ppl 5.64 | wps 56653 | ups 4 | wpb 13138.522 | bsz 1073.943 | num_updates 36216 | lr 0.000332338 | gnorm 0.234 | clip 1.000 | oom 0.000 | loss_scale 32.000 | wall 8519 | train_wall 6619
| epoch 069 | valid on 'valid' subset | loss 7.999 | nll_loss 5.920 | ppl 60.56 | num_updates 36216 | best_loss 7.99935
| epoch 070 | loss 5.148 | nll_loss 2.489 | ppl 5.62 | wps 56104 | ups 4 | wpb 13138.522 | bsz 1073.943 | num_updates 36741 | lr 0.000329955 | gnorm 0.235 | clip 1.000 | oom 0.000 | loss_scale 32.000 | wall 8642 | train_wall 6715
| epoch 070 | valid on 'valid' subset | loss 8.015 | nll_loss 5.937 | ppl 61.28 | num_updates 36741 | best_loss 8.01477
| saved checkpoint ./checkpoints/2020-04-11T03-19-04-00-exp25-bpe7500-seed19/checkpoints_en_ne/checkpoint70.pt (epoch 70 @ 36741 updates) (writing took 1.4499387741088867 seconds)
| epoch 071 | loss 5.145 | nll_loss 2.486 | ppl 5.6 | wps 56559 | ups 4 | wpb 13138.522 | bsz 1073.943 | num_updates 37266 | lr 0.000327622 | gnorm 0.237 | clip 1.000 | oom 0.000 | loss_scale 32.000 | wall 8766 | train_wall 6810
| epoch 071 | valid on 'valid' subset | loss 8.023 | nll_loss 5.935 | ppl 61.2 | num_updates 37266 | best_loss 8.01477
| epoch 072 | loss 5.141 | nll_loss 2.480 | ppl 5.58 | wps 56483 | ups 4 | wpb 13138.522 | bsz 1073.943 | num_updates 37791 | lr 0.000325339 | gnorm 0.234 | clip 1.000 | oom 0.000 | loss_scale 32.000 | wall 8889 | train_wall 6906
| epoch 072 | valid on 'valid' subset | loss 8.019 | nll_loss 5.943 | ppl 61.51 | num_updates 37791 | best_loss 8.01477
| WARNING: overflow detected, setting loss scale to: 32.0
| epoch 073 | loss 5.139 | nll_loss 2.477 | ppl 5.57 | wps 55266 | ups 4 | wpb 13139.496 | bsz 1071.107 | num_updates 38315 | lr 0.000323106 | gnorm 0.235 | clip 1.000 | oom 0.000 | loss_scale 32.000 | wall 9014 | train_wall 7002
| epoch 073 | valid on 'valid' subset | loss 8.005 | nll_loss 5.930 | ppl 60.96 | num_updates 38315 | best_loss 8.00544
| epoch 074 | loss 5.134 | nll_loss 2.471 | ppl 5.54 | wps 56060 | ups 4 | wpb 13138.522 | bsz 1073.943 | num_updates 38840 | lr 0.000320915 | gnorm 0.235 | clip 1.000 | oom 0.000 | loss_scale 32.000 | wall 9138 | train_wall 7098
| epoch 074 | valid on 'valid' subset | loss 8.004 | nll_loss 5.922 | ppl 60.65 | num_updates 38840 | best_loss 8.00394
| epoch 075 | loss 5.131 | nll_loss 2.468 | ppl 5.53 | wps 56455 | ups 4 | wpb 13138.522 | bsz 1073.943 | num_updates 39365 | lr 0.000318768 | gnorm 0.237 | clip 1.000 | oom 0.000 | loss_scale 32.000 | wall 9261 | train_wall 7195
| epoch 075 | valid on 'valid' subset | loss 8.003 | nll_loss 5.913 | ppl 60.25 | num_updates 39365 | best_loss 8.0032
| epoch 076 | loss 5.127 | nll_loss 2.463 | ppl 5.51 | wps 56637 | ups 4 | wpb 13138.522 | bsz 1073.943 | num_updates 39890 | lr 0.000316663 | gnorm 0.236 | clip 1.000 | oom 0.000 | loss_scale 32.000 | wall 9383 | train_wall 7289
| epoch 076 | valid on 'valid' subset | loss 7.996 | nll_loss 5.913 | ppl 60.25 | num_updates 39890 | best_loss 7.99611
| epoch 077 | loss 5.125 | nll_loss 2.459 | ppl 5.5 | wps 56018 | ups 4 | wpb 13138.522 | bsz 1073.943 | num_updates 40415 | lr 0.0003146 | gnorm 0.236 | clip 1.000 | oom 0.000 | loss_scale 32.000 | wall 9507 | train_wall 7386
| epoch 077 | valid on 'valid' subset | loss 7.985 | nll_loss 5.894 | ppl 59.45 | num_updates 40415 | best_loss 7.98495
| epoch 078 | loss 5.122 | nll_loss 2.456 | ppl 5.49 | wps 56580 | ups 4 | wpb 13138.522 | bsz 1073.943 | num_updates 40940 | lr 0.000312576 | gnorm 0.236 | clip 1.000 | oom 0.000 | loss_scale 32.000 | wall 9630 | train_wall 7482
| epoch 078 | valid on 'valid' subset | loss 7.993 | nll_loss 5.905 | ppl 59.91 | num_updates 40940 | best_loss 7.99281
| epoch 079 | loss 5.118 | nll_loss 2.451 | ppl 5.47 | wps 55915 | ups 4 | wpb 13138.522 | bsz 1073.943 | num_updates 41465 | lr 0.000310591 | gnorm 0.237 | clip 1.000 | oom 0.000 | loss_scale 32.000 | wall 9754 | train_wall 7578
| epoch 079 | valid on 'valid' subset | loss 8.004 | nll_loss 5.913 | ppl 60.23 | num_updates 41465 | best_loss 8.00423
| epoch 080 | loss 5.115 | nll_loss 2.447 | ppl 5.45 | wps 56426 | ups 4 | wpb 13138.522 | bsz 1073.943 | num_updates 41990 | lr 0.000308643 | gnorm 0.236 | clip 1.000 | oom 0.000 | loss_scale 32.000 | wall 9876 | train_wall 7675
| epoch 080 | valid on 'valid' subset | loss 7.985 | nll_loss 5.894 | ppl 59.49 | num_updates 41990 | best_loss 7.98548
| saved checkpoint ./checkpoints/2020-04-11T03-19-04-00-exp25-bpe7500-seed19/checkpoints_en_ne/checkpoint80.pt (epoch 80 @ 41990 updates) (writing took 1.1304223537445068 seconds)
| WARNING: overflow detected, setting loss scale to: 32.0
| epoch 081 | loss 5.112 | nll_loss 2.443 | ppl 5.44 | wps 55581 | ups 4 | wpb 13142.183 | bsz 1073.290 | num_updates 42514 | lr 0.000306735 | gnorm 0.238 | clip 1.000 | oom 0.000 | loss_scale 32.000 | wall 10002 | train_wall 7771
| epoch 081 | valid on 'valid' subset | loss 7.993 | nll_loss 5.908 | ppl 60.06 | num_updates 42514 | best_loss 7.98548
| WARNING: overflow detected, setting loss scale to: 16.0
| epoch 082 | loss 5.109 | nll_loss 2.439 | ppl 5.42 | wps 55693 | ups 4 | wpb 13140.931 | bsz 1075.046 | num_updates 43038 | lr 0.000304862 | gnorm 0.236 | clip 1.000 | oom 0.000 | loss_scale 16.000 | wall 10126 | train_wall 7867
| epoch 082 | valid on 'valid' subset | loss 8.000 | nll_loss 5.911 | ppl 60.17 | num_updates 43038 | best_loss 7.98548
| epoch 083 | loss 5.107 | nll_loss 2.436 | ppl 5.41 | wps 56013 | ups 4 | wpb 13138.522 | bsz 1073.943 | num_updates 43563 | lr 0.00030302 | gnorm 0.240 | clip 1.000 | oom 0.000 | loss_scale 16.000 | wall 10250 | train_wall 7964
| epoch 083 | valid on 'valid' subset | loss 7.994 | nll_loss 5.920 | ppl 60.55 | num_updates 43563 | best_loss 7.98548
| epoch 084 | loss 5.104 | nll_loss 2.432 | ppl 5.4 | wps 56402 | ups 4 | wpb 13138.522 | bsz 1073.943 | num_updates 44088 | lr 0.00030121 | gnorm 0.238 | clip 1.000 | oom 0.000 | loss_scale 16.000 | wall 10373 | train_wall 8059
| epoch 084 | valid on 'valid' subset | loss 7.983 | nll_loss 5.901 | ppl 59.75 | num_updates 44088 | best_loss 7.98262
| epoch 085 | loss 5.101 | nll_loss 2.429 | ppl 5.38 | wps 56192 | ups 4 | wpb 13138.522 | bsz 1073.943 | num_updates 44613 | lr 0.000299433 | gnorm 0.239 | clip 1.000 | oom 0.000 | loss_scale 16.000 | wall 10497 | train_wall 8155
| epoch 085 | valid on 'valid' subset | loss 7.981 | nll_loss 5.890 | ppl 59.32 | num_updates 44613 | best_loss 7.98081
| epoch 086 | loss 5.099 | nll_loss 2.426 | ppl 5.37 | wps 56978 | ups 4 | wpb 13138.522 | bsz 1073.943 | num_updates 45138 | lr 0.000297686 | gnorm 0.240 | clip 1.000 | oom 0.000 | loss_scale 16.000 | wall 10618 | train_wall 8250
| epoch 086 | valid on 'valid' subset | loss 7.986 | nll_loss 5.904 | ppl 59.89 | num_updates 45138 | best_loss 7.98548
| epoch 087 | loss 5.096 | nll_loss 2.422 | ppl 5.36 | wps 56197 | ups 4 | wpb 13138.522 | bsz 1073.943 | num_updates 45663 | lr 0.00029597 | gnorm 0.238 | clip 1.000 | oom 0.000 | loss_scale 16.000 | wall 10742 | train_wall 8347
| epoch 087 | valid on 'valid' subset | loss 7.985 | nll_loss 5.900 | ppl 59.7 | num_updates 45663 | best_loss 7.98521
| epoch 088 | loss 5.093 | nll_loss 2.418 | ppl 5.34 | wps 56107 | ups 4 | wpb 13138.522 | bsz 1073.943 | num_updates 46188 | lr 0.000294283 | gnorm 0.237 | clip 1.000 | oom 0.000 | loss_scale 16.000 | wall 10865 | train_wall 8443
| epoch 088 | valid on 'valid' subset | loss 7.973 | nll_loss 5.892 | ppl 59.38 | num_updates 46188 | best_loss 7.97341
| epoch 089 | loss 5.090 | nll_loss 2.415 | ppl 5.33 | wps 55927 | ups 4 | wpb 13138.522 | bsz 1073.943 | num_updates 46713 | lr 0.000292625 | gnorm 0.239 | clip 1.000 | oom 0.000 | loss_scale 16.000 | wall 10989 | train_wall 8539
| epoch 089 | valid on 'valid' subset | loss 7.973 | nll_loss 5.884 | ppl 59.06 | num_updates 46713 | best_loss 7.97303
| epoch 090 | loss 5.088 | nll_loss 2.412 | ppl 5.32 | wps 56340 | ups 4 | wpb 13138.522 | bsz 1073.943 | num_updates 47238 | lr 0.000290994 | gnorm 0.238 | clip 1.000 | oom 0.000 | loss_scale 32.000 | wall 11113 | train_wall 8636
| epoch 090 | valid on 'valid' subset | loss 7.985 | nll_loss 5.892 | ppl 59.39 | num_updates 47238 | best_loss 7.98468
| saved checkpoint ./checkpoints/2020-04-11T03-19-04-00-exp25-bpe7500-seed19/checkpoints_en_ne/checkpoint90.pt (epoch 90 @ 47238 updates) (writing took 1.350703239440918 seconds)
| epoch 091 | loss 5.085 | nll_loss 2.408 | ppl 5.31 | wps 56673 | ups 4 | wpb 13138.522 | bsz 1073.943 | num_updates 47763 | lr 0.00028939 | gnorm 0.241 | clip 1.000 | oom 0.000 | loss_scale 32.000 | wall 11236 | train_wall 8730
| epoch 091 | valid on 'valid' subset | loss 7.974 | nll_loss 5.887 | ppl 59.2 | num_updates 47763 | best_loss 7.97409
| WARNING: overflow detected, setting loss scale to: 16.0
| epoch 092 | loss 5.082 | nll_loss 2.405 | ppl 5.3 | wps 56096 | ups 4 | wpb 13135.744 | bsz 1073.809 | num_updates 48287 | lr 0.000287816 | gnorm 0.239 | clip 1.000 | oom 0.000 | loss_scale 16.000 | wall 11360 | train_wall 8826
| epoch 092 | valid on 'valid' subset | loss 7.992 | nll_loss 5.892 | ppl 59.4 | num_updates 48287 | best_loss 7.98468
| epoch 093 | loss 5.080 | nll_loss 2.402 | ppl 5.29 | wps 56248 | ups 4 | wpb 13138.522 | bsz 1073.943 | num_updates 48812 | lr 0.000286264 | gnorm 0.241 | clip 1.000 | oom 0.000 | loss_scale 16.000 | wall 11483 | train_wall 8922
| epoch 093 | valid on 'valid' subset | loss 7.968 | nll_loss 5.883 | ppl 59.03 | num_updates 48812 | best_loss 7.96821
| epoch 094 | loss 5.078 | nll_loss 2.399 | ppl 5.27 | wps 56503 | ups 4 | wpb 13138.522 | bsz 1073.943 | num_updates 49337 | lr 0.000284737 | gnorm 0.240 | clip 1.000 | oom 0.000 | loss_scale 16.000 | wall 11606 | train_wall 9017
| epoch 094 | valid on 'valid' subset | loss 7.985 | nll_loss 5.906 | ppl 59.97 | num_updates 49337 | best_loss 7.98468
| epoch 095 | loss 5.075 | nll_loss 2.396 | ppl 5.26 | wps 56442 | ups 4 | wpb 13138.522 | bsz 1073.943 | num_updates 49862 | lr 0.000283234 | gnorm 0.240 | clip 1.000 | oom 0.000 | loss_scale 16.000 | wall 11728 | train_wall 9113
| epoch 095 | valid on 'valid' subset | loss 7.952 | nll_loss 5.867 | ppl 58.36 | num_updates 49862 | best_loss 7.95188
| epoch 096 | loss 5.073 | nll_loss 2.393 | ppl 5.25 | wps 56164 | ups 4 | wpb 13138.522 | bsz 1073.943 | num_updates 50387 | lr 0.000281754 | gnorm 0.240 | clip 1.000 | oom 0.000 | loss_scale 16.000 | wall 11852 | train_wall 9210
| epoch 096 | valid on 'valid' subset | loss 7.982 | nll_loss 5.889 | ppl 59.27 | num_updates 50387 | best_loss 7.98233
| epoch 097 | loss 5.070 | nll_loss 2.390 | ppl 5.24 | wps 56093 | ups 4 | wpb 13138.522 | bsz 1073.943 | num_updates 50912 | lr 0.000280298 | gnorm 0.239 | clip 1.000 | oom 0.000 | loss_scale 16.000 | wall 11976 | train_wall 9306
| epoch 097 | valid on 'valid' subset | loss 8.005 | nll_loss 5.911 | ppl 60.18 | num_updates 50912 | best_loss 7.98468
| epoch 098 | loss 5.068 | nll_loss 2.387 | ppl 5.23 | wps 56467 | ups 4 | wpb 13138.522 | bsz 1073.943 | num_updates 51437 | lr 0.000278864 | gnorm 0.241 | clip 1.000 | oom 0.000 | loss_scale 16.000 | wall 12099 | train_wall 9403
| epoch 098 | valid on 'valid' subset | loss 7.994 | nll_loss 5.904 | ppl 59.88 | num_updates 51437 | best_loss 7.98468
| epoch 099 | loss 5.067 | nll_loss 2.385 | ppl 5.22 | wps 56549 | ups 4 | wpb 13138.522 | bsz 1073.943 | num_updates 51962 | lr 0.000277451 | gnorm 0.240 | clip 1.000 | oom 0.000 | loss_scale 16.000 | wall 12221 | train_wall 9497
| epoch 099 | valid on 'valid' subset | loss 7.984 | nll_loss 5.894 | ppl 59.47 | num_updates 51962 | best_loss 7.98424
| epoch 100 | loss 5.064 | nll_loss 2.381 | ppl 5.21 | wps 56329 | ups 4 | wpb 13138.522 | bsz 1073.943 | num_updates 52487 | lr 0.00027606 | gnorm 0.241 | clip 1.000 | oom 0.000 | loss_scale 32.000 | wall 12344 | train_wall 9594
| epoch 100 | valid on 'valid' subset | loss 7.963 | nll_loss 5.878 | ppl 58.8 | num_updates 52487 | best_loss 7.96284
| saved checkpoint ./checkpoints/2020-04-11T03-19-04-00-exp25-bpe7500-seed19/checkpoints_en_ne/checkpoint100.pt (epoch 100 @ 52487 updates) (writing took 1.3531270027160645 seconds)
| done training in 12341.5 seconds
Done training.
Time at end: Sat Apr 11 10:11:11 EDT 2020
