================ FLORES BASELINE WITH CLIP_NORM=0.1, BPE=2500 AND SEED=11  ================
About to train the supervised for the following language pair: NE-EN
CHECKPOINT_DIR is set to './checkpoints/2020-05-27T23-45-04-00-exp27-bpe2500-ne-052720-seed11-nonjoint/checkpoints_ne_en'
Creating checkpoint directory if it doesn't exist...
Data folder is: data-bin/wiki_ne_en_bpe2500_nonjoint/
Beginning training...
Time at beginning: Wed May 27 23:45:15 EDT 2020
This is train_fairseq
Namespace(activation_dropout=0.2, activation_fn='relu', adam_betas='(0.9, 0.98)', adam_eps=1e-08, adaptive_input=False, adaptive_softmax_cutoff=None, adaptive_softmax_dropout=0, arch='transformer', attention_dropout=0.2, best_checkpoint_metric='loss', bpe=None, bucket_cap_mb=25, clip_norm=0.1, cpu=False, criterion='label_smoothed_cross_entropy', cross_self_attention=False, curriculum=0, data='data-bin/wiki_ne_en_bpe2500_nonjoint/', dataset_impl=None, ddp_backend='c10d', decoder_attention_heads=2, decoder_embed_dim=512, decoder_embed_path=None, decoder_ffn_embed_dim=2048, decoder_input_dim=512, decoder_layerdrop=0, decoder_layers=5, decoder_layers_to_keep=None, decoder_learned_pos=False, decoder_normalize_before=True, decoder_output_dim=512, device_id=0, disable_validation=False, distributed_backend='nccl', distributed_init_method=None, distributed_no_spawn=False, distributed_port=-1, distributed_rank=0, distributed_world_size=1, dropout=0.4, empty_cache_freq=0, encoder_attention_heads=2, encoder_embed_dim=512, encoder_embed_path=None, encoder_ffn_embed_dim=2048, encoder_layerdrop=0, encoder_layers=5, encoder_layers_to_keep=None, encoder_learned_pos=False, encoder_normalize_before=True, fast_stat_sync=False, find_unused_parameters=False, fix_batches_to_gpus=False, fixed_validation_seed=None, fp16=True, fp16_init_scale=128, fp16_scale_tolerance=0.0, fp16_scale_window=None, keep_interval_updates=-1, keep_last_epochs=-1, label_smoothing=0.2, layer_wise_attention=False, layernorm_embedding=False, lazy_load=False, left_pad_source='True', left_pad_target='False', load_alignments=False, log_format=None, log_interval=1000, lr=[0.001], lr_scheduler='inverse_sqrt', max_epoch=100, max_sentences=None, max_sentences_valid=None, max_source_positions=1024, max_target_positions=1024, max_tokens=4000, max_tokens_valid=4000, max_update=0, maximize_best_checkpoint_metric=False, memory_efficient_fp16=False, min_loss_scale=0.0001, min_lr=1e-09, no_cross_attention=False, no_epoch_checkpoints=False, no_last_checkpoints=False, no_progress_bar=False, no_save=False, no_save_optimizer_state=False, no_scale_embedding=False, no_token_positional_embeddings=False, num_workers=1, optimizer='adam', optimizer_overrides='{}', raw_text=False, required_batch_size_multiple=8, reset_dataloader=False, reset_lr_scheduler=False, reset_meters=False, reset_optimizer=False, restore_file='checkpoint_last.pt', save_dir='./checkpoints/2020-05-27T23-45-04-00-exp27-bpe2500-ne-052720-seed11-nonjoint/checkpoints_ne_en', save_interval=10, save_interval_updates=0, seed=11, sentence_avg=False, share_all_embeddings=True, share_decoder_input_output_embed=False, skip_invalid_size_inputs_valid_test=False, source_lang='ne', target_lang='en', task='translation', tensorboard_logdir='', threshold_loss_scale=None, tokenizer=None, train_subset='train', truncate_source=False, update_freq=[4], upsample_primary=1, use_bmuf=False, user_dir=None, valid_subset='valid', validate_interval=1, warmup_init_lr=1e-07, warmup_updates=4000, weight_decay=0.0001)
| [ne] dictionary: 2568 types
| [en] dictionary: 2568 types
| loaded 2559 examples from: data-bin/wiki_ne_en_bpe2500_nonjoint/valid.ne-en.ne
| loaded 2559 examples from: data-bin/wiki_ne_en_bpe2500_nonjoint/valid.ne-en.en
| data-bin/wiki_ne_en_bpe2500_nonjoint/ valid ne-en 2559 examples
TransformerModel(
  (encoder): TransformerEncoder(
    (embed_tokens): Embedding(2568, 512, padding_idx=1)
    (embed_positions): SinusoidalPositionalEmbedding()
    (layers): ModuleList(
      (0): TransformerEncoderLayer(
        (self_attn): MultiheadAttention(
          (k_proj): Linear(in_features=512, out_features=512, bias=True)
          (v_proj): Linear(in_features=512, out_features=512, bias=True)
          (q_proj): Linear(in_features=512, out_features=512, bias=True)
          (out_proj): Linear(in_features=512, out_features=512, bias=True)
        )
        (self_attn_layer_norm): LayerNorm((512,), eps=1e-05, elementwise_affine=True)
        (fc1): Linear(in_features=512, out_features=2048, bias=True)
        (fc2): Linear(in_features=2048, out_features=512, bias=True)
        (final_layer_norm): LayerNorm((512,), eps=1e-05, elementwise_affine=True)
      )
      (1): TransformerEncoderLayer(
        (self_attn): MultiheadAttention(
          (k_proj): Linear(in_features=512, out_features=512, bias=True)
          (v_proj): Linear(in_features=512, out_features=512, bias=True)
          (q_proj): Linear(in_features=512, out_features=512, bias=True)
          (out_proj): Linear(in_features=512, out_features=512, bias=True)
        )
        (self_attn_layer_norm): LayerNorm((512,), eps=1e-05, elementwise_affine=True)
        (fc1): Linear(in_features=512, out_features=2048, bias=True)
        (fc2): Linear(in_features=2048, out_features=512, bias=True)
        (final_layer_norm): LayerNorm((512,), eps=1e-05, elementwise_affine=True)
      )
      (2): TransformerEncoderLayer(
        (self_attn): MultiheadAttention(
          (k_proj): Linear(in_features=512, out_features=512, bias=True)
          (v_proj): Linear(in_features=512, out_features=512, bias=True)
          (q_proj): Linear(in_features=512, out_features=512, bias=True)
          (out_proj): Linear(in_features=512, out_features=512, bias=True)
        )
        (self_attn_layer_norm): LayerNorm((512,), eps=1e-05, elementwise_affine=True)
        (fc1): Linear(in_features=512, out_features=2048, bias=True)
        (fc2): Linear(in_features=2048, out_features=512, bias=True)
        (final_layer_norm): LayerNorm((512,), eps=1e-05, elementwise_affine=True)
      )
      (3): TransformerEncoderLayer(
        (self_attn): MultiheadAttention(
          (k_proj): Linear(in_features=512, out_features=512, bias=True)
          (v_proj): Linear(in_features=512, out_features=512, bias=True)
          (q_proj): Linear(in_features=512, out_features=512, bias=True)
          (out_proj): Linear(in_features=512, out_features=512, bias=True)
        )
        (self_attn_layer_norm): LayerNorm((512,), eps=1e-05, elementwise_affine=True)
        (fc1): Linear(in_features=512, out_features=2048, bias=True)
        (fc2): Linear(in_features=2048, out_features=512, bias=True)
        (final_layer_norm): LayerNorm((512,), eps=1e-05, elementwise_affine=True)
      )
      (4): TransformerEncoderLayer(
        (self_attn): MultiheadAttention(
          (k_proj): Linear(in_features=512, out_features=512, bias=True)
          (v_proj): Linear(in_features=512, out_features=512, bias=True)
          (q_proj): Linear(in_features=512, out_features=512, bias=True)
          (out_proj): Linear(in_features=512, out_features=512, bias=True)
        )
        (self_attn_layer_norm): LayerNorm((512,), eps=1e-05, elementwise_affine=True)
        (fc1): Linear(in_features=512, out_features=2048, bias=True)
        (fc2): Linear(in_features=2048, out_features=512, bias=True)
        (final_layer_norm): LayerNorm((512,), eps=1e-05, elementwise_affine=True)
      )
    )
    (layer_norm): LayerNorm((512,), eps=1e-05, elementwise_affine=True)
  )
  (decoder): TransformerDecoder(
    (embed_tokens): Embedding(2568, 512, padding_idx=1)
    (embed_positions): SinusoidalPositionalEmbedding()
    (layers): ModuleList(
      (0): TransformerDecoderLayer(
        (self_attn): MultiheadAttention(
          (k_proj): Linear(in_features=512, out_features=512, bias=True)
          (v_proj): Linear(in_features=512, out_features=512, bias=True)
          (q_proj): Linear(in_features=512, out_features=512, bias=True)
          (out_proj): Linear(in_features=512, out_features=512, bias=True)
        )
        (self_attn_layer_norm): LayerNorm((512,), eps=1e-05, elementwise_affine=True)
        (encoder_attn): MultiheadAttention(
          (k_proj): Linear(in_features=512, out_features=512, bias=True)
          (v_proj): Linear(in_features=512, out_features=512, bias=True)
          (q_proj): Linear(in_features=512, out_features=512, bias=True)
          (out_proj): Linear(in_features=512, out_features=512, bias=True)
        )
        (encoder_attn_layer_norm): LayerNorm((512,), eps=1e-05, elementwise_affine=True)
        (fc1): Linear(in_features=512, out_features=2048, bias=True)
        (fc2): Linear(in_features=2048, out_features=512, bias=True)
        (final_layer_norm): LayerNorm((512,), eps=1e-05, elementwise_affine=True)
      )
      (1): TransformerDecoderLayer(
        (self_attn): MultiheadAttention(
          (k_proj): Linear(in_features=512, out_features=512, bias=True)
          (v_proj): Linear(in_features=512, out_features=512, bias=True)
          (q_proj): Linear(in_features=512, out_features=512, bias=True)
          (out_proj): Linear(in_features=512, out_features=512, bias=True)
        )
        (self_attn_layer_norm): LayerNorm((512,), eps=1e-05, elementwise_affine=True)
        (encoder_attn): MultiheadAttention(
          (k_proj): Linear(in_features=512, out_features=512, bias=True)
          (v_proj): Linear(in_features=512, out_features=512, bias=True)
          (q_proj): Linear(in_features=512, out_features=512, bias=True)
          (out_proj): Linear(in_features=512, out_features=512, bias=True)
        )
        (encoder_attn_layer_norm): LayerNorm((512,), eps=1e-05, elementwise_affine=True)
        (fc1): Linear(in_features=512, out_features=2048, bias=True)
        (fc2): Linear(in_features=2048, out_features=512, bias=True)
        (final_layer_norm): LayerNorm((512,), eps=1e-05, elementwise_affine=True)
      )
      (2): TransformerDecoderLayer(
        (self_attn): MultiheadAttention(
          (k_proj): Linear(in_features=512, out_features=512, bias=True)
          (v_proj): Linear(in_features=512, out_features=512, bias=True)
          (q_proj): Linear(in_features=512, out_features=512, bias=True)
          (out_proj): Linear(in_features=512, out_features=512, bias=True)
        )
        (self_attn_layer_norm): LayerNorm((512,), eps=1e-05, elementwise_affine=True)
        (encoder_attn): MultiheadAttention(
          (k_proj): Linear(in_features=512, out_features=512, bias=True)
          (v_proj): Linear(in_features=512, out_features=512, bias=True)
          (q_proj): Linear(in_features=512, out_features=512, bias=True)
          (out_proj): Linear(in_features=512, out_features=512, bias=True)
        )
        (encoder_attn_layer_norm): LayerNorm((512,), eps=1e-05, elementwise_affine=True)
        (fc1): Linear(in_features=512, out_features=2048, bias=True)
        (fc2): Linear(in_features=2048, out_features=512, bias=True)
        (final_layer_norm): LayerNorm((512,), eps=1e-05, elementwise_affine=True)
      )
      (3): TransformerDecoderLayer(
        (self_attn): MultiheadAttention(
          (k_proj): Linear(in_features=512, out_features=512, bias=True)
          (v_proj): Linear(in_features=512, out_features=512, bias=True)
          (q_proj): Linear(in_features=512, out_features=512, bias=True)
          (out_proj): Linear(in_features=512, out_features=512, bias=True)
        )
        (self_attn_layer_norm): LayerNorm((512,), eps=1e-05, elementwise_affine=True)
        (encoder_attn): MultiheadAttention(
          (k_proj): Linear(in_features=512, out_features=512, bias=True)
          (v_proj): Linear(in_features=512, out_features=512, bias=True)
          (q_proj): Linear(in_features=512, out_features=512, bias=True)
          (out_proj): Linear(in_features=512, out_features=512, bias=True)
        )
        (encoder_attn_layer_norm): LayerNorm((512,), eps=1e-05, elementwise_affine=True)
        (fc1): Linear(in_features=512, out_features=2048, bias=True)
        (fc2): Linear(in_features=2048, out_features=512, bias=True)
        (final_layer_norm): LayerNorm((512,), eps=1e-05, elementwise_affine=True)
      )
      (4): TransformerDecoderLayer(
        (self_attn): MultiheadAttention(
          (k_proj): Linear(in_features=512, out_features=512, bias=True)
          (v_proj): Linear(in_features=512, out_features=512, bias=True)
          (q_proj): Linear(in_features=512, out_features=512, bias=True)
          (out_proj): Linear(in_features=512, out_features=512, bias=True)
        )
        (self_attn_layer_norm): LayerNorm((512,), eps=1e-05, elementwise_affine=True)
        (encoder_attn): MultiheadAttention(
          (k_proj): Linear(in_features=512, out_features=512, bias=True)
          (v_proj): Linear(in_features=512, out_features=512, bias=True)
          (q_proj): Linear(in_features=512, out_features=512, bias=True)
          (out_proj): Linear(in_features=512, out_features=512, bias=True)
        )
        (encoder_attn_layer_norm): LayerNorm((512,), eps=1e-05, elementwise_affine=True)
        (fc1): Linear(in_features=512, out_features=2048, bias=True)
        (fc2): Linear(in_features=2048, out_features=512, bias=True)
        (final_layer_norm): LayerNorm((512,), eps=1e-05, elementwise_affine=True)
      )
    )
    (layer_norm): LayerNorm((512,), eps=1e-05, elementwise_affine=True)
  )
)
| model transformer, criterion LabelSmoothedCrossEntropyCriterion
| num. model params: 38098944 (num. trained: 38098944)
| training on 1 GPUs
| max tokens per GPU = 4000 and max sentences per GPU = None
| no existing checkpoint found ./checkpoints/2020-05-27T23-45-04-00-exp27-bpe2500-ne-052720-seed11-nonjoint/checkpoints_ne_en/checkpoint_last.pt
| loading train data for epoch 0
| loaded 563247 examples from: data-bin/wiki_ne_en_bpe2500_nonjoint/train.ne-en.ne
| loaded 563247 examples from: data-bin/wiki_ne_en_bpe2500_nonjoint/train.ne-en.en
| data-bin/wiki_ne_en_bpe2500_nonjoint/ train ne-en 563247 examples
| WARNING: overflow detected, setting loss scale to: 64.0
| WARNING: overflow detected, setting loss scale to: 32.0
| WARNING: overflow detected, setting loss scale to: 16.0
| epoch 001 | loss 7.486 | nll_loss 6.014 | ppl 64.63 | wps 63802 | ups 5 | wpb 14026.499 | bsz 576.056 | num_updates 975 | lr 0.000243826 | gnorm 0.729 | clip 1.000 | oom 0.000 | loss_scale 16.000 | wall 214 | train_wall 180
| epoch 001 | valid on 'valid' subset | loss 6.874 | nll_loss 5.043 | ppl 32.97 | num_updates 975
| epoch 002 | loss 5.794 | nll_loss 3.808 | ppl 14.01 | wps 65479 | ups 5 | wpb 14027.871 | bsz 575.917 | num_updates 1953 | lr 0.000488301 | gnorm 0.470 | clip 1.000 | oom 0.000 | loss_scale 16.000 | wall 425 | train_wall 359
| epoch 002 | valid on 'valid' subset | loss 6.419 | nll_loss 4.413 | ppl 21.3 | num_updates 1953
| epoch 003 | loss 5.176 | nll_loss 3.019 | ppl 8.1 | wps 66034 | ups 5 | wpb 14027.871 | bsz 575.917 | num_updates 2931 | lr 0.000732777 | gnorm 0.380 | clip 1.000 | oom 0.000 | loss_scale 16.000 | wall 634 | train_wall 538
| epoch 003 | valid on 'valid' subset | loss 6.087 | nll_loss 3.960 | ppl 15.56 | num_updates 2931
| epoch 004 | loss 4.878 | nll_loss 2.644 | ppl 6.25 | wps 64669 | ups 5 | wpb 14027.871 | bsz 575.917 | num_updates 3909 | lr 0.000977252 | gnorm 0.324 | clip 1.000 | oom 0.000 | loss_scale 16.000 | wall 847 | train_wall 720
| epoch 004 | valid on 'valid' subset | loss 5.898 | nll_loss 3.725 | ppl 13.22 | num_updates 3909
| WARNING: overflow detected, setting loss scale to: 16.0
| WARNING: overflow detected, setting loss scale to: 8.0
| epoch 005 | loss 4.692 | nll_loss 2.413 | ppl 5.33 | wps 65153 | ups 5 | wpb 14025.395 | bsz 572.655 | num_updates 4885 | lr 0.000904894 | gnorm 0.274 | clip 1.000 | oom 0.000 | loss_scale 8.000 | wall 1058 | train_wall 899
| epoch 005 | valid on 'valid' subset | loss 5.759 | nll_loss 3.529 | ppl 11.54 | num_updates 4885
| epoch 006 | loss 4.543 | nll_loss 2.229 | ppl 4.69 | wps 64240 | ups 5 | wpb 14027.871 | bsz 575.917 | num_updates 5863 | lr 0.000825981 | gnorm 0.244 | clip 1.000 | oom 0.000 | loss_scale 8.000 | wall 1272 | train_wall 1082
| epoch 006 | valid on 'valid' subset | loss 5.638 | nll_loss 3.383 | ppl 10.43 | num_updates 5863
| epoch 007 | loss 4.445 | nll_loss 2.109 | ppl 4.31 | wps 65451 | ups 5 | wpb 14027.871 | bsz 575.917 | num_updates 6841 | lr 0.000764663 | gnorm 0.224 | clip 1.000 | oom 0.000 | loss_scale 8.000 | wall 1483 | train_wall 1261
| epoch 007 | valid on 'valid' subset | loss 5.629 | nll_loss 3.358 | ppl 10.25 | num_updates 6841
| epoch 008 | loss 4.376 | nll_loss 2.024 | ppl 4.07 | wps 64511 | ups 5 | wpb 14027.871 | bsz 575.917 | num_updates 7819 | lr 0.000715244 | gnorm 0.212 | clip 1.000 | oom 0.000 | loss_scale 8.000 | wall 1697 | train_wall 1444
| epoch 008 | valid on 'valid' subset | loss 5.530 | nll_loss 3.231 | ppl 9.39 | num_updates 7819
| epoch 009 | loss 4.323 | nll_loss 1.960 | ppl 3.89 | wps 65513 | ups 5 | wpb 14027.871 | bsz 575.917 | num_updates 8797 | lr 0.000674315 | gnorm 0.205 | clip 1.000 | oom 0.000 | loss_scale 16.000 | wall 1907 | train_wall 1624
| epoch 009 | valid on 'valid' subset | loss 5.503 | nll_loss 3.203 | ppl 9.21 | num_updates 8797
| epoch 010 | loss 4.280 | nll_loss 1.908 | ppl 3.75 | wps 65376 | ups 5 | wpb 14027.871 | bsz 575.917 | num_updates 9775 | lr 0.000639693 | gnorm 0.200 | clip 1.000 | oom 0.000 | loss_scale 16.000 | wall 2118 | train_wall 1803
| epoch 010 | valid on 'valid' subset | loss 5.460 | nll_loss 3.150 | ppl 8.88 | num_updates 9775
| saved checkpoint ./checkpoints/2020-05-27T23-45-04-00-exp27-bpe2500-ne-052720-seed11-nonjoint/checkpoints_ne_en/checkpoint10.pt (epoch 10 @ 9775 updates) (writing took 0.7378115653991699 seconds)
| epoch 011 | loss 4.245 | nll_loss 1.865 | ppl 3.64 | wps 65341 | ups 5 | wpb 14027.871 | bsz 575.917 | num_updates 10753 | lr 0.000609909 | gnorm 0.195 | clip 1.000 | oom 0.000 | loss_scale 16.000 | wall 2330 | train_wall 1983
| epoch 011 | valid on 'valid' subset | loss 5.443 | nll_loss 3.112 | ppl 8.65 | num_updates 10753 | best_loss 5.44327
| epoch 012 | loss 4.216 | nll_loss 1.829 | ppl 3.55 | wps 65290 | ups 5 | wpb 14027.871 | bsz 575.917 | num_updates 11731 | lr 0.000583932 | gnorm 0.192 | clip 1.000 | oom 0.000 | loss_scale 16.000 | wall 2541 | train_wall 2162
| epoch 012 | valid on 'valid' subset | loss 5.441 | nll_loss 3.112 | ppl 8.64 | num_updates 11731 | best_loss 5.44103
| WARNING: overflow detected, setting loss scale to: 16.0
| epoch 013 | loss 4.191 | nll_loss 1.798 | ppl 3.48 | wps 66169 | ups 5 | wpb 14027.516 | bsz 574.746 | num_updates 12708 | lr 0.000561037 | gnorm 0.190 | clip 1.000 | oom 0.000 | loss_scale 16.000 | wall 2749 | train_wall 2341
| epoch 013 | valid on 'valid' subset | loss 5.413 | nll_loss 3.078 | ppl 8.44 | num_updates 12708 | best_loss 5.41316
| epoch 014 | loss 4.168 | nll_loss 1.770 | ppl 3.41 | wps 65301 | ups 5 | wpb 14027.871 | bsz 575.917 | num_updates 13686 | lr 0.00054062 | gnorm 0.187 | clip 1.000 | oom 0.000 | loss_scale 16.000 | wall 2960 | train_wall 2520
| epoch 014 | valid on 'valid' subset | loss 5.414 | nll_loss 3.075 | ppl 8.43 | num_updates 13686 | best_loss 5.41388
| epoch 015 | loss 4.150 | nll_loss 1.748 | ppl 3.36 | wps 66100 | ups 5 | wpb 14027.871 | bsz 575.917 | num_updates 14664 | lr 0.00052228 | gnorm 0.186 | clip 1.000 | oom 0.000 | loss_scale 16.000 | wall 3169 | train_wall 2699
| epoch 015 | valid on 'valid' subset | loss 5.389 | nll_loss 3.037 | ppl 8.21 | num_updates 14664 | best_loss 5.38857
| epoch 016 | loss 4.132 | nll_loss 1.726 | ppl 3.31 | wps 65661 | ups 5 | wpb 14027.871 | bsz 575.917 | num_updates 15642 | lr 0.000505689 | gnorm 0.185 | clip 1.000 | oom 0.000 | loss_scale 16.000 | wall 3378 | train_wall 2878
| epoch 016 | valid on 'valid' subset | loss 5.398 | nll_loss 3.043 | ppl 8.24 | num_updates 15642 | best_loss 5.39818
| epoch 017 | loss 4.117 | nll_loss 1.707 | ppl 3.26 | wps 66042 | ups 5 | wpb 14027.871 | bsz 575.917 | num_updates 16620 | lr 0.000490585 | gnorm 0.184 | clip 1.000 | oom 0.000 | loss_scale 16.000 | wall 3587 | train_wall 3056
| epoch 017 | valid on 'valid' subset | loss 5.398 | nll_loss 3.042 | ppl 8.24 | num_updates 16620 | best_loss 5.39818
| WARNING: overflow detected, setting loss scale to: 16.0
| epoch 018 | loss 4.103 | nll_loss 1.690 | ppl 3.23 | wps 65778 | ups 5 | wpb 14026.519 | bsz 574.951 | num_updates 17597 | lr 0.000476772 | gnorm 0.183 | clip 1.000 | oom 0.000 | loss_scale 16.000 | wall 3796 | train_wall 3235
| epoch 018 | valid on 'valid' subset | loss 5.392 | nll_loss 3.039 | ppl 8.22 | num_updates 17597 | best_loss 5.39209
| epoch 019 | loss 4.090 | nll_loss 1.673 | ppl 3.19 | wps 64385 | ups 5 | wpb 14027.871 | bsz 575.917 | num_updates 18575 | lr 0.000464051 | gnorm 0.182 | clip 1.000 | oom 0.000 | loss_scale 16.000 | wall 4010 | train_wall 3418
| epoch 019 | valid on 'valid' subset | loss 5.383 | nll_loss 3.023 | ppl 8.13 | num_updates 18575 | best_loss 5.38346
| epoch 020 | loss 4.078 | nll_loss 1.659 | ppl 3.16 | wps 66219 | ups 5 | wpb 14027.871 | bsz 575.917 | num_updates 19553 | lr 0.000452297 | gnorm 0.181 | clip 1.000 | oom 0.000 | loss_scale 16.000 | wall 4219 | train_wall 3596
| epoch 020 | valid on 'valid' subset | loss 5.366 | nll_loss 3.002 | ppl 8.01 | num_updates 19553 | best_loss 5.36579
| saved checkpoint ./checkpoints/2020-05-27T23-45-04-00-exp27-bpe2500-ne-052720-seed11-nonjoint/checkpoints_ne_en/checkpoint20.pt (epoch 20 @ 19553 updates) (writing took 1.0088636875152588 seconds)
| epoch 021 | loss 4.067 | nll_loss 1.646 | ppl 3.13 | wps 65269 | ups 5 | wpb 14027.871 | bsz 575.917 | num_updates 20531 | lr 0.000441392 | gnorm 0.181 | clip 1.000 | oom 0.000 | loss_scale 16.000 | wall 4431 | train_wall 3776
| epoch 021 | valid on 'valid' subset | loss 5.354 | nll_loss 2.984 | ppl 7.91 | num_updates 20531 | best_loss 5.3542
| epoch 022 | loss 4.057 | nll_loss 1.633 | ppl 3.1 | wps 65161 | ups 5 | wpb 14027.871 | bsz 575.917 | num_updates 21509 | lr 0.000431241 | gnorm 0.181 | clip 1.000 | oom 0.000 | loss_scale 16.000 | wall 4642 | train_wall 3955
| epoch 022 | valid on 'valid' subset | loss 5.367 | nll_loss 2.997 | ppl 7.98 | num_updates 21509 | best_loss 5.36579
| epoch 023 | loss 4.048 | nll_loss 1.622 | ppl 3.08 | wps 64812 | ups 5 | wpb 14027.871 | bsz 575.917 | num_updates 22487 | lr 0.000421759 | gnorm 0.181 | clip 1.000 | oom 0.000 | loss_scale 32.000 | wall 4855 | train_wall 4137
| epoch 023 | valid on 'valid' subset | loss 5.358 | nll_loss 2.988 | ppl 7.94 | num_updates 22487 | best_loss 5.35848
| epoch 024 | loss 4.039 | nll_loss 1.611 | ppl 3.05 | wps 65750 | ups 5 | wpb 14027.871 | bsz 575.917 | num_updates 23465 | lr 0.000412876 | gnorm 0.180 | clip 1.000 | oom 0.000 | loss_scale 32.000 | wall 5065 | train_wall 4315
| epoch 024 | valid on 'valid' subset | loss 5.359 | nll_loss 2.987 | ppl 7.93 | num_updates 23465 | best_loss 5.35876
| epoch 025 | loss 4.030 | nll_loss 1.600 | ppl 3.03 | wps 65041 | ups 5 | wpb 14027.871 | bsz 575.917 | num_updates 24443 | lr 0.000404532 | gnorm 0.179 | clip 1.000 | oom 0.000 | loss_scale 32.000 | wall 5277 | train_wall 4495
| epoch 025 | valid on 'valid' subset | loss 5.329 | nll_loss 2.952 | ppl 7.74 | num_updates 24443 | best_loss 5.32855
| epoch 026 | loss 4.023 | nll_loss 1.591 | ppl 3.01 | wps 65630 | ups 5 | wpb 14027.871 | bsz 575.917 | num_updates 25421 | lr 0.000396674 | gnorm 0.180 | clip 1.000 | oom 0.000 | loss_scale 32.000 | wall 5487 | train_wall 4673
| epoch 026 | valid on 'valid' subset | loss 5.336 | nll_loss 2.957 | ppl 7.77 | num_updates 25421 | best_loss 5.3358
| WARNING: overflow detected, setting loss scale to: 32.0
| epoch 027 | loss 4.015 | nll_loss 1.582 | ppl 2.99 | wps 64927 | ups 5 | wpb 14027.168 | bsz 574.975 | num_updates 26398 | lr 0.000389264 | gnorm 0.180 | clip 1.000 | oom 0.000 | loss_scale 32.000 | wall 5699 | train_wall 4853
| epoch 027 | valid on 'valid' subset | loss 5.334 | nll_loss 2.949 | ppl 7.72 | num_updates 26398 | best_loss 5.33449
| epoch 028 | loss 4.008 | nll_loss 1.574 | ppl 2.98 | wps 65240 | ups 5 | wpb 14027.871 | bsz 575.917 | num_updates 27376 | lr 0.000382248 | gnorm 0.180 | clip 1.000 | oom 0.000 | loss_scale 32.000 | wall 5910 | train_wall 5033
| epoch 028 | valid on 'valid' subset | loss 5.333 | nll_loss 2.947 | ppl 7.71 | num_updates 27376 | best_loss 5.33335
| epoch 029 | loss 4.002 | nll_loss 1.566 | ppl 2.96 | wps 65485 | ups 5 | wpb 14027.871 | bsz 575.917 | num_updates 28354 | lr 0.000375598 | gnorm 0.179 | clip 1.000 | oom 0.000 | loss_scale 32.000 | wall 6121 | train_wall 5213
| epoch 029 | valid on 'valid' subset | loss 5.329 | nll_loss 2.945 | ppl 7.7 | num_updates 28354 | best_loss 5.32903
| epoch 030 | loss 3.996 | nll_loss 1.558 | ppl 2.94 | wps 65707 | ups 5 | wpb 14027.871 | bsz 575.917 | num_updates 29332 | lr 0.000369283 | gnorm 0.180 | clip 1.000 | oom 0.000 | loss_scale 32.000 | wall 6330 | train_wall 5392
| epoch 030 | valid on 'valid' subset | loss 5.322 | nll_loss 2.933 | ppl 7.63 | num_updates 29332 | best_loss 5.32232
| saved checkpoint ./checkpoints/2020-05-27T23-45-04-00-exp27-bpe2500-ne-052720-seed11-nonjoint/checkpoints_ne_en/checkpoint30.pt (epoch 30 @ 29332 updates) (writing took 1.0077106952667236 seconds)
| WARNING: overflow detected, setting loss scale to: 32.0
| epoch 031 | loss 3.989 | nll_loss 1.550 | ppl 2.93 | wps 65352 | ups 5 | wpb 14029.814 | bsz 574.951 | num_updates 30309 | lr 0.000363282 | gnorm 0.179 | clip 1.000 | oom 0.000 | loss_scale 32.000 | wall 6542 | train_wall 5571
| epoch 031 | valid on 'valid' subset | loss 5.343 | nll_loss 2.962 | ppl 7.79 | num_updates 30309 | best_loss 5.32232
| epoch 032 | loss 3.983 | nll_loss 1.543 | ppl 2.91 | wps 64900 | ups 5 | wpb 14027.871 | bsz 575.917 | num_updates 31287 | lr 0.000357559 | gnorm 0.179 | clip 1.000 | oom 0.000 | loss_scale 32.000 | wall 6755 | train_wall 5752
| epoch 032 | valid on 'valid' subset | loss 5.333 | nll_loss 2.943 | ppl 7.69 | num_updates 31287 | best_loss 5.32232
| epoch 033 | loss 3.978 | nll_loss 1.537 | ppl 2.9 | wps 64507 | ups 5 | wpb 14027.871 | bsz 575.917 | num_updates 32265 | lr 0.000352098 | gnorm 0.179 | clip 1.000 | oom 0.000 | loss_scale 32.000 | wall 6968 | train_wall 5935
| epoch 033 | valid on 'valid' subset | loss 5.327 | nll_loss 2.933 | ppl 7.64 | num_updates 32265 | best_loss 5.32232
| epoch 034 | loss 3.973 | nll_loss 1.530 | ppl 2.89 | wps 65586 | ups 5 | wpb 14027.871 | bsz 575.917 | num_updates 33243 | lr 0.000346881 | gnorm 0.179 | clip 1.000 | oom 0.000 | loss_scale 32.000 | wall 7178 | train_wall 6114
| epoch 034 | valid on 'valid' subset | loss 5.329 | nll_loss 2.937 | ppl 7.66 | num_updates 33243 | best_loss 5.32232
| epoch 035 | loss 3.968 | nll_loss 1.524 | ppl 2.88 | wps 64854 | ups 5 | wpb 14027.871 | bsz 575.917 | num_updates 34221 | lr 0.000341888 | gnorm 0.179 | clip 1.000 | oom 0.000 | loss_scale 64.000 | wall 7391 | train_wall 6295
| epoch 035 | valid on 'valid' subset | loss 5.324 | nll_loss 2.932 | ppl 7.63 | num_updates 34221 | best_loss 5.32232
| WARNING: overflow detected, setting loss scale to: 32.0
| epoch 036 | loss 3.964 | nll_loss 1.519 | ppl 2.87 | wps 64618 | ups 5 | wpb 14026.667 | bsz 574.894 | num_updates 35198 | lr 0.00033711 | gnorm 0.179 | clip 1.000 | oom 0.000 | loss_scale 32.000 | wall 7604 | train_wall 6476
| epoch 036 | valid on 'valid' subset | loss 5.331 | nll_loss 2.936 | ppl 7.65 | num_updates 35198 | best_loss 5.32232
| epoch 037 | loss 3.959 | nll_loss 1.513 | ppl 2.85 | wps 65517 | ups 5 | wpb 14027.871 | bsz 575.917 | num_updates 36176 | lr 0.000332521 | gnorm 0.180 | clip 1.000 | oom 0.000 | loss_scale 32.000 | wall 7814 | train_wall 6655
| epoch 037 | valid on 'valid' subset | loss 5.313 | nll_loss 2.914 | ppl 7.54 | num_updates 36176 | best_loss 5.31254
| epoch 038 | loss 3.954 | nll_loss 1.507 | ppl 2.84 | wps 64951 | ups 5 | wpb 14027.871 | bsz 575.917 | num_updates 37154 | lr 0.000328116 | gnorm 0.180 | clip 1.000 | oom 0.000 | loss_scale 32.000 | wall 8027 | train_wall 6836
| epoch 038 | valid on 'valid' subset | loss 5.340 | nll_loss 2.943 | ppl 7.69 | num_updates 37154 | best_loss 5.32232
| epoch 039 | loss 3.950 | nll_loss 1.502 | ppl 2.83 | wps 65338 | ups 5 | wpb 14027.871 | bsz 575.917 | num_updates 38132 | lr 0.000323881 | gnorm 0.180 | clip 1.000 | oom 0.000 | loss_scale 32.000 | wall 8238 | train_wall 7016
| epoch 039 | valid on 'valid' subset | loss 5.325 | nll_loss 2.926 | ppl 7.6 | num_updates 38132 | best_loss 5.32232
| epoch 040 | loss 3.946 | nll_loss 1.497 | ppl 2.82 | wps 65042 | ups 5 | wpb 14027.871 | bsz 575.917 | num_updates 39110 | lr 0.000319806 | gnorm 0.180 | clip 1.000 | oom 0.000 | loss_scale 64.000 | wall 8449 | train_wall 7196
| epoch 040 | valid on 'valid' subset | loss 5.325 | nll_loss 2.923 | ppl 7.59 | num_updates 39110 | best_loss 5.32232
| saved checkpoint ./checkpoints/2020-05-27T23-45-04-00-exp27-bpe2500-ne-052720-seed11-nonjoint/checkpoints_ne_en/checkpoint40.pt (epoch 40 @ 39110 updates) (writing took 0.6432669162750244 seconds)
| WARNING: overflow detected, setting loss scale to: 32.0
| epoch 041 | loss 3.942 | nll_loss 1.492 | ppl 2.81 | wps 65259 | ups 5 | wpb 14027.080 | bsz 574.640 | num_updates 40087 | lr 0.000315884 | gnorm 0.180 | clip 1.000 | oom 0.000 | loss_scale 32.000 | wall 8661 | train_wall 7375
| epoch 041 | valid on 'valid' subset | loss 5.317 | nll_loss 2.915 | ppl 7.54 | num_updates 40087 | best_loss 5.31668
| epoch 042 | loss 3.938 | nll_loss 1.488 | ppl 2.8 | wps 66086 | ups 5 | wpb 14027.871 | bsz 575.917 | num_updates 41065 | lr 0.0003121 | gnorm 0.180 | clip 1.000 | oom 0.000 | loss_scale 32.000 | wall 8870 | train_wall 7553
| epoch 042 | valid on 'valid' subset | loss 5.306 | nll_loss 2.903 | ppl 7.48 | num_updates 41065 | best_loss 5.30563
| epoch 043 | loss 3.934 | nll_loss 1.483 | ppl 2.8 | wps 66000 | ups 5 | wpb 14027.871 | bsz 575.917 | num_updates 42043 | lr 0.000308449 | gnorm 0.180 | clip 1.000 | oom 0.000 | loss_scale 32.000 | wall 9079 | train_wall 7732
| epoch 043 | valid on 'valid' subset | loss 5.301 | nll_loss 2.895 | ppl 7.44 | num_updates 42043 | best_loss 5.30131
| epoch 044 | loss 3.931 | nll_loss 1.479 | ppl 2.79 | wps 64915 | ups 5 | wpb 14027.871 | bsz 575.917 | num_updates 43021 | lr 0.000304923 | gnorm 0.180 | clip 1.000 | oom 0.000 | loss_scale 32.000 | wall 9291 | train_wall 7914
| epoch 044 | valid on 'valid' subset | loss 5.315 | nll_loss 2.909 | ppl 7.51 | num_updates 43021 | best_loss 5.31529
| WARNING: overflow detected, setting loss scale to: 32.0
| epoch 045 | loss 3.927 | nll_loss 1.474 | ppl 2.78 | wps 65314 | ups 5 | wpb 14031.050 | bsz 574.992 | num_updates 43998 | lr 0.000301518 | gnorm 0.180 | clip 1.000 | oom 0.000 | loss_scale 32.000 | wall 9502 | train_wall 8094
| epoch 045 | valid on 'valid' subset | loss 5.303 | nll_loss 2.897 | ppl 7.45 | num_updates 43998 | best_loss 5.30275
| WARNING: overflow detected, setting loss scale to: 16.0
| epoch 046 | loss 3.924 | nll_loss 1.471 | ppl 2.77 | wps 64782 | ups 5 | wpb 14027.483 | bsz 575.933 | num_updates 44975 | lr 0.000298225 | gnorm 0.181 | clip 1.000 | oom 0.000 | loss_scale 16.000 | wall 9714 | train_wall 8274
| epoch 046 | valid on 'valid' subset | loss 5.328 | nll_loss 2.920 | ppl 7.57 | num_updates 44975 | best_loss 5.32232
| epoch 047 | loss 3.921 | nll_loss 1.466 | ppl 2.76 | wps 65410 | ups 5 | wpb 14027.871 | bsz 575.917 | num_updates 45953 | lr 0.000295035 | gnorm 0.181 | clip 1.000 | oom 0.000 | loss_scale 16.000 | wall 9925 | train_wall 8454
| epoch 047 | valid on 'valid' subset | loss 5.304 | nll_loss 2.896 | ppl 7.45 | num_updates 45953 | best_loss 5.30425
| epoch 048 | loss 3.918 | nll_loss 1.463 | ppl 2.76 | wps 65842 | ups 5 | wpb 14027.871 | bsz 575.917 | num_updates 46931 | lr 0.000291944 | gnorm 0.181 | clip 1.000 | oom 0.000 | loss_scale 16.000 | wall 10134 | train_wall 8633
| epoch 048 | valid on 'valid' subset | loss 5.322 | nll_loss 2.917 | ppl 7.55 | num_updates 46931 | best_loss 5.3218
| epoch 049 | loss 3.915 | nll_loss 1.459 | ppl 2.75 | wps 65866 | ups 5 | wpb 14027.871 | bsz 575.917 | num_updates 47909 | lr 0.000288949 | gnorm 0.181 | clip 1.000 | oom 0.000 | loss_scale 16.000 | wall 10344 | train_wall 8811
| epoch 049 | valid on 'valid' subset | loss 5.295 | nll_loss 2.883 | ppl 7.38 | num_updates 47909 | best_loss 5.29513
| epoch 050 | loss 3.912 | nll_loss 1.455 | ppl 2.74 | wps 65255 | ups 5 | wpb 14027.871 | bsz 575.917 | num_updates 48887 | lr 0.000286044 | gnorm 0.180 | clip 1.000 | oom 0.000 | loss_scale 32.000 | wall 10555 | train_wall 8990
| epoch 050 | valid on 'valid' subset | loss 5.299 | nll_loss 2.888 | ppl 7.4 | num_updates 48887 | best_loss 5.29894
| saved checkpoint ./checkpoints/2020-05-27T23-45-04-00-exp27-bpe2500-ne-052720-seed11-nonjoint/checkpoints_ne_en/checkpoint50.pt (epoch 50 @ 48887 updates) (writing took 1.0154736042022705 seconds)
| epoch 051 | loss 3.909 | nll_loss 1.452 | ppl 2.73 | wps 65397 | ups 5 | wpb 14027.871 | bsz 575.917 | num_updates 49865 | lr 0.000283225 | gnorm 0.181 | clip 1.000 | oom 0.000 | loss_scale 32.000 | wall 10767 | train_wall 9170
| epoch 051 | valid on 'valid' subset | loss 5.325 | nll_loss 2.920 | ppl 7.57 | num_updates 49865 | best_loss 5.29894
| epoch 052 | loss 3.906 | nll_loss 1.448 | ppl 2.73 | wps 65078 | ups 5 | wpb 14027.871 | bsz 575.917 | num_updates 50843 | lr 0.000280488 | gnorm 0.181 | clip 1.000 | oom 0.000 | loss_scale 32.000 | wall 10979 | train_wall 9350
| epoch 052 | valid on 'valid' subset | loss 5.317 | nll_loss 2.903 | ppl 7.48 | num_updates 50843 | best_loss 5.29894
| epoch 053 | loss 3.904 | nll_loss 1.445 | ppl 2.72 | wps 65505 | ups 5 | wpb 14027.871 | bsz 575.917 | num_updates 51821 | lr 0.000277829 | gnorm 0.182 | clip 1.000 | oom 0.000 | loss_scale 32.000 | wall 11189 | train_wall 9529
| epoch 053 | valid on 'valid' subset | loss 5.312 | nll_loss 2.895 | ppl 7.44 | num_updates 51821 | best_loss 5.29894
| epoch 054 | loss 3.901 | nll_loss 1.442 | ppl 2.72 | wps 65879 | ups 5 | wpb 14027.871 | bsz 575.917 | num_updates 52799 | lr 0.000275244 | gnorm 0.182 | clip 1.000 | oom 0.000 | loss_scale 64.000 | wall 11398 | train_wall 9708
| epoch 054 | valid on 'valid' subset | loss 5.309 | nll_loss 2.895 | ppl 7.44 | num_updates 52799 | best_loss 5.29894
| WARNING: overflow detected, setting loss scale to: 32.0
| epoch 055 | loss 3.898 | nll_loss 1.439 | ppl 2.71 | wps 64521 | ups 5 | wpb 14028.768 | bsz 574.648 | num_updates 53776 | lr 0.000272732 | gnorm 0.182 | clip 1.000 | oom 0.000 | loss_scale 32.000 | wall 11612 | train_wall 9890
| epoch 055 | valid on 'valid' subset | loss 5.302 | nll_loss 2.885 | ppl 7.39 | num_updates 53776 | best_loss 5.29894
| epoch 056 | loss 3.896 | nll_loss 1.436 | ppl 2.71 | wps 65298 | ups 5 | wpb 14027.871 | bsz 575.917 | num_updates 54754 | lr 0.000270285 | gnorm 0.183 | clip 1.000 | oom 0.000 | loss_scale 32.000 | wall 11823 | train_wall 10070
| epoch 056 | valid on 'valid' subset | loss 5.302 | nll_loss 2.887 | ppl 7.4 | num_updates 54754 | best_loss 5.29894
| epoch 057 | loss 3.894 | nll_loss 1.433 | ppl 2.7 | wps 64206 | ups 5 | wpb 14027.871 | bsz 575.917 | num_updates 55732 | lr 0.000267903 | gnorm 0.182 | clip 1.000 | oom 0.000 | loss_scale 32.000 | wall 12037 | train_wall 10253
| epoch 057 | valid on 'valid' subset | loss 5.333 | nll_loss 2.921 | ppl 7.57 | num_updates 55732 | best_loss 5.29894
| epoch 058 | loss 3.891 | nll_loss 1.430 | ppl 2.69 | wps 65973 | ups 5 | wpb 14027.871 | bsz 575.917 | num_updates 56710 | lr 0.000265583 | gnorm 0.183 | clip 1.000 | oom 0.000 | loss_scale 32.000 | wall 12246 | train_wall 10431
| epoch 058 | valid on 'valid' subset | loss 5.282 | nll_loss 2.861 | ppl 7.26 | num_updates 56710 | best_loss 5.28181
| WARNING: overflow detected, setting loss scale to: 32.0
| epoch 059 | loss 3.889 | nll_loss 1.427 | ppl 2.69 | wps 66186 | ups 5 | wpb 14027.232 | bsz 574.238 | num_updates 57687 | lr 0.000263324 | gnorm 0.184 | clip 1.000 | oom 0.000 | loss_scale 32.000 | wall 12454 | train_wall 10609
| epoch 059 | valid on 'valid' subset | loss 5.319 | nll_loss 2.904 | ppl 7.49 | num_updates 57687 | best_loss 5.29894
| epoch 060 | loss 3.887 | nll_loss 1.425 | ppl 2.68 | wps 66226 | ups 5 | wpb 14027.871 | bsz 575.917 | num_updates 58665 | lr 0.00026112 | gnorm 0.182 | clip 1.000 | oom 0.000 | loss_scale 32.000 | wall 12663 | train_wall 10787
| epoch 060 | valid on 'valid' subset | loss 5.302 | nll_loss 2.883 | ppl 7.38 | num_updates 58665 | best_loss 5.29894
| saved checkpoint ./checkpoints/2020-05-27T23-45-04-00-exp27-bpe2500-ne-052720-seed11-nonjoint/checkpoints_ne_en/checkpoint60.pt (epoch 60 @ 58665 updates) (writing took 0.6421003341674805 seconds)
| epoch 061 | loss 3.884 | nll_loss 1.422 | ppl 2.68 | wps 65495 | ups 5 | wpb 14027.871 | bsz 575.917 | num_updates 59643 | lr 0.00025897 | gnorm 0.183 | clip 1.000 | oom 0.000 | loss_scale 32.000 | wall 12874 | train_wall 10966
| epoch 061 | valid on 'valid' subset | loss 5.303 | nll_loss 2.881 | ppl 7.37 | num_updates 59643 | best_loss 5.29894
| epoch 062 | loss 3.882 | nll_loss 1.419 | ppl 2.67 | wps 65444 | ups 5 | wpb 14027.871 | bsz 575.917 | num_updates 60621 | lr 0.000256873 | gnorm 0.184 | clip 1.000 | oom 0.000 | loss_scale 32.000 | wall 13084 | train_wall 11145
| epoch 062 | valid on 'valid' subset | loss 5.308 | nll_loss 2.888 | ppl 7.4 | num_updates 60621 | best_loss 5.29894
| WARNING: overflow detected, setting loss scale to: 32.0
| epoch 063 | loss 3.880 | nll_loss 1.417 | ppl 2.67 | wps 65712 | ups 5 | wpb 14026.528 | bsz 574.812 | num_updates 61598 | lr 0.000254828 | gnorm 0.183 | clip 1.000 | oom 0.000 | loss_scale 32.000 | wall 13294 | train_wall 11323
| epoch 063 | valid on 'valid' subset | loss 5.319 | nll_loss 2.897 | ppl 7.45 | num_updates 61598 | best_loss 5.29894
| epoch 064 | loss 3.878 | nll_loss 1.414 | ppl 2.66 | wps 66504 | ups 5 | wpb 14027.871 | bsz 575.917 | num_updates 62576 | lr 0.000252829 | gnorm 0.183 | clip 1.000 | oom 0.000 | loss_scale 32.000 | wall 13501 | train_wall 11500
| epoch 064 | valid on 'valid' subset | loss 5.318 | nll_loss 2.898 | ppl 7.45 | num_updates 62576 | best_loss 5.29894
| WARNING: overflow detected, setting loss scale to: 16.0
| epoch 065 | loss 3.876 | nll_loss 1.411 | ppl 2.66 | wps 65490 | ups 5 | wpb 14027.279 | bsz 576.155 | num_updates 63553 | lr 0.000250878 | gnorm 0.183 | clip 1.000 | oom 0.000 | loss_scale 16.000 | wall 13711 | train_wall 11679
| epoch 065 | valid on 'valid' subset | loss 5.326 | nll_loss 2.906 | ppl 7.5 | num_updates 63553 | best_loss 5.29894
| epoch 066 | loss 3.874 | nll_loss 1.409 | ppl 2.65 | wps 65492 | ups 5 | wpb 14027.871 | bsz 575.917 | num_updates 64531 | lr 0.000248969 | gnorm 0.184 | clip 1.000 | oom 0.000 | loss_scale 16.000 | wall 13922 | train_wall 11858
| epoch 066 | valid on 'valid' subset | loss 5.324 | nll_loss 2.902 | ppl 7.47 | num_updates 64531 | best_loss 5.29894
| epoch 067 | loss 3.872 | nll_loss 1.406 | ppl 2.65 | wps 65744 | ups 5 | wpb 14027.871 | bsz 575.917 | num_updates 65509 | lr 0.000247104 | gnorm 0.184 | clip 1.000 | oom 0.000 | loss_scale 16.000 | wall 14131 | train_wall 12036
| epoch 067 | valid on 'valid' subset | loss 5.312 | nll_loss 2.887 | ppl 7.4 | num_updates 65509 | best_loss 5.29894
| epoch 068 | loss 3.870 | nll_loss 1.405 | ppl 2.65 | wps 65583 | ups 5 | wpb 14027.871 | bsz 575.917 | num_updates 66487 | lr 0.00024528 | gnorm 0.184 | clip 1.000 | oom 0.000 | loss_scale 16.000 | wall 14342 | train_wall 12215
| epoch 068 | valid on 'valid' subset | loss 5.322 | nll_loss 2.901 | ppl 7.47 | num_updates 66487 | best_loss 5.29894
| epoch 069 | loss 3.868 | nll_loss 1.402 | ppl 2.64 | wps 65916 | ups 5 | wpb 14027.871 | bsz 575.917 | num_updates 67465 | lr 0.000243495 | gnorm 0.184 | clip 1.000 | oom 0.000 | loss_scale 32.000 | wall 14551 | train_wall 12394
| epoch 069 | valid on 'valid' subset | loss 5.297 | nll_loss 2.870 | ppl 7.31 | num_updates 67465 | best_loss 5.2973
| WARNING: overflow detected, setting loss scale to: 16.0
| epoch 070 | loss 3.866 | nll_loss 1.399 | ppl 2.64 | wps 65163 | ups 5 | wpb 14026.836 | bsz 576.081 | num_updates 68442 | lr 0.000241751 | gnorm 0.185 | clip 1.000 | oom 0.000 | loss_scale 16.000 | wall 14762 | train_wall 12574
| epoch 070 | valid on 'valid' subset | loss 5.317 | nll_loss 2.893 | ppl 7.43 | num_updates 68442 | best_loss 5.29894
| saved checkpoint ./checkpoints/2020-05-27T23-45-04-00-exp27-bpe2500-ne-052720-seed11-nonjoint/checkpoints_ne_en/checkpoint70.pt (epoch 70 @ 68442 updates) (writing took 0.6547307968139648 seconds)
| epoch 071 | loss 3.864 | nll_loss 1.397 | ppl 2.63 | wps 65779 | ups 5 | wpb 14027.871 | bsz 575.917 | num_updates 69420 | lr 0.000240042 | gnorm 0.184 | clip 1.000 | oom 0.000 | loss_scale 16.000 | wall 14972 | train_wall 12752
| epoch 071 | valid on 'valid' subset | loss 5.302 | nll_loss 2.875 | ppl 7.33 | num_updates 69420 | best_loss 5.29894
| epoch 072 | loss 3.863 | nll_loss 1.395 | ppl 2.63 | wps 66026 | ups 5 | wpb 14027.871 | bsz 575.917 | num_updates 70398 | lr 0.000238369 | gnorm 0.185 | clip 1.000 | oom 0.000 | loss_scale 16.000 | wall 15181 | train_wall 12929
| epoch 072 | valid on 'valid' subset | loss 5.298 | nll_loss 2.867 | ppl 7.3 | num_updates 70398 | best_loss 5.29766
| epoch 073 | loss 3.861 | nll_loss 1.393 | ppl 2.63 | wps 66868 | ups 5 | wpb 14027.871 | bsz 575.917 | num_updates 71376 | lr 0.00023673 | gnorm 0.185 | clip 1.000 | oom 0.000 | loss_scale 16.000 | wall 15387 | train_wall 13106
| epoch 073 | valid on 'valid' subset | loss 5.319 | nll_loss 2.890 | ppl 7.41 | num_updates 71376 | best_loss 5.29894
| epoch 074 | loss 3.859 | nll_loss 1.391 | ppl 2.62 | wps 66101 | ups 5 | wpb 14027.871 | bsz 575.917 | num_updates 72354 | lr 0.000235125 | gnorm 0.185 | clip 1.000 | oom 0.000 | loss_scale 32.000 | wall 15596 | train_wall 13283
| epoch 074 | valid on 'valid' subset | loss 5.320 | nll_loss 2.891 | ppl 7.42 | num_updates 72354 | best_loss 5.29894
| epoch 075 | loss 3.858 | nll_loss 1.389 | ppl 2.62 | wps 66337 | ups 5 | wpb 14027.871 | bsz 575.917 | num_updates 73332 | lr 0.000233552 | gnorm 0.185 | clip 1.000 | oom 0.000 | loss_scale 32.000 | wall 15803 | train_wall 13461
| epoch 075 | valid on 'valid' subset | loss 5.306 | nll_loss 2.881 | ppl 7.37 | num_updates 73332 | best_loss 5.29894
| epoch 076 | loss 3.856 | nll_loss 1.387 | ppl 2.61 | wps 66013 | ups 5 | wpb 14027.871 | bsz 575.917 | num_updates 74310 | lr 0.00023201 | gnorm 0.185 | clip 1.000 | oom 0.000 | loss_scale 32.000 | wall 16012 | train_wall 13639
| epoch 076 | valid on 'valid' subset | loss 5.301 | nll_loss 2.869 | ppl 7.3 | num_updates 74310 | best_loss 5.29894
| epoch 077 | loss 3.854 | nll_loss 1.385 | ppl 2.61 | wps 65705 | ups 5 | wpb 14027.871 | bsz 575.917 | num_updates 75288 | lr 0.000230498 | gnorm 0.185 | clip 1.000 | oom 0.000 | loss_scale 32.000 | wall 16222 | train_wall 13817
| epoch 077 | valid on 'valid' subset | loss 5.310 | nll_loss 2.879 | ppl 7.36 | num_updates 75288 | best_loss 5.29894
| epoch 078 | loss 3.853 | nll_loss 1.383 | ppl 2.61 | wps 65754 | ups 5 | wpb 14027.871 | bsz 575.917 | num_updates 76266 | lr 0.000229015 | gnorm 0.185 | clip 1.000 | oom 0.000 | loss_scale 64.000 | wall 16432 | train_wall 13996
| epoch 078 | valid on 'valid' subset | loss 5.313 | nll_loss 2.881 | ppl 7.36 | num_updates 76266 | best_loss 5.29894
| WARNING: overflow detected, setting loss scale to: 32.0
| epoch 079 | loss 3.851 | nll_loss 1.381 | ppl 2.6 | wps 65780 | ups 5 | wpb 14030.818 | bsz 574.910 | num_updates 77243 | lr 0.000227562 | gnorm 0.186 | clip 1.000 | oom 0.000 | loss_scale 32.000 | wall 16641 | train_wall 14175
| epoch 079 | valid on 'valid' subset | loss 5.307 | nll_loss 2.873 | ppl 7.33 | num_updates 77243 | best_loss 5.29894
| epoch 080 | loss 3.850 | nll_loss 1.379 | ppl 2.6 | wps 65702 | ups 5 | wpb 14027.871 | bsz 575.917 | num_updates 78221 | lr 0.000226135 | gnorm 0.186 | clip 1.000 | oom 0.000 | loss_scale 32.000 | wall 16851 | train_wall 14353
| epoch 080 | valid on 'valid' subset | loss 5.324 | nll_loss 2.892 | ppl 7.42 | num_updates 78221 | best_loss 5.29894
| saved checkpoint ./checkpoints/2020-05-27T23-45-04-00-exp27-bpe2500-ne-052720-seed11-nonjoint/checkpoints_ne_en/checkpoint80.pt (epoch 80 @ 78221 updates) (writing took 0.6532073020935059 seconds)
| epoch 081 | loss 3.848 | nll_loss 1.377 | ppl 2.6 | wps 65805 | ups 5 | wpb 14027.871 | bsz 575.917 | num_updates 79199 | lr 0.000224735 | gnorm 0.186 | clip 1.000 | oom 0.000 | loss_scale 32.000 | wall 17061 | train_wall 14532
| epoch 081 | valid on 'valid' subset | loss 5.301 | nll_loss 2.868 | ppl 7.3 | num_updates 79199 | best_loss 5.29894
| epoch 082 | loss 3.846 | nll_loss 1.375 | ppl 2.59 | wps 65920 | ups 5 | wpb 14027.871 | bsz 575.917 | num_updates 80177 | lr 0.00022336 | gnorm 0.186 | clip 1.000 | oom 0.000 | loss_scale 32.000 | wall 17270 | train_wall 14710
| epoch 082 | valid on 'valid' subset | loss 5.327 | nll_loss 2.903 | ppl 7.48 | num_updates 80177 | best_loss 5.29894
| WARNING: overflow detected, setting loss scale to: 32.0
| epoch 083 | loss 3.845 | nll_loss 1.373 | ppl 2.59 | wps 65930 | ups 5 | wpb 14027.796 | bsz 575.008 | num_updates 81154 | lr 0.000222011 | gnorm 0.186 | clip 1.000 | oom 0.000 | loss_scale 32.000 | wall 17479 | train_wall 14887
| epoch 083 | valid on 'valid' subset | loss 5.332 | nll_loss 2.904 | ppl 7.49 | num_updates 81154 | best_loss 5.29894
| epoch 084 | loss 3.844 | nll_loss 1.372 | ppl 2.59 | wps 65700 | ups 5 | wpb 14027.871 | bsz 575.917 | num_updates 82132 | lr 0.000220685 | gnorm 0.186 | clip 1.000 | oom 0.000 | loss_scale 32.000 | wall 17689 | train_wall 15066
| epoch 084 | valid on 'valid' subset | loss 5.326 | nll_loss 2.898 | ppl 7.45 | num_updates 82132 | best_loss 5.29894
| epoch 085 | loss 3.843 | nll_loss 1.371 | ppl 2.59 | wps 65542 | ups 5 | wpb 14027.871 | bsz 575.917 | num_updates 83110 | lr 0.000219383 | gnorm 0.188 | clip 1.000 | oom 0.000 | loss_scale 32.000 | wall 17899 | train_wall 15245
| epoch 085 | valid on 'valid' subset | loss 5.319 | nll_loss 2.889 | ppl 7.41 | num_updates 83110 | best_loss 5.29894
| epoch 086 | loss 3.841 | nll_loss 1.368 | ppl 2.58 | wps 65353 | ups 5 | wpb 14027.871 | bsz 575.917 | num_updates 84088 | lr 0.000218104 | gnorm 0.187 | clip 1.000 | oom 0.000 | loss_scale 32.000 | wall 18110 | train_wall 15425
| epoch 086 | valid on 'valid' subset | loss 5.314 | nll_loss 2.879 | ppl 7.35 | num_updates 84088 | best_loss 5.29894
| epoch 087 | loss 3.840 | nll_loss 1.367 | ppl 2.58 | wps 65776 | ups 5 | wpb 14027.871 | bsz 575.917 | num_updates 85066 | lr 0.000216846 | gnorm 0.187 | clip 1.000 | oom 0.000 | loss_scale 64.000 | wall 18319 | train_wall 15603
| epoch 087 | valid on 'valid' subset | loss 5.319 | nll_loss 2.887 | ppl 7.4 | num_updates 85066 | best_loss 5.29894
| WARNING: overflow detected, setting loss scale to: 32.0
| epoch 088 | loss 3.838 | nll_loss 1.365 | ppl 2.58 | wps 65592 | ups 5 | wpb 14026.504 | bsz 575.524 | num_updates 86043 | lr 0.000215612 | gnorm 0.187 | clip 1.000 | oom 0.000 | loss_scale 32.000 | wall 18529 | train_wall 15783
| epoch 088 | valid on 'valid' subset | loss 5.312 | nll_loss 2.877 | ppl 7.34 | num_updates 86043 | best_loss 5.29894
| epoch 089 | loss 3.837 | nll_loss 1.363 | ppl 2.57 | wps 65893 | ups 5 | wpb 14027.871 | bsz 575.917 | num_updates 87021 | lr 0.000214397 | gnorm 0.187 | clip 1.000 | oom 0.000 | loss_scale 32.000 | wall 18738 | train_wall 15961
| epoch 089 | valid on 'valid' subset | loss 5.300 | nll_loss 2.863 | ppl 7.27 | num_updates 87021 | best_loss 5.29894
| epoch 090 | loss 3.835 | nll_loss 1.361 | ppl 2.57 | wps 65400 | ups 5 | wpb 14027.871 | bsz 575.917 | num_updates 87999 | lr 0.000213202 | gnorm 0.187 | clip 1.000 | oom 0.000 | loss_scale 32.000 | wall 18949 | train_wall 16140
| epoch 090 | valid on 'valid' subset | loss 5.334 | nll_loss 2.899 | ppl 7.46 | num_updates 87999 | best_loss 5.29894
| saved checkpoint ./checkpoints/2020-05-27T23-45-04-00-exp27-bpe2500-ne-052720-seed11-nonjoint/checkpoints_ne_en/checkpoint90.pt (epoch 90 @ 87999 updates) (writing took 0.649219274520874 seconds)
| epoch 091 | loss 3.834 | nll_loss 1.360 | ppl 2.57 | wps 65856 | ups 5 | wpb 14027.871 | bsz 575.917 | num_updates 88977 | lr 0.000212027 | gnorm 0.188 | clip 1.000 | oom 0.000 | loss_scale 32.000 | wall 19159 | train_wall 16318
| epoch 091 | valid on 'valid' subset | loss 5.319 | nll_loss 2.885 | ppl 7.39 | num_updates 88977 | best_loss 5.29894
| epoch 092 | loss 3.833 | nll_loss 1.359 | ppl 2.56 | wps 66261 | ups 5 | wpb 14027.871 | bsz 575.917 | num_updates 89955 | lr 0.000210871 | gnorm 0.188 | clip 1.000 | oom 0.000 | loss_scale 64.000 | wall 19367 | train_wall 16496
| epoch 092 | valid on 'valid' subset | loss 5.321 | nll_loss 2.882 | ppl 7.37 | num_updates 89955 | best_loss 5.29894
| WARNING: overflow detected, setting loss scale to: 32.0
| epoch 093 | loss 3.832 | nll_loss 1.357 | ppl 2.56 | wps 65574 | ups 5 | wpb 14028.944 | bsz 574.803 | num_updates 90932 | lr 0.000209735 | gnorm 0.188 | clip 1.000 | oom 0.000 | loss_scale 32.000 | wall 19577 | train_wall 16675
| epoch 093 | valid on 'valid' subset | loss 5.332 | nll_loss 2.898 | ppl 7.46 | num_updates 90932 | best_loss 5.29894
| epoch 094 | loss 3.830 | nll_loss 1.355 | ppl 2.56 | wps 66342 | ups 5 | wpb 14027.871 | bsz 575.917 | num_updates 91910 | lr 0.000208616 | gnorm 0.188 | clip 1.000 | oom 0.000 | loss_scale 32.000 | wall 19785 | train_wall 16852
| epoch 094 | valid on 'valid' subset | loss 5.335 | nll_loss 2.899 | ppl 7.46 | num_updates 91910 | best_loss 5.29894
| epoch 095 | loss 3.830 | nll_loss 1.355 | ppl 2.56 | wps 65472 | ups 5 | wpb 14027.871 | bsz 575.917 | num_updates 92888 | lr 0.000207515 | gnorm 0.189 | clip 1.000 | oom 0.000 | loss_scale 32.000 | wall 19995 | train_wall 17031
| epoch 095 | valid on 'valid' subset | loss 5.331 | nll_loss 2.893 | ppl 7.43 | num_updates 92888 | best_loss 5.29894
| epoch 096 | loss 3.828 | nll_loss 1.353 | ppl 2.55 | wps 65770 | ups 5 | wpb 14027.871 | bsz 575.917 | num_updates 93866 | lr 0.000206431 | gnorm 0.189 | clip 1.000 | oom 0.000 | loss_scale 32.000 | wall 20205 | train_wall 17210
| epoch 096 | valid on 'valid' subset | loss 5.316 | nll_loss 2.876 | ppl 7.34 | num_updates 93866 | best_loss 5.29894
| WARNING: overflow detected, setting loss scale to: 32.0
| epoch 097 | loss 3.828 | nll_loss 1.352 | ppl 2.55 | wps 65688 | ups 5 | wpb 14025.975 | bsz 574.189 | num_updates 94843 | lr 0.000205365 | gnorm 0.189 | clip 1.000 | oom 0.000 | loss_scale 32.000 | wall 20415 | train_wall 17388
| epoch 097 | valid on 'valid' subset | loss 5.335 | nll_loss 2.898 | ppl 7.46 | num_updates 94843 | best_loss 5.29894
| epoch 098 | loss 3.826 | nll_loss 1.351 | ppl 2.55 | wps 65536 | ups 5 | wpb 14027.871 | bsz 575.917 | num_updates 95821 | lr 0.000204315 | gnorm 0.189 | clip 1.000 | oom 0.000 | loss_scale 32.000 | wall 20625 | train_wall 17567
| epoch 098 | valid on 'valid' subset | loss 5.323 | nll_loss 2.887 | ppl 7.4 | num_updates 95821 | best_loss 5.29894
| epoch 099 | loss 3.825 | nll_loss 1.349 | ppl 2.55 | wps 65641 | ups 5 | wpb 14027.871 | bsz 575.917 | num_updates 96799 | lr 0.00020328 | gnorm 0.188 | clip 1.000 | oom 0.000 | loss_scale 32.000 | wall 20835 | train_wall 17746
| epoch 099 | valid on 'valid' subset | loss 5.334 | nll_loss 2.897 | ppl 7.45 | num_updates 96799 | best_loss 5.29894
| epoch 100 | loss 3.824 | nll_loss 1.347 | ppl 2.54 | wps 65587 | ups 5 | wpb 14027.871 | bsz 575.917 | num_updates 97777 | lr 0.000202261 | gnorm 0.189 | clip 1.000 | oom 0.000 | loss_scale 32.000 | wall 21045 | train_wall 17925
| epoch 100 | valid on 'valid' subset | loss 5.350 | nll_loss 2.913 | ppl 7.53 | num_updates 97777 | best_loss 5.29894
| saved checkpoint ./checkpoints/2020-05-27T23-45-04-00-exp27-bpe2500-ne-052720-seed11-nonjoint/checkpoints_ne_en/checkpoint100.pt (epoch 100 @ 97777 updates) (writing took 0.6387317180633545 seconds)
| done training in 21042.0 seconds
Done training.
Time at end: Thu May 28 05:36:05 EDT 2020
