================ FLORES BASELINE WITH CLIP_NORM=0.1, BPE=5000 AND SEED=14 USING SUBWORD-NMT ================
About to train the supervised for the following language pair: SI-EN
CHECKPOINT_DIR is set to './checkpoints/2020-07-07T02-59-04-00-exp31-lmvr-si-seed14/checkpoints_si_en'
Creating checkpoint directory if it doesn't exist...
Data folder is: data-bin/wiki_si_en_lmvr/
Beginning training...
Time at beginning: Tue Jul 7 02:59:05 EDT 2020
Namespace(activation_dropout=0.2, activation_fn='relu', adam_betas='(0.9, 0.98)', adam_eps=1e-08, adaptive_input=False, adaptive_softmax_cutoff=None, adaptive_softmax_dropout=0, arch='transformer', attention_dropout=0.2, best_checkpoint_metric='loss', bpe=None, bucket_cap_mb=25, clip_norm=0.1, cpu=False, criterion='label_smoothed_cross_entropy', cross_self_attention=False, curriculum=0, data='data-bin/wiki_si_en_lmvr/', dataset_impl=None, ddp_backend='c10d', decoder_attention_heads=2, decoder_embed_dim=512, decoder_embed_path=None, decoder_ffn_embed_dim=2048, decoder_input_dim=512, decoder_layerdrop=0, decoder_layers=5, decoder_layers_to_keep=None, decoder_learned_pos=False, decoder_normalize_before=True, decoder_output_dim=512, device_id=0, disable_validation=False, distributed_backend='nccl', distributed_init_method=None, distributed_no_spawn=False, distributed_port=-1, distributed_rank=0, distributed_world_size=1, dropout=0.4, empty_cache_freq=0, encoder_attention_heads=2, encoder_embed_dim=512, encoder_embed_path=None, encoder_ffn_embed_dim=2048, encoder_layerdrop=0, encoder_layers=5, encoder_layers_to_keep=None, encoder_learned_pos=False, encoder_normalize_before=True, fast_stat_sync=False, find_unused_parameters=False, fix_batches_to_gpus=False, fixed_validation_seed=None, fp16=True, fp16_init_scale=128, fp16_scale_tolerance=0.0, fp16_scale_window=None, keep_interval_updates=-1, keep_last_epochs=-1, label_smoothing=0.2, layer_wise_attention=False, layernorm_embedding=False, lazy_load=False, left_pad_source='True', left_pad_target='False', load_alignments=False, log_format=None, log_interval=1000, lr=[0.001], lr_scheduler='inverse_sqrt', max_epoch=100, max_sentences=None, max_sentences_valid=None, max_source_positions=1024, max_target_positions=1024, max_tokens=4000, max_tokens_valid=4000, max_update=0, maximize_best_checkpoint_metric=False, memory_efficient_fp16=False, min_loss_scale=0.0001, min_lr=1e-09, no_cross_attention=False, no_epoch_checkpoints=False, no_last_checkpoints=False, no_progress_bar=False, no_save=False, no_save_optimizer_state=False, no_scale_embedding=False, no_token_positional_embeddings=False, num_workers=1, optimizer='adam', optimizer_overrides='{}', raw_text=False, required_batch_size_multiple=8, reset_dataloader=False, reset_lr_scheduler=False, reset_meters=False, reset_optimizer=False, restore_file='checkpoint_last.pt', save_dir='./checkpoints/2020-07-07T02-59-04-00-exp31-lmvr-si-seed14/checkpoints_si_en', save_interval=10, save_interval_updates=0, seed=14, sentence_avg=False, share_all_embeddings=True, share_decoder_input_output_embed=False, skip_invalid_size_inputs_valid_test=False, source_lang='si', target_lang='en', task='translation', tensorboard_logdir='', threshold_loss_scale=None, tokenizer=None, train_subset='train', truncate_source=False, update_freq=[4], upsample_primary=1, use_bmuf=False, user_dir=None, valid_subset='valid', validate_interval=1, warmup_init_lr=1e-07, warmup_updates=4000, weight_decay=0.0001)
| [si] dictionary: 4832 types
| [en] dictionary: 4832 types
| loaded 2898 examples from: data-bin/wiki_si_en_lmvr/valid.si-en.si
| loaded 2898 examples from: data-bin/wiki_si_en_lmvr/valid.si-en.en
| data-bin/wiki_si_en_lmvr/ valid si-en 2898 examples
TransformerModel(
  (encoder): TransformerEncoder(
    (embed_tokens): Embedding(4832, 512, padding_idx=1)
    (embed_positions): SinusoidalPositionalEmbedding()
    (layers): ModuleList(
      (0): TransformerEncoderLayer(
        (self_attn): MultiheadAttention(
          (k_proj): Linear(in_features=512, out_features=512, bias=True)
          (v_proj): Linear(in_features=512, out_features=512, bias=True)
          (q_proj): Linear(in_features=512, out_features=512, bias=True)
          (out_proj): Linear(in_features=512, out_features=512, bias=True)
        )
        (self_attn_layer_norm): LayerNorm((512,), eps=1e-05, elementwise_affine=True)
        (fc1): Linear(in_features=512, out_features=2048, bias=True)
        (fc2): Linear(in_features=2048, out_features=512, bias=True)
        (final_layer_norm): LayerNorm((512,), eps=1e-05, elementwise_affine=True)
      )
      (1): TransformerEncoderLayer(
        (self_attn): MultiheadAttention(
          (k_proj): Linear(in_features=512, out_features=512, bias=True)
          (v_proj): Linear(in_features=512, out_features=512, bias=True)
          (q_proj): Linear(in_features=512, out_features=512, bias=True)
          (out_proj): Linear(in_features=512, out_features=512, bias=True)
        )
        (self_attn_layer_norm): LayerNorm((512,), eps=1e-05, elementwise_affine=True)
        (fc1): Linear(in_features=512, out_features=2048, bias=True)
        (fc2): Linear(in_features=2048, out_features=512, bias=True)
        (final_layer_norm): LayerNorm((512,), eps=1e-05, elementwise_affine=True)
      )
      (2): TransformerEncoderLayer(
        (self_attn): MultiheadAttention(
          (k_proj): Linear(in_features=512, out_features=512, bias=True)
          (v_proj): Linear(in_features=512, out_features=512, bias=True)
          (q_proj): Linear(in_features=512, out_features=512, bias=True)
          (out_proj): Linear(in_features=512, out_features=512, bias=True)
        )
        (self_attn_layer_norm): LayerNorm((512,), eps=1e-05, elementwise_affine=True)
        (fc1): Linear(in_features=512, out_features=2048, bias=True)
        (fc2): Linear(in_features=2048, out_features=512, bias=True)
        (final_layer_norm): LayerNorm((512,), eps=1e-05, elementwise_affine=True)
      )
      (3): TransformerEncoderLayer(
        (self_attn): MultiheadAttention(
          (k_proj): Linear(in_features=512, out_features=512, bias=True)
          (v_proj): Linear(in_features=512, out_features=512, bias=True)
          (q_proj): Linear(in_features=512, out_features=512, bias=True)
          (out_proj): Linear(in_features=512, out_features=512, bias=True)
        )
        (self_attn_layer_norm): LayerNorm((512,), eps=1e-05, elementwise_affine=True)
        (fc1): Linear(in_features=512, out_features=2048, bias=True)
        (fc2): Linear(in_features=2048, out_features=512, bias=True)
        (final_layer_norm): LayerNorm((512,), eps=1e-05, elementwise_affine=True)
      )
      (4): TransformerEncoderLayer(
        (self_attn): MultiheadAttention(
          (k_proj): Linear(in_features=512, out_features=512, bias=True)
          (v_proj): Linear(in_features=512, out_features=512, bias=True)
          (q_proj): Linear(in_features=512, out_features=512, bias=True)
          (out_proj): Linear(in_features=512, out_features=512, bias=True)
        )
        (self_attn_layer_norm): LayerNorm((512,), eps=1e-05, elementwise_affine=True)
        (fc1): Linear(in_features=512, out_features=2048, bias=True)
        (fc2): Linear(in_features=2048, out_features=512, bias=True)
        (final_layer_norm): LayerNorm((512,), eps=1e-05, elementwise_affine=True)
      )
    )
    (layer_norm): LayerNorm((512,), eps=1e-05, elementwise_affine=True)
  )
  (decoder): TransformerDecoder(
    (embed_tokens): Embedding(4832, 512, padding_idx=1)
    (embed_positions): SinusoidalPositionalEmbedding()
    (layers): ModuleList(
      (0): TransformerDecoderLayer(
        (self_attn): MultiheadAttention(
          (k_proj): Linear(in_features=512, out_features=512, bias=True)
          (v_proj): Linear(in_features=512, out_features=512, bias=True)
          (q_proj): Linear(in_features=512, out_features=512, bias=True)
          (out_proj): Linear(in_features=512, out_features=512, bias=True)
        )
        (self_attn_layer_norm): LayerNorm((512,), eps=1e-05, elementwise_affine=True)
        (encoder_attn): MultiheadAttention(
          (k_proj): Linear(in_features=512, out_features=512, bias=True)
          (v_proj): Linear(in_features=512, out_features=512, bias=True)
          (q_proj): Linear(in_features=512, out_features=512, bias=True)
          (out_proj): Linear(in_features=512, out_features=512, bias=True)
        )
        (encoder_attn_layer_norm): LayerNorm((512,), eps=1e-05, elementwise_affine=True)
        (fc1): Linear(in_features=512, out_features=2048, bias=True)
        (fc2): Linear(in_features=2048, out_features=512, bias=True)
        (final_layer_norm): LayerNorm((512,), eps=1e-05, elementwise_affine=True)
      )
      (1): TransformerDecoderLayer(
        (self_attn): MultiheadAttention(
          (k_proj): Linear(in_features=512, out_features=512, bias=True)
          (v_proj): Linear(in_features=512, out_features=512, bias=True)
          (q_proj): Linear(in_features=512, out_features=512, bias=True)
          (out_proj): Linear(in_features=512, out_features=512, bias=True)
        )
        (self_attn_layer_norm): LayerNorm((512,), eps=1e-05, elementwise_affine=True)
        (encoder_attn): MultiheadAttention(
          (k_proj): Linear(in_features=512, out_features=512, bias=True)
          (v_proj): Linear(in_features=512, out_features=512, bias=True)
          (q_proj): Linear(in_features=512, out_features=512, bias=True)
          (out_proj): Linear(in_features=512, out_features=512, bias=True)
        )
        (encoder_attn_layer_norm): LayerNorm((512,), eps=1e-05, elementwise_affine=True)
        (fc1): Linear(in_features=512, out_features=2048, bias=True)
        (fc2): Linear(in_features=2048, out_features=512, bias=True)
        (final_layer_norm): LayerNorm((512,), eps=1e-05, elementwise_affine=True)
      )
      (2): TransformerDecoderLayer(
        (self_attn): MultiheadAttention(
          (k_proj): Linear(in_features=512, out_features=512, bias=True)
          (v_proj): Linear(in_features=512, out_features=512, bias=True)
          (q_proj): Linear(in_features=512, out_features=512, bias=True)
          (out_proj): Linear(in_features=512, out_features=512, bias=True)
        )
        (self_attn_layer_norm): LayerNorm((512,), eps=1e-05, elementwise_affine=True)
        (encoder_attn): MultiheadAttention(
          (k_proj): Linear(in_features=512, out_features=512, bias=True)
          (v_proj): Linear(in_features=512, out_features=512, bias=True)
          (q_proj): Linear(in_features=512, out_features=512, bias=True)
          (out_proj): Linear(in_features=512, out_features=512, bias=True)
        )
        (encoder_attn_layer_norm): LayerNorm((512,), eps=1e-05, elementwise_affine=True)
        (fc1): Linear(in_features=512, out_features=2048, bias=True)
        (fc2): Linear(in_features=2048, out_features=512, bias=True)
        (final_layer_norm): LayerNorm((512,), eps=1e-05, elementwise_affine=True)
      )
      (3): TransformerDecoderLayer(
        (self_attn): MultiheadAttention(
          (k_proj): Linear(in_features=512, out_features=512, bias=True)
          (v_proj): Linear(in_features=512, out_features=512, bias=True)
          (q_proj): Linear(in_features=512, out_features=512, bias=True)
          (out_proj): Linear(in_features=512, out_features=512, bias=True)
        )
        (self_attn_layer_norm): LayerNorm((512,), eps=1e-05, elementwise_affine=True)
        (encoder_attn): MultiheadAttention(
          (k_proj): Linear(in_features=512, out_features=512, bias=True)
          (v_proj): Linear(in_features=512, out_features=512, bias=True)
          (q_proj): Linear(in_features=512, out_features=512, bias=True)
          (out_proj): Linear(in_features=512, out_features=512, bias=True)
        )
        (encoder_attn_layer_norm): LayerNorm((512,), eps=1e-05, elementwise_affine=True)
        (fc1): Linear(in_features=512, out_features=2048, bias=True)
        (fc2): Linear(in_features=2048, out_features=512, bias=True)
        (final_layer_norm): LayerNorm((512,), eps=1e-05, elementwise_affine=True)
      )
      (4): TransformerDecoderLayer(
        (self_attn): MultiheadAttention(
          (k_proj): Linear(in_features=512, out_features=512, bias=True)
          (v_proj): Linear(in_features=512, out_features=512, bias=True)
          (q_proj): Linear(in_features=512, out_features=512, bias=True)
          (out_proj): Linear(in_features=512, out_features=512, bias=True)
        )
        (self_attn_layer_norm): LayerNorm((512,), eps=1e-05, elementwise_affine=True)
        (encoder_attn): MultiheadAttention(
          (k_proj): Linear(in_features=512, out_features=512, bias=True)
          (v_proj): Linear(in_features=512, out_features=512, bias=True)
          (q_proj): Linear(in_features=512, out_features=512, bias=True)
          (out_proj): Linear(in_features=512, out_features=512, bias=True)
        )
        (encoder_attn_layer_norm): LayerNorm((512,), eps=1e-05, elementwise_affine=True)
        (fc1): Linear(in_features=512, out_features=2048, bias=True)
        (fc2): Linear(in_features=2048, out_features=512, bias=True)
        (final_layer_norm): LayerNorm((512,), eps=1e-05, elementwise_affine=True)
      )
    )
    (layer_norm): LayerNorm((512,), eps=1e-05, elementwise_affine=True)
  )
)
| model transformer, criterion LabelSmoothedCrossEntropyCriterion
| num. model params: 39258112 (num. trained: 39258112)
| training on 1 GPUs
| max tokens per GPU = 4000 and max sentences per GPU = None
| no existing checkpoint found ./checkpoints/2020-07-07T02-59-04-00-exp31-lmvr-si-seed14/checkpoints_si_en/checkpoint_last.pt
| loading train data for epoch 0
| loaded 646781 examples from: data-bin/wiki_si_en_lmvr/train.si-en.si
| loaded 646781 examples from: data-bin/wiki_si_en_lmvr/train.si-en.en
| data-bin/wiki_si_en_lmvr/ train si-en 646781 examples
| WARNING: 1 samples have invalid sizes and will be skipped, max_positions=(1024, 1024), first few sample ids=[23048]
| WARNING: overflow detected, setting loss scale to: 64.0
| WARNING: overflow detected, setting loss scale to: 32.0
| WARNING: overflow detected, setting loss scale to: 16.0
| epoch 001 | loss 8.655 | nll_loss 7.310 | ppl 158.68 | wps 48251 | ups 4 | wpb 13014.097 | bsz 947.900 | num_updates 680 | lr 0.000170083 | gnorm 0.753 | clip 1.000 | oom 0.000 | loss_scale 16.000 | wall 183 | train_wall 145
| epoch 001 | valid on 'valid' subset | loss 8.706 | nll_loss 7.226 | ppl 149.72 | num_updates 680
| epoch 002 | loss 6.776 | nll_loss 4.847 | ppl 28.78 | wps 50298 | ups 4 | wpb 13016.980 | bsz 946.969 | num_updates 1363 | lr 0.000340816 | gnorm 0.473 | clip 1.000 | oom 0.000 | loss_scale 16.000 | wall 361 | train_wall 288
| epoch 002 | valid on 'valid' subset | loss 8.062 | nll_loss 6.337 | ppl 80.85 | num_updates 1363
| epoch 003 | loss 6.262 | nll_loss 4.187 | ppl 18.21 | wps 50957 | ups 4 | wpb 13016.980 | bsz 946.969 | num_updates 2046 | lr 0.000511549 | gnorm 0.401 | clip 1.000 | oom 0.000 | loss_scale 16.000 | wall 537 | train_wall 431
| epoch 003 | valid on 'valid' subset | loss 7.698 | nll_loss 5.818 | ppl 56.41 | num_updates 2046
| epoch 004 | loss 5.953 | nll_loss 3.790 | ppl 13.83 | wps 49622 | ups 4 | wpb 13016.980 | bsz 946.969 | num_updates 2729 | lr 0.000682282 | gnorm 0.354 | clip 1.000 | oom 0.000 | loss_scale 16.000 | wall 717 | train_wall 576
| epoch 004 | valid on 'valid' subset | loss 7.469 | nll_loss 5.519 | ppl 45.87 | num_updates 2729
| epoch 005 | loss 5.751 | nll_loss 3.530 | ppl 11.55 | wps 50593 | ups 4 | wpb 13016.980 | bsz 946.969 | num_updates 3412 | lr 0.000853015 | gnorm 0.329 | clip 1.000 | oom 0.000 | loss_scale 16.000 | wall 893 | train_wall 719
| epoch 005 | valid on 'valid' subset | loss 7.239 | nll_loss 5.180 | ppl 36.25 | num_updates 3412
| epoch 006 | loss 5.611 | nll_loss 3.350 | ppl 10.19 | wps 50383 | ups 4 | wpb 13016.980 | bsz 946.969 | num_updates 4095 | lr 0.000988332 | gnorm 0.301 | clip 1.000 | oom 0.000 | loss_scale 16.000 | wall 1071 | train_wall 863
| epoch 006 | valid on 'valid' subset | loss 7.076 | nll_loss 4.955 | ppl 31.02 | num_updates 4095
| WARNING: overflow detected, setting loss scale to: 16.0
| epoch 007 | loss 5.495 | nll_loss 3.201 | ppl 9.2 | wps 50484 | ups 4 | wpb 13020.177 | bsz 946.199 | num_updates 4777 | lr 0.000915066 | gnorm 0.277 | clip 1.000 | oom 0.000 | loss_scale 16.000 | wall 1248 | train_wall 1006
| epoch 007 | valid on 'valid' subset | loss 6.964 | nll_loss 4.801 | ppl 27.88 | num_updates 4777
| epoch 008 | loss 5.394 | nll_loss 3.073 | ppl 8.42 | wps 50612 | ups 4 | wpb 13016.980 | bsz 946.969 | num_updates 5460 | lr 0.000855921 | gnorm 0.251 | clip 1.000 | oom 0.000 | loss_scale 16.000 | wall 1424 | train_wall 1150
| epoch 008 | valid on 'valid' subset | loss 6.793 | nll_loss 4.570 | ppl 23.75 | num_updates 5460
| epoch 009 | loss 5.319 | nll_loss 2.979 | ppl 7.88 | wps 50756 | ups 4 | wpb 13016.980 | bsz 946.969 | num_updates 6143 | lr 0.000806937 | gnorm 0.237 | clip 1.000 | oom 0.000 | loss_scale 16.000 | wall 1600 | train_wall 1294
| epoch 009 | valid on 'valid' subset | loss 6.697 | nll_loss 4.445 | ppl 21.79 | num_updates 6143
| epoch 010 | loss 5.261 | nll_loss 2.905 | ppl 7.49 | wps 50428 | ups 4 | wpb 13016.980 | bsz 946.969 | num_updates 6826 | lr 0.000765503 | gnorm 0.226 | clip 1.000 | oom 0.000 | loss_scale 16.000 | wall 1777 | train_wall 1438
| epoch 010 | valid on 'valid' subset | loss 6.609 | nll_loss 4.324 | ppl 20.02 | num_updates 6826
| saved checkpoint ./checkpoints/2020-07-07T02-59-04-00-exp31-lmvr-si-seed14/checkpoints_si_en/checkpoint10.pt (epoch 10 @ 6826 updates) (writing took 0.7285916805267334 seconds)
| epoch 011 | loss 5.214 | nll_loss 2.846 | ppl 7.19 | wps 50417 | ups 4 | wpb 13016.980 | bsz 946.969 | num_updates 7509 | lr 0.000729859 | gnorm 0.218 | clip 1.000 | oom 0.000 | loss_scale 16.000 | wall 1955 | train_wall 1581
| epoch 011 | valid on 'valid' subset | loss 6.549 | nll_loss 4.249 | ppl 19.01 | num_updates 7509 | best_loss 6.54877
| epoch 012 | loss 5.176 | nll_loss 2.798 | ppl 6.95 | wps 50010 | ups 4 | wpb 13016.980 | bsz 946.969 | num_updates 8192 | lr 0.000698771 | gnorm 0.213 | clip 1.000 | oom 0.000 | loss_scale 16.000 | wall 2134 | train_wall 1726
| epoch 012 | valid on 'valid' subset | loss 6.505 | nll_loss 4.180 | ppl 18.12 | num_updates 8192 | best_loss 6.50547
| epoch 013 | loss 5.142 | nll_loss 2.756 | ppl 6.75 | wps 51147 | ups 4 | wpb 13016.980 | bsz 946.969 | num_updates 8875 | lr 0.000671345 | gnorm 0.207 | clip 1.000 | oom 0.000 | loss_scale 32.000 | wall 2309 | train_wall 1868
| epoch 013 | valid on 'valid' subset | loss 6.457 | nll_loss 4.119 | ppl 17.38 | num_updates 8875 | best_loss 6.45749
| epoch 014 | loss 5.113 | nll_loss 2.719 | ppl 6.58 | wps 51106 | ups 4 | wpb 13016.980 | bsz 946.969 | num_updates 9558 | lr 0.000646914 | gnorm 0.204 | clip 1.000 | oom 0.000 | loss_scale 32.000 | wall 2484 | train_wall 2011
| epoch 014 | valid on 'valid' subset | loss 6.429 | nll_loss 4.067 | ppl 16.76 | num_updates 9558 | best_loss 6.42888
| epoch 015 | loss 5.089 | nll_loss 2.688 | ppl 6.45 | wps 51446 | ups 4 | wpb 13016.980 | bsz 946.969 | num_updates 10241 | lr 0.000624969 | gnorm 0.200 | clip 1.000 | oom 0.000 | loss_scale 32.000 | wall 2657 | train_wall 2152
| epoch 015 | valid on 'valid' subset | loss 6.385 | nll_loss 4.021 | ppl 16.24 | num_updates 10241 | best_loss 6.38499
| epoch 016 | loss 5.067 | nll_loss 2.661 | ppl 6.33 | wps 50766 | ups 4 | wpb 13016.980 | bsz 946.969 | num_updates 10924 | lr 0.000605117 | gnorm 0.199 | clip 1.000 | oom 0.000 | loss_scale 32.000 | wall 2833 | train_wall 2294
| epoch 016 | valid on 'valid' subset | loss 6.359 | nll_loss 3.980 | ppl 15.78 | num_updates 10924 | best_loss 6.35872
| epoch 017 | loss 5.047 | nll_loss 2.636 | ppl 6.22 | wps 50789 | ups 4 | wpb 13016.980 | bsz 946.969 | num_updates 11607 | lr 0.000587043 | gnorm 0.196 | clip 1.000 | oom 0.000 | loss_scale 32.000 | wall 3009 | train_wall 2437
| epoch 017 | valid on 'valid' subset | loss 6.333 | nll_loss 3.944 | ppl 15.39 | num_updates 11607 | best_loss 6.33302
| epoch 018 | loss 5.030 | nll_loss 2.615 | ppl 6.12 | wps 51254 | ups 4 | wpb 13016.980 | bsz 946.969 | num_updates 12290 | lr 0.000570498 | gnorm 0.194 | clip 1.000 | oom 0.000 | loss_scale 32.000 | wall 3184 | train_wall 2579
| epoch 018 | valid on 'valid' subset | loss 6.333 | nll_loss 3.931 | ppl 15.25 | num_updates 12290 | best_loss 6.33297
| WARNING: overflow detected, setting loss scale to: 32.0
| epoch 019 | loss 5.013 | nll_loss 2.593 | ppl 6.03 | wps 51251 | ups 4 | wpb 13016.179 | bsz 947.361 | num_updates 12972 | lr 0.000555299 | gnorm 0.193 | clip 1.000 | oom 0.000 | loss_scale 32.000 | wall 3358 | train_wall 2721
| epoch 019 | valid on 'valid' subset | loss 6.301 | nll_loss 3.897 | ppl 14.9 | num_updates 12972 | best_loss 6.30107
| epoch 020 | loss 5.000 | nll_loss 2.576 | ppl 5.96 | wps 50472 | ups 4 | wpb 13016.980 | bsz 946.969 | num_updates 13655 | lr 0.000541233 | gnorm 0.191 | clip 1.000 | oom 0.000 | loss_scale 32.000 | wall 3535 | train_wall 2865
| epoch 020 | valid on 'valid' subset | loss 6.270 | nll_loss 3.849 | ppl 14.41 | num_updates 13655 | best_loss 6.26956
| saved checkpoint ./checkpoints/2020-07-07T02-59-04-00-exp31-lmvr-si-seed14/checkpoints_si_en/checkpoint20.pt (epoch 20 @ 13655 updates) (writing took 1.0383493900299072 seconds)
| epoch 021 | loss 4.986 | nll_loss 2.559 | ppl 5.89 | wps 51004 | ups 4 | wpb 13016.980 | bsz 946.969 | num_updates 14338 | lr 0.000528185 | gnorm 0.191 | clip 1.000 | oom 0.000 | loss_scale 32.000 | wall 3711 | train_wall 3008
| epoch 021 | valid on 'valid' subset | loss 6.299 | nll_loss 3.878 | ppl 14.7 | num_updates 14338 | best_loss 6.26956
| epoch 022 | loss 4.973 | nll_loss 2.543 | ppl 5.83 | wps 50852 | ups 4 | wpb 13016.980 | bsz 946.969 | num_updates 15021 | lr 0.000516037 | gnorm 0.188 | clip 1.000 | oom 0.000 | loss_scale 32.000 | wall 3887 | train_wall 3151
| epoch 022 | valid on 'valid' subset | loss 6.220 | nll_loss 3.793 | ppl 13.86 | num_updates 15021 | best_loss 6.22027
| epoch 023 | loss 4.963 | nll_loss 2.530 | ppl 5.77 | wps 50536 | ups 4 | wpb 13016.980 | bsz 946.969 | num_updates 15704 | lr 0.00050469 | gnorm 0.188 | clip 1.000 | oom 0.000 | loss_scale 32.000 | wall 4064 | train_wall 3294
| epoch 023 | valid on 'valid' subset | loss 6.220 | nll_loss 3.779 | ppl 13.72 | num_updates 15704 | best_loss 6.22025
| epoch 024 | loss 4.951 | nll_loss 2.515 | ppl 5.72 | wps 50550 | ups 4 | wpb 13016.980 | bsz 946.969 | num_updates 16387 | lr 0.000494061 | gnorm 0.187 | clip 1.000 | oom 0.000 | loss_scale 32.000 | wall 4241 | train_wall 3437
| epoch 024 | valid on 'valid' subset | loss 6.205 | nll_loss 3.766 | ppl 13.6 | num_updates 16387 | best_loss 6.2048
| epoch 025 | loss 4.941 | nll_loss 2.503 | ppl 5.67 | wps 50448 | ups 4 | wpb 13016.980 | bsz 946.969 | num_updates 17070 | lr 0.000484076 | gnorm 0.187 | clip 1.000 | oom 0.000 | loss_scale 64.000 | wall 4418 | train_wall 3581
| epoch 025 | valid on 'valid' subset | loss 6.187 | nll_loss 3.742 | ppl 13.38 | num_updates 17070 | best_loss 6.18676
| epoch 026 | loss 4.932 | nll_loss 2.492 | ppl 5.62 | wps 50198 | ups 4 | wpb 13016.980 | bsz 946.969 | num_updates 17753 | lr 0.000474673 | gnorm 0.187 | clip 1.000 | oom 0.000 | loss_scale 64.000 | wall 4596 | train_wall 3725
| epoch 026 | valid on 'valid' subset | loss 6.172 | nll_loss 3.722 | ppl 13.2 | num_updates 17753 | best_loss 6.17217
| WARNING: overflow detected, setting loss scale to: 32.0
| epoch 027 | loss 4.923 | nll_loss 2.480 | ppl 5.58 | wps 51178 | ups 4 | wpb 13015.479 | bsz 947.337 | num_updates 18435 | lr 0.00046581 | gnorm 0.184 | clip 1.000 | oom 0.000 | loss_scale 32.000 | wall 4770 | train_wall 3867
| epoch 027 | valid on 'valid' subset | loss 6.183 | nll_loss 3.737 | ppl 13.33 | num_updates 18435 | best_loss 6.18254
| epoch 028 | loss 4.915 | nll_loss 2.470 | ppl 5.54 | wps 50677 | ups 4 | wpb 13016.980 | bsz 946.969 | num_updates 19118 | lr 0.000457413 | gnorm 0.185 | clip 1.000 | oom 0.000 | loss_scale 32.000 | wall 4946 | train_wall 4010
| epoch 028 | valid on 'valid' subset | loss 6.162 | nll_loss 3.711 | ppl 13.1 | num_updates 19118 | best_loss 6.16223
| epoch 029 | loss 4.908 | nll_loss 2.461 | ppl 5.51 | wps 50876 | ups 4 | wpb 13016.980 | bsz 946.969 | num_updates 19801 | lr 0.000449455 | gnorm 0.186 | clip 1.000 | oom 0.000 | loss_scale 32.000 | wall 5122 | train_wall 4153
| epoch 029 | valid on 'valid' subset | loss 6.148 | nll_loss 3.697 | ppl 12.97 | num_updates 19801 | best_loss 6.14752
| epoch 030 | loss 4.900 | nll_loss 2.451 | ppl 5.47 | wps 50991 | ups 4 | wpb 13016.980 | bsz 946.969 | num_updates 20484 | lr 0.000441899 | gnorm 0.184 | clip 1.000 | oom 0.000 | loss_scale 32.000 | wall 5297 | train_wall 4296
| epoch 030 | valid on 'valid' subset | loss 6.103 | nll_loss 3.633 | ppl 12.41 | num_updates 20484 | best_loss 6.10338
| saved checkpoint ./checkpoints/2020-07-07T02-59-04-00-exp31-lmvr-si-seed14/checkpoints_si_en/checkpoint30.pt (epoch 30 @ 20484 updates) (writing took 0.9939367771148682 seconds)
| epoch 031 | loss 4.893 | nll_loss 2.442 | ppl 5.43 | wps 51309 | ups 4 | wpb 13016.980 | bsz 946.969 | num_updates 21167 | lr 0.000434711 | gnorm 0.185 | clip 1.000 | oom 0.000 | loss_scale 32.000 | wall 5473 | train_wall 4439
| epoch 031 | valid on 'valid' subset | loss 6.113 | nll_loss 3.651 | ppl 12.57 | num_updates 21167 | best_loss 6.10338
| WARNING: overflow detected, setting loss scale to: 16.0
| epoch 032 | loss 4.886 | nll_loss 2.433 | ppl 5.4 | wps 51358 | ups 4 | wpb 13020.333 | bsz 947.255 | num_updates 21849 | lr 0.000427872 | gnorm 0.184 | clip 1.000 | oom 0.000 | loss_scale 16.000 | wall 5646 | train_wall 4581
| epoch 032 | valid on 'valid' subset | loss 6.101 | nll_loss 3.633 | ppl 12.41 | num_updates 21849 | best_loss 6.10068
| epoch 033 | loss 4.880 | nll_loss 2.426 | ppl 5.37 | wps 51050 | ups 4 | wpb 13016.980 | bsz 946.969 | num_updates 22532 | lr 0.000421338 | gnorm 0.183 | clip 1.000 | oom 0.000 | loss_scale 16.000 | wall 5822 | train_wall 4724
| epoch 033 | valid on 'valid' subset | loss 6.105 | nll_loss 3.634 | ppl 12.41 | num_updates 22532 | best_loss 6.10338
| epoch 034 | loss 4.873 | nll_loss 2.418 | ppl 5.34 | wps 51470 | ups 4 | wpb 13016.980 | bsz 946.969 | num_updates 23215 | lr 0.000415093 | gnorm 0.184 | clip 1.000 | oom 0.000 | loss_scale 16.000 | wall 5995 | train_wall 4866
| epoch 034 | valid on 'valid' subset | loss 6.093 | nll_loss 3.626 | ppl 12.34 | num_updates 23215 | best_loss 6.09292
| epoch 035 | loss 4.867 | nll_loss 2.409 | ppl 5.31 | wps 51579 | ups 4 | wpb 13016.980 | bsz 946.969 | num_updates 23898 | lr 0.000409119 | gnorm 0.182 | clip 1.000 | oom 0.000 | loss_scale 16.000 | wall 6168 | train_wall 5008
| epoch 035 | valid on 'valid' subset | loss 6.056 | nll_loss 3.574 | ppl 11.91 | num_updates 23898 | best_loss 6.05645
| epoch 036 | loss 4.862 | nll_loss 2.403 | ppl 5.29 | wps 50187 | ups 4 | wpb 13016.980 | bsz 946.969 | num_updates 24581 | lr 0.000403395 | gnorm 0.181 | clip 1.000 | oom 0.000 | loss_scale 16.000 | wall 6347 | train_wall 5153
| epoch 036 | valid on 'valid' subset | loss 6.081 | nll_loss 3.600 | ppl 12.13 | num_updates 24581 | best_loss 6.08061
| epoch 037 | loss 4.857 | nll_loss 2.397 | ppl 5.27 | wps 50882 | ups 4 | wpb 13016.980 | bsz 946.969 | num_updates 25264 | lr 0.000397905 | gnorm 0.183 | clip 1.000 | oom 0.000 | loss_scale 16.000 | wall 6522 | train_wall 5296
| epoch 037 | valid on 'valid' subset | loss 6.082 | nll_loss 3.608 | ppl 12.2 | num_updates 25264 | best_loss 6.08171
| epoch 038 | loss 4.851 | nll_loss 2.389 | ppl 5.24 | wps 51680 | ups 4 | wpb 13016.980 | bsz 946.969 | num_updates 25947 | lr 0.000392633 | gnorm 0.183 | clip 1.000 | oom 0.000 | loss_scale 32.000 | wall 6695 | train_wall 5438
| epoch 038 | valid on 'valid' subset | loss 6.055 | nll_loss 3.575 | ppl 11.92 | num_updates 25947 | best_loss 6.05549
| epoch 039 | loss 4.846 | nll_loss 2.383 | ppl 5.22 | wps 51112 | ups 4 | wpb 13016.980 | bsz 946.969 | num_updates 26630 | lr 0.000387565 | gnorm 0.183 | clip 1.000 | oom 0.000 | loss_scale 32.000 | wall 6870 | train_wall 5581
| epoch 039 | valid on 'valid' subset | loss 6.068 | nll_loss 3.578 | ppl 11.94 | num_updates 26630 | best_loss 6.06806
| epoch 040 | loss 4.842 | nll_loss 2.378 | ppl 5.2 | wps 51236 | ups 4 | wpb 13016.980 | bsz 946.969 | num_updates 27313 | lr 0.000382688 | gnorm 0.183 | clip 1.000 | oom 0.000 | loss_scale 32.000 | wall 7044 | train_wall 5723
| epoch 040 | valid on 'valid' subset | loss 6.060 | nll_loss 3.570 | ppl 11.88 | num_updates 27313 | best_loss 6.06024
| saved checkpoint ./checkpoints/2020-07-07T02-59-04-00-exp31-lmvr-si-seed14/checkpoints_si_en/checkpoint40.pt (epoch 40 @ 27313 updates) (writing took 1.0091776847839355 seconds)
| epoch 041 | loss 4.838 | nll_loss 2.373 | ppl 5.18 | wps 50043 | ups 4 | wpb 13016.980 | bsz 946.969 | num_updates 27996 | lr 0.000377991 | gnorm 0.183 | clip 1.000 | oom 0.000 | loss_scale 32.000 | wall 7224 | train_wall 5868
| epoch 041 | valid on 'valid' subset | loss 6.064 | nll_loss 3.581 | ppl 11.97 | num_updates 27996 | best_loss 6.06024
| epoch 042 | loss 4.833 | nll_loss 2.366 | ppl 5.15 | wps 51564 | ups 4 | wpb 13016.980 | bsz 946.969 | num_updates 28679 | lr 0.000373463 | gnorm 0.182 | clip 1.000 | oom 0.000 | loss_scale 32.000 | wall 7397 | train_wall 6010
| epoch 042 | valid on 'valid' subset | loss 6.005 | nll_loss 3.514 | ppl 11.42 | num_updates 28679 | best_loss 6.00506
| epoch 043 | loss 4.829 | nll_loss 2.361 | ppl 5.14 | wps 51610 | ups 4 | wpb 13016.980 | bsz 946.969 | num_updates 29362 | lr 0.000369094 | gnorm 0.183 | clip 1.000 | oom 0.000 | loss_scale 32.000 | wall 7571 | train_wall 6152
| epoch 043 | valid on 'valid' subset | loss 6.032 | nll_loss 3.541 | ppl 11.64 | num_updates 29362 | best_loss 6.03223
| epoch 044 | loss 4.824 | nll_loss 2.356 | ppl 5.12 | wps 51710 | ups 4 | wpb 13016.980 | bsz 946.969 | num_updates 30045 | lr 0.000364875 | gnorm 0.182 | clip 1.000 | oom 0.000 | loss_scale 64.000 | wall 7743 | train_wall 6292
| epoch 044 | valid on 'valid' subset | loss 6.030 | nll_loss 3.541 | ppl 11.64 | num_updates 30045 | best_loss 6.02993
| epoch 045 | loss 4.821 | nll_loss 2.351 | ppl 5.1 | wps 51643 | ups 4 | wpb 13016.980 | bsz 946.969 | num_updates 30728 | lr 0.000360797 | gnorm 0.182 | clip 1.000 | oom 0.000 | loss_scale 64.000 | wall 7916 | train_wall 6434
| epoch 045 | valid on 'valid' subset | loss 6.012 | nll_loss 3.520 | ppl 11.47 | num_updates 30728 | best_loss 6.01223
| epoch 046 | loss 4.816 | nll_loss 2.346 | ppl 5.08 | wps 51827 | ups 4 | wpb 13016.980 | bsz 946.969 | num_updates 31411 | lr 0.000356853 | gnorm 0.182 | clip 1.000 | oom 0.000 | loss_scale 64.000 | wall 8089 | train_wall 6575
| epoch 046 | valid on 'valid' subset | loss 6.020 | nll_loss 3.532 | ppl 11.57 | num_updates 31411 | best_loss 6.01976
| epoch 047 | loss 4.813 | nll_loss 2.341 | ppl 5.07 | wps 51153 | ups 4 | wpb 13016.980 | bsz 946.969 | num_updates 32094 | lr 0.000353035 | gnorm 0.184 | clip 1.000 | oom 0.000 | loss_scale 64.000 | wall 8264 | train_wall 6718
| epoch 047 | valid on 'valid' subset | loss 6.048 | nll_loss 3.556 | ppl 11.76 | num_updates 32094 | best_loss 6.04822
| WARNING: overflow detected, setting loss scale to: 32.0
| epoch 048 | loss 4.809 | nll_loss 2.336 | ppl 5.05 | wps 51010 | ups 4 | wpb 13014.861 | bsz 947.243 | num_updates 32776 | lr 0.000349343 | gnorm 0.182 | clip 1.000 | oom 0.000 | loss_scale 32.000 | wall 8439 | train_wall 6860
| epoch 048 | valid on 'valid' subset | loss 5.995 | nll_loss 3.494 | ppl 11.27 | num_updates 32776 | best_loss 5.99451
| epoch 049 | loss 4.806 | nll_loss 2.332 | ppl 5.04 | wps 51580 | ups 4 | wpb 13016.980 | bsz 946.969 | num_updates 33459 | lr 0.000345759 | gnorm 0.183 | clip 1.000 | oom 0.000 | loss_scale 32.000 | wall 8612 | train_wall 7002
| epoch 049 | valid on 'valid' subset | loss 6.017 | nll_loss 3.520 | ppl 11.47 | num_updates 33459 | best_loss 6.01729
| epoch 050 | loss 4.803 | nll_loss 2.329 | ppl 5.02 | wps 51274 | ups 4 | wpb 13016.980 | bsz 946.969 | num_updates 34142 | lr 0.000342283 | gnorm 0.183 | clip 1.000 | oom 0.000 | loss_scale 32.000 | wall 8786 | train_wall 7144
| epoch 050 | valid on 'valid' subset | loss 6.033 | nll_loss 3.537 | ppl 11.61 | num_updates 34142 | best_loss 6.03322
| saved checkpoint ./checkpoints/2020-07-07T02-59-04-00-exp31-lmvr-si-seed14/checkpoints_si_en/checkpoint50.pt (epoch 50 @ 34142 updates) (writing took 1.0136423110961914 seconds)
| epoch 051 | loss 4.799 | nll_loss 2.323 | ppl 5.01 | wps 50905 | ups 4 | wpb 13016.980 | bsz 946.969 | num_updates 34825 | lr 0.00033891 | gnorm 0.183 | clip 1.000 | oom 0.000 | loss_scale 32.000 | wall 8963 | train_wall 7287
| epoch 051 | valid on 'valid' subset | loss 5.984 | nll_loss 3.485 | ppl 11.2 | num_updates 34825 | best_loss 5.98386
| epoch 052 | loss 4.796 | nll_loss 2.319 | ppl 4.99 | wps 51416 | ups 4 | wpb 13016.980 | bsz 946.969 | num_updates 35508 | lr 0.000335635 | gnorm 0.183 | clip 1.000 | oom 0.000 | loss_scale 32.000 | wall 9136 | train_wall 7430
| epoch 052 | valid on 'valid' subset | loss 6.020 | nll_loss 3.523 | ppl 11.5 | num_updates 35508 | best_loss 6.0205
| epoch 053 | loss 4.793 | nll_loss 2.316 | ppl 4.98 | wps 51079 | ups 4 | wpb 13016.980 | bsz 946.969 | num_updates 36191 | lr 0.000332453 | gnorm 0.184 | clip 1.000 | oom 0.000 | loss_scale 32.000 | wall 9311 | train_wall 7573
| epoch 053 | valid on 'valid' subset | loss 5.990 | nll_loss 3.487 | ppl 11.21 | num_updates 36191 | best_loss 5.98969
| epoch 054 | loss 4.790 | nll_loss 2.312 | ppl 4.97 | wps 51212 | ups 4 | wpb 13016.980 | bsz 946.969 | num_updates 36874 | lr 0.000329359 | gnorm 0.183 | clip 1.000 | oom 0.000 | loss_scale 64.000 | wall 9486 | train_wall 7715
| epoch 054 | valid on 'valid' subset | loss 5.996 | nll_loss 3.497 | ppl 11.29 | num_updates 36874 | best_loss 5.99622
| epoch 055 | loss 4.787 | nll_loss 2.308 | ppl 4.95 | wps 51010 | ups 4 | wpb 13016.980 | bsz 946.969 | num_updates 37557 | lr 0.000326351 | gnorm 0.183 | clip 1.000 | oom 0.000 | loss_scale 64.000 | wall 9661 | train_wall 7858
| epoch 055 | valid on 'valid' subset | loss 5.982 | nll_loss 3.477 | ppl 11.14 | num_updates 37557 | best_loss 5.9821
| epoch 056 | loss 4.784 | nll_loss 2.304 | ppl 4.94 | wps 51419 | ups 4 | wpb 13016.980 | bsz 946.969 | num_updates 38240 | lr 0.000323423 | gnorm 0.182 | clip 1.000 | oom 0.000 | loss_scale 64.000 | wall 9835 | train_wall 8000
| epoch 056 | valid on 'valid' subset | loss 6.001 | nll_loss 3.498 | ppl 11.29 | num_updates 38240 | best_loss 6.0008
| epoch 057 | loss 4.781 | nll_loss 2.301 | ppl 4.93 | wps 51493 | ups 4 | wpb 13016.980 | bsz 946.969 | num_updates 38923 | lr 0.000320573 | gnorm 0.183 | clip 1.000 | oom 0.000 | loss_scale 64.000 | wall 10009 | train_wall 8143
| epoch 057 | valid on 'valid' subset | loss 5.973 | nll_loss 3.466 | ppl 11.05 | num_updates 38923 | best_loss 5.97313
| epoch 058 | loss 4.778 | nll_loss 2.298 | ppl 4.92 | wps 51424 | ups 4 | wpb 13016.980 | bsz 946.969 | num_updates 39606 | lr 0.000317797 | gnorm 0.184 | clip 1.000 | oom 0.000 | loss_scale 64.000 | wall 10182 | train_wall 8285
| epoch 058 | valid on 'valid' subset | loss 5.974 | nll_loss 3.471 | ppl 11.09 | num_updates 39606 | best_loss 5.97447
| epoch 059 | loss 4.775 | nll_loss 2.294 | ppl 4.9 | wps 51306 | ups 4 | wpb 13016.980 | bsz 946.969 | num_updates 40289 | lr 0.000315092 | gnorm 0.183 | clip 1.000 | oom 0.000 | loss_scale 64.000 | wall 10357 | train_wall 8427
| epoch 059 | valid on 'valid' subset | loss 5.975 | nll_loss 3.473 | ppl 11.1 | num_updates 40289 | best_loss 5.97507
| WARNING: overflow detected, setting loss scale to: 64.0
| epoch 060 | loss 4.773 | nll_loss 2.291 | ppl 4.89 | wps 51278 | ups 4 | wpb 13014.581 | bsz 947.267 | num_updates 40971 | lr 0.000312458 | gnorm 0.183 | clip 1.000 | oom 0.000 | loss_scale 64.000 | wall 10530 | train_wall 8570
| epoch 060 | valid on 'valid' subset | loss 5.982 | nll_loss 3.482 | ppl 11.17 | num_updates 40971 | best_loss 5.98218
| saved checkpoint ./checkpoints/2020-07-07T02-59-04-00-exp31-lmvr-si-seed14/checkpoints_si_en/checkpoint60.pt (epoch 60 @ 40971 updates) (writing took 0.9952383041381836 seconds)
| epoch 061 | loss 4.770 | nll_loss 2.288 | ppl 4.88 | wps 50959 | ups 4 | wpb 13016.980 | bsz 946.969 | num_updates 41654 | lr 0.000309886 | gnorm 0.183 | clip 1.000 | oom 0.000 | loss_scale 64.000 | wall 10707 | train_wall 8713
| epoch 061 | valid on 'valid' subset | loss 5.947 | nll_loss 3.435 | ppl 10.81 | num_updates 41654 | best_loss 5.94658
| epoch 062 | loss 4.768 | nll_loss 2.284 | ppl 4.87 | wps 51862 | ups 4 | wpb 13016.980 | bsz 946.969 | num_updates 42337 | lr 0.000307376 | gnorm 0.184 | clip 1.000 | oom 0.000 | loss_scale 64.000 | wall 10879 | train_wall 8854
| epoch 062 | valid on 'valid' subset | loss 5.980 | nll_loss 3.466 | ppl 11.05 | num_updates 42337 | best_loss 5.98007
| WARNING: overflow detected, setting loss scale to: 32.0
| epoch 063 | loss 4.765 | nll_loss 2.280 | ppl 4.86 | wps 51576 | ups 4 | wpb 13021.512 | bsz 947.900 | num_updates 43019 | lr 0.00030493 | gnorm 0.183 | clip 1.000 | oom 0.000 | loss_scale 32.000 | wall 11052 | train_wall 8997
| epoch 063 | valid on 'valid' subset | loss 5.970 | nll_loss 3.462 | ppl 11.02 | num_updates 43019 | best_loss 5.9696
| epoch 064 | loss 4.763 | nll_loss 2.279 | ppl 4.85 | wps 51747 | ups 4 | wpb 13016.980 | bsz 946.969 | num_updates 43702 | lr 0.000302538 | gnorm 0.184 | clip 1.000 | oom 0.000 | loss_scale 32.000 | wall 11225 | train_wall 9138
| epoch 064 | valid on 'valid' subset | loss 5.952 | nll_loss 3.446 | ppl 10.9 | num_updates 43702 | best_loss 5.95164
| epoch 065 | loss 4.760 | nll_loss 2.275 | ppl 4.84 | wps 51751 | ups 4 | wpb 13016.980 | bsz 946.969 | num_updates 44385 | lr 0.000300201 | gnorm 0.184 | clip 1.000 | oom 0.000 | loss_scale 32.000 | wall 11398 | train_wall 9279
| epoch 065 | valid on 'valid' subset | loss 5.960 | nll_loss 3.447 | ppl 10.9 | num_updates 44385 | best_loss 5.96024
| epoch 066 | loss 4.759 | nll_loss 2.273 | ppl 4.83 | wps 51448 | ups 4 | wpb 13016.980 | bsz 946.969 | num_updates 45068 | lr 0.000297917 | gnorm 0.184 | clip 1.000 | oom 0.000 | loss_scale 32.000 | wall 11571 | train_wall 9422
| epoch 066 | valid on 'valid' subset | loss 5.965 | nll_loss 3.461 | ppl 11.01 | num_updates 45068 | best_loss 5.96478
| epoch 067 | loss 4.756 | nll_loss 2.270 | ppl 4.82 | wps 51459 | ups 4 | wpb 13016.980 | bsz 946.969 | num_updates 45751 | lr 0.000295685 | gnorm 0.184 | clip 1.000 | oom 0.000 | loss_scale 32.000 | wall 11745 | train_wall 9565
| epoch 067 | valid on 'valid' subset | loss 5.957 | nll_loss 3.444 | ppl 10.88 | num_updates 45751 | best_loss 5.95657
| WARNING: overflow detected, setting loss scale to: 16.0
| epoch 068 | loss 4.754 | nll_loss 2.267 | ppl 4.81 | wps 50861 | ups 4 | wpb 13014.260 | bsz 946.587 | num_updates 46433 | lr 0.000293506 | gnorm 0.183 | clip 1.000 | oom 0.000 | loss_scale 16.000 | wall 11920 | train_wall 9708
| epoch 068 | valid on 'valid' subset | loss 5.947 | nll_loss 3.430 | ppl 10.78 | num_updates 46433 | best_loss 5.9475
| epoch 069 | loss 4.752 | nll_loss 2.264 | ppl 4.8 | wps 51094 | ups 4 | wpb 13016.980 | bsz 946.969 | num_updates 47116 | lr 0.000291371 | gnorm 0.185 | clip 1.000 | oom 0.000 | loss_scale 16.000 | wall 12095 | train_wall 9851
| epoch 069 | valid on 'valid' subset | loss 5.952 | nll_loss 3.437 | ppl 10.83 | num_updates 47116 | best_loss 5.9517
| epoch 070 | loss 4.749 | nll_loss 2.261 | ppl 4.79 | wps 51178 | ups 4 | wpb 13016.980 | bsz 946.969 | num_updates 47799 | lr 0.000289281 | gnorm 0.184 | clip 1.000 | oom 0.000 | loss_scale 16.000 | wall 12270 | train_wall 9994
| epoch 070 | valid on 'valid' subset | loss 5.946 | nll_loss 3.432 | ppl 10.79 | num_updates 47799 | best_loss 5.94561
| saved checkpoint ./checkpoints/2020-07-07T02-59-04-00-exp31-lmvr-si-seed14/checkpoints_si_en/checkpoint70.pt (epoch 70 @ 47799 updates) (writing took 0.9739141464233398 seconds)
| epoch 071 | loss 4.748 | nll_loss 2.259 | ppl 4.79 | wps 50666 | ups 4 | wpb 13016.980 | bsz 946.969 | num_updates 48482 | lr 0.000287237 | gnorm 0.185 | clip 1.000 | oom 0.000 | loss_scale 16.000 | wall 12447 | train_wall 10137
| epoch 071 | valid on 'valid' subset | loss 5.991 | nll_loss 3.488 | ppl 11.22 | num_updates 48482 | best_loss 5.94561
| epoch 072 | loss 4.746 | nll_loss 2.257 | ppl 4.78 | wps 51289 | ups 4 | wpb 13016.980 | bsz 946.969 | num_updates 49165 | lr 0.000285234 | gnorm 0.185 | clip 1.000 | oom 0.000 | loss_scale 16.000 | wall 12622 | train_wall 10279
| epoch 072 | valid on 'valid' subset | loss 5.946 | nll_loss 3.435 | ppl 10.82 | num_updates 49165 | best_loss 5.94561
| epoch 073 | loss 4.743 | nll_loss 2.253 | ppl 4.77 | wps 50737 | ups 4 | wpb 13016.980 | bsz 946.969 | num_updates 49848 | lr 0.000283274 | gnorm 0.185 | clip 1.000 | oom 0.000 | loss_scale 16.000 | wall 12798 | train_wall 10423
| epoch 073 | valid on 'valid' subset | loss 5.938 | nll_loss 3.422 | ppl 10.72 | num_updates 49848 | best_loss 5.93756
| epoch 074 | loss 4.742 | nll_loss 2.252 | ppl 4.76 | wps 51724 | ups 4 | wpb 13016.980 | bsz 946.969 | num_updates 50531 | lr 0.000281353 | gnorm 0.185 | clip 1.000 | oom 0.000 | loss_scale 32.000 | wall 12971 | train_wall 10565
| epoch 074 | valid on 'valid' subset | loss 5.939 | nll_loss 3.424 | ppl 10.73 | num_updates 50531 | best_loss 5.93943
| epoch 075 | loss 4.740 | nll_loss 2.250 | ppl 4.76 | wps 51614 | ups 4 | wpb 13016.980 | bsz 946.969 | num_updates 51214 | lr 0.00027947 | gnorm 0.187 | clip 1.000 | oom 0.000 | loss_scale 32.000 | wall 13144 | train_wall 10707
| epoch 075 | valid on 'valid' subset | loss 5.914 | nll_loss 3.397 | ppl 10.53 | num_updates 51214 | best_loss 5.91391
| WARNING: overflow detected, setting loss scale to: 16.0
| epoch 076 | loss 4.738 | nll_loss 2.248 | ppl 4.75 | wps 51056 | ups 4 | wpb 13016.053 | bsz 947.173 | num_updates 51896 | lr 0.000277628 | gnorm 0.184 | clip 1.000 | oom 0.000 | loss_scale 16.000 | wall 13319 | train_wall 10851
| epoch 076 | valid on 'valid' subset | loss 5.906 | nll_loss 3.385 | ppl 10.44 | num_updates 51896 | best_loss 5.90622
| epoch 077 | loss 4.736 | nll_loss 2.245 | ppl 4.74 | wps 51360 | ups 4 | wpb 13016.980 | bsz 946.969 | num_updates 52579 | lr 0.000275819 | gnorm 0.186 | clip 1.000 | oom 0.000 | loss_scale 16.000 | wall 13493 | train_wall 10993
| epoch 077 | valid on 'valid' subset | loss 5.949 | nll_loss 3.442 | ppl 10.87 | num_updates 52579 | best_loss 5.94561
| epoch 078 | loss 4.735 | nll_loss 2.243 | ppl 4.73 | wps 51677 | ups 4 | wpb 13016.980 | bsz 946.969 | num_updates 53262 | lr 0.000274045 | gnorm 0.185 | clip 1.000 | oom 0.000 | loss_scale 16.000 | wall 13666 | train_wall 11135
| epoch 078 | valid on 'valid' subset | loss 5.937 | nll_loss 3.424 | ppl 10.73 | num_updates 53262 | best_loss 5.93685
| epoch 079 | loss 4.733 | nll_loss 2.240 | ppl 4.72 | wps 51027 | ups 4 | wpb 13016.980 | bsz 946.969 | num_updates 53945 | lr 0.000272304 | gnorm 0.185 | clip 1.000 | oom 0.000 | loss_scale 16.000 | wall 13841 | train_wall 11278
| epoch 079 | valid on 'valid' subset | loss 5.936 | nll_loss 3.418 | ppl 10.69 | num_updates 53945 | best_loss 5.93629
| epoch 080 | loss 4.731 | nll_loss 2.238 | ppl 4.72 | wps 51409 | ups 4 | wpb 13016.980 | bsz 946.969 | num_updates 54628 | lr 0.000270597 | gnorm 0.186 | clip 1.000 | oom 0.000 | loss_scale 16.000 | wall 14014 | train_wall 11421
| epoch 080 | valid on 'valid' subset | loss 5.919 | nll_loss 3.406 | ppl 10.6 | num_updates 54628 | best_loss 5.91922
| saved checkpoint ./checkpoints/2020-07-07T02-59-04-00-exp31-lmvr-si-seed14/checkpoints_si_en/checkpoint80.pt (epoch 80 @ 54628 updates) (writing took 1.0759468078613281 seconds)
| epoch 081 | loss 4.729 | nll_loss 2.236 | ppl 4.71 | wps 51421 | ups 4 | wpb 13016.980 | bsz 946.969 | num_updates 55311 | lr 0.000268921 | gnorm 0.186 | clip 1.000 | oom 0.000 | loss_scale 16.000 | wall 14189 | train_wall 11563
| epoch 081 | valid on 'valid' subset | loss 5.919 | nll_loss 3.399 | ppl 10.55 | num_updates 55311 | best_loss 5.91861
| epoch 082 | loss 4.728 | nll_loss 2.234 | ppl 4.7 | wps 51307 | ups 4 | wpb 13016.980 | bsz 946.969 | num_updates 55994 | lr 0.000267276 | gnorm 0.186 | clip 1.000 | oom 0.000 | loss_scale 32.000 | wall 14364 | train_wall 11706
| epoch 082 | valid on 'valid' subset | loss 5.913 | nll_loss 3.392 | ppl 10.5 | num_updates 55994 | best_loss 5.91259
| epoch 083 | loss 4.726 | nll_loss 2.232 | ppl 4.7 | wps 51087 | ups 4 | wpb 13016.980 | bsz 946.969 | num_updates 56677 | lr 0.00026566 | gnorm 0.187 | clip 1.000 | oom 0.000 | loss_scale 32.000 | wall 14539 | train_wall 11849
| epoch 083 | valid on 'valid' subset | loss 5.915 | nll_loss 3.398 | ppl 10.54 | num_updates 56677 | best_loss 5.91525
| epoch 084 | loss 4.724 | nll_loss 2.229 | ppl 4.69 | wps 51367 | ups 4 | wpb 13016.980 | bsz 946.969 | num_updates 57360 | lr 0.000264074 | gnorm 0.187 | clip 1.000 | oom 0.000 | loss_scale 32.000 | wall 14712 | train_wall 11992
| epoch 084 | valid on 'valid' subset | loss 5.907 | nll_loss 3.388 | ppl 10.47 | num_updates 57360 | best_loss 5.90709
| epoch 085 | loss 4.723 | nll_loss 2.227 | ppl 4.68 | wps 51200 | ups 4 | wpb 13016.980 | bsz 946.969 | num_updates 58043 | lr 0.000262516 | gnorm 0.186 | clip 1.000 | oom 0.000 | loss_scale 32.000 | wall 14887 | train_wall 12134
| epoch 085 | valid on 'valid' subset | loss 5.903 | nll_loss 3.386 | ppl 10.46 | num_updates 58043 | best_loss 5.90264
| epoch 086 | loss 4.721 | nll_loss 2.225 | ppl 4.68 | wps 50998 | ups 4 | wpb 13016.980 | bsz 946.969 | num_updates 58726 | lr 0.000260985 | gnorm 0.186 | clip 1.000 | oom 0.000 | loss_scale 32.000 | wall 15062 | train_wall 12278
| epoch 086 | valid on 'valid' subset | loss 5.913 | nll_loss 3.395 | ppl 10.52 | num_updates 58726 | best_loss 5.91307
| epoch 087 | loss 4.720 | nll_loss 2.224 | ppl 4.67 | wps 51561 | ups 4 | wpb 13016.980 | bsz 946.969 | num_updates 59409 | lr 0.00025948 | gnorm 0.188 | clip 1.000 | oom 0.000 | loss_scale 32.000 | wall 15236 | train_wall 12420
| epoch 087 | valid on 'valid' subset | loss 5.939 | nll_loss 3.424 | ppl 10.73 | num_updates 59409 | best_loss 5.91922
| epoch 088 | loss 4.718 | nll_loss 2.221 | ppl 4.66 | wps 51226 | ups 4 | wpb 13016.980 | bsz 946.969 | num_updates 60092 | lr 0.000258001 | gnorm 0.187 | clip 1.000 | oom 0.000 | loss_scale 64.000 | wall 15410 | train_wall 12562
| epoch 088 | valid on 'valid' subset | loss 5.909 | nll_loss 3.393 | ppl 10.5 | num_updates 60092 | best_loss 5.90925
| epoch 089 | loss 4.717 | nll_loss 2.220 | ppl 4.66 | wps 51053 | ups 4 | wpb 13016.980 | bsz 946.969 | num_updates 60775 | lr 0.000256547 | gnorm 0.188 | clip 1.000 | oom 0.000 | loss_scale 64.000 | wall 15585 | train_wall 12705
| epoch 089 | valid on 'valid' subset | loss 5.908 | nll_loss 3.386 | ppl 10.46 | num_updates 60775 | best_loss 5.90843
| epoch 090 | loss 4.715 | nll_loss 2.218 | ppl 4.65 | wps 51239 | ups 4 | wpb 13016.980 | bsz 946.969 | num_updates 61458 | lr 0.000255118 | gnorm 0.186 | clip 1.000 | oom 0.000 | loss_scale 64.000 | wall 15759 | train_wall 12848
| epoch 090 | valid on 'valid' subset | loss 5.922 | nll_loss 3.402 | ppl 10.57 | num_updates 61458 | best_loss 5.91922
| saved checkpoint ./checkpoints/2020-07-07T02-59-04-00-exp31-lmvr-si-seed14/checkpoints_si_en/checkpoint90.pt (epoch 90 @ 61458 updates) (writing took 0.6344811916351318 seconds)
| epoch 091 | loss 4.714 | nll_loss 2.217 | ppl 4.65 | wps 51458 | ups 4 | wpb 13016.980 | bsz 946.969 | num_updates 62141 | lr 0.000253712 | gnorm 0.188 | clip 1.000 | oom 0.000 | loss_scale 64.000 | wall 15934 | train_wall 12990
| epoch 091 | valid on 'valid' subset | loss 5.901 | nll_loss 3.379 | ppl 10.4 | num_updates 62141 | best_loss 5.90143
| epoch 092 | loss 4.713 | nll_loss 2.215 | ppl 4.64 | wps 51216 | ups 4 | wpb 13016.980 | bsz 946.969 | num_updates 62824 | lr 0.000252329 | gnorm 0.188 | clip 1.000 | oom 0.000 | loss_scale 64.000 | wall 16108 | train_wall 13133
| epoch 092 | valid on 'valid' subset | loss 5.898 | nll_loss 3.376 | ppl 10.38 | num_updates 62824 | best_loss 5.89776
| WARNING: overflow detected, setting loss scale to: 32.0
| epoch 093 | loss 4.711 | nll_loss 2.213 | ppl 4.64 | wps 51288 | ups 4 | wpb 13016.246 | bsz 946.035 | num_updates 63506 | lr 0.00025097 | gnorm 0.187 | clip 1.000 | oom 0.000 | loss_scale 32.000 | wall 16282 | train_wall 13275
| epoch 093 | valid on 'valid' subset | loss 5.899 | nll_loss 3.380 | ppl 10.41 | num_updates 63506 | best_loss 5.89925
| epoch 094 | loss 4.710 | nll_loss 2.211 | ppl 4.63 | wps 51156 | ups 4 | wpb 13016.980 | bsz 946.969 | num_updates 64189 | lr 0.000249632 | gnorm 0.188 | clip 1.000 | oom 0.000 | loss_scale 32.000 | wall 16457 | train_wall 13418
| epoch 094 | valid on 'valid' subset | loss 5.884 | nll_loss 3.359 | ppl 10.26 | num_updates 64189 | best_loss 5.88381
| epoch 095 | loss 4.708 | nll_loss 2.209 | ppl 4.63 | wps 51166 | ups 4 | wpb 13016.980 | bsz 946.969 | num_updates 64872 | lr 0.000248314 | gnorm 0.188 | clip 1.000 | oom 0.000 | loss_scale 32.000 | wall 16632 | train_wall 13561
| epoch 095 | valid on 'valid' subset | loss 5.901 | nll_loss 3.386 | ppl 10.45 | num_updates 64872 | best_loss 5.9013
| epoch 096 | loss 4.707 | nll_loss 2.207 | ppl 4.62 | wps 51363 | ups 4 | wpb 13016.980 | bsz 946.969 | num_updates 65555 | lr 0.000247017 | gnorm 0.188 | clip 1.000 | oom 0.000 | loss_scale 32.000 | wall 16806 | train_wall 13703
| epoch 096 | valid on 'valid' subset | loss 5.900 | nll_loss 3.379 | ppl 10.41 | num_updates 65555 | best_loss 5.89995
| epoch 097 | loss 4.705 | nll_loss 2.205 | ppl 4.61 | wps 51112 | ups 4 | wpb 13016.980 | bsz 946.969 | num_updates 66238 | lr 0.00024574 | gnorm 0.188 | clip 1.000 | oom 0.000 | loss_scale 32.000 | wall 16980 | train_wall 13846
| epoch 097 | valid on 'valid' subset | loss 5.911 | nll_loss 3.395 | ppl 10.52 | num_updates 66238 | best_loss 5.91127
| epoch 098 | loss 4.704 | nll_loss 2.204 | ppl 4.61 | wps 51503 | ups 4 | wpb 13016.980 | bsz 946.969 | num_updates 66921 | lr 0.000244483 | gnorm 0.188 | clip 1.000 | oom 0.000 | loss_scale 32.000 | wall 17154 | train_wall 13989
| epoch 098 | valid on 'valid' subset | loss 5.880 | nll_loss 3.358 | ppl 10.25 | num_updates 66921 | best_loss 5.87978
| epoch 099 | loss 4.703 | nll_loss 2.203 | ppl 4.6 | wps 51471 | ups 4 | wpb 13016.980 | bsz 946.969 | num_updates 67604 | lr 0.000243245 | gnorm 0.188 | clip 1.000 | oom 0.000 | loss_scale 64.000 | wall 17328 | train_wall 14132
| epoch 099 | valid on 'valid' subset | loss 5.896 | nll_loss 3.372 | ppl 10.35 | num_updates 67604 | best_loss 5.89638
| epoch 100 | loss 4.701 | nll_loss 2.201 | ppl 4.6 | wps 51589 | ups 4 | wpb 13016.980 | bsz 946.969 | num_updates 68287 | lr 0.000242025 | gnorm 0.190 | clip 1.000 | oom 0.000 | loss_scale 64.000 | wall 17501 | train_wall 14274
| epoch 100 | valid on 'valid' subset | loss 5.877 | nll_loss 3.356 | ppl 10.24 | num_updates 68287 | best_loss 5.87747
| saved checkpoint ./checkpoints/2020-07-07T02-59-04-00-exp31-lmvr-si-seed14/checkpoints_si_en/checkpoint100.pt (epoch 100 @ 68287 updates) (writing took 1.0145235061645508 seconds)
| done training in 17497.2 seconds
Done training.
Time at end: Tue Jul 7 07:50:51 EDT 2020
