================ FLORES BASELINE WITH CLIP_NORM=0.1, BPE=2500 AND SEED=16  ================
About to train the supervised for the following language pair: EN-SI
CHECKPOINT_DIR is set to './checkpoints/2020-05-30T03-54-04-00-exp27-bpe2500-si-052720-seed16-nonjoint/checkpoints_en_si'
Creating checkpoint directory if it doesn't exist...
Data folder is: data-bin/wiki_si_en_bpe2500_nonjoint/
Beginning training...
Time at beginning: Sat May 30 09:17:59 EDT 2020
This is train_fairseq
Namespace(activation_dropout=0.2, activation_fn='relu', adam_betas='(0.9, 0.98)', adam_eps=1e-08, adaptive_input=False, adaptive_softmax_cutoff=None, adaptive_softmax_dropout=0, arch='transformer', attention_dropout=0.2, best_checkpoint_metric='loss', bpe=None, bucket_cap_mb=25, clip_norm=0.1, cpu=False, criterion='label_smoothed_cross_entropy', cross_self_attention=False, curriculum=0, data='data-bin/wiki_si_en_bpe2500_nonjoint/', dataset_impl=None, ddp_backend='c10d', decoder_attention_heads=2, decoder_embed_dim=512, decoder_embed_path=None, decoder_ffn_embed_dim=2048, decoder_input_dim=512, decoder_layerdrop=0, decoder_layers=5, decoder_layers_to_keep=None, decoder_learned_pos=False, decoder_normalize_before=True, decoder_output_dim=512, device_id=0, disable_validation=False, distributed_backend='nccl', distributed_init_method=None, distributed_no_spawn=False, distributed_port=-1, distributed_rank=0, distributed_world_size=1, dropout=0.4, empty_cache_freq=0, encoder_attention_heads=2, encoder_embed_dim=512, encoder_embed_path=None, encoder_ffn_embed_dim=2048, encoder_layerdrop=0, encoder_layers=5, encoder_layers_to_keep=None, encoder_learned_pos=False, encoder_normalize_before=True, fast_stat_sync=False, find_unused_parameters=False, fix_batches_to_gpus=False, fixed_validation_seed=None, fp16=True, fp16_init_scale=128, fp16_scale_tolerance=0.0, fp16_scale_window=None, keep_interval_updates=-1, keep_last_epochs=-1, label_smoothing=0.2, layer_wise_attention=False, layernorm_embedding=False, lazy_load=False, left_pad_source='True', left_pad_target='False', load_alignments=False, log_format=None, log_interval=1000, lr=[0.001], lr_scheduler='inverse_sqrt', max_epoch=100, max_sentences=None, max_sentences_valid=None, max_source_positions=1024, max_target_positions=1024, max_tokens=4000, max_tokens_valid=4000, max_update=0, maximize_best_checkpoint_metric=False, memory_efficient_fp16=False, min_loss_scale=0.0001, min_lr=1e-09, no_cross_attention=False, no_epoch_checkpoints=False, no_last_checkpoints=False, no_progress_bar=False, no_save=False, no_save_optimizer_state=False, no_scale_embedding=False, no_token_positional_embeddings=False, num_workers=1, optimizer='adam', optimizer_overrides='{}', raw_text=False, required_batch_size_multiple=8, reset_dataloader=False, reset_lr_scheduler=False, reset_meters=False, reset_optimizer=False, restore_file='checkpoint_last.pt', save_dir='./checkpoints/2020-05-30T03-54-04-00-exp27-bpe2500-si-052720-seed16-nonjoint/checkpoints_en_si', save_interval=10, save_interval_updates=0, seed=16, sentence_avg=False, share_all_embeddings=True, share_decoder_input_output_embed=False, skip_invalid_size_inputs_valid_test=False, source_lang='en', target_lang='si', task='translation', tensorboard_logdir='', threshold_loss_scale=None, tokenizer=None, train_subset='train', truncate_source=False, update_freq=[4], upsample_primary=1, use_bmuf=False, user_dir=None, valid_subset='valid', validate_interval=1, warmup_init_lr=1e-07, warmup_updates=4000, weight_decay=0.0001)
| [en] dictionary: 2632 types
| [si] dictionary: 2632 types
| loaded 2898 examples from: data-bin/wiki_si_en_bpe2500_nonjoint/valid.si-en.en
| loaded 2898 examples from: data-bin/wiki_si_en_bpe2500_nonjoint/valid.si-en.si
| data-bin/wiki_si_en_bpe2500_nonjoint/ valid en-si 2898 examples
TransformerModel(
  (encoder): TransformerEncoder(
    (embed_tokens): Embedding(2632, 512, padding_idx=1)
    (embed_positions): SinusoidalPositionalEmbedding()
    (layers): ModuleList(
      (0): TransformerEncoderLayer(
        (self_attn): MultiheadAttention(
          (k_proj): Linear(in_features=512, out_features=512, bias=True)
          (v_proj): Linear(in_features=512, out_features=512, bias=True)
          (q_proj): Linear(in_features=512, out_features=512, bias=True)
          (out_proj): Linear(in_features=512, out_features=512, bias=True)
        )
        (self_attn_layer_norm): LayerNorm((512,), eps=1e-05, elementwise_affine=True)
        (fc1): Linear(in_features=512, out_features=2048, bias=True)
        (fc2): Linear(in_features=2048, out_features=512, bias=True)
        (final_layer_norm): LayerNorm((512,), eps=1e-05, elementwise_affine=True)
      )
      (1): TransformerEncoderLayer(
        (self_attn): MultiheadAttention(
          (k_proj): Linear(in_features=512, out_features=512, bias=True)
          (v_proj): Linear(in_features=512, out_features=512, bias=True)
          (q_proj): Linear(in_features=512, out_features=512, bias=True)
          (out_proj): Linear(in_features=512, out_features=512, bias=True)
        )
        (self_attn_layer_norm): LayerNorm((512,), eps=1e-05, elementwise_affine=True)
        (fc1): Linear(in_features=512, out_features=2048, bias=True)
        (fc2): Linear(in_features=2048, out_features=512, bias=True)
        (final_layer_norm): LayerNorm((512,), eps=1e-05, elementwise_affine=True)
      )
      (2): TransformerEncoderLayer(
        (self_attn): MultiheadAttention(
          (k_proj): Linear(in_features=512, out_features=512, bias=True)
          (v_proj): Linear(in_features=512, out_features=512, bias=True)
          (q_proj): Linear(in_features=512, out_features=512, bias=True)
          (out_proj): Linear(in_features=512, out_features=512, bias=True)
        )
        (self_attn_layer_norm): LayerNorm((512,), eps=1e-05, elementwise_affine=True)
        (fc1): Linear(in_features=512, out_features=2048, bias=True)
        (fc2): Linear(in_features=2048, out_features=512, bias=True)
        (final_layer_norm): LayerNorm((512,), eps=1e-05, elementwise_affine=True)
      )
      (3): TransformerEncoderLayer(
        (self_attn): MultiheadAttention(
          (k_proj): Linear(in_features=512, out_features=512, bias=True)
          (v_proj): Linear(in_features=512, out_features=512, bias=True)
          (q_proj): Linear(in_features=512, out_features=512, bias=True)
          (out_proj): Linear(in_features=512, out_features=512, bias=True)
        )
        (self_attn_layer_norm): LayerNorm((512,), eps=1e-05, elementwise_affine=True)
        (fc1): Linear(in_features=512, out_features=2048, bias=True)
        (fc2): Linear(in_features=2048, out_features=512, bias=True)
        (final_layer_norm): LayerNorm((512,), eps=1e-05, elementwise_affine=True)
      )
      (4): TransformerEncoderLayer(
        (self_attn): MultiheadAttention(
          (k_proj): Linear(in_features=512, out_features=512, bias=True)
          (v_proj): Linear(in_features=512, out_features=512, bias=True)
          (q_proj): Linear(in_features=512, out_features=512, bias=True)
          (out_proj): Linear(in_features=512, out_features=512, bias=True)
        )
        (self_attn_layer_norm): LayerNorm((512,), eps=1e-05, elementwise_affine=True)
        (fc1): Linear(in_features=512, out_features=2048, bias=True)
        (fc2): Linear(in_features=2048, out_features=512, bias=True)
        (final_layer_norm): LayerNorm((512,), eps=1e-05, elementwise_affine=True)
      )
    )
    (layer_norm): LayerNorm((512,), eps=1e-05, elementwise_affine=True)
  )
  (decoder): TransformerDecoder(
    (embed_tokens): Embedding(2632, 512, padding_idx=1)
    (embed_positions): SinusoidalPositionalEmbedding()
    (layers): ModuleList(
      (0): TransformerDecoderLayer(
        (self_attn): MultiheadAttention(
          (k_proj): Linear(in_features=512, out_features=512, bias=True)
          (v_proj): Linear(in_features=512, out_features=512, bias=True)
          (q_proj): Linear(in_features=512, out_features=512, bias=True)
          (out_proj): Linear(in_features=512, out_features=512, bias=True)
        )
        (self_attn_layer_norm): LayerNorm((512,), eps=1e-05, elementwise_affine=True)
        (encoder_attn): MultiheadAttention(
          (k_proj): Linear(in_features=512, out_features=512, bias=True)
          (v_proj): Linear(in_features=512, out_features=512, bias=True)
          (q_proj): Linear(in_features=512, out_features=512, bias=True)
          (out_proj): Linear(in_features=512, out_features=512, bias=True)
        )
        (encoder_attn_layer_norm): LayerNorm((512,), eps=1e-05, elementwise_affine=True)
        (fc1): Linear(in_features=512, out_features=2048, bias=True)
        (fc2): Linear(in_features=2048, out_features=512, bias=True)
        (final_layer_norm): LayerNorm((512,), eps=1e-05, elementwise_affine=True)
      )
      (1): TransformerDecoderLayer(
        (self_attn): MultiheadAttention(
          (k_proj): Linear(in_features=512, out_features=512, bias=True)
          (v_proj): Linear(in_features=512, out_features=512, bias=True)
          (q_proj): Linear(in_features=512, out_features=512, bias=True)
          (out_proj): Linear(in_features=512, out_features=512, bias=True)
        )
        (self_attn_layer_norm): LayerNorm((512,), eps=1e-05, elementwise_affine=True)
        (encoder_attn): MultiheadAttention(
          (k_proj): Linear(in_features=512, out_features=512, bias=True)
          (v_proj): Linear(in_features=512, out_features=512, bias=True)
          (q_proj): Linear(in_features=512, out_features=512, bias=True)
          (out_proj): Linear(in_features=512, out_features=512, bias=True)
        )
        (encoder_attn_layer_norm): LayerNorm((512,), eps=1e-05, elementwise_affine=True)
        (fc1): Linear(in_features=512, out_features=2048, bias=True)
        (fc2): Linear(in_features=2048, out_features=512, bias=True)
        (final_layer_norm): LayerNorm((512,), eps=1e-05, elementwise_affine=True)
      )
      (2): TransformerDecoderLayer(
        (self_attn): MultiheadAttention(
          (k_proj): Linear(in_features=512, out_features=512, bias=True)
          (v_proj): Linear(in_features=512, out_features=512, bias=True)
          (q_proj): Linear(in_features=512, out_features=512, bias=True)
          (out_proj): Linear(in_features=512, out_features=512, bias=True)
        )
        (self_attn_layer_norm): LayerNorm((512,), eps=1e-05, elementwise_affine=True)
        (encoder_attn): MultiheadAttention(
          (k_proj): Linear(in_features=512, out_features=512, bias=True)
          (v_proj): Linear(in_features=512, out_features=512, bias=True)
          (q_proj): Linear(in_features=512, out_features=512, bias=True)
          (out_proj): Linear(in_features=512, out_features=512, bias=True)
        )
        (encoder_attn_layer_norm): LayerNorm((512,), eps=1e-05, elementwise_affine=True)
        (fc1): Linear(in_features=512, out_features=2048, bias=True)
        (fc2): Linear(in_features=2048, out_features=512, bias=True)
        (final_layer_norm): LayerNorm((512,), eps=1e-05, elementwise_affine=True)
      )
      (3): TransformerDecoderLayer(
        (self_attn): MultiheadAttention(
          (k_proj): Linear(in_features=512, out_features=512, bias=True)
          (v_proj): Linear(in_features=512, out_features=512, bias=True)
          (q_proj): Linear(in_features=512, out_features=512, bias=True)
          (out_proj): Linear(in_features=512, out_features=512, bias=True)
        )
        (self_attn_layer_norm): LayerNorm((512,), eps=1e-05, elementwise_affine=True)
        (encoder_attn): MultiheadAttention(
          (k_proj): Linear(in_features=512, out_features=512, bias=True)
          (v_proj): Linear(in_features=512, out_features=512, bias=True)
          (q_proj): Linear(in_features=512, out_features=512, bias=True)
          (out_proj): Linear(in_features=512, out_features=512, bias=True)
        )
        (encoder_attn_layer_norm): LayerNorm((512,), eps=1e-05, elementwise_affine=True)
        (fc1): Linear(in_features=512, out_features=2048, bias=True)
        (fc2): Linear(in_features=2048, out_features=512, bias=True)
        (final_layer_norm): LayerNorm((512,), eps=1e-05, elementwise_affine=True)
      )
      (4): TransformerDecoderLayer(
        (self_attn): MultiheadAttention(
          (k_proj): Linear(in_features=512, out_features=512, bias=True)
          (v_proj): Linear(in_features=512, out_features=512, bias=True)
          (q_proj): Linear(in_features=512, out_features=512, bias=True)
          (out_proj): Linear(in_features=512, out_features=512, bias=True)
        )
        (self_attn_layer_norm): LayerNorm((512,), eps=1e-05, elementwise_affine=True)
        (encoder_attn): MultiheadAttention(
          (k_proj): Linear(in_features=512, out_features=512, bias=True)
          (v_proj): Linear(in_features=512, out_features=512, bias=True)
          (q_proj): Linear(in_features=512, out_features=512, bias=True)
          (out_proj): Linear(in_features=512, out_features=512, bias=True)
        )
        (encoder_attn_layer_norm): LayerNorm((512,), eps=1e-05, elementwise_affine=True)
        (fc1): Linear(in_features=512, out_features=2048, bias=True)
        (fc2): Linear(in_features=2048, out_features=512, bias=True)
        (final_layer_norm): LayerNorm((512,), eps=1e-05, elementwise_affine=True)
      )
    )
    (layer_norm): LayerNorm((512,), eps=1e-05, elementwise_affine=True)
  )
)
| model transformer, criterion LabelSmoothedCrossEntropyCriterion
| num. model params: 38131712 (num. trained: 38131712)
| training on 1 GPUs
| max tokens per GPU = 4000 and max sentences per GPU = None
| no existing checkpoint found ./checkpoints/2020-05-30T03-54-04-00-exp27-bpe2500-si-052720-seed16-nonjoint/checkpoints_en_si/checkpoint_last.pt
| loading train data for epoch 0
| loaded 646686 examples from: data-bin/wiki_si_en_bpe2500_nonjoint/train.si-en.en
| loaded 646686 examples from: data-bin/wiki_si_en_bpe2500_nonjoint/train.si-en.si
| data-bin/wiki_si_en_bpe2500_nonjoint/ train en-si 646686 examples
| WARNING: overflow detected, setting loss scale to: 64.0
| WARNING: overflow detected, setting loss scale to: 32.0
| WARNING: overflow detected, setting loss scale to: 16.0
| epoch 001 | loss 9.311 | nll_loss 8.496 | ppl 361.13 | wps 36174 | ups 4 | wpb 8342.599 | bsz 763.452 | num_updates 843 | lr 0.000210829 | gnorm 0.810 | clip 1.000 | oom 0.000 | loss_scale 16.000 | wall 194 | train_wall 159
| epoch 001 | valid on 'valid' subset | loss 9.652 | nll_loss 8.826 | ppl 453.74 | num_updates 843
| epoch 002 | loss 7.820 | nll_loss 6.480 | ppl 89.24 | wps 37244 | ups 4 | wpb 8345.820 | bsz 764.404 | num_updates 1689 | lr 0.000422308 | gnorm 0.528 | clip 1.000 | oom 0.000 | loss_scale 16.000 | wall 385 | train_wall 317
| epoch 002 | valid on 'valid' subset | loss 8.704 | nll_loss 7.463 | ppl 176.46 | num_updates 1689
| epoch 003 | loss 7.162 | nll_loss 5.595 | ppl 48.32 | wps 37423 | ups 4 | wpb 8345.820 | bsz 764.404 | num_updates 2535 | lr 0.000633787 | gnorm 0.445 | clip 1.000 | oom 0.000 | loss_scale 16.000 | wall 575 | train_wall 474
| epoch 003 | valid on 'valid' subset | loss 8.481 | nll_loss 7.143 | ppl 141.31 | num_updates 2535
| epoch 004 | loss 6.781 | nll_loss 5.089 | ppl 34.04 | wps 37739 | ups 5 | wpb 8345.820 | bsz 764.404 | num_updates 3381 | lr 0.000845265 | gnorm 0.395 | clip 1.000 | oom 0.000 | loss_scale 16.000 | wall 763 | train_wall 631
| epoch 004 | valid on 'valid' subset | loss 8.158 | nll_loss 6.681 | ppl 102.59 | num_updates 3381
| epoch 005 | loss 6.515 | nll_loss 4.740 | ppl 26.73 | wps 37915 | ups 5 | wpb 8345.820 | bsz 764.404 | num_updates 4227 | lr 0.000972778 | gnorm 0.361 | clip 1.000 | oom 0.000 | loss_scale 32.000 | wall 950 | train_wall 787
| epoch 005 | valid on 'valid' subset | loss 7.921 | nll_loss 6.328 | ppl 80.31 | num_updates 4227
| epoch 006 | loss 6.300 | nll_loss 4.459 | ppl 22 | wps 37939 | ups 5 | wpb 8345.820 | bsz 764.404 | num_updates 5073 | lr 0.000887969 | gnorm 0.322 | clip 1.000 | oom 0.000 | loss_scale 32.000 | wall 1137 | train_wall 943
| epoch 006 | valid on 'valid' subset | loss 7.691 | nll_loss 5.988 | ppl 63.48 | num_updates 5073
| epoch 007 | loss 6.141 | nll_loss 4.253 | ppl 19.06 | wps 37456 | ups 4 | wpb 8345.820 | bsz 764.404 | num_updates 5919 | lr 0.000822064 | gnorm 0.301 | clip 1.000 | oom 0.000 | loss_scale 32.000 | wall 1326 | train_wall 1101
| epoch 007 | valid on 'valid' subset | loss 7.563 | nll_loss 5.811 | ppl 56.13 | num_updates 5919
| epoch 008 | loss 6.026 | nll_loss 4.103 | ppl 17.18 | wps 37617 | ups 5 | wpb 8345.820 | bsz 764.404 | num_updates 6765 | lr 0.000768946 | gnorm 0.286 | clip 1.000 | oom 0.000 | loss_scale 32.000 | wall 1515 | train_wall 1258
| epoch 008 | valid on 'valid' subset | loss 7.435 | nll_loss 5.634 | ppl 49.66 | num_updates 6765
| epoch 009 | loss 5.942 | nll_loss 3.994 | ppl 15.93 | wps 37692 | ups 5 | wpb 8345.820 | bsz 764.404 | num_updates 7611 | lr 0.000724952 | gnorm 0.276 | clip 1.000 | oom 0.000 | loss_scale 32.000 | wall 1703 | train_wall 1416
| epoch 009 | valid on 'valid' subset | loss 7.361 | nll_loss 5.539 | ppl 46.51 | num_updates 7611
| WARNING: overflow detected, setting loss scale to: 32.0
| epoch 010 | loss 5.875 | nll_loss 3.908 | ppl 15.01 | wps 37549 | ups 4 | wpb 8348.138 | bsz 764.002 | num_updates 8456 | lr 0.000687777 | gnorm 0.266 | clip 1.000 | oom 0.000 | loss_scale 32.000 | wall 1892 | train_wall 1573
| epoch 010 | valid on 'valid' subset | loss 7.305 | nll_loss 5.448 | ppl 43.64 | num_updates 8456
| saved checkpoint ./checkpoints/2020-05-30T03-54-04-00-exp27-bpe2500-si-052720-seed16-nonjoint/checkpoints_en_si/checkpoint10.pt (epoch 10 @ 8456 updates) (writing took 0.8424456119537354 seconds)
| epoch 011 | loss 5.822 | nll_loss 3.838 | ppl 14.3 | wps 37393 | ups 4 | wpb 8345.820 | bsz 764.404 | num_updates 9302 | lr 0.000655755 | gnorm 0.263 | clip 1.000 | oom 0.000 | loss_scale 32.000 | wall 2083 | train_wall 1731
| epoch 011 | valid on 'valid' subset | loss 7.228 | nll_loss 5.313 | ppl 39.76 | num_updates 9302 | best_loss 7.22842
| epoch 012 | loss 5.775 | nll_loss 3.778 | ppl 13.71 | wps 37404 | ups 4 | wpb 8345.820 | bsz 764.404 | num_updates 10148 | lr 0.000627827 | gnorm 0.257 | clip 1.000 | oom 0.000 | loss_scale 32.000 | wall 2272 | train_wall 1889
| epoch 012 | valid on 'valid' subset | loss 7.141 | nll_loss 5.223 | ppl 37.36 | num_updates 10148 | best_loss 7.14096
| epoch 013 | loss 5.736 | nll_loss 3.727 | ppl 13.24 | wps 37697 | ups 5 | wpb 8345.820 | bsz 764.404 | num_updates 10994 | lr 0.000603187 | gnorm 0.254 | clip 1.000 | oom 0.000 | loss_scale 32.000 | wall 2461 | train_wall 2046
| epoch 013 | valid on 'valid' subset | loss 7.088 | nll_loss 5.139 | ppl 35.24 | num_updates 10994 | best_loss 7.08779
| epoch 014 | loss 5.703 | nll_loss 3.685 | ppl 12.86 | wps 37442 | ups 4 | wpb 8345.820 | bsz 764.404 | num_updates 11840 | lr 0.000581238 | gnorm 0.251 | clip 1.000 | oom 0.000 | loss_scale 32.000 | wall 2650 | train_wall 2204
| epoch 014 | valid on 'valid' subset | loss 7.059 | nll_loss 5.087 | ppl 34 | num_updates 11840 | best_loss 7.05942
| WARNING: overflow detected, setting loss scale to: 32.0
| epoch 015 | loss 5.674 | nll_loss 3.647 | ppl 12.53 | wps 37676 | ups 5 | wpb 8346.675 | bsz 763.548 | num_updates 12685 | lr 0.000561545 | gnorm 0.249 | clip 1.000 | oom 0.000 | loss_scale 32.000 | wall 2838 | train_wall 2360
| epoch 015 | valid on 'valid' subset | loss 7.000 | nll_loss 5.019 | ppl 32.42 | num_updates 12685 | best_loss 7.00049
| epoch 016 | loss 5.647 | nll_loss 3.612 | ppl 12.23 | wps 37485 | ups 4 | wpb 8345.820 | bsz 764.404 | num_updates 13531 | lr 0.000543707 | gnorm 0.247 | clip 1.000 | oom 0.000 | loss_scale 32.000 | wall 3028 | train_wall 2518
| epoch 016 | valid on 'valid' subset | loss 6.971 | nll_loss 4.971 | ppl 31.37 | num_updates 13531 | best_loss 6.97146
| epoch 017 | loss 5.623 | nll_loss 3.582 | ppl 11.98 | wps 37530 | ups 4 | wpb 8345.820 | bsz 764.404 | num_updates 14377 | lr 0.000527468 | gnorm 0.245 | clip 1.000 | oom 0.000 | loss_scale 32.000 | wall 3217 | train_wall 2676
| epoch 017 | valid on 'valid' subset | loss 6.957 | nll_loss 4.941 | ppl 30.71 | num_updates 14377 | best_loss 6.95734
| epoch 018 | loss 5.602 | nll_loss 3.554 | ppl 11.75 | wps 37904 | ups 5 | wpb 8345.820 | bsz 764.404 | num_updates 15223 | lr 0.000512601 | gnorm 0.245 | clip 1.000 | oom 0.000 | loss_scale 32.000 | wall 3404 | train_wall 2832
| epoch 018 | valid on 'valid' subset | loss 6.950 | nll_loss 4.942 | ppl 30.73 | num_updates 15223 | best_loss 6.95041
| epoch 019 | loss 5.583 | nll_loss 3.530 | ppl 11.55 | wps 37716 | ups 5 | wpb 8345.820 | bsz 764.404 | num_updates 16069 | lr 0.000498925 | gnorm 0.242 | clip 1.000 | oom 0.000 | loss_scale 32.000 | wall 3592 | train_wall 2988
| epoch 019 | valid on 'valid' subset | loss 6.921 | nll_loss 4.891 | ppl 29.68 | num_updates 16069 | best_loss 6.92123
| epoch 020 | loss 5.565 | nll_loss 3.507 | ppl 11.37 | wps 37738 | ups 5 | wpb 8345.820 | bsz 764.404 | num_updates 16915 | lr 0.000486288 | gnorm 0.243 | clip 1.000 | oom 0.000 | loss_scale 64.000 | wall 3780 | train_wall 3145
| epoch 020 | valid on 'valid' subset | loss 6.878 | nll_loss 4.841 | ppl 28.66 | num_updates 16915 | best_loss 6.87824
| saved checkpoint ./checkpoints/2020-05-30T03-54-04-00-exp27-bpe2500-si-052720-seed16-nonjoint/checkpoints_en_si/checkpoint20.pt (epoch 20 @ 16915 updates) (writing took 1.0949666500091553 seconds)
| WARNING: overflow detected, setting loss scale to: 32.0
| epoch 021 | loss 5.549 | nll_loss 3.485 | ppl 11.2 | wps 37438 | ups 4 | wpb 8345.917 | bsz 763.804 | num_updates 17760 | lr 0.000474579 | gnorm 0.241 | clip 1.000 | oom 0.000 | loss_scale 32.000 | wall 3971 | train_wall 3302
| epoch 021 | valid on 'valid' subset | loss 6.873 | nll_loss 4.829 | ppl 28.41 | num_updates 17760 | best_loss 6.87278
| epoch 022 | loss 5.534 | nll_loss 3.467 | ppl 11.06 | wps 37527 | ups 4 | wpb 8345.820 | bsz 764.404 | num_updates 18606 | lr 0.000463664 | gnorm 0.242 | clip 1.000 | oom 0.000 | loss_scale 32.000 | wall 4160 | train_wall 3460
| epoch 022 | valid on 'valid' subset | loss 6.834 | nll_loss 4.778 | ppl 27.44 | num_updates 18606 | best_loss 6.83404
| epoch 023 | loss 5.520 | nll_loss 3.449 | ppl 10.92 | wps 37892 | ups 5 | wpb 8345.820 | bsz 764.404 | num_updates 19452 | lr 0.000453469 | gnorm 0.241 | clip 1.000 | oom 0.000 | loss_scale 32.000 | wall 4347 | train_wall 3617
| epoch 023 | valid on 'valid' subset | loss 6.812 | nll_loss 4.752 | ppl 26.94 | num_updates 19452 | best_loss 6.81222
| epoch 024 | loss 5.507 | nll_loss 3.432 | ppl 10.79 | wps 37527 | ups 4 | wpb 8345.820 | bsz 764.404 | num_updates 20298 | lr 0.000443919 | gnorm 0.241 | clip 1.000 | oom 0.000 | loss_scale 32.000 | wall 4536 | train_wall 3774
| epoch 024 | valid on 'valid' subset | loss 6.814 | nll_loss 4.750 | ppl 26.91 | num_updates 20298 | best_loss 6.81365
| epoch 025 | loss 5.494 | nll_loss 3.415 | ppl 10.67 | wps 37703 | ups 5 | wpb 8345.820 | bsz 764.404 | num_updates 21144 | lr 0.000434947 | gnorm 0.239 | clip 1.000 | oom 0.000 | loss_scale 32.000 | wall 4724 | train_wall 3930
| epoch 025 | valid on 'valid' subset | loss 6.791 | nll_loss 4.716 | ppl 26.29 | num_updates 21144 | best_loss 6.79062
| WARNING: overflow detected, setting loss scale to: 32.0
| epoch 026 | loss 5.483 | nll_loss 3.400 | ppl 10.56 | wps 37693 | ups 5 | wpb 8346.865 | bsz 764.163 | num_updates 21989 | lr 0.000426508 | gnorm 0.239 | clip 1.000 | oom 0.000 | loss_scale 32.000 | wall 4913 | train_wall 4087
| epoch 026 | valid on 'valid' subset | loss 6.779 | nll_loss 4.698 | ppl 25.95 | num_updates 21989 | best_loss 6.77941
| epoch 027 | loss 5.471 | nll_loss 3.386 | ppl 10.45 | wps 37586 | ups 5 | wpb 8345.820 | bsz 764.404 | num_updates 22835 | lr 0.000418533 | gnorm 0.240 | clip 1.000 | oom 0.000 | loss_scale 32.000 | wall 5101 | train_wall 4244
| epoch 027 | valid on 'valid' subset | loss 6.771 | nll_loss 4.693 | ppl 25.87 | num_updates 22835 | best_loss 6.77069
| epoch 028 | loss 5.461 | nll_loss 3.373 | ppl 10.36 | wps 37749 | ups 5 | wpb 8345.820 | bsz 764.404 | num_updates 23681 | lr 0.000410989 | gnorm 0.238 | clip 1.000 | oom 0.000 | loss_scale 32.000 | wall 5289 | train_wall 4401
| epoch 028 | valid on 'valid' subset | loss 6.746 | nll_loss 4.650 | ppl 25.1 | num_updates 23681 | best_loss 6.74552
| epoch 029 | loss 5.452 | nll_loss 3.360 | ppl 10.27 | wps 37713 | ups 5 | wpb 8345.820 | bsz 764.404 | num_updates 24527 | lr 0.000403839 | gnorm 0.238 | clip 1.000 | oom 0.000 | loss_scale 32.000 | wall 5478 | train_wall 4558
| epoch 029 | valid on 'valid' subset | loss 6.749 | nll_loss 4.655 | ppl 25.19 | num_updates 24527 | best_loss 6.74883
| epoch 030 | loss 5.443 | nll_loss 3.349 | ppl 10.19 | wps 37632 | ups 5 | wpb 8345.820 | bsz 764.404 | num_updates 25373 | lr 0.000397049 | gnorm 0.239 | clip 1.000 | oom 0.000 | loss_scale 32.000 | wall 5666 | train_wall 4715
| epoch 030 | valid on 'valid' subset | loss 6.721 | nll_loss 4.622 | ppl 24.62 | num_updates 25373 | best_loss 6.72109
| saved checkpoint ./checkpoints/2020-05-30T03-54-04-00-exp27-bpe2500-si-052720-seed16-nonjoint/checkpoints_en_si/checkpoint30.pt (epoch 30 @ 25373 updates) (writing took 1.076040267944336 seconds)
| epoch 031 | loss 5.433 | nll_loss 3.337 | ppl 10.1 | wps 37970 | ups 5 | wpb 8345.820 | bsz 764.404 | num_updates 26219 | lr 0.000390591 | gnorm 0.238 | clip 1.000 | oom 0.000 | loss_scale 64.000 | wall 5854 | train_wall 4871
| epoch 031 | valid on 'valid' subset | loss 6.735 | nll_loss 4.626 | ppl 24.7 | num_updates 26219 | best_loss 6.72109
| WARNING: overflow detected, setting loss scale to: 32.0
| epoch 032 | loss 5.426 | nll_loss 3.327 | ppl 10.03 | wps 37589 | ups 5 | wpb 8346.249 | bsz 763.680 | num_updates 27064 | lr 0.000384445 | gnorm 0.238 | clip 1.000 | oom 0.000 | loss_scale 32.000 | wall 6043 | train_wall 5029
| epoch 032 | valid on 'valid' subset | loss 6.717 | nll_loss 4.615 | ppl 24.5 | num_updates 27064 | best_loss 6.71685
| epoch 033 | loss 5.417 | nll_loss 3.316 | ppl 9.96 | wps 37586 | ups 5 | wpb 8345.820 | bsz 764.404 | num_updates 27910 | lr 0.000378573 | gnorm 0.237 | clip 1.000 | oom 0.000 | loss_scale 32.000 | wall 6232 | train_wall 5186
| epoch 033 | valid on 'valid' subset | loss 6.707 | nll_loss 4.600 | ppl 24.25 | num_updates 27910 | best_loss 6.70703
| epoch 034 | loss 5.410 | nll_loss 3.306 | ppl 9.89 | wps 37509 | ups 4 | wpb 8345.820 | bsz 764.404 | num_updates 28756 | lr 0.000372963 | gnorm 0.239 | clip 1.000 | oom 0.000 | loss_scale 32.000 | wall 6421 | train_wall 5343
| epoch 034 | valid on 'valid' subset | loss 6.688 | nll_loss 4.574 | ppl 23.81 | num_updates 28756 | best_loss 6.6885
| epoch 035 | loss 5.403 | nll_loss 3.297 | ppl 9.83 | wps 37285 | ups 4 | wpb 8345.820 | bsz 764.404 | num_updates 29602 | lr 0.000367595 | gnorm 0.240 | clip 1.000 | oom 0.000 | loss_scale 32.000 | wall 6611 | train_wall 5501
| epoch 035 | valid on 'valid' subset | loss 6.698 | nll_loss 4.591 | ppl 24.11 | num_updates 29602 | best_loss 6.69791
| epoch 036 | loss 5.395 | nll_loss 3.288 | ppl 9.77 | wps 37646 | ups 5 | wpb 8345.820 | bsz 764.404 | num_updates 30448 | lr 0.000362452 | gnorm 0.238 | clip 1.000 | oom 0.000 | loss_scale 32.000 | wall 6800 | train_wall 5658
| epoch 036 | valid on 'valid' subset | loss 6.695 | nll_loss 4.584 | ppl 23.99 | num_updates 30448 | best_loss 6.69538
| WARNING: overflow detected, setting loss scale to: 32.0
| epoch 037 | loss 5.389 | nll_loss 3.280 | ppl 9.71 | wps 37435 | ups 4 | wpb 8348.114 | bsz 763.785 | num_updates 31293 | lr 0.000357525 | gnorm 0.238 | clip 1.000 | oom 0.000 | loss_scale 32.000 | wall 6989 | train_wall 5816
| epoch 037 | valid on 'valid' subset | loss 6.687 | nll_loss 4.573 | ppl 23.8 | num_updates 31293 | best_loss 6.68722
| epoch 038 | loss 5.382 | nll_loss 3.271 | ppl 9.65 | wps 37761 | ups 5 | wpb 8345.820 | bsz 764.404 | num_updates 32139 | lr 0.000352788 | gnorm 0.239 | clip 1.000 | oom 0.000 | loss_scale 32.000 | wall 7177 | train_wall 5972
| epoch 038 | valid on 'valid' subset | loss 6.695 | nll_loss 4.581 | ppl 23.93 | num_updates 32139 | best_loss 6.695
| epoch 039 | loss 5.376 | nll_loss 3.263 | ppl 9.6 | wps 37721 | ups 5 | wpb 8345.820 | bsz 764.404 | num_updates 32985 | lr 0.000348234 | gnorm 0.238 | clip 1.000 | oom 0.000 | loss_scale 32.000 | wall 7365 | train_wall 6129
| epoch 039 | valid on 'valid' subset | loss 6.672 | nll_loss 4.556 | ppl 23.52 | num_updates 32985 | best_loss 6.67221
| epoch 040 | loss 5.371 | nll_loss 3.256 | ppl 9.55 | wps 37745 | ups 5 | wpb 8345.820 | bsz 764.404 | num_updates 33831 | lr 0.000343853 | gnorm 0.239 | clip 1.000 | oom 0.000 | loss_scale 32.000 | wall 7553 | train_wall 6286
| epoch 040 | valid on 'valid' subset | loss 6.660 | nll_loss 4.532 | ppl 23.14 | num_updates 33831 | best_loss 6.66027
| saved checkpoint ./checkpoints/2020-05-30T03-54-04-00-exp27-bpe2500-si-052720-seed16-nonjoint/checkpoints_en_si/checkpoint40.pt (epoch 40 @ 33831 updates) (writing took 1.0743076801300049 seconds)
| epoch 041 | loss 5.365 | nll_loss 3.248 | ppl 9.5 | wps 37882 | ups 5 | wpb 8345.820 | bsz 764.404 | num_updates 34677 | lr 0.000339632 | gnorm 0.240 | clip 1.000 | oom 0.000 | loss_scale 32.000 | wall 7742 | train_wall 6442
| epoch 041 | valid on 'valid' subset | loss 6.699 | nll_loss 4.589 | ppl 24.06 | num_updates 34677 | best_loss 6.66027
| WARNING: overflow detected, setting loss scale to: 32.0
| epoch 042 | loss 5.359 | nll_loss 3.241 | ppl 9.45 | wps 37553 | ups 5 | wpb 8344.904 | bsz 763.804 | num_updates 35522 | lr 0.000335569 | gnorm 0.238 | clip 1.000 | oom 0.000 | loss_scale 32.000 | wall 7930 | train_wall 6598
| epoch 042 | valid on 'valid' subset | loss 6.654 | nll_loss 4.530 | ppl 23.1 | num_updates 35522 | best_loss 6.65418
| epoch 043 | loss 5.353 | nll_loss 3.234 | ppl 9.41 | wps 37561 | ups 4 | wpb 8345.820 | bsz 764.404 | num_updates 36368 | lr 0.000331643 | gnorm 0.238 | clip 1.000 | oom 0.000 | loss_scale 32.000 | wall 8119 | train_wall 6756
| epoch 043 | valid on 'valid' subset | loss 6.649 | nll_loss 4.522 | ppl 22.97 | num_updates 36368 | best_loss 6.64925
| epoch 044 | loss 5.348 | nll_loss 3.227 | ppl 9.37 | wps 37891 | ups 5 | wpb 8345.820 | bsz 764.404 | num_updates 37214 | lr 0.000327851 | gnorm 0.239 | clip 1.000 | oom 0.000 | loss_scale 32.000 | wall 8307 | train_wall 6912
| epoch 044 | valid on 'valid' subset | loss 6.653 | nll_loss 4.534 | ppl 23.17 | num_updates 37214 | best_loss 6.65338
| epoch 045 | loss 5.344 | nll_loss 3.221 | ppl 9.33 | wps 37743 | ups 5 | wpb 8345.820 | bsz 764.404 | num_updates 38060 | lr 0.000324187 | gnorm 0.239 | clip 1.000 | oom 0.000 | loss_scale 32.000 | wall 8495 | train_wall 7069
| epoch 045 | valid on 'valid' subset | loss 6.643 | nll_loss 4.518 | ppl 22.92 | num_updates 38060 | best_loss 6.6432
| epoch 046 | loss 5.339 | nll_loss 3.216 | ppl 9.29 | wps 37789 | ups 5 | wpb 8345.820 | bsz 764.404 | num_updates 38906 | lr 0.000320643 | gnorm 0.239 | clip 1.000 | oom 0.000 | loss_scale 32.000 | wall 8682 | train_wall 7226
| epoch 046 | valid on 'valid' subset | loss 6.631 | nll_loss 4.486 | ppl 22.4 | num_updates 38906 | best_loss 6.63056
| epoch 047 | loss 5.334 | nll_loss 3.209 | ppl 9.25 | wps 37697 | ups 5 | wpb 8345.820 | bsz 764.404 | num_updates 39752 | lr 0.000317213 | gnorm 0.239 | clip 1.000 | oom 0.000 | loss_scale 64.000 | wall 8871 | train_wall 7383
| epoch 047 | valid on 'valid' subset | loss 6.635 | nll_loss 4.494 | ppl 22.54 | num_updates 39752 | best_loss 6.63506
| WARNING: overflow detected, setting loss scale to: 32.0
| epoch 048 | loss 5.329 | nll_loss 3.203 | ppl 9.21 | wps 37372 | ups 4 | wpb 8344.588 | bsz 763.908 | num_updates 40597 | lr 0.000313894 | gnorm 0.240 | clip 1.000 | oom 0.000 | loss_scale 32.000 | wall 9060 | train_wall 7540
| epoch 048 | valid on 'valid' subset | loss 6.626 | nll_loss 4.486 | ppl 22.41 | num_updates 40597 | best_loss 6.62568
| epoch 049 | loss 5.325 | nll_loss 3.197 | ppl 9.17 | wps 37462 | ups 4 | wpb 8345.820 | bsz 764.404 | num_updates 41443 | lr 0.000310674 | gnorm 0.239 | clip 1.000 | oom 0.000 | loss_scale 32.000 | wall 9250 | train_wall 7698
| epoch 049 | valid on 'valid' subset | loss 6.650 | nll_loss 4.521 | ppl 22.96 | num_updates 41443 | best_loss 6.65008
| epoch 050 | loss 5.321 | nll_loss 3.192 | ppl 9.14 | wps 37357 | ups 4 | wpb 8345.820 | bsz 764.404 | num_updates 42289 | lr 0.00030755 | gnorm 0.240 | clip 1.000 | oom 0.000 | loss_scale 32.000 | wall 9440 | train_wall 7856
| epoch 050 | valid on 'valid' subset | loss 6.627 | nll_loss 4.487 | ppl 22.42 | num_updates 42289 | best_loss 6.62681
| saved checkpoint ./checkpoints/2020-05-30T03-54-04-00-exp27-bpe2500-si-052720-seed16-nonjoint/checkpoints_en_si/checkpoint50.pt (epoch 50 @ 42289 updates) (writing took 1.088973045349121 seconds)
| epoch 051 | loss 5.317 | nll_loss 3.186 | ppl 9.1 | wps 37843 | ups 5 | wpb 8345.820 | bsz 764.404 | num_updates 43135 | lr 0.000304519 | gnorm 0.240 | clip 1.000 | oom 0.000 | loss_scale 32.000 | wall 9628 | train_wall 8012
| epoch 051 | valid on 'valid' subset | loss 6.631 | nll_loss 4.499 | ppl 22.61 | num_updates 43135 | best_loss 6.62681
| epoch 052 | loss 5.312 | nll_loss 3.181 | ppl 9.07 | wps 37212 | ups 4 | wpb 8345.820 | bsz 764.404 | num_updates 43981 | lr 0.000301576 | gnorm 0.242 | clip 1.000 | oom 0.000 | loss_scale 32.000 | wall 9819 | train_wall 8170
| epoch 052 | valid on 'valid' subset | loss 6.634 | nll_loss 4.500 | ppl 22.64 | num_updates 43981 | best_loss 6.62681
| WARNING: overflow detected, setting loss scale to: 32.0
| epoch 053 | loss 5.310 | nll_loss 3.177 | ppl 9.05 | wps 37461 | ups 4 | wpb 8346.764 | bsz 763.491 | num_updates 44826 | lr 0.00029872 | gnorm 0.240 | clip 1.000 | oom 0.000 | loss_scale 32.000 | wall 10008 | train_wall 8328
| epoch 053 | valid on 'valid' subset | loss 6.616 | nll_loss 4.480 | ppl 22.32 | num_updates 44826 | best_loss 6.61628
| epoch 054 | loss 5.305 | nll_loss 3.171 | ppl 9.01 | wps 37366 | ups 4 | wpb 8345.820 | bsz 764.404 | num_updates 45672 | lr 0.000295941 | gnorm 0.240 | clip 1.000 | oom 0.000 | loss_scale 32.000 | wall 10198 | train_wall 8485
| epoch 054 | valid on 'valid' subset | loss 6.600 | nll_loss 4.447 | ppl 21.81 | num_updates 45672 | best_loss 6.59993
| epoch 055 | loss 5.302 | nll_loss 3.167 | ppl 8.98 | wps 37688 | ups 5 | wpb 8345.820 | bsz 764.404 | num_updates 46518 | lr 0.000293237 | gnorm 0.241 | clip 1.000 | oom 0.000 | loss_scale 32.000 | wall 10386 | train_wall 8642
| epoch 055 | valid on 'valid' subset | loss 6.607 | nll_loss 4.461 | ppl 22.03 | num_updates 46518 | best_loss 6.60668
| epoch 056 | loss 5.298 | nll_loss 3.162 | ppl 8.95 | wps 37383 | ups 4 | wpb 8345.820 | bsz 764.404 | num_updates 47364 | lr 0.000290607 | gnorm 0.241 | clip 1.000 | oom 0.000 | loss_scale 32.000 | wall 10576 | train_wall 8799
| epoch 056 | valid on 'valid' subset | loss 6.628 | nll_loss 4.489 | ppl 22.46 | num_updates 47364 | best_loss 6.62681
| epoch 057 | loss 5.295 | nll_loss 3.158 | ppl 8.93 | wps 37706 | ups 5 | wpb 8345.820 | bsz 764.404 | num_updates 48210 | lr 0.000288046 | gnorm 0.241 | clip 1.000 | oom 0.000 | loss_scale 32.000 | wall 10765 | train_wall 8956
| epoch 057 | valid on 'valid' subset | loss 6.600 | nll_loss 4.449 | ppl 21.84 | num_updates 48210 | best_loss 6.59985
| epoch 058 | loss 5.291 | nll_loss 3.153 | ppl 8.89 | wps 37602 | ups 5 | wpb 8345.820 | bsz 764.404 | num_updates 49056 | lr 0.000285551 | gnorm 0.242 | clip 1.000 | oom 0.000 | loss_scale 64.000 | wall 10953 | train_wall 9112
| epoch 058 | valid on 'valid' subset | loss 6.561 | nll_loss 4.398 | ppl 21.08 | num_updates 49056 | best_loss 6.56097
| WARNING: overflow detected, setting loss scale to: 32.0
| epoch 059 | loss 5.288 | nll_loss 3.149 | ppl 8.87 | wps 37486 | ups 4 | wpb 8346.493 | bsz 763.927 | num_updates 49901 | lr 0.000283123 | gnorm 0.242 | clip 1.000 | oom 0.000 | loss_scale 32.000 | wall 11142 | train_wall 9269
| epoch 059 | valid on 'valid' subset | loss 6.582 | nll_loss 4.423 | ppl 21.45 | num_updates 49901 | best_loss 6.58187
| epoch 060 | loss 5.285 | nll_loss 3.145 | ppl 8.84 | wps 37798 | ups 5 | wpb 8345.820 | bsz 764.404 | num_updates 50747 | lr 0.000280753 | gnorm 0.243 | clip 1.000 | oom 0.000 | loss_scale 32.000 | wall 11330 | train_wall 9426
| epoch 060 | valid on 'valid' subset | loss 6.598 | nll_loss 4.449 | ppl 21.83 | num_updates 50747 | best_loss 6.59785
| saved checkpoint ./checkpoints/2020-05-30T03-54-04-00-exp27-bpe2500-si-052720-seed16-nonjoint/checkpoints_en_si/checkpoint60.pt (epoch 60 @ 50747 updates) (writing took 1.098386526107788 seconds)
| epoch 061 | loss 5.281 | nll_loss 3.140 | ppl 8.82 | wps 37890 | ups 5 | wpb 8345.820 | bsz 764.404 | num_updates 51593 | lr 0.000278442 | gnorm 0.242 | clip 1.000 | oom 0.000 | loss_scale 32.000 | wall 11519 | train_wall 9582
| epoch 061 | valid on 'valid' subset | loss 6.574 | nll_loss 4.411 | ppl 21.28 | num_updates 51593 | best_loss 6.57373
| epoch 062 | loss 5.278 | nll_loss 3.136 | ppl 8.79 | wps 37787 | ups 5 | wpb 8345.820 | bsz 764.404 | num_updates 52439 | lr 0.000276187 | gnorm 0.242 | clip 1.000 | oom 0.000 | loss_scale 32.000 | wall 11706 | train_wall 9739
| epoch 062 | valid on 'valid' subset | loss 6.600 | nll_loss 4.454 | ppl 21.92 | num_updates 52439 | best_loss 6.59785
| epoch 063 | loss 5.275 | nll_loss 3.133 | ppl 8.77 | wps 37874 | ups 5 | wpb 8345.820 | bsz 764.404 | num_updates 53285 | lr 0.000273985 | gnorm 0.242 | clip 1.000 | oom 0.000 | loss_scale 32.000 | wall 11894 | train_wall 9895
| epoch 063 | valid on 'valid' subset | loss 6.596 | nll_loss 4.445 | ppl 21.78 | num_updates 53285 | best_loss 6.59621
| WARNING: overflow detected, setting loss scale to: 32.0
| epoch 064 | loss 5.272 | nll_loss 3.129 | ppl 8.75 | wps 37504 | ups 4 | wpb 8344.198 | bsz 763.264 | num_updates 54130 | lr 0.000271839 | gnorm 0.242 | clip 1.000 | oom 0.000 | loss_scale 32.000 | wall 12083 | train_wall 10052
| epoch 064 | valid on 'valid' subset | loss 6.598 | nll_loss 4.453 | ppl 21.91 | num_updates 54130 | best_loss 6.59785
| epoch 065 | loss 5.269 | nll_loss 3.125 | ppl 8.72 | wps 37685 | ups 5 | wpb 8345.820 | bsz 764.404 | num_updates 54976 | lr 0.000269739 | gnorm 0.243 | clip 1.000 | oom 0.000 | loss_scale 32.000 | wall 12271 | train_wall 10209
| epoch 065 | valid on 'valid' subset | loss 6.574 | nll_loss 4.411 | ppl 21.27 | num_updates 54976 | best_loss 6.57425
| epoch 066 | loss 5.266 | nll_loss 3.121 | ppl 8.7 | wps 37630 | ups 5 | wpb 8345.820 | bsz 764.404 | num_updates 55822 | lr 0.000267687 | gnorm 0.244 | clip 1.000 | oom 0.000 | loss_scale 32.000 | wall 12460 | train_wall 10366
| epoch 066 | valid on 'valid' subset | loss 6.580 | nll_loss 4.423 | ppl 21.45 | num_updates 55822 | best_loss 6.57973
| epoch 067 | loss 5.263 | nll_loss 3.117 | ppl 8.68 | wps 37557 | ups 5 | wpb 8345.820 | bsz 764.404 | num_updates 56668 | lr 0.000265681 | gnorm 0.243 | clip 1.000 | oom 0.000 | loss_scale 32.000 | wall 12649 | train_wall 10523
| epoch 067 | valid on 'valid' subset | loss 6.566 | nll_loss 4.404 | ppl 21.16 | num_updates 56668 | best_loss 6.56626
| epoch 068 | loss 5.261 | nll_loss 3.114 | ppl 8.66 | wps 37339 | ups 4 | wpb 8345.820 | bsz 764.404 | num_updates 57514 | lr 0.00026372 | gnorm 0.244 | clip 1.000 | oom 0.000 | loss_scale 32.000 | wall 12839 | train_wall 10681
| epoch 068 | valid on 'valid' subset | loss 6.545 | nll_loss 4.375 | ppl 20.75 | num_updates 57514 | best_loss 6.5451
| WARNING: overflow detected, setting loss scale to: 32.0
| epoch 069 | loss 5.258 | nll_loss 3.111 | ppl 8.64 | wps 37499 | ups 4 | wpb 8346.570 | bsz 763.501 | num_updates 58359 | lr 0.000261804 | gnorm 0.244 | clip 1.000 | oom 0.000 | loss_scale 32.000 | wall 13028 | train_wall 10838
| epoch 069 | valid on 'valid' subset | loss 6.565 | nll_loss 4.409 | ppl 21.24 | num_updates 58359 | best_loss 6.56453
| epoch 070 | loss 5.255 | nll_loss 3.107 | ppl 8.62 | wps 37668 | ups 5 | wpb 8345.820 | bsz 764.404 | num_updates 59205 | lr 0.000259927 | gnorm 0.245 | clip 1.000 | oom 0.000 | loss_scale 32.000 | wall 13216 | train_wall 10995
| epoch 070 | valid on 'valid' subset | loss 6.573 | nll_loss 4.407 | ppl 21.22 | num_updates 59205 | best_loss 6.57272
| saved checkpoint ./checkpoints/2020-05-30T03-54-04-00-exp27-bpe2500-si-052720-seed16-nonjoint/checkpoints_en_si/checkpoint70.pt (epoch 70 @ 59205 updates) (writing took 1.0561213493347168 seconds)
| epoch 071 | loss 5.252 | nll_loss 3.103 | ppl 8.59 | wps 37654 | ups 5 | wpb 8345.820 | bsz 764.404 | num_updates 60051 | lr 0.000258089 | gnorm 0.245 | clip 1.000 | oom 0.000 | loss_scale 32.000 | wall 13406 | train_wall 11153
| epoch 071 | valid on 'valid' subset | loss 6.546 | nll_loss 4.377 | ppl 20.77 | num_updates 60051 | best_loss 6.5462
| epoch 072 | loss 5.250 | nll_loss 3.100 | ppl 8.57 | wps 37404 | ups 4 | wpb 8345.820 | bsz 764.404 | num_updates 60897 | lr 0.00025629 | gnorm 0.244 | clip 1.000 | oom 0.000 | loss_scale 32.000 | wall 13595 | train_wall 11310
| epoch 072 | valid on 'valid' subset | loss 6.556 | nll_loss 4.399 | ppl 21.1 | num_updates 60897 | best_loss 6.55602
| epoch 073 | loss 5.248 | nll_loss 3.097 | ppl 8.56 | wps 37312 | ups 4 | wpb 8345.820 | bsz 764.404 | num_updates 61743 | lr 0.000254528 | gnorm 0.245 | clip 1.000 | oom 0.000 | loss_scale 32.000 | wall 13786 | train_wall 11468
| epoch 073 | valid on 'valid' subset | loss 6.551 | nll_loss 4.379 | ppl 20.81 | num_updates 61743 | best_loss 6.55056
| WARNING: overflow detected, setting loss scale to: 32.0
| epoch 074 | loss 5.246 | nll_loss 3.094 | ppl 8.54 | wps 37639 | ups 5 | wpb 8344.237 | bsz 763.217 | num_updates 62588 | lr 0.000252804 | gnorm 0.246 | clip 1.000 | oom 0.000 | loss_scale 32.000 | wall 13974 | train_wall 11625
| epoch 074 | valid on 'valid' subset | loss 6.538 | nll_loss 4.375 | ppl 20.74 | num_updates 62588 | best_loss 6.53824
| epoch 075 | loss 5.243 | nll_loss 3.091 | ppl 8.52 | wps 37668 | ups 5 | wpb 8345.820 | bsz 764.404 | num_updates 63434 | lr 0.000251113 | gnorm 0.245 | clip 1.000 | oom 0.000 | loss_scale 32.000 | wall 14162 | train_wall 11781
| epoch 075 | valid on 'valid' subset | loss 6.559 | nll_loss 4.402 | ppl 21.14 | num_updates 63434 | best_loss 6.55876
| epoch 076 | loss 5.241 | nll_loss 3.088 | ppl 8.5 | wps 37521 | ups 4 | wpb 8345.820 | bsz 764.404 | num_updates 64280 | lr 0.000249455 | gnorm 0.246 | clip 1.000 | oom 0.000 | loss_scale 32.000 | wall 14352 | train_wall 11938
| epoch 076 | valid on 'valid' subset | loss 6.561 | nll_loss 4.409 | ppl 21.24 | num_updates 64280 | best_loss 6.56074
| epoch 077 | loss 5.238 | nll_loss 3.085 | ppl 8.48 | wps 37703 | ups 5 | wpb 8345.820 | bsz 764.404 | num_updates 65126 | lr 0.000247829 | gnorm 0.246 | clip 1.000 | oom 0.000 | loss_scale 32.000 | wall 14540 | train_wall 12095
| epoch 077 | valid on 'valid' subset | loss 6.546 | nll_loss 4.376 | ppl 20.77 | num_updates 65126 | best_loss 6.54569
| epoch 078 | loss 5.237 | nll_loss 3.083 | ppl 8.48 | wps 38051 | ups 5 | wpb 8345.820 | bsz 764.404 | num_updates 65972 | lr 0.000246235 | gnorm 0.248 | clip 1.000 | oom 0.000 | loss_scale 32.000 | wall 14726 | train_wall 12251
| epoch 078 | valid on 'valid' subset | loss 6.545 | nll_loss 4.382 | ppl 20.85 | num_updates 65972 | best_loss 6.54498
| WARNING: overflow detected, setting loss scale to: 32.0
| epoch 079 | loss 5.234 | nll_loss 3.079 | ppl 8.45 | wps 37466 | ups 4 | wpb 8342.970 | bsz 763.198 | num_updates 66817 | lr 0.000244673 | gnorm 0.247 | clip 1.000 | oom 0.000 | loss_scale 32.000 | wall 14915 | train_wall 12408
| epoch 079 | valid on 'valid' subset | loss 6.551 | nll_loss 4.394 | ppl 21.02 | num_updates 66817 | best_loss 6.55114
| epoch 080 | loss 5.232 | nll_loss 3.077 | ppl 8.44 | wps 37559 | ups 5 | wpb 8345.820 | bsz 764.404 | num_updates 67663 | lr 0.000243139 | gnorm 0.247 | clip 1.000 | oom 0.000 | loss_scale 32.000 | wall 15104 | train_wall 12566
| epoch 080 | valid on 'valid' subset | loss 6.535 | nll_loss 4.365 | ppl 20.61 | num_updates 67663 | best_loss 6.53458
| saved checkpoint ./checkpoints/2020-05-30T03-54-04-00-exp27-bpe2500-si-052720-seed16-nonjoint/checkpoints_en_si/checkpoint80.pt (epoch 80 @ 67663 updates) (writing took 1.0770983695983887 seconds)
| epoch 081 | loss 5.229 | nll_loss 3.073 | ppl 8.42 | wps 37457 | ups 4 | wpb 8345.820 | bsz 764.404 | num_updates 68509 | lr 0.000241633 | gnorm 0.248 | clip 1.000 | oom 0.000 | loss_scale 32.000 | wall 15295 | train_wall 12723
| epoch 081 | valid on 'valid' subset | loss 6.551 | nll_loss 4.393 | ppl 21 | num_updates 68509 | best_loss 6.53458
| epoch 082 | loss 5.227 | nll_loss 3.070 | ppl 8.4 | wps 37588 | ups 5 | wpb 8345.820 | bsz 764.404 | num_updates 69355 | lr 0.000240155 | gnorm 0.247 | clip 1.000 | oom 0.000 | loss_scale 32.000 | wall 15484 | train_wall 12880
| epoch 082 | valid on 'valid' subset | loss 6.545 | nll_loss 4.382 | ppl 20.84 | num_updates 69355 | best_loss 6.53458
| epoch 083 | loss 5.225 | nll_loss 3.067 | ppl 8.38 | wps 37471 | ups 4 | wpb 8345.820 | bsz 764.404 | num_updates 70201 | lr 0.000238703 | gnorm 0.247 | clip 1.000 | oom 0.000 | loss_scale 32.000 | wall 15673 | train_wall 13037
| epoch 083 | valid on 'valid' subset | loss 6.514 | nll_loss 4.333 | ppl 20.15 | num_updates 70201 | best_loss 6.51412
| WARNING: overflow detected, setting loss scale to: 32.0
| epoch 084 | loss 5.224 | nll_loss 3.066 | ppl 8.38 | wps 37470 | ups 4 | wpb 8344.267 | bsz 763.472 | num_updates 71046 | lr 0.000237279 | gnorm 0.249 | clip 1.000 | oom 0.000 | loss_scale 32.000 | wall 15862 | train_wall 13194
| epoch 084 | valid on 'valid' subset | loss 6.523 | nll_loss 4.351 | ppl 20.4 | num_updates 71046 | best_loss 6.52269
| epoch 085 | loss 5.220 | nll_loss 3.061 | ppl 8.35 | wps 37385 | ups 4 | wpb 8345.820 | bsz 764.404 | num_updates 71892 | lr 0.000235879 | gnorm 0.249 | clip 1.000 | oom 0.000 | loss_scale 32.000 | wall 16052 | train_wall 13352
| epoch 085 | valid on 'valid' subset | loss 6.550 | nll_loss 4.392 | ppl 20.99 | num_updates 71892 | best_loss 6.53458
| epoch 086 | loss 5.219 | nll_loss 3.061 | ppl 8.34 | wps 37465 | ups 4 | wpb 8345.820 | bsz 764.404 | num_updates 72738 | lr 0.000234503 | gnorm 0.247 | clip 1.000 | oom 0.000 | loss_scale 32.000 | wall 16242 | train_wall 13510
| epoch 086 | valid on 'valid' subset | loss 6.529 | nll_loss 4.363 | ppl 20.57 | num_updates 72738 | best_loss 6.52867
| epoch 087 | loss 5.218 | nll_loss 3.058 | ppl 8.33 | wps 37473 | ups 4 | wpb 8345.820 | bsz 764.404 | num_updates 73584 | lr 0.000233152 | gnorm 0.251 | clip 1.000 | oom 0.000 | loss_scale 32.000 | wall 16431 | train_wall 13667
| epoch 087 | valid on 'valid' subset | loss 6.544 | nll_loss 4.382 | ppl 20.85 | num_updates 73584 | best_loss 6.53458
| epoch 088 | loss 5.215 | nll_loss 3.055 | ppl 8.31 | wps 37751 | ups 5 | wpb 8345.820 | bsz 764.404 | num_updates 74430 | lr 0.000231823 | gnorm 0.249 | clip 1.000 | oom 0.000 | loss_scale 64.000 | wall 16619 | train_wall 13824
| epoch 088 | valid on 'valid' subset | loss 6.524 | nll_loss 4.351 | ppl 20.41 | num_updates 74430 | best_loss 6.52394
| WARNING: overflow detected, setting loss scale to: 32.0
| epoch 089 | loss 5.213 | nll_loss 3.053 | ppl 8.3 | wps 37600 | ups 5 | wpb 8347.580 | bsz 764.078 | num_updates 75275 | lr 0.000230518 | gnorm 0.248 | clip 1.000 | oom 0.000 | loss_scale 32.000 | wall 16807 | train_wall 13981
| epoch 089 | valid on 'valid' subset | loss 6.525 | nll_loss 4.353 | ppl 20.43 | num_updates 75275 | best_loss 6.52464
| epoch 090 | loss 5.212 | nll_loss 3.051 | ppl 8.29 | wps 37870 | ups 5 | wpb 8345.820 | bsz 764.404 | num_updates 76121 | lr 0.000229233 | gnorm 0.250 | clip 1.000 | oom 0.000 | loss_scale 32.000 | wall 16995 | train_wall 14137
| epoch 090 | valid on 'valid' subset | loss 6.503 | nll_loss 4.324 | ppl 20.02 | num_updates 76121 | best_loss 6.50308
| saved checkpoint ./checkpoints/2020-05-30T03-54-04-00-exp27-bpe2500-si-052720-seed16-nonjoint/checkpoints_en_si/checkpoint90.pt (epoch 90 @ 76121 updates) (writing took 1.0920352935791016 seconds)
| epoch 091 | loss 5.210 | nll_loss 3.048 | ppl 8.27 | wps 37514 | ups 4 | wpb 8345.820 | bsz 764.404 | num_updates 76967 | lr 0.00022797 | gnorm 0.249 | clip 1.000 | oom 0.000 | loss_scale 32.000 | wall 17185 | train_wall 14293
| epoch 091 | valid on 'valid' subset | loss 6.525 | nll_loss 4.362 | ppl 20.56 | num_updates 76967 | best_loss 6.50308
| epoch 092 | loss 5.208 | nll_loss 3.046 | ppl 8.26 | wps 37586 | ups 5 | wpb 8345.820 | bsz 764.404 | num_updates 77813 | lr 0.000226727 | gnorm 0.251 | clip 1.000 | oom 0.000 | loss_scale 32.000 | wall 17374 | train_wall 14451
| epoch 092 | valid on 'valid' subset | loss 6.512 | nll_loss 4.338 | ppl 20.22 | num_updates 77813 | best_loss 6.50308
| epoch 093 | loss 5.206 | nll_loss 3.043 | ppl 8.24 | wps 37779 | ups 5 | wpb 8345.820 | bsz 764.404 | num_updates 78659 | lr 0.000225505 | gnorm 0.251 | clip 1.000 | oom 0.000 | loss_scale 32.000 | wall 17562 | train_wall 14608
| epoch 093 | valid on 'valid' subset | loss 6.514 | nll_loss 4.341 | ppl 20.26 | num_updates 78659 | best_loss 6.50308
| WARNING: overflow detected, setting loss scale to: 32.0
| epoch 094 | loss 5.204 | nll_loss 3.041 | ppl 8.23 | wps 37702 | ups 5 | wpb 8345.099 | bsz 762.904 | num_updates 79504 | lr 0.000224303 | gnorm 0.249 | clip 1.000 | oom 0.000 | loss_scale 32.000 | wall 17750 | train_wall 14765
| epoch 094 | valid on 'valid' subset | loss 6.517 | nll_loss 4.344 | ppl 20.31 | num_updates 79504 | best_loss 6.50308
| epoch 095 | loss 5.203 | nll_loss 3.039 | ppl 8.22 | wps 37456 | ups 4 | wpb 8345.820 | bsz 764.404 | num_updates 80350 | lr 0.000223119 | gnorm 0.251 | clip 1.000 | oom 0.000 | loss_scale 32.000 | wall 17939 | train_wall 14922
| epoch 095 | valid on 'valid' subset | loss 6.533 | nll_loss 4.363 | ppl 20.58 | num_updates 80350 | best_loss 6.50308
| epoch 096 | loss 5.201 | nll_loss 3.037 | ppl 8.21 | wps 37470 | ups 4 | wpb 8345.820 | bsz 764.404 | num_updates 81196 | lr 0.000221954 | gnorm 0.252 | clip 1.000 | oom 0.000 | loss_scale 32.000 | wall 18129 | train_wall 15079
| epoch 096 | valid on 'valid' subset | loss 6.514 | nll_loss 4.343 | ppl 20.29 | num_updates 81196 | best_loss 6.50308
| epoch 097 | loss 5.199 | nll_loss 3.034 | ppl 8.19 | wps 37945 | ups 5 | wpb 8345.820 | bsz 764.404 | num_updates 82042 | lr 0.000220807 | gnorm 0.252 | clip 1.000 | oom 0.000 | loss_scale 32.000 | wall 18316 | train_wall 15236
| epoch 097 | valid on 'valid' subset | loss 6.514 | nll_loss 4.340 | ppl 20.25 | num_updates 82042 | best_loss 6.50308
| epoch 098 | loss 5.197 | nll_loss 3.032 | ppl 8.18 | wps 37727 | ups 5 | wpb 8345.820 | bsz 764.404 | num_updates 82888 | lr 0.000219677 | gnorm 0.252 | clip 1.000 | oom 0.000 | loss_scale 32.000 | wall 18504 | train_wall 15392
| epoch 098 | valid on 'valid' subset | loss 6.506 | nll_loss 4.328 | ppl 20.08 | num_updates 82888 | best_loss 6.50308
| WARNING: overflow detected, setting loss scale to: 32.0
| epoch 099 | loss 5.196 | nll_loss 3.030 | ppl 8.17 | wps 37869 | ups 5 | wpb 8344.412 | bsz 763.292 | num_updates 83733 | lr 0.000218566 | gnorm 0.251 | clip 1.000 | oom 0.000 | loss_scale 32.000 | wall 18691 | train_wall 15548
| epoch 099 | valid on 'valid' subset | loss 6.496 | nll_loss 4.317 | ppl 19.93 | num_updates 83733 | best_loss 6.49569
| epoch 100 | loss 5.194 | nll_loss 3.027 | ppl 8.15 | wps 37586 | ups 5 | wpb 8345.820 | bsz 764.404 | num_updates 84579 | lr 0.00021747 | gnorm 0.251 | clip 1.000 | oom 0.000 | loss_scale 32.000 | wall 18880 | train_wall 15706
| epoch 100 | valid on 'valid' subset | loss 6.514 | nll_loss 4.339 | ppl 20.24 | num_updates 84579 | best_loss 6.50308
| saved checkpoint ./checkpoints/2020-05-30T03-54-04-00-exp27-bpe2500-si-052720-seed16-nonjoint/checkpoints_en_si/checkpoint100.pt (epoch 100 @ 84579 updates) (writing took 0.6723668575286865 seconds)
| done training in 18876.5 seconds
Done training.
Time at end: Sat May 30 14:32:43 EDT 2020
