================ FLORES BASELINE WITH CLIP_NORM=0.1, BPE=5000 AND SEED=13 USING MORSEL ================
About to train the supervised for the following language pair: EN-SI
CHECKPOINT_DIR is set to './checkpoints/2020-07-14T10-24-04-00-exp444-morsel-si-seed13/checkpoints_en_si'
Creating checkpoint directory if it doesn't exist...
Data folder is: data-bin/wiki_si_en_morsel/
Beginning training...
Time at beginning: Tue Jul 14 14:13:32 EDT 2020
Namespace(activation_dropout=0.2, activation_fn='relu', adam_betas='(0.9, 0.98)', adam_eps=1e-08, adaptive_input=False, adaptive_softmax_cutoff=None, adaptive_softmax_dropout=0, arch='transformer', attention_dropout=0.2, best_checkpoint_metric='loss', bpe=None, bucket_cap_mb=25, clip_norm=0.1, cpu=False, criterion='label_smoothed_cross_entropy', cross_self_attention=False, curriculum=0, data='data-bin/wiki_si_en_morsel/', dataset_impl=None, ddp_backend='c10d', decoder_attention_heads=2, decoder_embed_dim=512, decoder_embed_path=None, decoder_ffn_embed_dim=2048, decoder_input_dim=512, decoder_layerdrop=0, decoder_layers=5, decoder_layers_to_keep=None, decoder_learned_pos=False, decoder_normalize_before=True, decoder_output_dim=512, device_id=0, disable_validation=False, distributed_backend='nccl', distributed_init_method=None, distributed_no_spawn=False, distributed_port=-1, distributed_rank=0, distributed_world_size=1, dropout=0.4, empty_cache_freq=0, encoder_attention_heads=2, encoder_embed_dim=512, encoder_embed_path=None, encoder_ffn_embed_dim=2048, encoder_layerdrop=0, encoder_layers=5, encoder_layers_to_keep=None, encoder_learned_pos=False, encoder_normalize_before=True, fast_stat_sync=False, find_unused_parameters=False, fix_batches_to_gpus=False, fixed_validation_seed=None, fp16=True, fp16_init_scale=128, fp16_scale_tolerance=0.0, fp16_scale_window=None, keep_interval_updates=-1, keep_last_epochs=-1, label_smoothing=0.2, layer_wise_attention=False, layernorm_embedding=False, lazy_load=False, left_pad_source='True', left_pad_target='False', load_alignments=False, log_format=None, log_interval=1000, lr=[0.001], lr_scheduler='inverse_sqrt', max_epoch=100, max_sentences=None, max_sentences_valid=None, max_source_positions=1024, max_target_positions=1024, max_tokens=4000, max_tokens_valid=4000, max_update=0, maximize_best_checkpoint_metric=False, memory_efficient_fp16=False, min_loss_scale=0.0001, min_lr=1e-09, no_cross_attention=False, no_epoch_checkpoints=False, no_last_checkpoints=False, no_progress_bar=False, no_save=False, no_save_optimizer_state=False, no_scale_embedding=False, no_token_positional_embeddings=False, num_workers=1, optimizer='adam', optimizer_overrides='{}', raw_text=False, required_batch_size_multiple=8, reset_dataloader=False, reset_lr_scheduler=False, reset_meters=False, reset_optimizer=False, restore_file='checkpoint_last.pt', save_dir='./checkpoints/2020-07-14T10-24-04-00-exp444-morsel-si-seed13/checkpoints_en_si', save_interval=10, save_interval_updates=0, seed=13, sentence_avg=False, share_all_embeddings=True, share_decoder_input_output_embed=False, skip_invalid_size_inputs_valid_test=False, source_lang='en', target_lang='si', task='translation', tensorboard_logdir='', threshold_loss_scale=None, tokenizer=None, train_subset='train', truncate_source=False, update_freq=[4], upsample_primary=1, use_bmuf=False, user_dir=None, valid_subset='valid', validate_interval=1, warmup_init_lr=1e-07, warmup_updates=4000, weight_decay=0.0001)
| [en] dictionary: 4672 types
| [si] dictionary: 4672 types
| loaded 2898 examples from: data-bin/wiki_si_en_morsel/valid.si-en.en
| loaded 2898 examples from: data-bin/wiki_si_en_morsel/valid.si-en.si
| data-bin/wiki_si_en_morsel/ valid en-si 2898 examples
TransformerModel(
  (encoder): TransformerEncoder(
    (embed_tokens): Embedding(4672, 512, padding_idx=1)
    (embed_positions): SinusoidalPositionalEmbedding()
    (layers): ModuleList(
      (0): TransformerEncoderLayer(
        (self_attn): MultiheadAttention(
          (k_proj): Linear(in_features=512, out_features=512, bias=True)
          (v_proj): Linear(in_features=512, out_features=512, bias=True)
          (q_proj): Linear(in_features=512, out_features=512, bias=True)
          (out_proj): Linear(in_features=512, out_features=512, bias=True)
        )
        (self_attn_layer_norm): LayerNorm((512,), eps=1e-05, elementwise_affine=True)
        (fc1): Linear(in_features=512, out_features=2048, bias=True)
        (fc2): Linear(in_features=2048, out_features=512, bias=True)
        (final_layer_norm): LayerNorm((512,), eps=1e-05, elementwise_affine=True)
      )
      (1): TransformerEncoderLayer(
        (self_attn): MultiheadAttention(
          (k_proj): Linear(in_features=512, out_features=512, bias=True)
          (v_proj): Linear(in_features=512, out_features=512, bias=True)
          (q_proj): Linear(in_features=512, out_features=512, bias=True)
          (out_proj): Linear(in_features=512, out_features=512, bias=True)
        )
        (self_attn_layer_norm): LayerNorm((512,), eps=1e-05, elementwise_affine=True)
        (fc1): Linear(in_features=512, out_features=2048, bias=True)
        (fc2): Linear(in_features=2048, out_features=512, bias=True)
        (final_layer_norm): LayerNorm((512,), eps=1e-05, elementwise_affine=True)
      )
      (2): TransformerEncoderLayer(
        (self_attn): MultiheadAttention(
          (k_proj): Linear(in_features=512, out_features=512, bias=True)
          (v_proj): Linear(in_features=512, out_features=512, bias=True)
          (q_proj): Linear(in_features=512, out_features=512, bias=True)
          (out_proj): Linear(in_features=512, out_features=512, bias=True)
        )
        (self_attn_layer_norm): LayerNorm((512,), eps=1e-05, elementwise_affine=True)
        (fc1): Linear(in_features=512, out_features=2048, bias=True)
        (fc2): Linear(in_features=2048, out_features=512, bias=True)
        (final_layer_norm): LayerNorm((512,), eps=1e-05, elementwise_affine=True)
      )
      (3): TransformerEncoderLayer(
        (self_attn): MultiheadAttention(
          (k_proj): Linear(in_features=512, out_features=512, bias=True)
          (v_proj): Linear(in_features=512, out_features=512, bias=True)
          (q_proj): Linear(in_features=512, out_features=512, bias=True)
          (out_proj): Linear(in_features=512, out_features=512, bias=True)
        )
        (self_attn_layer_norm): LayerNorm((512,), eps=1e-05, elementwise_affine=True)
        (fc1): Linear(in_features=512, out_features=2048, bias=True)
        (fc2): Linear(in_features=2048, out_features=512, bias=True)
        (final_layer_norm): LayerNorm((512,), eps=1e-05, elementwise_affine=True)
      )
      (4): TransformerEncoderLayer(
        (self_attn): MultiheadAttention(
          (k_proj): Linear(in_features=512, out_features=512, bias=True)
          (v_proj): Linear(in_features=512, out_features=512, bias=True)
          (q_proj): Linear(in_features=512, out_features=512, bias=True)
          (out_proj): Linear(in_features=512, out_features=512, bias=True)
        )
        (self_attn_layer_norm): LayerNorm((512,), eps=1e-05, elementwise_affine=True)
        (fc1): Linear(in_features=512, out_features=2048, bias=True)
        (fc2): Linear(in_features=2048, out_features=512, bias=True)
        (final_layer_norm): LayerNorm((512,), eps=1e-05, elementwise_affine=True)
      )
    )
    (layer_norm): LayerNorm((512,), eps=1e-05, elementwise_affine=True)
  )
  (decoder): TransformerDecoder(
    (embed_tokens): Embedding(4672, 512, padding_idx=1)
    (embed_positions): SinusoidalPositionalEmbedding()
    (layers): ModuleList(
      (0): TransformerDecoderLayer(
        (self_attn): MultiheadAttention(
          (k_proj): Linear(in_features=512, out_features=512, bias=True)
          (v_proj): Linear(in_features=512, out_features=512, bias=True)
          (q_proj): Linear(in_features=512, out_features=512, bias=True)
          (out_proj): Linear(in_features=512, out_features=512, bias=True)
        )
        (self_attn_layer_norm): LayerNorm((512,), eps=1e-05, elementwise_affine=True)
        (encoder_attn): MultiheadAttention(
          (k_proj): Linear(in_features=512, out_features=512, bias=True)
          (v_proj): Linear(in_features=512, out_features=512, bias=True)
          (q_proj): Linear(in_features=512, out_features=512, bias=True)
          (out_proj): Linear(in_features=512, out_features=512, bias=True)
        )
        (encoder_attn_layer_norm): LayerNorm((512,), eps=1e-05, elementwise_affine=True)
        (fc1): Linear(in_features=512, out_features=2048, bias=True)
        (fc2): Linear(in_features=2048, out_features=512, bias=True)
        (final_layer_norm): LayerNorm((512,), eps=1e-05, elementwise_affine=True)
      )
      (1): TransformerDecoderLayer(
        (self_attn): MultiheadAttention(
          (k_proj): Linear(in_features=512, out_features=512, bias=True)
          (v_proj): Linear(in_features=512, out_features=512, bias=True)
          (q_proj): Linear(in_features=512, out_features=512, bias=True)
          (out_proj): Linear(in_features=512, out_features=512, bias=True)
        )
        (self_attn_layer_norm): LayerNorm((512,), eps=1e-05, elementwise_affine=True)
        (encoder_attn): MultiheadAttention(
          (k_proj): Linear(in_features=512, out_features=512, bias=True)
          (v_proj): Linear(in_features=512, out_features=512, bias=True)
          (q_proj): Linear(in_features=512, out_features=512, bias=True)
          (out_proj): Linear(in_features=512, out_features=512, bias=True)
        )
        (encoder_attn_layer_norm): LayerNorm((512,), eps=1e-05, elementwise_affine=True)
        (fc1): Linear(in_features=512, out_features=2048, bias=True)
        (fc2): Linear(in_features=2048, out_features=512, bias=True)
        (final_layer_norm): LayerNorm((512,), eps=1e-05, elementwise_affine=True)
      )
      (2): TransformerDecoderLayer(
        (self_attn): MultiheadAttention(
          (k_proj): Linear(in_features=512, out_features=512, bias=True)
          (v_proj): Linear(in_features=512, out_features=512, bias=True)
          (q_proj): Linear(in_features=512, out_features=512, bias=True)
          (out_proj): Linear(in_features=512, out_features=512, bias=True)
        )
        (self_attn_layer_norm): LayerNorm((512,), eps=1e-05, elementwise_affine=True)
        (encoder_attn): MultiheadAttention(
          (k_proj): Linear(in_features=512, out_features=512, bias=True)
          (v_proj): Linear(in_features=512, out_features=512, bias=True)
          (q_proj): Linear(in_features=512, out_features=512, bias=True)
          (out_proj): Linear(in_features=512, out_features=512, bias=True)
        )
        (encoder_attn_layer_norm): LayerNorm((512,), eps=1e-05, elementwise_affine=True)
        (fc1): Linear(in_features=512, out_features=2048, bias=True)
        (fc2): Linear(in_features=2048, out_features=512, bias=True)
        (final_layer_norm): LayerNorm((512,), eps=1e-05, elementwise_affine=True)
      )
      (3): TransformerDecoderLayer(
        (self_attn): MultiheadAttention(
          (k_proj): Linear(in_features=512, out_features=512, bias=True)
          (v_proj): Linear(in_features=512, out_features=512, bias=True)
          (q_proj): Linear(in_features=512, out_features=512, bias=True)
          (out_proj): Linear(in_features=512, out_features=512, bias=True)
        )
        (self_attn_layer_norm): LayerNorm((512,), eps=1e-05, elementwise_affine=True)
        (encoder_attn): MultiheadAttention(
          (k_proj): Linear(in_features=512, out_features=512, bias=True)
          (v_proj): Linear(in_features=512, out_features=512, bias=True)
          (q_proj): Linear(in_features=512, out_features=512, bias=True)
          (out_proj): Linear(in_features=512, out_features=512, bias=True)
        )
        (encoder_attn_layer_norm): LayerNorm((512,), eps=1e-05, elementwise_affine=True)
        (fc1): Linear(in_features=512, out_features=2048, bias=True)
        (fc2): Linear(in_features=2048, out_features=512, bias=True)
        (final_layer_norm): LayerNorm((512,), eps=1e-05, elementwise_affine=True)
      )
      (4): TransformerDecoderLayer(
        (self_attn): MultiheadAttention(
          (k_proj): Linear(in_features=512, out_features=512, bias=True)
          (v_proj): Linear(in_features=512, out_features=512, bias=True)
          (q_proj): Linear(in_features=512, out_features=512, bias=True)
          (out_proj): Linear(in_features=512, out_features=512, bias=True)
        )
        (self_attn_layer_norm): LayerNorm((512,), eps=1e-05, elementwise_affine=True)
        (encoder_attn): MultiheadAttention(
          (k_proj): Linear(in_features=512, out_features=512, bias=True)
          (v_proj): Linear(in_features=512, out_features=512, bias=True)
          (q_proj): Linear(in_features=512, out_features=512, bias=True)
          (out_proj): Linear(in_features=512, out_features=512, bias=True)
        )
        (encoder_attn_layer_norm): LayerNorm((512,), eps=1e-05, elementwise_affine=True)
        (fc1): Linear(in_features=512, out_features=2048, bias=True)
        (fc2): Linear(in_features=2048, out_features=512, bias=True)
        (final_layer_norm): LayerNorm((512,), eps=1e-05, elementwise_affine=True)
      )
    )
    (layer_norm): LayerNorm((512,), eps=1e-05, elementwise_affine=True)
  )
)
| model transformer, criterion LabelSmoothedCrossEntropyCriterion
| num. model params: 39176192 (num. trained: 39176192)
| training on 1 GPUs
| max tokens per GPU = 4000 and max sentences per GPU = None
| no existing checkpoint found ./checkpoints/2020-07-14T10-24-04-00-exp444-morsel-si-seed13/checkpoints_en_si/checkpoint_last.pt
| loading train data for epoch 0
| loaded 646781 examples from: data-bin/wiki_si_en_morsel/train.si-en.en
| loaded 646781 examples from: data-bin/wiki_si_en_morsel/train.si-en.si
| data-bin/wiki_si_en_morsel/ train en-si 646781 examples
| WARNING: 1 samples have invalid sizes and will be skipped, max_positions=(1024, 1024), first few sample ids=[23048]
| WARNING: overflow detected, setting loss scale to: 64.0
| WARNING: overflow detected, setting loss scale to: 32.0
| WARNING: overflow detected, setting loss scale to: 16.0
| epoch 001 | loss 9.621 | nll_loss 8.612 | ppl 391.26 | wps 57114 | ups 4 | wpb 14146.738 | bsz 1125.825 | num_updates 572 | lr 0.000143086 | gnorm 0.782 | clip 1.000 | oom 0.000 | loss_scale 16.000 | wall 142 | train_wall 105
| epoch 001 | valid on 'valid' subset | loss 9.784 | nll_loss 8.706 | ppl 417.53 | num_updates 572
| epoch 002 | loss 7.778 | nll_loss 6.161 | ppl 71.53 | wps 60255 | ups 4 | wpb 14145.155 | bsz 1124.835 | num_updates 1147 | lr 0.000286821 | gnorm 0.494 | clip 1.000 | oom 0.000 | loss_scale 16.000 | wall 278 | train_wall 210
| epoch 002 | valid on 'valid' subset | loss 8.975 | nll_loss 7.550 | ppl 187.4 | num_updates 1147
| epoch 003 | loss 7.104 | nll_loss 5.278 | ppl 38.81 | wps 61820 | ups 4 | wpb 14145.155 | bsz 1124.835 | num_updates 1722 | lr 0.000430557 | gnorm 0.410 | clip 1.000 | oom 0.000 | loss_scale 16.000 | wall 410 | train_wall 312
| epoch 003 | valid on 'valid' subset | loss 8.562 | nll_loss 6.975 | ppl 125.84 | num_updates 1722
| epoch 004 | loss 6.718 | nll_loss 4.776 | ppl 27.39 | wps 61013 | ups 4 | wpb 14145.155 | bsz 1124.835 | num_updates 2297 | lr 0.000574293 | gnorm 0.360 | clip 1.000 | oom 0.000 | loss_scale 16.000 | wall 544 | train_wall 416
| epoch 004 | valid on 'valid' subset | loss 8.222 | nll_loss 6.504 | ppl 90.73 | num_updates 2297
| epoch 005 | loss 6.456 | nll_loss 4.436 | ppl 21.64 | wps 61338 | ups 4 | wpb 14145.155 | bsz 1124.835 | num_updates 2872 | lr 0.000718028 | gnorm 0.349 | clip 1.000 | oom 0.000 | loss_scale 16.000 | wall 678 | train_wall 519
| epoch 005 | valid on 'valid' subset | loss 7.981 | nll_loss 6.151 | ppl 71.07 | num_updates 2872
| epoch 006 | loss 6.272 | nll_loss 4.197 | ppl 18.34 | wps 60893 | ups 4 | wpb 14145.155 | bsz 1124.835 | num_updates 3447 | lr 0.000861764 | gnorm 0.324 | clip 1.000 | oom 0.000 | loss_scale 16.000 | wall 812 | train_wall 623
| epoch 006 | valid on 'valid' subset | loss 7.810 | nll_loss 5.919 | ppl 60.5 | num_updates 3447
| WARNING: overflow detected, setting loss scale to: 8.0
| epoch 007 | loss 6.147 | nll_loss 4.037 | ppl 16.42 | wps 61582 | ups 4 | wpb 14144.436 | bsz 1122.334 | num_updates 4021 | lr 0.000997385 | gnorm 0.301 | clip 1.000 | oom 0.000 | loss_scale 8.000 | wall 945 | train_wall 726
| epoch 007 | valid on 'valid' subset | loss 7.630 | nll_loss 5.653 | ppl 50.3 | num_updates 4021
| epoch 008 | loss 6.038 | nll_loss 3.897 | ppl 14.9 | wps 61307 | ups 4 | wpb 14145.155 | bsz 1124.835 | num_updates 4596 | lr 0.000932911 | gnorm 0.275 | clip 1.000 | oom 0.000 | loss_scale 8.000 | wall 1078 | train_wall 829
| epoch 008 | valid on 'valid' subset | loss 7.516 | nll_loss 5.505 | ppl 45.4 | num_updates 4596
| epoch 009 | loss 5.939 | nll_loss 3.770 | ppl 13.65 | wps 61393 | ups 4 | wpb 14145.155 | bsz 1124.835 | num_updates 5171 | lr 0.000879514 | gnorm 0.256 | clip 1.000 | oom 0.000 | loss_scale 8.000 | wall 1211 | train_wall 932
| epoch 009 | valid on 'valid' subset | loss 7.496 | nll_loss 5.453 | ppl 43.81 | num_updates 5171
| epoch 010 | loss 5.863 | nll_loss 3.674 | ppl 12.77 | wps 60911 | ups 4 | wpb 14145.155 | bsz 1124.835 | num_updates 5746 | lr 0.000834348 | gnorm 0.244 | clip 1.000 | oom 0.000 | loss_scale 8.000 | wall 1346 | train_wall 1035
| epoch 010 | valid on 'valid' subset | loss 7.336 | nll_loss 5.240 | ppl 37.78 | num_updates 5746
| saved checkpoint ./checkpoints/2020-07-14T10-24-04-00-exp444-morsel-si-seed13/checkpoints_en_si/checkpoint10.pt (epoch 10 @ 5746 updates) (writing took 0.7391514778137207 seconds)
| epoch 011 | loss 5.802 | nll_loss 3.597 | ppl 12.1 | wps 60646 | ups 4 | wpb 14145.155 | bsz 1124.835 | num_updates 6321 | lr 0.000795494 | gnorm 0.232 | clip 1.000 | oom 0.000 | loss_scale 8.000 | wall 1482 | train_wall 1140
| epoch 011 | valid on 'valid' subset | loss 7.260 | nll_loss 5.124 | ppl 34.87 | num_updates 6321 | best_loss 7.25965
| epoch 012 | loss 5.753 | nll_loss 3.534 | ppl 11.58 | wps 61796 | ups 4 | wpb 14145.155 | bsz 1124.835 | num_updates 6896 | lr 0.000761608 | gnorm 0.227 | clip 1.000 | oom 0.000 | loss_scale 8.000 | wall 1614 | train_wall 1243
| epoch 012 | valid on 'valid' subset | loss 7.195 | nll_loss 5.034 | ppl 32.76 | num_updates 6896 | best_loss 7.19467
| epoch 013 | loss 5.711 | nll_loss 3.480 | ppl 11.16 | wps 61605 | ups 4 | wpb 14145.155 | bsz 1124.835 | num_updates 7471 | lr 0.000731713 | gnorm 0.219 | clip 1.000 | oom 0.000 | loss_scale 8.000 | wall 1747 | train_wall 1345
| epoch 013 | valid on 'valid' subset | loss 7.142 | nll_loss 4.963 | ppl 31.19 | num_updates 7471 | best_loss 7.14194
| epoch 014 | loss 5.677 | nll_loss 3.437 | ppl 10.83 | wps 60990 | ups 4 | wpb 14145.155 | bsz 1124.835 | num_updates 8046 | lr 0.000705083 | gnorm 0.218 | clip 1.000 | oom 0.000 | loss_scale 16.000 | wall 1881 | train_wall 1449
| epoch 014 | valid on 'valid' subset | loss 7.142 | nll_loss 4.968 | ppl 31.31 | num_updates 8046 | best_loss 7.14178
| epoch 015 | loss 5.645 | nll_loss 3.397 | ppl 10.53 | wps 61765 | ups 4 | wpb 14145.155 | bsz 1124.835 | num_updates 8621 | lr 0.000681163 | gnorm 0.212 | clip 1.000 | oom 0.000 | loss_scale 16.000 | wall 2014 | train_wall 1552
| epoch 015 | valid on 'valid' subset | loss 7.108 | nll_loss 4.911 | ppl 30.09 | num_updates 8621 | best_loss 7.10811
| epoch 016 | loss 5.619 | nll_loss 3.363 | ppl 10.29 | wps 61828 | ups 4 | wpb 14145.155 | bsz 1124.835 | num_updates 9196 | lr 0.000659524 | gnorm 0.208 | clip 1.000 | oom 0.000 | loss_scale 16.000 | wall 2146 | train_wall 1654
| epoch 016 | valid on 'valid' subset | loss 7.056 | nll_loss 4.834 | ppl 28.53 | num_updates 9196 | best_loss 7.05622
| epoch 017 | loss 5.594 | nll_loss 3.332 | ppl 10.07 | wps 61598 | ups 4 | wpb 14145.155 | bsz 1124.835 | num_updates 9771 | lr 0.000639824 | gnorm 0.206 | clip 1.000 | oom 0.000 | loss_scale 16.000 | wall 2279 | train_wall 1756
| epoch 017 | valid on 'valid' subset | loss 7.022 | nll_loss 4.784 | ppl 27.54 | num_updates 9771 | best_loss 7.02189
| epoch 018 | loss 5.575 | nll_loss 3.307 | ppl 9.9 | wps 62410 | ups 4 | wpb 14145.155 | bsz 1124.835 | num_updates 10346 | lr 0.00062179 | gnorm 0.206 | clip 1.000 | oom 0.000 | loss_scale 16.000 | wall 2410 | train_wall 1858
| epoch 018 | valid on 'valid' subset | loss 7.012 | nll_loss 4.790 | ppl 27.67 | num_updates 10346 | best_loss 7.01234
| epoch 019 | loss 5.554 | nll_loss 3.280 | ppl 9.71 | wps 61401 | ups 4 | wpb 14145.155 | bsz 1124.835 | num_updates 10921 | lr 0.0006052 | gnorm 0.201 | clip 1.000 | oom 0.000 | loss_scale 16.000 | wall 2543 | train_wall 1961
| epoch 019 | valid on 'valid' subset | loss 6.975 | nll_loss 4.732 | ppl 26.57 | num_updates 10921 | best_loss 6.975
| epoch 020 | loss 5.536 | nll_loss 3.258 | ppl 9.57 | wps 61361 | ups 4 | wpb 14145.155 | bsz 1124.835 | num_updates 11496 | lr 0.00058987 | gnorm 0.201 | clip 1.000 | oom 0.000 | loss_scale 16.000 | wall 2677 | train_wall 2063
| epoch 020 | valid on 'valid' subset | loss 6.959 | nll_loss 4.718 | ppl 26.31 | num_updates 11496 | best_loss 6.9594
| saved checkpoint ./checkpoints/2020-07-14T10-24-04-00-exp444-morsel-si-seed13/checkpoints_en_si/checkpoint20.pt (epoch 20 @ 11496 updates) (writing took 0.9902627468109131 seconds)
| epoch 021 | loss 5.521 | nll_loss 3.238 | ppl 9.44 | wps 61186 | ups 4 | wpb 14145.155 | bsz 1124.835 | num_updates 12071 | lr 0.00057565 | gnorm 0.199 | clip 1.000 | oom 0.000 | loss_scale 32.000 | wall 2811 | train_wall 2167
| epoch 021 | valid on 'valid' subset | loss 6.929 | nll_loss 4.671 | ppl 25.48 | num_updates 12071 | best_loss 6.92897
| WARNING: overflow detected, setting loss scale to: 16.0
| epoch 022 | loss 5.505 | nll_loss 3.218 | ppl 9.31 | wps 61679 | ups 4 | wpb 14146.282 | bsz 1121.763 | num_updates 12645 | lr 0.000562433 | gnorm 0.197 | clip 1.000 | oom 0.000 | loss_scale 16.000 | wall 2944 | train_wall 2269
| epoch 022 | valid on 'valid' subset | loss 6.925 | nll_loss 4.675 | ppl 25.55 | num_updates 12645 | best_loss 6.92532
| epoch 023 | loss 5.491 | nll_loss 3.201 | ppl 9.19 | wps 61273 | ups 4 | wpb 14145.155 | bsz 1124.835 | num_updates 13220 | lr 0.000550065 | gnorm 0.197 | clip 1.000 | oom 0.000 | loss_scale 16.000 | wall 3077 | train_wall 2372
| epoch 023 | valid on 'valid' subset | loss 6.867 | nll_loss 4.591 | ppl 24.1 | num_updates 13220 | best_loss 6.86712
| epoch 024 | loss 5.478 | nll_loss 3.184 | ppl 9.09 | wps 61449 | ups 4 | wpb 14145.155 | bsz 1124.835 | num_updates 13795 | lr 0.000538479 | gnorm 0.196 | clip 1.000 | oom 0.000 | loss_scale 16.000 | wall 3211 | train_wall 2474
| epoch 024 | valid on 'valid' subset | loss 6.885 | nll_loss 4.603 | ppl 24.3 | num_updates 13795 | best_loss 6.88511
| epoch 025 | loss 5.467 | nll_loss 3.170 | ppl 9 | wps 61447 | ups 4 | wpb 14145.155 | bsz 1124.835 | num_updates 14370 | lr 0.000527596 | gnorm 0.195 | clip 1.000 | oom 0.000 | loss_scale 16.000 | wall 3344 | train_wall 2577
| epoch 025 | valid on 'valid' subset | loss 6.868 | nll_loss 4.574 | ppl 23.82 | num_updates 14370 | best_loss 6.86809
| epoch 026 | loss 5.455 | nll_loss 3.155 | ppl 8.91 | wps 61270 | ups 4 | wpb 14145.155 | bsz 1124.835 | num_updates 14945 | lr 0.000517347 | gnorm 0.195 | clip 1.000 | oom 0.000 | loss_scale 16.000 | wall 3478 | train_wall 2680
| epoch 026 | valid on 'valid' subset | loss 6.880 | nll_loss 4.610 | ppl 24.42 | num_updates 14945 | best_loss 6.87961
| epoch 027 | loss 5.445 | nll_loss 3.142 | ppl 8.83 | wps 61091 | ups 4 | wpb 14145.155 | bsz 1124.835 | num_updates 15520 | lr 0.000507673 | gnorm 0.195 | clip 1.000 | oom 0.000 | loss_scale 16.000 | wall 3611 | train_wall 2784
| epoch 027 | valid on 'valid' subset | loss 6.834 | nll_loss 4.532 | ppl 23.14 | num_updates 15520 | best_loss 6.83354
| epoch 028 | loss 5.435 | nll_loss 3.129 | ppl 8.75 | wps 52254 | ups 4 | wpb 14145.155 | bsz 1124.835 | num_updates 16095 | lr 0.000498522 | gnorm 0.194 | clip 1.000 | oom 0.000 | loss_scale 16.000 | wall 3768 | train_wall 2901
| epoch 028 | valid on 'valid' subset | loss 6.830 | nll_loss 4.530 | ppl 23.11 | num_updates 16095 | best_loss 6.82955
| epoch 029 | loss 5.427 | nll_loss 3.119 | ppl 8.69 | wps 56995 | ups 4 | wpb 14145.155 | bsz 1124.835 | num_updates 16670 | lr 0.000489849 | gnorm 0.194 | clip 1.000 | oom 0.000 | loss_scale 32.000 | wall 3912 | train_wall 3011
| epoch 029 | valid on 'valid' subset | loss 6.818 | nll_loss 4.511 | ppl 22.8 | num_updates 16670 | best_loss 6.81751
| WARNING: overflow detected, setting loss scale to: 16.0
| epoch 030 | loss 5.417 | nll_loss 3.106 | ppl 8.61 | wps 61545 | ups 4 | wpb 14143.988 | bsz 1122.753 | num_updates 17244 | lr 0.000481627 | gnorm 0.190 | clip 1.000 | oom 0.000 | loss_scale 16.000 | wall 4045 | train_wall 3114
| epoch 030 | valid on 'valid' subset | loss 6.824 | nll_loss 4.521 | ppl 22.96 | num_updates 17244 | best_loss 6.8235
| saved checkpoint ./checkpoints/2020-07-14T10-24-04-00-exp444-morsel-si-seed13/checkpoints_en_si/checkpoint30.pt (epoch 30 @ 17244 updates) (writing took 1.0873727798461914 seconds)
| epoch 031 | loss 5.408 | nll_loss 3.094 | ppl 8.54 | wps 59210 | ups 4 | wpb 14145.155 | bsz 1124.835 | num_updates 17819 | lr 0.000473793 | gnorm 0.191 | clip 1.000 | oom 0.000 | loss_scale 16.000 | wall 4184 | train_wall 3219
| epoch 031 | valid on 'valid' subset | loss 6.769 | nll_loss 4.452 | ppl 21.89 | num_updates 17819 | best_loss 6.7685
| epoch 032 | loss 5.401 | nll_loss 3.086 | ppl 8.49 | wps 59544 | ups 4 | wpb 14145.155 | bsz 1124.835 | num_updates 18394 | lr 0.000466328 | gnorm 0.192 | clip 1.000 | oom 0.000 | loss_scale 16.000 | wall 4322 | train_wall 3324
| epoch 032 | valid on 'valid' subset | loss 6.793 | nll_loss 4.476 | ppl 22.25 | num_updates 18394 | best_loss 6.79261
| epoch 033 | loss 5.392 | nll_loss 3.075 | ppl 8.42 | wps 58679 | ups 4 | wpb 14145.155 | bsz 1124.835 | num_updates 18969 | lr 0.000459206 | gnorm 0.190 | clip 1.000 | oom 0.000 | loss_scale 16.000 | wall 4461 | train_wall 3431
| epoch 033 | valid on 'valid' subset | loss 6.761 | nll_loss 4.436 | ppl 21.65 | num_updates 18969 | best_loss 6.76098
| epoch 034 | loss 5.386 | nll_loss 3.067 | ppl 8.38 | wps 61464 | ups 4 | wpb 14145.155 | bsz 1124.835 | num_updates 19544 | lr 0.000452401 | gnorm 0.190 | clip 1.000 | oom 0.000 | loss_scale 16.000 | wall 4594 | train_wall 3533
| epoch 034 | valid on 'valid' subset | loss 6.768 | nll_loss 4.447 | ppl 21.81 | num_updates 19544 | best_loss 6.76784
| epoch 035 | loss 5.378 | nll_loss 3.057 | ppl 8.32 | wps 61449 | ups 4 | wpb 14145.155 | bsz 1124.835 | num_updates 20119 | lr 0.000445889 | gnorm 0.189 | clip 1.000 | oom 0.000 | loss_scale 16.000 | wall 4727 | train_wall 3636
| epoch 035 | valid on 'valid' subset | loss 6.748 | nll_loss 4.421 | ppl 21.43 | num_updates 20119 | best_loss 6.74826
| epoch 036 | loss 5.372 | nll_loss 3.049 | ppl 8.28 | wps 61562 | ups 4 | wpb 14145.155 | bsz 1124.835 | num_updates 20694 | lr 0.000439651 | gnorm 0.192 | clip 1.000 | oom 0.000 | loss_scale 16.000 | wall 4860 | train_wall 3739
| epoch 036 | valid on 'valid' subset | loss 6.751 | nll_loss 4.434 | ppl 21.62 | num_updates 20694 | best_loss 6.7513
| epoch 037 | loss 5.366 | nll_loss 3.040 | ppl 8.23 | wps 61341 | ups 4 | wpb 14145.155 | bsz 1124.835 | num_updates 21269 | lr 0.000433667 | gnorm 0.190 | clip 1.000 | oom 0.000 | loss_scale 32.000 | wall 4994 | train_wall 3841
| epoch 037 | valid on 'valid' subset | loss 6.755 | nll_loss 4.424 | ppl 21.47 | num_updates 21269 | best_loss 6.75529
| WARNING: overflow detected, setting loss scale to: 16.0
| epoch 038 | loss 5.360 | nll_loss 3.033 | ppl 8.19 | wps 60276 | ups 4 | wpb 14147.188 | bsz 1122.669 | num_updates 21843 | lr 0.000427931 | gnorm 0.188 | clip 1.000 | oom 0.000 | loss_scale 16.000 | wall 5129 | train_wall 3945
| epoch 038 | valid on 'valid' subset | loss 6.714 | nll_loss 4.377 | ppl 20.77 | num_updates 21843 | best_loss 6.71447
| epoch 039 | loss 5.354 | nll_loss 3.026 | ppl 8.15 | wps 60927 | ups 4 | wpb 14145.155 | bsz 1124.835 | num_updates 22418 | lr 0.000422407 | gnorm 0.189 | clip 1.000 | oom 0.000 | loss_scale 16.000 | wall 5264 | train_wall 4048
| epoch 039 | valid on 'valid' subset | loss 6.727 | nll_loss 4.388 | ppl 20.93 | num_updates 22418 | best_loss 6.72701
| epoch 040 | loss 5.349 | nll_loss 3.020 | ppl 8.11 | wps 60579 | ups 4 | wpb 14145.155 | bsz 1124.835 | num_updates 22993 | lr 0.000417092 | gnorm 0.189 | clip 1.000 | oom 0.000 | loss_scale 16.000 | wall 5399 | train_wall 4151
| epoch 040 | valid on 'valid' subset | loss 6.720 | nll_loss 4.381 | ppl 20.84 | num_updates 22993 | best_loss 6.72039
| saved checkpoint ./checkpoints/2020-07-14T10-24-04-00-exp444-morsel-si-seed13/checkpoints_en_si/checkpoint40.pt (epoch 40 @ 22993 updates) (writing took 1.0932397842407227 seconds)
| epoch 041 | loss 5.344 | nll_loss 3.013 | ppl 8.07 | wps 60511 | ups 4 | wpb 14145.155 | bsz 1124.835 | num_updates 23568 | lr 0.000411973 | gnorm 0.190 | clip 1.000 | oom 0.000 | loss_scale 16.000 | wall 5535 | train_wall 4255
| epoch 041 | valid on 'valid' subset | loss 6.721 | nll_loss 4.385 | ppl 20.89 | num_updates 23568 | best_loss 6.72039
| epoch 042 | loss 5.338 | nll_loss 3.006 | ppl 8.03 | wps 60095 | ups 4 | wpb 14145.155 | bsz 1124.835 | num_updates 24143 | lr 0.000407037 | gnorm 0.191 | clip 1.000 | oom 0.000 | loss_scale 16.000 | wall 5671 | train_wall 4359
| epoch 042 | valid on 'valid' subset | loss 6.714 | nll_loss 4.390 | ppl 20.96 | num_updates 24143 | best_loss 6.71438
| epoch 043 | loss 5.333 | nll_loss 2.999 | ppl 7.99 | wps 59762 | ups 4 | wpb 14145.155 | bsz 1124.835 | num_updates 24718 | lr 0.000402275 | gnorm 0.190 | clip 1.000 | oom 0.000 | loss_scale 16.000 | wall 5808 | train_wall 4463
| epoch 043 | valid on 'valid' subset | loss 6.713 | nll_loss 4.373 | ppl 20.72 | num_updates 24718 | best_loss 6.71337
| epoch 044 | loss 5.328 | nll_loss 2.993 | ppl 7.96 | wps 59943 | ups 4 | wpb 14145.155 | bsz 1124.835 | num_updates 25293 | lr 0.000397676 | gnorm 0.187 | clip 1.000 | oom 0.000 | loss_scale 16.000 | wall 5945 | train_wall 4568
| epoch 044 | valid on 'valid' subset | loss 6.681 | nll_loss 4.337 | ppl 20.21 | num_updates 25293 | best_loss 6.68067
| epoch 045 | loss 5.323 | nll_loss 2.986 | ppl 7.92 | wps 59264 | ups 4 | wpb 14145.155 | bsz 1124.835 | num_updates 25868 | lr 0.000393232 | gnorm 0.189 | clip 1.000 | oom 0.000 | loss_scale 32.000 | wall 6083 | train_wall 4673
| epoch 045 | valid on 'valid' subset | loss 6.684 | nll_loss 4.341 | ppl 20.26 | num_updates 25868 | best_loss 6.68401
| WARNING: overflow detected, setting loss scale to: 16.0
| epoch 046 | loss 5.319 | nll_loss 2.981 | ppl 7.9 | wps 59815 | ups 4 | wpb 14145.767 | bsz 1122.251 | num_updates 26442 | lr 0.00038894 | gnorm 0.188 | clip 1.000 | oom 0.000 | loss_scale 16.000 | wall 6220 | train_wall 4776
| epoch 046 | valid on 'valid' subset | loss 6.682 | nll_loss 4.339 | ppl 20.24 | num_updates 26442 | best_loss 6.68168
| epoch 047 | loss 5.315 | nll_loss 2.976 | ppl 7.87 | wps 59016 | ups 4 | wpb 14145.155 | bsz 1124.835 | num_updates 27017 | lr 0.000384779 | gnorm 0.189 | clip 1.000 | oom 0.000 | loss_scale 16.000 | wall 6358 | train_wall 4882
| epoch 047 | valid on 'valid' subset | loss 6.664 | nll_loss 4.311 | ppl 19.86 | num_updates 27017 | best_loss 6.66354
| epoch 048 | loss 5.310 | nll_loss 2.970 | ppl 7.84 | wps 59310 | ups 4 | wpb 14145.155 | bsz 1124.835 | num_updates 27592 | lr 0.000380749 | gnorm 0.189 | clip 1.000 | oom 0.000 | loss_scale 16.000 | wall 6496 | train_wall 4986
| epoch 048 | valid on 'valid' subset | loss 6.662 | nll_loss 4.320 | ppl 19.97 | num_updates 27592 | best_loss 6.66213
| epoch 049 | loss 5.305 | nll_loss 2.964 | ppl 7.8 | wps 59437 | ups 4 | wpb 14145.155 | bsz 1124.835 | num_updates 28167 | lr 0.000376842 | gnorm 0.187 | clip 1.000 | oom 0.000 | loss_scale 16.000 | wall 6634 | train_wall 5092
| epoch 049 | valid on 'valid' subset | loss 6.669 | nll_loss 4.319 | ppl 19.95 | num_updates 28167 | best_loss 6.66895
| epoch 050 | loss 5.301 | nll_loss 2.959 | ppl 7.77 | wps 58710 | ups 4 | wpb 14145.155 | bsz 1124.835 | num_updates 28742 | lr 0.000373054 | gnorm 0.187 | clip 1.000 | oom 0.000 | loss_scale 16.000 | wall 6773 | train_wall 5199
| epoch 050 | valid on 'valid' subset | loss 6.655 | nll_loss 4.301 | ppl 19.72 | num_updates 28742 | best_loss 6.65488
| saved checkpoint ./checkpoints/2020-07-14T10-24-04-00-exp444-morsel-si-seed13/checkpoints_en_si/checkpoint50.pt (epoch 50 @ 28742 updates) (writing took 1.1008894443511963 seconds)
| epoch 051 | loss 5.297 | nll_loss 2.954 | ppl 7.75 | wps 59616 | ups 4 | wpb 14145.155 | bsz 1124.835 | num_updates 29317 | lr 0.000369377 | gnorm 0.187 | clip 1.000 | oom 0.000 | loss_scale 16.000 | wall 6912 | train_wall 5304
| epoch 051 | valid on 'valid' subset | loss 6.654 | nll_loss 4.290 | ppl 19.57 | num_updates 29317 | best_loss 6.65363
| epoch 052 | loss 5.293 | nll_loss 2.949 | ppl 7.72 | wps 59134 | ups 4 | wpb 14145.155 | bsz 1124.835 | num_updates 29892 | lr 0.000365807 | gnorm 0.186 | clip 1.000 | oom 0.000 | loss_scale 16.000 | wall 7050 | train_wall 5410
| epoch 052 | valid on 'valid' subset | loss 6.643 | nll_loss 4.276 | ppl 19.38 | num_updates 29892 | best_loss 6.64294
| WARNING: overflow detected, setting loss scale to: 16.0
| epoch 053 | loss 5.291 | nll_loss 2.945 | ppl 7.7 | wps 59641 | ups 4 | wpb 14143.108 | bsz 1124.523 | num_updates 30466 | lr 0.000362345 | gnorm 0.189 | clip 1.000 | oom 0.000 | loss_scale 16.000 | wall 7187 | train_wall 5516
| epoch 053 | valid on 'valid' subset | loss 6.658 | nll_loss 4.306 | ppl 19.78 | num_updates 30466 | best_loss 6.65488
| epoch 054 | loss 5.287 | nll_loss 2.941 | ppl 7.68 | wps 60186 | ups 4 | wpb 14145.155 | bsz 1124.835 | num_updates 31041 | lr 0.000358973 | gnorm 0.189 | clip 1.000 | oom 0.000 | loss_scale 16.000 | wall 7323 | train_wall 5621
| epoch 054 | valid on 'valid' subset | loss 6.633 | nll_loss 4.279 | ppl 19.42 | num_updates 31041 | best_loss 6.63291
| epoch 055 | loss 5.283 | nll_loss 2.936 | ppl 7.65 | wps 60162 | ups 4 | wpb 14145.155 | bsz 1124.835 | num_updates 31616 | lr 0.000355694 | gnorm 0.189 | clip 1.000 | oom 0.000 | loss_scale 16.000 | wall 7459 | train_wall 5727
| epoch 055 | valid on 'valid' subset | loss 6.643 | nll_loss 4.285 | ppl 19.49 | num_updates 31616 | best_loss 6.64267
| epoch 056 | loss 5.279 | nll_loss 2.931 | ppl 7.63 | wps 61576 | ups 4 | wpb 14145.155 | bsz 1124.835 | num_updates 32191 | lr 0.000352503 | gnorm 0.188 | clip 1.000 | oom 0.000 | loss_scale 16.000 | wall 7592 | train_wall 5829
| epoch 056 | valid on 'valid' subset | loss 6.614 | nll_loss 4.252 | ppl 19.06 | num_updates 32191 | best_loss 6.6144
| epoch 057 | loss 5.276 | nll_loss 2.927 | ppl 7.61 | wps 61873 | ups 4 | wpb 14145.155 | bsz 1124.835 | num_updates 32766 | lr 0.000349396 | gnorm 0.187 | clip 1.000 | oom 0.000 | loss_scale 16.000 | wall 7725 | train_wall 5931
| epoch 057 | valid on 'valid' subset | loss 6.655 | nll_loss 4.308 | ppl 19.8 | num_updates 32766 | best_loss 6.65488
| epoch 058 | loss 5.273 | nll_loss 2.923 | ppl 7.59 | wps 61396 | ups 4 | wpb 14145.155 | bsz 1124.835 | num_updates 33341 | lr 0.00034637 | gnorm 0.187 | clip 1.000 | oom 0.000 | loss_scale 16.000 | wall 7858 | train_wall 6035
| epoch 058 | valid on 'valid' subset | loss 6.639 | nll_loss 4.283 | ppl 19.46 | num_updates 33341 | best_loss 6.63864
| epoch 059 | loss 5.270 | nll_loss 2.920 | ppl 7.57 | wps 61439 | ups 4 | wpb 14145.155 | bsz 1124.835 | num_updates 33916 | lr 0.000343422 | gnorm 0.189 | clip 1.000 | oom 0.000 | loss_scale 16.000 | wall 7991 | train_wall 6138
| epoch 059 | valid on 'valid' subset | loss 6.639 | nll_loss 4.284 | ppl 19.48 | num_updates 33916 | best_loss 6.6394
| epoch 060 | loss 5.267 | nll_loss 2.916 | ppl 7.55 | wps 61363 | ups 4 | wpb 14145.155 | bsz 1124.835 | num_updates 34491 | lr 0.000340547 | gnorm 0.189 | clip 1.000 | oom 0.000 | loss_scale 32.000 | wall 8125 | train_wall 6241
| epoch 060 | valid on 'valid' subset | loss 6.600 | nll_loss 4.238 | ppl 18.87 | num_updates 34491 | best_loss 6.59956
| saved checkpoint ./checkpoints/2020-07-14T10-24-04-00-exp444-morsel-si-seed13/checkpoints_en_si/checkpoint60.pt (epoch 60 @ 34491 updates) (writing took 1.0916242599487305 seconds)
| epoch 061 | loss 5.264 | nll_loss 2.911 | ppl 7.52 | wps 61380 | ups 4 | wpb 14145.155 | bsz 1124.835 | num_updates 35066 | lr 0.000337743 | gnorm 0.187 | clip 1.000 | oom 0.000 | loss_scale 32.000 | wall 8259 | train_wall 6343
| epoch 061 | valid on 'valid' subset | loss 6.618 | nll_loss 4.249 | ppl 19.01 | num_updates 35066 | best_loss 6.59956
| epoch 062 | loss 5.262 | nll_loss 2.908 | ppl 7.51 | wps 61403 | ups 4 | wpb 14145.155 | bsz 1124.835 | num_updates 35641 | lr 0.000335008 | gnorm 0.189 | clip 1.000 | oom 0.000 | loss_scale 32.000 | wall 8392 | train_wall 6447
| epoch 062 | valid on 'valid' subset | loss 6.612 | nll_loss 4.254 | ppl 19.08 | num_updates 35641 | best_loss 6.59956
| epoch 063 | loss 5.258 | nll_loss 2.904 | ppl 7.49 | wps 61121 | ups 4 | wpb 14145.155 | bsz 1124.835 | num_updates 36216 | lr 0.000332338 | gnorm 0.188 | clip 1.000 | oom 0.000 | loss_scale 32.000 | wall 8526 | train_wall 6550
| epoch 063 | valid on 'valid' subset | loss 6.634 | nll_loss 4.273 | ppl 19.33 | num_updates 36216 | best_loss 6.59956
| epoch 064 | loss 5.255 | nll_loss 2.900 | ppl 7.47 | wps 61395 | ups 4 | wpb 14145.155 | bsz 1124.835 | num_updates 36791 | lr 0.000329731 | gnorm 0.187 | clip 1.000 | oom 0.000 | loss_scale 32.000 | wall 8660 | train_wall 6653
| epoch 064 | valid on 'valid' subset | loss 6.592 | nll_loss 4.220 | ppl 18.63 | num_updates 36791 | best_loss 6.59161
| epoch 065 | loss 5.252 | nll_loss 2.896 | ppl 7.45 | wps 61421 | ups 4 | wpb 14145.155 | bsz 1124.835 | num_updates 37366 | lr 0.000327184 | gnorm 0.187 | clip 1.000 | oom 0.000 | loss_scale 32.000 | wall 8793 | train_wall 6757
| epoch 065 | valid on 'valid' subset | loss 6.603 | nll_loss 4.235 | ppl 18.83 | num_updates 37366 | best_loss 6.59956
| epoch 066 | loss 5.250 | nll_loss 2.894 | ppl 7.43 | wps 61304 | ups 4 | wpb 14145.155 | bsz 1124.835 | num_updates 37941 | lr 0.000324695 | gnorm 0.190 | clip 1.000 | oom 0.000 | loss_scale 32.000 | wall 8926 | train_wall 6859
| epoch 066 | valid on 'valid' subset | loss 6.608 | nll_loss 4.242 | ppl 18.92 | num_updates 37941 | best_loss 6.59956
| epoch 067 | loss 5.248 | nll_loss 2.891 | ppl 7.42 | wps 61068 | ups 4 | wpb 14145.155 | bsz 1124.835 | num_updates 38516 | lr 0.000322262 | gnorm 0.189 | clip 1.000 | oom 0.000 | loss_scale 32.000 | wall 9060 | train_wall 6962
| epoch 067 | valid on 'valid' subset | loss 6.610 | nll_loss 4.254 | ppl 19.08 | num_updates 38516 | best_loss 6.59956
| WARNING: overflow detected, setting loss scale to: 32.0
| WARNING: overflow detected, setting loss scale to: 16.0
| epoch 068 | loss 5.245 | nll_loss 2.888 | ppl 7.4 | wps 61491 | ups 4 | wpb 14149.171 | bsz 1122.757 | num_updates 39089 | lr 0.000319892 | gnorm 0.190 | clip 1.000 | oom 0.000 | loss_scale 16.000 | wall 9193 | train_wall 7065
| epoch 068 | valid on 'valid' subset | loss 6.591 | nll_loss 4.222 | ppl 18.66 | num_updates 39089 | best_loss 6.59125
| epoch 069 | loss 5.242 | nll_loss 2.884 | ppl 7.38 | wps 61841 | ups 4 | wpb 14145.155 | bsz 1124.835 | num_updates 39664 | lr 0.000317564 | gnorm 0.188 | clip 1.000 | oom 0.000 | loss_scale 16.000 | wall 9326 | train_wall 7168
| epoch 069 | valid on 'valid' subset | loss 6.596 | nll_loss 4.227 | ppl 18.72 | num_updates 39664 | best_loss 6.5965
| epoch 070 | loss 5.240 | nll_loss 2.880 | ppl 7.36 | wps 61623 | ups 4 | wpb 14145.155 | bsz 1124.835 | num_updates 40239 | lr 0.000315287 | gnorm 0.192 | clip 1.000 | oom 0.000 | loss_scale 16.000 | wall 9458 | train_wall 7271
| epoch 070 | valid on 'valid' subset | loss 6.586 | nll_loss 4.218 | ppl 18.61 | num_updates 40239 | best_loss 6.58563
| saved checkpoint ./checkpoints/2020-07-14T10-24-04-00-exp444-morsel-si-seed13/checkpoints_en_si/checkpoint70.pt (epoch 70 @ 40239 updates) (writing took 1.0688867568969727 seconds)
| epoch 071 | loss 5.238 | nll_loss 2.878 | ppl 7.35 | wps 61576 | ups 4 | wpb 14145.155 | bsz 1124.835 | num_updates 40814 | lr 0.000313058 | gnorm 0.189 | clip 1.000 | oom 0.000 | loss_scale 16.000 | wall 9592 | train_wall 7374
| epoch 071 | valid on 'valid' subset | loss 6.591 | nll_loss 4.219 | ppl 18.62 | num_updates 40814 | best_loss 6.58563
| epoch 072 | loss 5.235 | nll_loss 2.874 | ppl 7.33 | wps 61187 | ups 4 | wpb 14145.155 | bsz 1124.835 | num_updates 41389 | lr 0.000310876 | gnorm 0.189 | clip 1.000 | oom 0.000 | loss_scale 16.000 | wall 9726 | train_wall 7477
| epoch 072 | valid on 'valid' subset | loss 6.593 | nll_loss 4.222 | ppl 18.66 | num_updates 41389 | best_loss 6.58563
| epoch 073 | loss 5.233 | nll_loss 2.872 | ppl 7.32 | wps 60925 | ups 4 | wpb 14145.155 | bsz 1124.835 | num_updates 41964 | lr 0.000308739 | gnorm 0.190 | clip 1.000 | oom 0.000 | loss_scale 16.000 | wall 9861 | train_wall 7581
| epoch 073 | valid on 'valid' subset | loss 6.570 | nll_loss 4.195 | ppl 18.32 | num_updates 41964 | best_loss 6.56989
| epoch 074 | loss 5.231 | nll_loss 2.869 | ppl 7.3 | wps 61225 | ups 4 | wpb 14145.155 | bsz 1124.835 | num_updates 42539 | lr 0.000306645 | gnorm 0.189 | clip 1.000 | oom 0.000 | loss_scale 16.000 | wall 9994 | train_wall 7684
| epoch 074 | valid on 'valid' subset | loss 6.576 | nll_loss 4.205 | ppl 18.44 | num_updates 42539 | best_loss 6.57635
| epoch 075 | loss 5.228 | nll_loss 2.866 | ppl 7.29 | wps 61605 | ups 4 | wpb 14145.155 | bsz 1124.835 | num_updates 43114 | lr 0.000304594 | gnorm 0.190 | clip 1.000 | oom 0.000 | loss_scale 32.000 | wall 10127 | train_wall 7787
| epoch 075 | valid on 'valid' subset | loss 6.573 | nll_loss 4.197 | ppl 18.34 | num_updates 43114 | best_loss 6.57316
| epoch 076 | loss 5.226 | nll_loss 2.863 | ppl 7.27 | wps 61321 | ups 4 | wpb 14145.155 | bsz 1124.835 | num_updates 43689 | lr 0.000302583 | gnorm 0.188 | clip 1.000 | oom 0.000 | loss_scale 32.000 | wall 10261 | train_wall 7890
| epoch 076 | valid on 'valid' subset | loss 6.587 | nll_loss 4.223 | ppl 18.67 | num_updates 43689 | best_loss 6.58563
| epoch 077 | loss 5.225 | nll_loss 2.861 | ppl 7.27 | wps 61985 | ups 4 | wpb 14145.155 | bsz 1124.835 | num_updates 44264 | lr 0.000300611 | gnorm 0.190 | clip 1.000 | oom 0.000 | loss_scale 32.000 | wall 10393 | train_wall 7992
| epoch 077 | valid on 'valid' subset | loss 6.574 | nll_loss 4.200 | ppl 18.38 | num_updates 44264 | best_loss 6.57422
| WARNING: overflow detected, setting loss scale to: 16.0
| epoch 078 | loss 5.222 | nll_loss 2.858 | ppl 7.25 | wps 61331 | ups 4 | wpb 14148.714 | bsz 1122.850 | num_updates 44838 | lr 0.000298681 | gnorm 0.188 | clip 1.000 | oom 0.000 | loss_scale 16.000 | wall 10526 | train_wall 8096
| epoch 078 | valid on 'valid' subset | loss 6.564 | nll_loss 4.181 | ppl 18.14 | num_updates 44838 | best_loss 6.56367
| epoch 079 | loss 5.219 | nll_loss 2.855 | ppl 7.23 | wps 61174 | ups 4 | wpb 14145.155 | bsz 1124.835 | num_updates 45413 | lr 0.000296784 | gnorm 0.190 | clip 1.000 | oom 0.000 | loss_scale 16.000 | wall 10660 | train_wall 8199
| epoch 079 | valid on 'valid' subset | loss 6.578 | nll_loss 4.200 | ppl 18.38 | num_updates 45413 | best_loss 6.57781
| epoch 080 | loss 5.219 | nll_loss 2.854 | ppl 7.23 | wps 61240 | ups 4 | wpb 14145.155 | bsz 1124.835 | num_updates 45988 | lr 0.000294922 | gnorm 0.192 | clip 1.000 | oom 0.000 | loss_scale 16.000 | wall 10794 | train_wall 8302
| epoch 080 | valid on 'valid' subset | loss 6.563 | nll_loss 4.181 | ppl 18.14 | num_updates 45988 | best_loss 6.56284
| saved checkpoint ./checkpoints/2020-07-14T10-24-04-00-exp444-morsel-si-seed13/checkpoints_en_si/checkpoint80.pt (epoch 80 @ 45988 updates) (writing took 1.0737841129302979 seconds)
| epoch 081 | loss 5.216 | nll_loss 2.850 | ppl 7.21 | wps 61349 | ups 4 | wpb 14145.155 | bsz 1124.835 | num_updates 46563 | lr 0.000293096 | gnorm 0.190 | clip 1.000 | oom 0.000 | loss_scale 16.000 | wall 10928 | train_wall 8405
| epoch 081 | valid on 'valid' subset | loss 6.553 | nll_loss 4.179 | ppl 18.11 | num_updates 46563 | best_loss 6.55298
| epoch 082 | loss 5.214 | nll_loss 2.848 | ppl 7.2 | wps 61792 | ups 4 | wpb 14145.155 | bsz 1124.835 | num_updates 47138 | lr 0.000291303 | gnorm 0.191 | clip 1.000 | oom 0.000 | loss_scale 16.000 | wall 11061 | train_wall 8508
| epoch 082 | valid on 'valid' subset | loss 6.564 | nll_loss 4.187 | ppl 18.22 | num_updates 47138 | best_loss 6.56284
| epoch 083 | loss 5.212 | nll_loss 2.846 | ppl 7.19 | wps 54446 | ups 4 | wpb 14145.155 | bsz 1124.835 | num_updates 47713 | lr 0.000289542 | gnorm 0.190 | clip 1.000 | oom 0.000 | loss_scale 16.000 | wall 11211 | train_wall 8623
| epoch 083 | valid on 'valid' subset | loss 6.552 | nll_loss 4.179 | ppl 18.11 | num_updates 47713 | best_loss 6.55216
| epoch 084 | loss 5.210 | nll_loss 2.843 | ppl 7.17 | wps 57662 | ups 4 | wpb 14145.155 | bsz 1124.835 | num_updates 48288 | lr 0.000287813 | gnorm 0.190 | clip 1.000 | oom 0.000 | loss_scale 16.000 | wall 11353 | train_wall 8733
| epoch 084 | valid on 'valid' subset | loss 6.563 | nll_loss 4.186 | ppl 18.2 | num_updates 48288 | best_loss 6.56284
| epoch 085 | loss 5.208 | nll_loss 2.840 | ppl 7.16 | wps 61229 | ups 4 | wpb 14145.155 | bsz 1124.835 | num_updates 48863 | lr 0.000286115 | gnorm 0.188 | clip 1.000 | oom 0.000 | loss_scale 32.000 | wall 11487 | train_wall 8836
| epoch 085 | valid on 'valid' subset | loss 6.572 | nll_loss 4.205 | ppl 18.44 | num_updates 48863 | best_loss 6.56284
| epoch 086 | loss 5.206 | nll_loss 2.838 | ppl 7.15 | wps 61536 | ups 4 | wpb 14145.155 | bsz 1124.835 | num_updates 49438 | lr 0.000284446 | gnorm 0.191 | clip 1.000 | oom 0.000 | loss_scale 32.000 | wall 11620 | train_wall 8939
| epoch 086 | valid on 'valid' subset | loss 6.558 | nll_loss 4.180 | ppl 18.13 | num_updates 49438 | best_loss 6.55764
| epoch 087 | loss 5.204 | nll_loss 2.835 | ppl 7.14 | wps 60623 | ups 4 | wpb 14145.155 | bsz 1124.835 | num_updates 50013 | lr 0.000282806 | gnorm 0.189 | clip 1.000 | oom 0.000 | loss_scale 32.000 | wall 11755 | train_wall 9043
| epoch 087 | valid on 'valid' subset | loss 6.534 | nll_loss 4.151 | ppl 17.76 | num_updates 50013 | best_loss 6.53371
| epoch 088 | loss 5.203 | nll_loss 2.834 | ppl 7.13 | wps 60685 | ups 4 | wpb 14145.155 | bsz 1124.835 | num_updates 50588 | lr 0.000281194 | gnorm 0.191 | clip 1.000 | oom 0.000 | loss_scale 32.000 | wall 11890 | train_wall 9147
| epoch 088 | valid on 'valid' subset | loss 6.546 | nll_loss 4.173 | ppl 18.04 | num_updates 50588 | best_loss 6.54598
| epoch 089 | loss 5.201 | nll_loss 2.831 | ppl 7.12 | wps 60886 | ups 4 | wpb 14145.155 | bsz 1124.835 | num_updates 51163 | lr 0.00027961 | gnorm 0.190 | clip 1.000 | oom 0.000 | loss_scale 32.000 | wall 12024 | train_wall 9250
| epoch 089 | valid on 'valid' subset | loss 6.537 | nll_loss 4.156 | ppl 17.83 | num_updates 51163 | best_loss 6.53693
| epoch 090 | loss 5.199 | nll_loss 2.829 | ppl 7.11 | wps 61259 | ups 4 | wpb 14145.155 | bsz 1124.835 | num_updates 51738 | lr 0.000278051 | gnorm 0.190 | clip 1.000 | oom 0.000 | loss_scale 32.000 | wall 12158 | train_wall 9353
| epoch 090 | valid on 'valid' subset | loss 6.540 | nll_loss 4.160 | ppl 17.88 | num_updates 51738 | best_loss 6.54008
| saved checkpoint ./checkpoints/2020-07-14T10-24-04-00-exp444-morsel-si-seed13/checkpoints_en_si/checkpoint90.pt (epoch 90 @ 51738 updates) (writing took 1.0911929607391357 seconds)
| epoch 091 | loss 5.198 | nll_loss 2.827 | ppl 7.1 | wps 61982 | ups 4 | wpb 14145.155 | bsz 1124.835 | num_updates 52313 | lr 0.000276519 | gnorm 0.189 | clip 1.000 | oom 0.000 | loss_scale 32.000 | wall 12291 | train_wall 9455
| epoch 091 | valid on 'valid' subset | loss 6.544 | nll_loss 4.164 | ppl 17.92 | num_updates 52313 | best_loss 6.54008
| WARNING: overflow detected, setting loss scale to: 32.0
| epoch 092 | loss 5.196 | nll_loss 2.825 | ppl 7.09 | wps 61245 | ups 4 | wpb 14146.580 | bsz 1122.056 | num_updates 52887 | lr 0.000275014 | gnorm 0.190 | clip 1.000 | oom 0.000 | loss_scale 32.000 | wall 12425 | train_wall 9558
| epoch 092 | valid on 'valid' subset | loss 6.556 | nll_loss 4.182 | ppl 18.15 | num_updates 52887 | best_loss 6.54008
| epoch 093 | loss 5.194 | nll_loss 2.822 | ppl 7.07 | wps 61059 | ups 4 | wpb 14145.155 | bsz 1124.835 | num_updates 53462 | lr 0.000273532 | gnorm 0.190 | clip 1.000 | oom 0.000 | loss_scale 32.000 | wall 12559 | train_wall 9661
| epoch 093 | valid on 'valid' subset | loss 6.548 | nll_loss 4.174 | ppl 18.05 | num_updates 53462 | best_loss 6.54008
| epoch 094 | loss 5.193 | nll_loss 2.821 | ppl 7.06 | wps 61276 | ups 4 | wpb 14145.155 | bsz 1124.835 | num_updates 54037 | lr 0.000272072 | gnorm 0.191 | clip 1.000 | oom 0.000 | loss_scale 32.000 | wall 12692 | train_wall 9764
| epoch 094 | valid on 'valid' subset | loss 6.541 | nll_loss 4.159 | ppl 17.87 | num_updates 54037 | best_loss 6.54008
| epoch 095 | loss 5.191 | nll_loss 2.818 | ppl 7.05 | wps 61367 | ups 4 | wpb 14145.155 | bsz 1124.835 | num_updates 54612 | lr 0.000270636 | gnorm 0.191 | clip 1.000 | oom 0.000 | loss_scale 32.000 | wall 12826 | train_wall 9867
| epoch 095 | valid on 'valid' subset | loss 6.545 | nll_loss 4.171 | ppl 18.01 | num_updates 54612 | best_loss 6.54008
| epoch 096 | loss 5.189 | nll_loss 2.816 | ppl 7.04 | wps 61433 | ups 4 | wpb 14145.155 | bsz 1124.835 | num_updates 55187 | lr 0.000269223 | gnorm 0.190 | clip 1.000 | oom 0.000 | loss_scale 32.000 | wall 12959 | train_wall 9970
| epoch 096 | valid on 'valid' subset | loss 6.529 | nll_loss 4.146 | ppl 17.7 | num_updates 55187 | best_loss 6.52879
| epoch 097 | loss 5.188 | nll_loss 2.815 | ppl 7.04 | wps 61808 | ups 4 | wpb 14145.155 | bsz 1124.835 | num_updates 55762 | lr 0.000267831 | gnorm 0.190 | clip 1.000 | oom 0.000 | loss_scale 32.000 | wall 13091 | train_wall 10073
| epoch 097 | valid on 'valid' subset | loss 6.535 | nll_loss 4.158 | ppl 17.85 | num_updates 55762 | best_loss 6.53519
| epoch 098 | loss 5.187 | nll_loss 2.813 | ppl 7.03 | wps 61785 | ups 4 | wpb 14145.155 | bsz 1124.835 | num_updates 56337 | lr 0.000266461 | gnorm 0.191 | clip 1.000 | oom 0.000 | loss_scale 32.000 | wall 13224 | train_wall 10175
| epoch 098 | valid on 'valid' subset | loss 6.540 | nll_loss 4.160 | ppl 17.87 | num_updates 56337 | best_loss 6.54008
| WARNING: overflow detected, setting loss scale to: 32.0
| epoch 099 | loss 5.185 | nll_loss 2.810 | ppl 7.01 | wps 61670 | ups 4 | wpb 14143.831 | bsz 1123.394 | num_updates 56911 | lr 0.000265114 | gnorm 0.191 | clip 1.000 | oom 0.000 | loss_scale 32.000 | wall 13356 | train_wall 10278
| epoch 099 | valid on 'valid' subset | loss 6.537 | nll_loss 4.159 | ppl 17.87 | num_updates 56911 | best_loss 6.53721
| epoch 100 | loss 5.184 | nll_loss 2.809 | ppl 7.01 | wps 62045 | ups 4 | wpb 14145.155 | bsz 1124.835 | num_updates 57486 | lr 0.000263784 | gnorm 0.191 | clip 1.000 | oom 0.000 | loss_scale 32.000 | wall 13488 | train_wall 10379
| epoch 100 | valid on 'valid' subset | loss 6.521 | nll_loss 4.137 | ppl 17.6 | num_updates 57486 | best_loss 6.52051
| saved checkpoint ./checkpoints/2020-07-14T10-24-04-00-exp444-morsel-si-seed13/checkpoints_en_si/checkpoint100.pt (epoch 100 @ 57486 updates) (writing took 1.0738928318023682 seconds)
| done training in 13484.4 seconds
Done training.
Time at end: Tue Jul 14 17:58:26 EDT 2020
