================ FLORES BASELINE WITH CLIP_NORM=0.1, BPE=7500 AND SEED=18  ================
About to train the supervised for the following language pair: NE-EN
CHECKPOINT_DIR is set to './checkpoints/2020-06-04T13-15-04-00-exp27-bpe7500-ne-060120-seed18-nonjoint/checkpoints_ne_en'
Creating checkpoint directory if it doesn't exist...
Data folder is: data-bin/wiki_ne_en_bpe7500_nonjoint/
Beginning training...
Time at beginning: Thu Jun 4 13:15:59 EDT 2020
This is train_fairseq
Namespace(activation_dropout=0.2, activation_fn='relu', adam_betas='(0.9, 0.98)', adam_eps=1e-08, adaptive_input=False, adaptive_softmax_cutoff=None, adaptive_softmax_dropout=0, arch='transformer', attention_dropout=0.2, best_checkpoint_metric='loss', bpe=None, bucket_cap_mb=25, clip_norm=0.1, cpu=False, criterion='label_smoothed_cross_entropy', cross_self_attention=False, curriculum=0, data='data-bin/wiki_ne_en_bpe7500_nonjoint/', dataset_impl=None, ddp_backend='c10d', decoder_attention_heads=2, decoder_embed_dim=512, decoder_embed_path=None, decoder_ffn_embed_dim=2048, decoder_input_dim=512, decoder_layerdrop=0, decoder_layers=5, decoder_layers_to_keep=None, decoder_learned_pos=False, decoder_normalize_before=True, decoder_output_dim=512, device_id=0, disable_validation=False, distributed_backend='nccl', distributed_init_method=None, distributed_no_spawn=False, distributed_port=-1, distributed_rank=0, distributed_world_size=1, dropout=0.4, empty_cache_freq=0, encoder_attention_heads=2, encoder_embed_dim=512, encoder_embed_path=None, encoder_ffn_embed_dim=2048, encoder_layerdrop=0, encoder_layers=5, encoder_layers_to_keep=None, encoder_learned_pos=False, encoder_normalize_before=True, fast_stat_sync=False, find_unused_parameters=False, fix_batches_to_gpus=False, fixed_validation_seed=None, fp16=True, fp16_init_scale=128, fp16_scale_tolerance=0.0, fp16_scale_window=None, keep_interval_updates=-1, keep_last_epochs=-1, label_smoothing=0.2, layer_wise_attention=False, layernorm_embedding=False, lazy_load=False, left_pad_source='True', left_pad_target='False', load_alignments=False, log_format=None, log_interval=1000, lr=[0.001], lr_scheduler='inverse_sqrt', max_epoch=100, max_sentences=None, max_sentences_valid=None, max_source_positions=1024, max_target_positions=1024, max_tokens=4000, max_tokens_valid=4000, max_update=0, maximize_best_checkpoint_metric=False, memory_efficient_fp16=False, min_loss_scale=0.0001, min_lr=1e-09, no_cross_attention=False, no_epoch_checkpoints=False, no_last_checkpoints=False, no_progress_bar=False, no_save=False, no_save_optimizer_state=False, no_scale_embedding=False, no_token_positional_embeddings=False, num_workers=1, optimizer='adam', optimizer_overrides='{}', raw_text=False, required_batch_size_multiple=8, reset_dataloader=False, reset_lr_scheduler=False, reset_meters=False, reset_optimizer=False, restore_file='checkpoint_last.pt', save_dir='./checkpoints/2020-06-04T13-15-04-00-exp27-bpe7500-ne-060120-seed18-nonjoint/checkpoints_ne_en', save_interval=10, save_interval_updates=0, seed=18, sentence_avg=False, share_all_embeddings=True, share_decoder_input_output_embed=False, skip_invalid_size_inputs_valid_test=False, source_lang='ne', target_lang='en', task='translation', tensorboard_logdir='', threshold_loss_scale=None, tokenizer=None, train_subset='train', truncate_source=False, update_freq=[4], upsample_primary=1, use_bmuf=False, user_dir=None, valid_subset='valid', validate_interval=1, warmup_init_lr=1e-07, warmup_updates=4000, weight_decay=0.0001)
| [ne] dictionary: 7552 types
| [en] dictionary: 7552 types
| loaded 2559 examples from: data-bin/wiki_ne_en_bpe7500_nonjoint/valid.ne-en.ne
| loaded 2559 examples from: data-bin/wiki_ne_en_bpe7500_nonjoint/valid.ne-en.en
| data-bin/wiki_ne_en_bpe7500_nonjoint/ valid ne-en 2559 examples
TransformerModel(
  (encoder): TransformerEncoder(
    (embed_tokens): Embedding(7552, 512, padding_idx=1)
    (embed_positions): SinusoidalPositionalEmbedding()
    (layers): ModuleList(
      (0): TransformerEncoderLayer(
        (self_attn): MultiheadAttention(
          (k_proj): Linear(in_features=512, out_features=512, bias=True)
          (v_proj): Linear(in_features=512, out_features=512, bias=True)
          (q_proj): Linear(in_features=512, out_features=512, bias=True)
          (out_proj): Linear(in_features=512, out_features=512, bias=True)
        )
        (self_attn_layer_norm): LayerNorm((512,), eps=1e-05, elementwise_affine=True)
        (fc1): Linear(in_features=512, out_features=2048, bias=True)
        (fc2): Linear(in_features=2048, out_features=512, bias=True)
        (final_layer_norm): LayerNorm((512,), eps=1e-05, elementwise_affine=True)
      )
      (1): TransformerEncoderLayer(
        (self_attn): MultiheadAttention(
          (k_proj): Linear(in_features=512, out_features=512, bias=True)
          (v_proj): Linear(in_features=512, out_features=512, bias=True)
          (q_proj): Linear(in_features=512, out_features=512, bias=True)
          (out_proj): Linear(in_features=512, out_features=512, bias=True)
        )
        (self_attn_layer_norm): LayerNorm((512,), eps=1e-05, elementwise_affine=True)
        (fc1): Linear(in_features=512, out_features=2048, bias=True)
        (fc2): Linear(in_features=2048, out_features=512, bias=True)
        (final_layer_norm): LayerNorm((512,), eps=1e-05, elementwise_affine=True)
      )
      (2): TransformerEncoderLayer(
        (self_attn): MultiheadAttention(
          (k_proj): Linear(in_features=512, out_features=512, bias=True)
          (v_proj): Linear(in_features=512, out_features=512, bias=True)
          (q_proj): Linear(in_features=512, out_features=512, bias=True)
          (out_proj): Linear(in_features=512, out_features=512, bias=True)
        )
        (self_attn_layer_norm): LayerNorm((512,), eps=1e-05, elementwise_affine=True)
        (fc1): Linear(in_features=512, out_features=2048, bias=True)
        (fc2): Linear(in_features=2048, out_features=512, bias=True)
        (final_layer_norm): LayerNorm((512,), eps=1e-05, elementwise_affine=True)
      )
      (3): TransformerEncoderLayer(
        (self_attn): MultiheadAttention(
          (k_proj): Linear(in_features=512, out_features=512, bias=True)
          (v_proj): Linear(in_features=512, out_features=512, bias=True)
          (q_proj): Linear(in_features=512, out_features=512, bias=True)
          (out_proj): Linear(in_features=512, out_features=512, bias=True)
        )
        (self_attn_layer_norm): LayerNorm((512,), eps=1e-05, elementwise_affine=True)
        (fc1): Linear(in_features=512, out_features=2048, bias=True)
        (fc2): Linear(in_features=2048, out_features=512, bias=True)
        (final_layer_norm): LayerNorm((512,), eps=1e-05, elementwise_affine=True)
      )
      (4): TransformerEncoderLayer(
        (self_attn): MultiheadAttention(
          (k_proj): Linear(in_features=512, out_features=512, bias=True)
          (v_proj): Linear(in_features=512, out_features=512, bias=True)
          (q_proj): Linear(in_features=512, out_features=512, bias=True)
          (out_proj): Linear(in_features=512, out_features=512, bias=True)
        )
        (self_attn_layer_norm): LayerNorm((512,), eps=1e-05, elementwise_affine=True)
        (fc1): Linear(in_features=512, out_features=2048, bias=True)
        (fc2): Linear(in_features=2048, out_features=512, bias=True)
        (final_layer_norm): LayerNorm((512,), eps=1e-05, elementwise_affine=True)
      )
    )
    (layer_norm): LayerNorm((512,), eps=1e-05, elementwise_affine=True)
  )
  (decoder): TransformerDecoder(
    (embed_tokens): Embedding(7552, 512, padding_idx=1)
    (embed_positions): SinusoidalPositionalEmbedding()
    (layers): ModuleList(
      (0): TransformerDecoderLayer(
        (self_attn): MultiheadAttention(
          (k_proj): Linear(in_features=512, out_features=512, bias=True)
          (v_proj): Linear(in_features=512, out_features=512, bias=True)
          (q_proj): Linear(in_features=512, out_features=512, bias=True)
          (out_proj): Linear(in_features=512, out_features=512, bias=True)
        )
        (self_attn_layer_norm): LayerNorm((512,), eps=1e-05, elementwise_affine=True)
        (encoder_attn): MultiheadAttention(
          (k_proj): Linear(in_features=512, out_features=512, bias=True)
          (v_proj): Linear(in_features=512, out_features=512, bias=True)
          (q_proj): Linear(in_features=512, out_features=512, bias=True)
          (out_proj): Linear(in_features=512, out_features=512, bias=True)
        )
        (encoder_attn_layer_norm): LayerNorm((512,), eps=1e-05, elementwise_affine=True)
        (fc1): Linear(in_features=512, out_features=2048, bias=True)
        (fc2): Linear(in_features=2048, out_features=512, bias=True)
        (final_layer_norm): LayerNorm((512,), eps=1e-05, elementwise_affine=True)
      )
      (1): TransformerDecoderLayer(
        (self_attn): MultiheadAttention(
          (k_proj): Linear(in_features=512, out_features=512, bias=True)
          (v_proj): Linear(in_features=512, out_features=512, bias=True)
          (q_proj): Linear(in_features=512, out_features=512, bias=True)
          (out_proj): Linear(in_features=512, out_features=512, bias=True)
        )
        (self_attn_layer_norm): LayerNorm((512,), eps=1e-05, elementwise_affine=True)
        (encoder_attn): MultiheadAttention(
          (k_proj): Linear(in_features=512, out_features=512, bias=True)
          (v_proj): Linear(in_features=512, out_features=512, bias=True)
          (q_proj): Linear(in_features=512, out_features=512, bias=True)
          (out_proj): Linear(in_features=512, out_features=512, bias=True)
        )
        (encoder_attn_layer_norm): LayerNorm((512,), eps=1e-05, elementwise_affine=True)
        (fc1): Linear(in_features=512, out_features=2048, bias=True)
        (fc2): Linear(in_features=2048, out_features=512, bias=True)
        (final_layer_norm): LayerNorm((512,), eps=1e-05, elementwise_affine=True)
      )
      (2): TransformerDecoderLayer(
        (self_attn): MultiheadAttention(
          (k_proj): Linear(in_features=512, out_features=512, bias=True)
          (v_proj): Linear(in_features=512, out_features=512, bias=True)
          (q_proj): Linear(in_features=512, out_features=512, bias=True)
          (out_proj): Linear(in_features=512, out_features=512, bias=True)
        )
        (self_attn_layer_norm): LayerNorm((512,), eps=1e-05, elementwise_affine=True)
        (encoder_attn): MultiheadAttention(
          (k_proj): Linear(in_features=512, out_features=512, bias=True)
          (v_proj): Linear(in_features=512, out_features=512, bias=True)
          (q_proj): Linear(in_features=512, out_features=512, bias=True)
          (out_proj): Linear(in_features=512, out_features=512, bias=True)
        )
        (encoder_attn_layer_norm): LayerNorm((512,), eps=1e-05, elementwise_affine=True)
        (fc1): Linear(in_features=512, out_features=2048, bias=True)
        (fc2): Linear(in_features=2048, out_features=512, bias=True)
        (final_layer_norm): LayerNorm((512,), eps=1e-05, elementwise_affine=True)
      )
      (3): TransformerDecoderLayer(
        (self_attn): MultiheadAttention(
          (k_proj): Linear(in_features=512, out_features=512, bias=True)
          (v_proj): Linear(in_features=512, out_features=512, bias=True)
          (q_proj): Linear(in_features=512, out_features=512, bias=True)
          (out_proj): Linear(in_features=512, out_features=512, bias=True)
        )
        (self_attn_layer_norm): LayerNorm((512,), eps=1e-05, elementwise_affine=True)
        (encoder_attn): MultiheadAttention(
          (k_proj): Linear(in_features=512, out_features=512, bias=True)
          (v_proj): Linear(in_features=512, out_features=512, bias=True)
          (q_proj): Linear(in_features=512, out_features=512, bias=True)
          (out_proj): Linear(in_features=512, out_features=512, bias=True)
        )
        (encoder_attn_layer_norm): LayerNorm((512,), eps=1e-05, elementwise_affine=True)
        (fc1): Linear(in_features=512, out_features=2048, bias=True)
        (fc2): Linear(in_features=2048, out_features=512, bias=True)
        (final_layer_norm): LayerNorm((512,), eps=1e-05, elementwise_affine=True)
      )
      (4): TransformerDecoderLayer(
        (self_attn): MultiheadAttention(
          (k_proj): Linear(in_features=512, out_features=512, bias=True)
          (v_proj): Linear(in_features=512, out_features=512, bias=True)
          (q_proj): Linear(in_features=512, out_features=512, bias=True)
          (out_proj): Linear(in_features=512, out_features=512, bias=True)
        )
        (self_attn_layer_norm): LayerNorm((512,), eps=1e-05, elementwise_affine=True)
        (encoder_attn): MultiheadAttention(
          (k_proj): Linear(in_features=512, out_features=512, bias=True)
          (v_proj): Linear(in_features=512, out_features=512, bias=True)
          (q_proj): Linear(in_features=512, out_features=512, bias=True)
          (out_proj): Linear(in_features=512, out_features=512, bias=True)
        )
        (encoder_attn_layer_norm): LayerNorm((512,), eps=1e-05, elementwise_affine=True)
        (fc1): Linear(in_features=512, out_features=2048, bias=True)
        (fc2): Linear(in_features=2048, out_features=512, bias=True)
        (final_layer_norm): LayerNorm((512,), eps=1e-05, elementwise_affine=True)
      )
    )
    (layer_norm): LayerNorm((512,), eps=1e-05, elementwise_affine=True)
  )
)
| model transformer, criterion LabelSmoothedCrossEntropyCriterion
| num. model params: 40650752 (num. trained: 40650752)
| training on 1 GPUs
| max tokens per GPU = 4000 and max sentences per GPU = None
| no existing checkpoint found ./checkpoints/2020-06-04T13-15-04-00-exp27-bpe7500-ne-060120-seed18-nonjoint/checkpoints_ne_en/checkpoint_last.pt
| loading train data for epoch 0
| loaded 563636 examples from: data-bin/wiki_ne_en_bpe7500_nonjoint/train.ne-en.ne
| loaded 563636 examples from: data-bin/wiki_ne_en_bpe7500_nonjoint/train.ne-en.en
| data-bin/wiki_ne_en_bpe7500_nonjoint/ train ne-en 563636 examples
| WARNING: overflow detected, setting loss scale to: 64.0
| WARNING: overflow detected, setting loss scale to: 32.0
| WARNING: overflow detected, setting loss scale to: 16.0
| WARNING: overflow detected, setting loss scale to: 8.0
| epoch 001 | loss 9.068 | nll_loss 7.641 | ppl 199.64 | wps 60290 | ups 4 | wpb 14193.015 | bsz 741.660 | num_updates 754 | lr 0.000188581 | gnorm 0.813 | clip 1.000 | oom 0.000 | loss_scale 8.000 | wall 178 | train_wall 146
| epoch 001 | valid on 'valid' subset | loss 8.243 | nll_loss 6.360 | ppl 82.16 | num_updates 754
| epoch 002 | loss 6.931 | nll_loss 4.833 | ppl 28.51 | wps 62288 | ups 4 | wpb 14196.314 | bsz 743.583 | num_updates 1512 | lr 0.000378062 | gnorm 0.522 | clip 1.000 | oom 0.000 | loss_scale 8.000 | wall 351 | train_wall 292
| epoch 002 | valid on 'valid' subset | loss 7.569 | nll_loss 5.462 | ppl 44.07 | num_updates 1512
| epoch 003 | loss 6.119 | nll_loss 3.786 | ppl 13.8 | wps 62212 | ups 4 | wpb 14196.314 | bsz 743.583 | num_updates 2270 | lr 0.000567543 | gnorm 0.441 | clip 1.000 | oom 0.000 | loss_scale 8.000 | wall 525 | train_wall 438
| epoch 003 | valid on 'valid' subset | loss 7.224 | nll_loss 4.980 | ppl 31.56 | num_updates 2270
| epoch 004 | loss 5.691 | nll_loss 3.240 | ppl 9.45 | wps 62170 | ups 4 | wpb 14196.314 | bsz 743.583 | num_updates 3028 | lr 0.000757024 | gnorm 0.386 | clip 1.000 | oom 0.000 | loss_scale 8.000 | wall 699 | train_wall 584
| epoch 004 | valid on 'valid' subset | loss 7.029 | nll_loss 4.714 | ppl 26.25 | num_updates 3028
| epoch 005 | loss 5.452 | nll_loss 2.938 | ppl 7.66 | wps 62363 | ups 4 | wpb 14196.314 | bsz 743.583 | num_updates 3786 | lr 0.000946505 | gnorm 0.347 | clip 1.000 | oom 0.000 | loss_scale 8.000 | wall 872 | train_wall 730
| epoch 005 | valid on 'valid' subset | loss 6.832 | nll_loss 4.434 | ppl 21.62 | num_updates 3786
| epoch 006 | loss 5.289 | nll_loss 2.733 | ppl 6.65 | wps 62518 | ups 4 | wpb 14196.314 | bsz 743.583 | num_updates 4544 | lr 0.000938233 | gnorm 0.302 | clip 1.000 | oom 0.000 | loss_scale 16.000 | wall 1045 | train_wall 875
| epoch 006 | valid on 'valid' subset | loss 6.698 | nll_loss 4.275 | ppl 19.36 | num_updates 4544
| epoch 007 | loss 5.140 | nll_loss 2.548 | ppl 5.85 | wps 61848 | ups 4 | wpb 14196.314 | bsz 743.583 | num_updates 5302 | lr 0.000868581 | gnorm 0.268 | clip 1.000 | oom 0.000 | loss_scale 16.000 | wall 1220 | train_wall 1021
| epoch 007 | valid on 'valid' subset | loss 6.598 | nll_loss 4.166 | ppl 17.95 | num_updates 5302
| epoch 008 | loss 5.035 | nll_loss 2.418 | ppl 5.35 | wps 62203 | ups 4 | wpb 14196.314 | bsz 743.583 | num_updates 6060 | lr 0.000812444 | gnorm 0.246 | clip 1.000 | oom 0.000 | loss_scale 16.000 | wall 1394 | train_wall 1167
| epoch 008 | valid on 'valid' subset | loss 6.494 | nll_loss 4.024 | ppl 16.27 | num_updates 6060
| epoch 009 | loss 4.958 | nll_loss 2.322 | ppl 5 | wps 62401 | ups 4 | wpb 14196.314 | bsz 743.583 | num_updates 6818 | lr 0.000765952 | gnorm 0.232 | clip 1.000 | oom 0.000 | loss_scale 16.000 | wall 1567 | train_wall 1313
| epoch 009 | valid on 'valid' subset | loss 6.438 | nll_loss 3.968 | ppl 15.65 | num_updates 6818
| epoch 010 | loss 4.897 | nll_loss 2.247 | ppl 4.75 | wps 62112 | ups 4 | wpb 14196.314 | bsz 743.583 | num_updates 7576 | lr 0.000726624 | gnorm 0.222 | clip 1.000 | oom 0.000 | loss_scale 16.000 | wall 1741 | train_wall 1459
| epoch 010 | valid on 'valid' subset | loss 6.412 | nll_loss 3.935 | ppl 15.29 | num_updates 7576
| saved checkpoint ./checkpoints/2020-06-04T13-15-04-00-exp27-bpe7500-ne-060120-seed18-nonjoint/checkpoints_ne_en/checkpoint10.pt (epoch 10 @ 7576 updates) (writing took 0.7573339939117432 seconds)
| epoch 011 | loss 4.848 | nll_loss 2.187 | ppl 4.55 | wps 62167 | ups 4 | wpb 14196.314 | bsz 743.583 | num_updates 8334 | lr 0.000692793 | gnorm 0.217 | clip 1.000 | oom 0.000 | loss_scale 16.000 | wall 1916 | train_wall 1606
| epoch 011 | valid on 'valid' subset | loss 6.330 | nll_loss 3.828 | ppl 14.21 | num_updates 8334 | best_loss 6.33029
| WARNING: overflow detected, setting loss scale to: 16.0
| epoch 012 | loss 4.807 | nll_loss 2.136 | ppl 4.4 | wps 61893 | ups 4 | wpb 14195.028 | bsz 741.363 | num_updates 9091 | lr 0.000663322 | gnorm 0.208 | clip 1.000 | oom 0.000 | loss_scale 16.000 | wall 2090 | train_wall 1752
| epoch 012 | valid on 'valid' subset | loss 6.342 | nll_loss 3.842 | ppl 14.34 | num_updates 9091 | best_loss 6.34192
| epoch 013 | loss 4.773 | nll_loss 2.095 | ppl 4.27 | wps 62559 | ups 4 | wpb 14196.314 | bsz 743.583 | num_updates 9849 | lr 0.000637285 | gnorm 0.205 | clip 1.000 | oom 0.000 | loss_scale 16.000 | wall 2263 | train_wall 1897
| epoch 013 | valid on 'valid' subset | loss 6.308 | nll_loss 3.802 | ppl 13.95 | num_updates 9849 | best_loss 6.30785
| epoch 014 | loss 4.744 | nll_loss 2.059 | ppl 4.17 | wps 62030 | ups 4 | wpb 14196.314 | bsz 743.583 | num_updates 10607 | lr 0.000614092 | gnorm 0.203 | clip 1.000 | oom 0.000 | loss_scale 16.000 | wall 2438 | train_wall 2043
| epoch 014 | valid on 'valid' subset | loss 6.300 | nll_loss 3.787 | ppl 13.8 | num_updates 10607 | best_loss 6.30021
| epoch 015 | loss 4.718 | nll_loss 2.027 | ppl 4.07 | wps 62377 | ups 4 | wpb 14196.314 | bsz 743.583 | num_updates 11365 | lr 0.00059326 | gnorm 0.199 | clip 1.000 | oom 0.000 | loss_scale 16.000 | wall 2611 | train_wall 2188
| epoch 015 | valid on 'valid' subset | loss 6.235 | nll_loss 3.720 | ppl 13.18 | num_updates 11365 | best_loss 6.23524
| epoch 016 | loss 4.695 | nll_loss 1.999 | ppl 4 | wps 62145 | ups 4 | wpb 14196.314 | bsz 743.583 | num_updates 12123 | lr 0.000574414 | gnorm 0.196 | clip 1.000 | oom 0.000 | loss_scale 16.000 | wall 2785 | train_wall 2334
| epoch 016 | valid on 'valid' subset | loss 6.254 | nll_loss 3.737 | ppl 13.34 | num_updates 12123 | best_loss 6.254
| epoch 017 | loss 4.676 | nll_loss 1.975 | ppl 3.93 | wps 62194 | ups 4 | wpb 14196.314 | bsz 743.583 | num_updates 12881 | lr 0.000557257 | gnorm 0.195 | clip 1.000 | oom 0.000 | loss_scale 16.000 | wall 2959 | train_wall 2480
| epoch 017 | valid on 'valid' subset | loss 6.229 | nll_loss 3.708 | ppl 13.07 | num_updates 12881 | best_loss 6.22852
| WARNING: overflow detected, setting loss scale to: 16.0
| epoch 018 | loss 4.657 | nll_loss 1.953 | ppl 3.87 | wps 62032 | ups 4 | wpb 14195.085 | bsz 739.979 | num_updates 13638 | lr 0.00054157 | gnorm 0.194 | clip 1.000 | oom 0.000 | loss_scale 16.000 | wall 3133 | train_wall 2626
| epoch 018 | valid on 'valid' subset | loss 6.214 | nll_loss 3.686 | ppl 12.87 | num_updates 13638 | best_loss 6.21427
| epoch 019 | loss 4.640 | nll_loss 1.932 | ppl 3.82 | wps 61834 | ups 4 | wpb 14196.314 | bsz 743.583 | num_updates 14396 | lr 0.000527119 | gnorm 0.192 | clip 1.000 | oom 0.000 | loss_scale 16.000 | wall 3308 | train_wall 2772
| epoch 019 | valid on 'valid' subset | loss 6.207 | nll_loss 3.687 | ppl 12.88 | num_updates 14396 | best_loss 6.20712
| epoch 020 | loss 4.625 | nll_loss 1.913 | ppl 3.77 | wps 62116 | ups 4 | wpb 14196.314 | bsz 743.583 | num_updates 15154 | lr 0.000513767 | gnorm 0.190 | clip 1.000 | oom 0.000 | loss_scale 16.000 | wall 3482 | train_wall 2918
| epoch 020 | valid on 'valid' subset | loss 6.194 | nll_loss 3.667 | ppl 12.71 | num_updates 15154 | best_loss 6.19447
| saved checkpoint ./checkpoints/2020-06-04T13-15-04-00-exp27-bpe7500-ne-060120-seed18-nonjoint/checkpoints_ne_en/checkpoint20.pt (epoch 20 @ 15154 updates) (writing took 1.0403172969818115 seconds)
| epoch 021 | loss 4.611 | nll_loss 1.896 | ppl 3.72 | wps 62173 | ups 4 | wpb 14196.314 | bsz 743.583 | num_updates 15912 | lr 0.000501381 | gnorm 0.191 | clip 1.000 | oom 0.000 | loss_scale 16.000 | wall 3657 | train_wall 3064
| epoch 021 | valid on 'valid' subset | loss 6.176 | nll_loss 3.656 | ppl 12.61 | num_updates 15912 | best_loss 6.17623
| epoch 022 | loss 4.598 | nll_loss 1.881 | ppl 3.68 | wps 62373 | ups 4 | wpb 14196.314 | bsz 743.583 | num_updates 16670 | lr 0.000489849 | gnorm 0.190 | clip 1.000 | oom 0.000 | loss_scale 16.000 | wall 3830 | train_wall 3210
| epoch 022 | valid on 'valid' subset | loss 6.184 | nll_loss 3.653 | ppl 12.58 | num_updates 16670 | best_loss 6.18378
| epoch 023 | loss 4.586 | nll_loss 1.866 | ppl 3.65 | wps 62328 | ups 4 | wpb 14196.314 | bsz 743.583 | num_updates 17428 | lr 0.000479078 | gnorm 0.189 | clip 1.000 | oom 0.000 | loss_scale 16.000 | wall 4004 | train_wall 3356
| epoch 023 | valid on 'valid' subset | loss 6.169 | nll_loss 3.640 | ppl 12.47 | num_updates 17428 | best_loss 6.16892
| epoch 024 | loss 4.576 | nll_loss 1.853 | ppl 3.61 | wps 62637 | ups 4 | wpb 14196.314 | bsz 743.583 | num_updates 18186 | lr 0.000468988 | gnorm 0.189 | clip 1.000 | oom 0.000 | loss_scale 32.000 | wall 4176 | train_wall 3501
| epoch 024 | valid on 'valid' subset | loss 6.153 | nll_loss 3.618 | ppl 12.28 | num_updates 18186 | best_loss 6.15322
| epoch 025 | loss 4.565 | nll_loss 1.840 | ppl 3.58 | wps 62146 | ups 4 | wpb 14196.314 | bsz 743.583 | num_updates 18944 | lr 0.000459509 | gnorm 0.187 | clip 1.000 | oom 0.000 | loss_scale 32.000 | wall 4350 | train_wall 3647
| epoch 025 | valid on 'valid' subset | loss 6.133 | nll_loss 3.598 | ppl 12.11 | num_updates 18944 | best_loss 6.13328
| WARNING: overflow detected, setting loss scale to: 16.0
| epoch 026 | loss 4.555 | nll_loss 1.828 | ppl 3.55 | wps 61965 | ups 4 | wpb 14199.828 | bsz 743.709 | num_updates 19701 | lr 0.000450594 | gnorm 0.187 | clip 1.000 | oom 0.000 | loss_scale 16.000 | wall 4525 | train_wall 3793
| epoch 026 | valid on 'valid' subset | loss 6.141 | nll_loss 3.604 | ppl 12.16 | num_updates 19701 | best_loss 6.14066
| epoch 027 | loss 4.546 | nll_loss 1.817 | ppl 3.52 | wps 61976 | ups 4 | wpb 14196.314 | bsz 743.583 | num_updates 20459 | lr 0.000442168 | gnorm 0.187 | clip 1.000 | oom 0.000 | loss_scale 16.000 | wall 4699 | train_wall 3939
| epoch 027 | valid on 'valid' subset | loss 6.141 | nll_loss 3.599 | ppl 12.12 | num_updates 20459 | best_loss 6.14144
| epoch 028 | loss 4.537 | nll_loss 1.806 | ppl 3.5 | wps 62849 | ups 4 | wpb 14196.314 | bsz 743.583 | num_updates 21217 | lr 0.000434198 | gnorm 0.186 | clip 1.000 | oom 0.000 | loss_scale 16.000 | wall 4871 | train_wall 4084
| epoch 028 | valid on 'valid' subset | loss 6.134 | nll_loss 3.598 | ppl 12.11 | num_updates 21217 | best_loss 6.13353
| epoch 029 | loss 4.530 | nll_loss 1.797 | ppl 3.47 | wps 62352 | ups 4 | wpb 14196.314 | bsz 743.583 | num_updates 21975 | lr 0.000426644 | gnorm 0.186 | clip 1.000 | oom 0.000 | loss_scale 16.000 | wall 5045 | train_wall 4231
| epoch 029 | valid on 'valid' subset | loss 6.128 | nll_loss 3.584 | ppl 12 | num_updates 21975 | best_loss 6.12823
| epoch 030 | loss 4.522 | nll_loss 1.787 | ppl 3.45 | wps 62436 | ups 4 | wpb 14196.314 | bsz 743.583 | num_updates 22733 | lr 0.000419471 | gnorm 0.185 | clip 1.000 | oom 0.000 | loss_scale 16.000 | wall 5218 | train_wall 4375
| epoch 030 | valid on 'valid' subset | loss 6.113 | nll_loss 3.572 | ppl 11.89 | num_updates 22733 | best_loss 6.11304
| saved checkpoint ./checkpoints/2020-06-04T13-15-04-00-exp27-bpe7500-ne-060120-seed18-nonjoint/checkpoints_ne_en/checkpoint30.pt (epoch 30 @ 22733 updates) (writing took 1.0473418235778809 seconds)
| epoch 031 | loss 4.514 | nll_loss 1.778 | ppl 3.43 | wps 62309 | ups 4 | wpb 14196.314 | bsz 743.583 | num_updates 23491 | lr 0.000412648 | gnorm 0.186 | clip 1.000 | oom 0.000 | loss_scale 16.000 | wall 5392 | train_wall 4521
| epoch 031 | valid on 'valid' subset | loss 6.098 | nll_loss 3.554 | ppl 11.75 | num_updates 23491 | best_loss 6.09796
| WARNING: overflow detected, setting loss scale to: 16.0
| epoch 032 | loss 4.506 | nll_loss 1.768 | ppl 3.41 | wps 62040 | ups 4 | wpb 14204.028 | bsz 744.470 | num_updates 24248 | lr 0.000406155 | gnorm 0.185 | clip 1.000 | oom 0.000 | loss_scale 16.000 | wall 5567 | train_wall 4668
| epoch 032 | valid on 'valid' subset | loss 6.125 | nll_loss 3.581 | ppl 11.97 | num_updates 24248 | best_loss 6.11304
| epoch 033 | loss 4.501 | nll_loss 1.762 | ppl 3.39 | wps 62399 | ups 4 | wpb 14196.314 | bsz 743.583 | num_updates 25006 | lr 0.000399952 | gnorm 0.186 | clip 1.000 | oom 0.000 | loss_scale 16.000 | wall 5740 | train_wall 4814
| epoch 033 | valid on 'valid' subset | loss 6.106 | nll_loss 3.565 | ppl 11.83 | num_updates 25006 | best_loss 6.10622
| epoch 034 | loss 4.494 | nll_loss 1.754 | ppl 3.37 | wps 62406 | ups 4 | wpb 14196.314 | bsz 743.583 | num_updates 25764 | lr 0.000394025 | gnorm 0.186 | clip 1.000 | oom 0.000 | loss_scale 16.000 | wall 5913 | train_wall 4959
| epoch 034 | valid on 'valid' subset | loss 6.123 | nll_loss 3.579 | ppl 11.95 | num_updates 25764 | best_loss 6.11304
| epoch 035 | loss 4.488 | nll_loss 1.746 | ppl 3.35 | wps 62441 | ups 4 | wpb 14196.314 | bsz 743.583 | num_updates 26522 | lr 0.000388353 | gnorm 0.184 | clip 1.000 | oom 0.000 | loss_scale 16.000 | wall 6086 | train_wall 5105
| epoch 035 | valid on 'valid' subset | loss 6.102 | nll_loss 3.556 | ppl 11.77 | num_updates 26522 | best_loss 6.10244
| epoch 036 | loss 4.482 | nll_loss 1.739 | ppl 3.34 | wps 62380 | ups 4 | wpb 14196.314 | bsz 743.583 | num_updates 27280 | lr 0.00038292 | gnorm 0.185 | clip 1.000 | oom 0.000 | loss_scale 16.000 | wall 6260 | train_wall 5250
| epoch 036 | valid on 'valid' subset | loss 6.092 | nll_loss 3.550 | ppl 11.71 | num_updates 27280 | best_loss 6.09235
| epoch 037 | loss 4.477 | nll_loss 1.733 | ppl 3.32 | wps 62519 | ups 4 | wpb 14196.314 | bsz 743.583 | num_updates 28038 | lr 0.000377708 | gnorm 0.185 | clip 1.000 | oom 0.000 | loss_scale 32.000 | wall 6433 | train_wall 5396
| epoch 037 | valid on 'valid' subset | loss 6.106 | nll_loss 3.560 | ppl 11.79 | num_updates 28038 | best_loss 6.10627
| WARNING: overflow detected, setting loss scale to: 16.0
| epoch 038 | loss 4.472 | nll_loss 1.726 | ppl 3.31 | wps 63084 | ups 4 | wpb 14196.452 | bsz 742.991 | num_updates 28795 | lr 0.00037271 | gnorm 0.185 | clip 1.000 | oom 0.000 | loss_scale 16.000 | wall 6604 | train_wall 5541
| epoch 038 | valid on 'valid' subset | loss 6.084 | nll_loss 3.538 | ppl 11.61 | num_updates 28795 | best_loss 6.08351
| epoch 039 | loss 4.467 | nll_loss 1.721 | ppl 3.3 | wps 61793 | ups 4 | wpb 14196.314 | bsz 743.583 | num_updates 29553 | lr 0.0003679 | gnorm 0.186 | clip 1.000 | oom 0.000 | loss_scale 16.000 | wall 6779 | train_wall 5688
| epoch 039 | valid on 'valid' subset | loss 6.098 | nll_loss 3.549 | ppl 11.71 | num_updates 29553 | best_loss 6.09778
| epoch 040 | loss 4.461 | nll_loss 1.714 | ppl 3.28 | wps 61900 | ups 4 | wpb 14196.314 | bsz 743.583 | num_updates 30311 | lr 0.00036327 | gnorm 0.185 | clip 1.000 | oom 0.000 | loss_scale 16.000 | wall 6953 | train_wall 5835
| epoch 040 | valid on 'valid' subset | loss 6.101 | nll_loss 3.554 | ppl 11.75 | num_updates 30311 | best_loss 6.10071
| saved checkpoint ./checkpoints/2020-06-04T13-15-04-00-exp27-bpe7500-ne-060120-seed18-nonjoint/checkpoints_ne_en/checkpoint40.pt (epoch 40 @ 30311 updates) (writing took 1.0720572471618652 seconds)
| epoch 041 | loss 4.457 | nll_loss 1.708 | ppl 3.27 | wps 62492 | ups 4 | wpb 14196.314 | bsz 743.583 | num_updates 31069 | lr 0.000358812 | gnorm 0.186 | clip 1.000 | oom 0.000 | loss_scale 16.000 | wall 7128 | train_wall 5981
| epoch 041 | valid on 'valid' subset | loss 6.088 | nll_loss 3.537 | ppl 11.61 | num_updates 31069 | best_loss 6.08765
| epoch 042 | loss 4.452 | nll_loss 1.703 | ppl 3.26 | wps 62341 | ups 4 | wpb 14196.314 | bsz 743.583 | num_updates 31827 | lr 0.000354513 | gnorm 0.185 | clip 1.000 | oom 0.000 | loss_scale 16.000 | wall 7301 | train_wall 6127
| epoch 042 | valid on 'valid' subset | loss 6.101 | nll_loss 3.562 | ppl 11.81 | num_updates 31827 | best_loss 6.10071
| epoch 043 | loss 4.447 | nll_loss 1.697 | ppl 3.24 | wps 62150 | ups 4 | wpb 14196.314 | bsz 743.583 | num_updates 32585 | lr 0.000350365 | gnorm 0.185 | clip 1.000 | oom 0.000 | loss_scale 32.000 | wall 7475 | train_wall 6272
| epoch 043 | valid on 'valid' subset | loss 6.112 | nll_loss 3.568 | ppl 11.86 | num_updates 32585 | best_loss 6.10071
| epoch 044 | loss 4.443 | nll_loss 1.692 | ppl 3.23 | wps 62450 | ups 4 | wpb 14196.314 | bsz 743.583 | num_updates 33343 | lr 0.00034636 | gnorm 0.185 | clip 1.000 | oom 0.000 | loss_scale 32.000 | wall 7648 | train_wall 6418
| epoch 044 | valid on 'valid' subset | loss 6.093 | nll_loss 3.544 | ppl 11.66 | num_updates 33343 | best_loss 6.09316
| epoch 045 | loss 4.440 | nll_loss 1.688 | ppl 3.22 | wps 61593 | ups 4 | wpb 14196.314 | bsz 743.583 | num_updates 34101 | lr 0.000342489 | gnorm 0.186 | clip 1.000 | oom 0.000 | loss_scale 32.000 | wall 7824 | train_wall 6564
| epoch 045 | valid on 'valid' subset | loss 6.079 | nll_loss 3.527 | ppl 11.53 | num_updates 34101 | best_loss 6.07936
| epoch 046 | loss 4.435 | nll_loss 1.682 | ppl 3.21 | wps 62433 | ups 4 | wpb 14196.314 | bsz 743.583 | num_updates 34859 | lr 0.000338745 | gnorm 0.185 | clip 1.000 | oom 0.000 | loss_scale 32.000 | wall 7997 | train_wall 6710
| epoch 046 | valid on 'valid' subset | loss 6.068 | nll_loss 3.514 | ppl 11.42 | num_updates 34859 | best_loss 6.06775
| epoch 047 | loss 4.432 | nll_loss 1.678 | ppl 3.2 | wps 62960 | ups 4 | wpb 14196.314 | bsz 743.583 | num_updates 35617 | lr 0.000335121 | gnorm 0.185 | clip 1.000 | oom 0.000 | loss_scale 32.000 | wall 8169 | train_wall 6854
| epoch 047 | valid on 'valid' subset | loss 6.065 | nll_loss 3.514 | ppl 11.42 | num_updates 35617 | best_loss 6.065
| WARNING: overflow detected, setting loss scale to: 16.0
| epoch 048 | loss 4.428 | nll_loss 1.673 | ppl 3.19 | wps 62021 | ups 4 | wpb 14199.115 | bsz 743.572 | num_updates 36374 | lr 0.000331615 | gnorm 0.186 | clip 1.000 | oom 0.000 | loss_scale 16.000 | wall 8343 | train_wall 7000
| epoch 048 | valid on 'valid' subset | loss 6.071 | nll_loss 3.517 | ppl 11.45 | num_updates 36374 | best_loss 6.07133
| epoch 049 | loss 4.424 | nll_loss 1.669 | ppl 3.18 | wps 62415 | ups 4 | wpb 14196.314 | bsz 743.583 | num_updates 37132 | lr 0.000328213 | gnorm 0.185 | clip 1.000 | oom 0.000 | loss_scale 16.000 | wall 8516 | train_wall 7146
| epoch 049 | valid on 'valid' subset | loss 6.067 | nll_loss 3.519 | ppl 11.47 | num_updates 37132 | best_loss 6.06749
| epoch 050 | loss 4.421 | nll_loss 1.665 | ppl 3.17 | wps 62186 | ups 4 | wpb 14196.314 | bsz 743.583 | num_updates 37890 | lr 0.000324913 | gnorm 0.191 | clip 1.000 | oom 0.000 | loss_scale 16.000 | wall 8690 | train_wall 7293
| epoch 050 | valid on 'valid' subset | loss 6.075 | nll_loss 3.520 | ppl 11.47 | num_updates 37890 | best_loss 6.07462
| saved checkpoint ./checkpoints/2020-06-04T13-15-04-00-exp27-bpe7500-ne-060120-seed18-nonjoint/checkpoints_ne_en/checkpoint50.pt (epoch 50 @ 37890 updates) (writing took 1.050316333770752 seconds)
| epoch 051 | loss 4.417 | nll_loss 1.660 | ppl 3.16 | wps 61799 | ups 4 | wpb 14196.314 | bsz 743.583 | num_updates 38648 | lr 0.000321711 | gnorm 0.187 | clip 1.000 | oom 0.000 | loss_scale 16.000 | wall 8866 | train_wall 7440
| epoch 051 | valid on 'valid' subset | loss 6.062 | nll_loss 3.507 | ppl 11.37 | num_updates 38648 | best_loss 6.06181
| epoch 052 | loss 4.414 | nll_loss 1.656 | ppl 3.15 | wps 62059 | ups 4 | wpb 14196.314 | bsz 743.583 | num_updates 39406 | lr 0.000318602 | gnorm 0.186 | clip 1.000 | oom 0.000 | loss_scale 16.000 | wall 9040 | train_wall 7586
| epoch 052 | valid on 'valid' subset | loss 6.068 | nll_loss 3.513 | ppl 11.42 | num_updates 39406 | best_loss 6.06826
| epoch 053 | loss 4.411 | nll_loss 1.653 | ppl 3.14 | wps 62475 | ups 4 | wpb 14196.314 | bsz 743.583 | num_updates 40164 | lr 0.000315581 | gnorm 0.186 | clip 1.000 | oom 0.000 | loss_scale 32.000 | wall 9213 | train_wall 7731
| epoch 053 | valid on 'valid' subset | loss 6.061 | nll_loss 3.504 | ppl 11.34 | num_updates 40164 | best_loss 6.06081
| epoch 054 | loss 4.408 | nll_loss 1.649 | ppl 3.14 | wps 61839 | ups 4 | wpb 14196.314 | bsz 743.583 | num_updates 40922 | lr 0.000312645 | gnorm 0.187 | clip 1.000 | oom 0.000 | loss_scale 32.000 | wall 9388 | train_wall 7877
| epoch 054 | valid on 'valid' subset | loss 6.095 | nll_loss 3.546 | ppl 11.68 | num_updates 40922 | best_loss 6.07462
| epoch 055 | loss 4.405 | nll_loss 1.646 | ppl 3.13 | wps 62361 | ups 4 | wpb 14196.314 | bsz 743.583 | num_updates 41680 | lr 0.000309789 | gnorm 0.186 | clip 1.000 | oom 0.000 | loss_scale 32.000 | wall 9561 | train_wall 8023
| epoch 055 | valid on 'valid' subset | loss 6.065 | nll_loss 3.510 | ppl 11.39 | num_updates 41680 | best_loss 6.065
| epoch 056 | loss 4.402 | nll_loss 1.642 | ppl 3.12 | wps 61758 | ups 4 | wpb 14196.314 | bsz 743.583 | num_updates 42438 | lr 0.00030701 | gnorm 0.187 | clip 1.000 | oom 0.000 | loss_scale 32.000 | wall 9736 | train_wall 8170
| epoch 056 | valid on 'valid' subset | loss 6.078 | nll_loss 3.518 | ppl 11.46 | num_updates 42438 | best_loss 6.07462
| epoch 057 | loss 4.399 | nll_loss 1.638 | ppl 3.11 | wps 61963 | ups 4 | wpb 14196.314 | bsz 743.583 | num_updates 43196 | lr 0.000304304 | gnorm 0.186 | clip 1.000 | oom 0.000 | loss_scale 32.000 | wall 9911 | train_wall 8315
| epoch 057 | valid on 'valid' subset | loss 6.080 | nll_loss 3.524 | ppl 11.51 | num_updates 43196 | best_loss 6.07462
| epoch 058 | loss 4.396 | nll_loss 1.634 | ppl 3.1 | wps 62013 | ups 4 | wpb 14196.314 | bsz 743.583 | num_updates 43954 | lr 0.000301669 | gnorm 0.187 | clip 1.000 | oom 0.000 | loss_scale 32.000 | wall 10085 | train_wall 8462
| epoch 058 | valid on 'valid' subset | loss 6.070 | nll_loss 3.515 | ppl 11.43 | num_updates 43954 | best_loss 6.06973
| WARNING: overflow detected, setting loss scale to: 32.0
| WARNING: overflow detected, setting loss scale to: 16.0
| epoch 059 | loss 4.393 | nll_loss 1.631 | ppl 3.1 | wps 62217 | ups 4 | wpb 14194.036 | bsz 743.783 | num_updates 44710 | lr 0.000299108 | gnorm 0.188 | clip 1.000 | oom 0.000 | loss_scale 16.000 | wall 10259 | train_wall 8607
| epoch 059 | valid on 'valid' subset | loss 6.066 | nll_loss 3.509 | ppl 11.38 | num_updates 44710 | best_loss 6.06607
| epoch 060 | loss 4.391 | nll_loss 1.629 | ppl 3.09 | wps 62465 | ups 4 | wpb 14196.314 | bsz 743.583 | num_updates 45468 | lr 0.000296604 | gnorm 0.187 | clip 1.000 | oom 0.000 | loss_scale 16.000 | wall 10432 | train_wall 8753
| epoch 060 | valid on 'valid' subset | loss 6.067 | nll_loss 3.507 | ppl 11.37 | num_updates 45468 | best_loss 6.06731
| saved checkpoint ./checkpoints/2020-06-04T13-15-04-00-exp27-bpe7500-ne-060120-seed18-nonjoint/checkpoints_ne_en/checkpoint60.pt (epoch 60 @ 45468 updates) (writing took 1.0580689907073975 seconds)
| epoch 061 | loss 4.388 | nll_loss 1.626 | ppl 3.09 | wps 61862 | ups 4 | wpb 14196.314 | bsz 743.583 | num_updates 46226 | lr 0.000294162 | gnorm 0.188 | clip 1.000 | oom 0.000 | loss_scale 16.000 | wall 10608 | train_wall 8900
| epoch 061 | valid on 'valid' subset | loss 6.073 | nll_loss 3.519 | ppl 11.47 | num_updates 46226 | best_loss 6.06731
| epoch 062 | loss 4.386 | nll_loss 1.622 | ppl 3.08 | wps 62272 | ups 4 | wpb 14196.314 | bsz 743.583 | num_updates 46984 | lr 0.00029178 | gnorm 0.187 | clip 1.000 | oom 0.000 | loss_scale 16.000 | wall 10781 | train_wall 9046
| epoch 062 | valid on 'valid' subset | loss 6.064 | nll_loss 3.510 | ppl 11.39 | num_updates 46984 | best_loss 6.06398
| epoch 063 | loss 4.383 | nll_loss 1.619 | ppl 3.07 | wps 62709 | ups 4 | wpb 14196.314 | bsz 743.583 | num_updates 47742 | lr 0.000289454 | gnorm 0.188 | clip 1.000 | oom 0.000 | loss_scale 16.000 | wall 10954 | train_wall 9191
| epoch 063 | valid on 'valid' subset | loss 6.071 | nll_loss 3.513 | ppl 11.41 | num_updates 47742 | best_loss 6.06731
| epoch 064 | loss 4.380 | nll_loss 1.616 | ppl 3.06 | wps 62375 | ups 4 | wpb 14196.314 | bsz 743.583 | num_updates 48500 | lr 0.000287183 | gnorm 0.189 | clip 1.000 | oom 0.000 | loss_scale 32.000 | wall 11127 | train_wall 9336
| epoch 064 | valid on 'valid' subset | loss 6.063 | nll_loss 3.506 | ppl 11.36 | num_updates 48500 | best_loss 6.06321
| epoch 065 | loss 4.378 | nll_loss 1.613 | ppl 3.06 | wps 62733 | ups 4 | wpb 14196.314 | bsz 743.583 | num_updates 49258 | lr 0.000284965 | gnorm 0.188 | clip 1.000 | oom 0.000 | loss_scale 32.000 | wall 11299 | train_wall 9481
| epoch 065 | valid on 'valid' subset | loss 6.078 | nll_loss 3.521 | ppl 11.48 | num_updates 49258 | best_loss 6.06731
| epoch 066 | loss 4.376 | nll_loss 1.611 | ppl 3.05 | wps 62597 | ups 4 | wpb 14196.314 | bsz 743.583 | num_updates 50016 | lr 0.000282797 | gnorm 0.188 | clip 1.000 | oom 0.000 | loss_scale 32.000 | wall 11472 | train_wall 9626
| epoch 066 | valid on 'valid' subset | loss 6.050 | nll_loss 3.493 | ppl 11.26 | num_updates 50016 | best_loss 6.04996
| epoch 067 | loss 4.374 | nll_loss 1.608 | ppl 3.05 | wps 62051 | ups 4 | wpb 14196.314 | bsz 743.583 | num_updates 50774 | lr 0.000280679 | gnorm 0.188 | clip 1.000 | oom 0.000 | loss_scale 32.000 | wall 11646 | train_wall 9772
| epoch 067 | valid on 'valid' subset | loss 6.051 | nll_loss 3.491 | ppl 11.24 | num_updates 50774 | best_loss 6.05085
| epoch 068 | loss 4.371 | nll_loss 1.605 | ppl 3.04 | wps 62066 | ups 4 | wpb 14196.314 | bsz 743.583 | num_updates 51532 | lr 0.000278607 | gnorm 0.188 | clip 1.000 | oom 0.000 | loss_scale 32.000 | wall 11820 | train_wall 9919
| epoch 068 | valid on 'valid' subset | loss 6.045 | nll_loss 3.481 | ppl 11.17 | num_updates 51532 | best_loss 6.04468
| epoch 069 | loss 4.369 | nll_loss 1.603 | ppl 3.04 | wps 62277 | ups 4 | wpb 14196.314 | bsz 743.583 | num_updates 52290 | lr 0.00027658 | gnorm 0.188 | clip 1.000 | oom 0.000 | loss_scale 32.000 | wall 11994 | train_wall 10065
| epoch 069 | valid on 'valid' subset | loss 6.053 | nll_loss 3.491 | ppl 11.24 | num_updates 52290 | best_loss 6.05307
| WARNING: overflow detected, setting loss scale to: 32.0
| epoch 070 | loss 4.367 | nll_loss 1.600 | ppl 3.03 | wps 62485 | ups 4 | wpb 14197.149 | bsz 743.413 | num_updates 53047 | lr 0.000274599 | gnorm 0.188 | clip 1.000 | oom 0.000 | loss_scale 32.000 | wall 12167 | train_wall 10210
| epoch 070 | valid on 'valid' subset | loss 6.063 | nll_loss 3.497 | ppl 11.29 | num_updates 53047 | best_loss 6.06282
| saved checkpoint ./checkpoints/2020-06-04T13-15-04-00-exp27-bpe7500-ne-060120-seed18-nonjoint/checkpoints_ne_en/checkpoint70.pt (epoch 70 @ 53047 updates) (writing took 1.0557668209075928 seconds)
| epoch 071 | loss 4.365 | nll_loss 1.597 | ppl 3.03 | wps 62223 | ups 4 | wpb 14196.314 | bsz 743.583 | num_updates 53805 | lr 0.000272658 | gnorm 0.189 | clip 1.000 | oom 0.000 | loss_scale 32.000 | wall 12342 | train_wall 10356
| epoch 071 | valid on 'valid' subset | loss 6.065 | nll_loss 3.511 | ppl 11.4 | num_updates 53805 | best_loss 6.06282
| epoch 072 | loss 4.363 | nll_loss 1.595 | ppl 3.02 | wps 62345 | ups 4 | wpb 14196.314 | bsz 743.583 | num_updates 54563 | lr 0.000270758 | gnorm 0.188 | clip 1.000 | oom 0.000 | loss_scale 32.000 | wall 12515 | train_wall 10501
| epoch 072 | valid on 'valid' subset | loss 6.059 | nll_loss 3.500 | ppl 11.31 | num_updates 54563 | best_loss 6.05891
| WARNING: overflow detected, setting loss scale to: 16.0
| epoch 073 | loss 4.361 | nll_loss 1.592 | ppl 3.02 | wps 62486 | ups 4 | wpb 14194.820 | bsz 743.392 | num_updates 55320 | lr 0.000268899 | gnorm 0.189 | clip 1.000 | oom 0.000 | loss_scale 16.000 | wall 12688 | train_wall 10646
| epoch 073 | valid on 'valid' subset | loss 6.070 | nll_loss 3.510 | ppl 11.39 | num_updates 55320 | best_loss 6.06282
| WARNING: overflow detected, setting loss scale to: 8.0
| epoch 074 | loss 4.358 | nll_loss 1.589 | ppl 3.01 | wps 62572 | ups 4 | wpb 14195.111 | bsz 744.206 | num_updates 56077 | lr 0.000267078 | gnorm 0.190 | clip 1.000 | oom 0.000 | loss_scale 8.000 | wall 12861 | train_wall 10791
| epoch 074 | valid on 'valid' subset | loss 6.051 | nll_loss 3.490 | ppl 11.24 | num_updates 56077 | best_loss 6.05137
| epoch 075 | loss 4.357 | nll_loss 1.588 | ppl 3.01 | wps 62110 | ups 4 | wpb 14196.314 | bsz 743.583 | num_updates 56835 | lr 0.000265291 | gnorm 0.190 | clip 1.000 | oom 0.000 | loss_scale 8.000 | wall 13035 | train_wall 10937
| epoch 075 | valid on 'valid' subset | loss 6.056 | nll_loss 3.491 | ppl 11.25 | num_updates 56835 | best_loss 6.05573
| epoch 076 | loss 4.355 | nll_loss 1.585 | ppl 3 | wps 62763 | ups 4 | wpb 14196.314 | bsz 743.583 | num_updates 57593 | lr 0.000263539 | gnorm 0.189 | clip 1.000 | oom 0.000 | loss_scale 8.000 | wall 13207 | train_wall 11082
| epoch 076 | valid on 'valid' subset | loss 6.048 | nll_loss 3.485 | ppl 11.19 | num_updates 57593 | best_loss 6.04832
| epoch 077 | loss 4.353 | nll_loss 1.583 | ppl 3 | wps 62141 | ups 4 | wpb 14196.314 | bsz 743.583 | num_updates 58351 | lr 0.000261822 | gnorm 0.191 | clip 1.000 | oom 0.000 | loss_scale 8.000 | wall 13381 | train_wall 11228
| epoch 077 | valid on 'valid' subset | loss 6.059 | nll_loss 3.498 | ppl 11.3 | num_updates 58351 | best_loss 6.05859
| epoch 078 | loss 4.351 | nll_loss 1.581 | ppl 2.99 | wps 62406 | ups 4 | wpb 14196.314 | bsz 743.583 | num_updates 59109 | lr 0.000260138 | gnorm 0.191 | clip 1.000 | oom 0.000 | loss_scale 8.000 | wall 13554 | train_wall 11373
| epoch 078 | valid on 'valid' subset | loss 6.060 | nll_loss 3.496 | ppl 11.28 | num_updates 59109 | best_loss 6.06018
| epoch 079 | loss 4.349 | nll_loss 1.578 | ppl 2.99 | wps 62604 | ups 4 | wpb 14196.314 | bsz 743.583 | num_updates 59867 | lr 0.000258486 | gnorm 0.189 | clip 1.000 | oom 0.000 | loss_scale 16.000 | wall 13727 | train_wall 11518
| epoch 079 | valid on 'valid' subset | loss 6.056 | nll_loss 3.494 | ppl 11.27 | num_updates 59867 | best_loss 6.056
| epoch 080 | loss 4.347 | nll_loss 1.576 | ppl 2.98 | wps 61966 | ups 4 | wpb 14196.314 | bsz 743.583 | num_updates 60625 | lr 0.000256865 | gnorm 0.191 | clip 1.000 | oom 0.000 | loss_scale 16.000 | wall 13901 | train_wall 11664
| epoch 080 | valid on 'valid' subset | loss 6.050 | nll_loss 3.490 | ppl 11.24 | num_updates 60625 | best_loss 6.05045
| saved checkpoint ./checkpoints/2020-06-04T13-15-04-00-exp27-bpe7500-ne-060120-seed18-nonjoint/checkpoints_ne_en/checkpoint80.pt (epoch 80 @ 60625 updates) (writing took 1.0902457237243652 seconds)
| epoch 081 | loss 4.346 | nll_loss 1.574 | ppl 2.98 | wps 62104 | ups 4 | wpb 14196.314 | bsz 743.583 | num_updates 61383 | lr 0.000255274 | gnorm 0.191 | clip 1.000 | oom 0.000 | loss_scale 16.000 | wall 14077 | train_wall 11811
| epoch 081 | valid on 'valid' subset | loss 6.042 | nll_loss 3.477 | ppl 11.13 | num_updates 61383 | best_loss 6.04209
| epoch 082 | loss 4.344 | nll_loss 1.572 | ppl 2.97 | wps 62049 | ups 4 | wpb 14196.314 | bsz 743.583 | num_updates 62141 | lr 0.000253712 | gnorm 0.194 | clip 1.000 | oom 0.000 | loss_scale 16.000 | wall 14251 | train_wall 11957
| epoch 082 | valid on 'valid' subset | loss 6.043 | nll_loss 3.481 | ppl 11.17 | num_updates 62141 | best_loss 6.04333
| WARNING: overflow detected, setting loss scale to: 8.0
| epoch 083 | loss 4.342 | nll_loss 1.570 | ppl 2.97 | wps 61330 | ups 4 | wpb 14196.680 | bsz 743.720 | num_updates 62898 | lr 0.000252181 | gnorm 0.191 | clip 1.000 | oom 0.000 | loss_scale 8.000 | wall 14427 | train_wall 12104
| epoch 083 | valid on 'valid' subset | loss 6.055 | nll_loss 3.492 | ppl 11.25 | num_updates 62898 | best_loss 6.05045
| epoch 084 | loss 4.341 | nll_loss 1.568 | ppl 2.96 | wps 62363 | ups 4 | wpb 14196.314 | bsz 743.583 | num_updates 63656 | lr 0.000250675 | gnorm 0.191 | clip 1.000 | oom 0.000 | loss_scale 8.000 | wall 14600 | train_wall 12250
| epoch 084 | valid on 'valid' subset | loss 6.068 | nll_loss 3.509 | ppl 11.39 | num_updates 63656 | best_loss 6.05045
| epoch 085 | loss 4.339 | nll_loss 1.566 | ppl 2.96 | wps 62128 | ups 4 | wpb 14196.314 | bsz 743.583 | num_updates 64414 | lr 0.000249195 | gnorm 0.195 | clip 1.000 | oom 0.000 | loss_scale 8.000 | wall 14774 | train_wall 12397
| epoch 085 | valid on 'valid' subset | loss 6.070 | nll_loss 3.507 | ppl 11.37 | num_updates 64414 | best_loss 6.05045
| epoch 086 | loss 4.338 | nll_loss 1.565 | ppl 2.96 | wps 62160 | ups 4 | wpb 14196.314 | bsz 743.583 | num_updates 65172 | lr 0.000247742 | gnorm 0.196 | clip 1.000 | oom 0.000 | loss_scale 8.000 | wall 14948 | train_wall 12543
| epoch 086 | valid on 'valid' subset | loss 6.056 | nll_loss 3.492 | ppl 11.25 | num_updates 65172 | best_loss 6.05045
| epoch 087 | loss 4.336 | nll_loss 1.563 | ppl 2.95 | wps 62956 | ups 4 | wpb 14196.314 | bsz 743.583 | num_updates 65930 | lr 0.000246314 | gnorm 0.191 | clip 1.000 | oom 0.000 | loss_scale 8.000 | wall 15120 | train_wall 12687
| epoch 087 | valid on 'valid' subset | loss 6.052 | nll_loss 3.488 | ppl 11.22 | num_updates 65930 | best_loss 6.05045
| epoch 088 | loss 4.335 | nll_loss 1.561 | ppl 2.95 | wps 62658 | ups 4 | wpb 14196.314 | bsz 743.583 | num_updates 66688 | lr 0.00024491 | gnorm 0.192 | clip 1.000 | oom 0.000 | loss_scale 8.000 | wall 15293 | train_wall 12832
| epoch 088 | valid on 'valid' subset | loss 6.042 | nll_loss 3.475 | ppl 11.12 | num_updates 66688 | best_loss 6.04169
| WARNING: overflow detected, setting loss scale to: 8.0
| epoch 089 | loss 4.333 | nll_loss 1.558 | ppl 2.95 | wps 62951 | ups 4 | wpb 14199.781 | bsz 744.269 | num_updates 67445 | lr 0.000243531 | gnorm 0.191 | clip 1.000 | oom 0.000 | loss_scale 8.000 | wall 15464 | train_wall 12977
| epoch 089 | valid on 'valid' subset | loss 6.054 | nll_loss 3.492 | ppl 11.25 | num_updates 67445 | best_loss 6.05045
| epoch 090 | loss 4.331 | nll_loss 1.557 | ppl 2.94 | wps 62966 | ups 4 | wpb 14196.314 | bsz 743.583 | num_updates 68203 | lr 0.000242174 | gnorm 0.192 | clip 1.000 | oom 0.000 | loss_scale 8.000 | wall 15636 | train_wall 13121
| epoch 090 | valid on 'valid' subset | loss 6.050 | nll_loss 3.485 | ppl 11.2 | num_updates 68203 | best_loss 6.05025
| saved checkpoint ./checkpoints/2020-06-04T13-15-04-00-exp27-bpe7500-ne-060120-seed18-nonjoint/checkpoints_ne_en/checkpoint90.pt (epoch 90 @ 68203 updates) (writing took 1.148712158203125 seconds)
| epoch 091 | loss 4.330 | nll_loss 1.555 | ppl 2.94 | wps 62247 | ups 4 | wpb 14196.314 | bsz 743.583 | num_updates 68961 | lr 0.00024084 | gnorm 0.191 | clip 1.000 | oom 0.000 | loss_scale 8.000 | wall 15811 | train_wall 13267
| epoch 091 | valid on 'valid' subset | loss 6.058 | nll_loss 3.495 | ppl 11.28 | num_updates 68961 | best_loss 6.05025
| epoch 092 | loss 4.328 | nll_loss 1.553 | ppl 2.93 | wps 62521 | ups 4 | wpb 14196.314 | bsz 743.583 | num_updates 69719 | lr 0.000239527 | gnorm 0.194 | clip 1.000 | oom 0.000 | loss_scale 8.000 | wall 15984 | train_wall 13413
| epoch 092 | valid on 'valid' subset | loss 6.068 | nll_loss 3.503 | ppl 11.34 | num_updates 69719 | best_loss 6.05025
| epoch 093 | loss 4.327 | nll_loss 1.551 | ppl 2.93 | wps 62044 | ups 4 | wpb 14196.314 | bsz 743.583 | num_updates 70477 | lr 0.000238235 | gnorm 0.193 | clip 1.000 | oom 0.000 | loss_scale 8.000 | wall 16158 | train_wall 13559
| epoch 093 | valid on 'valid' subset | loss 6.040 | nll_loss 3.473 | ppl 11.1 | num_updates 70477 | best_loss 6.04
| epoch 094 | loss 4.325 | nll_loss 1.549 | ppl 2.93 | wps 62226 | ups 4 | wpb 14196.314 | bsz 743.583 | num_updates 71235 | lr 0.000236964 | gnorm 0.197 | clip 1.000 | oom 0.000 | loss_scale 8.000 | wall 16332 | train_wall 13705
| epoch 094 | valid on 'valid' subset | loss 6.044 | nll_loss 3.480 | ppl 11.16 | num_updates 71235 | best_loss 6.04354
| epoch 095 | loss 4.324 | nll_loss 1.548 | ppl 2.92 | wps 62331 | ups 4 | wpb 14196.314 | bsz 743.583 | num_updates 71993 | lr 0.000235714 | gnorm 0.193 | clip 1.000 | oom 0.000 | loss_scale 16.000 | wall 16505 | train_wall 13851
| epoch 095 | valid on 'valid' subset | loss 6.034 | nll_loss 3.463 | ppl 11.02 | num_updates 71993 | best_loss 6.03395
| epoch 096 | loss 4.323 | nll_loss 1.546 | ppl 2.92 | wps 61950 | ups 4 | wpb 14196.314 | bsz 743.583 | num_updates 72751 | lr 0.000234483 | gnorm 0.193 | clip 1.000 | oom 0.000 | loss_scale 16.000 | wall 16680 | train_wall 13997
| epoch 096 | valid on 'valid' subset | loss 6.046 | nll_loss 3.477 | ppl 11.13 | num_updates 72751 | best_loss 6.04647
| epoch 097 | loss 4.321 | nll_loss 1.545 | ppl 2.92 | wps 62442 | ups 4 | wpb 14196.314 | bsz 743.583 | num_updates 73509 | lr 0.00023327 | gnorm 0.193 | clip 1.000 | oom 0.000 | loss_scale 16.000 | wall 16853 | train_wall 14143
| epoch 097 | valid on 'valid' subset | loss 6.051 | nll_loss 3.481 | ppl 11.17 | num_updates 73509 | best_loss 6.05025
| epoch 098 | loss 4.320 | nll_loss 1.543 | ppl 2.91 | wps 62017 | ups 4 | wpb 14196.314 | bsz 743.583 | num_updates 74267 | lr 0.000232077 | gnorm 0.192 | clip 1.000 | oom 0.000 | loss_scale 16.000 | wall 17027 | train_wall 14289
| epoch 098 | valid on 'valid' subset | loss 6.048 | nll_loss 3.486 | ppl 11.21 | num_updates 74267 | best_loss 6.04845
| epoch 099 | loss 4.319 | nll_loss 1.541 | ppl 2.91 | wps 62274 | ups 4 | wpb 14196.314 | bsz 743.583 | num_updates 75025 | lr 0.000230902 | gnorm 0.192 | clip 1.000 | oom 0.000 | loss_scale 16.000 | wall 17201 | train_wall 14435
| epoch 099 | valid on 'valid' subset | loss 6.052 | nll_loss 3.486 | ppl 11.21 | num_updates 75025 | best_loss 6.05025
| epoch 100 | loss 4.317 | nll_loss 1.540 | ppl 2.91 | wps 62089 | ups 4 | wpb 14196.314 | bsz 743.583 | num_updates 75783 | lr 0.000229744 | gnorm 0.195 | clip 1.000 | oom 0.000 | loss_scale 32.000 | wall 17375 | train_wall 14582
| epoch 100 | valid on 'valid' subset | loss 6.042 | nll_loss 3.474 | ppl 11.11 | num_updates 75783 | best_loss 6.0421
| saved checkpoint ./checkpoints/2020-06-04T13-15-04-00-exp27-bpe7500-ne-060120-seed18-nonjoint/checkpoints_ne_en/checkpoint100.pt (epoch 100 @ 75783 updates) (writing took 1.1787474155426025 seconds)
| done training in 17372.6 seconds
Done training.
Time at end: Thu Jun 4 18:05:39 EDT 2020
