================ FLORES BASELINE WITH CLIP_NORM=0.1, BPE=7500 AND SEED=13  ================
About to train the supervised for the following language pair: EN-SI
Checkpoint directory unset! Setting to default value...
CHECKPOINT_DIR is set to './checkpoints/2020-04-07T23-51-04-00-exp25-bpe7500-seed13/checkpoints_en_si'
Creating checkpoint directory if it doesn't exist...
Data folder is: data-bin/wiki_si_en_bpe7500/
Beginning training...
Time at beginning: Wed Apr 8 09:13:24 EDT 2020
Namespace(activation_dropout=0.2, activation_fn='relu', adam_betas='(0.9, 0.98)', adam_eps=1e-08, adaptive_input=False, adaptive_softmax_cutoff=None, adaptive_softmax_dropout=0, arch='transformer', attention_dropout=0.2, best_checkpoint_metric='loss', bpe=None, bucket_cap_mb=25, clip_norm=0.1, cpu=False, criterion='label_smoothed_cross_entropy', cross_self_attention=False, curriculum=0, data='data-bin/wiki_si_en_bpe7500/', dataset_impl=None, ddp_backend='c10d', decoder_attention_heads=2, decoder_embed_dim=512, decoder_embed_path=None, decoder_ffn_embed_dim=2048, decoder_input_dim=512, decoder_layerdrop=0, decoder_layers=5, decoder_layers_to_keep=None, decoder_learned_pos=False, decoder_normalize_before=True, decoder_output_dim=512, device_id=0, disable_validation=False, distributed_backend='nccl', distributed_init_method=None, distributed_no_spawn=False, distributed_port=-1, distributed_rank=0, distributed_world_size=1, dropout=0.4, empty_cache_freq=0, encoder_attention_heads=2, encoder_embed_dim=512, encoder_embed_path=None, encoder_ffn_embed_dim=2048, encoder_layerdrop=0, encoder_layers=5, encoder_layers_to_keep=None, encoder_learned_pos=False, encoder_normalize_before=True, fast_stat_sync=False, find_unused_parameters=False, fix_batches_to_gpus=False, fixed_validation_seed=None, fp16=True, fp16_init_scale=128, fp16_scale_tolerance=0.0, fp16_scale_window=None, keep_interval_updates=-1, keep_last_epochs=-1, label_smoothing=0.2, layer_wise_attention=False, layernorm_embedding=False, lazy_load=False, left_pad_source='True', left_pad_target='False', load_alignments=False, log_format=None, log_interval=1000, lr=[0.001], lr_scheduler='inverse_sqrt', max_epoch=100, max_sentences=None, max_sentences_valid=None, max_source_positions=1024, max_target_positions=1024, max_tokens=4000, max_tokens_valid=4000, max_update=0, maximize_best_checkpoint_metric=False, memory_efficient_fp16=False, min_loss_scale=0.0001, min_lr=1e-09, no_cross_attention=False, no_epoch_checkpoints=False, no_last_checkpoints=False, no_progress_bar=False, no_save=False, no_save_optimizer_state=False, no_scale_embedding=False, no_token_positional_embeddings=False, num_workers=1, optimizer='adam', optimizer_overrides='{}', raw_text=False, required_batch_size_multiple=8, reset_dataloader=False, reset_lr_scheduler=False, reset_meters=False, reset_optimizer=False, restore_file='checkpoint_last.pt', save_dir='./checkpoints/2020-04-07T23-51-04-00-exp25-bpe7500-seed13/checkpoints_en_si', save_interval=10, save_interval_updates=0, seed=13, sentence_avg=False, share_all_embeddings=True, share_decoder_input_output_embed=False, skip_invalid_size_inputs_valid_test=False, source_lang='en', target_lang='si', task='translation', tensorboard_logdir='', threshold_loss_scale=None, tokenizer=None, train_subset='train', truncate_source=False, update_freq=[4], upsample_primary=1, use_bmuf=False, user_dir=None, valid_subset='valid', validate_interval=1, warmup_init_lr=1e-07, warmup_updates=4000, weight_decay=0.0001)
| [en] dictionary: 7464 types
| [si] dictionary: 7464 types
| loaded 2898 examples from: data-bin/wiki_si_en_bpe7500/valid.si-en.en
| loaded 2898 examples from: data-bin/wiki_si_en_bpe7500/valid.si-en.si
| data-bin/wiki_si_en_bpe7500/ valid en-si 2898 examples
TransformerModel(
  (encoder): TransformerEncoder(
    (embed_tokens): Embedding(7464, 512, padding_idx=1)
    (embed_positions): SinusoidalPositionalEmbedding()
    (layers): ModuleList(
      (0): TransformerEncoderLayer(
        (self_attn): MultiheadAttention(
          (k_proj): Linear(in_features=512, out_features=512, bias=True)
          (v_proj): Linear(in_features=512, out_features=512, bias=True)
          (q_proj): Linear(in_features=512, out_features=512, bias=True)
          (out_proj): Linear(in_features=512, out_features=512, bias=True)
        )
        (self_attn_layer_norm): LayerNorm((512,), eps=1e-05, elementwise_affine=True)
        (fc1): Linear(in_features=512, out_features=2048, bias=True)
        (fc2): Linear(in_features=2048, out_features=512, bias=True)
        (final_layer_norm): LayerNorm((512,), eps=1e-05, elementwise_affine=True)
      )
      (1): TransformerEncoderLayer(
        (self_attn): MultiheadAttention(
          (k_proj): Linear(in_features=512, out_features=512, bias=True)
          (v_proj): Linear(in_features=512, out_features=512, bias=True)
          (q_proj): Linear(in_features=512, out_features=512, bias=True)
          (out_proj): Linear(in_features=512, out_features=512, bias=True)
        )
        (self_attn_layer_norm): LayerNorm((512,), eps=1e-05, elementwise_affine=True)
        (fc1): Linear(in_features=512, out_features=2048, bias=True)
        (fc2): Linear(in_features=2048, out_features=512, bias=True)
        (final_layer_norm): LayerNorm((512,), eps=1e-05, elementwise_affine=True)
      )
      (2): TransformerEncoderLayer(
        (self_attn): MultiheadAttention(
          (k_proj): Linear(in_features=512, out_features=512, bias=True)
          (v_proj): Linear(in_features=512, out_features=512, bias=True)
          (q_proj): Linear(in_features=512, out_features=512, bias=True)
          (out_proj): Linear(in_features=512, out_features=512, bias=True)
        )
        (self_attn_layer_norm): LayerNorm((512,), eps=1e-05, elementwise_affine=True)
        (fc1): Linear(in_features=512, out_features=2048, bias=True)
        (fc2): Linear(in_features=2048, out_features=512, bias=True)
        (final_layer_norm): LayerNorm((512,), eps=1e-05, elementwise_affine=True)
      )
      (3): TransformerEncoderLayer(
        (self_attn): MultiheadAttention(
          (k_proj): Linear(in_features=512, out_features=512, bias=True)
          (v_proj): Linear(in_features=512, out_features=512, bias=True)
          (q_proj): Linear(in_features=512, out_features=512, bias=True)
          (out_proj): Linear(in_features=512, out_features=512, bias=True)
        )
        (self_attn_layer_norm): LayerNorm((512,), eps=1e-05, elementwise_affine=True)
        (fc1): Linear(in_features=512, out_features=2048, bias=True)
        (fc2): Linear(in_features=2048, out_features=512, bias=True)
        (final_layer_norm): LayerNorm((512,), eps=1e-05, elementwise_affine=True)
      )
      (4): TransformerEncoderLayer(
        (self_attn): MultiheadAttention(
          (k_proj): Linear(in_features=512, out_features=512, bias=True)
          (v_proj): Linear(in_features=512, out_features=512, bias=True)
          (q_proj): Linear(in_features=512, out_features=512, bias=True)
          (out_proj): Linear(in_features=512, out_features=512, bias=True)
        )
        (self_attn_layer_norm): LayerNorm((512,), eps=1e-05, elementwise_affine=True)
        (fc1): Linear(in_features=512, out_features=2048, bias=True)
        (fc2): Linear(in_features=2048, out_features=512, bias=True)
        (final_layer_norm): LayerNorm((512,), eps=1e-05, elementwise_affine=True)
      )
    )
    (layer_norm): LayerNorm((512,), eps=1e-05, elementwise_affine=True)
  )
  (decoder): TransformerDecoder(
    (embed_tokens): Embedding(7464, 512, padding_idx=1)
    (embed_positions): SinusoidalPositionalEmbedding()
    (layers): ModuleList(
      (0): TransformerDecoderLayer(
        (self_attn): MultiheadAttention(
          (k_proj): Linear(in_features=512, out_features=512, bias=True)
          (v_proj): Linear(in_features=512, out_features=512, bias=True)
          (q_proj): Linear(in_features=512, out_features=512, bias=True)
          (out_proj): Linear(in_features=512, out_features=512, bias=True)
        )
        (self_attn_layer_norm): LayerNorm((512,), eps=1e-05, elementwise_affine=True)
        (encoder_attn): MultiheadAttention(
          (k_proj): Linear(in_features=512, out_features=512, bias=True)
          (v_proj): Linear(in_features=512, out_features=512, bias=True)
          (q_proj): Linear(in_features=512, out_features=512, bias=True)
          (out_proj): Linear(in_features=512, out_features=512, bias=True)
        )
        (encoder_attn_layer_norm): LayerNorm((512,), eps=1e-05, elementwise_affine=True)
        (fc1): Linear(in_features=512, out_features=2048, bias=True)
        (fc2): Linear(in_features=2048, out_features=512, bias=True)
        (final_layer_norm): LayerNorm((512,), eps=1e-05, elementwise_affine=True)
      )
      (1): TransformerDecoderLayer(
        (self_attn): MultiheadAttention(
          (k_proj): Linear(in_features=512, out_features=512, bias=True)
          (v_proj): Linear(in_features=512, out_features=512, bias=True)
          (q_proj): Linear(in_features=512, out_features=512, bias=True)
          (out_proj): Linear(in_features=512, out_features=512, bias=True)
        )
        (self_attn_layer_norm): LayerNorm((512,), eps=1e-05, elementwise_affine=True)
        (encoder_attn): MultiheadAttention(
          (k_proj): Linear(in_features=512, out_features=512, bias=True)
          (v_proj): Linear(in_features=512, out_features=512, bias=True)
          (q_proj): Linear(in_features=512, out_features=512, bias=True)
          (out_proj): Linear(in_features=512, out_features=512, bias=True)
        )
        (encoder_attn_layer_norm): LayerNorm((512,), eps=1e-05, elementwise_affine=True)
        (fc1): Linear(in_features=512, out_features=2048, bias=True)
        (fc2): Linear(in_features=2048, out_features=512, bias=True)
        (final_layer_norm): LayerNorm((512,), eps=1e-05, elementwise_affine=True)
      )
      (2): TransformerDecoderLayer(
        (self_attn): MultiheadAttention(
          (k_proj): Linear(in_features=512, out_features=512, bias=True)
          (v_proj): Linear(in_features=512, out_features=512, bias=True)
          (q_proj): Linear(in_features=512, out_features=512, bias=True)
          (out_proj): Linear(in_features=512, out_features=512, bias=True)
        )
        (self_attn_layer_norm): LayerNorm((512,), eps=1e-05, elementwise_affine=True)
        (encoder_attn): MultiheadAttention(
          (k_proj): Linear(in_features=512, out_features=512, bias=True)
          (v_proj): Linear(in_features=512, out_features=512, bias=True)
          (q_proj): Linear(in_features=512, out_features=512, bias=True)
          (out_proj): Linear(in_features=512, out_features=512, bias=True)
        )
        (encoder_attn_layer_norm): LayerNorm((512,), eps=1e-05, elementwise_affine=True)
        (fc1): Linear(in_features=512, out_features=2048, bias=True)
        (fc2): Linear(in_features=2048, out_features=512, bias=True)
        (final_layer_norm): LayerNorm((512,), eps=1e-05, elementwise_affine=True)
      )
      (3): TransformerDecoderLayer(
        (self_attn): MultiheadAttention(
          (k_proj): Linear(in_features=512, out_features=512, bias=True)
          (v_proj): Linear(in_features=512, out_features=512, bias=True)
          (q_proj): Linear(in_features=512, out_features=512, bias=True)
          (out_proj): Linear(in_features=512, out_features=512, bias=True)
        )
        (self_attn_layer_norm): LayerNorm((512,), eps=1e-05, elementwise_affine=True)
        (encoder_attn): MultiheadAttention(
          (k_proj): Linear(in_features=512, out_features=512, bias=True)
          (v_proj): Linear(in_features=512, out_features=512, bias=True)
          (q_proj): Linear(in_features=512, out_features=512, bias=True)
          (out_proj): Linear(in_features=512, out_features=512, bias=True)
        )
        (encoder_attn_layer_norm): LayerNorm((512,), eps=1e-05, elementwise_affine=True)
        (fc1): Linear(in_features=512, out_features=2048, bias=True)
        (fc2): Linear(in_features=2048, out_features=512, bias=True)
        (final_layer_norm): LayerNorm((512,), eps=1e-05, elementwise_affine=True)
      )
      (4): TransformerDecoderLayer(
        (self_attn): MultiheadAttention(
          (k_proj): Linear(in_features=512, out_features=512, bias=True)
          (v_proj): Linear(in_features=512, out_features=512, bias=True)
          (q_proj): Linear(in_features=512, out_features=512, bias=True)
          (out_proj): Linear(in_features=512, out_features=512, bias=True)
        )
        (self_attn_layer_norm): LayerNorm((512,), eps=1e-05, elementwise_affine=True)
        (encoder_attn): MultiheadAttention(
          (k_proj): Linear(in_features=512, out_features=512, bias=True)
          (v_proj): Linear(in_features=512, out_features=512, bias=True)
          (q_proj): Linear(in_features=512, out_features=512, bias=True)
          (out_proj): Linear(in_features=512, out_features=512, bias=True)
        )
        (encoder_attn_layer_norm): LayerNorm((512,), eps=1e-05, elementwise_affine=True)
        (fc1): Linear(in_features=512, out_features=2048, bias=True)
        (fc2): Linear(in_features=2048, out_features=512, bias=True)
        (final_layer_norm): LayerNorm((512,), eps=1e-05, elementwise_affine=True)
      )
    )
    (layer_norm): LayerNorm((512,), eps=1e-05, elementwise_affine=True)
  )
)
| model transformer, criterion LabelSmoothedCrossEntropyCriterion
| num. model params: 40605696 (num. trained: 40605696)
| training on 1 GPUs
| max tokens per GPU = 4000 and max sentences per GPU = None
| no existing checkpoint found ./checkpoints/2020-04-07T23-51-04-00-exp25-bpe7500-seed13/checkpoints_en_si/checkpoint_last.pt
| loading train data for epoch 0
| loaded 385319 examples from: data-bin/wiki_si_en_bpe7500/train.si-en.en
| loaded 385319 examples from: data-bin/wiki_si_en_bpe7500/train.si-en.si
| data-bin/wiki_si_en_bpe7500/ train en-si 385319 examples
| WARNING: overflow detected, setting loss scale to: 64.0
| WARNING: overflow detected, setting loss scale to: 32.0
| epoch 001 | loss 10.928 | nll_loss 10.157 | ppl 1141.39 | wps 54772 | ups 4 | wpb 13278.293 | bsz 1021.501 | num_updates 375 | lr 9.38406e-05 | gnorm 0.766 | clip 1.000 | oom 0.000 | loss_scale 32.000 | wall 91 | train_wall 69
| epoch 001 | valid on 'valid' subset | loss 11.125 | nll_loss 10.405 | ppl 1355.78 | num_updates 375
| epoch 002 | loss 9.755 | nll_loss 8.595 | ppl 386.72 | wps 56612 | ups 4 | wpb 13278.833 | bsz 1022.066 | num_updates 752 | lr 0.000188081 | gnorm 0.588 | clip 1.000 | oom 0.000 | loss_scale 32.000 | wall 180 | train_wall 138
| epoch 002 | valid on 'valid' subset | loss 10.710 | nll_loss 9.764 | ppl 869.22 | num_updates 752
| epoch 003 | loss 9.087 | nll_loss 7.688 | ppl 206.22 | wps 56793 | ups 4 | wpb 13278.833 | bsz 1022.066 | num_updates 1129 | lr 0.000282322 | gnorm 0.489 | clip 1.000 | oom 0.000 | loss_scale 32.000 | wall 269 | train_wall 208
| epoch 003 | valid on 'valid' subset | loss 10.035 | nll_loss 8.820 | ppl 451.89 | num_updates 1129
| epoch 004 | loss 8.457 | nll_loss 6.845 | ppl 114.98 | wps 56284 | ups 4 | wpb 13278.833 | bsz 1022.066 | num_updates 1506 | lr 0.000376562 | gnorm 0.437 | clip 1.000 | oom 0.000 | loss_scale 32.000 | wall 359 | train_wall 278
| epoch 004 | valid on 'valid' subset | loss 9.599 | nll_loss 8.147 | ppl 283.51 | num_updates 1506
| epoch 005 | loss 8.012 | nll_loss 6.249 | ppl 76.06 | wps 57098 | ups 4 | wpb 13278.833 | bsz 1022.066 | num_updates 1883 | lr 0.000470803 | gnorm 0.405 | clip 1.000 | oom 0.000 | loss_scale 32.000 | wall 447 | train_wall 347
| epoch 005 | valid on 'valid' subset | loss 9.291 | nll_loss 7.674 | ppl 204.21 | num_updates 1883
| epoch 006 | loss 7.688 | nll_loss 5.818 | ppl 56.43 | wps 56637 | ups 4 | wpb 13278.833 | bsz 1022.066 | num_updates 2260 | lr 0.000565043 | gnorm 0.385 | clip 1.000 | oom 0.000 | loss_scale 32.000 | wall 536 | train_wall 416
| epoch 006 | valid on 'valid' subset | loss 9.065 | nll_loss 7.397 | ppl 168.55 | num_updates 2260
| epoch 007 | loss 7.440 | nll_loss 5.489 | ppl 44.92 | wps 57432 | ups 4 | wpb 13278.833 | bsz 1022.066 | num_updates 2637 | lr 0.000659284 | gnorm 0.371 | clip 1.000 | oom 0.000 | loss_scale 32.000 | wall 624 | train_wall 484
| epoch 007 | valid on 'valid' subset | loss 8.828 | nll_loss 7.045 | ppl 132.03 | num_updates 2637
| epoch 008 | loss 7.248 | nll_loss 5.237 | ppl 37.7 | wps 56220 | ups 4 | wpb 13278.833 | bsz 1022.066 | num_updates 3014 | lr 0.000753525 | gnorm 0.357 | clip 1.000 | oom 0.000 | loss_scale 32.000 | wall 714 | train_wall 554
| epoch 008 | valid on 'valid' subset | loss 8.714 | nll_loss 6.896 | ppl 119.12 | num_updates 3014
| epoch 009 | loss 7.105 | nll_loss 5.050 | ppl 33.13 | wps 56899 | ups 4 | wpb 13278.833 | bsz 1022.066 | num_updates 3391 | lr 0.000847765 | gnorm 0.343 | clip 1.000 | oom 0.000 | loss_scale 32.000 | wall 802 | train_wall 624
| epoch 009 | valid on 'valid' subset | loss 8.533 | nll_loss 6.649 | ppl 100.35 | num_updates 3391
| epoch 010 | loss 6.995 | nll_loss 4.907 | ppl 30 | wps 57139 | ups 4 | wpb 13278.833 | bsz 1022.066 | num_updates 3768 | lr 0.000942006 | gnorm 0.327 | clip 1.000 | oom 0.000 | loss_scale 32.000 | wall 891 | train_wall 692
| epoch 010 | valid on 'valid' subset | loss 8.336 | nll_loss 6.359 | ppl 82.06 | num_updates 3768
| saved checkpoint ./checkpoints/2020-04-07T23-51-04-00-exp25-bpe7500-seed13/checkpoints_en_si/checkpoint10.pt (epoch 10 @ 3768 updates) (writing took 0.7191340923309326 seconds)
| WARNING: overflow detected, setting loss scale to: 32.0
| epoch 011 | loss 6.906 | nll_loss 4.791 | ppl 27.69 | wps 57501 | ups 4 | wpb 13281.606 | bsz 1023.657 | num_updates 4144 | lr 0.000982472 | gnorm 0.308 | clip 1.000 | oom 0.000 | loss_scale 32.000 | wall 979 | train_wall 760
| epoch 011 | valid on 'valid' subset | loss 8.360 | nll_loss 6.405 | ppl 84.75 | num_updates 4144 | best_loss 8.33586
| epoch 012 | loss 6.816 | nll_loss 4.675 | ppl 25.55 | wps 56798 | ups 4 | wpb 13278.833 | bsz 1022.066 | num_updates 4521 | lr 0.000940617 | gnorm 0.291 | clip 1.000 | oom 0.000 | loss_scale 32.000 | wall 1068 | train_wall 829
| epoch 012 | valid on 'valid' subset | loss 8.230 | nll_loss 6.209 | ppl 74 | num_updates 4521 | best_loss 8.22968
| epoch 013 | loss 6.732 | nll_loss 4.567 | ppl 23.7 | wps 56810 | ups 4 | wpb 13278.833 | bsz 1022.066 | num_updates 4898 | lr 0.000903692 | gnorm 0.275 | clip 1.000 | oom 0.000 | loss_scale 32.000 | wall 1157 | train_wall 899
| epoch 013 | valid on 'valid' subset | loss 8.142 | nll_loss 6.091 | ppl 68.18 | num_updates 4898 | best_loss 8.142
| epoch 014 | loss 6.665 | nll_loss 4.480 | ppl 22.31 | wps 56329 | ups 4 | wpb 13278.833 | bsz 1022.066 | num_updates 5275 | lr 0.000870801 | gnorm 0.265 | clip 1.000 | oom 0.000 | loss_scale 32.000 | wall 1246 | train_wall 969
| epoch 014 | valid on 'valid' subset | loss 8.056 | nll_loss 5.967 | ppl 62.54 | num_updates 5275 | best_loss 8.05594
| epoch 015 | loss 6.606 | nll_loss 4.404 | ppl 21.18 | wps 56337 | ups 4 | wpb 13278.833 | bsz 1022.066 | num_updates 5652 | lr 0.000841257 | gnorm 0.258 | clip 1.000 | oom 0.000 | loss_scale 32.000 | wall 1336 | train_wall 1040
| epoch 015 | valid on 'valid' subset | loss 8.004 | nll_loss 5.879 | ppl 58.85 | num_updates 5652 | best_loss 8.00411
| epoch 016 | loss 6.557 | nll_loss 4.340 | ppl 20.25 | wps 56515 | ups 4 | wpb 13278.833 | bsz 1022.066 | num_updates 6029 | lr 0.000814531 | gnorm 0.250 | clip 1.000 | oom 0.000 | loss_scale 32.000 | wall 1425 | train_wall 1110
| epoch 016 | valid on 'valid' subset | loss 7.965 | nll_loss 5.832 | ppl 56.96 | num_updates 6029 | best_loss 7.96463
| epoch 017 | loss 6.514 | nll_loss 4.285 | ppl 19.5 | wps 55760 | ups 4 | wpb 13278.833 | bsz 1022.066 | num_updates 6406 | lr 0.000790199 | gnorm 0.247 | clip 1.000 | oom 0.000 | loss_scale 32.000 | wall 1516 | train_wall 1181
| epoch 017 | valid on 'valid' subset | loss 7.909 | nll_loss 5.763 | ppl 54.29 | num_updates 6406 | best_loss 7.90869
| epoch 018 | loss 6.476 | nll_loss 4.236 | ppl 18.84 | wps 56470 | ups 4 | wpb 13278.833 | bsz 1022.066 | num_updates 6783 | lr 0.000767925 | gnorm 0.238 | clip 1.000 | oom 0.000 | loss_scale 32.000 | wall 1605 | train_wall 1251
| epoch 018 | valid on 'valid' subset | loss 7.838 | nll_loss 5.670 | ppl 50.91 | num_updates 6783 | best_loss 7.83807
| epoch 019 | loss 6.442 | nll_loss 4.193 | ppl 18.29 | wps 56294 | ups 4 | wpb 13278.833 | bsz 1022.066 | num_updates 7160 | lr 0.000747435 | gnorm 0.235 | clip 1.000 | oom 0.000 | loss_scale 32.000 | wall 1695 | train_wall 1321
| epoch 019 | valid on 'valid' subset | loss 7.818 | nll_loss 5.621 | ppl 49.23 | num_updates 7160 | best_loss 7.81785
| epoch 020 | loss 6.412 | nll_loss 4.153 | ppl 17.79 | wps 56706 | ups 4 | wpb 13278.833 | bsz 1022.066 | num_updates 7537 | lr 0.000728502 | gnorm 0.233 | clip 1.000 | oom 0.000 | loss_scale 32.000 | wall 1784 | train_wall 1390
| epoch 020 | valid on 'valid' subset | loss 7.788 | nll_loss 5.599 | ppl 48.48 | num_updates 7537 | best_loss 7.78845
| saved checkpoint ./checkpoints/2020-04-07T23-51-04-00-exp25-bpe7500-seed13/checkpoints_en_si/checkpoint20.pt (epoch 20 @ 7537 updates) (writing took 1.015833854675293 seconds)
| epoch 021 | loss 6.385 | nll_loss 4.118 | ppl 17.37 | wps 56364 | ups 4 | wpb 13278.833 | bsz 1022.066 | num_updates 7914 | lr 0.000710938 | gnorm 0.231 | clip 1.000 | oom 0.000 | loss_scale 32.000 | wall 1874 | train_wall 1459
| epoch 021 | valid on 'valid' subset | loss 7.760 | nll_loss 5.557 | ppl 47.08 | num_updates 7914 | best_loss 7.76013
| epoch 022 | loss 6.357 | nll_loss 4.083 | ppl 16.95 | wps 56247 | ups 4 | wpb 13278.833 | bsz 1022.066 | num_updates 8291 | lr 0.000694587 | gnorm 0.226 | clip 1.000 | oom 0.000 | loss_scale 64.000 | wall 1964 | train_wall 1529
| epoch 022 | valid on 'valid' subset | loss 7.762 | nll_loss 5.553 | ppl 46.95 | num_updates 8291 | best_loss 7.76204
| epoch 023 | loss 6.335 | nll_loss 4.054 | ppl 16.61 | wps 57013 | ups 4 | wpb 13278.833 | bsz 1022.066 | num_updates 8668 | lr 0.000679314 | gnorm 0.224 | clip 1.000 | oom 0.000 | loss_scale 64.000 | wall 2053 | train_wall 1598
| epoch 023 | valid on 'valid' subset | loss 7.709 | nll_loss 5.489 | ppl 44.91 | num_updates 8668 | best_loss 7.70923
| epoch 024 | loss 6.315 | nll_loss 4.028 | ppl 16.31 | wps 56610 | ups 4 | wpb 13278.833 | bsz 1022.066 | num_updates 9045 | lr 0.000665006 | gnorm 0.226 | clip 1.000 | oom 0.000 | loss_scale 64.000 | wall 2142 | train_wall 1668
| epoch 024 | valid on 'valid' subset | loss 7.708 | nll_loss 5.465 | ppl 44.16 | num_updates 9045 | best_loss 7.70818
| epoch 025 | loss 6.295 | nll_loss 4.003 | ppl 16.03 | wps 56227 | ups 4 | wpb 13278.833 | bsz 1022.066 | num_updates 9422 | lr 0.000651566 | gnorm 0.221 | clip 1.000 | oom 0.000 | loss_scale 64.000 | wall 2232 | train_wall 1738
| epoch 025 | valid on 'valid' subset | loss 7.689 | nll_loss 5.452 | ppl 43.77 | num_updates 9422 | best_loss 7.689
| epoch 026 | loss 6.276 | nll_loss 3.978 | ppl 15.76 | wps 56561 | ups 4 | wpb 13278.833 | bsz 1022.066 | num_updates 9799 | lr 0.000638909 | gnorm 0.216 | clip 1.000 | oom 0.000 | loss_scale 64.000 | wall 2321 | train_wall 1808
| epoch 026 | valid on 'valid' subset | loss 7.654 | nll_loss 5.398 | ppl 42.18 | num_updates 9799 | best_loss 7.65355
| epoch 027 | loss 6.258 | nll_loss 3.954 | ppl 15.5 | wps 56331 | ups 4 | wpb 13278.833 | bsz 1022.066 | num_updates 10176 | lr 0.000626962 | gnorm 0.218 | clip 1.000 | oom 0.000 | loss_scale 64.000 | wall 2410 | train_wall 1878
| epoch 027 | valid on 'valid' subset | loss 7.674 | nll_loss 5.429 | ppl 43.09 | num_updates 10176 | best_loss 7.67362
| epoch 028 | loss 6.244 | nll_loss 3.936 | ppl 15.3 | wps 56016 | ups 4 | wpb 13278.833 | bsz 1022.066 | num_updates 10553 | lr 0.000615662 | gnorm 0.219 | clip 1.000 | oom 0.000 | loss_scale 64.000 | wall 2500 | train_wall 1948
| epoch 028 | valid on 'valid' subset | loss 7.597 | nll_loss 5.321 | ppl 39.98 | num_updates 10553 | best_loss 7.59691
| epoch 029 | loss 6.227 | nll_loss 3.915 | ppl 15.08 | wps 56312 | ups 4 | wpb 13278.833 | bsz 1022.066 | num_updates 10930 | lr 0.000604951 | gnorm 0.214 | clip 1.000 | oom 0.000 | loss_scale 64.000 | wall 2590 | train_wall 2019
| epoch 029 | valid on 'valid' subset | loss 7.645 | nll_loss 5.372 | ppl 41.41 | num_updates 10930 | best_loss 7.64465
| epoch 030 | loss 6.213 | nll_loss 3.897 | ppl 14.9 | wps 57361 | ups 4 | wpb 13278.833 | bsz 1022.066 | num_updates 11307 | lr 0.00059478 | gnorm 0.216 | clip 1.000 | oom 0.000 | loss_scale 64.000 | wall 2678 | train_wall 2088
| epoch 030 | valid on 'valid' subset | loss 7.579 | nll_loss 5.299 | ppl 39.38 | num_updates 11307 | best_loss 7.57914
| saved checkpoint ./checkpoints/2020-04-07T23-51-04-00-exp25-bpe7500-seed13/checkpoints_en_si/checkpoint30.pt (epoch 30 @ 11307 updates) (writing took 1.0492563247680664 seconds)
| epoch 031 | loss 6.198 | nll_loss 3.877 | ppl 14.69 | wps 56386 | ups 4 | wpb 13278.833 | bsz 1022.066 | num_updates 11684 | lr 0.000585106 | gnorm 0.212 | clip 1.000 | oom 0.000 | loss_scale 64.000 | wall 2769 | train_wall 2158
| epoch 031 | valid on 'valid' subset | loss 7.630 | nll_loss 5.365 | ppl 41.2 | num_updates 11684 | best_loss 7.57914
| epoch 032 | loss 6.188 | nll_loss 3.864 | ppl 14.56 | wps 56406 | ups 4 | wpb 13278.833 | bsz 1022.066 | num_updates 12061 | lr 0.000575888 | gnorm 0.215 | clip 1.000 | oom 0.000 | loss_scale 64.000 | wall 2858 | train_wall 2228
| epoch 032 | valid on 'valid' subset | loss 7.669 | nll_loss 5.418 | ppl 42.74 | num_updates 12061 | best_loss 7.57914
| WARNING: overflow detected, setting loss scale to: 64.0
| epoch 033 | loss 6.176 | nll_loss 3.848 | ppl 14.4 | wps 56151 | ups 4 | wpb 13287.170 | bsz 1021.572 | num_updates 12437 | lr 0.000567116 | gnorm 0.212 | clip 1.000 | oom 0.000 | loss_scale 64.000 | wall 2948 | train_wall 2298
| epoch 033 | valid on 'valid' subset | loss 7.597 | nll_loss 5.303 | ppl 39.48 | num_updates 12437 | best_loss 7.57914
| epoch 034 | loss 6.164 | nll_loss 3.833 | ppl 14.25 | wps 56575 | ups 4 | wpb 13278.833 | bsz 1022.066 | num_updates 12814 | lr 0.000558712 | gnorm 0.211 | clip 1.000 | oom 0.000 | loss_scale 64.000 | wall 3037 | train_wall 2368
| epoch 034 | valid on 'valid' subset | loss 7.568 | nll_loss 5.279 | ppl 38.82 | num_updates 12814 | best_loss 7.56767
| epoch 035 | loss 6.152 | nll_loss 3.818 | ppl 14.1 | wps 56469 | ups 4 | wpb 13278.833 | bsz 1022.066 | num_updates 13191 | lr 0.00055067 | gnorm 0.211 | clip 1.000 | oom 0.000 | loss_scale 64.000 | wall 3126 | train_wall 2438
| epoch 035 | valid on 'valid' subset | loss 7.565 | nll_loss 5.273 | ppl 38.66 | num_updates 13191 | best_loss 7.56482
| epoch 036 | loss 6.143 | nll_loss 3.806 | ppl 13.98 | wps 56621 | ups 4 | wpb 13278.833 | bsz 1022.066 | num_updates 13568 | lr 0.000542965 | gnorm 0.211 | clip 1.000 | oom 0.000 | loss_scale 64.000 | wall 3216 | train_wall 2507
| epoch 036 | valid on 'valid' subset | loss 7.526 | nll_loss 5.217 | ppl 37.19 | num_updates 13568 | best_loss 7.52617
| epoch 037 | loss 6.132 | nll_loss 3.792 | ppl 13.85 | wps 56474 | ups 4 | wpb 13278.833 | bsz 1022.066 | num_updates 13945 | lr 0.000535576 | gnorm 0.211 | clip 1.000 | oom 0.000 | loss_scale 64.000 | wall 3305 | train_wall 2577
| epoch 037 | valid on 'valid' subset | loss 7.556 | nll_loss 5.259 | ppl 38.3 | num_updates 13945 | best_loss 7.55587
| epoch 038 | loss 6.123 | nll_loss 3.780 | ppl 13.74 | wps 55954 | ups 4 | wpb 13278.833 | bsz 1022.066 | num_updates 14322 | lr 0.00052848 | gnorm 0.209 | clip 1.000 | oom 0.000 | loss_scale 64.000 | wall 3395 | train_wall 2648
| epoch 038 | valid on 'valid' subset | loss 7.493 | nll_loss 5.184 | ppl 36.36 | num_updates 14322 | best_loss 7.49317
| epoch 039 | loss 6.114 | nll_loss 3.768 | ppl 13.62 | wps 56319 | ups 4 | wpb 13278.833 | bsz 1022.066 | num_updates 14699 | lr 0.000521658 | gnorm 0.209 | clip 1.000 | oom 0.000 | loss_scale 64.000 | wall 3485 | train_wall 2718
| epoch 039 | valid on 'valid' subset | loss 7.508 | nll_loss 5.205 | ppl 36.89 | num_updates 14699 | best_loss 7.50771
| epoch 040 | loss 6.106 | nll_loss 3.758 | ppl 13.52 | wps 56678 | ups 4 | wpb 13278.833 | bsz 1022.066 | num_updates 15076 | lr 0.000515095 | gnorm 0.208 | clip 1.000 | oom 0.000 | loss_scale 64.000 | wall 3574 | train_wall 2787
| epoch 040 | valid on 'valid' subset | loss 7.499 | nll_loss 5.194 | ppl 36.61 | num_updates 15076 | best_loss 7.49897
| saved checkpoint ./checkpoints/2020-04-07T23-51-04-00-exp25-bpe7500-seed13/checkpoints_en_si/checkpoint40.pt (epoch 40 @ 15076 updates) (writing took 1.057931661605835 seconds)
| epoch 041 | loss 6.097 | nll_loss 3.746 | ppl 13.42 | wps 57194 | ups 4 | wpb 13278.833 | bsz 1022.066 | num_updates 15453 | lr 0.000508772 | gnorm 0.208 | clip 1.000 | oom 0.000 | loss_scale 64.000 | wall 3663 | train_wall 2855
| epoch 041 | valid on 'valid' subset | loss 7.503 | nll_loss 5.191 | ppl 36.52 | num_updates 15453 | best_loss 7.49897
| epoch 042 | loss 6.088 | nll_loss 3.735 | ppl 13.31 | wps 57078 | ups 4 | wpb 13278.833 | bsz 1022.066 | num_updates 15830 | lr 0.000502678 | gnorm 0.208 | clip 1.000 | oom 0.000 | loss_scale 64.000 | wall 3752 | train_wall 2924
| epoch 042 | valid on 'valid' subset | loss 7.528 | nll_loss 5.216 | ppl 37.16 | num_updates 15830 | best_loss 7.49897
| epoch 043 | loss 6.081 | nll_loss 3.726 | ppl 13.23 | wps 56071 | ups 4 | wpb 13278.833 | bsz 1022.066 | num_updates 16207 | lr 0.000496797 | gnorm 0.209 | clip 1.000 | oom 0.000 | loss_scale 64.000 | wall 3842 | train_wall 2994
| epoch 043 | valid on 'valid' subset | loss 7.475 | nll_loss 5.161 | ppl 35.77 | num_updates 16207 | best_loss 7.47528
| WARNING: overflow detected, setting loss scale to: 64.0
| epoch 044 | loss 6.070 | nll_loss 3.712 | ppl 13.11 | wps 56114 | ups 4 | wpb 13273.540 | bsz 1022.572 | num_updates 16583 | lr 0.000491132 | gnorm 0.207 | clip 1.000 | oom 0.000 | loss_scale 64.000 | wall 3931 | train_wall 3064
| epoch 044 | valid on 'valid' subset | loss 7.498 | nll_loss 5.184 | ppl 36.35 | num_updates 16583 | best_loss 7.49817
| epoch 045 | loss 6.065 | nll_loss 3.705 | ppl 13.04 | wps 57079 | ups 4 | wpb 13278.833 | bsz 1022.066 | num_updates 16960 | lr 0.000485643 | gnorm 0.208 | clip 1.000 | oom 0.000 | loss_scale 64.000 | wall 4020 | train_wall 3133
| epoch 045 | valid on 'valid' subset | loss 7.493 | nll_loss 5.169 | ppl 35.96 | num_updates 16960 | best_loss 7.4931
| epoch 046 | loss 6.060 | nll_loss 3.698 | ppl 12.98 | wps 56059 | ups 4 | wpb 13278.833 | bsz 1022.066 | num_updates 17337 | lr 0.000480334 | gnorm 0.207 | clip 1.000 | oom 0.000 | loss_scale 64.000 | wall 4110 | train_wall 3203
| epoch 046 | valid on 'valid' subset | loss 7.504 | nll_loss 5.185 | ppl 36.37 | num_updates 17337 | best_loss 7.49897
| WARNING: overflow detected, setting loss scale to: 32.0
| epoch 047 | loss 6.052 | nll_loss 3.689 | ppl 12.89 | wps 56540 | ups 4 | wpb 13279.979 | bsz 1021.082 | num_updates 17713 | lr 0.000475208 | gnorm 0.208 | clip 1.000 | oom 0.000 | loss_scale 32.000 | wall 4199 | train_wall 3272
| epoch 047 | valid on 'valid' subset | loss 7.485 | nll_loss 5.159 | ppl 35.74 | num_updates 17713 | best_loss 7.48533
| epoch 048 | loss 6.045 | nll_loss 3.680 | ppl 12.81 | wps 56473 | ups 4 | wpb 13278.833 | bsz 1022.066 | num_updates 18090 | lr 0.00047023 | gnorm 0.207 | clip 1.000 | oom 0.000 | loss_scale 32.000 | wall 4288 | train_wall 3342
| epoch 048 | valid on 'valid' subset | loss 7.452 | nll_loss 5.122 | ppl 34.81 | num_updates 18090 | best_loss 7.45179
| epoch 049 | loss 6.039 | nll_loss 3.671 | ppl 12.74 | wps 56474 | ups 4 | wpb 13278.833 | bsz 1022.066 | num_updates 18467 | lr 0.000465406 | gnorm 0.207 | clip 1.000 | oom 0.000 | loss_scale 32.000 | wall 4377 | train_wall 3412
| epoch 049 | valid on 'valid' subset | loss 7.435 | nll_loss 5.093 | ppl 34.14 | num_updates 18467 | best_loss 7.4355
| epoch 050 | loss 6.032 | nll_loss 3.662 | ppl 12.66 | wps 56266 | ups 4 | wpb 13278.833 | bsz 1022.066 | num_updates 18844 | lr 0.000460727 | gnorm 0.206 | clip 1.000 | oom 0.000 | loss_scale 32.000 | wall 4467 | train_wall 3482
| epoch 050 | valid on 'valid' subset | loss 7.452 | nll_loss 5.116 | ppl 34.69 | num_updates 18844 | best_loss 7.45179
| saved checkpoint ./checkpoints/2020-04-07T23-51-04-00-exp25-bpe7500-seed13/checkpoints_en_si/checkpoint50.pt (epoch 50 @ 18844 updates) (writing took 1.0100460052490234 seconds)
| epoch 051 | loss 6.028 | nll_loss 3.657 | ppl 12.61 | wps 55945 | ups 4 | wpb 13278.833 | bsz 1022.066 | num_updates 19221 | lr 0.000456186 | gnorm 0.207 | clip 1.000 | oom 0.000 | loss_scale 32.000 | wall 4558 | train_wall 3552
| epoch 051 | valid on 'valid' subset | loss 7.428 | nll_loss 5.088 | ppl 34.02 | num_updates 19221 | best_loss 7.42765
| epoch 052 | loss 6.021 | nll_loss 3.648 | ppl 12.53 | wps 56292 | ups 4 | wpb 13278.833 | bsz 1022.066 | num_updates 19598 | lr 0.000451777 | gnorm 0.206 | clip 1.000 | oom 0.000 | loss_scale 32.000 | wall 4648 | train_wall 3623
| epoch 052 | valid on 'valid' subset | loss 7.447 | nll_loss 5.109 | ppl 34.5 | num_updates 19598 | best_loss 7.44718
| epoch 053 | loss 6.015 | nll_loss 3.640 | ppl 12.47 | wps 56264 | ups 4 | wpb 13278.833 | bsz 1022.066 | num_updates 19975 | lr 0.000447493 | gnorm 0.206 | clip 1.000 | oom 0.000 | loss_scale 32.000 | wall 4738 | train_wall 3693
| epoch 053 | valid on 'valid' subset | loss 7.435 | nll_loss 5.101 | ppl 34.32 | num_updates 19975 | best_loss 7.43478
| epoch 054 | loss 6.010 | nll_loss 3.634 | ppl 12.41 | wps 57398 | ups 4 | wpb 13278.833 | bsz 1022.066 | num_updates 20352 | lr 0.000443329 | gnorm 0.206 | clip 1.000 | oom 0.000 | loss_scale 32.000 | wall 4826 | train_wall 3761
| epoch 054 | valid on 'valid' subset | loss 7.430 | nll_loss 5.091 | ppl 34.08 | num_updates 20352 | best_loss 7.42961
| epoch 055 | loss 6.004 | nll_loss 3.626 | ppl 12.35 | wps 56980 | ups 4 | wpb 13278.833 | bsz 1022.066 | num_updates 20729 | lr 0.000439279 | gnorm 0.206 | clip 1.000 | oom 0.000 | loss_scale 32.000 | wall 4914 | train_wall 3830
| epoch 055 | valid on 'valid' subset | loss 7.417 | nll_loss 5.074 | ppl 33.68 | num_updates 20729 | best_loss 7.41746
| epoch 056 | loss 6.000 | nll_loss 3.620 | ppl 12.29 | wps 55652 | ups 4 | wpb 13278.833 | bsz 1022.066 | num_updates 21106 | lr 0.000435338 | gnorm 0.207 | clip 1.000 | oom 0.000 | loss_scale 32.000 | wall 5005 | train_wall 3900
| epoch 056 | valid on 'valid' subset | loss 7.455 | nll_loss 5.122 | ppl 34.81 | num_updates 21106 | best_loss 7.45179
| epoch 057 | loss 5.995 | nll_loss 3.614 | ppl 12.24 | wps 56566 | ups 4 | wpb 13278.833 | bsz 1022.066 | num_updates 21483 | lr 0.000431502 | gnorm 0.207 | clip 1.000 | oom 0.000 | loss_scale 32.000 | wall 5094 | train_wall 3970
| epoch 057 | valid on 'valid' subset | loss 7.424 | nll_loss 5.087 | ppl 33.98 | num_updates 21483 | best_loss 7.42447
| epoch 058 | loss 5.990 | nll_loss 3.607 | ppl 12.19 | wps 57962 | ups 4 | wpb 13278.833 | bsz 1022.066 | num_updates 21860 | lr 0.000427765 | gnorm 0.207 | clip 1.000 | oom 0.000 | loss_scale 64.000 | wall 5181 | train_wall 4038
| epoch 058 | valid on 'valid' subset | loss 7.422 | nll_loss 5.093 | ppl 34.14 | num_updates 21860 | best_loss 7.4225
| epoch 059 | loss 5.984 | nll_loss 3.600 | ppl 12.13 | wps 56807 | ups 4 | wpb 13278.833 | bsz 1022.066 | num_updates 22237 | lr 0.000424123 | gnorm 0.207 | clip 1.000 | oom 0.000 | loss_scale 64.000 | wall 5270 | train_wall 4106
| epoch 059 | valid on 'valid' subset | loss 7.391 | nll_loss 5.044 | ppl 32.99 | num_updates 22237 | best_loss 7.39116
| WARNING: overflow detected, setting loss scale to: 32.0
| epoch 060 | loss 5.981 | nll_loss 3.596 | ppl 12.09 | wps 55930 | ups 4 | wpb 13280.904 | bsz 1023.082 | num_updates 22613 | lr 0.000420582 | gnorm 0.208 | clip 1.000 | oom 0.000 | loss_scale 32.000 | wall 5360 | train_wall 4177
| epoch 060 | valid on 'valid' subset | loss 7.412 | nll_loss 5.069 | ppl 33.56 | num_updates 22613 | best_loss 7.41155
| saved checkpoint ./checkpoints/2020-04-07T23-51-04-00-exp25-bpe7500-seed13/checkpoints_en_si/checkpoint60.pt (epoch 60 @ 22613 updates) (writing took 1.0144214630126953 seconds)
| epoch 061 | loss 5.975 | nll_loss 3.588 | ppl 12.02 | wps 57278 | ups 4 | wpb 13278.833 | bsz 1022.066 | num_updates 22990 | lr 0.00041712 | gnorm 0.205 | clip 1.000 | oom 0.000 | loss_scale 32.000 | wall 5449 | train_wall 4245
| epoch 061 | valid on 'valid' subset | loss 7.411 | nll_loss 5.052 | ppl 33.19 | num_updates 22990 | best_loss 7.41136
| epoch 062 | loss 5.971 | nll_loss 3.583 | ppl 11.98 | wps 56216 | ups 4 | wpb 13278.833 | bsz 1022.066 | num_updates 23367 | lr 0.000413741 | gnorm 0.207 | clip 1.000 | oom 0.000 | loss_scale 32.000 | wall 5539 | train_wall 4315
| epoch 062 | valid on 'valid' subset | loss 7.393 | nll_loss 5.051 | ppl 33.15 | num_updates 23367 | best_loss 7.39276
| epoch 063 | loss 5.966 | nll_loss 3.577 | ppl 11.93 | wps 56217 | ups 4 | wpb 13278.833 | bsz 1022.066 | num_updates 23744 | lr 0.000410443 | gnorm 0.206 | clip 1.000 | oom 0.000 | loss_scale 32.000 | wall 5629 | train_wall 4385
| epoch 063 | valid on 'valid' subset | loss 7.394 | nll_loss 5.041 | ppl 32.92 | num_updates 23744 | best_loss 7.39376
| epoch 064 | loss 5.963 | nll_loss 3.572 | ppl 11.9 | wps 56189 | ups 4 | wpb 13278.833 | bsz 1022.066 | num_updates 24121 | lr 0.000407223 | gnorm 0.208 | clip 1.000 | oom 0.000 | loss_scale 32.000 | wall 5719 | train_wall 4455
| epoch 064 | valid on 'valid' subset | loss 7.393 | nll_loss 5.037 | ppl 32.82 | num_updates 24121 | best_loss 7.39303
| epoch 065 | loss 5.959 | nll_loss 3.567 | ppl 11.85 | wps 56794 | ups 4 | wpb 13278.833 | bsz 1022.066 | num_updates 24498 | lr 0.000404078 | gnorm 0.207 | clip 1.000 | oom 0.000 | loss_scale 32.000 | wall 5807 | train_wall 4524
| epoch 065 | valid on 'valid' subset | loss 7.381 | nll_loss 5.021 | ppl 32.47 | num_updates 24498 | best_loss 7.3808
| epoch 066 | loss 5.954 | nll_loss 3.561 | ppl 11.8 | wps 56963 | ups 4 | wpb 13278.833 | bsz 1022.066 | num_updates 24875 | lr 0.000401004 | gnorm 0.205 | clip 1.000 | oom 0.000 | loss_scale 32.000 | wall 5896 | train_wall 4593
| epoch 066 | valid on 'valid' subset | loss 7.382 | nll_loss 5.036 | ppl 32.81 | num_updates 24875 | best_loss 7.38225
| epoch 067 | loss 5.950 | nll_loss 3.556 | ppl 11.76 | wps 57087 | ups 4 | wpb 13278.833 | bsz 1022.066 | num_updates 25252 | lr 0.000397999 | gnorm 0.205 | clip 1.000 | oom 0.000 | loss_scale 32.000 | wall 5984 | train_wall 4661
| epoch 067 | valid on 'valid' subset | loss 7.362 | nll_loss 5.007 | ppl 32.15 | num_updates 25252 | best_loss 7.36213
| epoch 068 | loss 5.946 | nll_loss 3.550 | ppl 11.72 | wps 57090 | ups 4 | wpb 13278.833 | bsz 1022.066 | num_updates 25629 | lr 0.000395061 | gnorm 0.206 | clip 1.000 | oom 0.000 | loss_scale 32.000 | wall 6073 | train_wall 4730
| epoch 068 | valid on 'valid' subset | loss 7.395 | nll_loss 5.046 | ppl 33.03 | num_updates 25629 | best_loss 7.39515
| epoch 069 | loss 5.943 | nll_loss 3.546 | ppl 11.68 | wps 56837 | ups 4 | wpb 13278.833 | bsz 1022.066 | num_updates 26006 | lr 0.000392187 | gnorm 0.205 | clip 1.000 | oom 0.000 | loss_scale 32.000 | wall 6162 | train_wall 4798
| epoch 069 | valid on 'valid' subset | loss 7.378 | nll_loss 5.023 | ppl 32.52 | num_updates 26006 | best_loss 7.37768
| epoch 070 | loss 5.939 | nll_loss 3.541 | ppl 11.64 | wps 55808 | ups 4 | wpb 13278.833 | bsz 1022.066 | num_updates 26383 | lr 0.000389375 | gnorm 0.205 | clip 1.000 | oom 0.000 | loss_scale 32.000 | wall 6252 | train_wall 4869
| epoch 070 | valid on 'valid' subset | loss 7.366 | nll_loss 5.014 | ppl 32.32 | num_updates 26383 | best_loss 7.3661
| saved checkpoint ./checkpoints/2020-04-07T23-51-04-00-exp25-bpe7500-seed13/checkpoints_en_si/checkpoint70.pt (epoch 70 @ 26383 updates) (writing took 1.0203735828399658 seconds)
| epoch 071 | loss 5.935 | nll_loss 3.537 | ppl 11.6 | wps 56724 | ups 4 | wpb 13278.833 | bsz 1022.066 | num_updates 26760 | lr 0.000386622 | gnorm 0.205 | clip 1.000 | oom 0.000 | loss_scale 64.000 | wall 6342 | train_wall 4939
| epoch 071 | valid on 'valid' subset | loss 7.371 | nll_loss 5.012 | ppl 32.27 | num_updates 26760 | best_loss 7.3661
| WARNING: overflow detected, setting loss scale to: 32.0
| epoch 072 | loss 5.932 | nll_loss 3.533 | ppl 11.57 | wps 56296 | ups 4 | wpb 13274.266 | bsz 1022.253 | num_updates 27136 | lr 0.000383934 | gnorm 0.209 | clip 1.000 | oom 0.000 | loss_scale 32.000 | wall 6431 | train_wall 5008
| epoch 072 | valid on 'valid' subset | loss 7.364 | nll_loss 5.009 | ppl 32.21 | num_updates 27136 | best_loss 7.36419
| epoch 073 | loss 5.928 | nll_loss 3.527 | ppl 11.53 | wps 56429 | ups 4 | wpb 13278.833 | bsz 1022.066 | num_updates 27513 | lr 0.000381295 | gnorm 0.206 | clip 1.000 | oom 0.000 | loss_scale 32.000 | wall 6521 | train_wall 5078
| epoch 073 | valid on 'valid' subset | loss 7.348 | nll_loss 4.979 | ppl 31.53 | num_updates 27513 | best_loss 7.34818
| epoch 074 | loss 5.924 | nll_loss 3.522 | ppl 11.49 | wps 56341 | ups 4 | wpb 13278.833 | bsz 1022.066 | num_updates 27890 | lr 0.000378709 | gnorm 0.207 | clip 1.000 | oom 0.000 | loss_scale 32.000 | wall 6610 | train_wall 5149
| epoch 074 | valid on 'valid' subset | loss 7.353 | nll_loss 4.993 | ppl 31.85 | num_updates 27890 | best_loss 7.35293
| epoch 075 | loss 5.922 | nll_loss 3.519 | ppl 11.47 | wps 56619 | ups 4 | wpb 13278.833 | bsz 1022.066 | num_updates 28267 | lr 0.000376175 | gnorm 0.208 | clip 1.000 | oom 0.000 | loss_scale 32.000 | wall 6700 | train_wall 5219
| epoch 075 | valid on 'valid' subset | loss 7.381 | nll_loss 5.027 | ppl 32.61 | num_updates 28267 | best_loss 7.3661
| epoch 076 | loss 5.918 | nll_loss 3.515 | ppl 11.43 | wps 57706 | ups 4 | wpb 13278.833 | bsz 1022.066 | num_updates 28644 | lr 0.000373691 | gnorm 0.207 | clip 1.000 | oom 0.000 | loss_scale 32.000 | wall 6787 | train_wall 5288
| epoch 076 | valid on 'valid' subset | loss 7.340 | nll_loss 4.972 | ppl 31.39 | num_updates 28644 | best_loss 7.34005
| epoch 077 | loss 5.916 | nll_loss 3.511 | ppl 11.4 | wps 56104 | ups 4 | wpb 13278.833 | bsz 1022.066 | num_updates 29021 | lr 0.000371256 | gnorm 0.207 | clip 1.000 | oom 0.000 | loss_scale 32.000 | wall 6877 | train_wall 5358
| epoch 077 | valid on 'valid' subset | loss 7.358 | nll_loss 4.988 | ppl 31.72 | num_updates 29021 | best_loss 7.35766
| epoch 078 | loss 5.912 | nll_loss 3.506 | ppl 11.36 | wps 56246 | ups 4 | wpb 13278.833 | bsz 1022.066 | num_updates 29398 | lr 0.000368868 | gnorm 0.207 | clip 1.000 | oom 0.000 | loss_scale 32.000 | wall 6967 | train_wall 5428
| epoch 078 | valid on 'valid' subset | loss 7.357 | nll_loss 5.001 | ppl 32.03 | num_updates 29398 | best_loss 7.35686
| epoch 079 | loss 5.909 | nll_loss 3.503 | ppl 11.33 | wps 56919 | ups 4 | wpb 13278.833 | bsz 1022.066 | num_updates 29775 | lr 0.000366525 | gnorm 0.208 | clip 1.000 | oom 0.000 | loss_scale 32.000 | wall 7056 | train_wall 5497
| epoch 079 | valid on 'valid' subset | loss 7.364 | nll_loss 4.999 | ppl 31.98 | num_updates 29775 | best_loss 7.36398
| epoch 080 | loss 5.906 | nll_loss 3.498 | ppl 11.29 | wps 56862 | ups 4 | wpb 13278.833 | bsz 1022.066 | num_updates 30152 | lr 0.000364227 | gnorm 0.206 | clip 1.000 | oom 0.000 | loss_scale 32.000 | wall 7144 | train_wall 5566
| epoch 080 | valid on 'valid' subset | loss 7.341 | nll_loss 4.980 | ppl 31.56 | num_updates 30152 | best_loss 7.34139
| saved checkpoint ./checkpoints/2020-04-07T23-51-04-00-exp25-bpe7500-seed13/checkpoints_en_si/checkpoint80.pt (epoch 80 @ 30152 updates) (writing took 1.0297729969024658 seconds)
| epoch 081 | loss 5.902 | nll_loss 3.493 | ppl 11.26 | wps 57132 | ups 4 | wpb 13278.833 | bsz 1022.066 | num_updates 30529 | lr 0.000361971 | gnorm 0.206 | clip 1.000 | oom 0.000 | loss_scale 32.000 | wall 7234 | train_wall 5634
| epoch 081 | valid on 'valid' subset | loss 7.352 | nll_loss 4.994 | ppl 31.87 | num_updates 30529 | best_loss 7.34139
| epoch 082 | loss 5.900 | nll_loss 3.491 | ppl 11.24 | wps 57126 | ups 4 | wpb 13278.833 | bsz 1022.066 | num_updates 30906 | lr 0.000359756 | gnorm 0.207 | clip 1.000 | oom 0.000 | loss_scale 32.000 | wall 7322 | train_wall 5704
| epoch 082 | valid on 'valid' subset | loss 7.331 | nll_loss 4.955 | ppl 31.02 | num_updates 30906 | best_loss 7.33117
| epoch 083 | loss 5.898 | nll_loss 3.487 | ppl 11.21 | wps 56932 | ups 4 | wpb 13278.833 | bsz 1022.066 | num_updates 31283 | lr 0.000357582 | gnorm 0.207 | clip 1.000 | oom 0.000 | loss_scale 64.000 | wall 7411 | train_wall 5773
| epoch 083 | valid on 'valid' subset | loss 7.357 | nll_loss 4.998 | ppl 31.95 | num_updates 31283 | best_loss 7.34139
| epoch 084 | loss 5.894 | nll_loss 3.483 | ppl 11.18 | wps 57572 | ups 4 | wpb 13278.833 | bsz 1022.066 | num_updates 31660 | lr 0.000355447 | gnorm 0.207 | clip 1.000 | oom 0.000 | loss_scale 64.000 | wall 7498 | train_wall 5842
| epoch 084 | valid on 'valid' subset | loss 7.356 | nll_loss 4.986 | ppl 31.69 | num_updates 31660 | best_loss 7.34139
| epoch 085 | loss 5.891 | nll_loss 3.479 | ppl 11.15 | wps 56096 | ups 4 | wpb 13278.833 | bsz 1022.066 | num_updates 32037 | lr 0.000353349 | gnorm 0.208 | clip 1.000 | oom 0.000 | loss_scale 64.000 | wall 7588 | train_wall 5911
| epoch 085 | valid on 'valid' subset | loss 7.340 | nll_loss 4.982 | ppl 31.6 | num_updates 32037 | best_loss 7.34042
| epoch 086 | loss 5.888 | nll_loss 3.475 | ppl 11.12 | wps 56311 | ups 4 | wpb 13278.833 | bsz 1022.066 | num_updates 32414 | lr 0.000351288 | gnorm 0.207 | clip 1.000 | oom 0.000 | loss_scale 64.000 | wall 7678 | train_wall 5982
| epoch 086 | valid on 'valid' subset | loss 7.325 | nll_loss 4.956 | ppl 31.05 | num_updates 32414 | best_loss 7.32488
| epoch 087 | loss 5.886 | nll_loss 3.472 | ppl 11.09 | wps 56140 | ups 4 | wpb 13278.833 | bsz 1022.066 | num_updates 32791 | lr 0.000349263 | gnorm 0.207 | clip 1.000 | oom 0.000 | loss_scale 64.000 | wall 7768 | train_wall 6052
| epoch 087 | valid on 'valid' subset | loss 7.330 | nll_loss 4.964 | ppl 31.21 | num_updates 32791 | best_loss 7.32979
| epoch 088 | loss 5.883 | nll_loss 3.468 | ppl 11.07 | wps 56687 | ups 4 | wpb 13278.833 | bsz 1022.066 | num_updates 33168 | lr 0.000347272 | gnorm 0.207 | clip 1.000 | oom 0.000 | loss_scale 64.000 | wall 7857 | train_wall 6122
| epoch 088 | valid on 'valid' subset | loss 7.332 | nll_loss 4.965 | ppl 31.23 | num_updates 33168 | best_loss 7.33224
| epoch 089 | loss 5.881 | nll_loss 3.465 | ppl 11.04 | wps 56930 | ups 4 | wpb 13278.833 | bsz 1022.066 | num_updates 33545 | lr 0.000345316 | gnorm 0.208 | clip 1.000 | oom 0.000 | loss_scale 64.000 | wall 7946 | train_wall 6192
| epoch 089 | valid on 'valid' subset | loss 7.344 | nll_loss 4.989 | ppl 31.76 | num_updates 33545 | best_loss 7.34139
| epoch 090 | loss 5.878 | nll_loss 3.461 | ppl 11.01 | wps 56344 | ups 4 | wpb 13278.833 | bsz 1022.066 | num_updates 33922 | lr 0.000343391 | gnorm 0.206 | clip 1.000 | oom 0.000 | loss_scale 64.000 | wall 8035 | train_wall 6262
| epoch 090 | valid on 'valid' subset | loss 7.353 | nll_loss 4.983 | ppl 31.62 | num_updates 33922 | best_loss 7.34139
| saved checkpoint ./checkpoints/2020-04-07T23-51-04-00-exp25-bpe7500-seed13/checkpoints_en_si/checkpoint90.pt (epoch 90 @ 33922 updates) (writing took 0.6723983287811279 seconds)
| epoch 091 | loss 5.876 | nll_loss 3.459 | ppl 11 | wps 56024 | ups 4 | wpb 13278.833 | bsz 1022.066 | num_updates 34299 | lr 0.000341499 | gnorm 0.207 | clip 1.000 | oom 0.000 | loss_scale 64.000 | wall 8126 | train_wall 6332
| epoch 091 | valid on 'valid' subset | loss 7.322 | nll_loss 4.952 | ppl 30.95 | num_updates 34299 | best_loss 7.32214
| epoch 092 | loss 5.873 | nll_loss 3.455 | ppl 10.96 | wps 56037 | ups 4 | wpb 13278.833 | bsz 1022.066 | num_updates 34676 | lr 0.000339637 | gnorm 0.208 | clip 1.000 | oom 0.000 | loss_scale 64.000 | wall 8216 | train_wall 6402
| epoch 092 | valid on 'valid' subset | loss 7.347 | nll_loss 4.985 | ppl 31.66 | num_updates 34676 | best_loss 7.34139
| epoch 093 | loss 5.870 | nll_loss 3.451 | ppl 10.94 | wps 56229 | ups 4 | wpb 13278.833 | bsz 1022.066 | num_updates 35053 | lr 0.000337806 | gnorm 0.207 | clip 1.000 | oom 0.000 | loss_scale 64.000 | wall 8306 | train_wall 6472
| epoch 093 | valid on 'valid' subset | loss 7.319 | nll_loss 4.949 | ppl 30.89 | num_updates 35053 | best_loss 7.31899
| WARNING: overflow detected, setting loss scale to: 64.0
| epoch 094 | loss 5.869 | nll_loss 3.449 | ppl 10.92 | wps 56909 | ups 4 | wpb 13276.896 | bsz 1021.253 | num_updates 35429 | lr 0.000336009 | gnorm 0.208 | clip 1.000 | oom 0.000 | loss_scale 64.000 | wall 8394 | train_wall 6541
| epoch 094 | valid on 'valid' subset | loss 7.307 | nll_loss 4.930 | ppl 30.48 | num_updates 35429 | best_loss 7.30714
| epoch 095 | loss 5.865 | nll_loss 3.445 | ppl 10.89 | wps 56893 | ups 4 | wpb 13278.833 | bsz 1022.066 | num_updates 35806 | lr 0.000334235 | gnorm 0.209 | clip 1.000 | oom 0.000 | loss_scale 64.000 | wall 8483 | train_wall 6611
| epoch 095 | valid on 'valid' subset | loss 7.309 | nll_loss 4.932 | ppl 30.54 | num_updates 35806 | best_loss 7.30904
| epoch 096 | loss 5.862 | nll_loss 3.441 | ppl 10.86 | wps 56061 | ups 4 | wpb 13278.833 | bsz 1022.066 | num_updates 36183 | lr 0.000332489 | gnorm 0.210 | clip 1.000 | oom 0.000 | loss_scale 64.000 | wall 8573 | train_wall 6682
| epoch 096 | valid on 'valid' subset | loss 7.311 | nll_loss 4.938 | ppl 30.66 | num_updates 36183 | best_loss 7.31125
| epoch 097 | loss 5.861 | nll_loss 3.440 | ppl 10.85 | wps 56619 | ups 4 | wpb 13278.833 | bsz 1022.066 | num_updates 36560 | lr 0.000330771 | gnorm 0.208 | clip 1.000 | oom 0.000 | loss_scale 64.000 | wall 8662 | train_wall 6751
| epoch 097 | valid on 'valid' subset | loss 7.311 | nll_loss 4.944 | ppl 30.78 | num_updates 36560 | best_loss 7.31107
| epoch 098 | loss 5.859 | nll_loss 3.437 | ppl 10.83 | wps 56552 | ups 4 | wpb 13278.833 | bsz 1022.066 | num_updates 36937 | lr 0.000329078 | gnorm 0.208 | clip 1.000 | oom 0.000 | loss_scale 64.000 | wall 8751 | train_wall 6820
| epoch 098 | valid on 'valid' subset | loss 7.308 | nll_loss 4.931 | ppl 30.52 | num_updates 36937 | best_loss 7.3078
| epoch 099 | loss 5.856 | nll_loss 3.434 | ppl 10.8 | wps 56926 | ups 4 | wpb 13278.833 | bsz 1022.066 | num_updates 37314 | lr 0.000327412 | gnorm 0.206 | clip 1.000 | oom 0.000 | loss_scale 64.000 | wall 8840 | train_wall 6889
| epoch 099 | valid on 'valid' subset | loss 7.315 | nll_loss 4.938 | ppl 30.65 | num_updates 37314 | best_loss 7.3153
| WARNING: overflow detected, setting loss scale to: 32.0
| epoch 100 | loss 5.854 | nll_loss 3.430 | ppl 10.78 | wps 56092 | ups 4 | wpb 13279.051 | bsz 1021.997 | num_updates 37690 | lr 0.000325774 | gnorm 0.211 | clip 1.000 | oom 0.000 | loss_scale 32.000 | wall 8930 | train_wall 6959
| epoch 100 | valid on 'valid' subset | loss 7.318 | nll_loss 4.942 | ppl 30.75 | num_updates 37690 | best_loss 7.31799
| saved checkpoint ./checkpoints/2020-04-07T23-51-04-00-exp25-bpe7500-seed13/checkpoints_en_si/checkpoint100.pt (epoch 100 @ 37690 updates) (writing took 1.0520551204681396 seconds)
| done training in 8928.1 seconds
Done training.
Time at end: Wed Apr 8 11:42:19 EDT 2020
