================ FLORES BASELINE WITH CLIP_NORM=0.1, BPE=7500 AND SEED=13  ================
About to train the supervised for the following language pair: EN-NE
Checkpoint directory unset! Setting to default value...
CHECKPOINT_DIR is set to './checkpoints/2020-04-07T23-51-04-00-exp25-bpe7500-seed13/checkpoints_en_ne'
Creating checkpoint directory if it doesn't exist...
Data folder is: data-bin/wiki_ne_en_bpe7500/
Beginning training...
Time at beginning: Wed Apr 8 03:18:09 EDT 2020
Namespace(activation_dropout=0.2, activation_fn='relu', adam_betas='(0.9, 0.98)', adam_eps=1e-08, adaptive_input=False, adaptive_softmax_cutoff=None, adaptive_softmax_dropout=0, arch='transformer', attention_dropout=0.2, best_checkpoint_metric='loss', bpe=None, bucket_cap_mb=25, clip_norm=0.1, cpu=False, criterion='label_smoothed_cross_entropy', cross_self_attention=False, curriculum=0, data='data-bin/wiki_ne_en_bpe7500/', dataset_impl=None, ddp_backend='c10d', decoder_attention_heads=2, decoder_embed_dim=512, decoder_embed_path=None, decoder_ffn_embed_dim=2048, decoder_input_dim=512, decoder_layerdrop=0, decoder_layers=5, decoder_layers_to_keep=None, decoder_learned_pos=False, decoder_normalize_before=True, decoder_output_dim=512, device_id=0, disable_validation=False, distributed_backend='nccl', distributed_init_method=None, distributed_no_spawn=False, distributed_port=-1, distributed_rank=0, distributed_world_size=1, dropout=0.4, empty_cache_freq=0, encoder_attention_heads=2, encoder_embed_dim=512, encoder_embed_path=None, encoder_ffn_embed_dim=2048, encoder_layerdrop=0, encoder_layers=5, encoder_layers_to_keep=None, encoder_learned_pos=False, encoder_normalize_before=True, fast_stat_sync=False, find_unused_parameters=False, fix_batches_to_gpus=False, fixed_validation_seed=None, fp16=True, fp16_init_scale=128, fp16_scale_tolerance=0.0, fp16_scale_window=None, keep_interval_updates=-1, keep_last_epochs=-1, label_smoothing=0.2, layer_wise_attention=False, layernorm_embedding=False, lazy_load=False, left_pad_source='True', left_pad_target='False', load_alignments=False, log_format=None, log_interval=1000, lr=[0.001], lr_scheduler='inverse_sqrt', max_epoch=100, max_sentences=None, max_sentences_valid=None, max_source_positions=1024, max_target_positions=1024, max_tokens=4000, max_tokens_valid=4000, max_update=0, maximize_best_checkpoint_metric=False, memory_efficient_fp16=False, min_loss_scale=0.0001, min_lr=1e-09, no_cross_attention=False, no_epoch_checkpoints=False, no_last_checkpoints=False, no_progress_bar=False, no_save=False, no_save_optimizer_state=False, no_scale_embedding=False, no_token_positional_embeddings=False, num_workers=1, optimizer='adam', optimizer_overrides='{}', raw_text=False, required_batch_size_multiple=8, reset_dataloader=False, reset_lr_scheduler=False, reset_meters=False, reset_optimizer=False, restore_file='checkpoint_last.pt', save_dir='./checkpoints/2020-04-07T23-51-04-00-exp25-bpe7500-seed13/checkpoints_en_ne', save_interval=10, save_interval_updates=0, seed=13, sentence_avg=False, share_all_embeddings=True, share_decoder_input_output_embed=False, skip_invalid_size_inputs_valid_test=False, source_lang='en', target_lang='ne', task='translation', tensorboard_logdir='', threshold_loss_scale=None, tokenizer=None, train_subset='train', truncate_source=False, update_freq=[4], upsample_primary=1, use_bmuf=False, user_dir=None, valid_subset='valid', validate_interval=1, warmup_init_lr=1e-07, warmup_updates=4000, weight_decay=0.0001)
| [en] dictionary: 7496 types
| [ne] dictionary: 7496 types
| loaded 2559 examples from: data-bin/wiki_ne_en_bpe7500/valid.ne-en.en
| loaded 2559 examples from: data-bin/wiki_ne_en_bpe7500/valid.ne-en.ne
| data-bin/wiki_ne_en_bpe7500/ valid en-ne 2559 examples
TransformerModel(
  (encoder): TransformerEncoder(
    (embed_tokens): Embedding(7496, 512, padding_idx=1)
    (embed_positions): SinusoidalPositionalEmbedding()
    (layers): ModuleList(
      (0): TransformerEncoderLayer(
        (self_attn): MultiheadAttention(
          (k_proj): Linear(in_features=512, out_features=512, bias=True)
          (v_proj): Linear(in_features=512, out_features=512, bias=True)
          (q_proj): Linear(in_features=512, out_features=512, bias=True)
          (out_proj): Linear(in_features=512, out_features=512, bias=True)
        )
        (self_attn_layer_norm): LayerNorm((512,), eps=1e-05, elementwise_affine=True)
        (fc1): Linear(in_features=512, out_features=2048, bias=True)
        (fc2): Linear(in_features=2048, out_features=512, bias=True)
        (final_layer_norm): LayerNorm((512,), eps=1e-05, elementwise_affine=True)
      )
      (1): TransformerEncoderLayer(
        (self_attn): MultiheadAttention(
          (k_proj): Linear(in_features=512, out_features=512, bias=True)
          (v_proj): Linear(in_features=512, out_features=512, bias=True)
          (q_proj): Linear(in_features=512, out_features=512, bias=True)
          (out_proj): Linear(in_features=512, out_features=512, bias=True)
        )
        (self_attn_layer_norm): LayerNorm((512,), eps=1e-05, elementwise_affine=True)
        (fc1): Linear(in_features=512, out_features=2048, bias=True)
        (fc2): Linear(in_features=2048, out_features=512, bias=True)
        (final_layer_norm): LayerNorm((512,), eps=1e-05, elementwise_affine=True)
      )
      (2): TransformerEncoderLayer(
        (self_attn): MultiheadAttention(
          (k_proj): Linear(in_features=512, out_features=512, bias=True)
          (v_proj): Linear(in_features=512, out_features=512, bias=True)
          (q_proj): Linear(in_features=512, out_features=512, bias=True)
          (out_proj): Linear(in_features=512, out_features=512, bias=True)
        )
        (self_attn_layer_norm): LayerNorm((512,), eps=1e-05, elementwise_affine=True)
        (fc1): Linear(in_features=512, out_features=2048, bias=True)
        (fc2): Linear(in_features=2048, out_features=512, bias=True)
        (final_layer_norm): LayerNorm((512,), eps=1e-05, elementwise_affine=True)
      )
      (3): TransformerEncoderLayer(
        (self_attn): MultiheadAttention(
          (k_proj): Linear(in_features=512, out_features=512, bias=True)
          (v_proj): Linear(in_features=512, out_features=512, bias=True)
          (q_proj): Linear(in_features=512, out_features=512, bias=True)
          (out_proj): Linear(in_features=512, out_features=512, bias=True)
        )
        (self_attn_layer_norm): LayerNorm((512,), eps=1e-05, elementwise_affine=True)
        (fc1): Linear(in_features=512, out_features=2048, bias=True)
        (fc2): Linear(in_features=2048, out_features=512, bias=True)
        (final_layer_norm): LayerNorm((512,), eps=1e-05, elementwise_affine=True)
      )
      (4): TransformerEncoderLayer(
        (self_attn): MultiheadAttention(
          (k_proj): Linear(in_features=512, out_features=512, bias=True)
          (v_proj): Linear(in_features=512, out_features=512, bias=True)
          (q_proj): Linear(in_features=512, out_features=512, bias=True)
          (out_proj): Linear(in_features=512, out_features=512, bias=True)
        )
        (self_attn_layer_norm): LayerNorm((512,), eps=1e-05, elementwise_affine=True)
        (fc1): Linear(in_features=512, out_features=2048, bias=True)
        (fc2): Linear(in_features=2048, out_features=512, bias=True)
        (final_layer_norm): LayerNorm((512,), eps=1e-05, elementwise_affine=True)
      )
    )
    (layer_norm): LayerNorm((512,), eps=1e-05, elementwise_affine=True)
  )
  (decoder): TransformerDecoder(
    (embed_tokens): Embedding(7496, 512, padding_idx=1)
    (embed_positions): SinusoidalPositionalEmbedding()
    (layers): ModuleList(
      (0): TransformerDecoderLayer(
        (self_attn): MultiheadAttention(
          (k_proj): Linear(in_features=512, out_features=512, bias=True)
          (v_proj): Linear(in_features=512, out_features=512, bias=True)
          (q_proj): Linear(in_features=512, out_features=512, bias=True)
          (out_proj): Linear(in_features=512, out_features=512, bias=True)
        )
        (self_attn_layer_norm): LayerNorm((512,), eps=1e-05, elementwise_affine=True)
        (encoder_attn): MultiheadAttention(
          (k_proj): Linear(in_features=512, out_features=512, bias=True)
          (v_proj): Linear(in_features=512, out_features=512, bias=True)
          (q_proj): Linear(in_features=512, out_features=512, bias=True)
          (out_proj): Linear(in_features=512, out_features=512, bias=True)
        )
        (encoder_attn_layer_norm): LayerNorm((512,), eps=1e-05, elementwise_affine=True)
        (fc1): Linear(in_features=512, out_features=2048, bias=True)
        (fc2): Linear(in_features=2048, out_features=512, bias=True)
        (final_layer_norm): LayerNorm((512,), eps=1e-05, elementwise_affine=True)
      )
      (1): TransformerDecoderLayer(
        (self_attn): MultiheadAttention(
          (k_proj): Linear(in_features=512, out_features=512, bias=True)
          (v_proj): Linear(in_features=512, out_features=512, bias=True)
          (q_proj): Linear(in_features=512, out_features=512, bias=True)
          (out_proj): Linear(in_features=512, out_features=512, bias=True)
        )
        (self_attn_layer_norm): LayerNorm((512,), eps=1e-05, elementwise_affine=True)
        (encoder_attn): MultiheadAttention(
          (k_proj): Linear(in_features=512, out_features=512, bias=True)
          (v_proj): Linear(in_features=512, out_features=512, bias=True)
          (q_proj): Linear(in_features=512, out_features=512, bias=True)
          (out_proj): Linear(in_features=512, out_features=512, bias=True)
        )
        (encoder_attn_layer_norm): LayerNorm((512,), eps=1e-05, elementwise_affine=True)
        (fc1): Linear(in_features=512, out_features=2048, bias=True)
        (fc2): Linear(in_features=2048, out_features=512, bias=True)
        (final_layer_norm): LayerNorm((512,), eps=1e-05, elementwise_affine=True)
      )
      (2): TransformerDecoderLayer(
        (self_attn): MultiheadAttention(
          (k_proj): Linear(in_features=512, out_features=512, bias=True)
          (v_proj): Linear(in_features=512, out_features=512, bias=True)
          (q_proj): Linear(in_features=512, out_features=512, bias=True)
          (out_proj): Linear(in_features=512, out_features=512, bias=True)
        )
        (self_attn_layer_norm): LayerNorm((512,), eps=1e-05, elementwise_affine=True)
        (encoder_attn): MultiheadAttention(
          (k_proj): Linear(in_features=512, out_features=512, bias=True)
          (v_proj): Linear(in_features=512, out_features=512, bias=True)
          (q_proj): Linear(in_features=512, out_features=512, bias=True)
          (out_proj): Linear(in_features=512, out_features=512, bias=True)
        )
        (encoder_attn_layer_norm): LayerNorm((512,), eps=1e-05, elementwise_affine=True)
        (fc1): Linear(in_features=512, out_features=2048, bias=True)
        (fc2): Linear(in_features=2048, out_features=512, bias=True)
        (final_layer_norm): LayerNorm((512,), eps=1e-05, elementwise_affine=True)
      )
      (3): TransformerDecoderLayer(
        (self_attn): MultiheadAttention(
          (k_proj): Linear(in_features=512, out_features=512, bias=True)
          (v_proj): Linear(in_features=512, out_features=512, bias=True)
          (q_proj): Linear(in_features=512, out_features=512, bias=True)
          (out_proj): Linear(in_features=512, out_features=512, bias=True)
        )
        (self_attn_layer_norm): LayerNorm((512,), eps=1e-05, elementwise_affine=True)
        (encoder_attn): MultiheadAttention(
          (k_proj): Linear(in_features=512, out_features=512, bias=True)
          (v_proj): Linear(in_features=512, out_features=512, bias=True)
          (q_proj): Linear(in_features=512, out_features=512, bias=True)
          (out_proj): Linear(in_features=512, out_features=512, bias=True)
        )
        (encoder_attn_layer_norm): LayerNorm((512,), eps=1e-05, elementwise_affine=True)
        (fc1): Linear(in_features=512, out_features=2048, bias=True)
        (fc2): Linear(in_features=2048, out_features=512, bias=True)
        (final_layer_norm): LayerNorm((512,), eps=1e-05, elementwise_affine=True)
      )
      (4): TransformerDecoderLayer(
        (self_attn): MultiheadAttention(
          (k_proj): Linear(in_features=512, out_features=512, bias=True)
          (v_proj): Linear(in_features=512, out_features=512, bias=True)
          (q_proj): Linear(in_features=512, out_features=512, bias=True)
          (out_proj): Linear(in_features=512, out_features=512, bias=True)
        )
        (self_attn_layer_norm): LayerNorm((512,), eps=1e-05, elementwise_affine=True)
        (encoder_attn): MultiheadAttention(
          (k_proj): Linear(in_features=512, out_features=512, bias=True)
          (v_proj): Linear(in_features=512, out_features=512, bias=True)
          (q_proj): Linear(in_features=512, out_features=512, bias=True)
          (out_proj): Linear(in_features=512, out_features=512, bias=True)
        )
        (encoder_attn_layer_norm): LayerNorm((512,), eps=1e-05, elementwise_affine=True)
        (fc1): Linear(in_features=512, out_features=2048, bias=True)
        (fc2): Linear(in_features=2048, out_features=512, bias=True)
        (final_layer_norm): LayerNorm((512,), eps=1e-05, elementwise_affine=True)
      )
    )
    (layer_norm): LayerNorm((512,), eps=1e-05, elementwise_affine=True)
  )
)
| model transformer, criterion LabelSmoothedCrossEntropyCriterion
| num. model params: 40622080 (num. trained: 40622080)
| training on 1 GPUs
| max tokens per GPU = 4000 and max sentences per GPU = None
| no existing checkpoint found ./checkpoints/2020-04-07T23-51-04-00-exp25-bpe7500-seed13/checkpoints_en_ne/checkpoint_last.pt
| loading train data for epoch 0
| loaded 563820 examples from: data-bin/wiki_ne_en_bpe7500/train.ne-en.en
| loaded 563820 examples from: data-bin/wiki_ne_en_bpe7500/train.ne-en.ne
| data-bin/wiki_ne_en_bpe7500/ train en-ne 563820 examples
| WARNING: overflow detected, setting loss scale to: 64.0
| WARNING: overflow detected, setting loss scale to: 32.0
| WARNING: overflow detected, setting loss scale to: 16.0
| WARNING: overflow detected, setting loss scale to: 8.0
| epoch 001 | loss 11.122 | nll_loss 10.396 | ppl 1347.89 | wps 53814 | ups 4 | wpb 13144.061 | bsz 1067.509 | num_updates 521 | lr 0.000130337 | gnorm 0.978 | clip 1.000 | oom 0.000 | loss_scale 8.000 | wall 127 | train_wall 96
| epoch 001 | valid on 'valid' subset | loss 10.813 | nll_loss 9.878 | ppl 941.16 | num_updates 521
| epoch 002 | loss 9.420 | nll_loss 8.106 | ppl 275.48 | wps 57128 | ups 4 | wpb 13138.522 | bsz 1073.943 | num_updates 1046 | lr 0.000261574 | gnorm 0.690 | clip 1.000 | oom 0.000 | loss_scale 8.000 | wall 249 | train_wall 190
| epoch 002 | valid on 'valid' subset | loss 10.039 | nll_loss 8.749 | ppl 430.32 | num_updates 1046
| epoch 003 | loss 8.244 | nll_loss 6.532 | ppl 92.55 | wps 56158 | ups 4 | wpb 13138.522 | bsz 1073.943 | num_updates 1571 | lr 0.000392811 | gnorm 0.561 | clip 1.000 | oom 0.000 | loss_scale 8.000 | wall 372 | train_wall 286
| epoch 003 | valid on 'valid' subset | loss 9.701 | nll_loss 8.227 | ppl 299.54 | num_updates 1571
| epoch 004 | loss 7.525 | nll_loss 5.572 | ppl 47.58 | wps 56474 | ups 4 | wpb 13138.522 | bsz 1073.943 | num_updates 2096 | lr 0.000524048 | gnorm 0.513 | clip 1.000 | oom 0.000 | loss_scale 8.000 | wall 495 | train_wall 380
| epoch 004 | valid on 'valid' subset | loss 9.420 | nll_loss 7.820 | ppl 225.99 | num_updates 2096
| epoch 005 | loss 7.080 | nll_loss 4.983 | ppl 31.63 | wps 57185 | ups 4 | wpb 13138.522 | bsz 1073.943 | num_updates 2621 | lr 0.000655284 | gnorm 0.468 | clip 1.000 | oom 0.000 | loss_scale 8.000 | wall 616 | train_wall 474
| epoch 005 | valid on 'valid' subset | loss 9.236 | nll_loss 7.563 | ppl 189.16 | num_updates 2621
| epoch 006 | loss 6.788 | nll_loss 4.600 | ppl 24.24 | wps 56452 | ups 4 | wpb 13138.522 | bsz 1073.943 | num_updates 3146 | lr 0.000786521 | gnorm 0.437 | clip 1.000 | oom 0.000 | loss_scale 8.000 | wall 739 | train_wall 569
| epoch 006 | valid on 'valid' subset | loss 9.097 | nll_loss 7.377 | ppl 166.2 | num_updates 3146
| epoch 007 | loss 6.583 | nll_loss 4.333 | ppl 20.16 | wps 55889 | ups 4 | wpb 13138.522 | bsz 1073.943 | num_updates 3671 | lr 0.000917758 | gnorm 0.404 | clip 1.000 | oom 0.000 | loss_scale 8.000 | wall 863 | train_wall 664
| epoch 007 | valid on 'valid' subset | loss 8.931 | nll_loss 7.203 | ppl 147.38 | num_updates 3671
| epoch 008 | loss 6.425 | nll_loss 4.128 | ppl 17.48 | wps 56499 | ups 4 | wpb 13138.522 | bsz 1073.943 | num_updates 4196 | lr 0.000976365 | gnorm 0.370 | clip 1.000 | oom 0.000 | loss_scale 8.000 | wall 986 | train_wall 758
| epoch 008 | valid on 'valid' subset | loss 8.920 | nll_loss 7.134 | ppl 140.43 | num_updates 4196
| epoch 009 | loss 6.274 | nll_loss 3.933 | ppl 15.28 | wps 56393 | ups 4 | wpb 13138.522 | bsz 1073.943 | num_updates 4721 | lr 0.000920477 | gnorm 0.341 | clip 1.000 | oom 0.000 | loss_scale 16.000 | wall 1109 | train_wall 854
| epoch 009 | valid on 'valid' subset | loss 8.817 | nll_loss 6.991 | ppl 127.23 | num_updates 4721
| epoch 010 | loss 6.140 | nll_loss 3.760 | ppl 13.55 | wps 55927 | ups 4 | wpb 13138.522 | bsz 1073.943 | num_updates 5246 | lr 0.000873204 | gnorm 0.319 | clip 1.000 | oom 0.000 | loss_scale 16.000 | wall 1233 | train_wall 950
| epoch 010 | valid on 'valid' subset | loss 8.728 | nll_loss 6.877 | ppl 117.58 | num_updates 5246
| saved checkpoint ./checkpoints/2020-04-07T23-51-04-00-exp25-bpe7500-seed13/checkpoints_en_ne/checkpoint10.pt (epoch 10 @ 5246 updates) (writing took 0.7526319026947021 seconds)
| epoch 011 | loss 6.038 | nll_loss 3.630 | ppl 12.38 | wps 56202 | ups 4 | wpb 13138.522 | bsz 1073.943 | num_updates 5771 | lr 0.000832539 | gnorm 0.300 | clip 1.000 | oom 0.000 | loss_scale 16.000 | wall 1357 | train_wall 1045
| epoch 011 | valid on 'valid' subset | loss 8.613 | nll_loss 6.707 | ppl 104.45 | num_updates 5771 | best_loss 8.61312
| epoch 012 | loss 5.953 | nll_loss 3.521 | ppl 11.48 | wps 55602 | ups 4 | wpb 13138.522 | bsz 1073.943 | num_updates 6296 | lr 0.000797072 | gnorm 0.285 | clip 1.000 | oom 0.000 | loss_scale 16.000 | wall 1482 | train_wall 1141
| epoch 012 | valid on 'valid' subset | loss 8.552 | nll_loss 6.641 | ppl 99.8 | num_updates 6296 | best_loss 8.55201
| epoch 013 | loss 5.884 | nll_loss 3.431 | ppl 10.79 | wps 55720 | ups 4 | wpb 13138.522 | bsz 1073.943 | num_updates 6821 | lr 0.000765783 | gnorm 0.279 | clip 1.000 | oom 0.000 | loss_scale 16.000 | wall 1606 | train_wall 1238
| epoch 013 | valid on 'valid' subset | loss 8.537 | nll_loss 6.603 | ppl 97.22 | num_updates 6821 | best_loss 8.53685
| epoch 014 | loss 5.825 | nll_loss 3.357 | ppl 10.24 | wps 55544 | ups 4 | wpb 13138.522 | bsz 1073.943 | num_updates 7346 | lr 0.000737912 | gnorm 0.270 | clip 1.000 | oom 0.000 | loss_scale 16.000 | wall 1731 | train_wall 1334
| epoch 014 | valid on 'valid' subset | loss 8.467 | nll_loss 6.543 | ppl 93.22 | num_updates 7346 | best_loss 8.46732
| epoch 015 | loss 5.774 | nll_loss 3.292 | ppl 9.79 | wps 55876 | ups 4 | wpb 13138.522 | bsz 1073.943 | num_updates 7871 | lr 0.000712878 | gnorm 0.266 | clip 1.000 | oom 0.000 | loss_scale 16.000 | wall 1855 | train_wall 1431
| epoch 015 | valid on 'valid' subset | loss 8.424 | nll_loss 6.480 | ppl 89.29 | num_updates 7871 | best_loss 8.42448
| epoch 016 | loss 5.731 | nll_loss 3.236 | ppl 9.42 | wps 55898 | ups 4 | wpb 13138.522 | bsz 1073.943 | num_updates 8396 | lr 0.00069023 | gnorm 0.262 | clip 1.000 | oom 0.000 | loss_scale 16.000 | wall 1979 | train_wall 1527
| epoch 016 | valid on 'valid' subset | loss 8.410 | nll_loss 6.445 | ppl 87.11 | num_updates 8396 | best_loss 8.40968
| epoch 017 | loss 5.692 | nll_loss 3.186 | ppl 9.1 | wps 55778 | ups 4 | wpb 13138.522 | bsz 1073.943 | num_updates 8921 | lr 0.000669612 | gnorm 0.261 | clip 1.000 | oom 0.000 | loss_scale 32.000 | wall 2104 | train_wall 1624
| epoch 017 | valid on 'valid' subset | loss 8.377 | nll_loss 6.393 | ppl 84.02 | num_updates 8921 | best_loss 8.37746
| WARNING: overflow detected, setting loss scale to: 16.0
| epoch 018 | loss 5.659 | nll_loss 3.144 | ppl 8.84 | wps 56939 | ups 4 | wpb 13138.296 | bsz 1069.809 | num_updates 9445 | lr 0.000650772 | gnorm 0.254 | clip 1.000 | oom 0.000 | loss_scale 16.000 | wall 2225 | train_wall 1718
| epoch 018 | valid on 'valid' subset | loss 8.371 | nll_loss 6.382 | ppl 83.38 | num_updates 9445 | best_loss 8.37141
| epoch 019 | loss 5.627 | nll_loss 3.102 | ppl 8.59 | wps 55247 | ups 4 | wpb 13138.522 | bsz 1073.943 | num_updates 9970 | lr 0.000633406 | gnorm 0.254 | clip 1.000 | oom 0.000 | loss_scale 16.000 | wall 2351 | train_wall 1814
| epoch 019 | valid on 'valid' subset | loss 8.330 | nll_loss 6.340 | ppl 80.99 | num_updates 9970 | best_loss 8.33024
| epoch 020 | loss 5.598 | nll_loss 3.065 | ppl 8.37 | wps 56064 | ups 4 | wpb 13138.522 | bsz 1073.943 | num_updates 10495 | lr 0.00061736 | gnorm 0.248 | clip 1.000 | oom 0.000 | loss_scale 16.000 | wall 2474 | train_wall 1911
| epoch 020 | valid on 'valid' subset | loss 8.330 | nll_loss 6.335 | ppl 80.72 | num_updates 10495 | best_loss 8.33038
| saved checkpoint ./checkpoints/2020-04-07T23-51-04-00-exp25-bpe7500-seed13/checkpoints_en_ne/checkpoint20.pt (epoch 20 @ 10495 updates) (writing took 1.036421298980713 seconds)
| epoch 021 | loss 5.571 | nll_loss 3.031 | ppl 8.17 | wps 56029 | ups 4 | wpb 13138.522 | bsz 1073.943 | num_updates 11020 | lr 0.000602475 | gnorm 0.246 | clip 1.000 | oom 0.000 | loss_scale 16.000 | wall 2599 | train_wall 2005
| epoch 021 | valid on 'valid' subset | loss 8.301 | nll_loss 6.290 | ppl 78.22 | num_updates 11020 | best_loss 8.30121
| epoch 022 | loss 5.546 | nll_loss 2.999 | ppl 8 | wps 56368 | ups 4 | wpb 13138.522 | bsz 1073.943 | num_updates 11545 | lr 0.000588617 | gnorm 0.244 | clip 1.000 | oom 0.000 | loss_scale 16.000 | wall 2722 | train_wall 2100
| epoch 022 | valid on 'valid' subset | loss 8.278 | nll_loss 6.269 | ppl 77.1 | num_updates 11545 | best_loss 8.27818
| epoch 023 | loss 5.525 | nll_loss 2.973 | ppl 7.85 | wps 55970 | ups 4 | wpb 13138.522 | bsz 1073.943 | num_updates 12070 | lr 0.000575674 | gnorm 0.244 | clip 1.000 | oom 0.000 | loss_scale 16.000 | wall 2846 | train_wall 2196
| epoch 023 | valid on 'valid' subset | loss 8.232 | nll_loss 6.218 | ppl 74.42 | num_updates 12070 | best_loss 8.23202
| epoch 024 | loss 5.504 | nll_loss 2.945 | ppl 7.7 | wps 55429 | ups 4 | wpb 13138.522 | bsz 1073.943 | num_updates 12595 | lr 0.000563548 | gnorm 0.244 | clip 1.000 | oom 0.000 | loss_scale 16.000 | wall 2971 | train_wall 2293
| epoch 024 | valid on 'valid' subset | loss 8.235 | nll_loss 6.208 | ppl 73.9 | num_updates 12595 | best_loss 8.23541
| WARNING: overflow detected, setting loss scale to: 16.0
| epoch 025 | loss 5.485 | nll_loss 2.921 | ppl 7.57 | wps 55721 | ups 4 | wpb 13137.277 | bsz 1068.969 | num_updates 13119 | lr 0.000552179 | gnorm 0.242 | clip 1.000 | oom 0.000 | loss_scale 16.000 | wall 3096 | train_wall 2389
| epoch 025 | valid on 'valid' subset | loss 8.242 | nll_loss 6.208 | ppl 73.93 | num_updates 13119 | best_loss 8.24233
| epoch 026 | loss 5.466 | nll_loss 2.897 | ppl 7.45 | wps 56626 | ups 4 | wpb 13138.522 | bsz 1073.943 | num_updates 13644 | lr 0.000541451 | gnorm 0.242 | clip 1.000 | oom 0.000 | loss_scale 16.000 | wall 3218 | train_wall 2484
| epoch 026 | valid on 'valid' subset | loss 8.198 | nll_loss 6.171 | ppl 72.05 | num_updates 13644 | best_loss 8.19788
| epoch 027 | loss 5.449 | nll_loss 2.874 | ppl 7.33 | wps 56961 | ups 4 | wpb 13138.522 | bsz 1073.943 | num_updates 14169 | lr 0.000531325 | gnorm 0.239 | clip 1.000 | oom 0.000 | loss_scale 16.000 | wall 3340 | train_wall 2578
| epoch 027 | valid on 'valid' subset | loss 8.195 | nll_loss 6.153 | ppl 71.17 | num_updates 14169 | best_loss 8.19464
| epoch 028 | loss 5.433 | nll_loss 2.854 | ppl 7.23 | wps 56117 | ups 4 | wpb 13138.522 | bsz 1073.943 | num_updates 14694 | lr 0.000521747 | gnorm 0.241 | clip 1.000 | oom 0.000 | loss_scale 16.000 | wall 3463 | train_wall 2673
| epoch 028 | valid on 'valid' subset | loss 8.184 | nll_loss 6.140 | ppl 70.52 | num_updates 14694 | best_loss 8.18373
| epoch 029 | loss 5.418 | nll_loss 2.835 | ppl 7.14 | wps 55730 | ups 4 | wpb 13138.522 | bsz 1073.943 | num_updates 15219 | lr 0.000512669 | gnorm 0.238 | clip 1.000 | oom 0.000 | loss_scale 16.000 | wall 3588 | train_wall 2769
| epoch 029 | valid on 'valid' subset | loss 8.188 | nll_loss 6.141 | ppl 70.57 | num_updates 15219 | best_loss 8.18832
| epoch 030 | loss 5.403 | nll_loss 2.815 | ppl 7.04 | wps 55662 | ups 4 | wpb 13138.522 | bsz 1073.943 | num_updates 15744 | lr 0.000504049 | gnorm 0.237 | clip 1.000 | oom 0.000 | loss_scale 16.000 | wall 3712 | train_wall 2866
| epoch 030 | valid on 'valid' subset | loss 8.177 | nll_loss 6.129 | ppl 69.97 | num_updates 15744 | best_loss 8.17681
| saved checkpoint ./checkpoints/2020-04-07T23-51-04-00-exp25-bpe7500-seed13/checkpoints_en_ne/checkpoint30.pt (epoch 30 @ 15744 updates) (writing took 1.0325474739074707 seconds)
| epoch 031 | loss 5.391 | nll_loss 2.800 | ppl 6.97 | wps 56394 | ups 4 | wpb 13138.522 | bsz 1073.943 | num_updates 16269 | lr 0.000495849 | gnorm 0.239 | clip 1.000 | oom 0.000 | loss_scale 16.000 | wall 3836 | train_wall 2960
| epoch 031 | valid on 'valid' subset | loss 8.163 | nll_loss 6.113 | ppl 69.24 | num_updates 16269 | best_loss 8.16261
| epoch 032 | loss 5.377 | nll_loss 2.783 | ppl 6.88 | wps 55544 | ups 4 | wpb 13138.522 | bsz 1073.943 | num_updates 16794 | lr 0.000488037 | gnorm 0.237 | clip 1.000 | oom 0.000 | loss_scale 16.000 | wall 3961 | train_wall 3056
| epoch 032 | valid on 'valid' subset | loss 8.115 | nll_loss 6.065 | ppl 66.97 | num_updates 16794 | best_loss 8.11525
| epoch 033 | loss 5.366 | nll_loss 2.768 | ppl 6.81 | wps 55653 | ups 4 | wpb 13138.522 | bsz 1073.943 | num_updates 17319 | lr 0.000480583 | gnorm 0.235 | clip 1.000 | oom 0.000 | loss_scale 32.000 | wall 4086 | train_wall 3153
| epoch 033 | valid on 'valid' subset | loss 8.152 | nll_loss 6.105 | ppl 68.85 | num_updates 17319 | best_loss 8.15189
| epoch 034 | loss 5.354 | nll_loss 2.754 | ppl 6.74 | wps 56278 | ups 4 | wpb 13138.522 | bsz 1073.943 | num_updates 17844 | lr 0.000473461 | gnorm 0.237 | clip 1.000 | oom 0.000 | loss_scale 32.000 | wall 4209 | train_wall 3248
| epoch 034 | valid on 'valid' subset | loss 8.138 | nll_loss 6.094 | ppl 68.3 | num_updates 17844 | best_loss 8.13807
| epoch 035 | loss 5.343 | nll_loss 2.739 | ppl 6.68 | wps 56313 | ups 4 | wpb 13138.522 | bsz 1073.943 | num_updates 18369 | lr 0.000466646 | gnorm 0.235 | clip 1.000 | oom 0.000 | loss_scale 32.000 | wall 4332 | train_wall 3343
| epoch 035 | valid on 'valid' subset | loss 8.127 | nll_loss 6.063 | ppl 66.85 | num_updates 18369 | best_loss 8.1273
| epoch 036 | loss 5.332 | nll_loss 2.726 | ppl 6.62 | wps 56241 | ups 4 | wpb 13138.522 | bsz 1073.943 | num_updates 18894 | lr 0.000460117 | gnorm 0.234 | clip 1.000 | oom 0.000 | loss_scale 32.000 | wall 4456 | train_wall 3438
| epoch 036 | valid on 'valid' subset | loss 8.119 | nll_loss 6.058 | ppl 66.63 | num_updates 18894 | best_loss 8.11935
| epoch 037 | loss 5.322 | nll_loss 2.712 | ppl 6.55 | wps 57729 | ups 4 | wpb 13138.522 | bsz 1073.943 | num_updates 19419 | lr 0.000453854 | gnorm 0.235 | clip 1.000 | oom 0.000 | loss_scale 32.000 | wall 4576 | train_wall 3531
| epoch 037 | valid on 'valid' subset | loss 8.112 | nll_loss 6.041 | ppl 65.84 | num_updates 19419 | best_loss 8.11181
| epoch 038 | loss 5.313 | nll_loss 2.701 | ppl 6.5 | wps 56227 | ups 4 | wpb 13138.522 | bsz 1073.943 | num_updates 19944 | lr 0.000447841 | gnorm 0.237 | clip 1.000 | oom 0.000 | loss_scale 32.000 | wall 4699 | train_wall 3625
| epoch 038 | valid on 'valid' subset | loss 8.094 | nll_loss 6.029 | ppl 65.28 | num_updates 19944 | best_loss 8.09427
| WARNING: overflow detected, setting loss scale to: 16.0
| epoch 039 | loss 5.307 | nll_loss 2.694 | ppl 6.47 | wps 55993 | ups 4 | wpb 13136.115 | bsz 1065.305 | num_updates 20468 | lr 0.000442071 | gnorm 0.234 | clip 1.000 | oom 0.000 | loss_scale 16.000 | wall 4823 | train_wall 3722
| epoch 039 | valid on 'valid' subset | loss 8.108 | nll_loss 6.041 | ppl 65.84 | num_updates 20468 | best_loss 8.10781
| epoch 040 | loss 5.295 | nll_loss 2.678 | ppl 6.4 | wps 55899 | ups 4 | wpb 13138.522 | bsz 1073.943 | num_updates 20993 | lr 0.000436509 | gnorm 0.233 | clip 1.000 | oom 0.000 | loss_scale 16.000 | wall 4947 | train_wall 3818
| epoch 040 | valid on 'valid' subset | loss 8.086 | nll_loss 6.016 | ppl 64.71 | num_updates 20993 | best_loss 8.08585
| saved checkpoint ./checkpoints/2020-04-07T23-51-04-00-exp25-bpe7500-seed13/checkpoints_en_ne/checkpoint40.pt (epoch 40 @ 20993 updates) (writing took 1.0265460014343262 seconds)
| epoch 041 | loss 5.287 | nll_loss 2.668 | ppl 6.36 | wps 56806 | ups 4 | wpb 13138.522 | bsz 1073.943 | num_updates 21518 | lr 0.000431151 | gnorm 0.235 | clip 1.000 | oom 0.000 | loss_scale 16.000 | wall 5070 | train_wall 3912
| epoch 041 | valid on 'valid' subset | loss 8.086 | nll_loss 6.003 | ppl 64.13 | num_updates 21518 | best_loss 8.08585
| epoch 042 | loss 5.279 | nll_loss 2.658 | ppl 6.31 | wps 56439 | ups 4 | wpb 13138.522 | bsz 1073.943 | num_updates 22043 | lr 0.000425985 | gnorm 0.235 | clip 1.000 | oom 0.000 | loss_scale 16.000 | wall 5193 | train_wall 4009
| epoch 042 | valid on 'valid' subset | loss 8.113 | nll_loss 6.038 | ppl 65.72 | num_updates 22043 | best_loss 8.08585
| epoch 043 | loss 5.272 | nll_loss 2.648 | ppl 6.27 | wps 55757 | ups 4 | wpb 13138.522 | bsz 1073.943 | num_updates 22568 | lr 0.000421001 | gnorm 0.234 | clip 1.000 | oom 0.000 | loss_scale 16.000 | wall 5317 | train_wall 4105
| epoch 043 | valid on 'valid' subset | loss 8.137 | nll_loss 6.063 | ppl 66.84 | num_updates 22568 | best_loss 8.08585
| epoch 044 | loss 5.263 | nll_loss 2.637 | ppl 6.22 | wps 55478 | ups 4 | wpb 13138.522 | bsz 1073.943 | num_updates 23093 | lr 0.000416188 | gnorm 0.232 | clip 1.000 | oom 0.000 | loss_scale 16.000 | wall 5442 | train_wall 4202
| epoch 044 | valid on 'valid' subset | loss 8.080 | nll_loss 6.004 | ppl 64.19 | num_updates 23093 | best_loss 8.08039
| epoch 045 | loss 5.256 | nll_loss 2.629 | ppl 6.18 | wps 55853 | ups 4 | wpb 13138.522 | bsz 1073.943 | num_updates 23618 | lr 0.000411537 | gnorm 0.232 | clip 1.000 | oom 0.000 | loss_scale 16.000 | wall 5566 | train_wall 4298
| epoch 045 | valid on 'valid' subset | loss 8.078 | nll_loss 5.997 | ppl 63.85 | num_updates 23618 | best_loss 8.07819
| epoch 046 | loss 5.250 | nll_loss 2.620 | ppl 6.15 | wps 55957 | ups 4 | wpb 13138.522 | bsz 1073.943 | num_updates 24143 | lr 0.000407037 | gnorm 0.234 | clip 1.000 | oom 0.000 | loss_scale 32.000 | wall 5690 | train_wall 4395
| epoch 046 | valid on 'valid' subset | loss 8.071 | nll_loss 5.993 | ppl 63.68 | num_updates 24143 | best_loss 8.07111
| epoch 047 | loss 5.243 | nll_loss 2.612 | ppl 6.11 | wps 57007 | ups 4 | wpb 13138.522 | bsz 1073.943 | num_updates 24668 | lr 0.000402683 | gnorm 0.234 | clip 1.000 | oom 0.000 | loss_scale 32.000 | wall 5812 | train_wall 4489
| epoch 047 | valid on 'valid' subset | loss 8.064 | nll_loss 5.992 | ppl 63.65 | num_updates 24668 | best_loss 8.06365
| epoch 048 | loss 5.237 | nll_loss 2.604 | ppl 6.08 | wps 56912 | ups 4 | wpb 13138.522 | bsz 1073.943 | num_updates 25193 | lr 0.000398465 | gnorm 0.235 | clip 1.000 | oom 0.000 | loss_scale 32.000 | wall 5934 | train_wall 4582
| epoch 048 | valid on 'valid' subset | loss 8.067 | nll_loss 5.994 | ppl 63.75 | num_updates 25193 | best_loss 8.06686
| epoch 049 | loss 5.231 | nll_loss 2.596 | ppl 6.05 | wps 57144 | ups 4 | wpb 13138.522 | bsz 1073.943 | num_updates 25718 | lr 0.000394377 | gnorm 0.234 | clip 1.000 | oom 0.000 | loss_scale 32.000 | wall 6055 | train_wall 4676
| epoch 049 | valid on 'valid' subset | loss 8.077 | nll_loss 5.996 | ppl 63.81 | num_updates 25718 | best_loss 8.07693
| epoch 050 | loss 5.224 | nll_loss 2.588 | ppl 6.01 | wps 57071 | ups 4 | wpb 13138.522 | bsz 1073.943 | num_updates 26243 | lr 0.000390412 | gnorm 0.234 | clip 1.000 | oom 0.000 | loss_scale 32.000 | wall 6177 | train_wall 4769
| epoch 050 | valid on 'valid' subset | loss 8.068 | nll_loss 5.986 | ppl 63.4 | num_updates 26243 | best_loss 8.06845
| saved checkpoint ./checkpoints/2020-04-07T23-51-04-00-exp25-bpe7500-seed13/checkpoints_en_ne/checkpoint50.pt (epoch 50 @ 26243 updates) (writing took 1.028923511505127 seconds)
| epoch 051 | loss 5.218 | nll_loss 2.580 | ppl 5.98 | wps 57348 | ups 4 | wpb 13138.522 | bsz 1073.943 | num_updates 26768 | lr 0.000386565 | gnorm 0.233 | clip 1.000 | oom 0.000 | loss_scale 32.000 | wall 6299 | train_wall 4862
| epoch 051 | valid on 'valid' subset | loss 8.061 | nll_loss 5.980 | ppl 63.12 | num_updates 26768 | best_loss 8.06117
| epoch 052 | loss 5.213 | nll_loss 2.574 | ppl 5.95 | wps 58334 | ups 4 | wpb 13138.522 | bsz 1073.943 | num_updates 27293 | lr 0.000382829 | gnorm 0.235 | clip 1.000 | oom 0.000 | loss_scale 32.000 | wall 6418 | train_wall 4956
| epoch 052 | valid on 'valid' subset | loss 8.036 | nll_loss 5.956 | ppl 62.07 | num_updates 27293 | best_loss 8.03642
| epoch 053 | loss 5.207 | nll_loss 2.566 | ppl 5.92 | wps 57091 | ups 4 | wpb 13138.522 | bsz 1073.943 | num_updates 27818 | lr 0.000379199 | gnorm 0.235 | clip 1.000 | oom 0.000 | loss_scale 32.000 | wall 6539 | train_wall 5050
| epoch 053 | valid on 'valid' subset | loss 8.049 | nll_loss 5.971 | ppl 62.74 | num_updates 27818 | best_loss 8.04876
| WARNING: overflow detected, setting loss scale to: 32.0
| epoch 054 | loss 5.202 | nll_loss 2.559 | ppl 5.89 | wps 55497 | ups 4 | wpb 13139.884 | bsz 1070.008 | num_updates 28342 | lr 0.000375677 | gnorm 0.233 | clip 1.000 | oom 0.000 | loss_scale 32.000 | wall 6664 | train_wall 5146
| epoch 054 | valid on 'valid' subset | loss 8.057 | nll_loss 5.971 | ppl 62.71 | num_updates 28342 | best_loss 8.05745
| WARNING: overflow detected, setting loss scale to: 16.0
| epoch 055 | loss 5.198 | nll_loss 2.554 | ppl 5.87 | wps 56347 | ups 4 | wpb 13135.376 | bsz 1074.084 | num_updates 28866 | lr 0.000372252 | gnorm 0.233 | clip 1.000 | oom 0.000 | loss_scale 16.000 | wall 6787 | train_wall 5241
| epoch 055 | valid on 'valid' subset | loss 8.061 | nll_loss 5.983 | ppl 63.25 | num_updates 28866 | best_loss 8.06072
| epoch 056 | loss 5.191 | nll_loss 2.546 | ppl 5.84 | wps 56328 | ups 4 | wpb 13138.522 | bsz 1073.943 | num_updates 29391 | lr 0.000368912 | gnorm 0.234 | clip 1.000 | oom 0.000 | loss_scale 16.000 | wall 6910 | train_wall 5337
| epoch 056 | valid on 'valid' subset | loss 8.061 | nll_loss 5.983 | ppl 63.24 | num_updates 29391 | best_loss 8.06093
| epoch 057 | loss 5.186 | nll_loss 2.540 | ppl 5.81 | wps 55977 | ups 4 | wpb 13138.522 | bsz 1073.943 | num_updates 29916 | lr 0.000365661 | gnorm 0.233 | clip 1.000 | oom 0.000 | loss_scale 16.000 | wall 7034 | train_wall 5434
| epoch 057 | valid on 'valid' subset | loss 8.055 | nll_loss 5.973 | ppl 62.82 | num_updates 29916 | best_loss 8.05486
| epoch 058 | loss 5.182 | nll_loss 2.533 | ppl 5.79 | wps 56699 | ups 4 | wpb 13138.522 | bsz 1073.943 | num_updates 30441 | lr 0.000362494 | gnorm 0.236 | clip 1.000 | oom 0.000 | loss_scale 16.000 | wall 7156 | train_wall 5530
| epoch 058 | valid on 'valid' subset | loss 8.029 | nll_loss 5.954 | ppl 61.99 | num_updates 30441 | best_loss 8.02899
| epoch 059 | loss 5.178 | nll_loss 2.529 | ppl 5.77 | wps 55478 | ups 4 | wpb 13138.522 | bsz 1073.943 | num_updates 30966 | lr 0.000359408 | gnorm 0.232 | clip 1.000 | oom 0.000 | loss_scale 16.000 | wall 7281 | train_wall 5626
| epoch 059 | valid on 'valid' subset | loss 8.070 | nll_loss 5.989 | ppl 63.51 | num_updates 30966 | best_loss 8.06845
| epoch 060 | loss 5.173 | nll_loss 2.523 | ppl 5.75 | wps 55871 | ups 4 | wpb 13138.522 | bsz 1073.943 | num_updates 31491 | lr 0.000356399 | gnorm 0.234 | clip 1.000 | oom 0.000 | loss_scale 16.000 | wall 7405 | train_wall 5723
| epoch 060 | valid on 'valid' subset | loss 8.030 | nll_loss 5.950 | ppl 61.84 | num_updates 31491 | best_loss 8.03037
| saved checkpoint ./checkpoints/2020-04-07T23-51-04-00-exp25-bpe7500-seed13/checkpoints_en_ne/checkpoint60.pt (epoch 60 @ 31491 updates) (writing took 1.0249991416931152 seconds)
| epoch 061 | loss 5.169 | nll_loss 2.517 | ppl 5.72 | wps 56251 | ups 4 | wpb 13138.522 | bsz 1073.943 | num_updates 32016 | lr 0.000353465 | gnorm 0.236 | clip 1.000 | oom 0.000 | loss_scale 16.000 | wall 7530 | train_wall 5817
| epoch 061 | valid on 'valid' subset | loss 8.042 | nll_loss 5.955 | ppl 62.04 | num_updates 32016 | best_loss 8.03037
| epoch 062 | loss 5.165 | nll_loss 2.512 | ppl 5.7 | wps 55896 | ups 4 | wpb 13138.522 | bsz 1073.943 | num_updates 32541 | lr 0.000350602 | gnorm 0.239 | clip 1.000 | oom 0.000 | loss_scale 16.000 | wall 7654 | train_wall 5914
| epoch 062 | valid on 'valid' subset | loss 8.035 | nll_loss 5.952 | ppl 61.89 | num_updates 32541 | best_loss 8.03037
| epoch 063 | loss 5.160 | nll_loss 2.505 | ppl 5.68 | wps 56009 | ups 4 | wpb 13138.522 | bsz 1073.943 | num_updates 33066 | lr 0.000347808 | gnorm 0.234 | clip 1.000 | oom 0.000 | loss_scale 32.000 | wall 7778 | train_wall 6010
| epoch 063 | valid on 'valid' subset | loss 8.032 | nll_loss 5.950 | ppl 61.8 | num_updates 33066 | best_loss 8.03037
| WARNING: overflow detected, setting loss scale to: 16.0
| epoch 064 | loss 5.157 | nll_loss 2.501 | ppl 5.66 | wps 56192 | ups 4 | wpb 13142.519 | bsz 1071.214 | num_updates 33590 | lr 0.000345084 | gnorm 0.238 | clip 1.000 | oom 0.000 | loss_scale 16.000 | wall 7901 | train_wall 6107
| epoch 064 | valid on 'valid' subset | loss 8.053 | nll_loss 5.968 | ppl 62.61 | num_updates 33590 | best_loss 8.03037
| epoch 065 | loss 5.152 | nll_loss 2.496 | ppl 5.64 | wps 55756 | ups 4 | wpb 13138.522 | bsz 1073.943 | num_updates 34115 | lr 0.000342419 | gnorm 0.235 | clip 1.000 | oom 0.000 | loss_scale 16.000 | wall 8025 | train_wall 6203
| epoch 065 | valid on 'valid' subset | loss 8.026 | nll_loss 5.943 | ppl 61.52 | num_updates 34115 | best_loss 8.0257
| epoch 066 | loss 5.147 | nll_loss 2.489 | ppl 5.62 | wps 55842 | ups 4 | wpb 13138.522 | bsz 1073.943 | num_updates 34640 | lr 0.000339814 | gnorm 0.235 | clip 1.000 | oom 0.000 | loss_scale 16.000 | wall 8149 | train_wall 6300
| epoch 066 | valid on 'valid' subset | loss 8.017 | nll_loss 5.934 | ppl 61.13 | num_updates 34640 | best_loss 8.0167
| epoch 067 | loss 5.143 | nll_loss 2.484 | ppl 5.6 | wps 56846 | ups 4 | wpb 13138.522 | bsz 1073.943 | num_updates 35165 | lr 0.000337268 | gnorm 0.235 | clip 1.000 | oom 0.000 | loss_scale 16.000 | wall 8271 | train_wall 6394
| epoch 067 | valid on 'valid' subset | loss 8.007 | nll_loss 5.925 | ppl 60.74 | num_updates 35165 | best_loss 8.00747
| epoch 068 | loss 5.140 | nll_loss 2.480 | ppl 5.58 | wps 56045 | ups 4 | wpb 13138.522 | bsz 1073.943 | num_updates 35690 | lr 0.000334778 | gnorm 0.236 | clip 1.000 | oom 0.000 | loss_scale 16.000 | wall 8395 | train_wall 6490
| epoch 068 | valid on 'valid' subset | loss 8.008 | nll_loss 5.920 | ppl 60.56 | num_updates 35690 | best_loss 8.0081
| epoch 069 | loss 5.137 | nll_loss 2.476 | ppl 5.56 | wps 55783 | ups 4 | wpb 13138.522 | bsz 1073.943 | num_updates 36215 | lr 0.000332342 | gnorm 0.236 | clip 1.000 | oom 0.000 | loss_scale 16.000 | wall 8519 | train_wall 6586
| epoch 069 | valid on 'valid' subset | loss 8.038 | nll_loss 5.955 | ppl 62.02 | num_updates 36215 | best_loss 8.03037
| epoch 070 | loss 5.132 | nll_loss 2.470 | ppl 5.54 | wps 55957 | ups 4 | wpb 13138.522 | bsz 1073.943 | num_updates 36740 | lr 0.000329959 | gnorm 0.240 | clip 1.000 | oom 0.000 | loss_scale 16.000 | wall 8643 | train_wall 6682
| epoch 070 | valid on 'valid' subset | loss 8.021 | nll_loss 5.936 | ppl 61.22 | num_updates 36740 | best_loss 8.02112
| saved checkpoint ./checkpoints/2020-04-07T23-51-04-00-exp25-bpe7500-seed13/checkpoints_en_ne/checkpoint70.pt (epoch 70 @ 36740 updates) (writing took 1.0310804843902588 seconds)
| epoch 071 | loss 5.129 | nll_loss 2.466 | ppl 5.53 | wps 56301 | ups 4 | wpb 13138.522 | bsz 1073.943 | num_updates 37265 | lr 0.000327627 | gnorm 0.237 | clip 1.000 | oom 0.000 | loss_scale 16.000 | wall 8768 | train_wall 6779
| epoch 071 | valid on 'valid' subset | loss 8.016 | nll_loss 5.937 | ppl 61.27 | num_updates 37265 | best_loss 8.01552
| epoch 072 | loss 5.126 | nll_loss 2.462 | ppl 5.51 | wps 56135 | ups 4 | wpb 13138.522 | bsz 1073.943 | num_updates 37790 | lr 0.000325343 | gnorm 0.236 | clip 1.000 | oom 0.000 | loss_scale 32.000 | wall 8891 | train_wall 6875
| epoch 072 | valid on 'valid' subset | loss 8.030 | nll_loss 5.945 | ppl 61.6 | num_updates 37790 | best_loss 8.02112
| epoch 073 | loss 5.122 | nll_loss 2.458 | ppl 5.49 | wps 56883 | ups 4 | wpb 13138.522 | bsz 1073.943 | num_updates 38315 | lr 0.000323106 | gnorm 0.235 | clip 1.000 | oom 0.000 | loss_scale 32.000 | wall 9013 | train_wall 6970
| epoch 073 | valid on 'valid' subset | loss 7.982 | nll_loss 5.888 | ppl 59.21 | num_updates 38315 | best_loss 7.98231
| WARNING: overflow detected, setting loss scale to: 16.0
| epoch 074 | loss 5.119 | nll_loss 2.453 | ppl 5.47 | wps 55563 | ups 4 | wpb 13137.693 | bsz 1074.740 | num_updates 38839 | lr 0.000320919 | gnorm 0.237 | clip 1.000 | oom 0.000 | loss_scale 16.000 | wall 9138 | train_wall 7066
| epoch 074 | valid on 'valid' subset | loss 8.006 | nll_loss 5.916 | ppl 60.39 | num_updates 38839 | best_loss 8.0057
| epoch 075 | loss 5.116 | nll_loss 2.450 | ppl 5.46 | wps 56042 | ups 4 | wpb 13138.522 | bsz 1073.943 | num_updates 39364 | lr 0.000318772 | gnorm 0.236 | clip 1.000 | oom 0.000 | loss_scale 16.000 | wall 9261 | train_wall 7162
| epoch 075 | valid on 'valid' subset | loss 7.996 | nll_loss 5.907 | ppl 59.99 | num_updates 39364 | best_loss 7.99599
| epoch 076 | loss 5.113 | nll_loss 2.445 | ppl 5.45 | wps 57274 | ups 4 | wpb 13138.522 | bsz 1073.943 | num_updates 39889 | lr 0.000316667 | gnorm 0.239 | clip 1.000 | oom 0.000 | loss_scale 16.000 | wall 9382 | train_wall 7256
| epoch 076 | valid on 'valid' subset | loss 7.988 | nll_loss 5.900 | ppl 59.7 | num_updates 39889 | best_loss 7.98807
| epoch 077 | loss 5.110 | nll_loss 2.442 | ppl 5.43 | wps 57174 | ups 4 | wpb 13138.522 | bsz 1073.943 | num_updates 40414 | lr 0.000314604 | gnorm 0.240 | clip 1.000 | oom 0.000 | loss_scale 16.000 | wall 9504 | train_wall 7349
| epoch 077 | valid on 'valid' subset | loss 8.015 | nll_loss 5.923 | ppl 60.69 | num_updates 40414 | best_loss 8.01466
| epoch 078 | loss 5.106 | nll_loss 2.437 | ppl 5.42 | wps 55875 | ups 4 | wpb 13138.522 | bsz 1073.943 | num_updates 40939 | lr 0.00031258 | gnorm 0.237 | clip 1.000 | oom 0.000 | loss_scale 16.000 | wall 9628 | train_wall 7446
| epoch 078 | valid on 'valid' subset | loss 8.014 | nll_loss 5.931 | ppl 61 | num_updates 40939 | best_loss 8.0142
| epoch 079 | loss 5.103 | nll_loss 2.433 | ppl 5.4 | wps 57244 | ups 4 | wpb 13138.522 | bsz 1073.943 | num_updates 41464 | lr 0.000310595 | gnorm 0.238 | clip 1.000 | oom 0.000 | loss_scale 16.000 | wall 9749 | train_wall 7539
| epoch 079 | valid on 'valid' subset | loss 8.006 | nll_loss 5.922 | ppl 60.65 | num_updates 41464 | best_loss 8.00595
| epoch 080 | loss 5.100 | nll_loss 2.429 | ppl 5.38 | wps 56235 | ups 4 | wpb 13138.522 | bsz 1073.943 | num_updates 41989 | lr 0.000308647 | gnorm 0.238 | clip 1.000 | oom 0.000 | loss_scale 16.000 | wall 9872 | train_wall 7634
| epoch 080 | valid on 'valid' subset | loss 7.983 | nll_loss 5.894 | ppl 59.49 | num_updates 41989 | best_loss 7.98276
| saved checkpoint ./checkpoints/2020-04-07T23-51-04-00-exp25-bpe7500-seed13/checkpoints_en_ne/checkpoint80.pt (epoch 80 @ 41989 updates) (writing took 1.0254147052764893 seconds)
| epoch 081 | loss 5.097 | nll_loss 2.426 | ppl 5.37 | wps 56674 | ups 4 | wpb 13138.522 | bsz 1073.943 | num_updates 42514 | lr 0.000306735 | gnorm 0.239 | clip 1.000 | oom 0.000 | loss_scale 16.000 | wall 9996 | train_wall 7729
| epoch 081 | valid on 'valid' subset | loss 7.994 | nll_loss 5.899 | ppl 59.68 | num_updates 42514 | best_loss 7.98276
| epoch 082 | loss 5.093 | nll_loss 2.421 | ppl 5.35 | wps 56559 | ups 4 | wpb 13138.522 | bsz 1073.943 | num_updates 43039 | lr 0.000304859 | gnorm 0.238 | clip 1.000 | oom 0.000 | loss_scale 32.000 | wall 10118 | train_wall 7823
| epoch 082 | valid on 'valid' subset | loss 8.020 | nll_loss 5.936 | ppl 61.22 | num_updates 43039 | best_loss 7.98276
| WARNING: overflow detected, setting loss scale to: 16.0
| epoch 083 | loss 5.092 | nll_loss 2.418 | ppl 5.34 | wps 55751 | ups 4 | wpb 13137.468 | bsz 1073.947 | num_updates 43563 | lr 0.00030302 | gnorm 0.240 | clip 1.000 | oom 0.000 | loss_scale 16.000 | wall 10243 | train_wall 7919
| epoch 083 | valid on 'valid' subset | loss 7.986 | nll_loss 5.890 | ppl 59.29 | num_updates 43563 | best_loss 7.98276
| epoch 084 | loss 5.089 | nll_loss 2.415 | ppl 5.33 | wps 56253 | ups 4 | wpb 13138.522 | bsz 1073.943 | num_updates 44088 | lr 0.00030121 | gnorm 0.238 | clip 1.000 | oom 0.000 | loss_scale 16.000 | wall 10366 | train_wall 8014
| epoch 084 | valid on 'valid' subset | loss 8.020 | nll_loss 5.927 | ppl 60.82 | num_updates 44088 | best_loss 7.98276
| epoch 085 | loss 5.086 | nll_loss 2.411 | ppl 5.32 | wps 56095 | ups 4 | wpb 13138.522 | bsz 1073.943 | num_updates 44613 | lr 0.000299433 | gnorm 0.238 | clip 1.000 | oom 0.000 | loss_scale 16.000 | wall 10489 | train_wall 8109
| epoch 085 | valid on 'valid' subset | loss 7.998 | nll_loss 5.910 | ppl 60.15 | num_updates 44613 | best_loss 7.98276
| epoch 086 | loss 5.083 | nll_loss 2.408 | ppl 5.31 | wps 55826 | ups 4 | wpb 13138.522 | bsz 1073.943 | num_updates 45138 | lr 0.000297686 | gnorm 0.239 | clip 1.000 | oom 0.000 | loss_scale 16.000 | wall 10614 | train_wall 8205
| epoch 086 | valid on 'valid' subset | loss 7.975 | nll_loss 5.880 | ppl 58.89 | num_updates 45138 | best_loss 7.97517
| epoch 087 | loss 5.081 | nll_loss 2.404 | ppl 5.29 | wps 55248 | ups 4 | wpb 13138.522 | bsz 1073.943 | num_updates 45663 | lr 0.00029597 | gnorm 0.240 | clip 1.000 | oom 0.000 | loss_scale 16.000 | wall 10739 | train_wall 8302
| epoch 087 | valid on 'valid' subset | loss 7.970 | nll_loss 5.879 | ppl 58.86 | num_updates 45663 | best_loss 7.97038
| epoch 088 | loss 5.079 | nll_loss 2.402 | ppl 5.29 | wps 56763 | ups 4 | wpb 13138.522 | bsz 1073.943 | num_updates 46188 | lr 0.000294283 | gnorm 0.239 | clip 1.000 | oom 0.000 | loss_scale 16.000 | wall 10861 | train_wall 8396
| epoch 088 | valid on 'valid' subset | loss 8.012 | nll_loss 5.918 | ppl 60.48 | num_updates 46188 | best_loss 7.98276
| epoch 089 | loss 5.076 | nll_loss 2.399 | ppl 5.27 | wps 55993 | ups 4 | wpb 13138.522 | bsz 1073.943 | num_updates 46713 | lr 0.000292625 | gnorm 0.242 | clip 1.000 | oom 0.000 | loss_scale 16.000 | wall 10985 | train_wall 8492
| epoch 089 | valid on 'valid' subset | loss 7.994 | nll_loss 5.914 | ppl 60.3 | num_updates 46713 | best_loss 7.98276
| WARNING: overflow detected, setting loss scale to: 8.0
| epoch 090 | loss 5.073 | nll_loss 2.394 | ppl 5.26 | wps 56275 | ups 4 | wpb 13137.496 | bsz 1074.511 | num_updates 47237 | lr 0.000290997 | gnorm 0.241 | clip 1.000 | oom 0.000 | loss_scale 8.000 | wall 11108 | train_wall 8586
| epoch 090 | valid on 'valid' subset | loss 7.984 | nll_loss 5.894 | ppl 59.45 | num_updates 47237 | best_loss 7.98276
| saved checkpoint ./checkpoints/2020-04-07T23-51-04-00-exp25-bpe7500-seed13/checkpoints_en_ne/checkpoint90.pt (epoch 90 @ 47237 updates) (writing took 0.6556985378265381 seconds)
| epoch 091 | loss 5.070 | nll_loss 2.391 | ppl 5.24 | wps 56556 | ups 4 | wpb 13138.522 | bsz 1073.943 | num_updates 47762 | lr 0.000289393 | gnorm 0.245 | clip 1.000 | oom 0.000 | loss_scale 8.000 | wall 11231 | train_wall 8681
| epoch 091 | valid on 'valid' subset | loss 7.992 | nll_loss 5.908 | ppl 60.03 | num_updates 47762 | best_loss 7.98276
| epoch 092 | loss 5.069 | nll_loss 2.389 | ppl 5.24 | wps 55821 | ups 4 | wpb 13138.522 | bsz 1073.943 | num_updates 48287 | lr 0.000287816 | gnorm 0.241 | clip 1.000 | oom 0.000 | loss_scale 8.000 | wall 11356 | train_wall 8776
| epoch 092 | valid on 'valid' subset | loss 7.976 | nll_loss 5.883 | ppl 59.03 | num_updates 48287 | best_loss 7.97575
| epoch 093 | loss 5.066 | nll_loss 2.385 | ppl 5.22 | wps 55527 | ups 4 | wpb 13138.522 | bsz 1073.943 | num_updates 48812 | lr 0.000286264 | gnorm 0.240 | clip 1.000 | oom 0.000 | loss_scale 8.000 | wall 11481 | train_wall 8873
| epoch 093 | valid on 'valid' subset | loss 7.988 | nll_loss 5.900 | ppl 59.73 | num_updates 48812 | best_loss 7.98276
| epoch 094 | loss 5.063 | nll_loss 2.382 | ppl 5.21 | wps 56006 | ups 4 | wpb 13138.522 | bsz 1073.943 | num_updates 49337 | lr 0.000284737 | gnorm 0.240 | clip 1.000 | oom 0.000 | loss_scale 8.000 | wall 11604 | train_wall 8968
| epoch 094 | valid on 'valid' subset | loss 7.987 | nll_loss 5.905 | ppl 59.92 | num_updates 49337 | best_loss 7.98276
| epoch 095 | loss 5.061 | nll_loss 2.379 | ppl 5.2 | wps 55398 | ups 4 | wpb 13138.522 | bsz 1073.943 | num_updates 49862 | lr 0.000283234 | gnorm 0.241 | clip 1.000 | oom 0.000 | loss_scale 8.000 | wall 11730 | train_wall 9065
| epoch 095 | valid on 'valid' subset | loss 7.988 | nll_loss 5.899 | ppl 59.69 | num_updates 49862 | best_loss 7.98276
| epoch 096 | loss 5.059 | nll_loss 2.377 | ppl 5.19 | wps 55982 | ups 4 | wpb 13138.522 | bsz 1073.943 | num_updates 50387 | lr 0.000281754 | gnorm 0.241 | clip 1.000 | oom 0.000 | loss_scale 8.000 | wall 11854 | train_wall 9160
| epoch 096 | valid on 'valid' subset | loss 7.995 | nll_loss 5.905 | ppl 59.93 | num_updates 50387 | best_loss 7.98276
| epoch 097 | loss 5.056 | nll_loss 2.373 | ppl 5.18 | wps 56194 | ups 4 | wpb 13138.522 | bsz 1073.943 | num_updates 50912 | lr 0.000280298 | gnorm 0.245 | clip 1.000 | oom 0.000 | loss_scale 8.000 | wall 11977 | train_wall 9256
| epoch 097 | valid on 'valid' subset | loss 7.978 | nll_loss 5.888 | ppl 59.2 | num_updates 50912 | best_loss 7.97792
| epoch 098 | loss 5.054 | nll_loss 2.370 | ppl 5.17 | wps 56131 | ups 4 | wpb 13138.522 | bsz 1073.943 | num_updates 51437 | lr 0.000278864 | gnorm 0.242 | clip 1.000 | oom 0.000 | loss_scale 16.000 | wall 12101 | train_wall 9351
| epoch 098 | valid on 'valid' subset | loss 7.987 | nll_loss 5.891 | ppl 59.33 | num_updates 51437 | best_loss 7.98276
| epoch 099 | loss 5.053 | nll_loss 2.368 | ppl 5.16 | wps 56161 | ups 4 | wpb 13138.522 | bsz 1073.943 | num_updates 51962 | lr 0.000277451 | gnorm 0.242 | clip 1.000 | oom 0.000 | loss_scale 16.000 | wall 12224 | train_wall 9447
| epoch 099 | valid on 'valid' subset | loss 7.976 | nll_loss 5.887 | ppl 59.2 | num_updates 51962 | best_loss 7.97578
| epoch 100 | loss 5.049 | nll_loss 2.364 | ppl 5.15 | wps 56561 | ups 4 | wpb 13138.522 | bsz 1073.943 | num_updates 52487 | lr 0.00027606 | gnorm 0.243 | clip 1.000 | oom 0.000 | loss_scale 16.000 | wall 12347 | train_wall 9544
| epoch 100 | valid on 'valid' subset | loss 7.961 | nll_loss 5.870 | ppl 58.49 | num_updates 52487 | best_loss 7.96103
| saved checkpoint ./checkpoints/2020-04-07T23-51-04-00-exp25-bpe7500-seed13/checkpoints_en_ne/checkpoint100.pt (epoch 100 @ 52487 updates) (writing took 1.057990312576294 seconds)
| done training in 12343.6 seconds
Done training.
Time at end: Wed Apr 8 06:44:01 EDT 2020
