================ FLORES BASELINE WITH CLIP_NORM=0.1 AND SEED=18  ================
About to train the supervised for the following language pair: SI-EN
Checkpoint directory unset! Setting to default value...
CHECKPOINT_DIR is set to './checkpoints/2020-03-22T17-57-04-00/checkpoints_si_en'
Creating checkpoint directory if it doesn't exist...
Data folder is: data-bin/wiki_si_en_bpe5000/
Beginning training...
Time at beginning: Mon Mar 23 01:16:39 EDT 2020
Namespace(activation_dropout=0.2, activation_fn='relu', adam_betas='(0.9, 0.98)', adam_eps=1e-08, adaptive_input=False, adaptive_softmax_cutoff=None, adaptive_softmax_dropout=0, arch='transformer', attention_dropout=0.2, best_checkpoint_metric='loss', bpe=None, bucket_cap_mb=25, clip_norm=0.1, cpu=False, criterion='label_smoothed_cross_entropy', cross_self_attention=False, curriculum=0, data='data-bin/wiki_si_en_bpe5000/', dataset_impl=None, ddp_backend='c10d', decoder_attention_heads=2, decoder_embed_dim=512, decoder_embed_path=None, decoder_ffn_embed_dim=2048, decoder_input_dim=512, decoder_layerdrop=0, decoder_layers=5, decoder_layers_to_keep=None, decoder_learned_pos=False, decoder_normalize_before=True, decoder_output_dim=512, device_id=0, disable_validation=False, distributed_backend='nccl', distributed_init_method=None, distributed_no_spawn=False, distributed_port=-1, distributed_rank=0, distributed_world_size=1, dropout=0.4, empty_cache_freq=0, encoder_attention_heads=2, encoder_embed_dim=512, encoder_embed_path=None, encoder_ffn_embed_dim=2048, encoder_layerdrop=0, encoder_layers=5, encoder_layers_to_keep=None, encoder_learned_pos=False, encoder_normalize_before=True, fast_stat_sync=False, find_unused_parameters=False, fix_batches_to_gpus=False, fixed_validation_seed=None, fp16=True, fp16_init_scale=128, fp16_scale_tolerance=0.0, fp16_scale_window=None, keep_interval_updates=-1, keep_last_epochs=-1, label_smoothing=0.2, layer_wise_attention=False, layernorm_embedding=False, lazy_load=False, left_pad_source='True', left_pad_target='False', load_alignments=False, log_format=None, log_interval=1000, lr=[0.001], lr_scheduler='inverse_sqrt', max_epoch=100, max_sentences=None, max_sentences_valid=None, max_source_positions=1024, max_target_positions=1024, max_tokens=4000, max_tokens_valid=4000, max_update=0, maximize_best_checkpoint_metric=False, memory_efficient_fp16=False, min_loss_scale=0.0001, min_lr=1e-09, no_cross_attention=False, no_epoch_checkpoints=False, no_last_checkpoints=False, no_progress_bar=False, no_save=False, no_save_optimizer_state=False, no_scale_embedding=False, no_token_positional_embeddings=False, num_workers=1, optimizer='adam', optimizer_overrides='{}', raw_text=False, required_batch_size_multiple=8, reset_dataloader=False, reset_lr_scheduler=False, reset_meters=False, reset_optimizer=False, restore_file='checkpoint_last.pt', save_dir='./checkpoints/2020-03-22T17-57-04-00/checkpoints_si_en', save_interval=10, save_interval_updates=0, seed=18, sentence_avg=False, share_all_embeddings=True, share_decoder_input_output_embed=False, skip_invalid_size_inputs_valid_test=False, source_lang='si', target_lang='en', task='translation', tensorboard_logdir='', threshold_loss_scale=None, tokenizer=None, train_subset='train', truncate_source=False, update_freq=[4], upsample_primary=1, use_bmuf=False, user_dir=None, valid_subset='valid', validate_interval=1, warmup_init_lr=1e-07, warmup_updates=4000, weight_decay=0.0001)
| [si] dictionary: 4976 types
| [en] dictionary: 4976 types
| loaded 2898 examples from: data-bin/wiki_si_en_bpe5000/valid.si-en.si
| loaded 2898 examples from: data-bin/wiki_si_en_bpe5000/valid.si-en.en
| data-bin/wiki_si_en_bpe5000/ valid si-en 2898 examples
TransformerModel(
  (encoder): TransformerEncoder(
    (embed_tokens): Embedding(4976, 512, padding_idx=1)
    (embed_positions): SinusoidalPositionalEmbedding()
    (layers): ModuleList(
      (0): TransformerEncoderLayer(
        (self_attn): MultiheadAttention(
          (k_proj): Linear(in_features=512, out_features=512, bias=True)
          (v_proj): Linear(in_features=512, out_features=512, bias=True)
          (q_proj): Linear(in_features=512, out_features=512, bias=True)
          (out_proj): Linear(in_features=512, out_features=512, bias=True)
        )
        (self_attn_layer_norm): LayerNorm((512,), eps=1e-05, elementwise_affine=True)
        (fc1): Linear(in_features=512, out_features=2048, bias=True)
        (fc2): Linear(in_features=2048, out_features=512, bias=True)
        (final_layer_norm): LayerNorm((512,), eps=1e-05, elementwise_affine=True)
      )
      (1): TransformerEncoderLayer(
        (self_attn): MultiheadAttention(
          (k_proj): Linear(in_features=512, out_features=512, bias=True)
          (v_proj): Linear(in_features=512, out_features=512, bias=True)
          (q_proj): Linear(in_features=512, out_features=512, bias=True)
          (out_proj): Linear(in_features=512, out_features=512, bias=True)
        )
        (self_attn_layer_norm): LayerNorm((512,), eps=1e-05, elementwise_affine=True)
        (fc1): Linear(in_features=512, out_features=2048, bias=True)
        (fc2): Linear(in_features=2048, out_features=512, bias=True)
        (final_layer_norm): LayerNorm((512,), eps=1e-05, elementwise_affine=True)
      )
      (2): TransformerEncoderLayer(
        (self_attn): MultiheadAttention(
          (k_proj): Linear(in_features=512, out_features=512, bias=True)
          (v_proj): Linear(in_features=512, out_features=512, bias=True)
          (q_proj): Linear(in_features=512, out_features=512, bias=True)
          (out_proj): Linear(in_features=512, out_features=512, bias=True)
        )
        (self_attn_layer_norm): LayerNorm((512,), eps=1e-05, elementwise_affine=True)
        (fc1): Linear(in_features=512, out_features=2048, bias=True)
        (fc2): Linear(in_features=2048, out_features=512, bias=True)
        (final_layer_norm): LayerNorm((512,), eps=1e-05, elementwise_affine=True)
      )
      (3): TransformerEncoderLayer(
        (self_attn): MultiheadAttention(
          (k_proj): Linear(in_features=512, out_features=512, bias=True)
          (v_proj): Linear(in_features=512, out_features=512, bias=True)
          (q_proj): Linear(in_features=512, out_features=512, bias=True)
          (out_proj): Linear(in_features=512, out_features=512, bias=True)
        )
        (self_attn_layer_norm): LayerNorm((512,), eps=1e-05, elementwise_affine=True)
        (fc1): Linear(in_features=512, out_features=2048, bias=True)
        (fc2): Linear(in_features=2048, out_features=512, bias=True)
        (final_layer_norm): LayerNorm((512,), eps=1e-05, elementwise_affine=True)
      )
      (4): TransformerEncoderLayer(
        (self_attn): MultiheadAttention(
          (k_proj): Linear(in_features=512, out_features=512, bias=True)
          (v_proj): Linear(in_features=512, out_features=512, bias=True)
          (q_proj): Linear(in_features=512, out_features=512, bias=True)
          (out_proj): Linear(in_features=512, out_features=512, bias=True)
        )
        (self_attn_layer_norm): LayerNorm((512,), eps=1e-05, elementwise_affine=True)
        (fc1): Linear(in_features=512, out_features=2048, bias=True)
        (fc2): Linear(in_features=2048, out_features=512, bias=True)
        (final_layer_norm): LayerNorm((512,), eps=1e-05, elementwise_affine=True)
      )
    )
    (layer_norm): LayerNorm((512,), eps=1e-05, elementwise_affine=True)
  )
  (decoder): TransformerDecoder(
    (embed_tokens): Embedding(4976, 512, padding_idx=1)
    (embed_positions): SinusoidalPositionalEmbedding()
    (layers): ModuleList(
      (0): TransformerDecoderLayer(
        (self_attn): MultiheadAttention(
          (k_proj): Linear(in_features=512, out_features=512, bias=True)
          (v_proj): Linear(in_features=512, out_features=512, bias=True)
          (q_proj): Linear(in_features=512, out_features=512, bias=True)
          (out_proj): Linear(in_features=512, out_features=512, bias=True)
        )
        (self_attn_layer_norm): LayerNorm((512,), eps=1e-05, elementwise_affine=True)
        (encoder_attn): MultiheadAttention(
          (k_proj): Linear(in_features=512, out_features=512, bias=True)
          (v_proj): Linear(in_features=512, out_features=512, bias=True)
          (q_proj): Linear(in_features=512, out_features=512, bias=True)
          (out_proj): Linear(in_features=512, out_features=512, bias=True)
        )
        (encoder_attn_layer_norm): LayerNorm((512,), eps=1e-05, elementwise_affine=True)
        (fc1): Linear(in_features=512, out_features=2048, bias=True)
        (fc2): Linear(in_features=2048, out_features=512, bias=True)
        (final_layer_norm): LayerNorm((512,), eps=1e-05, elementwise_affine=True)
      )
      (1): TransformerDecoderLayer(
        (self_attn): MultiheadAttention(
          (k_proj): Linear(in_features=512, out_features=512, bias=True)
          (v_proj): Linear(in_features=512, out_features=512, bias=True)
          (q_proj): Linear(in_features=512, out_features=512, bias=True)
          (out_proj): Linear(in_features=512, out_features=512, bias=True)
        )
        (self_attn_layer_norm): LayerNorm((512,), eps=1e-05, elementwise_affine=True)
        (encoder_attn): MultiheadAttention(
          (k_proj): Linear(in_features=512, out_features=512, bias=True)
          (v_proj): Linear(in_features=512, out_features=512, bias=True)
          (q_proj): Linear(in_features=512, out_features=512, bias=True)
          (out_proj): Linear(in_features=512, out_features=512, bias=True)
        )
        (encoder_attn_layer_norm): LayerNorm((512,), eps=1e-05, elementwise_affine=True)
        (fc1): Linear(in_features=512, out_features=2048, bias=True)
        (fc2): Linear(in_features=2048, out_features=512, bias=True)
        (final_layer_norm): LayerNorm((512,), eps=1e-05, elementwise_affine=True)
      )
      (2): TransformerDecoderLayer(
        (self_attn): MultiheadAttention(
          (k_proj): Linear(in_features=512, out_features=512, bias=True)
          (v_proj): Linear(in_features=512, out_features=512, bias=True)
          (q_proj): Linear(in_features=512, out_features=512, bias=True)
          (out_proj): Linear(in_features=512, out_features=512, bias=True)
        )
        (self_attn_layer_norm): LayerNorm((512,), eps=1e-05, elementwise_affine=True)
        (encoder_attn): MultiheadAttention(
          (k_proj): Linear(in_features=512, out_features=512, bias=True)
          (v_proj): Linear(in_features=512, out_features=512, bias=True)
          (q_proj): Linear(in_features=512, out_features=512, bias=True)
          (out_proj): Linear(in_features=512, out_features=512, bias=True)
        )
        (encoder_attn_layer_norm): LayerNorm((512,), eps=1e-05, elementwise_affine=True)
        (fc1): Linear(in_features=512, out_features=2048, bias=True)
        (fc2): Linear(in_features=2048, out_features=512, bias=True)
        (final_layer_norm): LayerNorm((512,), eps=1e-05, elementwise_affine=True)
      )
      (3): TransformerDecoderLayer(
        (self_attn): MultiheadAttention(
          (k_proj): Linear(in_features=512, out_features=512, bias=True)
          (v_proj): Linear(in_features=512, out_features=512, bias=True)
          (q_proj): Linear(in_features=512, out_features=512, bias=True)
          (out_proj): Linear(in_features=512, out_features=512, bias=True)
        )
        (self_attn_layer_norm): LayerNorm((512,), eps=1e-05, elementwise_affine=True)
        (encoder_attn): MultiheadAttention(
          (k_proj): Linear(in_features=512, out_features=512, bias=True)
          (v_proj): Linear(in_features=512, out_features=512, bias=True)
          (q_proj): Linear(in_features=512, out_features=512, bias=True)
          (out_proj): Linear(in_features=512, out_features=512, bias=True)
        )
        (encoder_attn_layer_norm): LayerNorm((512,), eps=1e-05, elementwise_affine=True)
        (fc1): Linear(in_features=512, out_features=2048, bias=True)
        (fc2): Linear(in_features=2048, out_features=512, bias=True)
        (final_layer_norm): LayerNorm((512,), eps=1e-05, elementwise_affine=True)
      )
      (4): TransformerDecoderLayer(
        (self_attn): MultiheadAttention(
          (k_proj): Linear(in_features=512, out_features=512, bias=True)
          (v_proj): Linear(in_features=512, out_features=512, bias=True)
          (q_proj): Linear(in_features=512, out_features=512, bias=True)
          (out_proj): Linear(in_features=512, out_features=512, bias=True)
        )
        (self_attn_layer_norm): LayerNorm((512,), eps=1e-05, elementwise_affine=True)
        (encoder_attn): MultiheadAttention(
          (k_proj): Linear(in_features=512, out_features=512, bias=True)
          (v_proj): Linear(in_features=512, out_features=512, bias=True)
          (q_proj): Linear(in_features=512, out_features=512, bias=True)
          (out_proj): Linear(in_features=512, out_features=512, bias=True)
        )
        (encoder_attn_layer_norm): LayerNorm((512,), eps=1e-05, elementwise_affine=True)
        (fc1): Linear(in_features=512, out_features=2048, bias=True)
        (fc2): Linear(in_features=2048, out_features=512, bias=True)
        (final_layer_norm): LayerNorm((512,), eps=1e-05, elementwise_affine=True)
      )
    )
    (layer_norm): LayerNorm((512,), eps=1e-05, elementwise_affine=True)
  )
)
| model transformer, criterion LabelSmoothedCrossEntropyCriterion
| num. model params: 39331840 (num. trained: 39331840)
| training on 1 GPUs
| max tokens per GPU = 4000 and max sentences per GPU = None
| no existing checkpoint found ./checkpoints/2020-03-22T17-57-04-00/checkpoints_si_en/checkpoint_last.pt
| loading train data for epoch 0
| loaded 404594 examples from: data-bin/wiki_si_en_bpe5000/train.si-en.si
| loaded 404594 examples from: data-bin/wiki_si_en_bpe5000/train.si-en.en
| data-bin/wiki_si_en_bpe5000/ train si-en 404594 examples
| WARNING: overflow detected, setting loss scale to: 64.0
| WARNING: overflow detected, setting loss scale to: 32.0
| WARNING: overflow detected, setting loss scale to: 16.0
| epoch 001 | loss 9.996 | nll_loss 9.090 | ppl 545.09 | wps 58712 | ups 4 | wpb 13995.403 | bsz 980.758 | num_updates 409 | lr 0.00010234 | gnorm 0.780 | clip 1.000 | oom 0.000 | loss_scale 16.000 | wall 97 | train_wall 74
| epoch 001 | valid on 'valid' subset | loss 9.973 | nll_loss 9.017 | ppl 518 | num_updates 409
| epoch 002 | loss 8.328 | nll_loss 6.861 | ppl 116.22 | wps 61299 | ups 4 | wpb 14004.650 | bsz 982.024 | num_updates 821 | lr 0.000205329 | gnorm 0.530 | clip 1.000 | oom 0.000 | loss_scale 16.000 | wall 192 | train_wall 148
| epoch 002 | valid on 'valid' subset | loss 9.156 | nll_loss 7.847 | ppl 230.23 | num_updates 821
| epoch 003 | loss 7.643 | nll_loss 5.950 | ppl 61.8 | wps 61246 | ups 4 | wpb 14004.650 | bsz 982.024 | num_updates 1233 | lr 0.000308319 | gnorm 0.442 | clip 1.000 | oom 0.000 | loss_scale 16.000 | wall 287 | train_wall 223
| epoch 003 | valid on 'valid' subset | loss 8.600 | nll_loss 7.025 | ppl 130.28 | num_updates 1233
| epoch 004 | loss 7.178 | nll_loss 5.335 | ppl 40.37 | wps 60994 | ups 4 | wpb 14004.650 | bsz 982.024 | num_updates 1645 | lr 0.000411309 | gnorm 0.406 | clip 1.000 | oom 0.000 | loss_scale 16.000 | wall 383 | train_wall 299
| epoch 004 | valid on 'valid' subset | loss 8.278 | nll_loss 6.600 | ppl 97.04 | num_updates 1645
| epoch 005 | loss 6.862 | nll_loss 4.920 | ppl 30.28 | wps 60754 | ups 4 | wpb 14004.650 | bsz 982.024 | num_updates 2057 | lr 0.000514299 | gnorm 0.384 | clip 1.000 | oom 0.000 | loss_scale 16.000 | wall 478 | train_wall 374
| epoch 005 | valid on 'valid' subset | loss 8.047 | nll_loss 6.259 | ppl 76.61 | num_updates 2057
| epoch 006 | loss 6.626 | nll_loss 4.611 | ppl 24.44 | wps 61066 | ups 4 | wpb 14004.650 | bsz 982.024 | num_updates 2469 | lr 0.000617288 | gnorm 0.357 | clip 1.000 | oom 0.000 | loss_scale 16.000 | wall 574 | train_wall 450
| epoch 006 | valid on 'valid' subset | loss 7.844 | nll_loss 5.985 | ppl 63.34 | num_updates 2469
| epoch 007 | loss 6.440 | nll_loss 4.368 | ppl 20.66 | wps 61714 | ups 4 | wpb 14004.650 | bsz 982.024 | num_updates 2881 | lr 0.000720278 | gnorm 0.340 | clip 1.000 | oom 0.000 | loss_scale 16.000 | wall 668 | train_wall 523
| epoch 007 | valid on 'valid' subset | loss 7.704 | nll_loss 5.774 | ppl 54.72 | num_updates 2881
| epoch 008 | loss 6.297 | nll_loss 4.184 | ppl 18.17 | wps 62429 | ups 4 | wpb 14004.650 | bsz 982.024 | num_updates 3293 | lr 0.000823268 | gnorm 0.324 | clip 1.000 | oom 0.000 | loss_scale 16.000 | wall 761 | train_wall 597
| epoch 008 | valid on 'valid' subset | loss 7.520 | nll_loss 5.507 | ppl 45.49 | num_updates 3293
| epoch 009 | loss 6.193 | nll_loss 4.049 | ppl 16.55 | wps 61929 | ups 4 | wpb 14004.650 | bsz 982.024 | num_updates 3705 | lr 0.000926257 | gnorm 0.315 | clip 1.000 | oom 0.000 | loss_scale 16.000 | wall 855 | train_wall 671
| epoch 009 | valid on 'valid' subset | loss 7.440 | nll_loss 5.382 | ppl 41.69 | num_updates 3705
| epoch 010 | loss 6.109 | nll_loss 3.941 | ppl 15.36 | wps 61572 | ups 4 | wpb 14004.650 | bsz 982.024 | num_updates 4117 | lr 0.000985688 | gnorm 0.294 | clip 1.000 | oom 0.000 | loss_scale 32.000 | wall 949 | train_wall 745
| epoch 010 | valid on 'valid' subset | loss 7.335 | nll_loss 5.243 | ppl 37.86 | num_updates 4117
| saved checkpoint ./checkpoints/2020-03-22T17-57-04-00/checkpoints_si_en/checkpoint10.pt (epoch 10 @ 4117 updates) (writing took 0.6845996379852295 seconds)
| WARNING: overflow detected, setting loss scale to: 16.0
| epoch 011 | loss 6.031 | nll_loss 3.842 | ppl 14.34 | wps 61167 | ups 4 | wpb 14001.397 | bsz 982.526 | num_updates 4528 | lr 0.000939889 | gnorm 0.282 | clip 1.000 | oom 0.000 | loss_scale 16.000 | wall 1045 | train_wall 821
| epoch 011 | valid on 'valid' subset | loss 7.216 | nll_loss 5.076 | ppl 33.72 | num_updates 4528 | best_loss 7.2157
| epoch 012 | loss 5.953 | nll_loss 3.742 | ppl 13.38 | wps 61645 | ups 4 | wpb 14004.650 | bsz 982.024 | num_updates 4940 | lr 0.000899843 | gnorm 0.259 | clip 1.000 | oom 0.000 | loss_scale 16.000 | wall 1139 | train_wall 894
| epoch 012 | valid on 'valid' subset | loss 7.110 | nll_loss 4.935 | ppl 30.59 | num_updates 4940 | best_loss 7.11034
| epoch 013 | loss 5.891 | nll_loss 3.664 | ppl 12.67 | wps 60663 | ups 4 | wpb 14004.650 | bsz 982.024 | num_updates 5352 | lr 0.000864514 | gnorm 0.252 | clip 1.000 | oom 0.000 | loss_scale 16.000 | wall 1235 | train_wall 970
| epoch 013 | valid on 'valid' subset | loss 7.057 | nll_loss 4.857 | ppl 28.98 | num_updates 5352 | best_loss 7.05667
| epoch 014 | loss 5.836 | nll_loss 3.593 | ppl 12.07 | wps 61789 | ups 4 | wpb 14004.650 | bsz 982.024 | num_updates 5764 | lr 0.000833044 | gnorm 0.239 | clip 1.000 | oom 0.000 | loss_scale 16.000 | wall 1329 | train_wall 1044
| epoch 014 | valid on 'valid' subset | loss 7.015 | nll_loss 4.813 | ppl 28.12 | num_updates 5764 | best_loss 7.01514
| epoch 015 | loss 5.789 | nll_loss 3.533 | ppl 11.58 | wps 61351 | ups 4 | wpb 14004.650 | bsz 982.024 | num_updates 6176 | lr 0.000804778 | gnorm 0.231 | clip 1.000 | oom 0.000 | loss_scale 16.000 | wall 1424 | train_wall 1119
| epoch 015 | valid on 'valid' subset | loss 6.955 | nll_loss 4.715 | ppl 26.26 | num_updates 6176 | best_loss 6.95468
| epoch 016 | loss 5.751 | nll_loss 3.485 | ppl 11.2 | wps 60908 | ups 4 | wpb 14004.650 | bsz 982.024 | num_updates 6588 | lr 0.000779208 | gnorm 0.228 | clip 1.000 | oom 0.000 | loss_scale 16.000 | wall 1519 | train_wall 1195
| epoch 016 | valid on 'valid' subset | loss 6.920 | nll_loss 4.657 | ppl 25.22 | num_updates 6588 | best_loss 6.91978
| epoch 017 | loss 5.717 | nll_loss 3.442 | ppl 10.87 | wps 61347 | ups 4 | wpb 14004.650 | bsz 982.024 | num_updates 7000 | lr 0.000755929 | gnorm 0.224 | clip 1.000 | oom 0.000 | loss_scale 16.000 | wall 1614 | train_wall 1269
| epoch 017 | valid on 'valid' subset | loss 6.912 | nll_loss 4.647 | ppl 25.05 | num_updates 7000 | best_loss 6.91225
| epoch 018 | loss 5.686 | nll_loss 3.402 | ppl 10.57 | wps 60787 | ups 4 | wpb 14004.650 | bsz 982.024 | num_updates 7412 | lr 0.000734619 | gnorm 0.216 | clip 1.000 | oom 0.000 | loss_scale 16.000 | wall 1710 | train_wall 1345
| epoch 018 | valid on 'valid' subset | loss 6.825 | nll_loss 4.535 | ppl 23.18 | num_updates 7412 | best_loss 6.82532
| epoch 019 | loss 5.657 | nll_loss 3.366 | ppl 10.31 | wps 60820 | ups 4 | wpb 14004.650 | bsz 982.024 | num_updates 7824 | lr 0.000715016 | gnorm 0.214 | clip 1.000 | oom 0.000 | loss_scale 16.000 | wall 1805 | train_wall 1420
| epoch 019 | valid on 'valid' subset | loss 6.827 | nll_loss 4.549 | ppl 23.41 | num_updates 7824 | best_loss 6.82671
| epoch 020 | loss 5.633 | nll_loss 3.335 | ppl 10.09 | wps 60932 | ups 4 | wpb 14004.650 | bsz 982.024 | num_updates 8236 | lr 0.000696902 | gnorm 0.212 | clip 1.000 | oom 0.000 | loss_scale 32.000 | wall 1901 | train_wall 1495
| epoch 020 | valid on 'valid' subset | loss 6.783 | nll_loss 4.490 | ppl 22.48 | num_updates 8236 | best_loss 6.783
| saved checkpoint ./checkpoints/2020-03-22T17-57-04-00/checkpoints_si_en/checkpoint20.pt (epoch 20 @ 8236 updates) (writing took 0.968986988067627 seconds)
| epoch 021 | loss 5.610 | nll_loss 3.306 | ppl 9.89 | wps 61077 | ups 4 | wpb 14004.650 | bsz 982.024 | num_updates 8648 | lr 0.000680099 | gnorm 0.207 | clip 1.000 | oom 0.000 | loss_scale 32.000 | wall 1997 | train_wall 1571
| epoch 021 | valid on 'valid' subset | loss 6.769 | nll_loss 4.458 | ppl 21.97 | num_updates 8648 | best_loss 6.76875
| epoch 022 | loss 5.588 | nll_loss 3.278 | ppl 9.7 | wps 60965 | ups 4 | wpb 14004.650 | bsz 982.024 | num_updates 9060 | lr 0.000664455 | gnorm 0.204 | clip 1.000 | oom 0.000 | loss_scale 32.000 | wall 2092 | train_wall 1646
| epoch 022 | valid on 'valid' subset | loss 6.730 | nll_loss 4.409 | ppl 21.24 | num_updates 9060 | best_loss 6.73008
| epoch 023 | loss 5.569 | nll_loss 3.253 | ppl 9.54 | wps 60967 | ups 4 | wpb 14004.650 | bsz 982.024 | num_updates 9472 | lr 0.000649844 | gnorm 0.206 | clip 1.000 | oom 0.000 | loss_scale 32.000 | wall 2188 | train_wall 1722
| epoch 023 | valid on 'valid' subset | loss 6.760 | nll_loss 4.459 | ppl 21.99 | num_updates 9472 | best_loss 6.75964
| epoch 024 | loss 5.552 | nll_loss 3.233 | ppl 9.4 | wps 61459 | ups 4 | wpb 14004.650 | bsz 982.024 | num_updates 9884 | lr 0.000636156 | gnorm 0.203 | clip 1.000 | oom 0.000 | loss_scale 32.000 | wall 2282 | train_wall 1796
| epoch 024 | valid on 'valid' subset | loss 6.734 | nll_loss 4.401 | ppl 21.12 | num_updates 9884 | best_loss 6.73361
| epoch 025 | loss 5.535 | nll_loss 3.211 | ppl 9.26 | wps 60570 | ups 4 | wpb 14004.650 | bsz 982.024 | num_updates 10296 | lr 0.000623298 | gnorm 0.201 | clip 1.000 | oom 0.000 | loss_scale 32.000 | wall 2378 | train_wall 1871
| epoch 025 | valid on 'valid' subset | loss 6.667 | nll_loss 4.328 | ppl 20.08 | num_updates 10296 | best_loss 6.66725
| epoch 026 | loss 5.520 | nll_loss 3.191 | ppl 9.13 | wps 61634 | ups 4 | wpb 14004.650 | bsz 982.024 | num_updates 10708 | lr 0.000611189 | gnorm 0.201 | clip 1.000 | oom 0.000 | loss_scale 32.000 | wall 2473 | train_wall 1946
| epoch 026 | valid on 'valid' subset | loss 6.660 | nll_loss 4.325 | ppl 20.05 | num_updates 10708 | best_loss 6.66005
| epoch 027 | loss 5.506 | nll_loss 3.174 | ppl 9.02 | wps 61447 | ups 4 | wpb 14004.650 | bsz 982.024 | num_updates 11120 | lr 0.00059976 | gnorm 0.200 | clip 1.000 | oom 0.000 | loss_scale 32.000 | wall 2567 | train_wall 2020
| epoch 027 | valid on 'valid' subset | loss 6.690 | nll_loss 4.342 | ppl 20.28 | num_updates 11120 | best_loss 6.6902
| epoch 028 | loss 5.492 | nll_loss 3.156 | ppl 8.91 | wps 60845 | ups 4 | wpb 14004.650 | bsz 982.024 | num_updates 11532 | lr 0.000588949 | gnorm 0.195 | clip 1.000 | oom 0.000 | loss_scale 32.000 | wall 2663 | train_wall 2095
| epoch 028 | valid on 'valid' subset | loss 6.633 | nll_loss 4.273 | ppl 19.34 | num_updates 11532 | best_loss 6.63335
| epoch 029 | loss 5.480 | nll_loss 3.140 | ppl 8.82 | wps 61024 | ups 4 | wpb 14004.650 | bsz 982.024 | num_updates 11944 | lr 0.000578702 | gnorm 0.199 | clip 1.000 | oom 0.000 | loss_scale 32.000 | wall 2758 | train_wall 2171
| epoch 029 | valid on 'valid' subset | loss 6.629 | nll_loss 4.256 | ppl 19.11 | num_updates 11944 | best_loss 6.62915
| epoch 030 | loss 5.466 | nll_loss 3.124 | ppl 8.72 | wps 62019 | ups 4 | wpb 14004.650 | bsz 982.024 | num_updates 12356 | lr 0.000568972 | gnorm 0.196 | clip 1.000 | oom 0.000 | loss_scale 64.000 | wall 2852 | train_wall 2244
| epoch 030 | valid on 'valid' subset | loss 6.624 | nll_loss 4.257 | ppl 19.13 | num_updates 12356 | best_loss 6.62388
| saved checkpoint ./checkpoints/2020-03-22T17-57-04-00/checkpoints_si_en/checkpoint30.pt (epoch 30 @ 12356 updates) (writing took 0.9861304759979248 seconds)
| epoch 031 | loss 5.457 | nll_loss 3.111 | ppl 8.64 | wps 61618 | ups 4 | wpb 14004.650 | bsz 982.024 | num_updates 12768 | lr 0.000559717 | gnorm 0.195 | clip 1.000 | oom 0.000 | loss_scale 64.000 | wall 2947 | train_wall 2318
| epoch 031 | valid on 'valid' subset | loss 6.597 | nll_loss 4.228 | ppl 18.74 | num_updates 12768 | best_loss 6.59703
| WARNING: overflow detected, setting loss scale to: 32.0
| epoch 032 | loss 5.445 | nll_loss 3.097 | ppl 8.55 | wps 61560 | ups 4 | wpb 14006.640 | bsz 981.942 | num_updates 13179 | lr 0.00055092 | gnorm 0.195 | clip 1.000 | oom 0.000 | loss_scale 32.000 | wall 3041 | train_wall 2392
| epoch 032 | valid on 'valid' subset | loss 6.597 | nll_loss 4.224 | ppl 18.69 | num_updates 13179 | best_loss 6.5968
| epoch 033 | loss 5.434 | nll_loss 3.083 | ppl 8.47 | wps 61079 | ups 4 | wpb 14004.650 | bsz 982.024 | num_updates 13591 | lr 0.000542506 | gnorm 0.193 | clip 1.000 | oom 0.000 | loss_scale 32.000 | wall 3137 | train_wall 2468
| epoch 033 | valid on 'valid' subset | loss 6.606 | nll_loss 4.228 | ppl 18.74 | num_updates 13591 | best_loss 6.60616
| epoch 034 | loss 5.426 | nll_loss 3.072 | ppl 8.41 | wps 61651 | ups 4 | wpb 14004.650 | bsz 982.024 | num_updates 14003 | lr 0.000534465 | gnorm 0.194 | clip 1.000 | oom 0.000 | loss_scale 32.000 | wall 3231 | train_wall 2541
| epoch 034 | valid on 'valid' subset | loss 6.571 | nll_loss 4.197 | ppl 18.34 | num_updates 14003 | best_loss 6.57107
| epoch 035 | loss 5.415 | nll_loss 3.058 | ppl 8.33 | wps 60672 | ups 4 | wpb 14004.650 | bsz 982.024 | num_updates 14415 | lr 0.000526772 | gnorm 0.193 | clip 1.000 | oom 0.000 | loss_scale 32.000 | wall 3327 | train_wall 2617
| epoch 035 | valid on 'valid' subset | loss 6.542 | nll_loss 4.152 | ppl 17.78 | num_updates 14415 | best_loss 6.5425
| epoch 036 | loss 5.407 | nll_loss 3.049 | ppl 8.27 | wps 60830 | ups 4 | wpb 14004.650 | bsz 982.024 | num_updates 14827 | lr 0.000519402 | gnorm 0.192 | clip 1.000 | oom 0.000 | loss_scale 32.000 | wall 3422 | train_wall 2692
| epoch 036 | valid on 'valid' subset | loss 6.565 | nll_loss 4.175 | ppl 18.06 | num_updates 14827 | best_loss 6.56511
| epoch 037 | loss 5.399 | nll_loss 3.038 | ppl 8.21 | wps 61398 | ups 4 | wpb 14004.650 | bsz 982.024 | num_updates 15239 | lr 0.000512332 | gnorm 0.192 | clip 1.000 | oom 0.000 | loss_scale 32.000 | wall 3517 | train_wall 2766
| epoch 037 | valid on 'valid' subset | loss 6.541 | nll_loss 4.151 | ppl 17.76 | num_updates 15239 | best_loss 6.54122
| epoch 038 | loss 5.391 | nll_loss 3.027 | ppl 8.15 | wps 60448 | ups 4 | wpb 14004.650 | bsz 982.024 | num_updates 15651 | lr 0.000505544 | gnorm 0.191 | clip 1.000 | oom 0.000 | loss_scale 32.000 | wall 3613 | train_wall 2842
| epoch 038 | valid on 'valid' subset | loss 6.513 | nll_loss 4.113 | ppl 17.3 | num_updates 15651 | best_loss 6.51299
| epoch 039 | loss 5.382 | nll_loss 3.016 | ppl 8.09 | wps 60642 | ups 4 | wpb 14004.650 | bsz 982.024 | num_updates 16063 | lr 0.000499019 | gnorm 0.191 | clip 1.000 | oom 0.000 | loss_scale 32.000 | wall 3709 | train_wall 2917
| epoch 039 | valid on 'valid' subset | loss 6.526 | nll_loss 4.132 | ppl 17.53 | num_updates 16063 | best_loss 6.52601
| epoch 040 | loss 5.376 | nll_loss 3.009 | ppl 8.05 | wps 60308 | ups 4 | wpb 14004.650 | bsz 982.024 | num_updates 16475 | lr 0.000492739 | gnorm 0.193 | clip 1.000 | oom 0.000 | loss_scale 32.000 | wall 3805 | train_wall 2993
| epoch 040 | valid on 'valid' subset | loss 6.508 | nll_loss 4.106 | ppl 17.22 | num_updates 16475 | best_loss 6.50822
| saved checkpoint ./checkpoints/2020-03-22T17-57-04-00/checkpoints_si_en/checkpoint40.pt (epoch 40 @ 16475 updates) (writing took 0.9939882755279541 seconds)
| epoch 041 | loss 5.369 | nll_loss 3.000 | ppl 8 | wps 61636 | ups 4 | wpb 14004.650 | bsz 982.024 | num_updates 16887 | lr 0.000486691 | gnorm 0.191 | clip 1.000 | oom 0.000 | loss_scale 32.000 | wall 3901 | train_wall 3066
| epoch 041 | valid on 'valid' subset | loss 6.521 | nll_loss 4.116 | ppl 17.34 | num_updates 16887 | best_loss 6.50822
| epoch 042 | loss 5.362 | nll_loss 2.991 | ppl 7.95 | wps 62046 | ups 4 | wpb 14004.650 | bsz 982.024 | num_updates 17299 | lr 0.000480861 | gnorm 0.191 | clip 1.000 | oom 0.000 | loss_scale 64.000 | wall 3995 | train_wall 3140
| epoch 042 | valid on 'valid' subset | loss 6.506 | nll_loss 4.102 | ppl 17.17 | num_updates 17299 | best_loss 6.50579
| epoch 043 | loss 5.355 | nll_loss 2.982 | ppl 7.9 | wps 61546 | ups 4 | wpb 14004.650 | bsz 982.024 | num_updates 17711 | lr 0.000475235 | gnorm 0.191 | clip 1.000 | oom 0.000 | loss_scale 64.000 | wall 4089 | train_wall 3214
| epoch 043 | valid on 'valid' subset | loss 6.515 | nll_loss 4.101 | ppl 17.16 | num_updates 17711 | best_loss 6.50822
| epoch 044 | loss 5.348 | nll_loss 2.973 | ppl 7.85 | wps 61040 | ups 4 | wpb 14004.650 | bsz 982.024 | num_updates 18123 | lr 0.000469802 | gnorm 0.191 | clip 1.000 | oom 0.000 | loss_scale 64.000 | wall 4184 | train_wall 3289
| epoch 044 | valid on 'valid' subset | loss 6.485 | nll_loss 4.075 | ppl 16.86 | num_updates 18123 | best_loss 6.4851
| epoch 045 | loss 5.343 | nll_loss 2.966 | ppl 7.82 | wps 61573 | ups 4 | wpb 14004.650 | bsz 982.024 | num_updates 18535 | lr 0.000464551 | gnorm 0.190 | clip 1.000 | oom 0.000 | loss_scale 64.000 | wall 4279 | train_wall 3365
| epoch 045 | valid on 'valid' subset | loss 6.494 | nll_loss 4.085 | ppl 16.98 | num_updates 18535 | best_loss 6.49393
| epoch 046 | loss 5.337 | nll_loss 2.959 | ppl 7.78 | wps 60369 | ups 4 | wpb 14004.650 | bsz 982.024 | num_updates 18947 | lr 0.000459473 | gnorm 0.191 | clip 1.000 | oom 0.000 | loss_scale 64.000 | wall 4375 | train_wall 3440
| epoch 046 | valid on 'valid' subset | loss 6.474 | nll_loss 4.055 | ppl 16.62 | num_updates 18947 | best_loss 6.47367
| epoch 047 | loss 5.331 | nll_loss 2.951 | ppl 7.73 | wps 60682 | ups 4 | wpb 14004.650 | bsz 982.024 | num_updates 19359 | lr 0.000454557 | gnorm 0.190 | clip 1.000 | oom 0.000 | loss_scale 64.000 | wall 4471 | train_wall 3516
| epoch 047 | valid on 'valid' subset | loss 6.468 | nll_loss 4.047 | ppl 16.53 | num_updates 19359 | best_loss 6.46791
| epoch 048 | loss 5.325 | nll_loss 2.944 | ppl 7.7 | wps 60702 | ups 4 | wpb 14004.650 | bsz 982.024 | num_updates 19771 | lr 0.000449796 | gnorm 0.190 | clip 1.000 | oom 0.000 | loss_scale 64.000 | wall 4567 | train_wall 3591
| epoch 048 | valid on 'valid' subset | loss 6.457 | nll_loss 4.024 | ppl 16.27 | num_updates 19771 | best_loss 6.45717
| epoch 049 | loss 5.321 | nll_loss 2.938 | ppl 7.66 | wps 61954 | ups 4 | wpb 14004.650 | bsz 982.024 | num_updates 20183 | lr 0.000445182 | gnorm 0.191 | clip 1.000 | oom 0.000 | loss_scale 64.000 | wall 4660 | train_wall 3665
| epoch 049 | valid on 'valid' subset | loss 6.465 | nll_loss 4.046 | ppl 16.52 | num_updates 20183 | best_loss 6.46486
| epoch 050 | loss 5.314 | nll_loss 2.930 | ppl 7.62 | wps 60971 | ups 4 | wpb 14004.650 | bsz 982.024 | num_updates 20595 | lr 0.000440706 | gnorm 0.187 | clip 1.000 | oom 0.000 | loss_scale 64.000 | wall 4756 | train_wall 3740
| epoch 050 | valid on 'valid' subset | loss 6.450 | nll_loss 4.026 | ppl 16.29 | num_updates 20595 | best_loss 6.45011
| saved checkpoint ./checkpoints/2020-03-22T17-57-04-00/checkpoints_si_en/checkpoint50.pt (epoch 50 @ 20595 updates) (writing took 0.9921209812164307 seconds)
| epoch 051 | loss 5.309 | nll_loss 2.924 | ppl 7.59 | wps 61635 | ups 4 | wpb 14004.650 | bsz 982.024 | num_updates 21007 | lr 0.000436363 | gnorm 0.191 | clip 1.000 | oom 0.000 | loss_scale 64.000 | wall 4851 | train_wall 3814
| epoch 051 | valid on 'valid' subset | loss 6.446 | nll_loss 4.013 | ppl 16.15 | num_updates 21007 | best_loss 6.44644
| WARNING: overflow detected, setting loss scale to: 64.0
| epoch 052 | loss 5.304 | nll_loss 2.917 | ppl 7.55 | wps 60762 | ups 4 | wpb 14002.606 | bsz 982.915 | num_updates 21418 | lr 0.000432156 | gnorm 0.190 | clip 1.000 | oom 0.000 | loss_scale 64.000 | wall 4947 | train_wall 3889
| epoch 052 | valid on 'valid' subset | loss 6.458 | nll_loss 4.035 | ppl 16.39 | num_updates 21418 | best_loss 6.45011
| epoch 053 | loss 5.301 | nll_loss 2.913 | ppl 7.53 | wps 61127 | ups 4 | wpb 14004.650 | bsz 982.024 | num_updates 21830 | lr 0.000428059 | gnorm 0.189 | clip 1.000 | oom 0.000 | loss_scale 64.000 | wall 5042 | train_wall 3965
| epoch 053 | valid on 'valid' subset | loss 6.465 | nll_loss 4.041 | ppl 16.46 | num_updates 21830 | best_loss 6.45011
| epoch 054 | loss 5.296 | nll_loss 2.906 | ppl 7.49 | wps 60889 | ups 4 | wpb 14004.650 | bsz 982.024 | num_updates 22242 | lr 0.000424075 | gnorm 0.190 | clip 1.000 | oom 0.000 | loss_scale 64.000 | wall 5137 | train_wall 4041
| epoch 054 | valid on 'valid' subset | loss 6.437 | nll_loss 4.010 | ppl 16.11 | num_updates 22242 | best_loss 6.43746
| WARNING: overflow detected, setting loss scale to: 32.0
| epoch 055 | loss 5.288 | nll_loss 2.896 | ppl 7.44 | wps 60897 | ups 4 | wpb 14001.912 | bsz 982.720 | num_updates 22653 | lr 0.000420211 | gnorm 0.187 | clip 1.000 | oom 0.000 | loss_scale 32.000 | wall 5232 | train_wall 4116
| epoch 055 | valid on 'valid' subset | loss 6.418 | nll_loss 3.984 | ppl 15.82 | num_updates 22653 | best_loss 6.41788
| epoch 056 | loss 5.287 | nll_loss 2.894 | ppl 7.44 | wps 60555 | ups 4 | wpb 14004.650 | bsz 982.024 | num_updates 23065 | lr 0.000416441 | gnorm 0.190 | clip 1.000 | oom 0.000 | loss_scale 32.000 | wall 5329 | train_wall 4192
| epoch 056 | valid on 'valid' subset | loss 6.404 | nll_loss 3.970 | ppl 15.67 | num_updates 23065 | best_loss 6.40356
| epoch 057 | loss 5.283 | nll_loss 2.889 | ppl 7.41 | wps 61250 | ups 4 | wpb 14004.650 | bsz 982.024 | num_updates 23477 | lr 0.000412771 | gnorm 0.190 | clip 1.000 | oom 0.000 | loss_scale 32.000 | wall 5423 | train_wall 4268
| epoch 057 | valid on 'valid' subset | loss 6.433 | nll_loss 4.001 | ppl 16.01 | num_updates 23477 | best_loss 6.43263
| epoch 058 | loss 5.278 | nll_loss 2.884 | ppl 7.38 | wps 61537 | ups 4 | wpb 14004.650 | bsz 982.024 | num_updates 23889 | lr 0.000409196 | gnorm 0.189 | clip 1.000 | oom 0.000 | loss_scale 32.000 | wall 5518 | train_wall 4343
| epoch 058 | valid on 'valid' subset | loss 6.423 | nll_loss 3.988 | ppl 15.87 | num_updates 23889 | best_loss 6.42302
| epoch 059 | loss 5.273 | nll_loss 2.877 | ppl 7.35 | wps 61177 | ups 4 | wpb 14004.650 | bsz 982.024 | num_updates 24301 | lr 0.000405712 | gnorm 0.188 | clip 1.000 | oom 0.000 | loss_scale 32.000 | wall 5613 | train_wall 4417
| epoch 059 | valid on 'valid' subset | loss 6.402 | nll_loss 3.964 | ppl 15.61 | num_updates 24301 | best_loss 6.40241
| epoch 060 | loss 5.269 | nll_loss 2.873 | ppl 7.32 | wps 61880 | ups 4 | wpb 14004.650 | bsz 982.024 | num_updates 24713 | lr 0.000402316 | gnorm 0.189 | clip 1.000 | oom 0.000 | loss_scale 32.000 | wall 5707 | train_wall 4491
| epoch 060 | valid on 'valid' subset | loss 6.417 | nll_loss 3.978 | ppl 15.76 | num_updates 24713 | best_loss 6.41651
| saved checkpoint ./checkpoints/2020-03-22T17-57-04-00/checkpoints_si_en/checkpoint60.pt (epoch 60 @ 24713 updates) (writing took 0.995152473449707 seconds)
| epoch 061 | loss 5.265 | nll_loss 2.867 | ppl 7.3 | wps 60814 | ups 4 | wpb 14004.650 | bsz 982.024 | num_updates 25125 | lr 0.000399004 | gnorm 0.188 | clip 1.000 | oom 0.000 | loss_scale 32.000 | wall 5804 | train_wall 4566
| epoch 061 | valid on 'valid' subset | loss 6.435 | nll_loss 4.001 | ppl 16.01 | num_updates 25125 | best_loss 6.41651
| epoch 062 | loss 5.261 | nll_loss 2.862 | ppl 7.27 | wps 61257 | ups 4 | wpb 14004.650 | bsz 982.024 | num_updates 25537 | lr 0.000395772 | gnorm 0.188 | clip 1.000 | oom 0.000 | loss_scale 32.000 | wall 5899 | train_wall 4641
| epoch 062 | valid on 'valid' subset | loss 6.417 | nll_loss 3.978 | ppl 15.76 | num_updates 25537 | best_loss 6.41651
| epoch 063 | loss 5.259 | nll_loss 2.859 | ppl 7.25 | wps 61358 | ups 4 | wpb 14004.650 | bsz 982.024 | num_updates 25949 | lr 0.000392618 | gnorm 0.190 | clip 1.000 | oom 0.000 | loss_scale 32.000 | wall 5993 | train_wall 4716
| epoch 063 | valid on 'valid' subset | loss 6.378 | nll_loss 3.936 | ppl 15.3 | num_updates 25949 | best_loss 6.3782
| epoch 064 | loss 5.255 | nll_loss 2.854 | ppl 7.23 | wps 60334 | ups 4 | wpb 14004.650 | bsz 982.024 | num_updates 26361 | lr 0.000389537 | gnorm 0.190 | clip 1.000 | oom 0.000 | loss_scale 32.000 | wall 6090 | train_wall 4792
| epoch 064 | valid on 'valid' subset | loss 6.408 | nll_loss 3.968 | ppl 15.65 | num_updates 26361 | best_loss 6.40794
| epoch 065 | loss 5.250 | nll_loss 2.848 | ppl 7.2 | wps 61143 | ups 4 | wpb 14004.650 | bsz 982.024 | num_updates 26773 | lr 0.000386528 | gnorm 0.189 | clip 1.000 | oom 0.000 | loss_scale 64.000 | wall 6185 | train_wall 4866
| epoch 065 | valid on 'valid' subset | loss 6.374 | nll_loss 3.927 | ppl 15.21 | num_updates 26773 | best_loss 6.37425
| epoch 066 | loss 5.248 | nll_loss 2.845 | ppl 7.19 | wps 60754 | ups 4 | wpb 14004.650 | bsz 982.024 | num_updates 27185 | lr 0.000383588 | gnorm 0.191 | clip 1.000 | oom 0.000 | loss_scale 64.000 | wall 6281 | train_wall 4941
| epoch 066 | valid on 'valid' subset | loss 6.404 | nll_loss 3.961 | ppl 15.57 | num_updates 27185 | best_loss 6.40446
| WARNING: overflow detected, setting loss scale to: 32.0
| epoch 067 | loss 5.242 | nll_loss 2.838 | ppl 7.15 | wps 60154 | ups 4 | wpb 14009.056 | bsz 983.109 | num_updates 27596 | lr 0.000380721 | gnorm 0.188 | clip 1.000 | oom 0.000 | loss_scale 32.000 | wall 6377 | train_wall 5017
| epoch 067 | valid on 'valid' subset | loss 6.369 | nll_loss 3.930 | ppl 15.24 | num_updates 27596 | best_loss 6.3688
| epoch 068 | loss 5.242 | nll_loss 2.837 | ppl 7.15 | wps 60497 | ups 4 | wpb 14004.650 | bsz 982.024 | num_updates 28008 | lr 0.00037791 | gnorm 0.191 | clip 1.000 | oom 0.000 | loss_scale 32.000 | wall 6473 | train_wall 5092
| epoch 068 | valid on 'valid' subset | loss 6.408 | nll_loss 3.973 | ppl 15.71 | num_updates 28008 | best_loss 6.40765
| epoch 069 | loss 5.238 | nll_loss 2.832 | ppl 7.12 | wps 60453 | ups 4 | wpb 14004.650 | bsz 982.024 | num_updates 28420 | lr 0.000375161 | gnorm 0.190 | clip 1.000 | oom 0.000 | loss_scale 32.000 | wall 6569 | train_wall 5168
| epoch 069 | valid on 'valid' subset | loss 6.396 | nll_loss 3.947 | ppl 15.42 | num_updates 28420 | best_loss 6.39552
| epoch 070 | loss 5.235 | nll_loss 2.828 | ppl 7.1 | wps 60819 | ups 4 | wpb 14004.650 | bsz 982.024 | num_updates 28832 | lr 0.000372471 | gnorm 0.190 | clip 1.000 | oom 0.000 | loss_scale 32.000 | wall 6665 | train_wall 5243
| epoch 070 | valid on 'valid' subset | loss 6.372 | nll_loss 3.930 | ppl 15.25 | num_updates 28832 | best_loss 6.37246
| saved checkpoint ./checkpoints/2020-03-22T17-57-04-00/checkpoints_si_en/checkpoint70.pt (epoch 70 @ 28832 updates) (writing took 1.019688367843628 seconds)
| epoch 071 | loss 5.231 | nll_loss 2.824 | ppl 7.08 | wps 60269 | ups 4 | wpb 14004.650 | bsz 982.024 | num_updates 29244 | lr 0.000369838 | gnorm 0.190 | clip 1.000 | oom 0.000 | loss_scale 32.000 | wall 6762 | train_wall 5319
| epoch 071 | valid on 'valid' subset | loss 6.387 | nll_loss 3.943 | ppl 15.38 | num_updates 29244 | best_loss 6.37246
| epoch 072 | loss 5.229 | nll_loss 2.820 | ppl 7.06 | wps 61346 | ups 4 | wpb 14004.650 | bsz 982.024 | num_updates 29656 | lr 0.00036726 | gnorm 0.190 | clip 1.000 | oom 0.000 | loss_scale 32.000 | wall 6857 | train_wall 5393
| epoch 072 | valid on 'valid' subset | loss 6.391 | nll_loss 3.953 | ppl 15.49 | num_updates 29656 | best_loss 6.37246
| epoch 073 | loss 5.225 | nll_loss 2.816 | ppl 7.04 | wps 61556 | ups 4 | wpb 14004.650 | bsz 982.024 | num_updates 30068 | lr 0.000364735 | gnorm 0.189 | clip 1.000 | oom 0.000 | loss_scale 32.000 | wall 6951 | train_wall 5467
| epoch 073 | valid on 'valid' subset | loss 6.343 | nll_loss 3.893 | ppl 14.86 | num_updates 30068 | best_loss 6.34278
| epoch 074 | loss 5.223 | nll_loss 2.813 | ppl 7.03 | wps 60479 | ups 4 | wpb 14004.650 | bsz 982.024 | num_updates 30480 | lr 0.000362262 | gnorm 0.189 | clip 1.000 | oom 0.000 | loss_scale 32.000 | wall 7048 | train_wall 5542
| epoch 074 | valid on 'valid' subset | loss 6.364 | nll_loss 3.912 | ppl 15.06 | num_updates 30480 | best_loss 6.3638
| epoch 075 | loss 5.220 | nll_loss 2.809 | ppl 7.01 | wps 60940 | ups 4 | wpb 14004.650 | bsz 982.024 | num_updates 30892 | lr 0.000359838 | gnorm 0.189 | clip 1.000 | oom 0.000 | loss_scale 32.000 | wall 7143 | train_wall 5617
| epoch 075 | valid on 'valid' subset | loss 6.363 | nll_loss 3.919 | ppl 15.13 | num_updates 30892 | best_loss 6.36299
| epoch 076 | loss 5.217 | nll_loss 2.806 | ppl 6.99 | wps 60792 | ups 4 | wpb 14004.650 | bsz 982.024 | num_updates 31304 | lr 0.000357462 | gnorm 0.190 | clip 1.000 | oom 0.000 | loss_scale 32.000 | wall 7239 | train_wall 5693
| epoch 076 | valid on 'valid' subset | loss 6.388 | nll_loss 3.947 | ppl 15.42 | num_updates 31304 | best_loss 6.37246
| epoch 077 | loss 5.215 | nll_loss 2.803 | ppl 6.98 | wps 60638 | ups 4 | wpb 14004.650 | bsz 982.024 | num_updates 31716 | lr 0.000355133 | gnorm 0.191 | clip 1.000 | oom 0.000 | loss_scale 64.000 | wall 7335 | train_wall 5769
| epoch 077 | valid on 'valid' subset | loss 6.357 | nll_loss 3.903 | ppl 14.96 | num_updates 31716 | best_loss 6.35718
| epoch 078 | loss 5.212 | nll_loss 2.799 | ppl 6.96 | wps 61184 | ups 4 | wpb 14004.650 | bsz 982.024 | num_updates 32128 | lr 0.000352848 | gnorm 0.190 | clip 1.000 | oom 0.000 | loss_scale 64.000 | wall 7430 | train_wall 5844
| epoch 078 | valid on 'valid' subset | loss 6.338 | nll_loss 3.885 | ppl 14.77 | num_updates 32128 | best_loss 6.33763
| epoch 079 | loss 5.209 | nll_loss 2.795 | ppl 6.94 | wps 62276 | ups 4 | wpb 14004.650 | bsz 982.024 | num_updates 32540 | lr 0.000350608 | gnorm 0.191 | clip 1.000 | oom 0.000 | loss_scale 64.000 | wall 7523 | train_wall 5918
| epoch 079 | valid on 'valid' subset | loss 6.357 | nll_loss 3.909 | ppl 15.02 | num_updates 32540 | best_loss 6.35666
| WARNING: overflow detected, setting loss scale to: 32.0
| epoch 080 | loss 5.204 | nll_loss 2.789 | ppl 6.91 | wps 60824 | ups 4 | wpb 14010.221 | bsz 982.993 | num_updates 32951 | lr 0.000348414 | gnorm 0.190 | clip 1.000 | oom 0.000 | loss_scale 32.000 | wall 7618 | train_wall 5992
| epoch 080 | valid on 'valid' subset | loss 6.341 | nll_loss 3.888 | ppl 14.81 | num_updates 32951 | best_loss 6.34133
| saved checkpoint ./checkpoints/2020-03-22T17-57-04-00/checkpoints_si_en/checkpoint80.pt (epoch 80 @ 32951 updates) (writing took 0.9931073188781738 seconds)
| epoch 081 | loss 5.204 | nll_loss 2.789 | ppl 6.91 | wps 61400 | ups 4 | wpb 14004.650 | bsz 982.024 | num_updates 33363 | lr 0.000346256 | gnorm 0.191 | clip 1.000 | oom 0.000 | loss_scale 32.000 | wall 7714 | train_wall 6067
| epoch 081 | valid on 'valid' subset | loss 6.363 | nll_loss 3.920 | ppl 15.14 | num_updates 33363 | best_loss 6.34133
| epoch 082 | loss 5.201 | nll_loss 2.786 | ppl 6.89 | wps 60369 | ups 4 | wpb 14004.650 | bsz 982.024 | num_updates 33775 | lr 0.000344138 | gnorm 0.190 | clip 1.000 | oom 0.000 | loss_scale 32.000 | wall 7810 | train_wall 6143
| epoch 082 | valid on 'valid' subset | loss 6.327 | nll_loss 3.874 | ppl 14.66 | num_updates 33775 | best_loss 6.32684
| epoch 083 | loss 5.198 | nll_loss 2.781 | ppl 6.87 | wps 61063 | ups 4 | wpb 14004.650 | bsz 982.024 | num_updates 34187 | lr 0.000342058 | gnorm 0.189 | clip 1.000 | oom 0.000 | loss_scale 32.000 | wall 7906 | train_wall 6218
| epoch 083 | valid on 'valid' subset | loss 6.348 | nll_loss 3.895 | ppl 14.88 | num_updates 34187 | best_loss 6.34133
| epoch 084 | loss 5.196 | nll_loss 2.779 | ppl 6.86 | wps 61100 | ups 4 | wpb 14004.650 | bsz 982.024 | num_updates 34599 | lr 0.000340015 | gnorm 0.189 | clip 1.000 | oom 0.000 | loss_scale 32.000 | wall 8001 | train_wall 6294
| epoch 084 | valid on 'valid' subset | loss 6.349 | nll_loss 3.898 | ppl 14.9 | num_updates 34599 | best_loss 6.34133
| epoch 085 | loss 5.194 | nll_loss 2.776 | ppl 6.85 | wps 61392 | ups 4 | wpb 14004.650 | bsz 982.024 | num_updates 35011 | lr 0.000338009 | gnorm 0.190 | clip 1.000 | oom 0.000 | loss_scale 32.000 | wall 8096 | train_wall 6368
| epoch 085 | valid on 'valid' subset | loss 6.327 | nll_loss 3.876 | ppl 14.68 | num_updates 35011 | best_loss 6.32702
| epoch 086 | loss 5.191 | nll_loss 2.773 | ppl 6.83 | wps 60974 | ups 4 | wpb 14004.650 | bsz 982.024 | num_updates 35423 | lr 0.000336037 | gnorm 0.190 | clip 1.000 | oom 0.000 | loss_scale 32.000 | wall 8191 | train_wall 6444
| epoch 086 | valid on 'valid' subset | loss 6.329 | nll_loss 3.871 | ppl 14.63 | num_updates 35423 | best_loss 6.3289
| epoch 087 | loss 5.189 | nll_loss 2.770 | ppl 6.82 | wps 61743 | ups 4 | wpb 14004.650 | bsz 982.024 | num_updates 35835 | lr 0.0003341 | gnorm 0.191 | clip 1.000 | oom 0.000 | loss_scale 32.000 | wall 8285 | train_wall 6518
| epoch 087 | valid on 'valid' subset | loss 6.328 | nll_loss 3.876 | ppl 14.69 | num_updates 35835 | best_loss 6.32758
| epoch 088 | loss 5.187 | nll_loss 2.767 | ppl 6.81 | wps 61036 | ups 4 | wpb 14004.650 | bsz 982.024 | num_updates 36247 | lr 0.000332196 | gnorm 0.191 | clip 1.000 | oom 0.000 | loss_scale 32.000 | wall 8380 | train_wall 6593
| epoch 088 | valid on 'valid' subset | loss 6.339 | nll_loss 3.889 | ppl 14.81 | num_updates 36247 | best_loss 6.33917
| epoch 089 | loss 5.184 | nll_loss 2.764 | ppl 6.79 | wps 61514 | ups 4 | wpb 14004.650 | bsz 982.024 | num_updates 36659 | lr 0.000330324 | gnorm 0.190 | clip 1.000 | oom 0.000 | loss_scale 64.000 | wall 8475 | train_wall 6667
| epoch 089 | valid on 'valid' subset | loss 6.349 | nll_loss 3.900 | ppl 14.93 | num_updates 36659 | best_loss 6.34133
| WARNING: overflow detected, setting loss scale to: 32.0
| epoch 090 | loss 5.181 | nll_loss 2.759 | ppl 6.77 | wps 61083 | ups 4 | wpb 14002.976 | bsz 982.117 | num_updates 37070 | lr 0.000328487 | gnorm 0.189 | clip 1.000 | oom 0.000 | loss_scale 32.000 | wall 8570 | train_wall 6742
| epoch 090 | valid on 'valid' subset | loss 6.354 | nll_loss 3.900 | ppl 14.93 | num_updates 37070 | best_loss 6.34133
| saved checkpoint ./checkpoints/2020-03-22T17-57-04-00/checkpoints_si_en/checkpoint90.pt (epoch 90 @ 37070 updates) (writing took 0.641188383102417 seconds)
| epoch 091 | loss 5.180 | nll_loss 2.759 | ppl 6.77 | wps 60718 | ups 4 | wpb 14004.650 | bsz 982.024 | num_updates 37482 | lr 0.000326677 | gnorm 0.191 | clip 1.000 | oom 0.000 | loss_scale 32.000 | wall 8666 | train_wall 6818
| epoch 091 | valid on 'valid' subset | loss 6.358 | nll_loss 3.910 | ppl 15.03 | num_updates 37482 | best_loss 6.34133
| epoch 092 | loss 5.178 | nll_loss 2.756 | ppl 6.76 | wps 60421 | ups 4 | wpb 14004.650 | bsz 982.024 | num_updates 37894 | lr 0.000324896 | gnorm 0.191 | clip 1.000 | oom 0.000 | loss_scale 32.000 | wall 8762 | train_wall 6893
| epoch 092 | valid on 'valid' subset | loss 6.322 | nll_loss 3.863 | ppl 14.55 | num_updates 37894 | best_loss 6.32209
| epoch 093 | loss 5.175 | nll_loss 2.753 | ppl 6.74 | wps 61361 | ups 4 | wpb 14004.650 | bsz 982.024 | num_updates 38306 | lr 0.000323144 | gnorm 0.190 | clip 1.000 | oom 0.000 | loss_scale 32.000 | wall 8857 | train_wall 6967
| epoch 093 | valid on 'valid' subset | loss 6.330 | nll_loss 3.876 | ppl 14.69 | num_updates 38306 | best_loss 6.32957
| epoch 094 | loss 5.174 | nll_loss 2.751 | ppl 6.73 | wps 61000 | ups 4 | wpb 14004.650 | bsz 982.024 | num_updates 38718 | lr 0.00032142 | gnorm 0.191 | clip 1.000 | oom 0.000 | loss_scale 32.000 | wall 8952 | train_wall 7042
| epoch 094 | valid on 'valid' subset | loss 6.334 | nll_loss 3.879 | ppl 14.71 | num_updates 38718 | best_loss 6.33419
| epoch 095 | loss 5.172 | nll_loss 2.748 | ppl 6.72 | wps 61144 | ups 4 | wpb 14004.650 | bsz 982.024 | num_updates 39130 | lr 0.000319724 | gnorm 0.193 | clip 1.000 | oom 0.000 | loss_scale 32.000 | wall 9048 | train_wall 7118
| epoch 095 | valid on 'valid' subset | loss 6.313 | nll_loss 3.847 | ppl 14.39 | num_updates 39130 | best_loss 6.31346
| epoch 096 | loss 5.170 | nll_loss 2.745 | ppl 6.7 | wps 60706 | ups 4 | wpb 14004.650 | bsz 982.024 | num_updates 39542 | lr 0.000318054 | gnorm 0.190 | clip 1.000 | oom 0.000 | loss_scale 32.000 | wall 9143 | train_wall 7193
| epoch 096 | valid on 'valid' subset | loss 6.331 | nll_loss 3.884 | ppl 14.76 | num_updates 39542 | best_loss 6.33087
| epoch 097 | loss 5.167 | nll_loss 2.742 | ppl 6.69 | wps 61601 | ups 4 | wpb 14004.650 | bsz 982.024 | num_updates 39954 | lr 0.00031641 | gnorm 0.192 | clip 1.000 | oom 0.000 | loss_scale 32.000 | wall 9238 | train_wall 7267
| epoch 097 | valid on 'valid' subset | loss 6.314 | nll_loss 3.852 | ppl 14.44 | num_updates 39954 | best_loss 6.31369
| epoch 098 | loss 5.166 | nll_loss 2.740 | ppl 6.68 | wps 62302 | ups 4 | wpb 14004.650 | bsz 982.024 | num_updates 40366 | lr 0.000314791 | gnorm 0.192 | clip 1.000 | oom 0.000 | loss_scale 32.000 | wall 9331 | train_wall 7340
| epoch 098 | valid on 'valid' subset | loss 6.318 | nll_loss 3.856 | ppl 14.48 | num_updates 40366 | best_loss 6.31843
| epoch 099 | loss 5.164 | nll_loss 2.738 | ppl 6.67 | wps 61230 | ups 4 | wpb 14004.650 | bsz 982.024 | num_updates 40778 | lr 0.000313197 | gnorm 0.193 | clip 1.000 | oom 0.000 | loss_scale 32.000 | wall 9426 | train_wall 7415
| epoch 099 | valid on 'valid' subset | loss 6.315 | nll_loss 3.861 | ppl 14.53 | num_updates 40778 | best_loss 6.31533
| epoch 100 | loss 5.161 | nll_loss 2.735 | ppl 6.66 | wps 61203 | ups 4 | wpb 14004.650 | bsz 982.024 | num_updates 41190 | lr 0.000311626 | gnorm 0.191 | clip 1.000 | oom 0.000 | loss_scale 64.000 | wall 9521 | train_wall 7489
| epoch 100 | valid on 'valid' subset | loss 6.298 | nll_loss 3.831 | ppl 14.23 | num_updates 41190 | best_loss 6.29782
| saved checkpoint ./checkpoints/2020-03-22T17-57-04-00/checkpoints_si_en/checkpoint100.pt (epoch 100 @ 41190 updates) (writing took 0.9976515769958496 seconds)
| done training in 9519.1 seconds
Done training.
Time at end: Mon Mar 23 03:55:25 EDT 2020
