================ FLORES BASELINE WITH CLIP_NORM=0.1, BPE=7500 AND SEED=11  ================
About to train the supervised for the following language pair: NE-EN
CHECKPOINT_DIR is set to './checkpoints/2020-06-01T19-03-04-00-exp27-bpe7500-ne-060120-seed11-nonjoint/checkpoints_ne_en'
Creating checkpoint directory if it doesn't exist...
Data folder is: data-bin/wiki_ne_en_bpe7500_nonjoint/
Beginning training...
Time at beginning: Mon Jun 1 19:03:23 EDT 2020
This is train_fairseq
Namespace(activation_dropout=0.2, activation_fn='relu', adam_betas='(0.9, 0.98)', adam_eps=1e-08, adaptive_input=False, adaptive_softmax_cutoff=None, adaptive_softmax_dropout=0, arch='transformer', attention_dropout=0.2, best_checkpoint_metric='loss', bpe=None, bucket_cap_mb=25, clip_norm=0.1, cpu=False, criterion='label_smoothed_cross_entropy', cross_self_attention=False, curriculum=0, data='data-bin/wiki_ne_en_bpe7500_nonjoint/', dataset_impl=None, ddp_backend='c10d', decoder_attention_heads=2, decoder_embed_dim=512, decoder_embed_path=None, decoder_ffn_embed_dim=2048, decoder_input_dim=512, decoder_layerdrop=0, decoder_layers=5, decoder_layers_to_keep=None, decoder_learned_pos=False, decoder_normalize_before=True, decoder_output_dim=512, device_id=0, disable_validation=False, distributed_backend='nccl', distributed_init_method=None, distributed_no_spawn=False, distributed_port=-1, distributed_rank=0, distributed_world_size=1, dropout=0.4, empty_cache_freq=0, encoder_attention_heads=2, encoder_embed_dim=512, encoder_embed_path=None, encoder_ffn_embed_dim=2048, encoder_layerdrop=0, encoder_layers=5, encoder_layers_to_keep=None, encoder_learned_pos=False, encoder_normalize_before=True, fast_stat_sync=False, find_unused_parameters=False, fix_batches_to_gpus=False, fixed_validation_seed=None, fp16=True, fp16_init_scale=128, fp16_scale_tolerance=0.0, fp16_scale_window=None, keep_interval_updates=-1, keep_last_epochs=-1, label_smoothing=0.2, layer_wise_attention=False, layernorm_embedding=False, lazy_load=False, left_pad_source='True', left_pad_target='False', load_alignments=False, log_format=None, log_interval=1000, lr=[0.001], lr_scheduler='inverse_sqrt', max_epoch=100, max_sentences=None, max_sentences_valid=None, max_source_positions=1024, max_target_positions=1024, max_tokens=4000, max_tokens_valid=4000, max_update=0, maximize_best_checkpoint_metric=False, memory_efficient_fp16=False, min_loss_scale=0.0001, min_lr=1e-09, no_cross_attention=False, no_epoch_checkpoints=False, no_last_checkpoints=False, no_progress_bar=False, no_save=False, no_save_optimizer_state=False, no_scale_embedding=False, no_token_positional_embeddings=False, num_workers=1, optimizer='adam', optimizer_overrides='{}', raw_text=False, required_batch_size_multiple=8, reset_dataloader=False, reset_lr_scheduler=False, reset_meters=False, reset_optimizer=False, restore_file='checkpoint_last.pt', save_dir='./checkpoints/2020-06-01T19-03-04-00-exp27-bpe7500-ne-060120-seed11-nonjoint/checkpoints_ne_en', save_interval=10, save_interval_updates=0, seed=11, sentence_avg=False, share_all_embeddings=True, share_decoder_input_output_embed=False, skip_invalid_size_inputs_valid_test=False, source_lang='ne', target_lang='en', task='translation', tensorboard_logdir='', threshold_loss_scale=None, tokenizer=None, train_subset='train', truncate_source=False, update_freq=[4], upsample_primary=1, use_bmuf=False, user_dir=None, valid_subset='valid', validate_interval=1, warmup_init_lr=1e-07, warmup_updates=4000, weight_decay=0.0001)
| [ne] dictionary: 7552 types
| [en] dictionary: 7552 types
| loaded 2559 examples from: data-bin/wiki_ne_en_bpe7500_nonjoint/valid.ne-en.ne
| loaded 2559 examples from: data-bin/wiki_ne_en_bpe7500_nonjoint/valid.ne-en.en
| data-bin/wiki_ne_en_bpe7500_nonjoint/ valid ne-en 2559 examples
TransformerModel(
  (encoder): TransformerEncoder(
    (embed_tokens): Embedding(7552, 512, padding_idx=1)
    (embed_positions): SinusoidalPositionalEmbedding()
    (layers): ModuleList(
      (0): TransformerEncoderLayer(
        (self_attn): MultiheadAttention(
          (k_proj): Linear(in_features=512, out_features=512, bias=True)
          (v_proj): Linear(in_features=512, out_features=512, bias=True)
          (q_proj): Linear(in_features=512, out_features=512, bias=True)
          (out_proj): Linear(in_features=512, out_features=512, bias=True)
        )
        (self_attn_layer_norm): LayerNorm((512,), eps=1e-05, elementwise_affine=True)
        (fc1): Linear(in_features=512, out_features=2048, bias=True)
        (fc2): Linear(in_features=2048, out_features=512, bias=True)
        (final_layer_norm): LayerNorm((512,), eps=1e-05, elementwise_affine=True)
      )
      (1): TransformerEncoderLayer(
        (self_attn): MultiheadAttention(
          (k_proj): Linear(in_features=512, out_features=512, bias=True)
          (v_proj): Linear(in_features=512, out_features=512, bias=True)
          (q_proj): Linear(in_features=512, out_features=512, bias=True)
          (out_proj): Linear(in_features=512, out_features=512, bias=True)
        )
        (self_attn_layer_norm): LayerNorm((512,), eps=1e-05, elementwise_affine=True)
        (fc1): Linear(in_features=512, out_features=2048, bias=True)
        (fc2): Linear(in_features=2048, out_features=512, bias=True)
        (final_layer_norm): LayerNorm((512,), eps=1e-05, elementwise_affine=True)
      )
      (2): TransformerEncoderLayer(
        (self_attn): MultiheadAttention(
          (k_proj): Linear(in_features=512, out_features=512, bias=True)
          (v_proj): Linear(in_features=512, out_features=512, bias=True)
          (q_proj): Linear(in_features=512, out_features=512, bias=True)
          (out_proj): Linear(in_features=512, out_features=512, bias=True)
        )
        (self_attn_layer_norm): LayerNorm((512,), eps=1e-05, elementwise_affine=True)
        (fc1): Linear(in_features=512, out_features=2048, bias=True)
        (fc2): Linear(in_features=2048, out_features=512, bias=True)
        (final_layer_norm): LayerNorm((512,), eps=1e-05, elementwise_affine=True)
      )
      (3): TransformerEncoderLayer(
        (self_attn): MultiheadAttention(
          (k_proj): Linear(in_features=512, out_features=512, bias=True)
          (v_proj): Linear(in_features=512, out_features=512, bias=True)
          (q_proj): Linear(in_features=512, out_features=512, bias=True)
          (out_proj): Linear(in_features=512, out_features=512, bias=True)
        )
        (self_attn_layer_norm): LayerNorm((512,), eps=1e-05, elementwise_affine=True)
        (fc1): Linear(in_features=512, out_features=2048, bias=True)
        (fc2): Linear(in_features=2048, out_features=512, bias=True)
        (final_layer_norm): LayerNorm((512,), eps=1e-05, elementwise_affine=True)
      )
      (4): TransformerEncoderLayer(
        (self_attn): MultiheadAttention(
          (k_proj): Linear(in_features=512, out_features=512, bias=True)
          (v_proj): Linear(in_features=512, out_features=512, bias=True)
          (q_proj): Linear(in_features=512, out_features=512, bias=True)
          (out_proj): Linear(in_features=512, out_features=512, bias=True)
        )
        (self_attn_layer_norm): LayerNorm((512,), eps=1e-05, elementwise_affine=True)
        (fc1): Linear(in_features=512, out_features=2048, bias=True)
        (fc2): Linear(in_features=2048, out_features=512, bias=True)
        (final_layer_norm): LayerNorm((512,), eps=1e-05, elementwise_affine=True)
      )
    )
    (layer_norm): LayerNorm((512,), eps=1e-05, elementwise_affine=True)
  )
  (decoder): TransformerDecoder(
    (embed_tokens): Embedding(7552, 512, padding_idx=1)
    (embed_positions): SinusoidalPositionalEmbedding()
    (layers): ModuleList(
      (0): TransformerDecoderLayer(
        (self_attn): MultiheadAttention(
          (k_proj): Linear(in_features=512, out_features=512, bias=True)
          (v_proj): Linear(in_features=512, out_features=512, bias=True)
          (q_proj): Linear(in_features=512, out_features=512, bias=True)
          (out_proj): Linear(in_features=512, out_features=512, bias=True)
        )
        (self_attn_layer_norm): LayerNorm((512,), eps=1e-05, elementwise_affine=True)
        (encoder_attn): MultiheadAttention(
          (k_proj): Linear(in_features=512, out_features=512, bias=True)
          (v_proj): Linear(in_features=512, out_features=512, bias=True)
          (q_proj): Linear(in_features=512, out_features=512, bias=True)
          (out_proj): Linear(in_features=512, out_features=512, bias=True)
        )
        (encoder_attn_layer_norm): LayerNorm((512,), eps=1e-05, elementwise_affine=True)
        (fc1): Linear(in_features=512, out_features=2048, bias=True)
        (fc2): Linear(in_features=2048, out_features=512, bias=True)
        (final_layer_norm): LayerNorm((512,), eps=1e-05, elementwise_affine=True)
      )
      (1): TransformerDecoderLayer(
        (self_attn): MultiheadAttention(
          (k_proj): Linear(in_features=512, out_features=512, bias=True)
          (v_proj): Linear(in_features=512, out_features=512, bias=True)
          (q_proj): Linear(in_features=512, out_features=512, bias=True)
          (out_proj): Linear(in_features=512, out_features=512, bias=True)
        )
        (self_attn_layer_norm): LayerNorm((512,), eps=1e-05, elementwise_affine=True)
        (encoder_attn): MultiheadAttention(
          (k_proj): Linear(in_features=512, out_features=512, bias=True)
          (v_proj): Linear(in_features=512, out_features=512, bias=True)
          (q_proj): Linear(in_features=512, out_features=512, bias=True)
          (out_proj): Linear(in_features=512, out_features=512, bias=True)
        )
        (encoder_attn_layer_norm): LayerNorm((512,), eps=1e-05, elementwise_affine=True)
        (fc1): Linear(in_features=512, out_features=2048, bias=True)
        (fc2): Linear(in_features=2048, out_features=512, bias=True)
        (final_layer_norm): LayerNorm((512,), eps=1e-05, elementwise_affine=True)
      )
      (2): TransformerDecoderLayer(
        (self_attn): MultiheadAttention(
          (k_proj): Linear(in_features=512, out_features=512, bias=True)
          (v_proj): Linear(in_features=512, out_features=512, bias=True)
          (q_proj): Linear(in_features=512, out_features=512, bias=True)
          (out_proj): Linear(in_features=512, out_features=512, bias=True)
        )
        (self_attn_layer_norm): LayerNorm((512,), eps=1e-05, elementwise_affine=True)
        (encoder_attn): MultiheadAttention(
          (k_proj): Linear(in_features=512, out_features=512, bias=True)
          (v_proj): Linear(in_features=512, out_features=512, bias=True)
          (q_proj): Linear(in_features=512, out_features=512, bias=True)
          (out_proj): Linear(in_features=512, out_features=512, bias=True)
        )
        (encoder_attn_layer_norm): LayerNorm((512,), eps=1e-05, elementwise_affine=True)
        (fc1): Linear(in_features=512, out_features=2048, bias=True)
        (fc2): Linear(in_features=2048, out_features=512, bias=True)
        (final_layer_norm): LayerNorm((512,), eps=1e-05, elementwise_affine=True)
      )
      (3): TransformerDecoderLayer(
        (self_attn): MultiheadAttention(
          (k_proj): Linear(in_features=512, out_features=512, bias=True)
          (v_proj): Linear(in_features=512, out_features=512, bias=True)
          (q_proj): Linear(in_features=512, out_features=512, bias=True)
          (out_proj): Linear(in_features=512, out_features=512, bias=True)
        )
        (self_attn_layer_norm): LayerNorm((512,), eps=1e-05, elementwise_affine=True)
        (encoder_attn): MultiheadAttention(
          (k_proj): Linear(in_features=512, out_features=512, bias=True)
          (v_proj): Linear(in_features=512, out_features=512, bias=True)
          (q_proj): Linear(in_features=512, out_features=512, bias=True)
          (out_proj): Linear(in_features=512, out_features=512, bias=True)
        )
        (encoder_attn_layer_norm): LayerNorm((512,), eps=1e-05, elementwise_affine=True)
        (fc1): Linear(in_features=512, out_features=2048, bias=True)
        (fc2): Linear(in_features=2048, out_features=512, bias=True)
        (final_layer_norm): LayerNorm((512,), eps=1e-05, elementwise_affine=True)
      )
      (4): TransformerDecoderLayer(
        (self_attn): MultiheadAttention(
          (k_proj): Linear(in_features=512, out_features=512, bias=True)
          (v_proj): Linear(in_features=512, out_features=512, bias=True)
          (q_proj): Linear(in_features=512, out_features=512, bias=True)
          (out_proj): Linear(in_features=512, out_features=512, bias=True)
        )
        (self_attn_layer_norm): LayerNorm((512,), eps=1e-05, elementwise_affine=True)
        (encoder_attn): MultiheadAttention(
          (k_proj): Linear(in_features=512, out_features=512, bias=True)
          (v_proj): Linear(in_features=512, out_features=512, bias=True)
          (q_proj): Linear(in_features=512, out_features=512, bias=True)
          (out_proj): Linear(in_features=512, out_features=512, bias=True)
        )
        (encoder_attn_layer_norm): LayerNorm((512,), eps=1e-05, elementwise_affine=True)
        (fc1): Linear(in_features=512, out_features=2048, bias=True)
        (fc2): Linear(in_features=2048, out_features=512, bias=True)
        (final_layer_norm): LayerNorm((512,), eps=1e-05, elementwise_affine=True)
      )
    )
    (layer_norm): LayerNorm((512,), eps=1e-05, elementwise_affine=True)
  )
)
| model transformer, criterion LabelSmoothedCrossEntropyCriterion
| num. model params: 40650752 (num. trained: 40650752)
| training on 1 GPUs
| max tokens per GPU = 4000 and max sentences per GPU = None
| no existing checkpoint found ./checkpoints/2020-06-01T19-03-04-00-exp27-bpe7500-ne-060120-seed11-nonjoint/checkpoints_ne_en/checkpoint_last.pt
| loading train data for epoch 0
| loaded 563636 examples from: data-bin/wiki_ne_en_bpe7500_nonjoint/train.ne-en.ne
| loaded 563636 examples from: data-bin/wiki_ne_en_bpe7500_nonjoint/train.ne-en.en
| data-bin/wiki_ne_en_bpe7500_nonjoint/ train ne-en 563636 examples
| WARNING: overflow detected, setting loss scale to: 64.0
| WARNING: overflow detected, setting loss scale to: 32.0
| WARNING: overflow detected, setting loss scale to: 16.0
| WARNING: overflow detected, setting loss scale to: 8.0
| epoch 001 | loss 9.052 | nll_loss 7.620 | ppl 196.74 | wps 61128 | ups 4 | wpb 14191.973 | bsz 740.748 | num_updates 754 | lr 0.000188581 | gnorm 0.798 | clip 1.000 | oom 0.000 | loss_scale 8.000 | wall 175 | train_wall 145
| epoch 001 | valid on 'valid' subset | loss 8.215 | nll_loss 6.314 | ppl 79.56 | num_updates 754
| epoch 002 | loss 6.932 | nll_loss 4.835 | ppl 28.55 | wps 62383 | ups 4 | wpb 14196.314 | bsz 743.583 | num_updates 1512 | lr 0.000378062 | gnorm 0.530 | clip 1.000 | oom 0.000 | loss_scale 8.000 | wall 348 | train_wall 291
| epoch 002 | valid on 'valid' subset | loss 7.718 | nll_loss 5.658 | ppl 50.5 | num_updates 1512
| epoch 003 | loss 6.121 | nll_loss 3.789 | ppl 13.82 | wps 61908 | ups 4 | wpb 14196.314 | bsz 743.583 | num_updates 2270 | lr 0.000567543 | gnorm 0.438 | clip 1.000 | oom 0.000 | loss_scale 8.000 | wall 523 | train_wall 438
| epoch 003 | valid on 'valid' subset | loss 7.213 | nll_loss 4.989 | ppl 31.76 | num_updates 2270
| epoch 004 | loss 5.688 | nll_loss 3.236 | ppl 9.42 | wps 61956 | ups 4 | wpb 14196.314 | bsz 743.583 | num_updates 3028 | lr 0.000757024 | gnorm 0.385 | clip 1.000 | oom 0.000 | loss_scale 8.000 | wall 698 | train_wall 583
| epoch 004 | valid on 'valid' subset | loss 7.011 | nll_loss 4.672 | ppl 25.5 | num_updates 3028
| epoch 005 | loss 5.446 | nll_loss 2.930 | ppl 7.62 | wps 62661 | ups 4 | wpb 14196.314 | bsz 743.583 | num_updates 3786 | lr 0.000946505 | gnorm 0.340 | clip 1.000 | oom 0.000 | loss_scale 8.000 | wall 870 | train_wall 729
| epoch 005 | valid on 'valid' subset | loss 6.852 | nll_loss 4.501 | ppl 22.64 | num_updates 3786
| epoch 006 | loss 5.284 | nll_loss 2.728 | ppl 6.62 | wps 62698 | ups 4 | wpb 14196.314 | bsz 743.583 | num_updates 4544 | lr 0.000938233 | gnorm 0.300 | clip 1.000 | oom 0.000 | loss_scale 16.000 | wall 1043 | train_wall 874
| epoch 006 | valid on 'valid' subset | loss 6.690 | nll_loss 4.275 | ppl 19.36 | num_updates 4544
| epoch 007 | loss 5.136 | nll_loss 2.544 | ppl 5.83 | wps 62436 | ups 4 | wpb 14196.314 | bsz 743.583 | num_updates 5302 | lr 0.000868581 | gnorm 0.265 | clip 1.000 | oom 0.000 | loss_scale 16.000 | wall 1216 | train_wall 1020
| epoch 007 | valid on 'valid' subset | loss 6.576 | nll_loss 4.139 | ppl 17.62 | num_updates 5302
| epoch 008 | loss 5.032 | nll_loss 2.415 | ppl 5.33 | wps 62676 | ups 4 | wpb 14196.314 | bsz 743.583 | num_updates 6060 | lr 0.000812444 | gnorm 0.246 | clip 1.000 | oom 0.000 | loss_scale 16.000 | wall 1388 | train_wall 1164
| epoch 008 | valid on 'valid' subset | loss 6.483 | nll_loss 4.017 | ppl 16.18 | num_updates 6060
| epoch 009 | loss 4.956 | nll_loss 2.320 | ppl 4.99 | wps 62280 | ups 4 | wpb 14196.314 | bsz 743.583 | num_updates 6818 | lr 0.000765952 | gnorm 0.230 | clip 1.000 | oom 0.000 | loss_scale 16.000 | wall 1562 | train_wall 1310
| epoch 009 | valid on 'valid' subset | loss 6.446 | nll_loss 3.961 | ppl 15.58 | num_updates 6818
| epoch 010 | loss 4.895 | nll_loss 2.245 | ppl 4.74 | wps 62217 | ups 4 | wpb 14196.314 | bsz 743.583 | num_updates 7576 | lr 0.000726624 | gnorm 0.221 | clip 1.000 | oom 0.000 | loss_scale 16.000 | wall 1736 | train_wall 1456
| epoch 010 | valid on 'valid' subset | loss 6.381 | nll_loss 3.912 | ppl 15.05 | num_updates 7576
| saved checkpoint ./checkpoints/2020-06-01T19-03-04-00-exp27-bpe7500-ne-060120-seed11-nonjoint/checkpoints_ne_en/checkpoint10.pt (epoch 10 @ 7576 updates) (writing took 0.7453446388244629 seconds)
| epoch 011 | loss 4.847 | nll_loss 2.186 | ppl 4.55 | wps 61776 | ups 4 | wpb 14196.314 | bsz 743.583 | num_updates 8334 | lr 0.000692793 | gnorm 0.214 | clip 1.000 | oom 0.000 | loss_scale 16.000 | wall 1911 | train_wall 1603
| epoch 011 | valid on 'valid' subset | loss 6.347 | nll_loss 3.859 | ppl 14.51 | num_updates 8334 | best_loss 6.34731
| epoch 012 | loss 4.807 | nll_loss 2.136 | ppl 4.4 | wps 62943 | ups 4 | wpb 14196.314 | bsz 743.583 | num_updates 9092 | lr 0.000663285 | gnorm 0.210 | clip 1.000 | oom 0.000 | loss_scale 32.000 | wall 2083 | train_wall 1748
| epoch 012 | valid on 'valid' subset | loss 6.313 | nll_loss 3.816 | ppl 14.08 | num_updates 9092 | best_loss 6.31338
| epoch 013 | loss 4.774 | nll_loss 2.096 | ppl 4.28 | wps 61762 | ups 4 | wpb 14196.314 | bsz 743.583 | num_updates 9850 | lr 0.000637253 | gnorm 0.206 | clip 1.000 | oom 0.000 | loss_scale 32.000 | wall 2258 | train_wall 1895
| epoch 013 | valid on 'valid' subset | loss 6.299 | nll_loss 3.791 | ppl 13.84 | num_updates 9850 | best_loss 6.29917
| epoch 014 | loss 4.743 | nll_loss 2.058 | ppl 4.16 | wps 62515 | ups 4 | wpb 14196.314 | bsz 743.583 | num_updates 10608 | lr 0.000614063 | gnorm 0.201 | clip 1.000 | oom 0.000 | loss_scale 32.000 | wall 2431 | train_wall 2040
| epoch 014 | valid on 'valid' subset | loss 6.283 | nll_loss 3.764 | ppl 13.59 | num_updates 10608 | best_loss 6.28325
| epoch 015 | loss 4.717 | nll_loss 2.027 | ppl 4.07 | wps 62218 | ups 4 | wpb 14196.314 | bsz 743.583 | num_updates 11366 | lr 0.000593234 | gnorm 0.198 | clip 1.000 | oom 0.000 | loss_scale 32.000 | wall 2605 | train_wall 2186
| epoch 015 | valid on 'valid' subset | loss 6.244 | nll_loss 3.738 | ppl 13.34 | num_updates 11366 | best_loss 6.24432
| epoch 016 | loss 4.696 | nll_loss 2.000 | ppl 4 | wps 61226 | ups 4 | wpb 14196.314 | bsz 743.583 | num_updates 12124 | lr 0.00057439 | gnorm 0.197 | clip 1.000 | oom 0.000 | loss_scale 32.000 | wall 2782 | train_wall 2333
| epoch 016 | valid on 'valid' subset | loss 6.236 | nll_loss 3.718 | ppl 13.16 | num_updates 12124 | best_loss 6.23619
| WARNING: overflow detected, setting loss scale to: 32.0
| epoch 017 | loss 4.675 | nll_loss 1.975 | ppl 3.93 | wps 61771 | ups 4 | wpb 14195.194 | bsz 741.268 | num_updates 12881 | lr 0.000557257 | gnorm 0.194 | clip 1.000 | oom 0.000 | loss_scale 32.000 | wall 2956 | train_wall 2480
| epoch 017 | valid on 'valid' subset | loss 6.198 | nll_loss 3.666 | ppl 12.69 | num_updates 12881 | best_loss 6.19779
| epoch 018 | loss 4.657 | nll_loss 1.953 | ppl 3.87 | wps 61994 | ups 4 | wpb 14196.314 | bsz 743.583 | num_updates 13639 | lr 0.00054155 | gnorm 0.194 | clip 1.000 | oom 0.000 | loss_scale 32.000 | wall 3131 | train_wall 2627
| epoch 018 | valid on 'valid' subset | loss 6.175 | nll_loss 3.641 | ppl 12.47 | num_updates 13639 | best_loss 6.17537
| epoch 019 | loss 4.640 | nll_loss 1.931 | ppl 3.81 | wps 61804 | ups 4 | wpb 14196.314 | bsz 743.583 | num_updates 14397 | lr 0.000527101 | gnorm 0.191 | clip 1.000 | oom 0.000 | loss_scale 32.000 | wall 3306 | train_wall 2774
| epoch 019 | valid on 'valid' subset | loss 6.199 | nll_loss 3.676 | ppl 12.78 | num_updates 14397 | best_loss 6.19867
| epoch 020 | loss 4.625 | nll_loss 1.913 | ppl 3.77 | wps 62055 | ups 4 | wpb 14196.314 | bsz 743.583 | num_updates 15155 | lr 0.00051375 | gnorm 0.191 | clip 1.000 | oom 0.000 | loss_scale 32.000 | wall 3480 | train_wall 2920
| epoch 020 | valid on 'valid' subset | loss 6.196 | nll_loss 3.665 | ppl 12.69 | num_updates 15155 | best_loss 6.19582
| saved checkpoint ./checkpoints/2020-06-01T19-03-04-00-exp27-bpe7500-ne-060120-seed11-nonjoint/checkpoints_ne_en/checkpoint20.pt (epoch 20 @ 15155 updates) (writing took 1.0090832710266113 seconds)
| epoch 021 | loss 4.612 | nll_loss 1.897 | ppl 3.72 | wps 62255 | ups 4 | wpb 14196.314 | bsz 743.583 | num_updates 15913 | lr 0.000501365 | gnorm 0.190 | clip 1.000 | oom 0.000 | loss_scale 32.000 | wall 3655 | train_wall 3066
| epoch 021 | valid on 'valid' subset | loss 6.198 | nll_loss 3.664 | ppl 12.68 | num_updates 15913 | best_loss 6.19582
| epoch 022 | loss 4.598 | nll_loss 1.880 | ppl 3.68 | wps 62459 | ups 4 | wpb 14196.314 | bsz 743.583 | num_updates 16671 | lr 0.000489834 | gnorm 0.189 | clip 1.000 | oom 0.000 | loss_scale 32.000 | wall 3828 | train_wall 3212
| epoch 022 | valid on 'valid' subset | loss 6.154 | nll_loss 3.617 | ppl 12.27 | num_updates 16671 | best_loss 6.15351
| epoch 023 | loss 4.586 | nll_loss 1.866 | ppl 3.65 | wps 62247 | ups 4 | wpb 14196.314 | bsz 743.583 | num_updates 17429 | lr 0.000479064 | gnorm 0.187 | clip 1.000 | oom 0.000 | loss_scale 64.000 | wall 4001 | train_wall 3358
| epoch 023 | valid on 'valid' subset | loss 6.172 | nll_loss 3.637 | ppl 12.44 | num_updates 17429 | best_loss 6.17233
| epoch 024 | loss 4.575 | nll_loss 1.853 | ppl 3.61 | wps 61962 | ups 4 | wpb 14196.314 | bsz 743.583 | num_updates 18187 | lr 0.000468975 | gnorm 0.188 | clip 1.000 | oom 0.000 | loss_scale 64.000 | wall 4176 | train_wall 3504
| epoch 024 | valid on 'valid' subset | loss 6.150 | nll_loss 3.611 | ppl 12.22 | num_updates 18187 | best_loss 6.15004
| WARNING: overflow detected, setting loss scale to: 32.0
| epoch 025 | loss 4.565 | nll_loss 1.840 | ppl 3.58 | wps 62230 | ups 4 | wpb 14195.085 | bsz 739.979 | num_updates 18944 | lr 0.000459509 | gnorm 0.188 | clip 1.000 | oom 0.000 | loss_scale 32.000 | wall 4349 | train_wall 3650
| epoch 025 | valid on 'valid' subset | loss 6.138 | nll_loss 3.594 | ppl 12.08 | num_updates 18944 | best_loss 6.13756
| epoch 026 | loss 4.555 | nll_loss 1.828 | ppl 3.55 | wps 61728 | ups 4 | wpb 14196.314 | bsz 743.583 | num_updates 19702 | lr 0.000450583 | gnorm 0.187 | clip 1.000 | oom 0.000 | loss_scale 32.000 | wall 4525 | train_wall 3796
| epoch 026 | valid on 'valid' subset | loss 6.132 | nll_loss 3.601 | ppl 12.14 | num_updates 19702 | best_loss 6.13246
| epoch 027 | loss 4.546 | nll_loss 1.817 | ppl 3.52 | wps 61923 | ups 4 | wpb 14196.314 | bsz 743.583 | num_updates 20460 | lr 0.000442158 | gnorm 0.186 | clip 1.000 | oom 0.000 | loss_scale 32.000 | wall 4699 | train_wall 3944
| epoch 027 | valid on 'valid' subset | loss 6.118 | nll_loss 3.577 | ppl 11.93 | num_updates 20460 | best_loss 6.11785
| epoch 028 | loss 4.538 | nll_loss 1.807 | ppl 3.5 | wps 62179 | ups 4 | wpb 14196.314 | bsz 743.583 | num_updates 21218 | lr 0.000434188 | gnorm 0.187 | clip 1.000 | oom 0.000 | loss_scale 32.000 | wall 4873 | train_wall 4090
| epoch 028 | valid on 'valid' subset | loss 6.107 | nll_loss 3.561 | ppl 11.81 | num_updates 21218 | best_loss 6.10748
| epoch 029 | loss 4.529 | nll_loss 1.796 | ppl 3.47 | wps 62230 | ups 4 | wpb 14196.314 | bsz 743.583 | num_updates 21976 | lr 0.000426634 | gnorm 0.186 | clip 1.000 | oom 0.000 | loss_scale 32.000 | wall 5047 | train_wall 4236
| epoch 029 | valid on 'valid' subset | loss 6.116 | nll_loss 3.573 | ppl 11.9 | num_updates 21976 | best_loss 6.11633
| epoch 030 | loss 4.522 | nll_loss 1.787 | ppl 3.45 | wps 62247 | ups 4 | wpb 14196.314 | bsz 743.583 | num_updates 22734 | lr 0.000419461 | gnorm 0.186 | clip 1.000 | oom 0.000 | loss_scale 32.000 | wall 5220 | train_wall 4382
| epoch 030 | valid on 'valid' subset | loss 6.118 | nll_loss 3.580 | ppl 11.96 | num_updates 22734 | best_loss 6.11788
| saved checkpoint ./checkpoints/2020-06-01T19-03-04-00-exp27-bpe7500-ne-060120-seed11-nonjoint/checkpoints_ne_en/checkpoint30.pt (epoch 30 @ 22734 updates) (writing took 1.048926591873169 seconds)
| WARNING: overflow detected, setting loss scale to: 32.0
| epoch 031 | loss 4.515 | nll_loss 1.779 | ppl 3.43 | wps 61931 | ups 4 | wpb 14196.646 | bsz 741.332 | num_updates 23491 | lr 0.000412648 | gnorm 0.185 | clip 1.000 | oom 0.000 | loss_scale 32.000 | wall 5396 | train_wall 4528
| epoch 031 | valid on 'valid' subset | loss 6.102 | nll_loss 3.558 | ppl 11.78 | num_updates 23491 | best_loss 6.10214
| epoch 032 | loss 4.508 | nll_loss 1.770 | ppl 3.41 | wps 61656 | ups 4 | wpb 14196.314 | bsz 743.583 | num_updates 24249 | lr 0.000406147 | gnorm 0.186 | clip 1.000 | oom 0.000 | loss_scale 32.000 | wall 5571 | train_wall 4675
| epoch 032 | valid on 'valid' subset | loss 6.098 | nll_loss 3.555 | ppl 11.76 | num_updates 24249 | best_loss 6.09814
| epoch 033 | loss 4.501 | nll_loss 1.762 | ppl 3.39 | wps 61914 | ups 4 | wpb 14196.314 | bsz 743.583 | num_updates 25007 | lr 0.000399944 | gnorm 0.185 | clip 1.000 | oom 0.000 | loss_scale 32.000 | wall 5746 | train_wall 4822
| epoch 033 | valid on 'valid' subset | loss 6.081 | nll_loss 3.536 | ppl 11.6 | num_updates 25007 | best_loss 6.08089
| epoch 034 | loss 4.495 | nll_loss 1.754 | ppl 3.37 | wps 61758 | ups 4 | wpb 14196.314 | bsz 743.583 | num_updates 25765 | lr 0.000394017 | gnorm 0.186 | clip 1.000 | oom 0.000 | loss_scale 32.000 | wall 5921 | train_wall 4969
| epoch 034 | valid on 'valid' subset | loss 6.091 | nll_loss 3.538 | ppl 11.62 | num_updates 25765 | best_loss 6.09055
| epoch 035 | loss 4.489 | nll_loss 1.747 | ppl 3.36 | wps 62499 | ups 4 | wpb 14196.314 | bsz 743.583 | num_updates 26523 | lr 0.000388346 | gnorm 0.185 | clip 1.000 | oom 0.000 | loss_scale 32.000 | wall 6094 | train_wall 5115
| epoch 035 | valid on 'valid' subset | loss 6.070 | nll_loss 3.523 | ppl 11.5 | num_updates 26523 | best_loss 6.07037
| epoch 036 | loss 4.483 | nll_loss 1.740 | ppl 3.34 | wps 62326 | ups 4 | wpb 14196.314 | bsz 743.583 | num_updates 27281 | lr 0.000382913 | gnorm 0.185 | clip 1.000 | oom 0.000 | loss_scale 64.000 | wall 6268 | train_wall 5261
| epoch 036 | valid on 'valid' subset | loss 6.090 | nll_loss 3.541 | ppl 11.64 | num_updates 27281 | best_loss 6.09034
| WARNING: overflow detected, setting loss scale to: 32.0
| epoch 037 | loss 4.477 | nll_loss 1.733 | ppl 3.32 | wps 61666 | ups 4 | wpb 14194.314 | bsz 741.300 | num_updates 28038 | lr 0.000377708 | gnorm 0.184 | clip 1.000 | oom 0.000 | loss_scale 32.000 | wall 6443 | train_wall 5408
| epoch 037 | valid on 'valid' subset | loss 6.080 | nll_loss 3.532 | ppl 11.57 | num_updates 28038 | best_loss 6.07994
| epoch 038 | loss 4.472 | nll_loss 1.726 | ppl 3.31 | wps 62097 | ups 4 | wpb 14196.314 | bsz 743.583 | num_updates 28796 | lr 0.000372704 | gnorm 0.185 | clip 1.000 | oom 0.000 | loss_scale 32.000 | wall 6617 | train_wall 5555
| epoch 038 | valid on 'valid' subset | loss 6.065 | nll_loss 3.516 | ppl 11.44 | num_updates 28796 | best_loss 6.06501
| epoch 039 | loss 4.467 | nll_loss 1.720 | ppl 3.3 | wps 62104 | ups 4 | wpb 14196.314 | bsz 743.583 | num_updates 29554 | lr 0.000367893 | gnorm 0.185 | clip 1.000 | oom 0.000 | loss_scale 32.000 | wall 6791 | train_wall 5701
| epoch 039 | valid on 'valid' subset | loss 6.073 | nll_loss 3.520 | ppl 11.47 | num_updates 29554 | best_loss 6.07265
| epoch 040 | loss 4.462 | nll_loss 1.715 | ppl 3.28 | wps 62613 | ups 4 | wpb 14196.314 | bsz 743.583 | num_updates 30312 | lr 0.000363264 | gnorm 0.185 | clip 1.000 | oom 0.000 | loss_scale 32.000 | wall 6963 | train_wall 5847
| epoch 040 | valid on 'valid' subset | loss 6.076 | nll_loss 3.524 | ppl 11.5 | num_updates 30312 | best_loss 6.07603
| saved checkpoint ./checkpoints/2020-06-01T19-03-04-00-exp27-bpe7500-ne-060120-seed11-nonjoint/checkpoints_ne_en/checkpoint40.pt (epoch 40 @ 30312 updates) (writing took 1.0589864253997803 seconds)
| epoch 041 | loss 4.457 | nll_loss 1.708 | ppl 3.27 | wps 62502 | ups 4 | wpb 14196.314 | bsz 743.583 | num_updates 31070 | lr 0.000358806 | gnorm 0.186 | clip 1.000 | oom 0.000 | loss_scale 32.000 | wall 7138 | train_wall 5993
| epoch 041 | valid on 'valid' subset | loss 6.086 | nll_loss 3.533 | ppl 11.58 | num_updates 31070 | best_loss 6.07603
| epoch 042 | loss 4.452 | nll_loss 1.703 | ppl 3.26 | wps 62214 | ups 4 | wpb 14196.314 | bsz 743.583 | num_updates 31828 | lr 0.000354507 | gnorm 0.185 | clip 1.000 | oom 0.000 | loss_scale 32.000 | wall 7311 | train_wall 6139
| epoch 042 | valid on 'valid' subset | loss 6.058 | nll_loss 3.511 | ppl 11.4 | num_updates 31828 | best_loss 6.05752
| epoch 043 | loss 4.448 | nll_loss 1.697 | ppl 3.24 | wps 62325 | ups 4 | wpb 14196.314 | bsz 743.583 | num_updates 32586 | lr 0.00035036 | gnorm 0.185 | clip 1.000 | oom 0.000 | loss_scale 64.000 | wall 7485 | train_wall 6284
| epoch 043 | valid on 'valid' subset | loss 6.048 | nll_loss 3.496 | ppl 11.29 | num_updates 32586 | best_loss 6.04783
| WARNING: overflow detected, setting loss scale to: 32.0
| epoch 044 | loss 4.444 | nll_loss 1.693 | ppl 3.23 | wps 62224 | ups 4 | wpb 14196.989 | bsz 743.308 | num_updates 33343 | lr 0.00034636 | gnorm 0.185 | clip 1.000 | oom 0.000 | loss_scale 32.000 | wall 7658 | train_wall 6430
| epoch 044 | valid on 'valid' subset | loss 6.062 | nll_loss 3.510 | ppl 11.4 | num_updates 33343 | best_loss 6.06155
| epoch 045 | loss 4.440 | nll_loss 1.688 | ppl 3.22 | wps 62125 | ups 4 | wpb 14196.314 | bsz 743.583 | num_updates 34101 | lr 0.000342489 | gnorm 0.185 | clip 1.000 | oom 0.000 | loss_scale 32.000 | wall 7832 | train_wall 6576
| epoch 045 | valid on 'valid' subset | loss 6.057 | nll_loss 3.506 | ppl 11.36 | num_updates 34101 | best_loss 6.0571
| WARNING: overflow detected, setting loss scale to: 16.0
| epoch 046 | loss 4.437 | nll_loss 1.684 | ppl 3.21 | wps 62548 | ups 4 | wpb 14195.077 | bsz 742.483 | num_updates 34858 | lr 0.00033875 | gnorm 0.186 | clip 1.000 | oom 0.000 | loss_scale 16.000 | wall 8005 | train_wall 6721
| epoch 046 | valid on 'valid' subset | loss 6.060 | nll_loss 3.507 | ppl 11.37 | num_updates 34858 | best_loss 6.06011
| epoch 047 | loss 4.432 | nll_loss 1.678 | ppl 3.2 | wps 62226 | ups 4 | wpb 14196.314 | bsz 743.583 | num_updates 35616 | lr 0.000335125 | gnorm 0.185 | clip 1.000 | oom 0.000 | loss_scale 16.000 | wall 8179 | train_wall 6867
| epoch 047 | valid on 'valid' subset | loss 6.073 | nll_loss 3.527 | ppl 11.53 | num_updates 35616 | best_loss 6.07347
| epoch 048 | loss 4.428 | nll_loss 1.673 | ppl 3.19 | wps 61827 | ups 4 | wpb 14196.314 | bsz 743.583 | num_updates 36374 | lr 0.000331615 | gnorm 0.186 | clip 1.000 | oom 0.000 | loss_scale 16.000 | wall 8354 | train_wall 7014
| epoch 048 | valid on 'valid' subset | loss 6.055 | nll_loss 3.501 | ppl 11.32 | num_updates 36374 | best_loss 6.05505
| epoch 049 | loss 4.424 | nll_loss 1.669 | ppl 3.18 | wps 61920 | ups 4 | wpb 14196.314 | bsz 743.583 | num_updates 37132 | lr 0.000328213 | gnorm 0.185 | clip 1.000 | oom 0.000 | loss_scale 16.000 | wall 8528 | train_wall 7160
| epoch 049 | valid on 'valid' subset | loss 6.060 | nll_loss 3.511 | ppl 11.4 | num_updates 37132 | best_loss 6.06036
| epoch 050 | loss 4.421 | nll_loss 1.665 | ppl 3.17 | wps 62253 | ups 4 | wpb 14196.314 | bsz 743.583 | num_updates 37890 | lr 0.000324913 | gnorm 0.186 | clip 1.000 | oom 0.000 | loss_scale 16.000 | wall 8702 | train_wall 7307
| epoch 050 | valid on 'valid' subset | loss 6.079 | nll_loss 3.528 | ppl 11.53 | num_updates 37890 | best_loss 6.07603
| saved checkpoint ./checkpoints/2020-06-01T19-03-04-00-exp27-bpe7500-ne-060120-seed11-nonjoint/checkpoints_ne_en/checkpoint50.pt (epoch 50 @ 37890 updates) (writing took 0.6773414611816406 seconds)
| epoch 051 | loss 4.418 | nll_loss 1.661 | ppl 3.16 | wps 61903 | ups 4 | wpb 14196.314 | bsz 743.583 | num_updates 38648 | lr 0.000321711 | gnorm 0.189 | clip 1.000 | oom 0.000 | loss_scale 32.000 | wall 8877 | train_wall 7453
| epoch 051 | valid on 'valid' subset | loss 6.072 | nll_loss 3.517 | ppl 11.45 | num_updates 38648 | best_loss 6.07158
| epoch 052 | loss 4.414 | nll_loss 1.657 | ppl 3.15 | wps 62462 | ups 4 | wpb 14196.314 | bsz 743.583 | num_updates 39406 | lr 0.000318602 | gnorm 0.186 | clip 1.000 | oom 0.000 | loss_scale 32.000 | wall 9051 | train_wall 7598
| epoch 052 | valid on 'valid' subset | loss 6.057 | nll_loss 3.503 | ppl 11.34 | num_updates 39406 | best_loss 6.0573
| epoch 053 | loss 4.411 | nll_loss 1.653 | ppl 3.14 | wps 62248 | ups 4 | wpb 14196.314 | bsz 743.583 | num_updates 40164 | lr 0.000315581 | gnorm 0.185 | clip 1.000 | oom 0.000 | loss_scale 32.000 | wall 9224 | train_wall 7744
| epoch 053 | valid on 'valid' subset | loss 6.046 | nll_loss 3.492 | ppl 11.25 | num_updates 40164 | best_loss 6.04581
| epoch 054 | loss 4.408 | nll_loss 1.649 | ppl 3.14 | wps 62381 | ups 4 | wpb 14196.314 | bsz 743.583 | num_updates 40922 | lr 0.000312645 | gnorm 0.186 | clip 1.000 | oom 0.000 | loss_scale 32.000 | wall 9397 | train_wall 7890
| epoch 054 | valid on 'valid' subset | loss 6.042 | nll_loss 3.490 | ppl 11.24 | num_updates 40922 | best_loss 6.04173
| epoch 055 | loss 4.405 | nll_loss 1.645 | ppl 3.13 | wps 61996 | ups 4 | wpb 14196.314 | bsz 743.583 | num_updates 41680 | lr 0.000309789 | gnorm 0.187 | clip 1.000 | oom 0.000 | loss_scale 32.000 | wall 9572 | train_wall 8036
| epoch 055 | valid on 'valid' subset | loss 6.044 | nll_loss 3.488 | ppl 11.22 | num_updates 41680 | best_loss 6.04361
| WARNING: overflow detected, setting loss scale to: 16.0
| epoch 056 | loss 4.402 | nll_loss 1.642 | ppl 3.12 | wps 62135 | ups 4 | wpb 14194.843 | bsz 743.213 | num_updates 42437 | lr 0.000307014 | gnorm 0.187 | clip 1.000 | oom 0.000 | loss_scale 16.000 | wall 9746 | train_wall 8181
| epoch 056 | valid on 'valid' subset | loss 6.031 | nll_loss 3.483 | ppl 11.18 | num_updates 42437 | best_loss 6.03141
| epoch 057 | loss 4.399 | nll_loss 1.638 | ppl 3.11 | wps 62746 | ups 4 | wpb 14196.314 | bsz 743.583 | num_updates 43195 | lr 0.000304308 | gnorm 0.187 | clip 1.000 | oom 0.000 | loss_scale 16.000 | wall 9918 | train_wall 8326
| epoch 057 | valid on 'valid' subset | loss 6.034 | nll_loss 3.482 | ppl 11.18 | num_updates 43195 | best_loss 6.03449
| epoch 058 | loss 4.397 | nll_loss 1.635 | ppl 3.11 | wps 62851 | ups 4 | wpb 14196.314 | bsz 743.583 | num_updates 43953 | lr 0.000301673 | gnorm 0.187 | clip 1.000 | oom 0.000 | loss_scale 16.000 | wall 10090 | train_wall 8471
| epoch 058 | valid on 'valid' subset | loss 6.041 | nll_loss 3.482 | ppl 11.17 | num_updates 43953 | best_loss 6.04077
| epoch 059 | loss 4.393 | nll_loss 1.632 | ppl 3.1 | wps 62121 | ups 4 | wpb 14196.314 | bsz 743.583 | num_updates 44711 | lr 0.000299104 | gnorm 0.186 | clip 1.000 | oom 0.000 | loss_scale 16.000 | wall 10264 | train_wall 8617
| epoch 059 | valid on 'valid' subset | loss 6.053 | nll_loss 3.503 | ppl 11.33 | num_updates 44711 | best_loss 6.05285
| epoch 060 | loss 4.390 | nll_loss 1.628 | ppl 3.09 | wps 62775 | ups 4 | wpb 14196.314 | bsz 743.583 | num_updates 45469 | lr 0.000296601 | gnorm 0.186 | clip 1.000 | oom 0.000 | loss_scale 16.000 | wall 10436 | train_wall 8762
| epoch 060 | valid on 'valid' subset | loss 6.036 | nll_loss 3.478 | ppl 11.14 | num_updates 45469 | best_loss 6.03584
| saved checkpoint ./checkpoints/2020-06-01T19-03-04-00-exp27-bpe7500-ne-060120-seed11-nonjoint/checkpoints_ne_en/checkpoint60.pt (epoch 60 @ 45469 updates) (writing took 1.0559840202331543 seconds)
| epoch 061 | loss 4.388 | nll_loss 1.626 | ppl 3.09 | wps 62377 | ups 4 | wpb 14196.314 | bsz 743.583 | num_updates 46227 | lr 0.000294159 | gnorm 0.187 | clip 1.000 | oom 0.000 | loss_scale 32.000 | wall 10611 | train_wall 8908
| epoch 061 | valid on 'valid' subset | loss 6.047 | nll_loss 3.496 | ppl 11.28 | num_updates 46227 | best_loss 6.03584
| WARNING: overflow detected, setting loss scale to: 16.0
| epoch 062 | loss 4.385 | nll_loss 1.621 | ppl 3.08 | wps 62656 | ups 4 | wpb 14198.017 | bsz 744.217 | num_updates 46984 | lr 0.00029178 | gnorm 0.186 | clip 1.000 | oom 0.000 | loss_scale 16.000 | wall 10783 | train_wall 9053
| epoch 062 | valid on 'valid' subset | loss 6.053 | nll_loss 3.498 | ppl 11.3 | num_updates 46984 | best_loss 6.03584
| epoch 063 | loss 4.383 | nll_loss 1.619 | ppl 3.07 | wps 62319 | ups 4 | wpb 14196.314 | bsz 743.583 | num_updates 47742 | lr 0.000289454 | gnorm 0.188 | clip 1.000 | oom 0.000 | loss_scale 16.000 | wall 10956 | train_wall 9199
| epoch 063 | valid on 'valid' subset | loss 6.041 | nll_loss 3.484 | ppl 11.19 | num_updates 47742 | best_loss 6.03584
| WARNING: overflow detected, setting loss scale to: 8.0
| epoch 064 | loss 4.381 | nll_loss 1.616 | ppl 3.06 | wps 62209 | ups 4 | wpb 14194.838 | bsz 743.213 | num_updates 48499 | lr 0.000287186 | gnorm 0.186 | clip 1.000 | oom 0.000 | loss_scale 8.000 | wall 11130 | train_wall 9344
| epoch 064 | valid on 'valid' subset | loss 6.020 | nll_loss 3.463 | ppl 11.03 | num_updates 48499 | best_loss 6.02004
| epoch 065 | loss 4.378 | nll_loss 1.613 | ppl 3.06 | wps 62493 | ups 4 | wpb 14196.314 | bsz 743.583 | num_updates 49257 | lr 0.000284968 | gnorm 0.188 | clip 1.000 | oom 0.000 | loss_scale 8.000 | wall 11303 | train_wall 9490
| epoch 065 | valid on 'valid' subset | loss 6.033 | nll_loss 3.474 | ppl 11.11 | num_updates 49257 | best_loss 6.03298
| epoch 066 | loss 4.376 | nll_loss 1.610 | ppl 3.05 | wps 62627 | ups 4 | wpb 14196.314 | bsz 743.583 | num_updates 50015 | lr 0.0002828 | gnorm 0.188 | clip 1.000 | oom 0.000 | loss_scale 8.000 | wall 11476 | train_wall 9635
| epoch 066 | valid on 'valid' subset | loss 6.029 | nll_loss 3.475 | ppl 11.12 | num_updates 50015 | best_loss 6.02934
| epoch 067 | loss 4.373 | nll_loss 1.607 | ppl 3.05 | wps 62422 | ups 4 | wpb 14196.314 | bsz 743.583 | num_updates 50773 | lr 0.000280681 | gnorm 0.188 | clip 1.000 | oom 0.000 | loss_scale 8.000 | wall 11649 | train_wall 9781
| epoch 067 | valid on 'valid' subset | loss 6.049 | nll_loss 3.491 | ppl 11.25 | num_updates 50773 | best_loss 6.03584
| epoch 068 | loss 4.371 | nll_loss 1.605 | ppl 3.04 | wps 61820 | ups 4 | wpb 14196.314 | bsz 743.583 | num_updates 51531 | lr 0.000278609 | gnorm 0.189 | clip 1.000 | oom 0.000 | loss_scale 8.000 | wall 11824 | train_wall 9928
| epoch 068 | valid on 'valid' subset | loss 6.035 | nll_loss 3.479 | ppl 11.15 | num_updates 51531 | best_loss 6.0348
| epoch 069 | loss 4.369 | nll_loss 1.602 | ppl 3.04 | wps 62292 | ups 4 | wpb 14196.314 | bsz 743.583 | num_updates 52289 | lr 0.000276583 | gnorm 0.187 | clip 1.000 | oom 0.000 | loss_scale 16.000 | wall 11997 | train_wall 10073
| epoch 069 | valid on 'valid' subset | loss 6.037 | nll_loss 3.482 | ppl 11.17 | num_updates 52289 | best_loss 6.03584
| epoch 070 | loss 4.367 | nll_loss 1.600 | ppl 3.03 | wps 61883 | ups 4 | wpb 14196.314 | bsz 743.583 | num_updates 53047 | lr 0.000274599 | gnorm 0.189 | clip 1.000 | oom 0.000 | loss_scale 16.000 | wall 12172 | train_wall 10220
| epoch 070 | valid on 'valid' subset | loss 6.045 | nll_loss 3.492 | ppl 11.25 | num_updates 53047 | best_loss 6.03584
| saved checkpoint ./checkpoints/2020-06-01T19-03-04-00-exp27-bpe7500-ne-060120-seed11-nonjoint/checkpoints_ne_en/checkpoint70.pt (epoch 70 @ 53047 updates) (writing took 0.684391975402832 seconds)
| epoch 071 | loss 4.365 | nll_loss 1.597 | ppl 3.02 | wps 62572 | ups 4 | wpb 14196.314 | bsz 743.583 | num_updates 53805 | lr 0.000272658 | gnorm 0.188 | clip 1.000 | oom 0.000 | loss_scale 16.000 | wall 12345 | train_wall 10365
| epoch 071 | valid on 'valid' subset | loss 6.036 | nll_loss 3.478 | ppl 11.14 | num_updates 53805 | best_loss 6.03584
| epoch 072 | loss 4.363 | nll_loss 1.594 | ppl 3.02 | wps 62465 | ups 4 | wpb 14196.314 | bsz 743.583 | num_updates 54563 | lr 0.000270758 | gnorm 0.188 | clip 1.000 | oom 0.000 | loss_scale 16.000 | wall 12518 | train_wall 10511
| epoch 072 | valid on 'valid' subset | loss 6.043 | nll_loss 3.490 | ppl 11.24 | num_updates 54563 | best_loss 6.03584
| epoch 073 | loss 4.360 | nll_loss 1.592 | ppl 3.01 | wps 61841 | ups 4 | wpb 14196.314 | bsz 743.583 | num_updates 55321 | lr 0.000268896 | gnorm 0.189 | clip 1.000 | oom 0.000 | loss_scale 16.000 | wall 12693 | train_wall 10657
| epoch 073 | valid on 'valid' subset | loss 6.018 | nll_loss 3.464 | ppl 11.03 | num_updates 55321 | best_loss 6.0184
| epoch 074 | loss 4.359 | nll_loss 1.590 | ppl 3.01 | wps 61997 | ups 4 | wpb 14196.314 | bsz 743.583 | num_updates 56079 | lr 0.000267073 | gnorm 0.190 | clip 1.000 | oom 0.000 | loss_scale 16.000 | wall 12868 | train_wall 10803
| epoch 074 | valid on 'valid' subset | loss 6.024 | nll_loss 3.467 | ppl 11.06 | num_updates 56079 | best_loss 6.0242
| epoch 075 | loss 4.357 | nll_loss 1.588 | ppl 3.01 | wps 62192 | ups 4 | wpb 14196.314 | bsz 743.583 | num_updates 56837 | lr 0.000265286 | gnorm 0.188 | clip 1.000 | oom 0.000 | loss_scale 32.000 | wall 13042 | train_wall 10949
| epoch 075 | valid on 'valid' subset | loss 6.033 | nll_loss 3.472 | ppl 11.1 | num_updates 56837 | best_loss 6.0331
| epoch 076 | loss 4.355 | nll_loss 1.584 | ppl 3 | wps 62447 | ups 4 | wpb 14196.314 | bsz 743.583 | num_updates 57595 | lr 0.000263535 | gnorm 0.189 | clip 1.000 | oom 0.000 | loss_scale 32.000 | wall 13215 | train_wall 11095
| epoch 076 | valid on 'valid' subset | loss 6.020 | nll_loss 3.460 | ppl 11 | num_updates 57595 | best_loss 6.01975
| epoch 077 | loss 4.353 | nll_loss 1.582 | ppl 2.99 | wps 62860 | ups 4 | wpb 14196.314 | bsz 743.583 | num_updates 58353 | lr 0.000261817 | gnorm 0.189 | clip 1.000 | oom 0.000 | loss_scale 32.000 | wall 13387 | train_wall 11239
| epoch 077 | valid on 'valid' subset | loss 6.035 | nll_loss 3.476 | ppl 11.12 | num_updates 58353 | best_loss 6.03545
| epoch 078 | loss 4.352 | nll_loss 1.581 | ppl 2.99 | wps 63001 | ups 4 | wpb 14196.314 | bsz 743.583 | num_updates 59111 | lr 0.000260133 | gnorm 0.189 | clip 1.000 | oom 0.000 | loss_scale 32.000 | wall 13558 | train_wall 11383
| epoch 078 | valid on 'valid' subset | loss 6.033 | nll_loss 3.477 | ppl 11.14 | num_updates 59111 | best_loss 6.03277
| WARNING: overflow detected, setting loss scale to: 16.0
| epoch 079 | loss 4.349 | nll_loss 1.577 | ppl 2.98 | wps 62377 | ups 4 | wpb 14194.326 | bsz 744.259 | num_updates 59868 | lr 0.000258483 | gnorm 0.189 | clip 1.000 | oom 0.000 | loss_scale 16.000 | wall 13731 | train_wall 11529
| epoch 079 | valid on 'valid' subset | loss 6.026 | nll_loss 3.467 | ppl 11.06 | num_updates 59868 | best_loss 6.02614
| epoch 080 | loss 4.347 | nll_loss 1.576 | ppl 2.98 | wps 62671 | ups 4 | wpb 14196.314 | bsz 743.583 | num_updates 60626 | lr 0.000256862 | gnorm 0.190 | clip 1.000 | oom 0.000 | loss_scale 16.000 | wall 13904 | train_wall 11674
| epoch 080 | valid on 'valid' subset | loss 6.031 | nll_loss 3.477 | ppl 11.13 | num_updates 60626 | best_loss 6.03104
| saved checkpoint ./checkpoints/2020-06-01T19-03-04-00-exp27-bpe7500-ne-060120-seed11-nonjoint/checkpoints_ne_en/checkpoint80.pt (epoch 80 @ 60626 updates) (writing took 1.040801763534546 seconds)
| epoch 081 | loss 4.346 | nll_loss 1.574 | ppl 2.98 | wps 63058 | ups 4 | wpb 14196.314 | bsz 743.583 | num_updates 61384 | lr 0.000255272 | gnorm 0.189 | clip 1.000 | oom 0.000 | loss_scale 16.000 | wall 14076 | train_wall 11818
| epoch 081 | valid on 'valid' subset | loss 6.038 | nll_loss 3.483 | ppl 11.18 | num_updates 61384 | best_loss 6.03104
| epoch 082 | loss 4.344 | nll_loss 1.572 | ppl 2.97 | wps 61911 | ups 4 | wpb 14196.314 | bsz 743.583 | num_updates 62142 | lr 0.00025371 | gnorm 0.190 | clip 1.000 | oom 0.000 | loss_scale 16.000 | wall 14251 | train_wall 11965
| epoch 082 | valid on 'valid' subset | loss 6.026 | nll_loss 3.466 | ppl 11.05 | num_updates 62142 | best_loss 6.02571
| WARNING: overflow detected, setting loss scale to: 8.0
| epoch 083 | loss 4.343 | nll_loss 1.570 | ppl 2.97 | wps 62300 | ups 4 | wpb 14197.478 | bsz 743.826 | num_updates 62899 | lr 0.000252179 | gnorm 0.190 | clip 1.000 | oom 0.000 | loss_scale 8.000 | wall 14424 | train_wall 12110
| epoch 083 | valid on 'valid' subset | loss 6.031 | nll_loss 3.477 | ppl 11.13 | num_updates 62899 | best_loss 6.03104
| epoch 084 | loss 4.341 | nll_loss 1.568 | ppl 2.97 | wps 62057 | ups 4 | wpb 14196.314 | bsz 743.583 | num_updates 63657 | lr 0.000250673 | gnorm 0.189 | clip 1.000 | oom 0.000 | loss_scale 8.000 | wall 14599 | train_wall 12257
| epoch 084 | valid on 'valid' subset | loss 6.033 | nll_loss 3.473 | ppl 11.1 | num_updates 63657 | best_loss 6.03104
| epoch 085 | loss 4.339 | nll_loss 1.565 | ppl 2.96 | wps 62274 | ups 4 | wpb 14196.314 | bsz 743.583 | num_updates 64415 | lr 0.000249193 | gnorm 0.189 | clip 1.000 | oom 0.000 | loss_scale 8.000 | wall 14772 | train_wall 12402
| epoch 085 | valid on 'valid' subset | loss 6.018 | nll_loss 3.459 | ppl 10.99 | num_updates 64415 | best_loss 6.01771
| epoch 086 | loss 4.338 | nll_loss 1.564 | ppl 2.96 | wps 62386 | ups 4 | wpb 14196.314 | bsz 743.583 | num_updates 65173 | lr 0.00024774 | gnorm 0.190 | clip 1.000 | oom 0.000 | loss_scale 8.000 | wall 14946 | train_wall 12548
| epoch 086 | valid on 'valid' subset | loss 6.024 | nll_loss 3.465 | ppl 11.04 | num_updates 65173 | best_loss 6.02424
| epoch 087 | loss 4.336 | nll_loss 1.562 | ppl 2.95 | wps 62467 | ups 4 | wpb 14196.314 | bsz 743.583 | num_updates 65931 | lr 0.000246312 | gnorm 0.190 | clip 1.000 | oom 0.000 | loss_scale 8.000 | wall 15119 | train_wall 12693
| epoch 087 | valid on 'valid' subset | loss 6.022 | nll_loss 3.464 | ppl 11.04 | num_updates 65931 | best_loss 6.02209
| epoch 088 | loss 4.335 | nll_loss 1.560 | ppl 2.95 | wps 62795 | ups 4 | wpb 14196.314 | bsz 743.583 | num_updates 66689 | lr 0.000244908 | gnorm 0.190 | clip 1.000 | oom 0.000 | loss_scale 16.000 | wall 15291 | train_wall 12838
| epoch 088 | valid on 'valid' subset | loss 6.021 | nll_loss 3.462 | ppl 11.02 | num_updates 66689 | best_loss 6.0207
| epoch 089 | loss 4.333 | nll_loss 1.558 | ppl 2.94 | wps 62413 | ups 4 | wpb 14196.314 | bsz 743.583 | num_updates 67447 | lr 0.000243528 | gnorm 0.191 | clip 1.000 | oom 0.000 | loss_scale 16.000 | wall 15464 | train_wall 12984
| epoch 089 | valid on 'valid' subset | loss 6.027 | nll_loss 3.469 | ppl 11.07 | num_updates 67447 | best_loss 6.02659
| epoch 090 | loss 4.332 | nll_loss 1.557 | ppl 2.94 | wps 62175 | ups 4 | wpb 14196.314 | bsz 743.583 | num_updates 68205 | lr 0.000242171 | gnorm 0.192 | clip 1.000 | oom 0.000 | loss_scale 16.000 | wall 15638 | train_wall 13130
| epoch 090 | valid on 'valid' subset | loss 6.021 | nll_loss 3.461 | ppl 11.01 | num_updates 68205 | best_loss 6.02113
| saved checkpoint ./checkpoints/2020-06-01T19-03-04-00-exp27-bpe7500-ne-060120-seed11-nonjoint/checkpoints_ne_en/checkpoint90.pt (epoch 90 @ 68205 updates) (writing took 1.0405960083007812 seconds)
| epoch 091 | loss 4.330 | nll_loss 1.554 | ppl 2.94 | wps 61888 | ups 4 | wpb 14196.314 | bsz 743.583 | num_updates 68963 | lr 0.000240836 | gnorm 0.193 | clip 1.000 | oom 0.000 | loss_scale 16.000 | wall 15814 | train_wall 13277
| epoch 091 | valid on 'valid' subset | loss 6.019 | nll_loss 3.459 | ppl 10.99 | num_updates 68963 | best_loss 6.01912
| epoch 092 | loss 4.328 | nll_loss 1.553 | ppl 2.93 | wps 62003 | ups 4 | wpb 14196.314 | bsz 743.583 | num_updates 69721 | lr 0.000239524 | gnorm 0.191 | clip 1.000 | oom 0.000 | loss_scale 16.000 | wall 15988 | train_wall 13423
| epoch 092 | valid on 'valid' subset | loss 6.031 | nll_loss 3.470 | ppl 11.08 | num_updates 69721 | best_loss 6.02113
| epoch 093 | loss 4.327 | nll_loss 1.551 | ppl 2.93 | wps 61843 | ups 4 | wpb 14196.314 | bsz 743.583 | num_updates 70479 | lr 0.000238232 | gnorm 0.191 | clip 1.000 | oom 0.000 | loss_scale 16.000 | wall 16163 | train_wall 13570
| epoch 093 | valid on 'valid' subset | loss 6.015 | nll_loss 3.454 | ppl 10.96 | num_updates 70479 | best_loss 6.01458
| epoch 094 | loss 4.326 | nll_loss 1.550 | ppl 2.93 | wps 62642 | ups 4 | wpb 14196.314 | bsz 743.583 | num_updates 71237 | lr 0.000236961 | gnorm 0.191 | clip 1.000 | oom 0.000 | loss_scale 32.000 | wall 16335 | train_wall 13715
| epoch 094 | valid on 'valid' subset | loss 6.010 | nll_loss 3.447 | ppl 10.9 | num_updates 71237 | best_loss 6.0101
| epoch 095 | loss 4.324 | nll_loss 1.548 | ppl 2.92 | wps 61838 | ups 4 | wpb 14196.314 | bsz 743.583 | num_updates 71995 | lr 0.00023571 | gnorm 0.191 | clip 1.000 | oom 0.000 | loss_scale 32.000 | wall 16510 | train_wall 13862
| epoch 095 | valid on 'valid' subset | loss 6.020 | nll_loss 3.461 | ppl 11.01 | num_updates 71995 | best_loss 6.02027
| WARNING: overflow detected, setting loss scale to: 16.0
| epoch 096 | loss 4.323 | nll_loss 1.546 | ppl 2.92 | wps 62102 | ups 4 | wpb 14196.203 | bsz 743.604 | num_updates 72752 | lr 0.000234481 | gnorm 0.192 | clip 1.000 | oom 0.000 | loss_scale 16.000 | wall 16684 | train_wall 14007
| epoch 096 | valid on 'valid' subset | loss 6.020 | nll_loss 3.461 | ppl 11.01 | num_updates 72752 | best_loss 6.02041
| epoch 097 | loss 4.321 | nll_loss 1.544 | ppl 2.92 | wps 61549 | ups 4 | wpb 14196.314 | bsz 743.583 | num_updates 73510 | lr 0.000233269 | gnorm 0.191 | clip 1.000 | oom 0.000 | loss_scale 16.000 | wall 16860 | train_wall 14154
| epoch 097 | valid on 'valid' subset | loss 6.010 | nll_loss 3.449 | ppl 10.92 | num_updates 73510 | best_loss 6.01002
| epoch 098 | loss 4.320 | nll_loss 1.543 | ppl 2.91 | wps 62163 | ups 4 | wpb 14196.314 | bsz 743.583 | num_updates 74268 | lr 0.000232075 | gnorm 0.192 | clip 1.000 | oom 0.000 | loss_scale 16.000 | wall 17034 | train_wall 14300
| epoch 098 | valid on 'valid' subset | loss 6.018 | nll_loss 3.458 | ppl 10.99 | num_updates 74268 | best_loss 6.01805
| epoch 099 | loss 4.318 | nll_loss 1.541 | ppl 2.91 | wps 61644 | ups 4 | wpb 14196.314 | bsz 743.583 | num_updates 75026 | lr 0.0002309 | gnorm 0.191 | clip 1.000 | oom 0.000 | loss_scale 16.000 | wall 17209 | train_wall 14447
| epoch 099 | valid on 'valid' subset | loss 6.037 | nll_loss 3.482 | ppl 11.17 | num_updates 75026 | best_loss 6.02113
| epoch 100 | loss 4.318 | nll_loss 1.540 | ppl 2.91 | wps 61308 | ups 4 | wpb 14196.314 | bsz 743.583 | num_updates 75784 | lr 0.000229742 | gnorm 0.193 | clip 1.000 | oom 0.000 | loss_scale 16.000 | wall 17386 | train_wall 14595
| epoch 100 | valid on 'valid' subset | loss 6.018 | nll_loss 3.458 | ppl 10.99 | num_updates 75784 | best_loss 6.01757
| saved checkpoint ./checkpoints/2020-06-01T19-03-04-00-exp27-bpe7500-ne-060120-seed11-nonjoint/checkpoints_ne_en/checkpoint100.pt (epoch 100 @ 75784 updates) (writing took 1.0709514617919922 seconds)
| done training in 17383.0 seconds
Done training.
Time at end: Mon Jun 1 23:53:14 EDT 2020
