================ FLORES BASELINE WITH CLIP_NORM=0.1, BPE=7500 AND SEED=11  ================
About to train the supervised for the following language pair: EN-NE
Checkpoint directory unset! Setting to default value...
CHECKPOINT_DIR is set to './checkpoints/2020-04-06T22-42-04-00-exp25-bpe7500-seed11/checkpoints_en_ne'
Creating checkpoint directory if it doesn't exist...
Data folder is: data-bin/wiki_ne_en_bpe7500/
Beginning training...
Time at beginning: Tue Apr 7 02:08:40 EDT 2020
Namespace(activation_dropout=0.2, activation_fn='relu', adam_betas='(0.9, 0.98)', adam_eps=1e-08, adaptive_input=False, adaptive_softmax_cutoff=None, adaptive_softmax_dropout=0, arch='transformer', attention_dropout=0.2, best_checkpoint_metric='loss', bpe=None, bucket_cap_mb=25, clip_norm=0.1, cpu=False, criterion='label_smoothed_cross_entropy', cross_self_attention=False, curriculum=0, data='data-bin/wiki_ne_en_bpe7500/', dataset_impl=None, ddp_backend='c10d', decoder_attention_heads=2, decoder_embed_dim=512, decoder_embed_path=None, decoder_ffn_embed_dim=2048, decoder_input_dim=512, decoder_layerdrop=0, decoder_layers=5, decoder_layers_to_keep=None, decoder_learned_pos=False, decoder_normalize_before=True, decoder_output_dim=512, device_id=0, disable_validation=False, distributed_backend='nccl', distributed_init_method=None, distributed_no_spawn=False, distributed_port=-1, distributed_rank=0, distributed_world_size=1, dropout=0.4, empty_cache_freq=0, encoder_attention_heads=2, encoder_embed_dim=512, encoder_embed_path=None, encoder_ffn_embed_dim=2048, encoder_layerdrop=0, encoder_layers=5, encoder_layers_to_keep=None, encoder_learned_pos=False, encoder_normalize_before=True, fast_stat_sync=False, find_unused_parameters=False, fix_batches_to_gpus=False, fixed_validation_seed=None, fp16=True, fp16_init_scale=128, fp16_scale_tolerance=0.0, fp16_scale_window=None, keep_interval_updates=-1, keep_last_epochs=-1, label_smoothing=0.2, layer_wise_attention=False, layernorm_embedding=False, lazy_load=False, left_pad_source='True', left_pad_target='False', load_alignments=False, log_format=None, log_interval=1000, lr=[0.001], lr_scheduler='inverse_sqrt', max_epoch=100, max_sentences=None, max_sentences_valid=None, max_source_positions=1024, max_target_positions=1024, max_tokens=4000, max_tokens_valid=4000, max_update=0, maximize_best_checkpoint_metric=False, memory_efficient_fp16=False, min_loss_scale=0.0001, min_lr=1e-09, no_cross_attention=False, no_epoch_checkpoints=False, no_last_checkpoints=False, no_progress_bar=False, no_save=False, no_save_optimizer_state=False, no_scale_embedding=False, no_token_positional_embeddings=False, num_workers=1, optimizer='adam', optimizer_overrides='{}', raw_text=False, required_batch_size_multiple=8, reset_dataloader=False, reset_lr_scheduler=False, reset_meters=False, reset_optimizer=False, restore_file='checkpoint_last.pt', save_dir='./checkpoints/2020-04-06T22-42-04-00-exp25-bpe7500-seed11/checkpoints_en_ne', save_interval=10, save_interval_updates=0, seed=11, sentence_avg=False, share_all_embeddings=True, share_decoder_input_output_embed=False, skip_invalid_size_inputs_valid_test=False, source_lang='en', target_lang='ne', task='translation', tensorboard_logdir='', threshold_loss_scale=None, tokenizer=None, train_subset='train', truncate_source=False, update_freq=[4], upsample_primary=1, use_bmuf=False, user_dir=None, valid_subset='valid', validate_interval=1, warmup_init_lr=1e-07, warmup_updates=4000, weight_decay=0.0001)
| [en] dictionary: 7496 types
| [ne] dictionary: 7496 types
| loaded 2559 examples from: data-bin/wiki_ne_en_bpe7500/valid.ne-en.en
| loaded 2559 examples from: data-bin/wiki_ne_en_bpe7500/valid.ne-en.ne
| data-bin/wiki_ne_en_bpe7500/ valid en-ne 2559 examples
TransformerModel(
  (encoder): TransformerEncoder(
    (embed_tokens): Embedding(7496, 512, padding_idx=1)
    (embed_positions): SinusoidalPositionalEmbedding()
    (layers): ModuleList(
      (0): TransformerEncoderLayer(
        (self_attn): MultiheadAttention(
          (k_proj): Linear(in_features=512, out_features=512, bias=True)
          (v_proj): Linear(in_features=512, out_features=512, bias=True)
          (q_proj): Linear(in_features=512, out_features=512, bias=True)
          (out_proj): Linear(in_features=512, out_features=512, bias=True)
        )
        (self_attn_layer_norm): LayerNorm((512,), eps=1e-05, elementwise_affine=True)
        (fc1): Linear(in_features=512, out_features=2048, bias=True)
        (fc2): Linear(in_features=2048, out_features=512, bias=True)
        (final_layer_norm): LayerNorm((512,), eps=1e-05, elementwise_affine=True)
      )
      (1): TransformerEncoderLayer(
        (self_attn): MultiheadAttention(
          (k_proj): Linear(in_features=512, out_features=512, bias=True)
          (v_proj): Linear(in_features=512, out_features=512, bias=True)
          (q_proj): Linear(in_features=512, out_features=512, bias=True)
          (out_proj): Linear(in_features=512, out_features=512, bias=True)
        )
        (self_attn_layer_norm): LayerNorm((512,), eps=1e-05, elementwise_affine=True)
        (fc1): Linear(in_features=512, out_features=2048, bias=True)
        (fc2): Linear(in_features=2048, out_features=512, bias=True)
        (final_layer_norm): LayerNorm((512,), eps=1e-05, elementwise_affine=True)
      )
      (2): TransformerEncoderLayer(
        (self_attn): MultiheadAttention(
          (k_proj): Linear(in_features=512, out_features=512, bias=True)
          (v_proj): Linear(in_features=512, out_features=512, bias=True)
          (q_proj): Linear(in_features=512, out_features=512, bias=True)
          (out_proj): Linear(in_features=512, out_features=512, bias=True)
        )
        (self_attn_layer_norm): LayerNorm((512,), eps=1e-05, elementwise_affine=True)
        (fc1): Linear(in_features=512, out_features=2048, bias=True)
        (fc2): Linear(in_features=2048, out_features=512, bias=True)
        (final_layer_norm): LayerNorm((512,), eps=1e-05, elementwise_affine=True)
      )
      (3): TransformerEncoderLayer(
        (self_attn): MultiheadAttention(
          (k_proj): Linear(in_features=512, out_features=512, bias=True)
          (v_proj): Linear(in_features=512, out_features=512, bias=True)
          (q_proj): Linear(in_features=512, out_features=512, bias=True)
          (out_proj): Linear(in_features=512, out_features=512, bias=True)
        )
        (self_attn_layer_norm): LayerNorm((512,), eps=1e-05, elementwise_affine=True)
        (fc1): Linear(in_features=512, out_features=2048, bias=True)
        (fc2): Linear(in_features=2048, out_features=512, bias=True)
        (final_layer_norm): LayerNorm((512,), eps=1e-05, elementwise_affine=True)
      )
      (4): TransformerEncoderLayer(
        (self_attn): MultiheadAttention(
          (k_proj): Linear(in_features=512, out_features=512, bias=True)
          (v_proj): Linear(in_features=512, out_features=512, bias=True)
          (q_proj): Linear(in_features=512, out_features=512, bias=True)
          (out_proj): Linear(in_features=512, out_features=512, bias=True)
        )
        (self_attn_layer_norm): LayerNorm((512,), eps=1e-05, elementwise_affine=True)
        (fc1): Linear(in_features=512, out_features=2048, bias=True)
        (fc2): Linear(in_features=2048, out_features=512, bias=True)
        (final_layer_norm): LayerNorm((512,), eps=1e-05, elementwise_affine=True)
      )
    )
    (layer_norm): LayerNorm((512,), eps=1e-05, elementwise_affine=True)
  )
  (decoder): TransformerDecoder(
    (embed_tokens): Embedding(7496, 512, padding_idx=1)
    (embed_positions): SinusoidalPositionalEmbedding()
    (layers): ModuleList(
      (0): TransformerDecoderLayer(
        (self_attn): MultiheadAttention(
          (k_proj): Linear(in_features=512, out_features=512, bias=True)
          (v_proj): Linear(in_features=512, out_features=512, bias=True)
          (q_proj): Linear(in_features=512, out_features=512, bias=True)
          (out_proj): Linear(in_features=512, out_features=512, bias=True)
        )
        (self_attn_layer_norm): LayerNorm((512,), eps=1e-05, elementwise_affine=True)
        (encoder_attn): MultiheadAttention(
          (k_proj): Linear(in_features=512, out_features=512, bias=True)
          (v_proj): Linear(in_features=512, out_features=512, bias=True)
          (q_proj): Linear(in_features=512, out_features=512, bias=True)
          (out_proj): Linear(in_features=512, out_features=512, bias=True)
        )
        (encoder_attn_layer_norm): LayerNorm((512,), eps=1e-05, elementwise_affine=True)
        (fc1): Linear(in_features=512, out_features=2048, bias=True)
        (fc2): Linear(in_features=2048, out_features=512, bias=True)
        (final_layer_norm): LayerNorm((512,), eps=1e-05, elementwise_affine=True)
      )
      (1): TransformerDecoderLayer(
        (self_attn): MultiheadAttention(
          (k_proj): Linear(in_features=512, out_features=512, bias=True)
          (v_proj): Linear(in_features=512, out_features=512, bias=True)
          (q_proj): Linear(in_features=512, out_features=512, bias=True)
          (out_proj): Linear(in_features=512, out_features=512, bias=True)
        )
        (self_attn_layer_norm): LayerNorm((512,), eps=1e-05, elementwise_affine=True)
        (encoder_attn): MultiheadAttention(
          (k_proj): Linear(in_features=512, out_features=512, bias=True)
          (v_proj): Linear(in_features=512, out_features=512, bias=True)
          (q_proj): Linear(in_features=512, out_features=512, bias=True)
          (out_proj): Linear(in_features=512, out_features=512, bias=True)
        )
        (encoder_attn_layer_norm): LayerNorm((512,), eps=1e-05, elementwise_affine=True)
        (fc1): Linear(in_features=512, out_features=2048, bias=True)
        (fc2): Linear(in_features=2048, out_features=512, bias=True)
        (final_layer_norm): LayerNorm((512,), eps=1e-05, elementwise_affine=True)
      )
      (2): TransformerDecoderLayer(
        (self_attn): MultiheadAttention(
          (k_proj): Linear(in_features=512, out_features=512, bias=True)
          (v_proj): Linear(in_features=512, out_features=512, bias=True)
          (q_proj): Linear(in_features=512, out_features=512, bias=True)
          (out_proj): Linear(in_features=512, out_features=512, bias=True)
        )
        (self_attn_layer_norm): LayerNorm((512,), eps=1e-05, elementwise_affine=True)
        (encoder_attn): MultiheadAttention(
          (k_proj): Linear(in_features=512, out_features=512, bias=True)
          (v_proj): Linear(in_features=512, out_features=512, bias=True)
          (q_proj): Linear(in_features=512, out_features=512, bias=True)
          (out_proj): Linear(in_features=512, out_features=512, bias=True)
        )
        (encoder_attn_layer_norm): LayerNorm((512,), eps=1e-05, elementwise_affine=True)
        (fc1): Linear(in_features=512, out_features=2048, bias=True)
        (fc2): Linear(in_features=2048, out_features=512, bias=True)
        (final_layer_norm): LayerNorm((512,), eps=1e-05, elementwise_affine=True)
      )
      (3): TransformerDecoderLayer(
        (self_attn): MultiheadAttention(
          (k_proj): Linear(in_features=512, out_features=512, bias=True)
          (v_proj): Linear(in_features=512, out_features=512, bias=True)
          (q_proj): Linear(in_features=512, out_features=512, bias=True)
          (out_proj): Linear(in_features=512, out_features=512, bias=True)
        )
        (self_attn_layer_norm): LayerNorm((512,), eps=1e-05, elementwise_affine=True)
        (encoder_attn): MultiheadAttention(
          (k_proj): Linear(in_features=512, out_features=512, bias=True)
          (v_proj): Linear(in_features=512, out_features=512, bias=True)
          (q_proj): Linear(in_features=512, out_features=512, bias=True)
          (out_proj): Linear(in_features=512, out_features=512, bias=True)
        )
        (encoder_attn_layer_norm): LayerNorm((512,), eps=1e-05, elementwise_affine=True)
        (fc1): Linear(in_features=512, out_features=2048, bias=True)
        (fc2): Linear(in_features=2048, out_features=512, bias=True)
        (final_layer_norm): LayerNorm((512,), eps=1e-05, elementwise_affine=True)
      )
      (4): TransformerDecoderLayer(
        (self_attn): MultiheadAttention(
          (k_proj): Linear(in_features=512, out_features=512, bias=True)
          (v_proj): Linear(in_features=512, out_features=512, bias=True)
          (q_proj): Linear(in_features=512, out_features=512, bias=True)
          (out_proj): Linear(in_features=512, out_features=512, bias=True)
        )
        (self_attn_layer_norm): LayerNorm((512,), eps=1e-05, elementwise_affine=True)
        (encoder_attn): MultiheadAttention(
          (k_proj): Linear(in_features=512, out_features=512, bias=True)
          (v_proj): Linear(in_features=512, out_features=512, bias=True)
          (q_proj): Linear(in_features=512, out_features=512, bias=True)
          (out_proj): Linear(in_features=512, out_features=512, bias=True)
        )
        (encoder_attn_layer_norm): LayerNorm((512,), eps=1e-05, elementwise_affine=True)
        (fc1): Linear(in_features=512, out_features=2048, bias=True)
        (fc2): Linear(in_features=2048, out_features=512, bias=True)
        (final_layer_norm): LayerNorm((512,), eps=1e-05, elementwise_affine=True)
      )
    )
    (layer_norm): LayerNorm((512,), eps=1e-05, elementwise_affine=True)
  )
)
| model transformer, criterion LabelSmoothedCrossEntropyCriterion
| num. model params: 40622080 (num. trained: 40622080)
| training on 1 GPUs
| max tokens per GPU = 4000 and max sentences per GPU = None
| no existing checkpoint found ./checkpoints/2020-04-06T22-42-04-00-exp25-bpe7500-seed11/checkpoints_en_ne/checkpoint_last.pt
| loading train data for epoch 0
| loaded 563820 examples from: data-bin/wiki_ne_en_bpe7500/train.ne-en.en
| loaded 563820 examples from: data-bin/wiki_ne_en_bpe7500/train.ne-en.ne
| data-bin/wiki_ne_en_bpe7500/ train en-ne 563820 examples
| WARNING: overflow detected, setting loss scale to: 64.0
| WARNING: overflow detected, setting loss scale to: 32.0
| WARNING: overflow detected, setting loss scale to: 16.0
| WARNING: overflow detected, setting loss scale to: 8.0
| epoch 001 | loss 11.117 | nll_loss 10.390 | ppl 1341.71 | wps 54087 | ups 4 | wpb 13139.443 | bsz 1070.211 | num_updates 521 | lr 0.000130337 | gnorm 0.984 | clip 1.000 | oom 0.000 | loss_scale 8.000 | wall 127 | train_wall 95
| epoch 001 | valid on 'valid' subset | loss 10.821 | nll_loss 9.891 | ppl 949.55 | num_updates 521
| epoch 002 | loss 9.420 | nll_loss 8.106 | ppl 275.57 | wps 56948 | ups 4 | wpb 13138.522 | bsz 1073.943 | num_updates 1046 | lr 0.000261574 | gnorm 0.679 | clip 1.000 | oom 0.000 | loss_scale 8.000 | wall 248 | train_wall 189
| epoch 002 | valid on 'valid' subset | loss 10.145 | nll_loss 8.906 | ppl 479.76 | num_updates 1046
| epoch 003 | loss 8.236 | nll_loss 6.521 | ppl 91.85 | wps 57182 | ups 4 | wpb 13138.522 | bsz 1073.943 | num_updates 1571 | lr 0.000392811 | gnorm 0.565 | clip 1.000 | oom 0.000 | loss_scale 8.000 | wall 370 | train_wall 283
| epoch 003 | valid on 'valid' subset | loss 9.648 | nll_loss 8.158 | ppl 285.56 | num_updates 1571
| epoch 004 | loss 7.519 | nll_loss 5.563 | ppl 47.27 | wps 56802 | ups 4 | wpb 13138.522 | bsz 1073.943 | num_updates 2096 | lr 0.000524048 | gnorm 0.512 | clip 1.000 | oom 0.000 | loss_scale 8.000 | wall 492 | train_wall 379
| epoch 004 | valid on 'valid' subset | loss 9.461 | nll_loss 7.906 | ppl 239.9 | num_updates 2096
| epoch 005 | loss 7.077 | nll_loss 4.978 | ppl 31.51 | wps 55975 | ups 4 | wpb 13138.522 | bsz 1073.943 | num_updates 2621 | lr 0.000655284 | gnorm 0.470 | clip 1.000 | oom 0.000 | loss_scale 8.000 | wall 616 | train_wall 475
| epoch 005 | valid on 'valid' subset | loss 9.310 | nll_loss 7.668 | ppl 203.44 | num_updates 2621
| epoch 006 | loss 6.788 | nll_loss 4.600 | ppl 24.24 | wps 56268 | ups 4 | wpb 13138.522 | bsz 1073.943 | num_updates 3146 | lr 0.000786521 | gnorm 0.439 | clip 1.000 | oom 0.000 | loss_scale 8.000 | wall 739 | train_wall 571
| epoch 006 | valid on 'valid' subset | loss 9.124 | nll_loss 7.434 | ppl 172.93 | num_updates 3146
| epoch 007 | loss 6.582 | nll_loss 4.331 | ppl 20.12 | wps 56121 | ups 4 | wpb 13138.522 | bsz 1073.943 | num_updates 3671 | lr 0.000917758 | gnorm 0.403 | clip 1.000 | oom 0.000 | loss_scale 8.000 | wall 863 | train_wall 667
| epoch 007 | valid on 'valid' subset | loss 8.997 | nll_loss 7.235 | ppl 150.65 | num_updates 3671
| epoch 008 | loss 6.431 | nll_loss 4.135 | ppl 17.57 | wps 56054 | ups 4 | wpb 13138.522 | bsz 1073.943 | num_updates 4196 | lr 0.000976365 | gnorm 0.372 | clip 1.000 | oom 0.000 | loss_scale 8.000 | wall 986 | train_wall 762
| epoch 008 | valid on 'valid' subset | loss 8.915 | nll_loss 7.132 | ppl 140.25 | num_updates 4196
| epoch 009 | loss 6.281 | nll_loss 3.942 | ppl 15.37 | wps 56360 | ups 4 | wpb 13138.522 | bsz 1073.943 | num_updates 4721 | lr 0.000920477 | gnorm 0.340 | clip 1.000 | oom 0.000 | loss_scale 16.000 | wall 1109 | train_wall 857
| epoch 009 | valid on 'valid' subset | loss 8.739 | nll_loss 6.953 | ppl 123.94 | num_updates 4721
| epoch 010 | loss 6.147 | nll_loss 3.770 | ppl 13.64 | wps 56516 | ups 4 | wpb 13138.522 | bsz 1073.943 | num_updates 5246 | lr 0.000873204 | gnorm 0.314 | clip 1.000 | oom 0.000 | loss_scale 16.000 | wall 1232 | train_wall 951
| epoch 010 | valid on 'valid' subset | loss 8.711 | nll_loss 6.884 | ppl 118.12 | num_updates 5246
| saved checkpoint ./checkpoints/2020-04-06T22-42-04-00-exp25-bpe7500-seed11/checkpoints_en_ne/checkpoint10.pt (epoch 10 @ 5246 updates) (writing took 0.7565345764160156 seconds)
| epoch 011 | loss 6.047 | nll_loss 3.641 | ppl 12.48 | wps 56255 | ups 4 | wpb 13138.522 | bsz 1073.943 | num_updates 5771 | lr 0.000832539 | gnorm 0.301 | clip 1.000 | oom 0.000 | loss_scale 16.000 | wall 1356 | train_wall 1047
| epoch 011 | valid on 'valid' subset | loss 8.635 | nll_loss 6.783 | ppl 110.15 | num_updates 5771 | best_loss 8.63534
| epoch 012 | loss 5.963 | nll_loss 3.533 | ppl 11.58 | wps 55954 | ups 4 | wpb 13138.522 | bsz 1073.943 | num_updates 6296 | lr 0.000797072 | gnorm 0.289 | clip 1.000 | oom 0.000 | loss_scale 16.000 | wall 1480 | train_wall 1143
| epoch 012 | valid on 'valid' subset | loss 8.592 | nll_loss 6.705 | ppl 104.3 | num_updates 6296 | best_loss 8.59242
| epoch 013 | loss 5.896 | nll_loss 3.447 | ppl 10.91 | wps 55985 | ups 4 | wpb 13138.522 | bsz 1073.943 | num_updates 6821 | lr 0.000765783 | gnorm 0.280 | clip 1.000 | oom 0.000 | loss_scale 16.000 | wall 1604 | train_wall 1240
| epoch 013 | valid on 'valid' subset | loss 8.503 | nll_loss 6.592 | ppl 96.45 | num_updates 6821 | best_loss 8.50328
| epoch 014 | loss 5.839 | nll_loss 3.373 | ppl 10.36 | wps 56260 | ups 4 | wpb 13138.522 | bsz 1073.943 | num_updates 7346 | lr 0.000737912 | gnorm 0.273 | clip 1.000 | oom 0.000 | loss_scale 16.000 | wall 1727 | train_wall 1336
| epoch 014 | valid on 'valid' subset | loss 8.472 | nll_loss 6.567 | ppl 94.79 | num_updates 7346 | best_loss 8.47165
| epoch 015 | loss 5.789 | nll_loss 3.309 | ppl 9.91 | wps 56148 | ups 4 | wpb 13138.522 | bsz 1073.943 | num_updates 7871 | lr 0.000712878 | gnorm 0.267 | clip 1.000 | oom 0.000 | loss_scale 16.000 | wall 1850 | train_wall 1432
| epoch 015 | valid on 'valid' subset | loss 8.473 | nll_loss 6.539 | ppl 93.02 | num_updates 7871 | best_loss 8.47305
| epoch 016 | loss 5.746 | nll_loss 3.254 | ppl 9.54 | wps 57461 | ups 4 | wpb 13138.522 | bsz 1073.943 | num_updates 8396 | lr 0.00069023 | gnorm 0.260 | clip 1.000 | oom 0.000 | loss_scale 16.000 | wall 1971 | train_wall 1527
| epoch 016 | valid on 'valid' subset | loss 8.432 | nll_loss 6.498 | ppl 90.36 | num_updates 8396 | best_loss 8.43198
| epoch 017 | loss 5.707 | nll_loss 3.204 | ppl 9.21 | wps 56698 | ups 4 | wpb 13138.522 | bsz 1073.943 | num_updates 8921 | lr 0.000669612 | gnorm 0.258 | clip 1.000 | oom 0.000 | loss_scale 32.000 | wall 2094 | train_wall 1622
| epoch 017 | valid on 'valid' subset | loss 8.402 | nll_loss 6.478 | ppl 89.15 | num_updates 8921 | best_loss 8.40161
| epoch 018 | loss 5.673 | nll_loss 3.161 | ppl 8.94 | wps 57122 | ups 4 | wpb 13138.522 | bsz 1073.943 | num_updates 9446 | lr 0.000650738 | gnorm 0.254 | clip 1.000 | oom 0.000 | loss_scale 32.000 | wall 2215 | train_wall 1716
| epoch 018 | valid on 'valid' subset | loss 8.391 | nll_loss 6.437 | ppl 86.62 | num_updates 9446 | best_loss 8.39101
| WARNING: overflow detected, setting loss scale to: 16.0
| epoch 019 | loss 5.643 | nll_loss 3.122 | ppl 8.71 | wps 56464 | ups 4 | wpb 13141.147 | bsz 1074.634 | num_updates 9970 | lr 0.000633406 | gnorm 0.254 | clip 1.000 | oom 0.000 | loss_scale 16.000 | wall 2338 | train_wall 1812
| epoch 019 | valid on 'valid' subset | loss 8.366 | nll_loss 6.398 | ppl 84.36 | num_updates 9970 | best_loss 8.36638
| epoch 020 | loss 5.616 | nll_loss 3.087 | ppl 8.5 | wps 56380 | ups 4 | wpb 13138.522 | bsz 1073.943 | num_updates 10495 | lr 0.00061736 | gnorm 0.250 | clip 1.000 | oom 0.000 | loss_scale 16.000 | wall 2461 | train_wall 1907
| epoch 020 | valid on 'valid' subset | loss 8.365 | nll_loss 6.392 | ppl 84 | num_updates 10495 | best_loss 8.36452
| saved checkpoint ./checkpoints/2020-04-06T22-42-04-00-exp25-bpe7500-seed11/checkpoints_en_ne/checkpoint20.pt (epoch 20 @ 10495 updates) (writing took 1.0436184406280518 seconds)
| epoch 021 | loss 5.591 | nll_loss 3.055 | ppl 8.31 | wps 56606 | ups 4 | wpb 13138.522 | bsz 1073.943 | num_updates 11020 | lr 0.000602475 | gnorm 0.249 | clip 1.000 | oom 0.000 | loss_scale 16.000 | wall 2584 | train_wall 2002
| epoch 021 | valid on 'valid' subset | loss 8.320 | nll_loss 6.355 | ppl 81.83 | num_updates 11020 | best_loss 8.31959
| epoch 022 | loss 5.567 | nll_loss 3.025 | ppl 8.14 | wps 56045 | ups 4 | wpb 13138.522 | bsz 1073.943 | num_updates 11545 | lr 0.000588617 | gnorm 0.245 | clip 1.000 | oom 0.000 | loss_scale 16.000 | wall 2708 | train_wall 2099
| epoch 022 | valid on 'valid' subset | loss 8.328 | nll_loss 6.356 | ppl 81.9 | num_updates 11545 | best_loss 8.32782
| epoch 023 | loss 5.544 | nll_loss 2.996 | ppl 7.98 | wps 57151 | ups 4 | wpb 13138.522 | bsz 1073.943 | num_updates 12070 | lr 0.000575674 | gnorm 0.243 | clip 1.000 | oom 0.000 | loss_scale 16.000 | wall 2829 | train_wall 2193
| epoch 023 | valid on 'valid' subset | loss 8.328 | nll_loss 6.337 | ppl 80.86 | num_updates 12070 | best_loss 8.32791
| epoch 024 | loss 5.525 | nll_loss 2.971 | ppl 7.84 | wps 56498 | ups 4 | wpb 13138.522 | bsz 1073.943 | num_updates 12595 | lr 0.000563548 | gnorm 0.243 | clip 1.000 | oom 0.000 | loss_scale 16.000 | wall 2952 | train_wall 2287
| epoch 024 | valid on 'valid' subset | loss 8.288 | nll_loss 6.306 | ppl 79.13 | num_updates 12595 | best_loss 8.28765
| epoch 025 | loss 5.508 | nll_loss 2.949 | ppl 7.72 | wps 57798 | ups 4 | wpb 13138.522 | bsz 1073.943 | num_updates 13120 | lr 0.000552158 | gnorm 0.243 | clip 1.000 | oom 0.000 | loss_scale 16.000 | wall 3072 | train_wall 2381
| epoch 025 | valid on 'valid' subset | loss 8.286 | nll_loss 6.306 | ppl 79.11 | num_updates 13120 | best_loss 8.28639
| epoch 026 | loss 5.490 | nll_loss 2.927 | ppl 7.6 | wps 56793 | ups 4 | wpb 13138.522 | bsz 1073.943 | num_updates 13645 | lr 0.000541431 | gnorm 0.242 | clip 1.000 | oom 0.000 | loss_scale 16.000 | wall 3194 | train_wall 2476
| epoch 026 | valid on 'valid' subset | loss 8.274 | nll_loss 6.284 | ppl 77.9 | num_updates 13645 | best_loss 8.27406
| epoch 027 | loss 5.473 | nll_loss 2.905 | ppl 7.49 | wps 57697 | ups 4 | wpb 13138.522 | bsz 1073.943 | num_updates 14170 | lr 0.000531306 | gnorm 0.242 | clip 1.000 | oom 0.000 | loss_scale 32.000 | wall 3315 | train_wall 2569
| epoch 027 | valid on 'valid' subset | loss 8.277 | nll_loss 6.279 | ppl 77.63 | num_updates 14170 | best_loss 8.27733
| epoch 028 | loss 5.459 | nll_loss 2.886 | ppl 7.39 | wps 55669 | ups 4 | wpb 13138.522 | bsz 1073.943 | num_updates 14695 | lr 0.000521729 | gnorm 0.241 | clip 1.000 | oom 0.000 | loss_scale 32.000 | wall 3439 | train_wall 2666
| epoch 028 | valid on 'valid' subset | loss 8.249 | nll_loss 6.265 | ppl 76.92 | num_updates 14695 | best_loss 8.24862
| WARNING: overflow detected, setting loss scale to: 16.0
| epoch 029 | loss 5.446 | nll_loss 2.869 | ppl 7.31 | wps 55321 | ups 4 | wpb 13138.006 | bsz 1072.588 | num_updates 15219 | lr 0.000512669 | gnorm 0.239 | clip 1.000 | oom 0.000 | loss_scale 16.000 | wall 3564 | train_wall 2764
| epoch 029 | valid on 'valid' subset | loss 8.253 | nll_loss 6.259 | ppl 76.6 | num_updates 15219 | best_loss 8.2531
| epoch 030 | loss 5.430 | nll_loss 2.850 | ppl 7.21 | wps 55003 | ups 4 | wpb 13138.522 | bsz 1073.943 | num_updates 15744 | lr 0.000504049 | gnorm 0.240 | clip 1.000 | oom 0.000 | loss_scale 16.000 | wall 3690 | train_wall 2862
| epoch 030 | valid on 'valid' subset | loss 8.235 | nll_loss 6.223 | ppl 74.7 | num_updates 15744 | best_loss 8.23479
| saved checkpoint ./checkpoints/2020-04-06T22-42-04-00-exp25-bpe7500-seed11/checkpoints_en_ne/checkpoint30.pt (epoch 30 @ 15744 updates) (writing took 1.0949273109436035 seconds)
| epoch 031 | loss 5.417 | nll_loss 2.833 | ppl 7.12 | wps 55502 | ups 4 | wpb 13138.522 | bsz 1073.943 | num_updates 16269 | lr 0.000495849 | gnorm 0.239 | clip 1.000 | oom 0.000 | loss_scale 16.000 | wall 3816 | train_wall 2958
| epoch 031 | valid on 'valid' subset | loss 8.235 | nll_loss 6.225 | ppl 74.8 | num_updates 16269 | best_loss 8.23479
| epoch 032 | loss 5.404 | nll_loss 2.816 | ppl 7.04 | wps 55477 | ups 4 | wpb 13138.522 | bsz 1073.943 | num_updates 16794 | lr 0.000488037 | gnorm 0.238 | clip 1.000 | oom 0.000 | loss_scale 16.000 | wall 3941 | train_wall 3055
| epoch 032 | valid on 'valid' subset | loss 8.236 | nll_loss 6.223 | ppl 74.67 | num_updates 16794 | best_loss 8.23479
| epoch 033 | loss 5.394 | nll_loss 2.803 | ppl 6.98 | wps 55909 | ups 4 | wpb 13138.522 | bsz 1073.943 | num_updates 17319 | lr 0.000480583 | gnorm 0.241 | clip 1.000 | oom 0.000 | loss_scale 16.000 | wall 4066 | train_wall 3152
| epoch 033 | valid on 'valid' subset | loss 8.222 | nll_loss 6.204 | ppl 73.71 | num_updates 17319 | best_loss 8.22209
| epoch 034 | loss 5.382 | nll_loss 2.788 | ppl 6.91 | wps 55186 | ups 4 | wpb 13138.522 | bsz 1073.943 | num_updates 17844 | lr 0.000473461 | gnorm 0.238 | clip 1.000 | oom 0.000 | loss_scale 16.000 | wall 4191 | train_wall 3249
| epoch 034 | valid on 'valid' subset | loss 8.193 | nll_loss 6.185 | ppl 72.74 | num_updates 17844 | best_loss 8.19344
| epoch 035 | loss 5.372 | nll_loss 2.776 | ppl 6.85 | wps 56209 | ups 4 | wpb 13138.522 | bsz 1073.943 | num_updates 18369 | lr 0.000466646 | gnorm 0.238 | clip 1.000 | oom 0.000 | loss_scale 16.000 | wall 4315 | train_wall 3345
| epoch 035 | valid on 'valid' subset | loss 8.222 | nll_loss 6.210 | ppl 74.04 | num_updates 18369 | best_loss 8.22211
| epoch 036 | loss 5.362 | nll_loss 2.763 | ppl 6.79 | wps 56473 | ups 4 | wpb 13138.522 | bsz 1073.943 | num_updates 18894 | lr 0.000460117 | gnorm 0.239 | clip 1.000 | oom 0.000 | loss_scale 16.000 | wall 4437 | train_wall 3442
| epoch 036 | valid on 'valid' subset | loss 8.226 | nll_loss 6.221 | ppl 74.58 | num_updates 18894 | best_loss 8.22644
| epoch 037 | loss 5.352 | nll_loss 2.750 | ppl 6.73 | wps 56179 | ups 4 | wpb 13138.522 | bsz 1073.943 | num_updates 19419 | lr 0.000453854 | gnorm 0.238 | clip 1.000 | oom 0.000 | loss_scale 32.000 | wall 4561 | train_wall 3539
| epoch 037 | valid on 'valid' subset | loss 8.182 | nll_loss 6.162 | ppl 71.59 | num_updates 19419 | best_loss 8.1817
| epoch 038 | loss 5.343 | nll_loss 2.739 | ppl 6.67 | wps 55297 | ups 4 | wpb 13138.522 | bsz 1073.943 | num_updates 19944 | lr 0.000447841 | gnorm 0.237 | clip 1.000 | oom 0.000 | loss_scale 32.000 | wall 4686 | train_wall 3636
| epoch 038 | valid on 'valid' subset | loss 8.188 | nll_loss 6.160 | ppl 71.52 | num_updates 19944 | best_loss 8.18805
| epoch 039 | loss 5.333 | nll_loss 2.725 | ppl 6.61 | wps 56597 | ups 4 | wpb 13138.522 | bsz 1073.943 | num_updates 20469 | lr 0.00044206 | gnorm 0.236 | clip 1.000 | oom 0.000 | loss_scale 32.000 | wall 4809 | train_wall 3732
| epoch 039 | valid on 'valid' subset | loss 8.169 | nll_loss 6.149 | ppl 70.94 | num_updates 20469 | best_loss 8.16948
| epoch 040 | loss 5.325 | nll_loss 2.715 | ppl 6.57 | wps 56297 | ups 4 | wpb 13138.522 | bsz 1073.943 | num_updates 20994 | lr 0.000436498 | gnorm 0.240 | clip 1.000 | oom 0.000 | loss_scale 32.000 | wall 4932 | train_wall 3828
| epoch 040 | valid on 'valid' subset | loss 8.146 | nll_loss 6.122 | ppl 69.63 | num_updates 20994 | best_loss 8.14599
| saved checkpoint ./checkpoints/2020-04-06T22-42-04-00-exp25-bpe7500-seed11/checkpoints_en_ne/checkpoint40.pt (epoch 40 @ 20994 updates) (writing took 1.051581621170044 seconds)
| epoch 041 | loss 5.317 | nll_loss 2.705 | ppl 6.52 | wps 55108 | ups 4 | wpb 13138.522 | bsz 1073.943 | num_updates 21519 | lr 0.000431141 | gnorm 0.237 | clip 1.000 | oom 0.000 | loss_scale 32.000 | wall 5059 | train_wall 3926
| epoch 041 | valid on 'valid' subset | loss 8.175 | nll_loss 6.142 | ppl 70.6 | num_updates 21519 | best_loss 8.14599
| epoch 042 | loss 5.308 | nll_loss 2.693 | ppl 6.47 | wps 55303 | ups 4 | wpb 13138.522 | bsz 1073.943 | num_updates 22044 | lr 0.000425976 | gnorm 0.236 | clip 1.000 | oom 0.000 | loss_scale 32.000 | wall 5184 | train_wall 4023
| epoch 042 | valid on 'valid' subset | loss 8.143 | nll_loss 6.116 | ppl 69.36 | num_updates 22044 | best_loss 8.14267
| epoch 043 | loss 5.301 | nll_loss 2.685 | ppl 6.43 | wps 55284 | ups 4 | wpb 13138.522 | bsz 1073.943 | num_updates 22569 | lr 0.000420992 | gnorm 0.238 | clip 1.000 | oom 0.000 | loss_scale 32.000 | wall 5310 | train_wall 4121
| epoch 043 | valid on 'valid' subset | loss 8.154 | nll_loss 6.114 | ppl 69.28 | num_updates 22569 | best_loss 8.14599
| WARNING: overflow detected, setting loss scale to: 16.0
| epoch 044 | loss 5.295 | nll_loss 2.676 | ppl 6.39 | wps 56199 | ups 4 | wpb 13139.155 | bsz 1071.046 | num_updates 23093 | lr 0.000416188 | gnorm 0.238 | clip 1.000 | oom 0.000 | loss_scale 16.000 | wall 5433 | train_wall 4217
| epoch 044 | valid on 'valid' subset | loss 8.183 | nll_loss 6.153 | ppl 71.16 | num_updates 23093 | best_loss 8.14599
| epoch 045 | loss 5.286 | nll_loss 2.666 | ppl 6.34 | wps 55983 | ups 4 | wpb 13138.522 | bsz 1073.943 | num_updates 23618 | lr 0.000411537 | gnorm 0.238 | clip 1.000 | oom 0.000 | loss_scale 16.000 | wall 5557 | train_wall 4313
| epoch 045 | valid on 'valid' subset | loss 8.195 | nll_loss 6.157 | ppl 71.38 | num_updates 23618 | best_loss 8.14599
| epoch 046 | loss 5.279 | nll_loss 2.656 | ppl 6.3 | wps 56203 | ups 4 | wpb 13138.522 | bsz 1073.943 | num_updates 24143 | lr 0.000407037 | gnorm 0.235 | clip 1.000 | oom 0.000 | loss_scale 16.000 | wall 5681 | train_wall 4409
| epoch 046 | valid on 'valid' subset | loss 8.168 | nll_loss 6.134 | ppl 70.21 | num_updates 24143 | best_loss 8.14599
| epoch 047 | loss 5.273 | nll_loss 2.648 | ppl 6.27 | wps 55903 | ups 4 | wpb 13138.522 | bsz 1073.943 | num_updates 24668 | lr 0.000402683 | gnorm 0.235 | clip 1.000 | oom 0.000 | loss_scale 16.000 | wall 5805 | train_wall 4506
| epoch 047 | valid on 'valid' subset | loss 8.147 | nll_loss 6.112 | ppl 69.16 | num_updates 24668 | best_loss 8.14599
| epoch 048 | loss 5.266 | nll_loss 2.640 | ppl 6.23 | wps 56373 | ups 4 | wpb 13138.522 | bsz 1073.943 | num_updates 25193 | lr 0.000398465 | gnorm 0.237 | clip 1.000 | oom 0.000 | loss_scale 16.000 | wall 5928 | train_wall 4602
| epoch 048 | valid on 'valid' subset | loss 8.141 | nll_loss 6.106 | ppl 68.88 | num_updates 25193 | best_loss 8.14108
| epoch 049 | loss 5.260 | nll_loss 2.631 | ppl 6.2 | wps 56395 | ups 4 | wpb 13138.522 | bsz 1073.943 | num_updates 25718 | lr 0.000394377 | gnorm 0.238 | clip 1.000 | oom 0.000 | loss_scale 16.000 | wall 6051 | train_wall 4698
| epoch 049 | valid on 'valid' subset | loss 8.137 | nll_loss 6.103 | ppl 68.76 | num_updates 25718 | best_loss 8.13715
| epoch 050 | loss 5.254 | nll_loss 2.625 | ppl 6.17 | wps 56322 | ups 4 | wpb 13138.522 | bsz 1073.943 | num_updates 26243 | lr 0.000390412 | gnorm 0.238 | clip 1.000 | oom 0.000 | loss_scale 16.000 | wall 6174 | train_wall 4794
| epoch 050 | valid on 'valid' subset | loss 8.133 | nll_loss 6.098 | ppl 68.49 | num_updates 26243 | best_loss 8.1333
| saved checkpoint ./checkpoints/2020-04-06T22-42-04-00-exp25-bpe7500-seed11/checkpoints_en_ne/checkpoint50.pt (epoch 50 @ 26243 updates) (writing took 1.0352797508239746 seconds)
| epoch 051 | loss 5.248 | nll_loss 2.616 | ppl 6.13 | wps 55544 | ups 4 | wpb 13138.522 | bsz 1073.943 | num_updates 26768 | lr 0.000386565 | gnorm 0.238 | clip 1.000 | oom 0.000 | loss_scale 32.000 | wall 6300 | train_wall 4891
| epoch 051 | valid on 'valid' subset | loss 8.130 | nll_loss 6.088 | ppl 68.03 | num_updates 26768 | best_loss 8.13005
| epoch 052 | loss 5.242 | nll_loss 2.608 | ppl 6.1 | wps 56494 | ups 4 | wpb 13138.522 | bsz 1073.943 | num_updates 27293 | lr 0.000382829 | gnorm 0.237 | clip 1.000 | oom 0.000 | loss_scale 32.000 | wall 6423 | train_wall 4987
| epoch 052 | valid on 'valid' subset | loss 8.135 | nll_loss 6.097 | ppl 68.45 | num_updates 27293 | best_loss 8.1333
| epoch 053 | loss 5.236 | nll_loss 2.601 | ppl 6.07 | wps 56543 | ups 4 | wpb 13138.522 | bsz 1073.943 | num_updates 27818 | lr 0.000379199 | gnorm 0.236 | clip 1.000 | oom 0.000 | loss_scale 32.000 | wall 6545 | train_wall 5082
| epoch 053 | valid on 'valid' subset | loss 8.118 | nll_loss 6.083 | ppl 67.78 | num_updates 27818 | best_loss 8.11841
| epoch 054 | loss 5.231 | nll_loss 2.594 | ppl 6.04 | wps 55801 | ups 4 | wpb 13138.522 | bsz 1073.943 | num_updates 28343 | lr 0.00037567 | gnorm 0.239 | clip 1.000 | oom 0.000 | loss_scale 32.000 | wall 6670 | train_wall 5179
| epoch 054 | valid on 'valid' subset | loss 8.117 | nll_loss 6.078 | ppl 67.55 | num_updates 28343 | best_loss 8.11691
| epoch 055 | loss 5.226 | nll_loss 2.588 | ppl 6.01 | wps 55883 | ups 4 | wpb 13138.522 | bsz 1073.943 | num_updates 28868 | lr 0.000372239 | gnorm 0.237 | clip 1.000 | oom 0.000 | loss_scale 32.000 | wall 6794 | train_wall 5275
| epoch 055 | valid on 'valid' subset | loss 8.123 | nll_loss 6.086 | ppl 67.93 | num_updates 28868 | best_loss 8.12309
| epoch 056 | loss 5.220 | nll_loss 2.581 | ppl 5.98 | wps 56010 | ups 4 | wpb 13138.522 | bsz 1073.943 | num_updates 29393 | lr 0.000368899 | gnorm 0.237 | clip 1.000 | oom 0.000 | loss_scale 32.000 | wall 6918 | train_wall 5372
| epoch 056 | valid on 'valid' subset | loss 8.127 | nll_loss 6.075 | ppl 67.41 | num_updates 29393 | best_loss 8.12699
| WARNING: overflow detected, setting loss scale to: 16.0
| epoch 057 | loss 5.213 | nll_loss 2.572 | ppl 5.95 | wps 55699 | ups 4 | wpb 13138.609 | bsz 1075.244 | num_updates 29917 | lr 0.000365655 | gnorm 0.237 | clip 1.000 | oom 0.000 | loss_scale 16.000 | wall 7042 | train_wall 5469
| epoch 057 | valid on 'valid' subset | loss 8.139 | nll_loss 6.099 | ppl 68.53 | num_updates 29917 | best_loss 8.1333
| epoch 058 | loss 5.210 | nll_loss 2.568 | ppl 5.93 | wps 55462 | ups 4 | wpb 13138.522 | bsz 1073.943 | num_updates 30442 | lr 0.000362488 | gnorm 0.238 | clip 1.000 | oom 0.000 | loss_scale 16.000 | wall 7167 | train_wall 5566
| epoch 058 | valid on 'valid' subset | loss 8.115 | nll_loss 6.066 | ppl 67.02 | num_updates 30442 | best_loss 8.11466
| epoch 059 | loss 5.205 | nll_loss 2.561 | ppl 5.9 | wps 56388 | ups 4 | wpb 13138.522 | bsz 1073.943 | num_updates 30967 | lr 0.000359402 | gnorm 0.237 | clip 1.000 | oom 0.000 | loss_scale 16.000 | wall 7290 | train_wall 5663
| epoch 059 | valid on 'valid' subset | loss 8.106 | nll_loss 6.055 | ppl 66.48 | num_updates 30967 | best_loss 8.10643
| WARNING: overflow detected, setting loss scale to: 8.0
| epoch 060 | loss 5.200 | nll_loss 2.555 | ppl 5.88 | wps 55638 | ups 4 | wpb 13139.590 | bsz 1074.908 | num_updates 31491 | lr 0.000356399 | gnorm 0.236 | clip 1.000 | oom 0.000 | loss_scale 8.000 | wall 7414 | train_wall 5760
| epoch 060 | valid on 'valid' subset | loss 8.091 | nll_loss 6.051 | ppl 66.31 | num_updates 31491 | best_loss 8.0907
| saved checkpoint ./checkpoints/2020-04-06T22-42-04-00-exp25-bpe7500-seed11/checkpoints_en_ne/checkpoint60.pt (epoch 60 @ 31491 updates) (writing took 1.051267147064209 seconds)
| epoch 061 | loss 5.195 | nll_loss 2.549 | ppl 5.85 | wps 55959 | ups 4 | wpb 13138.522 | bsz 1073.943 | num_updates 32016 | lr 0.000353465 | gnorm 0.236 | clip 1.000 | oom 0.000 | loss_scale 8.000 | wall 7539 | train_wall 5857
| epoch 061 | valid on 'valid' subset | loss 8.111 | nll_loss 6.058 | ppl 66.64 | num_updates 32016 | best_loss 8.0907
| epoch 062 | loss 5.192 | nll_loss 2.544 | ppl 5.83 | wps 55733 | ups 4 | wpb 13138.522 | bsz 1073.943 | num_updates 32541 | lr 0.000350602 | gnorm 0.237 | clip 1.000 | oom 0.000 | loss_scale 8.000 | wall 7664 | train_wall 5953
| epoch 062 | valid on 'valid' subset | loss 8.102 | nll_loss 6.054 | ppl 66.42 | num_updates 32541 | best_loss 8.0907
| epoch 063 | loss 5.187 | nll_loss 2.538 | ppl 5.81 | wps 55203 | ups 4 | wpb 13138.522 | bsz 1073.943 | num_updates 33066 | lr 0.000347808 | gnorm 0.239 | clip 1.000 | oom 0.000 | loss_scale 8.000 | wall 7790 | train_wall 6051
| epoch 063 | valid on 'valid' subset | loss 8.110 | nll_loss 6.060 | ppl 66.74 | num_updates 33066 | best_loss 8.0907
| epoch 064 | loss 5.183 | nll_loss 2.533 | ppl 5.79 | wps 56481 | ups 4 | wpb 13138.522 | bsz 1073.943 | num_updates 33591 | lr 0.000345079 | gnorm 0.239 | clip 1.000 | oom 0.000 | loss_scale 8.000 | wall 7912 | train_wall 6147
| epoch 064 | valid on 'valid' subset | loss 8.116 | nll_loss 6.063 | ppl 66.88 | num_updates 33591 | best_loss 8.0907
| epoch 065 | loss 5.177 | nll_loss 2.526 | ppl 5.76 | wps 55889 | ups 4 | wpb 13138.522 | bsz 1073.943 | num_updates 34116 | lr 0.000342414 | gnorm 0.238 | clip 1.000 | oom 0.000 | loss_scale 8.000 | wall 8037 | train_wall 6244
| epoch 065 | valid on 'valid' subset | loss 8.092 | nll_loss 6.043 | ppl 65.93 | num_updates 34116 | best_loss 8.0907
| epoch 066 | loss 5.174 | nll_loss 2.522 | ppl 5.74 | wps 55990 | ups 4 | wpb 13138.522 | bsz 1073.943 | num_updates 34641 | lr 0.000339809 | gnorm 0.241 | clip 1.000 | oom 0.000 | loss_scale 8.000 | wall 8160 | train_wall 6340
| epoch 066 | valid on 'valid' subset | loss 8.103 | nll_loss 6.057 | ppl 66.59 | num_updates 34641 | best_loss 8.0907
| epoch 067 | loss 5.170 | nll_loss 2.517 | ppl 5.72 | wps 54952 | ups 4 | wpb 13138.522 | bsz 1073.943 | num_updates 35166 | lr 0.000337263 | gnorm 0.240 | clip 1.000 | oom 0.000 | loss_scale 8.000 | wall 8287 | train_wall 6437
| epoch 067 | valid on 'valid' subset | loss 8.093 | nll_loss 6.041 | ppl 65.85 | num_updates 35166 | best_loss 8.0907
| epoch 068 | loss 5.166 | nll_loss 2.511 | ppl 5.7 | wps 55681 | ups 4 | wpb 13138.522 | bsz 1073.943 | num_updates 35691 | lr 0.000334773 | gnorm 0.239 | clip 1.000 | oom 0.000 | loss_scale 16.000 | wall 8411 | train_wall 6534
| epoch 068 | valid on 'valid' subset | loss 8.089 | nll_loss 6.035 | ppl 65.59 | num_updates 35691 | best_loss 8.08892
| WARNING: overflow detected, setting loss scale to: 8.0
| epoch 069 | loss 5.161 | nll_loss 2.505 | ppl 5.68 | wps 56471 | ups 4 | wpb 13136.893 | bsz 1075.229 | num_updates 36215 | lr 0.000332342 | gnorm 0.242 | clip 1.000 | oom 0.000 | loss_scale 8.000 | wall 8534 | train_wall 6630
| epoch 069 | valid on 'valid' subset | loss 8.078 | nll_loss 6.028 | ppl 65.24 | num_updates 36215 | best_loss 8.07845
| epoch 070 | loss 5.159 | nll_loss 2.502 | ppl 5.66 | wps 56062 | ups 4 | wpb 13138.522 | bsz 1073.943 | num_updates 36740 | lr 0.000329959 | gnorm 0.239 | clip 1.000 | oom 0.000 | loss_scale 8.000 | wall 8658 | train_wall 6726
| epoch 070 | valid on 'valid' subset | loss 8.076 | nll_loss 6.023 | ppl 65.02 | num_updates 36740 | best_loss 8.07637
| saved checkpoint ./checkpoints/2020-04-06T22-42-04-00-exp25-bpe7500-seed11/checkpoints_en_ne/checkpoint70.pt (epoch 70 @ 36740 updates) (writing took 1.0368261337280273 seconds)
| epoch 071 | loss 5.155 | nll_loss 2.498 | ppl 5.65 | wps 55395 | ups 4 | wpb 13138.522 | bsz 1073.943 | num_updates 37265 | lr 0.000327627 | gnorm 0.239 | clip 1.000 | oom 0.000 | loss_scale 8.000 | wall 8784 | train_wall 6823
| epoch 071 | valid on 'valid' subset | loss 8.097 | nll_loss 6.041 | ppl 65.83 | num_updates 37265 | best_loss 8.07637
| epoch 072 | loss 5.152 | nll_loss 2.494 | ppl 5.63 | wps 56179 | ups 4 | wpb 13138.522 | bsz 1073.943 | num_updates 37790 | lr 0.000325343 | gnorm 0.242 | clip 1.000 | oom 0.000 | loss_scale 8.000 | wall 8907 | train_wall 6918
| epoch 072 | valid on 'valid' subset | loss 8.077 | nll_loss 6.019 | ppl 64.86 | num_updates 37790 | best_loss 8.07637
| epoch 073 | loss 5.148 | nll_loss 2.488 | ppl 5.61 | wps 56214 | ups 4 | wpb 13138.522 | bsz 1073.943 | num_updates 38315 | lr 0.000323106 | gnorm 0.242 | clip 1.000 | oom 0.000 | loss_scale 8.000 | wall 9031 | train_wall 7015
| epoch 073 | valid on 'valid' subset | loss 8.065 | nll_loss 6.019 | ppl 64.87 | num_updates 38315 | best_loss 8.06497
| epoch 074 | loss 5.144 | nll_loss 2.483 | ppl 5.59 | wps 57842 | ups 4 | wpb 13138.522 | bsz 1073.943 | num_updates 38840 | lr 0.000320915 | gnorm 0.238 | clip 1.000 | oom 0.000 | loss_scale 8.000 | wall 9151 | train_wall 7109
| epoch 074 | valid on 'valid' subset | loss 8.099 | nll_loss 6.043 | ppl 65.95 | num_updates 38840 | best_loss 8.07637
| epoch 075 | loss 5.141 | nll_loss 2.479 | ppl 5.57 | wps 56940 | ups 4 | wpb 13138.522 | bsz 1073.943 | num_updates 39365 | lr 0.000318768 | gnorm 0.238 | clip 1.000 | oom 0.000 | loss_scale 8.000 | wall 9273 | train_wall 7204
| epoch 075 | valid on 'valid' subset | loss 8.055 | nll_loss 5.994 | ppl 63.74 | num_updates 39365 | best_loss 8.05541
| epoch 076 | loss 5.137 | nll_loss 2.474 | ppl 5.55 | wps 57011 | ups 4 | wpb 13138.522 | bsz 1073.943 | num_updates 39890 | lr 0.000316663 | gnorm 0.242 | clip 1.000 | oom 0.000 | loss_scale 8.000 | wall 9394 | train_wall 7299
| epoch 076 | valid on 'valid' subset | loss 8.051 | nll_loss 5.994 | ppl 63.74 | num_updates 39890 | best_loss 8.05093
| epoch 077 | loss 5.134 | nll_loss 2.470 | ppl 5.54 | wps 57259 | ups 4 | wpb 13138.522 | bsz 1073.943 | num_updates 40415 | lr 0.0003146 | gnorm 0.239 | clip 1.000 | oom 0.000 | loss_scale 16.000 | wall 9515 | train_wall 7395
| epoch 077 | valid on 'valid' subset | loss 8.053 | nll_loss 5.997 | ppl 63.85 | num_updates 40415 | best_loss 8.05312
| WARNING: overflow detected, setting loss scale to: 8.0
| epoch 078 | loss 5.128 | nll_loss 2.463 | ppl 5.51 | wps 55880 | ups 4 | wpb 13140.708 | bsz 1075.305 | num_updates 40939 | lr 0.00031258 | gnorm 0.240 | clip 1.000 | oom 0.000 | loss_scale 8.000 | wall 9639 | train_wall 7491
| epoch 078 | valid on 'valid' subset | loss 8.063 | nll_loss 6.010 | ppl 64.43 | num_updates 40939 | best_loss 8.0633
| epoch 079 | loss 5.127 | nll_loss 2.462 | ppl 5.51 | wps 56122 | ups 4 | wpb 13138.522 | bsz 1073.943 | num_updates 41464 | lr 0.000310595 | gnorm 0.243 | clip 1.000 | oom 0.000 | loss_scale 8.000 | wall 9763 | train_wall 7587
| epoch 079 | valid on 'valid' subset | loss 8.071 | nll_loss 6.009 | ppl 64.4 | num_updates 41464 | best_loss 8.07054
| epoch 080 | loss 5.124 | nll_loss 2.458 | ppl 5.49 | wps 55354 | ups 4 | wpb 13138.522 | bsz 1073.943 | num_updates 41989 | lr 0.000308647 | gnorm 0.242 | clip 1.000 | oom 0.000 | loss_scale 8.000 | wall 9888 | train_wall 7684
| epoch 080 | valid on 'valid' subset | loss 8.095 | nll_loss 6.039 | ppl 65.77 | num_updates 41989 | best_loss 8.07637
| saved checkpoint ./checkpoints/2020-04-06T22-42-04-00-exp25-bpe7500-seed11/checkpoints_en_ne/checkpoint80.pt (epoch 80 @ 41989 updates) (writing took 0.6713471412658691 seconds)
| epoch 081 | loss 5.121 | nll_loss 2.454 | ppl 5.48 | wps 55842 | ups 4 | wpb 13138.522 | bsz 1073.943 | num_updates 42514 | lr 0.000306735 | gnorm 0.240 | clip 1.000 | oom 0.000 | loss_scale 8.000 | wall 10013 | train_wall 7780
| epoch 081 | valid on 'valid' subset | loss 8.071 | nll_loss 6.017 | ppl 64.76 | num_updates 42514 | best_loss 8.07141
| epoch 082 | loss 5.119 | nll_loss 2.451 | ppl 5.47 | wps 55877 | ups 4 | wpb 13138.522 | bsz 1073.943 | num_updates 43039 | lr 0.000304859 | gnorm 0.240 | clip 1.000 | oom 0.000 | loss_scale 8.000 | wall 10137 | train_wall 7876
| epoch 082 | valid on 'valid' subset | loss 8.041 | nll_loss 5.976 | ppl 62.97 | num_updates 43039 | best_loss 8.04105
| WARNING: overflow detected, setting loss scale to: 4.0
| epoch 083 | loss 5.115 | nll_loss 2.446 | ppl 5.45 | wps 56429 | ups 4 | wpb 13136.212 | bsz 1074.374 | num_updates 43563 | lr 0.00030302 | gnorm 0.243 | clip 1.000 | oom 0.000 | loss_scale 4.000 | wall 10260 | train_wall 7971
| epoch 083 | valid on 'valid' subset | loss 8.071 | nll_loss 6.006 | ppl 64.27 | num_updates 43563 | best_loss 8.07092
| epoch 084 | loss 5.111 | nll_loss 2.441 | ppl 5.43 | wps 55671 | ups 4 | wpb 13138.522 | bsz 1073.943 | num_updates 44088 | lr 0.00030121 | gnorm 0.240 | clip 1.000 | oom 0.000 | loss_scale 4.000 | wall 10385 | train_wall 8068
| epoch 084 | valid on 'valid' subset | loss 8.057 | nll_loss 6.000 | ppl 63.99 | num_updates 44088 | best_loss 8.0575
| WARNING: overflow detected, setting loss scale to: 2.0
| epoch 085 | loss 5.109 | nll_loss 2.439 | ppl 5.42 | wps 55745 | ups 4 | wpb 13140.137 | bsz 1074.084 | num_updates 44612 | lr 0.000299436 | gnorm 0.241 | clip 1.000 | oom 0.000 | loss_scale 2.000 | wall 10509 | train_wall 8164
| epoch 085 | valid on 'valid' subset | loss 8.044 | nll_loss 5.978 | ppl 63.04 | num_updates 44612 | best_loss 8.04375
| epoch 086 | loss 5.106 | nll_loss 2.434 | ppl 5.41 | wps 56396 | ups 4 | wpb 13138.522 | bsz 1073.943 | num_updates 45137 | lr 0.00029769 | gnorm 0.242 | clip 1.000 | oom 0.000 | loss_scale 2.000 | wall 10632 | train_wall 8260
| epoch 086 | valid on 'valid' subset | loss 8.069 | nll_loss 6.008 | ppl 64.37 | num_updates 45137 | best_loss 8.06938
| epoch 087 | loss 5.103 | nll_loss 2.431 | ppl 5.39 | wps 55938 | ups 4 | wpb 13138.522 | bsz 1073.943 | num_updates 45662 | lr 0.000295973 | gnorm 0.242 | clip 1.000 | oom 0.000 | loss_scale 2.000 | wall 10756 | train_wall 8355
| epoch 087 | valid on 'valid' subset | loss 8.050 | nll_loss 5.983 | ppl 63.25 | num_updates 45662 | best_loss 8.05003
| epoch 088 | loss 5.100 | nll_loss 2.428 | ppl 5.38 | wps 56993 | ups 4 | wpb 13138.522 | bsz 1073.943 | num_updates 46187 | lr 0.000294286 | gnorm 0.241 | clip 1.000 | oom 0.000 | loss_scale 2.000 | wall 10877 | train_wall 8451
| epoch 088 | valid on 'valid' subset | loss 8.026 | nll_loss 5.957 | ppl 62.14 | num_updates 46187 | best_loss 8.02573
| epoch 089 | loss 5.098 | nll_loss 2.425 | ppl 5.37 | wps 55820 | ups 4 | wpb 13138.522 | bsz 1073.943 | num_updates 46712 | lr 0.000292628 | gnorm 0.247 | clip 1.000 | oom 0.000 | loss_scale 2.000 | wall 11002 | train_wall 8546
| epoch 089 | valid on 'valid' subset | loss 8.014 | nll_loss 5.949 | ppl 61.77 | num_updates 46712 | best_loss 8.01385
| epoch 090 | loss 5.095 | nll_loss 2.421 | ppl 5.36 | wps 55508 | ups 4 | wpb 13138.522 | bsz 1073.943 | num_updates 47237 | lr 0.000290997 | gnorm 0.242 | clip 1.000 | oom 0.000 | loss_scale 2.000 | wall 11127 | train_wall 8643
| epoch 090 | valid on 'valid' subset | loss 8.040 | nll_loss 5.968 | ppl 62.58 | num_updates 47237 | best_loss 8.03984
| saved checkpoint ./checkpoints/2020-04-06T22-42-04-00-exp25-bpe7500-seed11/checkpoints_en_ne/checkpoint90.pt (epoch 90 @ 47237 updates) (writing took 1.040170669555664 seconds)
| epoch 091 | loss 5.093 | nll_loss 2.418 | ppl 5.34 | wps 56343 | ups 4 | wpb 13138.522 | bsz 1073.943 | num_updates 47762 | lr 0.000289393 | gnorm 0.244 | clip 1.000 | oom 0.000 | loss_scale 2.000 | wall 11251 | train_wall 8739
| epoch 091 | valid on 'valid' subset | loss 8.048 | nll_loss 5.995 | ppl 63.79 | num_updates 47762 | best_loss 8.03984
| epoch 092 | loss 5.090 | nll_loss 2.414 | ppl 5.33 | wps 56494 | ups 4 | wpb 13138.522 | bsz 1073.943 | num_updates 48287 | lr 0.000287816 | gnorm 0.243 | clip 1.000 | oom 0.000 | loss_scale 2.000 | wall 11374 | train_wall 8834
| epoch 092 | valid on 'valid' subset | loss 8.046 | nll_loss 5.983 | ppl 63.26 | num_updates 48287 | best_loss 8.03984
| epoch 093 | loss 5.087 | nll_loss 2.411 | ppl 5.32 | wps 56074 | ups 4 | wpb 13138.522 | bsz 1073.943 | num_updates 48812 | lr 0.000286264 | gnorm 0.243 | clip 1.000 | oom 0.000 | loss_scale 4.000 | wall 11497 | train_wall 8930
| epoch 093 | valid on 'valid' subset | loss 8.040 | nll_loss 5.980 | ppl 63.12 | num_updates 48812 | best_loss 8.03984
| epoch 094 | loss 5.085 | nll_loss 2.407 | ppl 5.3 | wps 56141 | ups 4 | wpb 13138.522 | bsz 1073.943 | num_updates 49337 | lr 0.000284737 | gnorm 0.245 | clip 1.000 | oom 0.000 | loss_scale 4.000 | wall 11621 | train_wall 9026
| epoch 094 | valid on 'valid' subset | loss 8.027 | nll_loss 5.961 | ppl 62.28 | num_updates 49337 | best_loss 8.02653
| epoch 095 | loss 5.082 | nll_loss 2.404 | ppl 5.29 | wps 56313 | ups 4 | wpb 13138.522 | bsz 1073.943 | num_updates 49862 | lr 0.000283234 | gnorm 0.244 | clip 1.000 | oom 0.000 | loss_scale 4.000 | wall 11744 | train_wall 9122
| epoch 095 | valid on 'valid' subset | loss 8.041 | nll_loss 5.977 | ppl 62.98 | num_updates 49862 | best_loss 8.03984
| epoch 096 | loss 5.079 | nll_loss 2.400 | ppl 5.28 | wps 57477 | ups 4 | wpb 13138.522 | bsz 1073.943 | num_updates 50387 | lr 0.000281754 | gnorm 0.241 | clip 1.000 | oom 0.000 | loss_scale 4.000 | wall 11865 | train_wall 9216
| epoch 096 | valid on 'valid' subset | loss 8.036 | nll_loss 5.974 | ppl 62.86 | num_updates 50387 | best_loss 8.03637
| epoch 097 | loss 5.077 | nll_loss 2.398 | ppl 5.27 | wps 56255 | ups 4 | wpb 13138.522 | bsz 1073.943 | num_updates 50912 | lr 0.000280298 | gnorm 0.243 | clip 1.000 | oom 0.000 | loss_scale 4.000 | wall 11988 | train_wall 9312
| epoch 097 | valid on 'valid' subset | loss 8.034 | nll_loss 5.967 | ppl 62.54 | num_updates 50912 | best_loss 8.03402
| epoch 098 | loss 5.075 | nll_loss 2.395 | ppl 5.26 | wps 56628 | ups 4 | wpb 13138.522 | bsz 1073.943 | num_updates 51437 | lr 0.000278864 | gnorm 0.254 | clip 1.000 | oom 0.000 | loss_scale 4.000 | wall 12111 | train_wall 9408
| epoch 098 | valid on 'valid' subset | loss 8.031 | nll_loss 5.964 | ppl 62.41 | num_updates 51437 | best_loss 8.03134
| epoch 099 | loss 5.072 | nll_loss 2.391 | ppl 5.25 | wps 55944 | ups 4 | wpb 13138.522 | bsz 1073.943 | num_updates 51962 | lr 0.000277451 | gnorm 0.244 | clip 1.000 | oom 0.000 | loss_scale 4.000 | wall 12235 | train_wall 9503
| epoch 099 | valid on 'valid' subset | loss 8.021 | nll_loss 5.957 | ppl 62.12 | num_updates 51962 | best_loss 8.02116
| epoch 100 | loss 5.071 | nll_loss 2.389 | ppl 5.24 | wps 56203 | ups 4 | wpb 13138.522 | bsz 1073.943 | num_updates 52487 | lr 0.00027606 | gnorm 0.243 | clip 1.000 | oom 0.000 | loss_scale 8.000 | wall 12358 | train_wall 9599
| epoch 100 | valid on 'valid' subset | loss 8.034 | nll_loss 5.959 | ppl 62.21 | num_updates 52487 | best_loss 8.0337
| saved checkpoint ./checkpoints/2020-04-06T22-42-04-00-exp25-bpe7500-seed11/checkpoints_en_ne/checkpoint100.pt (epoch 100 @ 52487 updates) (writing took 1.0469262599945068 seconds)
| done training in 12355.2 seconds
Done training.
Time at end: Tue Apr 7 05:34:43 EDT 2020
