================ FLORES BASELINE WITH CLIP_NORM=0.1 AND SEED=19  ================
About to train the supervised for the following language pair: EN-NE
Checkpoint directory unset! Setting to default value...
CHECKPOINT_DIR is set to './checkpoints/2020-03-26T12-39-04-00-exp22-bpe2500/checkpoints_en_ne'
Creating checkpoint directory if it doesn't exist...
Data folder is: data-bin/wiki_ne_en_bpe2500/
Beginning training...
Time at beginning: Thu Mar 26 17:05:48 EDT 2020
Namespace(activation_dropout=0.2, activation_fn='relu', adam_betas='(0.9, 0.98)', adam_eps=1e-08, adaptive_input=False, adaptive_softmax_cutoff=None, adaptive_softmax_dropout=0, arch='transformer', attention_dropout=0.2, best_checkpoint_metric='loss', bpe=None, bucket_cap_mb=25, clip_norm=0.1, cpu=False, criterion='label_smoothed_cross_entropy', cross_self_attention=False, curriculum=0, data='data-bin/wiki_ne_en_bpe2500/', dataset_impl=None, ddp_backend='c10d', decoder_attention_heads=2, decoder_embed_dim=512, decoder_embed_path=None, decoder_ffn_embed_dim=2048, decoder_input_dim=512, decoder_layerdrop=0, decoder_layers=5, decoder_layers_to_keep=None, decoder_learned_pos=False, decoder_normalize_before=True, decoder_output_dim=512, device_id=0, disable_validation=False, distributed_backend='nccl', distributed_init_method=None, distributed_no_spawn=False, distributed_port=-1, distributed_rank=0, distributed_world_size=1, dropout=0.4, empty_cache_freq=0, encoder_attention_heads=2, encoder_embed_dim=512, encoder_embed_path=None, encoder_ffn_embed_dim=2048, encoder_layerdrop=0, encoder_layers=5, encoder_layers_to_keep=None, encoder_learned_pos=False, encoder_normalize_before=True, fast_stat_sync=False, find_unused_parameters=False, fix_batches_to_gpus=False, fixed_validation_seed=None, fp16=True, fp16_init_scale=128, fp16_scale_tolerance=0.0, fp16_scale_window=None, keep_interval_updates=-1, keep_last_epochs=-1, label_smoothing=0.2, layer_wise_attention=False, layernorm_embedding=False, lazy_load=False, left_pad_source='True', left_pad_target='False', load_alignments=False, log_format=None, log_interval=1000, lr=[0.001], lr_scheduler='inverse_sqrt', max_epoch=100, max_sentences=None, max_sentences_valid=None, max_source_positions=1024, max_target_positions=1024, max_tokens=4000, max_tokens_valid=4000, max_update=0, maximize_best_checkpoint_metric=False, memory_efficient_fp16=False, min_loss_scale=0.0001, min_lr=1e-09, no_cross_attention=False, no_epoch_checkpoints=False, no_last_checkpoints=False, no_progress_bar=False, no_save=False, no_save_optimizer_state=False, no_scale_embedding=False, no_token_positional_embeddings=False, num_workers=1, optimizer='adam', optimizer_overrides='{}', raw_text=False, required_batch_size_multiple=8, reset_dataloader=False, reset_lr_scheduler=False, reset_meters=False, reset_optimizer=False, restore_file='checkpoint_last.pt', save_dir='./checkpoints/2020-03-26T12-39-04-00-exp22-bpe2500/checkpoints_en_ne', save_interval=10, save_interval_updates=0, seed=19, sentence_avg=False, share_all_embeddings=True, share_decoder_input_output_embed=False, skip_invalid_size_inputs_valid_test=False, source_lang='en', target_lang='ne', task='translation', tensorboard_logdir='', threshold_loss_scale=None, tokenizer=None, train_subset='train', truncate_source=False, update_freq=[4], upsample_primary=1, use_bmuf=False, user_dir=None, valid_subset='valid', validate_interval=1, warmup_init_lr=1e-07, warmup_updates=4000, weight_decay=0.0001)
| [en] dictionary: 2504 types
| [ne] dictionary: 2504 types
| loaded 2559 examples from: data-bin/wiki_ne_en_bpe2500/valid.ne-en.en
| loaded 2559 examples from: data-bin/wiki_ne_en_bpe2500/valid.ne-en.ne
| data-bin/wiki_ne_en_bpe2500/ valid en-ne 2559 examples
TransformerModel(
  (encoder): TransformerEncoder(
    (embed_tokens): Embedding(2504, 512, padding_idx=1)
    (embed_positions): SinusoidalPositionalEmbedding()
    (layers): ModuleList(
      (0): TransformerEncoderLayer(
        (self_attn): MultiheadAttention(
          (k_proj): Linear(in_features=512, out_features=512, bias=True)
          (v_proj): Linear(in_features=512, out_features=512, bias=True)
          (q_proj): Linear(in_features=512, out_features=512, bias=True)
          (out_proj): Linear(in_features=512, out_features=512, bias=True)
        )
        (self_attn_layer_norm): LayerNorm((512,), eps=1e-05, elementwise_affine=True)
        (fc1): Linear(in_features=512, out_features=2048, bias=True)
        (fc2): Linear(in_features=2048, out_features=512, bias=True)
        (final_layer_norm): LayerNorm((512,), eps=1e-05, elementwise_affine=True)
      )
      (1): TransformerEncoderLayer(
        (self_attn): MultiheadAttention(
          (k_proj): Linear(in_features=512, out_features=512, bias=True)
          (v_proj): Linear(in_features=512, out_features=512, bias=True)
          (q_proj): Linear(in_features=512, out_features=512, bias=True)
          (out_proj): Linear(in_features=512, out_features=512, bias=True)
        )
        (self_attn_layer_norm): LayerNorm((512,), eps=1e-05, elementwise_affine=True)
        (fc1): Linear(in_features=512, out_features=2048, bias=True)
        (fc2): Linear(in_features=2048, out_features=512, bias=True)
        (final_layer_norm): LayerNorm((512,), eps=1e-05, elementwise_affine=True)
      )
      (2): TransformerEncoderLayer(
        (self_attn): MultiheadAttention(
          (k_proj): Linear(in_features=512, out_features=512, bias=True)
          (v_proj): Linear(in_features=512, out_features=512, bias=True)
          (q_proj): Linear(in_features=512, out_features=512, bias=True)
          (out_proj): Linear(in_features=512, out_features=512, bias=True)
        )
        (self_attn_layer_norm): LayerNorm((512,), eps=1e-05, elementwise_affine=True)
        (fc1): Linear(in_features=512, out_features=2048, bias=True)
        (fc2): Linear(in_features=2048, out_features=512, bias=True)
        (final_layer_norm): LayerNorm((512,), eps=1e-05, elementwise_affine=True)
      )
      (3): TransformerEncoderLayer(
        (self_attn): MultiheadAttention(
          (k_proj): Linear(in_features=512, out_features=512, bias=True)
          (v_proj): Linear(in_features=512, out_features=512, bias=True)
          (q_proj): Linear(in_features=512, out_features=512, bias=True)
          (out_proj): Linear(in_features=512, out_features=512, bias=True)
        )
        (self_attn_layer_norm): LayerNorm((512,), eps=1e-05, elementwise_affine=True)
        (fc1): Linear(in_features=512, out_features=2048, bias=True)
        (fc2): Linear(in_features=2048, out_features=512, bias=True)
        (final_layer_norm): LayerNorm((512,), eps=1e-05, elementwise_affine=True)
      )
      (4): TransformerEncoderLayer(
        (self_attn): MultiheadAttention(
          (k_proj): Linear(in_features=512, out_features=512, bias=True)
          (v_proj): Linear(in_features=512, out_features=512, bias=True)
          (q_proj): Linear(in_features=512, out_features=512, bias=True)
          (out_proj): Linear(in_features=512, out_features=512, bias=True)
        )
        (self_attn_layer_norm): LayerNorm((512,), eps=1e-05, elementwise_affine=True)
        (fc1): Linear(in_features=512, out_features=2048, bias=True)
        (fc2): Linear(in_features=2048, out_features=512, bias=True)
        (final_layer_norm): LayerNorm((512,), eps=1e-05, elementwise_affine=True)
      )
    )
    (layer_norm): LayerNorm((512,), eps=1e-05, elementwise_affine=True)
  )
  (decoder): TransformerDecoder(
    (embed_tokens): Embedding(2504, 512, padding_idx=1)
    (embed_positions): SinusoidalPositionalEmbedding()
    (layers): ModuleList(
      (0): TransformerDecoderLayer(
        (self_attn): MultiheadAttention(
          (k_proj): Linear(in_features=512, out_features=512, bias=True)
          (v_proj): Linear(in_features=512, out_features=512, bias=True)
          (q_proj): Linear(in_features=512, out_features=512, bias=True)
          (out_proj): Linear(in_features=512, out_features=512, bias=True)
        )
        (self_attn_layer_norm): LayerNorm((512,), eps=1e-05, elementwise_affine=True)
        (encoder_attn): MultiheadAttention(
          (k_proj): Linear(in_features=512, out_features=512, bias=True)
          (v_proj): Linear(in_features=512, out_features=512, bias=True)
          (q_proj): Linear(in_features=512, out_features=512, bias=True)
          (out_proj): Linear(in_features=512, out_features=512, bias=True)
        )
        (encoder_attn_layer_norm): LayerNorm((512,), eps=1e-05, elementwise_affine=True)
        (fc1): Linear(in_features=512, out_features=2048, bias=True)
        (fc2): Linear(in_features=2048, out_features=512, bias=True)
        (final_layer_norm): LayerNorm((512,), eps=1e-05, elementwise_affine=True)
      )
      (1): TransformerDecoderLayer(
        (self_attn): MultiheadAttention(
          (k_proj): Linear(in_features=512, out_features=512, bias=True)
          (v_proj): Linear(in_features=512, out_features=512, bias=True)
          (q_proj): Linear(in_features=512, out_features=512, bias=True)
          (out_proj): Linear(in_features=512, out_features=512, bias=True)
        )
        (self_attn_layer_norm): LayerNorm((512,), eps=1e-05, elementwise_affine=True)
        (encoder_attn): MultiheadAttention(
          (k_proj): Linear(in_features=512, out_features=512, bias=True)
          (v_proj): Linear(in_features=512, out_features=512, bias=True)
          (q_proj): Linear(in_features=512, out_features=512, bias=True)
          (out_proj): Linear(in_features=512, out_features=512, bias=True)
        )
        (encoder_attn_layer_norm): LayerNorm((512,), eps=1e-05, elementwise_affine=True)
        (fc1): Linear(in_features=512, out_features=2048, bias=True)
        (fc2): Linear(in_features=2048, out_features=512, bias=True)
        (final_layer_norm): LayerNorm((512,), eps=1e-05, elementwise_affine=True)
      )
      (2): TransformerDecoderLayer(
        (self_attn): MultiheadAttention(
          (k_proj): Linear(in_features=512, out_features=512, bias=True)
          (v_proj): Linear(in_features=512, out_features=512, bias=True)
          (q_proj): Linear(in_features=512, out_features=512, bias=True)
          (out_proj): Linear(in_features=512, out_features=512, bias=True)
        )
        (self_attn_layer_norm): LayerNorm((512,), eps=1e-05, elementwise_affine=True)
        (encoder_attn): MultiheadAttention(
          (k_proj): Linear(in_features=512, out_features=512, bias=True)
          (v_proj): Linear(in_features=512, out_features=512, bias=True)
          (q_proj): Linear(in_features=512, out_features=512, bias=True)
          (out_proj): Linear(in_features=512, out_features=512, bias=True)
        )
        (encoder_attn_layer_norm): LayerNorm((512,), eps=1e-05, elementwise_affine=True)
        (fc1): Linear(in_features=512, out_features=2048, bias=True)
        (fc2): Linear(in_features=2048, out_features=512, bias=True)
        (final_layer_norm): LayerNorm((512,), eps=1e-05, elementwise_affine=True)
      )
      (3): TransformerDecoderLayer(
        (self_attn): MultiheadAttention(
          (k_proj): Linear(in_features=512, out_features=512, bias=True)
          (v_proj): Linear(in_features=512, out_features=512, bias=True)
          (q_proj): Linear(in_features=512, out_features=512, bias=True)
          (out_proj): Linear(in_features=512, out_features=512, bias=True)
        )
        (self_attn_layer_norm): LayerNorm((512,), eps=1e-05, elementwise_affine=True)
        (encoder_attn): MultiheadAttention(
          (k_proj): Linear(in_features=512, out_features=512, bias=True)
          (v_proj): Linear(in_features=512, out_features=512, bias=True)
          (q_proj): Linear(in_features=512, out_features=512, bias=True)
          (out_proj): Linear(in_features=512, out_features=512, bias=True)
        )
        (encoder_attn_layer_norm): LayerNorm((512,), eps=1e-05, elementwise_affine=True)
        (fc1): Linear(in_features=512, out_features=2048, bias=True)
        (fc2): Linear(in_features=2048, out_features=512, bias=True)
        (final_layer_norm): LayerNorm((512,), eps=1e-05, elementwise_affine=True)
      )
      (4): TransformerDecoderLayer(
        (self_attn): MultiheadAttention(
          (k_proj): Linear(in_features=512, out_features=512, bias=True)
          (v_proj): Linear(in_features=512, out_features=512, bias=True)
          (q_proj): Linear(in_features=512, out_features=512, bias=True)
          (out_proj): Linear(in_features=512, out_features=512, bias=True)
        )
        (self_attn_layer_norm): LayerNorm((512,), eps=1e-05, elementwise_affine=True)
        (encoder_attn): MultiheadAttention(
          (k_proj): Linear(in_features=512, out_features=512, bias=True)
          (v_proj): Linear(in_features=512, out_features=512, bias=True)
          (q_proj): Linear(in_features=512, out_features=512, bias=True)
          (out_proj): Linear(in_features=512, out_features=512, bias=True)
        )
        (encoder_attn_layer_norm): LayerNorm((512,), eps=1e-05, elementwise_affine=True)
        (fc1): Linear(in_features=512, out_features=2048, bias=True)
        (fc2): Linear(in_features=2048, out_features=512, bias=True)
        (final_layer_norm): LayerNorm((512,), eps=1e-05, elementwise_affine=True)
      )
    )
    (layer_norm): LayerNorm((512,), eps=1e-05, elementwise_affine=True)
  )
)
| model transformer, criterion LabelSmoothedCrossEntropyCriterion
| num. model params: 38066176 (num. trained: 38066176)
| training on 1 GPUs
| max tokens per GPU = 4000 and max sentences per GPU = None
| no existing checkpoint found ./checkpoints/2020-03-26T12-39-04-00-exp22-bpe2500/checkpoints_en_ne/checkpoint_last.pt
| loading train data for epoch 0
| loaded 563637 examples from: data-bin/wiki_ne_en_bpe2500/train.ne-en.en
| loaded 563637 examples from: data-bin/wiki_ne_en_bpe2500/train.ne-en.ne
| data-bin/wiki_ne_en_bpe2500/ train en-ne 563637 examples
| WARNING: overflow detected, setting loss scale to: 64.0
| WARNING: overflow detected, setting loss scale to: 32.0
| WARNING: overflow detected, setting loss scale to: 16.0
| WARNING: overflow detected, setting loss scale to: 8.0
| epoch 001 | loss 9.539 | nll_loss 8.771 | ppl 436.72 | wps 55644 | ups 4 | wpb 13279.976 | bsz 803.633 | num_updates 695 | lr 0.000173833 | gnorm 0.842 | clip 1.000 | oom 0.000 | loss_scale 8.000 | wall 166 | train_wall 131
| epoch 001 | valid on 'valid' subset | loss 8.736 | nll_loss 7.515 | ppl 182.96 | num_updates 695
| epoch 002 | loss 7.438 | nll_loss 5.949 | ppl 61.76 | wps 61118 | ups 5 | wpb 13287.043 | bsz 806.348 | num_updates 1394 | lr 0.000348565 | gnorm 0.552 | clip 1.000 | oom 0.000 | loss_scale 8.000 | wall 319 | train_wall 254
| epoch 002 | valid on 'valid' subset | loss 8.327 | nll_loss 6.885 | ppl 118.23 | num_updates 1394
| epoch 003 | loss 6.635 | nll_loss 4.885 | ppl 29.54 | wps 61236 | ups 5 | wpb 13287.043 | bsz 806.348 | num_updates 2093 | lr 0.000523298 | gnorm 0.471 | clip 1.000 | oom 0.000 | loss_scale 8.000 | wall 471 | train_wall 375
| epoch 003 | valid on 'valid' subset | loss 8.070 | nll_loss 6.521 | ppl 91.86 | num_updates 2093
| epoch 004 | loss 6.192 | nll_loss 4.306 | ppl 19.77 | wps 61740 | ups 5 | wpb 13287.043 | bsz 806.348 | num_updates 2792 | lr 0.00069803 | gnorm 0.414 | clip 1.000 | oom 0.000 | loss_scale 8.000 | wall 622 | train_wall 497
| epoch 004 | valid on 'valid' subset | loss 7.893 | nll_loss 6.289 | ppl 78.22 | num_updates 2792
| epoch 005 | loss 5.915 | nll_loss 3.946 | ppl 15.42 | wps 61750 | ups 5 | wpb 13287.043 | bsz 806.348 | num_updates 3491 | lr 0.000872763 | gnorm 0.374 | clip 1.000 | oom 0.000 | loss_scale 8.000 | wall 773 | train_wall 618
| epoch 005 | valid on 'valid' subset | loss 7.702 | nll_loss 6.032 | ppl 65.42 | num_updates 3491
| epoch 006 | loss 5.728 | nll_loss 3.706 | ppl 13.05 | wps 61574 | ups 5 | wpb 13287.043 | bsz 806.348 | num_updates 4190 | lr 0.000977064 | gnorm 0.344 | clip 1.000 | oom 0.000 | loss_scale 8.000 | wall 925 | train_wall 740
| epoch 006 | valid on 'valid' subset | loss 7.582 | nll_loss 5.863 | ppl 58.21 | num_updates 4190
| epoch 007 | loss 5.550 | nll_loss 3.479 | ppl 11.15 | wps 59307 | ups 4 | wpb 13287.043 | bsz 806.348 | num_updates 4889 | lr 0.000904524 | gnorm 0.309 | clip 1.000 | oom 0.000 | loss_scale 16.000 | wall 1082 | train_wall 866
| epoch 007 | valid on 'valid' subset | loss 7.435 | nll_loss 5.666 | ppl 50.77 | num_updates 4889
| epoch 008 | loss 5.404 | nll_loss 3.293 | ppl 9.8 | wps 59258 | ups 4 | wpb 13287.043 | bsz 806.348 | num_updates 5588 | lr 0.000846061 | gnorm 0.287 | clip 1.000 | oom 0.000 | loss_scale 16.000 | wall 1239 | train_wall 994
| epoch 008 | valid on 'valid' subset | loss 7.333 | nll_loss 5.509 | ppl 45.54 | num_updates 5588
| epoch 009 | loss 5.295 | nll_loss 3.154 | ppl 8.9 | wps 58308 | ups 4 | wpb 13287.043 | bsz 806.348 | num_updates 6287 | lr 0.000797642 | gnorm 0.269 | clip 1.000 | oom 0.000 | loss_scale 16.000 | wall 1399 | train_wall 1123
| epoch 009 | valid on 'valid' subset | loss 7.264 | nll_loss 5.413 | ppl 42.61 | num_updates 6287
| epoch 010 | loss 5.212 | nll_loss 3.048 | ppl 8.27 | wps 61652 | ups 5 | wpb 13287.043 | bsz 806.348 | num_updates 6986 | lr 0.000756686 | gnorm 0.261 | clip 1.000 | oom 0.000 | loss_scale 16.000 | wall 1551 | train_wall 1245
| epoch 010 | valid on 'valid' subset | loss 7.138 | nll_loss 5.273 | ppl 38.66 | num_updates 6986
| saved checkpoint ./checkpoints/2020-03-26T12-39-04-00-exp22-bpe2500/checkpoints_en_ne/checkpoint10.pt (epoch 10 @ 6986 updates) (writing took 0.9214682579040527 seconds)
| epoch 011 | loss 5.144 | nll_loss 2.962 | ppl 7.79 | wps 59878 | ups 5 | wpb 13287.043 | bsz 806.348 | num_updates 7685 | lr 0.000721453 | gnorm 0.252 | clip 1.000 | oom 0.000 | loss_scale 16.000 | wall 1708 | train_wall 1371
| epoch 011 | valid on 'valid' subset | loss 7.129 | nll_loss 5.237 | ppl 37.72 | num_updates 7685 | best_loss 7.12942
| epoch 012 | loss 5.088 | nll_loss 2.891 | ppl 7.42 | wps 62642 | ups 5 | wpb 13287.043 | bsz 806.348 | num_updates 8384 | lr 0.000690724 | gnorm 0.246 | clip 1.000 | oom 0.000 | loss_scale 16.000 | wall 1857 | train_wall 1493
| epoch 012 | valid on 'valid' subset | loss 7.045 | nll_loss 5.143 | ppl 35.33 | num_updates 8384 | best_loss 7.04454
| epoch 013 | loss 5.040 | nll_loss 2.831 | ppl 7.11 | wps 60684 | ups 5 | wpb 13287.043 | bsz 806.348 | num_updates 9083 | lr 0.000663614 | gnorm 0.243 | clip 1.000 | oom 0.000 | loss_scale 32.000 | wall 2010 | train_wall 1616
| epoch 013 | valid on 'valid' subset | loss 6.979 | nll_loss 5.067 | ppl 33.53 | num_updates 9083 | best_loss 6.97902
| epoch 014 | loss 4.999 | nll_loss 2.778 | ppl 6.86 | wps 60092 | ups 5 | wpb 13287.043 | bsz 806.348 | num_updates 9782 | lr 0.000639464 | gnorm 0.239 | clip 1.000 | oom 0.000 | loss_scale 32.000 | wall 2166 | train_wall 1741
| epoch 014 | valid on 'valid' subset | loss 7.003 | nll_loss 5.084 | ppl 33.93 | num_updates 9782 | best_loss 7.00284
| epoch 015 | loss 4.965 | nll_loss 2.734 | ppl 6.65 | wps 60898 | ups 5 | wpb 13287.043 | bsz 806.348 | num_updates 10481 | lr 0.000617773 | gnorm 0.235 | clip 1.000 | oom 0.000 | loss_scale 32.000 | wall 2319 | train_wall 1864
| epoch 015 | valid on 'valid' subset | loss 6.960 | nll_loss 5.022 | ppl 32.49 | num_updates 10481 | best_loss 6.96006
| epoch 016 | loss 4.932 | nll_loss 2.694 | ppl 6.47 | wps 61533 | ups 5 | wpb 13287.043 | bsz 806.348 | num_updates 11180 | lr 0.000598149 | gnorm 0.233 | clip 1.000 | oom 0.000 | loss_scale 32.000 | wall 2471 | train_wall 1985
| epoch 016 | valid on 'valid' subset | loss 6.927 | nll_loss 5.000 | ppl 31.99 | num_updates 11180 | best_loss 6.92745
| epoch 017 | loss 4.903 | nll_loss 2.657 | ppl 6.31 | wps 60673 | ups 5 | wpb 13287.043 | bsz 806.348 | num_updates 11879 | lr 0.000580283 | gnorm 0.231 | clip 1.000 | oom 0.000 | loss_scale 32.000 | wall 2624 | train_wall 2110
| epoch 017 | valid on 'valid' subset | loss 6.940 | nll_loss 4.991 | ppl 31.8 | num_updates 11879 | best_loss 6.93987
| epoch 018 | loss 4.878 | nll_loss 2.625 | ppl 6.17 | wps 59745 | ups 4 | wpb 13287.043 | bsz 806.348 | num_updates 12578 | lr 0.000563929 | gnorm 0.230 | clip 1.000 | oom 0.000 | loss_scale 32.000 | wall 2781 | train_wall 2235
| epoch 018 | valid on 'valid' subset | loss 6.905 | nll_loss 4.954 | ppl 31.01 | num_updates 12578 | best_loss 6.90515
| WARNING: overflow detected, setting loss scale to: 32.0
| epoch 019 | loss 4.855 | nll_loss 2.596 | ppl 6.05 | wps 58898 | ups 4 | wpb 13289.805 | bsz 806.288 | num_updates 13276 | lr 0.000548904 | gnorm 0.228 | clip 1.000 | oom 0.000 | loss_scale 32.000 | wall 2939 | train_wall 2362
| epoch 019 | valid on 'valid' subset | loss 6.918 | nll_loss 4.962 | ppl 31.17 | num_updates 13276 | best_loss 6.91777
| epoch 020 | loss 4.834 | nll_loss 2.570 | ppl 5.94 | wps 60612 | ups 5 | wpb 13287.043 | bsz 806.348 | num_updates 13975 | lr 0.000535 | gnorm 0.229 | clip 1.000 | oom 0.000 | loss_scale 32.000 | wall 3093 | train_wall 2486
| epoch 020 | valid on 'valid' subset | loss 6.867 | nll_loss 4.910 | ppl 30.07 | num_updates 13975 | best_loss 6.86734
| saved checkpoint ./checkpoints/2020-03-26T12-39-04-00-exp22-bpe2500/checkpoints_en_ne/checkpoint20.pt (epoch 20 @ 13975 updates) (writing took 1.1709935665130615 seconds)
| epoch 021 | loss 4.815 | nll_loss 2.545 | ppl 5.84 | wps 59911 | ups 5 | wpb 13287.043 | bsz 806.348 | num_updates 14674 | lr 0.000522102 | gnorm 0.228 | clip 1.000 | oom 0.000 | loss_scale 32.000 | wall 3250 | train_wall 2611
| epoch 021 | valid on 'valid' subset | loss 6.859 | nll_loss 4.896 | ppl 29.76 | num_updates 14674 | best_loss 6.85893
| epoch 022 | loss 4.796 | nll_loss 2.522 | ppl 5.74 | wps 61106 | ups 5 | wpb 13287.043 | bsz 806.348 | num_updates 15373 | lr 0.000510095 | gnorm 0.226 | clip 1.000 | oom 0.000 | loss_scale 32.000 | wall 3402 | train_wall 2733
| epoch 022 | valid on 'valid' subset | loss 6.852 | nll_loss 4.884 | ppl 29.53 | num_updates 15373 | best_loss 6.85203
| epoch 023 | loss 4.780 | nll_loss 2.500 | ppl 5.66 | wps 59780 | ups 4 | wpb 13287.043 | bsz 806.348 | num_updates 16072 | lr 0.000498879 | gnorm 0.224 | clip 1.000 | oom 0.000 | loss_scale 32.000 | wall 3559 | train_wall 2861
| epoch 023 | valid on 'valid' subset | loss 6.843 | nll_loss 4.862 | ppl 29.08 | num_updates 16072 | best_loss 6.84328
| epoch 024 | loss 4.764 | nll_loss 2.481 | ppl 5.58 | wps 60635 | ups 5 | wpb 13287.043 | bsz 806.348 | num_updates 16771 | lr 0.000488372 | gnorm 0.223 | clip 1.000 | oom 0.000 | loss_scale 32.000 | wall 3712 | train_wall 2984
| epoch 024 | valid on 'valid' subset | loss 6.839 | nll_loss 4.866 | ppl 29.17 | num_updates 16771 | best_loss 6.83868
| epoch 025 | loss 4.750 | nll_loss 2.463 | ppl 5.52 | wps 60540 | ups 5 | wpb 13287.043 | bsz 806.348 | num_updates 17470 | lr 0.000478502 | gnorm 0.224 | clip 1.000 | oom 0.000 | loss_scale 64.000 | wall 3867 | train_wall 3108
| epoch 025 | valid on 'valid' subset | loss 6.857 | nll_loss 4.878 | ppl 29.41 | num_updates 17470 | best_loss 6.8572
| WARNING: overflow detected, setting loss scale to: 32.0
| epoch 026 | loss 4.737 | nll_loss 2.447 | ppl 5.45 | wps 58732 | ups 4 | wpb 13292.259 | bsz 806.563 | num_updates 18168 | lr 0.00046922 | gnorm 0.223 | clip 1.000 | oom 0.000 | loss_scale 32.000 | wall 4025 | train_wall 3235
| epoch 026 | valid on 'valid' subset | loss 6.806 | nll_loss 4.824 | ppl 28.32 | num_updates 18168 | best_loss 6.80571
| epoch 027 | loss 4.724 | nll_loss 2.430 | ppl 5.39 | wps 59749 | ups 4 | wpb 13287.043 | bsz 806.348 | num_updates 18867 | lr 0.000460446 | gnorm 0.222 | clip 1.000 | oom 0.000 | loss_scale 32.000 | wall 4182 | train_wall 3361
| epoch 027 | valid on 'valid' subset | loss 6.791 | nll_loss 4.806 | ppl 27.97 | num_updates 18867 | best_loss 6.79149
| epoch 028 | loss 4.711 | nll_loss 2.414 | ppl 5.33 | wps 60055 | ups 5 | wpb 13287.043 | bsz 806.348 | num_updates 19566 | lr 0.000452146 | gnorm 0.222 | clip 1.000 | oom 0.000 | loss_scale 32.000 | wall 4337 | train_wall 3486
| epoch 028 | valid on 'valid' subset | loss 6.828 | nll_loss 4.844 | ppl 28.71 | num_updates 19566 | best_loss 6.82789
| epoch 029 | loss 4.700 | nll_loss 2.400 | ppl 5.28 | wps 58745 | ups 4 | wpb 13287.043 | bsz 806.348 | num_updates 20265 | lr 0.00044428 | gnorm 0.221 | clip 1.000 | oom 0.000 | loss_scale 32.000 | wall 4496 | train_wall 3614
| epoch 029 | valid on 'valid' subset | loss 6.806 | nll_loss 4.817 | ppl 28.19 | num_updates 20265 | best_loss 6.80614
| epoch 030 | loss 4.689 | nll_loss 2.386 | ppl 5.23 | wps 60305 | ups 5 | wpb 13287.043 | bsz 806.348 | num_updates 20964 | lr 0.00043681 | gnorm 0.221 | clip 1.000 | oom 0.000 | loss_scale 32.000 | wall 4651 | train_wall 3739
| epoch 030 | valid on 'valid' subset | loss 6.810 | nll_loss 4.817 | ppl 28.18 | num_updates 20964 | best_loss 6.81021
| saved checkpoint ./checkpoints/2020-03-26T12-39-04-00-exp22-bpe2500/checkpoints_en_ne/checkpoint30.pt (epoch 30 @ 20964 updates) (writing took 1.144315242767334 seconds)
| epoch 031 | loss 4.679 | nll_loss 2.373 | ppl 5.18 | wps 60741 | ups 5 | wpb 13287.043 | bsz 806.348 | num_updates 21663 | lr 0.000429705 | gnorm 0.221 | clip 1.000 | oom 0.000 | loss_scale 32.000 | wall 4805 | train_wall 3862
| epoch 031 | valid on 'valid' subset | loss 6.780 | nll_loss 4.796 | ppl 27.79 | num_updates 21663 | best_loss 6.78023
| epoch 032 | loss 4.670 | nll_loss 2.362 | ppl 5.14 | wps 59558 | ups 4 | wpb 13287.043 | bsz 806.348 | num_updates 22362 | lr 0.000422936 | gnorm 0.221 | clip 1.000 | oom 0.000 | loss_scale 64.000 | wall 4962 | train_wall 3988
| epoch 032 | valid on 'valid' subset | loss 6.771 | nll_loss 4.778 | ppl 27.44 | num_updates 22362 | best_loss 6.77071
| WARNING: overflow detected, setting loss scale to: 32.0
| epoch 033 | loss 4.661 | nll_loss 2.350 | ppl 5.1 | wps 58969 | ups 4 | wpb 13286.203 | bsz 806.150 | num_updates 23060 | lr 0.000416486 | gnorm 0.220 | clip 1.000 | oom 0.000 | loss_scale 32.000 | wall 5120 | train_wall 4115
| epoch 033 | valid on 'valid' subset | loss 6.770 | nll_loss 4.793 | ppl 27.73 | num_updates 23060 | best_loss 6.76955
| epoch 034 | loss 4.651 | nll_loss 2.338 | ppl 5.06 | wps 60496 | ups 5 | wpb 13287.043 | bsz 806.348 | num_updates 23759 | lr 0.000410314 | gnorm 0.219 | clip 1.000 | oom 0.000 | loss_scale 32.000 | wall 5274 | train_wall 4238
| epoch 034 | valid on 'valid' subset | loss 6.751 | nll_loss 4.755 | ppl 26.99 | num_updates 23759 | best_loss 6.75132
| epoch 035 | loss 4.643 | nll_loss 2.328 | ppl 5.02 | wps 61278 | ups 5 | wpb 13287.043 | bsz 806.348 | num_updates 24458 | lr 0.000404408 | gnorm 0.222 | clip 1.000 | oom 0.000 | loss_scale 32.000 | wall 5427 | train_wall 4361
| epoch 035 | valid on 'valid' subset | loss 6.755 | nll_loss 4.763 | ppl 27.15 | num_updates 24458 | best_loss 6.75482
| epoch 036 | loss 4.635 | nll_loss 2.318 | ppl 4.98 | wps 62167 | ups 5 | wpb 13287.043 | bsz 806.348 | num_updates 25157 | lr 0.00039875 | gnorm 0.220 | clip 1.000 | oom 0.000 | loss_scale 32.000 | wall 5577 | train_wall 4481
| epoch 036 | valid on 'valid' subset | loss 6.708 | nll_loss 4.712 | ppl 26.21 | num_updates 25157 | best_loss 6.70815
| epoch 037 | loss 4.627 | nll_loss 2.308 | ppl 4.95 | wps 60387 | ups 5 | wpb 13287.043 | bsz 806.348 | num_updates 25856 | lr 0.000393323 | gnorm 0.222 | clip 1.000 | oom 0.000 | loss_scale 32.000 | wall 5731 | train_wall 4606
| epoch 037 | valid on 'valid' subset | loss 6.749 | nll_loss 4.755 | ppl 27 | num_updates 25856 | best_loss 6.74896
| epoch 038 | loss 4.620 | nll_loss 2.298 | ppl 4.92 | wps 60665 | ups 5 | wpb 13287.043 | bsz 806.348 | num_updates 26555 | lr 0.000388112 | gnorm 0.221 | clip 1.000 | oom 0.000 | loss_scale 32.000 | wall 5885 | train_wall 4730
| epoch 038 | valid on 'valid' subset | loss 6.736 | nll_loss 4.743 | ppl 26.77 | num_updates 26555 | best_loss 6.73628
| WARNING: overflow detected, setting loss scale to: 32.0
| epoch 039 | loss 4.612 | nll_loss 2.289 | ppl 4.89 | wps 59799 | ups 4 | wpb 13292.701 | bsz 805.417 | num_updates 27253 | lr 0.000383109 | gnorm 0.221 | clip 1.000 | oom 0.000 | loss_scale 32.000 | wall 6041 | train_wall 4855
| epoch 039 | valid on 'valid' subset | loss 6.751 | nll_loss 4.751 | ppl 26.93 | num_updates 27253 | best_loss 6.75114
| epoch 040 | loss 4.605 | nll_loss 2.281 | ppl 4.86 | wps 60815 | ups 5 | wpb 13287.043 | bsz 806.348 | num_updates 27952 | lr 0.000378289 | gnorm 0.220 | clip 1.000 | oom 0.000 | loss_scale 32.000 | wall 6194 | train_wall 4979
| epoch 040 | valid on 'valid' subset | loss 6.726 | nll_loss 4.730 | ppl 26.54 | num_updates 27952 | best_loss 6.72599
| saved checkpoint ./checkpoints/2020-03-26T12-39-04-00-exp22-bpe2500/checkpoints_en_ne/checkpoint40.pt (epoch 40 @ 27952 updates) (writing took 1.0448272228240967 seconds)
| epoch 041 | loss 4.599 | nll_loss 2.272 | ppl 4.83 | wps 59202 | ups 4 | wpb 13287.043 | bsz 806.348 | num_updates 28651 | lr 0.000373646 | gnorm 0.221 | clip 1.000 | oom 0.000 | loss_scale 32.000 | wall 6353 | train_wall 5106
| epoch 041 | valid on 'valid' subset | loss 6.739 | nll_loss 4.745 | ppl 26.81 | num_updates 28651 | best_loss 6.72599
| epoch 042 | loss 4.593 | nll_loss 2.264 | ppl 4.8 | wps 60003 | ups 5 | wpb 13287.043 | bsz 806.348 | num_updates 29350 | lr 0.00036917 | gnorm 0.221 | clip 1.000 | oom 0.000 | loss_scale 32.000 | wall 6509 | train_wall 5232
| epoch 042 | valid on 'valid' subset | loss 6.749 | nll_loss 4.745 | ppl 26.82 | num_updates 29350 | best_loss 6.72599
| epoch 043 | loss 4.586 | nll_loss 2.256 | ppl 4.78 | wps 59280 | ups 4 | wpb 13287.043 | bsz 806.348 | num_updates 30049 | lr 0.000364851 | gnorm 0.220 | clip 1.000 | oom 0.000 | loss_scale 32.000 | wall 6666 | train_wall 5359
| epoch 043 | valid on 'valid' subset | loss 6.739 | nll_loss 4.734 | ppl 26.62 | num_updates 30049 | best_loss 6.72599
| epoch 044 | loss 4.580 | nll_loss 2.249 | ppl 4.75 | wps 60822 | ups 5 | wpb 13287.043 | bsz 806.348 | num_updates 30748 | lr 0.00036068 | gnorm 0.221 | clip 1.000 | oom 0.000 | loss_scale 32.000 | wall 6819 | train_wall 5483
| epoch 044 | valid on 'valid' subset | loss 6.720 | nll_loss 4.716 | ppl 26.29 | num_updates 30748 | best_loss 6.72034
| WARNING: overflow detected, setting loss scale to: 32.0
| epoch 045 | loss 4.576 | nll_loss 2.243 | ppl 4.73 | wps 60533 | ups 5 | wpb 13283.910 | bsz 805.921 | num_updates 31446 | lr 0.000356654 | gnorm 0.220 | clip 1.000 | oom 0.000 | loss_scale 32.000 | wall 6973 | train_wall 5607
| epoch 045 | valid on 'valid' subset | loss 6.705 | nll_loss 4.698 | ppl 25.96 | num_updates 31446 | best_loss 6.70493
| epoch 046 | loss 4.569 | nll_loss 2.235 | ppl 4.71 | wps 60212 | ups 5 | wpb 13287.043 | bsz 806.348 | num_updates 32145 | lr 0.000352755 | gnorm 0.220 | clip 1.000 | oom 0.000 | loss_scale 32.000 | wall 7128 | train_wall 5732
| epoch 046 | valid on 'valid' subset | loss 6.734 | nll_loss 4.730 | ppl 26.55 | num_updates 32145 | best_loss 6.72599
| epoch 047 | loss 4.564 | nll_loss 2.229 | ppl 4.69 | wps 59743 | ups 4 | wpb 13287.043 | bsz 806.348 | num_updates 32844 | lr 0.000348981 | gnorm 0.222 | clip 1.000 | oom 0.000 | loss_scale 32.000 | wall 7284 | train_wall 5857
| epoch 047 | valid on 'valid' subset | loss 6.714 | nll_loss 4.714 | ppl 26.24 | num_updates 32844 | best_loss 6.71367
| epoch 048 | loss 4.559 | nll_loss 2.222 | ppl 4.67 | wps 59653 | ups 4 | wpb 13287.043 | bsz 806.348 | num_updates 33543 | lr 0.000345326 | gnorm 0.221 | clip 1.000 | oom 0.000 | loss_scale 32.000 | wall 7441 | train_wall 5983
| epoch 048 | valid on 'valid' subset | loss 6.732 | nll_loss 4.728 | ppl 26.51 | num_updates 33543 | best_loss 6.72599
| epoch 049 | loss 4.554 | nll_loss 2.215 | ppl 4.64 | wps 59971 | ups 5 | wpb 13287.043 | bsz 806.348 | num_updates 34242 | lr 0.000341783 | gnorm 0.221 | clip 1.000 | oom 0.000 | loss_scale 32.000 | wall 7596 | train_wall 6108
| epoch 049 | valid on 'valid' subset | loss 6.743 | nll_loss 4.739 | ppl 26.71 | num_updates 34242 | best_loss 6.72599
| epoch 050 | loss 4.549 | nll_loss 2.210 | ppl 4.63 | wps 59365 | ups 4 | wpb 13287.043 | bsz 806.348 | num_updates 34941 | lr 0.000338347 | gnorm 0.222 | clip 1.000 | oom 0.000 | loss_scale 32.000 | wall 7754 | train_wall 6235
| epoch 050 | valid on 'valid' subset | loss 6.693 | nll_loss 4.688 | ppl 25.77 | num_updates 34941 | best_loss 6.6928
| saved checkpoint ./checkpoints/2020-03-26T12-39-04-00-exp22-bpe2500/checkpoints_en_ne/checkpoint50.pt (epoch 50 @ 34941 updates) (writing took 1.1822614669799805 seconds)
| WARNING: overflow detected, setting loss scale to: 32.0
| epoch 051 | loss 4.544 | nll_loss 2.203 | ppl 4.61 | wps 59777 | ups 4 | wpb 13290.629 | bsz 806.265 | num_updates 35639 | lr 0.000335017 | gnorm 0.221 | clip 1.000 | oom 0.000 | loss_scale 32.000 | wall 7911 | train_wall 6359
| epoch 051 | valid on 'valid' subset | loss 6.725 | nll_loss 4.725 | ppl 26.45 | num_updates 35639 | best_loss 6.6928
| epoch 052 | loss 4.540 | nll_loss 2.198 | ppl 4.59 | wps 58721 | ups 4 | wpb 13287.043 | bsz 806.348 | num_updates 36338 | lr 0.000331779 | gnorm 0.221 | clip 1.000 | oom 0.000 | loss_scale 32.000 | wall 8070 | train_wall 6487
| epoch 052 | valid on 'valid' subset | loss 6.716 | nll_loss 4.713 | ppl 26.23 | num_updates 36338 | best_loss 6.6928
| epoch 053 | loss 4.535 | nll_loss 2.192 | ppl 4.57 | wps 58791 | ups 4 | wpb 13287.043 | bsz 806.348 | num_updates 37037 | lr 0.000328634 | gnorm 0.222 | clip 1.000 | oom 0.000 | loss_scale 32.000 | wall 8228 | train_wall 6615
| epoch 053 | valid on 'valid' subset | loss 6.707 | nll_loss 4.704 | ppl 26.07 | num_updates 37037 | best_loss 6.6928
| epoch 054 | loss 4.531 | nll_loss 2.187 | ppl 4.55 | wps 58721 | ups 4 | wpb 13287.043 | bsz 806.348 | num_updates 37736 | lr 0.000325576 | gnorm 0.222 | clip 1.000 | oom 0.000 | loss_scale 32.000 | wall 8387 | train_wall 6743
| epoch 054 | valid on 'valid' subset | loss 6.691 | nll_loss 4.688 | ppl 25.77 | num_updates 37736 | best_loss 6.69139
| epoch 055 | loss 4.527 | nll_loss 2.181 | ppl 4.54 | wps 61334 | ups 5 | wpb 13287.043 | bsz 806.348 | num_updates 38435 | lr 0.000322602 | gnorm 0.221 | clip 1.000 | oom 0.000 | loss_scale 32.000 | wall 8539 | train_wall 6866
| epoch 055 | valid on 'valid' subset | loss 6.698 | nll_loss 4.699 | ppl 25.97 | num_updates 38435 | best_loss 6.6928
| epoch 056 | loss 4.523 | nll_loss 2.177 | ppl 4.52 | wps 59600 | ups 4 | wpb 13287.043 | bsz 806.348 | num_updates 39134 | lr 0.000319708 | gnorm 0.223 | clip 1.000 | oom 0.000 | loss_scale 32.000 | wall 8696 | train_wall 6992
| epoch 056 | valid on 'valid' subset | loss 6.700 | nll_loss 4.695 | ppl 25.91 | num_updates 39134 | best_loss 6.6928
| WARNING: overflow detected, setting loss scale to: 32.0
| epoch 057 | loss 4.518 | nll_loss 2.171 | ppl 4.5 | wps 60545 | ups 5 | wpb 13289.117 | bsz 802.930 | num_updates 39832 | lr 0.000316894 | gnorm 0.222 | clip 1.000 | oom 0.000 | loss_scale 32.000 | wall 8850 | train_wall 7115
| epoch 057 | valid on 'valid' subset | loss 6.700 | nll_loss 4.694 | ppl 25.89 | num_updates 39832 | best_loss 6.6928
| epoch 058 | loss 4.515 | nll_loss 2.167 | ppl 4.49 | wps 59180 | ups 4 | wpb 13287.043 | bsz 806.348 | num_updates 40531 | lr 0.000314149 | gnorm 0.223 | clip 1.000 | oom 0.000 | loss_scale 32.000 | wall 9008 | train_wall 7241
| epoch 058 | valid on 'valid' subset | loss 6.685 | nll_loss 4.679 | ppl 25.62 | num_updates 40531 | best_loss 6.68534
| epoch 059 | loss 4.511 | nll_loss 2.162 | ppl 4.48 | wps 59455 | ups 4 | wpb 13287.043 | bsz 806.348 | num_updates 41230 | lr 0.000311475 | gnorm 0.221 | clip 1.000 | oom 0.000 | loss_scale 32.000 | wall 9165 | train_wall 7367
| epoch 059 | valid on 'valid' subset | loss 6.687 | nll_loss 4.681 | ppl 25.65 | num_updates 41230 | best_loss 6.68718
| epoch 060 | loss 4.507 | nll_loss 2.157 | ppl 4.46 | wps 60741 | ups 5 | wpb 13287.043 | bsz 806.348 | num_updates 41929 | lr 0.000308868 | gnorm 0.224 | clip 1.000 | oom 0.000 | loss_scale 32.000 | wall 9318 | train_wall 7490
| epoch 060 | valid on 'valid' subset | loss 6.701 | nll_loss 4.697 | ppl 25.94 | num_updates 41929 | best_loss 6.6928
| saved checkpoint ./checkpoints/2020-03-26T12-39-04-00-exp22-bpe2500/checkpoints_en_ne/checkpoint60.pt (epoch 60 @ 41929 updates) (writing took 0.6647896766662598 seconds)
| epoch 061 | loss 4.503 | nll_loss 2.152 | ppl 4.44 | wps 59183 | ups 4 | wpb 13287.043 | bsz 806.348 | num_updates 42628 | lr 0.000306325 | gnorm 0.223 | clip 1.000 | oom 0.000 | loss_scale 32.000 | wall 9476 | train_wall 7617
| epoch 061 | valid on 'valid' subset | loss 6.688 | nll_loss 4.685 | ppl 25.73 | num_updates 42628 | best_loss 6.68839
| WARNING: overflow detected, setting loss scale to: 16.0
| epoch 062 | loss 4.500 | nll_loss 2.147 | ppl 4.43 | wps 59780 | ups 5 | wpb 13284.685 | bsz 806.655 | num_updates 43326 | lr 0.000303848 | gnorm 0.224 | clip 1.000 | oom 0.000 | loss_scale 16.000 | wall 9632 | train_wall 7743
| epoch 062 | valid on 'valid' subset | loss 6.675 | nll_loss 4.668 | ppl 25.42 | num_updates 43326 | best_loss 6.67543
| epoch 063 | loss 4.496 | nll_loss 2.144 | ppl 4.42 | wps 62958 | ups 5 | wpb 13287.043 | bsz 806.348 | num_updates 44025 | lr 0.000301426 | gnorm 0.223 | clip 1.000 | oom 0.000 | loss_scale 16.000 | wall 9780 | train_wall 7864
| epoch 063 | valid on 'valid' subset | loss 6.687 | nll_loss 4.684 | ppl 25.7 | num_updates 44025 | best_loss 6.68738
| epoch 064 | loss 4.493 | nll_loss 2.140 | ppl 4.41 | wps 62467 | ups 5 | wpb 13287.043 | bsz 806.348 | num_updates 44724 | lr 0.000299061 | gnorm 0.224 | clip 1.000 | oom 0.000 | loss_scale 16.000 | wall 9930 | train_wall 7986
| epoch 064 | valid on 'valid' subset | loss 6.679 | nll_loss 4.674 | ppl 25.52 | num_updates 44724 | best_loss 6.67949
| epoch 065 | loss 4.489 | nll_loss 2.135 | ppl 4.39 | wps 61559 | ups 5 | wpb 13287.043 | bsz 806.348 | num_updates 45423 | lr 0.000296751 | gnorm 0.223 | clip 1.000 | oom 0.000 | loss_scale 16.000 | wall 10081 | train_wall 8109
| epoch 065 | valid on 'valid' subset | loss 6.701 | nll_loss 4.691 | ppl 25.84 | num_updates 45423 | best_loss 6.6928
| epoch 066 | loss 4.487 | nll_loss 2.132 | ppl 4.38 | wps 61435 | ups 5 | wpb 13287.043 | bsz 806.348 | num_updates 46122 | lr 0.000294494 | gnorm 0.224 | clip 1.000 | oom 0.000 | loss_scale 16.000 | wall 10233 | train_wall 8233
| epoch 066 | valid on 'valid' subset | loss 6.693 | nll_loss 4.684 | ppl 25.71 | num_updates 46122 | best_loss 6.6928
| epoch 067 | loss 4.483 | nll_loss 2.127 | ppl 4.37 | wps 61572 | ups 5 | wpb 13287.043 | bsz 806.348 | num_updates 46821 | lr 0.000292287 | gnorm 0.225 | clip 1.000 | oom 0.000 | loss_scale 16.000 | wall 10385 | train_wall 8356
| epoch 067 | valid on 'valid' subset | loss 6.643 | nll_loss 4.634 | ppl 24.83 | num_updates 46821 | best_loss 6.64305
| epoch 068 | loss 4.480 | nll_loss 2.123 | ppl 4.36 | wps 61194 | ups 5 | wpb 13287.043 | bsz 806.348 | num_updates 47520 | lr 0.000290129 | gnorm 0.224 | clip 1.000 | oom 0.000 | loss_scale 32.000 | wall 10537 | train_wall 8479
| epoch 068 | valid on 'valid' subset | loss 6.684 | nll_loss 4.679 | ppl 25.62 | num_updates 47520 | best_loss 6.68363
| epoch 069 | loss 4.478 | nll_loss 2.120 | ppl 4.35 | wps 61426 | ups 5 | wpb 13287.043 | bsz 806.348 | num_updates 48219 | lr 0.000288019 | gnorm 0.225 | clip 1.000 | oom 0.000 | loss_scale 32.000 | wall 10689 | train_wall 8602
| epoch 069 | valid on 'valid' subset | loss 6.673 | nll_loss 4.673 | ppl 25.52 | num_updates 48219 | best_loss 6.67313
| epoch 070 | loss 4.475 | nll_loss 2.116 | ppl 4.34 | wps 61317 | ups 5 | wpb 13287.043 | bsz 806.348 | num_updates 48918 | lr 0.000285954 | gnorm 0.225 | clip 1.000 | oom 0.000 | loss_scale 32.000 | wall 10842 | train_wall 8726
| epoch 070 | valid on 'valid' subset | loss 6.689 | nll_loss 4.686 | ppl 25.73 | num_updates 48918 | best_loss 6.68895
| saved checkpoint ./checkpoints/2020-03-26T12-39-04-00-exp22-bpe2500/checkpoints_en_ne/checkpoint70.pt (epoch 70 @ 48918 updates) (writing took 1.0433332920074463 seconds)
| epoch 071 | loss 4.471 | nll_loss 2.112 | ppl 4.32 | wps 61580 | ups 5 | wpb 13287.043 | bsz 806.348 | num_updates 49617 | lr 0.000283932 | gnorm 0.224 | clip 1.000 | oom 0.000 | loss_scale 32.000 | wall 10994 | train_wall 8849
| epoch 071 | valid on 'valid' subset | loss 6.683 | nll_loss 4.682 | ppl 25.67 | num_updates 49617 | best_loss 6.68344
| WARNING: overflow detected, setting loss scale to: 16.0
| epoch 072 | loss 4.469 | nll_loss 2.109 | ppl 4.31 | wps 61001 | ups 5 | wpb 13287.751 | bsz 806.254 | num_updates 50315 | lr 0.000281956 | gnorm 0.226 | clip 1.000 | oom 0.000 | loss_scale 16.000 | wall 11147 | train_wall 8972
| epoch 072 | valid on 'valid' subset | loss 6.666 | nll_loss 4.661 | ppl 25.3 | num_updates 50315 | best_loss 6.66634
| epoch 073 | loss 4.466 | nll_loss 2.105 | ppl 4.3 | wps 61282 | ups 5 | wpb 13287.043 | bsz 806.348 | num_updates 51014 | lr 0.000280018 | gnorm 0.226 | clip 1.000 | oom 0.000 | loss_scale 16.000 | wall 11299 | train_wall 9094
| epoch 073 | valid on 'valid' subset | loss 6.685 | nll_loss 4.683 | ppl 25.69 | num_updates 51014 | best_loss 6.68518
| epoch 074 | loss 4.463 | nll_loss 2.102 | ppl 4.29 | wps 61378 | ups 5 | wpb 13287.043 | bsz 806.348 | num_updates 51713 | lr 0.000278119 | gnorm 0.226 | clip 1.000 | oom 0.000 | loss_scale 16.000 | wall 11451 | train_wall 9218
| epoch 074 | valid on 'valid' subset | loss 6.675 | nll_loss 4.671 | ppl 25.48 | num_updates 51713 | best_loss 6.67466
| epoch 075 | loss 4.460 | nll_loss 2.098 | ppl 4.28 | wps 62037 | ups 5 | wpb 13287.043 | bsz 806.348 | num_updates 52412 | lr 0.000276258 | gnorm 0.227 | clip 1.000 | oom 0.000 | loss_scale 16.000 | wall 11602 | train_wall 9341
| epoch 075 | valid on 'valid' subset | loss 6.672 | nll_loss 4.662 | ppl 25.32 | num_updates 52412 | best_loss 6.67193
| epoch 076 | loss 4.457 | nll_loss 2.094 | ppl 4.27 | wps 60621 | ups 5 | wpb 13287.043 | bsz 806.348 | num_updates 53111 | lr 0.000274434 | gnorm 0.226 | clip 1.000 | oom 0.000 | loss_scale 16.000 | wall 11756 | train_wall 9464
| epoch 076 | valid on 'valid' subset | loss 6.679 | nll_loss 4.675 | ppl 25.55 | num_updates 53111 | best_loss 6.67899
| epoch 077 | loss 4.455 | nll_loss 2.092 | ppl 4.26 | wps 59818 | ups 5 | wpb 13287.043 | bsz 806.348 | num_updates 53810 | lr 0.000272646 | gnorm 0.225 | clip 1.000 | oom 0.000 | loss_scale 16.000 | wall 11912 | train_wall 9589
| epoch 077 | valid on 'valid' subset | loss 6.696 | nll_loss 4.691 | ppl 25.82 | num_updates 53810 | best_loss 6.68895
| epoch 078 | loss 4.453 | nll_loss 2.089 | ppl 4.25 | wps 60013 | ups 5 | wpb 13287.043 | bsz 806.348 | num_updates 54509 | lr 0.000270892 | gnorm 0.227 | clip 1.000 | oom 0.000 | loss_scale 32.000 | wall 12067 | train_wall 9713
| epoch 078 | valid on 'valid' subset | loss 6.653 | nll_loss 4.644 | ppl 25 | num_updates 54509 | best_loss 6.65256
| epoch 079 | loss 4.450 | nll_loss 2.085 | ppl 4.24 | wps 60597 | ups 5 | wpb 13287.043 | bsz 806.348 | num_updates 55208 | lr 0.000269171 | gnorm 0.226 | clip 1.000 | oom 0.000 | loss_scale 32.000 | wall 12221 | train_wall 9837
| epoch 079 | valid on 'valid' subset | loss 6.677 | nll_loss 4.673 | ppl 25.51 | num_updates 55208 | best_loss 6.67692
| epoch 080 | loss 4.448 | nll_loss 2.083 | ppl 4.24 | wps 60728 | ups 5 | wpb 13287.043 | bsz 806.348 | num_updates 55907 | lr 0.000267483 | gnorm 0.227 | clip 1.000 | oom 0.000 | loss_scale 32.000 | wall 12375 | train_wall 9962
| epoch 080 | valid on 'valid' subset | loss 6.672 | nll_loss 4.665 | ppl 25.36 | num_updates 55907 | best_loss 6.67203
| saved checkpoint ./checkpoints/2020-03-26T12-39-04-00-exp22-bpe2500/checkpoints_en_ne/checkpoint80.pt (epoch 80 @ 55907 updates) (writing took 1.1694073677062988 seconds)
| epoch 081 | loss 4.445 | nll_loss 2.080 | ppl 4.23 | wps 59367 | ups 4 | wpb 13287.043 | bsz 806.348 | num_updates 56606 | lr 0.000265827 | gnorm 0.229 | clip 1.000 | oom 0.000 | loss_scale 32.000 | wall 12533 | train_wall 10088
| epoch 081 | valid on 'valid' subset | loss 6.639 | nll_loss 4.628 | ppl 24.73 | num_updates 56606 | best_loss 6.63928
| WARNING: overflow detected, setting loss scale to: 16.0
| epoch 082 | loss 4.442 | nll_loss 2.076 | ppl 4.21 | wps 59109 | ups 4 | wpb 13287.029 | bsz 806.827 | num_updates 57304 | lr 0.000264203 | gnorm 0.226 | clip 1.000 | oom 0.000 | loss_scale 16.000 | wall 12691 | train_wall 10213
| epoch 082 | valid on 'valid' subset | loss 6.654 | nll_loss 4.646 | ppl 25.04 | num_updates 57304 | best_loss 6.65419
| epoch 083 | loss 4.441 | nll_loss 2.074 | ppl 4.21 | wps 60289 | ups 5 | wpb 13287.043 | bsz 806.348 | num_updates 58003 | lr 0.000262606 | gnorm 0.228 | clip 1.000 | oom 0.000 | loss_scale 16.000 | wall 12845 | train_wall 10337
| epoch 083 | valid on 'valid' subset | loss 6.687 | nll_loss 4.685 | ppl 25.73 | num_updates 58003 | best_loss 6.67203
| epoch 084 | loss 4.438 | nll_loss 2.071 | ppl 4.2 | wps 60946 | ups 5 | wpb 13287.043 | bsz 806.348 | num_updates 58702 | lr 0.000261038 | gnorm 0.229 | clip 1.000 | oom 0.000 | loss_scale 16.000 | wall 12998 | train_wall 10460
| epoch 084 | valid on 'valid' subset | loss 6.678 | nll_loss 4.673 | ppl 25.52 | num_updates 58702 | best_loss 6.67203
| epoch 085 | loss 4.436 | nll_loss 2.068 | ppl 4.19 | wps 58582 | ups 4 | wpb 13287.043 | bsz 806.348 | num_updates 59401 | lr 0.000259497 | gnorm 0.228 | clip 1.000 | oom 0.000 | loss_scale 16.000 | wall 13158 | train_wall 10589
| epoch 085 | valid on 'valid' subset | loss 6.672 | nll_loss 4.668 | ppl 25.42 | num_updates 59401 | best_loss 6.67203
| epoch 086 | loss 4.434 | nll_loss 2.065 | ppl 4.18 | wps 59519 | ups 4 | wpb 13287.043 | bsz 806.348 | num_updates 60100 | lr 0.000257984 | gnorm 0.228 | clip 1.000 | oom 0.000 | loss_scale 16.000 | wall 13314 | train_wall 10715
| epoch 086 | valid on 'valid' subset | loss 6.646 | nll_loss 4.645 | ppl 25.01 | num_updates 60100 | best_loss 6.64567
| epoch 087 | loss 4.432 | nll_loss 2.063 | ppl 4.18 | wps 59467 | ups 4 | wpb 13287.043 | bsz 806.348 | num_updates 60799 | lr 0.000256497 | gnorm 0.227 | clip 1.000 | oom 0.000 | loss_scale 32.000 | wall 13471 | train_wall 10841
| epoch 087 | valid on 'valid' subset | loss 6.675 | nll_loss 4.668 | ppl 25.41 | num_updates 60799 | best_loss 6.67203
| epoch 088 | loss 4.429 | nll_loss 2.060 | ppl 4.17 | wps 59923 | ups 5 | wpb 13287.043 | bsz 806.348 | num_updates 61498 | lr 0.000255035 | gnorm 0.229 | clip 1.000 | oom 0.000 | loss_scale 32.000 | wall 13627 | train_wall 10965
| epoch 088 | valid on 'valid' subset | loss 6.652 | nll_loss 4.652 | ppl 25.14 | num_updates 61498 | best_loss 6.65229
| epoch 089 | loss 4.427 | nll_loss 2.057 | ppl 4.16 | wps 61037 | ups 5 | wpb 13287.043 | bsz 806.348 | num_updates 62197 | lr 0.000253598 | gnorm 0.229 | clip 1.000 | oom 0.000 | loss_scale 32.000 | wall 13780 | train_wall 11087
| epoch 089 | valid on 'valid' subset | loss 6.662 | nll_loss 4.658 | ppl 25.25 | num_updates 62197 | best_loss 6.66173
| epoch 090 | loss 4.426 | nll_loss 2.055 | ppl 4.16 | wps 59532 | ups 4 | wpb 13287.043 | bsz 806.348 | num_updates 62896 | lr 0.000252185 | gnorm 0.229 | clip 1.000 | oom 0.000 | loss_scale 32.000 | wall 13937 | train_wall 11211
| epoch 090 | valid on 'valid' subset | loss 6.674 | nll_loss 4.674 | ppl 25.54 | num_updates 62896 | best_loss 6.67203
| saved checkpoint ./checkpoints/2020-03-26T12-39-04-00-exp22-bpe2500/checkpoints_en_ne/checkpoint90.pt (epoch 90 @ 62896 updates) (writing took 0.7423131465911865 seconds)
| epoch 091 | loss 4.423 | nll_loss 2.052 | ppl 4.15 | wps 60575 | ups 5 | wpb 13287.043 | bsz 806.348 | num_updates 63595 | lr 0.000250795 | gnorm 0.229 | clip 1.000 | oom 0.000 | loss_scale 32.000 | wall 14092 | train_wall 11334
| epoch 091 | valid on 'valid' subset | loss 6.676 | nll_loss 4.671 | ppl 25.48 | num_updates 63595 | best_loss 6.67203
| epoch 092 | loss 4.421 | nll_loss 2.049 | ppl 4.14 | wps 60245 | ups 5 | wpb 13287.043 | bsz 806.348 | num_updates 64294 | lr 0.000249428 | gnorm 0.230 | clip 1.000 | oom 0.000 | loss_scale 32.000 | wall 14246 | train_wall 11458
| epoch 092 | valid on 'valid' subset | loss 6.663 | nll_loss 4.656 | ppl 25.21 | num_updates 64294 | best_loss 6.66278
| WARNING: overflow detected, setting loss scale to: 32.0
| epoch 093 | loss 4.420 | nll_loss 2.048 | ppl 4.14 | wps 59316 | ups 4 | wpb 13288.862 | bsz 805.509 | num_updates 64992 | lr 0.000248085 | gnorm 0.229 | clip 1.000 | oom 0.000 | loss_scale 32.000 | wall 14404 | train_wall 11585
| epoch 093 | valid on 'valid' subset | loss 6.658 | nll_loss 4.652 | ppl 25.14 | num_updates 64992 | best_loss 6.65795
| epoch 094 | loss 4.417 | nll_loss 2.045 | ppl 4.13 | wps 58872 | ups 4 | wpb 13287.043 | bsz 806.348 | num_updates 65691 | lr 0.000246761 | gnorm 0.230 | clip 1.000 | oom 0.000 | loss_scale 32.000 | wall 14562 | train_wall 11712
| epoch 094 | valid on 'valid' subset | loss 6.654 | nll_loss 4.652 | ppl 25.14 | num_updates 65691 | best_loss 6.65438
| epoch 095 | loss 4.415 | nll_loss 2.042 | ppl 4.12 | wps 59530 | ups 4 | wpb 13287.043 | bsz 806.348 | num_updates 66390 | lr 0.000245459 | gnorm 0.231 | clip 1.000 | oom 0.000 | loss_scale 32.000 | wall 14719 | train_wall 11837
| epoch 095 | valid on 'valid' subset | loss 6.663 | nll_loss 4.655 | ppl 25.19 | num_updates 66390 | best_loss 6.66285
| epoch 096 | loss 4.414 | nll_loss 2.040 | ppl 4.11 | wps 61957 | ups 5 | wpb 13287.043 | bsz 806.348 | num_updates 67089 | lr 0.000244177 | gnorm 0.230 | clip 1.000 | oom 0.000 | loss_scale 32.000 | wall 14869 | train_wall 11959
| epoch 096 | valid on 'valid' subset | loss 6.681 | nll_loss 4.670 | ppl 25.45 | num_updates 67089 | best_loss 6.67203
| epoch 097 | loss 4.412 | nll_loss 2.038 | ppl 4.11 | wps 62327 | ups 5 | wpb 13287.043 | bsz 806.348 | num_updates 67788 | lr 0.000242915 | gnorm 0.229 | clip 1.000 | oom 0.000 | loss_scale 32.000 | wall 15019 | train_wall 12080
| epoch 097 | valid on 'valid' subset | loss 6.634 | nll_loss 4.630 | ppl 24.75 | num_updates 67788 | best_loss 6.63424
| epoch 098 | loss 4.410 | nll_loss 2.036 | ppl 4.1 | wps 61661 | ups 5 | wpb 13287.043 | bsz 806.348 | num_updates 68487 | lr 0.000241672 | gnorm 0.230 | clip 1.000 | oom 0.000 | loss_scale 32.000 | wall 15171 | train_wall 12202
| epoch 098 | valid on 'valid' subset | loss 6.634 | nll_loss 4.619 | ppl 24.57 | num_updates 68487 | best_loss 6.63445
| WARNING: overflow detected, setting loss scale to: 32.0
| epoch 099 | loss 4.409 | nll_loss 2.034 | ppl 4.1 | wps 62036 | ups 5 | wpb 13290.966 | bsz 805.107 | num_updates 69185 | lr 0.00024045 | gnorm 0.230 | clip 1.000 | oom 0.000 | loss_scale 32.000 | wall 15321 | train_wall 12323
| epoch 099 | valid on 'valid' subset | loss 6.650 | nll_loss 4.640 | ppl 24.94 | num_updates 69185 | best_loss 6.65023
| epoch 100 | loss 4.406 | nll_loss 2.030 | ppl 4.09 | wps 62037 | ups 5 | wpb 13287.043 | bsz 806.348 | num_updates 69884 | lr 0.000239244 | gnorm 0.232 | clip 1.000 | oom 0.000 | loss_scale 32.000 | wall 15471 | train_wall 12444
| epoch 100 | valid on 'valid' subset | loss 6.638 | nll_loss 4.631 | ppl 24.77 | num_updates 69884 | best_loss 6.63844
| saved checkpoint ./checkpoints/2020-03-26T12-39-04-00-exp22-bpe2500/checkpoints_en_ne/checkpoint100.pt (epoch 100 @ 69884 updates) (writing took 1.0485045909881592 seconds)
| done training in 15467.8 seconds
Done training.
Time at end: Thu Mar 26 21:23:45 EDT 2020
