================ FLORES BASELINE WITH CLIP_NORM=0.1, BPE=2500 AND SEED=11  ================
About to train the supervised for the following language pair: SI-EN
Checkpoint directory unset! Setting to default value...
CHECKPOINT_DIR is set to './checkpoints/2020-03-29T14-05-04-00-exp24-bpe2500-seed11/checkpoints_si_en'
Creating checkpoint directory if it doesn't exist...
Data folder is: data-bin/wiki_si_en_bpe2500/
Beginning training...
Time at beginning: Sun Mar 29 22:34:21 EDT 2020
Namespace(activation_dropout=0.2, activation_fn='relu', adam_betas='(0.9, 0.98)', adam_eps=1e-08, adaptive_input=False, adaptive_softmax_cutoff=None, adaptive_softmax_dropout=0, arch='transformer', attention_dropout=0.2, best_checkpoint_metric='loss', bpe=None, bucket_cap_mb=25, clip_norm=0.1, cpu=False, criterion='label_smoothed_cross_entropy', cross_self_attention=False, curriculum=0, data='data-bin/wiki_si_en_bpe2500/', dataset_impl=None, ddp_backend='c10d', decoder_attention_heads=2, decoder_embed_dim=512, decoder_embed_path=None, decoder_ffn_embed_dim=2048, decoder_input_dim=512, decoder_layerdrop=0, decoder_layers=5, decoder_layers_to_keep=None, decoder_learned_pos=False, decoder_normalize_before=True, decoder_output_dim=512, device_id=0, disable_validation=False, distributed_backend='nccl', distributed_init_method=None, distributed_no_spawn=False, distributed_port=-1, distributed_rank=0, distributed_world_size=1, dropout=0.4, empty_cache_freq=0, encoder_attention_heads=2, encoder_embed_dim=512, encoder_embed_path=None, encoder_ffn_embed_dim=2048, encoder_layerdrop=0, encoder_layers=5, encoder_layers_to_keep=None, encoder_learned_pos=False, encoder_normalize_before=True, fast_stat_sync=False, find_unused_parameters=False, fix_batches_to_gpus=False, fixed_validation_seed=None, fp16=True, fp16_init_scale=128, fp16_scale_tolerance=0.0, fp16_scale_window=None, keep_interval_updates=-1, keep_last_epochs=-1, label_smoothing=0.2, layer_wise_attention=False, layernorm_embedding=False, lazy_load=False, left_pad_source='True', left_pad_target='False', load_alignments=False, log_format=None, log_interval=1000, lr=[0.001], lr_scheduler='inverse_sqrt', max_epoch=100, max_sentences=None, max_sentences_valid=None, max_source_positions=1024, max_target_positions=1024, max_tokens=4000, max_tokens_valid=4000, max_update=0, maximize_best_checkpoint_metric=False, memory_efficient_fp16=False, min_loss_scale=0.0001, min_lr=1e-09, no_cross_attention=False, no_epoch_checkpoints=False, no_last_checkpoints=False, no_progress_bar=False, no_save=False, no_save_optimizer_state=False, no_scale_embedding=False, no_token_positional_embeddings=False, num_workers=1, optimizer='adam', optimizer_overrides='{}', raw_text=False, required_batch_size_multiple=8, reset_dataloader=False, reset_lr_scheduler=False, reset_meters=False, reset_optimizer=False, restore_file='checkpoint_last.pt', save_dir='./checkpoints/2020-03-29T14-05-04-00-exp24-bpe2500-seed11/checkpoints_si_en', save_interval=10, save_interval_updates=0, seed=11, sentence_avg=False, share_all_embeddings=True, share_decoder_input_output_embed=False, skip_invalid_size_inputs_valid_test=False, source_lang='si', target_lang='en', task='translation', tensorboard_logdir='', threshold_loss_scale=None, tokenizer=None, train_subset='train', truncate_source=False, update_freq=[4], upsample_primary=1, use_bmuf=False, user_dir=None, valid_subset='valid', validate_interval=1, warmup_init_lr=1e-07, warmup_updates=4000, weight_decay=0.0001)
| [si] dictionary: 2488 types
| [en] dictionary: 2488 types
| loaded 2898 examples from: data-bin/wiki_si_en_bpe2500/valid.si-en.si
| loaded 2898 examples from: data-bin/wiki_si_en_bpe2500/valid.si-en.en
| data-bin/wiki_si_en_bpe2500/ valid si-en 2898 examples
TransformerModel(
  (encoder): TransformerEncoder(
    (embed_tokens): Embedding(2488, 512, padding_idx=1)
    (embed_positions): SinusoidalPositionalEmbedding()
    (layers): ModuleList(
      (0): TransformerEncoderLayer(
        (self_attn): MultiheadAttention(
          (k_proj): Linear(in_features=512, out_features=512, bias=True)
          (v_proj): Linear(in_features=512, out_features=512, bias=True)
          (q_proj): Linear(in_features=512, out_features=512, bias=True)
          (out_proj): Linear(in_features=512, out_features=512, bias=True)
        )
        (self_attn_layer_norm): LayerNorm((512,), eps=1e-05, elementwise_affine=True)
        (fc1): Linear(in_features=512, out_features=2048, bias=True)
        (fc2): Linear(in_features=2048, out_features=512, bias=True)
        (final_layer_norm): LayerNorm((512,), eps=1e-05, elementwise_affine=True)
      )
      (1): TransformerEncoderLayer(
        (self_attn): MultiheadAttention(
          (k_proj): Linear(in_features=512, out_features=512, bias=True)
          (v_proj): Linear(in_features=512, out_features=512, bias=True)
          (q_proj): Linear(in_features=512, out_features=512, bias=True)
          (out_proj): Linear(in_features=512, out_features=512, bias=True)
        )
        (self_attn_layer_norm): LayerNorm((512,), eps=1e-05, elementwise_affine=True)
        (fc1): Linear(in_features=512, out_features=2048, bias=True)
        (fc2): Linear(in_features=2048, out_features=512, bias=True)
        (final_layer_norm): LayerNorm((512,), eps=1e-05, elementwise_affine=True)
      )
      (2): TransformerEncoderLayer(
        (self_attn): MultiheadAttention(
          (k_proj): Linear(in_features=512, out_features=512, bias=True)
          (v_proj): Linear(in_features=512, out_features=512, bias=True)
          (q_proj): Linear(in_features=512, out_features=512, bias=True)
          (out_proj): Linear(in_features=512, out_features=512, bias=True)
        )
        (self_attn_layer_norm): LayerNorm((512,), eps=1e-05, elementwise_affine=True)
        (fc1): Linear(in_features=512, out_features=2048, bias=True)
        (fc2): Linear(in_features=2048, out_features=512, bias=True)
        (final_layer_norm): LayerNorm((512,), eps=1e-05, elementwise_affine=True)
      )
      (3): TransformerEncoderLayer(
        (self_attn): MultiheadAttention(
          (k_proj): Linear(in_features=512, out_features=512, bias=True)
          (v_proj): Linear(in_features=512, out_features=512, bias=True)
          (q_proj): Linear(in_features=512, out_features=512, bias=True)
          (out_proj): Linear(in_features=512, out_features=512, bias=True)
        )
        (self_attn_layer_norm): LayerNorm((512,), eps=1e-05, elementwise_affine=True)
        (fc1): Linear(in_features=512, out_features=2048, bias=True)
        (fc2): Linear(in_features=2048, out_features=512, bias=True)
        (final_layer_norm): LayerNorm((512,), eps=1e-05, elementwise_affine=True)
      )
      (4): TransformerEncoderLayer(
        (self_attn): MultiheadAttention(
          (k_proj): Linear(in_features=512, out_features=512, bias=True)
          (v_proj): Linear(in_features=512, out_features=512, bias=True)
          (q_proj): Linear(in_features=512, out_features=512, bias=True)
          (out_proj): Linear(in_features=512, out_features=512, bias=True)
        )
        (self_attn_layer_norm): LayerNorm((512,), eps=1e-05, elementwise_affine=True)
        (fc1): Linear(in_features=512, out_features=2048, bias=True)
        (fc2): Linear(in_features=2048, out_features=512, bias=True)
        (final_layer_norm): LayerNorm((512,), eps=1e-05, elementwise_affine=True)
      )
    )
    (layer_norm): LayerNorm((512,), eps=1e-05, elementwise_affine=True)
  )
  (decoder): TransformerDecoder(
    (embed_tokens): Embedding(2488, 512, padding_idx=1)
    (embed_positions): SinusoidalPositionalEmbedding()
    (layers): ModuleList(
      (0): TransformerDecoderLayer(
        (self_attn): MultiheadAttention(
          (k_proj): Linear(in_features=512, out_features=512, bias=True)
          (v_proj): Linear(in_features=512, out_features=512, bias=True)
          (q_proj): Linear(in_features=512, out_features=512, bias=True)
          (out_proj): Linear(in_features=512, out_features=512, bias=True)
        )
        (self_attn_layer_norm): LayerNorm((512,), eps=1e-05, elementwise_affine=True)
        (encoder_attn): MultiheadAttention(
          (k_proj): Linear(in_features=512, out_features=512, bias=True)
          (v_proj): Linear(in_features=512, out_features=512, bias=True)
          (q_proj): Linear(in_features=512, out_features=512, bias=True)
          (out_proj): Linear(in_features=512, out_features=512, bias=True)
        )
        (encoder_attn_layer_norm): LayerNorm((512,), eps=1e-05, elementwise_affine=True)
        (fc1): Linear(in_features=512, out_features=2048, bias=True)
        (fc2): Linear(in_features=2048, out_features=512, bias=True)
        (final_layer_norm): LayerNorm((512,), eps=1e-05, elementwise_affine=True)
      )
      (1): TransformerDecoderLayer(
        (self_attn): MultiheadAttention(
          (k_proj): Linear(in_features=512, out_features=512, bias=True)
          (v_proj): Linear(in_features=512, out_features=512, bias=True)
          (q_proj): Linear(in_features=512, out_features=512, bias=True)
          (out_proj): Linear(in_features=512, out_features=512, bias=True)
        )
        (self_attn_layer_norm): LayerNorm((512,), eps=1e-05, elementwise_affine=True)
        (encoder_attn): MultiheadAttention(
          (k_proj): Linear(in_features=512, out_features=512, bias=True)
          (v_proj): Linear(in_features=512, out_features=512, bias=True)
          (q_proj): Linear(in_features=512, out_features=512, bias=True)
          (out_proj): Linear(in_features=512, out_features=512, bias=True)
        )
        (encoder_attn_layer_norm): LayerNorm((512,), eps=1e-05, elementwise_affine=True)
        (fc1): Linear(in_features=512, out_features=2048, bias=True)
        (fc2): Linear(in_features=2048, out_features=512, bias=True)
        (final_layer_norm): LayerNorm((512,), eps=1e-05, elementwise_affine=True)
      )
      (2): TransformerDecoderLayer(
        (self_attn): MultiheadAttention(
          (k_proj): Linear(in_features=512, out_features=512, bias=True)
          (v_proj): Linear(in_features=512, out_features=512, bias=True)
          (q_proj): Linear(in_features=512, out_features=512, bias=True)
          (out_proj): Linear(in_features=512, out_features=512, bias=True)
        )
        (self_attn_layer_norm): LayerNorm((512,), eps=1e-05, elementwise_affine=True)
        (encoder_attn): MultiheadAttention(
          (k_proj): Linear(in_features=512, out_features=512, bias=True)
          (v_proj): Linear(in_features=512, out_features=512, bias=True)
          (q_proj): Linear(in_features=512, out_features=512, bias=True)
          (out_proj): Linear(in_features=512, out_features=512, bias=True)
        )
        (encoder_attn_layer_norm): LayerNorm((512,), eps=1e-05, elementwise_affine=True)
        (fc1): Linear(in_features=512, out_features=2048, bias=True)
        (fc2): Linear(in_features=2048, out_features=512, bias=True)
        (final_layer_norm): LayerNorm((512,), eps=1e-05, elementwise_affine=True)
      )
      (3): TransformerDecoderLayer(
        (self_attn): MultiheadAttention(
          (k_proj): Linear(in_features=512, out_features=512, bias=True)
          (v_proj): Linear(in_features=512, out_features=512, bias=True)
          (q_proj): Linear(in_features=512, out_features=512, bias=True)
          (out_proj): Linear(in_features=512, out_features=512, bias=True)
        )
        (self_attn_layer_norm): LayerNorm((512,), eps=1e-05, elementwise_affine=True)
        (encoder_attn): MultiheadAttention(
          (k_proj): Linear(in_features=512, out_features=512, bias=True)
          (v_proj): Linear(in_features=512, out_features=512, bias=True)
          (q_proj): Linear(in_features=512, out_features=512, bias=True)
          (out_proj): Linear(in_features=512, out_features=512, bias=True)
        )
        (encoder_attn_layer_norm): LayerNorm((512,), eps=1e-05, elementwise_affine=True)
        (fc1): Linear(in_features=512, out_features=2048, bias=True)
        (fc2): Linear(in_features=2048, out_features=512, bias=True)
        (final_layer_norm): LayerNorm((512,), eps=1e-05, elementwise_affine=True)
      )
      (4): TransformerDecoderLayer(
        (self_attn): MultiheadAttention(
          (k_proj): Linear(in_features=512, out_features=512, bias=True)
          (v_proj): Linear(in_features=512, out_features=512, bias=True)
          (q_proj): Linear(in_features=512, out_features=512, bias=True)
          (out_proj): Linear(in_features=512, out_features=512, bias=True)
        )
        (self_attn_layer_norm): LayerNorm((512,), eps=1e-05, elementwise_affine=True)
        (encoder_attn): MultiheadAttention(
          (k_proj): Linear(in_features=512, out_features=512, bias=True)
          (v_proj): Linear(in_features=512, out_features=512, bias=True)
          (q_proj): Linear(in_features=512, out_features=512, bias=True)
          (out_proj): Linear(in_features=512, out_features=512, bias=True)
        )
        (encoder_attn_layer_norm): LayerNorm((512,), eps=1e-05, elementwise_affine=True)
        (fc1): Linear(in_features=512, out_features=2048, bias=True)
        (fc2): Linear(in_features=2048, out_features=512, bias=True)
        (final_layer_norm): LayerNorm((512,), eps=1e-05, elementwise_affine=True)
      )
    )
    (layer_norm): LayerNorm((512,), eps=1e-05, elementwise_affine=True)
  )
)
| model transformer, criterion LabelSmoothedCrossEntropyCriterion
| num. model params: 38057984 (num. trained: 38057984)
| training on 1 GPUs
| max tokens per GPU = 4000 and max sentences per GPU = None
| no existing checkpoint found ./checkpoints/2020-03-29T14-05-04-00-exp24-bpe2500-seed11/checkpoints_si_en/checkpoint_last.pt
| loading train data for epoch 0
| loaded 443703 examples from: data-bin/wiki_si_en_bpe2500/train.si-en.si
| loaded 443703 examples from: data-bin/wiki_si_en_bpe2500/train.si-en.en
| data-bin/wiki_si_en_bpe2500/ train si-en 443703 examples
| WARNING: overflow detected, setting loss scale to: 64.0
| WARNING: overflow detected, setting loss scale to: 32.0
| WARNING: overflow detected, setting loss scale to: 16.0
| epoch 001 | loss 9.239 | nll_loss 8.381 | ppl 333.43 | wps 58294 | ups 4 | wpb 13754.849 | bsz 901.020 | num_updates 489 | lr 0.000122338 | gnorm 0.729 | clip 1.000 | oom 0.000 | loss_scale 16.000 | wall 115 | train_wall 89
| epoch 001 | valid on 'valid' subset | loss 8.813 | nll_loss 7.731 | ppl 212.49 | num_updates 489
| epoch 002 | loss 7.541 | nll_loss 6.104 | ppl 68.79 | wps 61009 | ups 4 | wpb 13762.073 | bsz 901.835 | num_updates 981 | lr 0.000245325 | gnorm 0.508 | clip 1.000 | oom 0.000 | loss_scale 16.000 | wall 227 | train_wall 179
| epoch 002 | valid on 'valid' subset | loss 8.039 | nll_loss 6.593 | ppl 96.57 | num_updates 981
| epoch 003 | loss 6.904 | nll_loss 5.262 | ppl 38.39 | wps 60471 | ups 4 | wpb 13762.073 | bsz 901.835 | num_updates 1473 | lr 0.000368313 | gnorm 0.420 | clip 1.000 | oom 0.000 | loss_scale 16.000 | wall 340 | train_wall 268
| epoch 003 | valid on 'valid' subset | loss 7.670 | nll_loss 6.072 | ppl 67.26 | num_updates 1473
| epoch 004 | loss 6.523 | nll_loss 4.766 | ppl 27.21 | wps 60221 | ups 4 | wpb 13762.073 | bsz 901.835 | num_updates 1965 | lr 0.000491301 | gnorm 0.377 | clip 1.000 | oom 0.000 | loss_scale 16.000 | wall 453 | train_wall 358
| epoch 004 | valid on 'valid' subset | loss 7.402 | nll_loss 5.723 | ppl 52.83 | num_updates 1965
| epoch 005 | loss 6.246 | nll_loss 4.405 | ppl 21.19 | wps 61736 | ups 4 | wpb 13762.073 | bsz 901.835 | num_updates 2457 | lr 0.000614289 | gnorm 0.352 | clip 1.000 | oom 0.000 | loss_scale 16.000 | wall 564 | train_wall 445
| epoch 005 | valid on 'valid' subset | loss 7.176 | nll_loss 5.395 | ppl 42.08 | num_updates 2457
| epoch 006 | loss 6.040 | nll_loss 4.139 | ppl 17.61 | wps 61311 | ups 4 | wpb 13762.073 | bsz 901.835 | num_updates 2949 | lr 0.000737276 | gnorm 0.344 | clip 1.000 | oom 0.000 | loss_scale 16.000 | wall 675 | train_wall 533
| epoch 006 | valid on 'valid' subset | loss 7.025 | nll_loss 5.175 | ppl 36.12 | num_updates 2949
| epoch 007 | loss 5.889 | nll_loss 3.944 | ppl 15.39 | wps 61482 | ups 4 | wpb 13762.073 | bsz 901.835 | num_updates 3441 | lr 0.000860264 | gnorm 0.319 | clip 1.000 | oom 0.000 | loss_scale 16.000 | wall 786 | train_wall 622
| epoch 007 | valid on 'valid' subset | loss 6.871 | nll_loss 4.941 | ppl 30.72 | num_updates 3441
| epoch 008 | loss 5.779 | nll_loss 3.802 | ppl 13.95 | wps 62294 | ups 5 | wpb 13762.073 | bsz 901.835 | num_updates 3933 | lr 0.000983252 | gnorm 0.300 | clip 1.000 | oom 0.000 | loss_scale 16.000 | wall 895 | train_wall 710
| epoch 008 | valid on 'valid' subset | loss 6.787 | nll_loss 4.811 | ppl 28.08 | num_updates 3933
| epoch 009 | loss 5.687 | nll_loss 3.685 | ppl 12.86 | wps 61367 | ups 4 | wpb 13762.073 | bsz 901.835 | num_updates 4425 | lr 0.000950765 | gnorm 0.275 | clip 1.000 | oom 0.000 | loss_scale 32.000 | wall 1006 | train_wall 798
| epoch 009 | valid on 'valid' subset | loss 6.686 | nll_loss 4.684 | ppl 25.71 | num_updates 4425
| epoch 010 | loss 5.594 | nll_loss 3.567 | ppl 11.85 | wps 61574 | ups 4 | wpb 13762.073 | bsz 901.835 | num_updates 4917 | lr 0.000901945 | gnorm 0.258 | clip 1.000 | oom 0.000 | loss_scale 32.000 | wall 1117 | train_wall 887
| epoch 010 | valid on 'valid' subset | loss 6.583 | nll_loss 4.544 | ppl 23.32 | num_updates 4917
| saved checkpoint ./checkpoints/2020-03-29T14-05-04-00-exp24-bpe2500-seed11/checkpoints_si_en/checkpoint10.pt (epoch 10 @ 4917 updates) (writing took 0.6838359832763672 seconds)
| epoch 011 | loss 5.519 | nll_loss 3.472 | ppl 11.09 | wps 61785 | ups 4 | wpb 13762.073 | bsz 901.835 | num_updates 5409 | lr 0.000859947 | gnorm 0.242 | clip 1.000 | oom 0.000 | loss_scale 32.000 | wall 1228 | train_wall 975
| epoch 011 | valid on 'valid' subset | loss 6.503 | nll_loss 4.438 | ppl 21.68 | num_updates 5409 | best_loss 6.50254
| epoch 012 | loss 5.459 | nll_loss 3.395 | ppl 10.52 | wps 61013 | ups 4 | wpb 13762.073 | bsz 901.835 | num_updates 5901 | lr 0.000823317 | gnorm 0.235 | clip 1.000 | oom 0.000 | loss_scale 32.000 | wall 1340 | train_wall 1063
| epoch 012 | valid on 'valid' subset | loss 6.402 | nll_loss 4.300 | ppl 19.7 | num_updates 5901 | best_loss 6.40176
| epoch 013 | loss 5.409 | nll_loss 3.332 | ppl 10.07 | wps 60852 | ups 4 | wpb 13762.073 | bsz 901.835 | num_updates 6393 | lr 0.000791002 | gnorm 0.229 | clip 1.000 | oom 0.000 | loss_scale 32.000 | wall 1452 | train_wall 1151
| epoch 013 | valid on 'valid' subset | loss 6.422 | nll_loss 4.314 | ppl 19.89 | num_updates 6393 | best_loss 6.42213
| epoch 014 | loss 5.365 | nll_loss 3.276 | ppl 9.69 | wps 61254 | ups 4 | wpb 13762.073 | bsz 901.835 | num_updates 6885 | lr 0.000762216 | gnorm 0.219 | clip 1.000 | oom 0.000 | loss_scale 32.000 | wall 1563 | train_wall 1239
| epoch 014 | valid on 'valid' subset | loss 6.310 | nll_loss 4.171 | ppl 18.02 | num_updates 6885 | best_loss 6.31044
| epoch 015 | loss 5.329 | nll_loss 3.230 | ppl 9.38 | wps 60670 | ups 4 | wpb 13762.073 | bsz 901.835 | num_updates 7377 | lr 0.00073636 | gnorm 0.217 | clip 1.000 | oom 0.000 | loss_scale 32.000 | wall 1675 | train_wall 1328
| epoch 015 | valid on 'valid' subset | loss 6.261 | nll_loss 4.109 | ppl 17.25 | num_updates 7377 | best_loss 6.26093
| epoch 016 | loss 5.297 | nll_loss 3.191 | ppl 9.13 | wps 60901 | ups 4 | wpb 13762.073 | bsz 901.835 | num_updates 7869 | lr 0.000712968 | gnorm 0.213 | clip 1.000 | oom 0.000 | loss_scale 32.000 | wall 1787 | train_wall 1416
| epoch 016 | valid on 'valid' subset | loss 6.279 | nll_loss 4.111 | ppl 17.27 | num_updates 7869 | best_loss 6.2794
| epoch 017 | loss 5.269 | nll_loss 3.155 | ppl 8.91 | wps 61495 | ups 4 | wpb 13762.073 | bsz 901.835 | num_updates 8361 | lr 0.000691673 | gnorm 0.211 | clip 1.000 | oom 0.000 | loss_scale 64.000 | wall 1898 | train_wall 1504
| epoch 017 | valid on 'valid' subset | loss 6.204 | nll_loss 4.021 | ppl 16.24 | num_updates 8361 | best_loss 6.20415
| epoch 018 | loss 5.243 | nll_loss 3.122 | ppl 8.71 | wps 61202 | ups 4 | wpb 13762.073 | bsz 901.835 | num_updates 8853 | lr 0.000672179 | gnorm 0.208 | clip 1.000 | oom 0.000 | loss_scale 64.000 | wall 2010 | train_wall 1592
| epoch 018 | valid on 'valid' subset | loss 6.156 | nll_loss 3.958 | ppl 15.54 | num_updates 8853 | best_loss 6.15576
| epoch 019 | loss 5.220 | nll_loss 3.092 | ppl 8.53 | wps 61932 | ups 5 | wpb 13762.073 | bsz 901.835 | num_updates 9345 | lr 0.000654245 | gnorm 0.203 | clip 1.000 | oom 0.000 | loss_scale 64.000 | wall 2120 | train_wall 1680
| epoch 019 | valid on 'valid' subset | loss 6.138 | nll_loss 3.939 | ppl 15.33 | num_updates 9345 | best_loss 6.13805
| epoch 020 | loss 5.200 | nll_loss 3.067 | ppl 8.38 | wps 62891 | ups 5 | wpb 13762.073 | bsz 901.835 | num_updates 9837 | lr 0.000637674 | gnorm 0.202 | clip 1.000 | oom 0.000 | loss_scale 64.000 | wall 2228 | train_wall 1767
| epoch 020 | valid on 'valid' subset | loss 6.123 | nll_loss 3.902 | ppl 14.95 | num_updates 9837 | best_loss 6.1231
| saved checkpoint ./checkpoints/2020-03-29T14-05-04-00-exp24-bpe2500-seed11/checkpoints_si_en/checkpoint20.pt (epoch 20 @ 9837 updates) (writing took 0.9572114944458008 seconds)
| epoch 021 | loss 5.180 | nll_loss 3.042 | ppl 8.24 | wps 61759 | ups 4 | wpb 13762.073 | bsz 901.835 | num_updates 10329 | lr 0.000622302 | gnorm 0.201 | clip 1.000 | oom 0.000 | loss_scale 64.000 | wall 2340 | train_wall 1854
| epoch 021 | valid on 'valid' subset | loss 6.091 | nll_loss 3.868 | ppl 14.61 | num_updates 10329 | best_loss 6.09145
| epoch 022 | loss 5.164 | nll_loss 3.021 | ppl 8.12 | wps 62071 | ups 5 | wpb 13762.073 | bsz 901.835 | num_updates 10821 | lr 0.00060799 | gnorm 0.200 | clip 1.000 | oom 0.000 | loss_scale 64.000 | wall 2449 | train_wall 1942
| epoch 022 | valid on 'valid' subset | loss 6.085 | nll_loss 3.853 | ppl 14.45 | num_updates 10821 | best_loss 6.08498
| epoch 023 | loss 5.148 | nll_loss 3.001 | ppl 8 | wps 61661 | ups 4 | wpb 13762.073 | bsz 901.835 | num_updates 11313 | lr 0.000594622 | gnorm 0.199 | clip 1.000 | oom 0.000 | loss_scale 64.000 | wall 2560 | train_wall 2030
| epoch 023 | valid on 'valid' subset | loss 6.080 | nll_loss 3.847 | ppl 14.39 | num_updates 11313 | best_loss 6.08027
| epoch 024 | loss 5.133 | nll_loss 2.982 | ppl 7.9 | wps 61898 | ups 4 | wpb 13762.073 | bsz 901.835 | num_updates 11805 | lr 0.000582099 | gnorm 0.199 | clip 1.000 | oom 0.000 | loss_scale 64.000 | wall 2670 | train_wall 2118
| epoch 024 | valid on 'valid' subset | loss 6.049 | nll_loss 3.810 | ppl 14.03 | num_updates 11805 | best_loss 6.0491
| epoch 025 | loss 5.120 | nll_loss 2.966 | ppl 7.81 | wps 61401 | ups 4 | wpb 13762.073 | bsz 901.835 | num_updates 12297 | lr 0.000570336 | gnorm 0.197 | clip 1.000 | oom 0.000 | loss_scale 128.000 | wall 2781 | train_wall 2206
| epoch 025 | valid on 'valid' subset | loss 6.036 | nll_loss 3.785 | ppl 13.79 | num_updates 12297 | best_loss 6.03581
| WARNING: overflow detected, setting loss scale to: 64.0
| WARNING: overflow detected, setting loss scale to: 32.0
| epoch 026 | loss 5.102 | nll_loss 2.943 | ppl 7.69 | wps 62194 | ups 5 | wpb 13759.447 | bsz 903.280 | num_updates 12787 | lr 0.000559301 | gnorm 0.194 | clip 1.000 | oom 0.000 | loss_scale 32.000 | wall 2890 | train_wall 2293
| epoch 026 | valid on 'valid' subset | loss 6.043 | nll_loss 3.799 | ppl 13.92 | num_updates 12787 | best_loss 6.04324
| epoch 027 | loss 5.095 | nll_loss 2.934 | ppl 7.64 | wps 61976 | ups 5 | wpb 13762.073 | bsz 901.835 | num_updates 13279 | lr 0.000548842 | gnorm 0.197 | clip 1.000 | oom 0.000 | loss_scale 32.000 | wall 3000 | train_wall 2381
| epoch 027 | valid on 'valid' subset | loss 6.000 | nll_loss 3.745 | ppl 13.41 | num_updates 13279 | best_loss 6.00021
| epoch 028 | loss 5.082 | nll_loss 2.918 | ppl 7.56 | wps 61789 | ups 4 | wpb 13762.073 | bsz 901.835 | num_updates 13771 | lr 0.000538948 | gnorm 0.195 | clip 1.000 | oom 0.000 | loss_scale 32.000 | wall 3111 | train_wall 2468
| epoch 028 | valid on 'valid' subset | loss 6.012 | nll_loss 3.753 | ppl 13.49 | num_updates 13771 | best_loss 6.01177
| epoch 029 | loss 5.072 | nll_loss 2.904 | ppl 7.49 | wps 61216 | ups 4 | wpb 13762.073 | bsz 901.835 | num_updates 14263 | lr 0.000529571 | gnorm 0.193 | clip 1.000 | oom 0.000 | loss_scale 32.000 | wall 3222 | train_wall 2556
| epoch 029 | valid on 'valid' subset | loss 5.981 | nll_loss 3.720 | ppl 13.18 | num_updates 14263 | best_loss 5.98107
| epoch 030 | loss 5.061 | nll_loss 2.891 | ppl 7.42 | wps 62410 | ups 5 | wpb 13762.073 | bsz 901.835 | num_updates 14755 | lr 0.000520667 | gnorm 0.193 | clip 1.000 | oom 0.000 | loss_scale 32.000 | wall 3331 | train_wall 2644
| epoch 030 | valid on 'valid' subset | loss 5.987 | nll_loss 3.717 | ppl 13.15 | num_updates 14755 | best_loss 5.98658
| saved checkpoint ./checkpoints/2020-03-29T14-05-04-00-exp24-bpe2500-seed11/checkpoints_si_en/checkpoint30.pt (epoch 30 @ 14755 updates) (writing took 0.9606013298034668 seconds)
| epoch 031 | loss 5.053 | nll_loss 2.880 | ppl 7.36 | wps 62243 | ups 5 | wpb 13762.073 | bsz 901.835 | num_updates 15247 | lr 0.000512198 | gnorm 0.193 | clip 1.000 | oom 0.000 | loss_scale 32.000 | wall 3442 | train_wall 2731
| epoch 031 | valid on 'valid' subset | loss 5.973 | nll_loss 3.701 | ppl 13 | num_updates 15247 | best_loss 5.97285
| epoch 032 | loss 5.043 | nll_loss 2.868 | ppl 7.3 | wps 61012 | ups 4 | wpb 13762.073 | bsz 901.835 | num_updates 15739 | lr 0.000504129 | gnorm 0.194 | clip 1.000 | oom 0.000 | loss_scale 32.000 | wall 3554 | train_wall 2819
| epoch 032 | valid on 'valid' subset | loss 5.956 | nll_loss 3.686 | ppl 12.87 | num_updates 15739 | best_loss 5.95603
| epoch 033 | loss 5.035 | nll_loss 2.858 | ppl 7.25 | wps 60455 | ups 4 | wpb 13762.073 | bsz 901.835 | num_updates 16231 | lr 0.000496429 | gnorm 0.192 | clip 1.000 | oom 0.000 | loss_scale 32.000 | wall 3666 | train_wall 2908
| epoch 033 | valid on 'valid' subset | loss 5.930 | nll_loss 3.651 | ppl 12.56 | num_updates 16231 | best_loss 5.92958
| epoch 034 | loss 5.027 | nll_loss 2.848 | ppl 7.2 | wps 61262 | ups 4 | wpb 13762.073 | bsz 901.835 | num_updates 16723 | lr 0.000489072 | gnorm 0.192 | clip 1.000 | oom 0.000 | loss_scale 64.000 | wall 3778 | train_wall 2996
| epoch 034 | valid on 'valid' subset | loss 5.932 | nll_loss 3.656 | ppl 12.6 | num_updates 16723 | best_loss 5.93198
| epoch 035 | loss 5.018 | nll_loss 2.837 | ppl 7.14 | wps 61721 | ups 4 | wpb 13762.073 | bsz 901.835 | num_updates 17215 | lr 0.000482033 | gnorm 0.190 | clip 1.000 | oom 0.000 | loss_scale 64.000 | wall 3888 | train_wall 3084
| epoch 035 | valid on 'valid' subset | loss 5.916 | nll_loss 3.623 | ppl 12.32 | num_updates 17215 | best_loss 5.91631
| epoch 036 | loss 5.011 | nll_loss 2.828 | ppl 7.1 | wps 61124 | ups 4 | wpb 13762.073 | bsz 901.835 | num_updates 17707 | lr 0.000475289 | gnorm 0.191 | clip 1.000 | oom 0.000 | loss_scale 64.000 | wall 4000 | train_wall 3173
| epoch 036 | valid on 'valid' subset | loss 5.925 | nll_loss 3.646 | ppl 12.52 | num_updates 17707 | best_loss 5.92533
| epoch 037 | loss 5.003 | nll_loss 2.818 | ppl 7.05 | wps 61029 | ups 4 | wpb 13762.073 | bsz 901.835 | num_updates 18199 | lr 0.00046882 | gnorm 0.191 | clip 1.000 | oom 0.000 | loss_scale 64.000 | wall 4112 | train_wall 3261
| epoch 037 | valid on 'valid' subset | loss 5.905 | nll_loss 3.626 | ppl 12.35 | num_updates 18199 | best_loss 5.90529
| epoch 038 | loss 4.997 | nll_loss 2.810 | ppl 7.01 | wps 61684 | ups 4 | wpb 13762.073 | bsz 901.835 | num_updates 18691 | lr 0.000462609 | gnorm 0.192 | clip 1.000 | oom 0.000 | loss_scale 64.000 | wall 4222 | train_wall 3349
| epoch 038 | valid on 'valid' subset | loss 5.905 | nll_loss 3.619 | ppl 12.29 | num_updates 18691 | best_loss 5.90513
| WARNING: overflow detected, setting loss scale to: 32.0
| epoch 039 | loss 4.988 | nll_loss 2.799 | ppl 6.96 | wps 61815 | ups 4 | wpb 13761.318 | bsz 901.945 | num_updates 19182 | lr 0.00045665 | gnorm 0.190 | clip 1.000 | oom 0.000 | loss_scale 32.000 | wall 4332 | train_wall 3436
| epoch 039 | valid on 'valid' subset | loss 5.890 | nll_loss 3.599 | ppl 12.12 | num_updates 19182 | best_loss 5.89045
| epoch 040 | loss 4.984 | nll_loss 2.793 | ppl 6.93 | wps 60897 | ups 4 | wpb 13762.073 | bsz 901.835 | num_updates 19674 | lr 0.000450904 | gnorm 0.191 | clip 1.000 | oom 0.000 | loss_scale 32.000 | wall 4444 | train_wall 3524
| epoch 040 | valid on 'valid' subset | loss 5.893 | nll_loss 3.606 | ppl 12.18 | num_updates 19674 | best_loss 5.89296
| saved checkpoint ./checkpoints/2020-03-29T14-05-04-00-exp24-bpe2500-seed11/checkpoints_si_en/checkpoint40.pt (epoch 40 @ 19674 updates) (writing took 0.9568319320678711 seconds)
| epoch 041 | loss 4.978 | nll_loss 2.786 | ppl 6.9 | wps 62786 | ups 5 | wpb 13762.073 | bsz 901.835 | num_updates 20166 | lr 0.000445369 | gnorm 0.190 | clip 1.000 | oom 0.000 | loss_scale 32.000 | wall 4554 | train_wall 3611
| epoch 041 | valid on 'valid' subset | loss 5.862 | nll_loss 3.561 | ppl 11.8 | num_updates 20166 | best_loss 5.86218
| epoch 042 | loss 4.971 | nll_loss 2.777 | ppl 6.85 | wps 62442 | ups 5 | wpb 13762.073 | bsz 901.835 | num_updates 20658 | lr 0.000440034 | gnorm 0.189 | clip 1.000 | oom 0.000 | loss_scale 32.000 | wall 4663 | train_wall 3699
| epoch 042 | valid on 'valid' subset | loss 5.870 | nll_loss 3.581 | ppl 11.97 | num_updates 20658 | best_loss 5.87042
| epoch 043 | loss 4.966 | nll_loss 2.770 | ppl 6.82 | wps 62507 | ups 5 | wpb 13762.073 | bsz 901.835 | num_updates 21150 | lr 0.000434885 | gnorm 0.192 | clip 1.000 | oom 0.000 | loss_scale 32.000 | wall 4772 | train_wall 3786
| epoch 043 | valid on 'valid' subset | loss 5.854 | nll_loss 3.556 | ppl 11.76 | num_updates 21150 | best_loss 5.85396
| epoch 044 | loss 4.960 | nll_loss 2.763 | ppl 6.79 | wps 61257 | ups 4 | wpb 13762.073 | bsz 901.835 | num_updates 21642 | lr 0.000429914 | gnorm 0.189 | clip 1.000 | oom 0.000 | loss_scale 32.000 | wall 4883 | train_wall 3873
| epoch 044 | valid on 'valid' subset | loss 5.868 | nll_loss 3.577 | ppl 11.94 | num_updates 21642 | best_loss 5.86759
| epoch 045 | loss 4.955 | nll_loss 2.757 | ppl 6.76 | wps 61638 | ups 4 | wpb 13762.073 | bsz 901.835 | num_updates 22134 | lr 0.000425109 | gnorm 0.191 | clip 1.000 | oom 0.000 | loss_scale 32.000 | wall 4994 | train_wall 3961
| epoch 045 | valid on 'valid' subset | loss 5.868 | nll_loss 3.573 | ppl 11.9 | num_updates 22134 | best_loss 5.86823
| epoch 046 | loss 4.950 | nll_loss 2.751 | ppl 6.73 | wps 60966 | ups 4 | wpb 13762.073 | bsz 901.835 | num_updates 22626 | lr 0.000420461 | gnorm 0.190 | clip 1.000 | oom 0.000 | loss_scale 32.000 | wall 5106 | train_wall 4050
| epoch 046 | valid on 'valid' subset | loss 5.831 | nll_loss 3.532 | ppl 11.57 | num_updates 22626 | best_loss 5.83134
| WARNING: overflow detected, setting loss scale to: 32.0
| epoch 047 | loss 4.944 | nll_loss 2.742 | ppl 6.69 | wps 60645 | ups 4 | wpb 13759.436 | bsz 901.766 | num_updates 23117 | lr 0.000415972 | gnorm 0.189 | clip 1.000 | oom 0.000 | loss_scale 32.000 | wall 5218 | train_wall 4138
| epoch 047 | valid on 'valid' subset | loss 5.842 | nll_loss 3.537 | ppl 11.61 | num_updates 23117 | best_loss 5.84222
| epoch 048 | loss 4.940 | nll_loss 2.738 | ppl 6.67 | wps 61501 | ups 4 | wpb 13762.073 | bsz 901.835 | num_updates 23609 | lr 0.000411615 | gnorm 0.190 | clip 1.000 | oom 0.000 | loss_scale 32.000 | wall 5329 | train_wall 4226
| epoch 048 | valid on 'valid' subset | loss 5.834 | nll_loss 3.531 | ppl 11.56 | num_updates 23609 | best_loss 5.83417
| epoch 049 | loss 4.935 | nll_loss 2.732 | ppl 6.64 | wps 63187 | ups 5 | wpb 13762.073 | bsz 901.835 | num_updates 24101 | lr 0.000407392 | gnorm 0.190 | clip 1.000 | oom 0.000 | loss_scale 32.000 | wall 5437 | train_wall 4312
| epoch 049 | valid on 'valid' subset | loss 5.835 | nll_loss 3.529 | ppl 11.55 | num_updates 24101 | best_loss 5.83466
| epoch 050 | loss 4.931 | nll_loss 2.726 | ppl 6.62 | wps 61309 | ups 4 | wpb 13762.073 | bsz 901.835 | num_updates 24593 | lr 0.000403296 | gnorm 0.190 | clip 1.000 | oom 0.000 | loss_scale 32.000 | wall 5548 | train_wall 4400
| epoch 050 | valid on 'valid' subset | loss 5.840 | nll_loss 3.540 | ppl 11.63 | num_updates 24593 | best_loss 5.83969
| saved checkpoint ./checkpoints/2020-03-29T14-05-04-00-exp24-bpe2500-seed11/checkpoints_si_en/checkpoint50.pt (epoch 50 @ 24593 updates) (writing took 0.9378230571746826 seconds)
| epoch 051 | loss 4.927 | nll_loss 2.721 | ppl 6.59 | wps 61813 | ups 4 | wpb 13762.073 | bsz 901.835 | num_updates 25085 | lr 0.000399322 | gnorm 0.190 | clip 1.000 | oom 0.000 | loss_scale 32.000 | wall 5659 | train_wall 4488
| epoch 051 | valid on 'valid' subset | loss 5.827 | nll_loss 3.517 | ppl 11.45 | num_updates 25085 | best_loss 5.8265
| epoch 052 | loss 4.922 | nll_loss 2.715 | ppl 6.56 | wps 61180 | ups 4 | wpb 13762.073 | bsz 901.835 | num_updates 25577 | lr 0.000395462 | gnorm 0.190 | clip 1.000 | oom 0.000 | loss_scale 32.000 | wall 5771 | train_wall 4576
| epoch 052 | valid on 'valid' subset | loss 5.801 | nll_loss 3.491 | ppl 11.24 | num_updates 25577 | best_loss 5.80124
| epoch 053 | loss 4.919 | nll_loss 2.711 | ppl 6.55 | wps 61160 | ups 4 | wpb 13762.073 | bsz 901.835 | num_updates 26069 | lr 0.000391713 | gnorm 0.191 | clip 1.000 | oom 0.000 | loss_scale 32.000 | wall 5882 | train_wall 4664
| epoch 053 | valid on 'valid' subset | loss 5.816 | nll_loss 3.504 | ppl 11.34 | num_updates 26069 | best_loss 5.81639
| epoch 054 | loss 4.914 | nll_loss 2.705 | ppl 6.52 | wps 61588 | ups 4 | wpb 13762.073 | bsz 901.835 | num_updates 26561 | lr 0.000388068 | gnorm 0.191 | clip 1.000 | oom 0.000 | loss_scale 32.000 | wall 5993 | train_wall 4752
| epoch 054 | valid on 'valid' subset | loss 5.825 | nll_loss 3.520 | ppl 11.47 | num_updates 26561 | best_loss 5.82505
| epoch 055 | loss 4.910 | nll_loss 2.700 | ppl 6.5 | wps 61754 | ups 4 | wpb 13762.073 | bsz 901.835 | num_updates 27053 | lr 0.000384523 | gnorm 0.190 | clip 1.000 | oom 0.000 | loss_scale 64.000 | wall 6103 | train_wall 4839
| epoch 055 | valid on 'valid' subset | loss 5.801 | nll_loss 3.492 | ppl 11.25 | num_updates 27053 | best_loss 5.80138
| WARNING: overflow detected, setting loss scale to: 32.0
| epoch 056 | loss 4.906 | nll_loss 2.695 | ppl 6.48 | wps 61779 | ups 4 | wpb 13762.652 | bsz 902.515 | num_updates 27544 | lr 0.00038108 | gnorm 0.191 | clip 1.000 | oom 0.000 | loss_scale 32.000 | wall 6213 | train_wall 4928
| epoch 056 | valid on 'valid' subset | loss 5.839 | nll_loss 3.535 | ppl 11.59 | num_updates 27544 | best_loss 5.83897
| epoch 057 | loss 4.903 | nll_loss 2.691 | ppl 6.46 | wps 62051 | ups 5 | wpb 13762.073 | bsz 901.835 | num_updates 28036 | lr 0.000377722 | gnorm 0.191 | clip 1.000 | oom 0.000 | loss_scale 32.000 | wall 6323 | train_wall 5014
| epoch 057 | valid on 'valid' subset | loss 5.790 | nll_loss 3.476 | ppl 11.13 | num_updates 28036 | best_loss 5.78952
| epoch 058 | loss 4.900 | nll_loss 2.687 | ppl 6.44 | wps 61027 | ups 4 | wpb 13762.073 | bsz 901.835 | num_updates 28528 | lr 0.00037445 | gnorm 0.191 | clip 1.000 | oom 0.000 | loss_scale 32.000 | wall 6435 | train_wall 5103
| epoch 058 | valid on 'valid' subset | loss 5.778 | nll_loss 3.467 | ppl 11.06 | num_updates 28528 | best_loss 5.77776
| epoch 059 | loss 4.895 | nll_loss 2.681 | ppl 6.41 | wps 62255 | ups 5 | wpb 13762.073 | bsz 901.835 | num_updates 29020 | lr 0.000371263 | gnorm 0.190 | clip 1.000 | oom 0.000 | loss_scale 32.000 | wall 6544 | train_wall 5189
| epoch 059 | valid on 'valid' subset | loss 5.790 | nll_loss 3.478 | ppl 11.14 | num_updates 29020 | best_loss 5.79017
| epoch 060 | loss 4.892 | nll_loss 2.677 | ppl 6.4 | wps 62366 | ups 5 | wpb 13762.073 | bsz 901.835 | num_updates 29512 | lr 0.000368155 | gnorm 0.190 | clip 1.000 | oom 0.000 | loss_scale 32.000 | wall 6654 | train_wall 5276
| epoch 060 | valid on 'valid' subset | loss 5.764 | nll_loss 3.446 | ppl 10.9 | num_updates 29512 | best_loss 5.76414
| saved checkpoint ./checkpoints/2020-03-29T14-05-04-00-exp24-bpe2500-seed11/checkpoints_si_en/checkpoint60.pt (epoch 60 @ 29512 updates) (writing took 0.9668593406677246 seconds)
| epoch 061 | loss 4.889 | nll_loss 2.673 | ppl 6.38 | wps 62728 | ups 5 | wpb 13762.073 | bsz 901.835 | num_updates 30004 | lr 0.000365124 | gnorm 0.191 | clip 1.000 | oom 0.000 | loss_scale 32.000 | wall 6764 | train_wall 5362
| epoch 061 | valid on 'valid' subset | loss 5.778 | nll_loss 3.458 | ppl 10.99 | num_updates 30004 | best_loss 5.76414
| epoch 062 | loss 4.886 | nll_loss 2.669 | ppl 6.36 | wps 61930 | ups 5 | wpb 13762.073 | bsz 901.835 | num_updates 30496 | lr 0.000362167 | gnorm 0.191 | clip 1.000 | oom 0.000 | loss_scale 32.000 | wall 6874 | train_wall 5449
| epoch 062 | valid on 'valid' subset | loss 5.784 | nll_loss 3.474 | ppl 11.11 | num_updates 30496 | best_loss 5.76414
| epoch 063 | loss 4.882 | nll_loss 2.664 | ppl 6.34 | wps 61352 | ups 4 | wpb 13762.073 | bsz 901.835 | num_updates 30988 | lr 0.00035928 | gnorm 0.191 | clip 1.000 | oom 0.000 | loss_scale 32.000 | wall 6985 | train_wall 5537
| epoch 063 | valid on 'valid' subset | loss 5.789 | nll_loss 3.473 | ppl 11.11 | num_updates 30988 | best_loss 5.76414
| epoch 064 | loss 4.879 | nll_loss 2.661 | ppl 6.32 | wps 61736 | ups 4 | wpb 13762.073 | bsz 901.835 | num_updates 31480 | lr 0.000356462 | gnorm 0.191 | clip 1.000 | oom 0.000 | loss_scale 64.000 | wall 7095 | train_wall 5624
| epoch 064 | valid on 'valid' subset | loss 5.778 | nll_loss 3.463 | ppl 11.02 | num_updates 31480 | best_loss 5.76414
| WARNING: overflow detected, setting loss scale to: 32.0
| epoch 065 | loss 4.876 | nll_loss 2.656 | ppl 6.3 | wps 61568 | ups 4 | wpb 13758.937 | bsz 902.206 | num_updates 31971 | lr 0.000353714 | gnorm 0.192 | clip 1.000 | oom 0.000 | loss_scale 32.000 | wall 7206 | train_wall 5711
| epoch 065 | valid on 'valid' subset | loss 5.753 | nll_loss 3.430 | ppl 10.78 | num_updates 31971 | best_loss 5.75286
| epoch 066 | loss 4.873 | nll_loss 2.653 | ppl 6.29 | wps 61568 | ups 4 | wpb 13762.073 | bsz 901.835 | num_updates 32463 | lr 0.000351023 | gnorm 0.190 | clip 1.000 | oom 0.000 | loss_scale 32.000 | wall 7316 | train_wall 5799
| epoch 066 | valid on 'valid' subset | loss 5.765 | nll_loss 3.447 | ppl 10.9 | num_updates 32463 | best_loss 5.76414
| epoch 067 | loss 4.870 | nll_loss 2.649 | ppl 6.27 | wps 61603 | ups 4 | wpb 13762.073 | bsz 901.835 | num_updates 32955 | lr 0.000348393 | gnorm 0.190 | clip 1.000 | oom 0.000 | loss_scale 32.000 | wall 7427 | train_wall 5886
| epoch 067 | valid on 'valid' subset | loss 5.770 | nll_loss 3.452 | ppl 10.95 | num_updates 32955 | best_loss 5.76414
| epoch 068 | loss 4.867 | nll_loss 2.645 | ppl 6.26 | wps 61975 | ups 5 | wpb 13762.073 | bsz 901.835 | num_updates 33447 | lr 0.000345821 | gnorm 0.191 | clip 1.000 | oom 0.000 | loss_scale 32.000 | wall 7537 | train_wall 5973
| epoch 068 | valid on 'valid' subset | loss 5.767 | nll_loss 3.437 | ppl 10.83 | num_updates 33447 | best_loss 5.76414
| epoch 069 | loss 4.864 | nll_loss 2.641 | ppl 6.24 | wps 62464 | ups 5 | wpb 13762.073 | bsz 901.835 | num_updates 33939 | lr 0.000343305 | gnorm 0.191 | clip 1.000 | oom 0.000 | loss_scale 32.000 | wall 7646 | train_wall 6059
| epoch 069 | valid on 'valid' subset | loss 5.768 | nll_loss 3.453 | ppl 10.95 | num_updates 33939 | best_loss 5.76414
| epoch 070 | loss 4.862 | nll_loss 2.639 | ppl 6.23 | wps 61139 | ups 4 | wpb 13762.073 | bsz 901.835 | num_updates 34431 | lr 0.000340844 | gnorm 0.192 | clip 1.000 | oom 0.000 | loss_scale 32.000 | wall 7758 | train_wall 6148
| epoch 070 | valid on 'valid' subset | loss 5.744 | nll_loss 3.423 | ppl 10.73 | num_updates 34431 | best_loss 5.74411
| saved checkpoint ./checkpoints/2020-03-29T14-05-04-00-exp24-bpe2500-seed11/checkpoints_si_en/checkpoint70.pt (epoch 70 @ 34431 updates) (writing took 0.9251940250396729 seconds)
| epoch 071 | loss 4.859 | nll_loss 2.635 | ppl 6.21 | wps 61442 | ups 4 | wpb 13762.073 | bsz 901.835 | num_updates 34923 | lr 0.000338434 | gnorm 0.193 | clip 1.000 | oom 0.000 | loss_scale 32.000 | wall 7870 | train_wall 6237
| epoch 071 | valid on 'valid' subset | loss 5.747 | nll_loss 3.425 | ppl 10.74 | num_updates 34923 | best_loss 5.74411
| epoch 072 | loss 4.856 | nll_loss 2.631 | ppl 6.2 | wps 61258 | ups 4 | wpb 13762.073 | bsz 901.835 | num_updates 35415 | lr 0.000336075 | gnorm 0.192 | clip 1.000 | oom 0.000 | loss_scale 32.000 | wall 7981 | train_wall 6325
| epoch 072 | valid on 'valid' subset | loss 5.774 | nll_loss 3.460 | ppl 11 | num_updates 35415 | best_loss 5.74411
| WARNING: overflow detected, setting loss scale to: 32.0
| epoch 073 | loss 4.853 | nll_loss 2.628 | ppl 6.18 | wps 60946 | ups 4 | wpb 13759.564 | bsz 902.157 | num_updates 35906 | lr 0.000333769 | gnorm 0.192 | clip 1.000 | oom 0.000 | loss_scale 32.000 | wall 8093 | train_wall 6413
| epoch 073 | valid on 'valid' subset | loss 5.751 | nll_loss 3.425 | ppl 10.74 | num_updates 35906 | best_loss 5.74411
| epoch 074 | loss 4.852 | nll_loss 2.626 | ppl 6.17 | wps 61115 | ups 4 | wpb 13762.073 | bsz 901.835 | num_updates 36398 | lr 0.000331506 | gnorm 0.191 | clip 1.000 | oom 0.000 | loss_scale 32.000 | wall 8204 | train_wall 6502
| epoch 074 | valid on 'valid' subset | loss 5.758 | nll_loss 3.439 | ppl 10.85 | num_updates 36398 | best_loss 5.74411
| epoch 075 | loss 4.849 | nll_loss 2.622 | ppl 6.16 | wps 62593 | ups 5 | wpb 13762.073 | bsz 901.835 | num_updates 36890 | lr 0.000329288 | gnorm 0.192 | clip 1.000 | oom 0.000 | loss_scale 32.000 | wall 8313 | train_wall 6588
| epoch 075 | valid on 'valid' subset | loss 5.741 | nll_loss 3.422 | ppl 10.72 | num_updates 36890 | best_loss 5.7406
| epoch 076 | loss 4.847 | nll_loss 2.620 | ppl 6.15 | wps 61220 | ups 4 | wpb 13762.073 | bsz 901.835 | num_updates 37382 | lr 0.000327114 | gnorm 0.193 | clip 1.000 | oom 0.000 | loss_scale 32.000 | wall 8425 | train_wall 6677
| epoch 076 | valid on 'valid' subset | loss 5.751 | nll_loss 3.429 | ppl 10.77 | num_updates 37382 | best_loss 5.74411
| epoch 077 | loss 4.845 | nll_loss 2.617 | ppl 6.13 | wps 60993 | ups 4 | wpb 13762.073 | bsz 901.835 | num_updates 37874 | lr 0.000324982 | gnorm 0.193 | clip 1.000 | oom 0.000 | loss_scale 32.000 | wall 8536 | train_wall 6766
| epoch 077 | valid on 'valid' subset | loss 5.737 | nll_loss 3.413 | ppl 10.65 | num_updates 37874 | best_loss 5.73655
| epoch 078 | loss 4.842 | nll_loss 2.614 | ppl 6.12 | wps 60947 | ups 4 | wpb 13762.073 | bsz 901.835 | num_updates 38366 | lr 0.000322892 | gnorm 0.192 | clip 1.000 | oom 0.000 | loss_scale 32.000 | wall 8648 | train_wall 6855
| epoch 078 | valid on 'valid' subset | loss 5.728 | nll_loss 3.398 | ppl 10.54 | num_updates 38366 | best_loss 5.72817
| epoch 079 | loss 4.840 | nll_loss 2.611 | ppl 6.11 | wps 61833 | ups 4 | wpb 13762.073 | bsz 901.835 | num_updates 38858 | lr 0.000320841 | gnorm 0.193 | clip 1.000 | oom 0.000 | loss_scale 32.000 | wall 8759 | train_wall 6943
| epoch 079 | valid on 'valid' subset | loss 5.719 | nll_loss 3.392 | ppl 10.5 | num_updates 38858 | best_loss 5.71865
| epoch 080 | loss 4.838 | nll_loss 2.609 | ppl 6.1 | wps 61372 | ups 4 | wpb 13762.073 | bsz 901.835 | num_updates 39350 | lr 0.000318829 | gnorm 0.193 | clip 1.000 | oom 0.000 | loss_scale 32.000 | wall 8870 | train_wall 7032
| epoch 080 | valid on 'valid' subset | loss 5.741 | nll_loss 3.417 | ppl 10.68 | num_updates 39350 | best_loss 5.7408
| saved checkpoint ./checkpoints/2020-03-29T14-05-04-00-exp24-bpe2500-seed11/checkpoints_si_en/checkpoint80.pt (epoch 80 @ 39350 updates) (writing took 0.9260988235473633 seconds)
| epoch 081 | loss 4.835 | nll_loss 2.605 | ppl 6.08 | wps 61659 | ups 4 | wpb 13762.073 | bsz 901.835 | num_updates 39842 | lr 0.000316854 | gnorm 0.193 | clip 1.000 | oom 0.000 | loss_scale 32.000 | wall 8981 | train_wall 7119
| epoch 081 | valid on 'valid' subset | loss 5.761 | nll_loss 3.444 | ppl 10.89 | num_updates 39842 | best_loss 5.7408
| WARNING: overflow detected, setting loss scale to: 32.0
| epoch 082 | loss 4.831 | nll_loss 2.600 | ppl 6.06 | wps 60844 | ups 4 | wpb 13766.521 | bsz 902.809 | num_updates 40333 | lr 0.00031492 | gnorm 0.191 | clip 1.000 | oom 0.000 | loss_scale 32.000 | wall 9093 | train_wall 7208
| epoch 082 | valid on 'valid' subset | loss 5.741 | nll_loss 3.417 | ppl 10.68 | num_updates 40333 | best_loss 5.74075
| epoch 083 | loss 4.830 | nll_loss 2.599 | ppl 6.06 | wps 61698 | ups 4 | wpb 13762.073 | bsz 901.835 | num_updates 40825 | lr 0.000313016 | gnorm 0.192 | clip 1.000 | oom 0.000 | loss_scale 32.000 | wall 9203 | train_wall 7295
| epoch 083 | valid on 'valid' subset | loss 5.737 | nll_loss 3.414 | ppl 10.66 | num_updates 40825 | best_loss 5.73666
| epoch 084 | loss 4.828 | nll_loss 2.596 | ppl 6.05 | wps 62225 | ups 5 | wpb 13762.073 | bsz 901.835 | num_updates 41317 | lr 0.000311147 | gnorm 0.193 | clip 1.000 | oom 0.000 | loss_scale 32.000 | wall 9313 | train_wall 7381
| epoch 084 | valid on 'valid' subset | loss 5.727 | nll_loss 3.403 | ppl 10.58 | num_updates 41317 | best_loss 5.72695
| epoch 085 | loss 4.826 | nll_loss 2.594 | ppl 6.04 | wps 62120 | ups 5 | wpb 13762.073 | bsz 901.835 | num_updates 41809 | lr 0.000309311 | gnorm 0.192 | clip 1.000 | oom 0.000 | loss_scale 32.000 | wall 9423 | train_wall 7467
| epoch 085 | valid on 'valid' subset | loss 5.710 | nll_loss 3.377 | ppl 10.39 | num_updates 41809 | best_loss 5.71037
| epoch 086 | loss 4.824 | nll_loss 2.591 | ppl 6.03 | wps 61753 | ups 4 | wpb 13762.073 | bsz 901.835 | num_updates 42301 | lr 0.000307507 | gnorm 0.193 | clip 1.000 | oom 0.000 | loss_scale 32.000 | wall 9533 | train_wall 7555
| epoch 086 | valid on 'valid' subset | loss 5.711 | nll_loss 3.385 | ppl 10.45 | num_updates 42301 | best_loss 5.71067
| epoch 087 | loss 4.823 | nll_loss 2.589 | ppl 6.02 | wps 61949 | ups 5 | wpb 13762.073 | bsz 901.835 | num_updates 42793 | lr 0.000305734 | gnorm 0.193 | clip 1.000 | oom 0.000 | loss_scale 32.000 | wall 9643 | train_wall 7641
| epoch 087 | valid on 'valid' subset | loss 5.715 | nll_loss 3.395 | ppl 10.52 | num_updates 42793 | best_loss 5.71499
| epoch 088 | loss 4.820 | nll_loss 2.586 | ppl 6 | wps 61841 | ups 4 | wpb 13762.073 | bsz 901.835 | num_updates 43285 | lr 0.000303991 | gnorm 0.194 | clip 1.000 | oom 0.000 | loss_scale 32.000 | wall 9754 | train_wall 7730
| epoch 088 | valid on 'valid' subset | loss 5.727 | nll_loss 3.404 | ppl 10.58 | num_updates 43285 | best_loss 5.72683
| epoch 089 | loss 4.818 | nll_loss 2.583 | ppl 5.99 | wps 62461 | ups 5 | wpb 13762.073 | bsz 901.835 | num_updates 43777 | lr 0.000302278 | gnorm 0.193 | clip 1.000 | oom 0.000 | loss_scale 32.000 | wall 9863 | train_wall 7816
| epoch 089 | valid on 'valid' subset | loss 5.707 | nll_loss 3.370 | ppl 10.34 | num_updates 43777 | best_loss 5.70677
| epoch 090 | loss 4.817 | nll_loss 2.581 | ppl 5.98 | wps 61251 | ups 4 | wpb 13762.073 | bsz 901.835 | num_updates 44269 | lr 0.000300594 | gnorm 0.194 | clip 1.000 | oom 0.000 | loss_scale 64.000 | wall 9974 | train_wall 7904
| epoch 090 | valid on 'valid' subset | loss 5.723 | nll_loss 3.393 | ppl 10.51 | num_updates 44269 | best_loss 5.72275
| saved checkpoint ./checkpoints/2020-03-29T14-05-04-00-exp24-bpe2500-seed11/checkpoints_si_en/checkpoint90.pt (epoch 90 @ 44269 updates) (writing took 0.9198040962219238 seconds)
| WARNING: overflow detected, setting loss scale to: 32.0
| epoch 091 | loss 4.814 | nll_loss 2.578 | ppl 5.97 | wps 61203 | ups 4 | wpb 13764.503 | bsz 902.418 | num_updates 44760 | lr 0.000298941 | gnorm 0.195 | clip 1.000 | oom 0.000 | loss_scale 32.000 | wall 10086 | train_wall 7992
| epoch 091 | valid on 'valid' subset | loss 5.718 | nll_loss 3.391 | ppl 10.49 | num_updates 44760 | best_loss 5.71775
| epoch 092 | loss 4.813 | nll_loss 2.577 | ppl 5.97 | wps 61583 | ups 4 | wpb 13762.073 | bsz 901.835 | num_updates 45252 | lr 0.000297311 | gnorm 0.195 | clip 1.000 | oom 0.000 | loss_scale 32.000 | wall 10197 | train_wall 8080
| epoch 092 | valid on 'valid' subset | loss 5.707 | nll_loss 3.377 | ppl 10.39 | num_updates 45252 | best_loss 5.70707
| epoch 093 | loss 4.811 | nll_loss 2.575 | ppl 5.96 | wps 61260 | ups 4 | wpb 13762.073 | bsz 901.835 | num_updates 45744 | lr 0.000295708 | gnorm 0.196 | clip 1.000 | oom 0.000 | loss_scale 32.000 | wall 10308 | train_wall 8168
| epoch 093 | valid on 'valid' subset | loss 5.709 | nll_loss 3.382 | ppl 10.42 | num_updates 45744 | best_loss 5.70865
| epoch 094 | loss 4.809 | nll_loss 2.572 | ppl 5.95 | wps 61774 | ups 4 | wpb 13762.073 | bsz 901.835 | num_updates 46236 | lr 0.00029413 | gnorm 0.196 | clip 1.000 | oom 0.000 | loss_scale 32.000 | wall 10419 | train_wall 8256
| epoch 094 | valid on 'valid' subset | loss 5.707 | nll_loss 3.373 | ppl 10.36 | num_updates 46236 | best_loss 5.70716
| epoch 095 | loss 4.807 | nll_loss 2.569 | ppl 5.93 | wps 61940 | ups 5 | wpb 13762.073 | bsz 901.835 | num_updates 46728 | lr 0.000292578 | gnorm 0.194 | clip 1.000 | oom 0.000 | loss_scale 32.000 | wall 10529 | train_wall 8343
| epoch 095 | valid on 'valid' subset | loss 5.724 | nll_loss 3.398 | ppl 10.54 | num_updates 46728 | best_loss 5.72275
| epoch 096 | loss 4.806 | nll_loss 2.567 | ppl 5.93 | wps 61277 | ups 4 | wpb 13762.073 | bsz 901.835 | num_updates 47220 | lr 0.00029105 | gnorm 0.194 | clip 1.000 | oom 0.000 | loss_scale 32.000 | wall 10640 | train_wall 8432
| epoch 096 | valid on 'valid' subset | loss 5.708 | nll_loss 3.378 | ppl 10.39 | num_updates 47220 | best_loss 5.70801
| epoch 097 | loss 4.804 | nll_loss 2.566 | ppl 5.92 | wps 60607 | ups 4 | wpb 13762.073 | bsz 901.835 | num_updates 47712 | lr 0.000289545 | gnorm 0.195 | clip 1.000 | oom 0.000 | loss_scale 32.000 | wall 10752 | train_wall 8521
| epoch 097 | valid on 'valid' subset | loss 5.712 | nll_loss 3.383 | ppl 10.43 | num_updates 47712 | best_loss 5.71172
| epoch 098 | loss 4.802 | nll_loss 2.563 | ppl 5.91 | wps 61357 | ups 4 | wpb 13762.073 | bsz 901.835 | num_updates 48204 | lr 0.000288064 | gnorm 0.194 | clip 1.000 | oom 0.000 | loss_scale 32.000 | wall 10863 | train_wall 8609
| epoch 098 | valid on 'valid' subset | loss 5.703 | nll_loss 3.370 | ppl 10.34 | num_updates 48204 | best_loss 5.70302
| WARNING: overflow detected, setting loss scale to: 32.0
| epoch 099 | loss 4.800 | nll_loss 2.560 | ppl 5.9 | wps 61077 | ups 4 | wpb 13764.676 | bsz 902.189 | num_updates 48695 | lr 0.000286608 | gnorm 0.195 | clip 1.000 | oom 0.000 | loss_scale 32.000 | wall 10975 | train_wall 8698
| epoch 099 | valid on 'valid' subset | loss 5.700 | nll_loss 3.369 | ppl 10.33 | num_updates 48695 | best_loss 5.70035
| epoch 100 | loss 4.799 | nll_loss 2.559 | ppl 5.89 | wps 61268 | ups 4 | wpb 13762.073 | bsz 901.835 | num_updates 49187 | lr 0.000285171 | gnorm 0.194 | clip 1.000 | oom 0.000 | loss_scale 32.000 | wall 11086 | train_wall 8786
| epoch 100 | valid on 'valid' subset | loss 5.715 | nll_loss 3.384 | ppl 10.44 | num_updates 49187 | best_loss 5.7146
| saved checkpoint ./checkpoints/2020-03-29T14-05-04-00-exp24-bpe2500-seed11/checkpoints_si_en/checkpoint100.pt (epoch 100 @ 49187 updates) (writing took 0.934086799621582 seconds)
| done training in 11084.0 seconds
Done training.
Time at end: Mon Mar 30 01:39:12 EDT 2020
