================ FLORES BASELINE WITH CLIP_NORM=0.1, BPE=5000 AND SEED=14 USING MORSEL ================
About to train the supervised for the following language pair: EN-SI
CHECKPOINT_DIR is set to './checkpoints/2020-07-14T17-58-04-00-exp444-morsel-si-seed14/checkpoints_en_si'
Creating checkpoint directory if it doesn't exist...
Data folder is: data-bin/wiki_si_en_morsel/
Beginning training...
Time at beginning: Tue Jul 14 21:41:55 EDT 2020
Namespace(activation_dropout=0.2, activation_fn='relu', adam_betas='(0.9, 0.98)', adam_eps=1e-08, adaptive_input=False, adaptive_softmax_cutoff=None, adaptive_softmax_dropout=0, arch='transformer', attention_dropout=0.2, best_checkpoint_metric='loss', bpe=None, bucket_cap_mb=25, clip_norm=0.1, cpu=False, criterion='label_smoothed_cross_entropy', cross_self_attention=False, curriculum=0, data='data-bin/wiki_si_en_morsel/', dataset_impl=None, ddp_backend='c10d', decoder_attention_heads=2, decoder_embed_dim=512, decoder_embed_path=None, decoder_ffn_embed_dim=2048, decoder_input_dim=512, decoder_layerdrop=0, decoder_layers=5, decoder_layers_to_keep=None, decoder_learned_pos=False, decoder_normalize_before=True, decoder_output_dim=512, device_id=0, disable_validation=False, distributed_backend='nccl', distributed_init_method=None, distributed_no_spawn=False, distributed_port=-1, distributed_rank=0, distributed_world_size=1, dropout=0.4, empty_cache_freq=0, encoder_attention_heads=2, encoder_embed_dim=512, encoder_embed_path=None, encoder_ffn_embed_dim=2048, encoder_layerdrop=0, encoder_layers=5, encoder_layers_to_keep=None, encoder_learned_pos=False, encoder_normalize_before=True, fast_stat_sync=False, find_unused_parameters=False, fix_batches_to_gpus=False, fixed_validation_seed=None, fp16=True, fp16_init_scale=128, fp16_scale_tolerance=0.0, fp16_scale_window=None, keep_interval_updates=-1, keep_last_epochs=-1, label_smoothing=0.2, layer_wise_attention=False, layernorm_embedding=False, lazy_load=False, left_pad_source='True', left_pad_target='False', load_alignments=False, log_format=None, log_interval=1000, lr=[0.001], lr_scheduler='inverse_sqrt', max_epoch=100, max_sentences=None, max_sentences_valid=None, max_source_positions=1024, max_target_positions=1024, max_tokens=4000, max_tokens_valid=4000, max_update=0, maximize_best_checkpoint_metric=False, memory_efficient_fp16=False, min_loss_scale=0.0001, min_lr=1e-09, no_cross_attention=False, no_epoch_checkpoints=False, no_last_checkpoints=False, no_progress_bar=False, no_save=False, no_save_optimizer_state=False, no_scale_embedding=False, no_token_positional_embeddings=False, num_workers=1, optimizer='adam', optimizer_overrides='{}', raw_text=False, required_batch_size_multiple=8, reset_dataloader=False, reset_lr_scheduler=False, reset_meters=False, reset_optimizer=False, restore_file='checkpoint_last.pt', save_dir='./checkpoints/2020-07-14T17-58-04-00-exp444-morsel-si-seed14/checkpoints_en_si', save_interval=10, save_interval_updates=0, seed=14, sentence_avg=False, share_all_embeddings=True, share_decoder_input_output_embed=False, skip_invalid_size_inputs_valid_test=False, source_lang='en', target_lang='si', task='translation', tensorboard_logdir='', threshold_loss_scale=None, tokenizer=None, train_subset='train', truncate_source=False, update_freq=[4], upsample_primary=1, use_bmuf=False, user_dir=None, valid_subset='valid', validate_interval=1, warmup_init_lr=1e-07, warmup_updates=4000, weight_decay=0.0001)
| [en] dictionary: 4672 types
| [si] dictionary: 4672 types
| loaded 2898 examples from: data-bin/wiki_si_en_morsel/valid.si-en.en
| loaded 2898 examples from: data-bin/wiki_si_en_morsel/valid.si-en.si
| data-bin/wiki_si_en_morsel/ valid en-si 2898 examples
TransformerModel(
  (encoder): TransformerEncoder(
    (embed_tokens): Embedding(4672, 512, padding_idx=1)
    (embed_positions): SinusoidalPositionalEmbedding()
    (layers): ModuleList(
      (0): TransformerEncoderLayer(
        (self_attn): MultiheadAttention(
          (k_proj): Linear(in_features=512, out_features=512, bias=True)
          (v_proj): Linear(in_features=512, out_features=512, bias=True)
          (q_proj): Linear(in_features=512, out_features=512, bias=True)
          (out_proj): Linear(in_features=512, out_features=512, bias=True)
        )
        (self_attn_layer_norm): LayerNorm((512,), eps=1e-05, elementwise_affine=True)
        (fc1): Linear(in_features=512, out_features=2048, bias=True)
        (fc2): Linear(in_features=2048, out_features=512, bias=True)
        (final_layer_norm): LayerNorm((512,), eps=1e-05, elementwise_affine=True)
      )
      (1): TransformerEncoderLayer(
        (self_attn): MultiheadAttention(
          (k_proj): Linear(in_features=512, out_features=512, bias=True)
          (v_proj): Linear(in_features=512, out_features=512, bias=True)
          (q_proj): Linear(in_features=512, out_features=512, bias=True)
          (out_proj): Linear(in_features=512, out_features=512, bias=True)
        )
        (self_attn_layer_norm): LayerNorm((512,), eps=1e-05, elementwise_affine=True)
        (fc1): Linear(in_features=512, out_features=2048, bias=True)
        (fc2): Linear(in_features=2048, out_features=512, bias=True)
        (final_layer_norm): LayerNorm((512,), eps=1e-05, elementwise_affine=True)
      )
      (2): TransformerEncoderLayer(
        (self_attn): MultiheadAttention(
          (k_proj): Linear(in_features=512, out_features=512, bias=True)
          (v_proj): Linear(in_features=512, out_features=512, bias=True)
          (q_proj): Linear(in_features=512, out_features=512, bias=True)
          (out_proj): Linear(in_features=512, out_features=512, bias=True)
        )
        (self_attn_layer_norm): LayerNorm((512,), eps=1e-05, elementwise_affine=True)
        (fc1): Linear(in_features=512, out_features=2048, bias=True)
        (fc2): Linear(in_features=2048, out_features=512, bias=True)
        (final_layer_norm): LayerNorm((512,), eps=1e-05, elementwise_affine=True)
      )
      (3): TransformerEncoderLayer(
        (self_attn): MultiheadAttention(
          (k_proj): Linear(in_features=512, out_features=512, bias=True)
          (v_proj): Linear(in_features=512, out_features=512, bias=True)
          (q_proj): Linear(in_features=512, out_features=512, bias=True)
          (out_proj): Linear(in_features=512, out_features=512, bias=True)
        )
        (self_attn_layer_norm): LayerNorm((512,), eps=1e-05, elementwise_affine=True)
        (fc1): Linear(in_features=512, out_features=2048, bias=True)
        (fc2): Linear(in_features=2048, out_features=512, bias=True)
        (final_layer_norm): LayerNorm((512,), eps=1e-05, elementwise_affine=True)
      )
      (4): TransformerEncoderLayer(
        (self_attn): MultiheadAttention(
          (k_proj): Linear(in_features=512, out_features=512, bias=True)
          (v_proj): Linear(in_features=512, out_features=512, bias=True)
          (q_proj): Linear(in_features=512, out_features=512, bias=True)
          (out_proj): Linear(in_features=512, out_features=512, bias=True)
        )
        (self_attn_layer_norm): LayerNorm((512,), eps=1e-05, elementwise_affine=True)
        (fc1): Linear(in_features=512, out_features=2048, bias=True)
        (fc2): Linear(in_features=2048, out_features=512, bias=True)
        (final_layer_norm): LayerNorm((512,), eps=1e-05, elementwise_affine=True)
      )
    )
    (layer_norm): LayerNorm((512,), eps=1e-05, elementwise_affine=True)
  )
  (decoder): TransformerDecoder(
    (embed_tokens): Embedding(4672, 512, padding_idx=1)
    (embed_positions): SinusoidalPositionalEmbedding()
    (layers): ModuleList(
      (0): TransformerDecoderLayer(
        (self_attn): MultiheadAttention(
          (k_proj): Linear(in_features=512, out_features=512, bias=True)
          (v_proj): Linear(in_features=512, out_features=512, bias=True)
          (q_proj): Linear(in_features=512, out_features=512, bias=True)
          (out_proj): Linear(in_features=512, out_features=512, bias=True)
        )
        (self_attn_layer_norm): LayerNorm((512,), eps=1e-05, elementwise_affine=True)
        (encoder_attn): MultiheadAttention(
          (k_proj): Linear(in_features=512, out_features=512, bias=True)
          (v_proj): Linear(in_features=512, out_features=512, bias=True)
          (q_proj): Linear(in_features=512, out_features=512, bias=True)
          (out_proj): Linear(in_features=512, out_features=512, bias=True)
        )
        (encoder_attn_layer_norm): LayerNorm((512,), eps=1e-05, elementwise_affine=True)
        (fc1): Linear(in_features=512, out_features=2048, bias=True)
        (fc2): Linear(in_features=2048, out_features=512, bias=True)
        (final_layer_norm): LayerNorm((512,), eps=1e-05, elementwise_affine=True)
      )
      (1): TransformerDecoderLayer(
        (self_attn): MultiheadAttention(
          (k_proj): Linear(in_features=512, out_features=512, bias=True)
          (v_proj): Linear(in_features=512, out_features=512, bias=True)
          (q_proj): Linear(in_features=512, out_features=512, bias=True)
          (out_proj): Linear(in_features=512, out_features=512, bias=True)
        )
        (self_attn_layer_norm): LayerNorm((512,), eps=1e-05, elementwise_affine=True)
        (encoder_attn): MultiheadAttention(
          (k_proj): Linear(in_features=512, out_features=512, bias=True)
          (v_proj): Linear(in_features=512, out_features=512, bias=True)
          (q_proj): Linear(in_features=512, out_features=512, bias=True)
          (out_proj): Linear(in_features=512, out_features=512, bias=True)
        )
        (encoder_attn_layer_norm): LayerNorm((512,), eps=1e-05, elementwise_affine=True)
        (fc1): Linear(in_features=512, out_features=2048, bias=True)
        (fc2): Linear(in_features=2048, out_features=512, bias=True)
        (final_layer_norm): LayerNorm((512,), eps=1e-05, elementwise_affine=True)
      )
      (2): TransformerDecoderLayer(
        (self_attn): MultiheadAttention(
          (k_proj): Linear(in_features=512, out_features=512, bias=True)
          (v_proj): Linear(in_features=512, out_features=512, bias=True)
          (q_proj): Linear(in_features=512, out_features=512, bias=True)
          (out_proj): Linear(in_features=512, out_features=512, bias=True)
        )
        (self_attn_layer_norm): LayerNorm((512,), eps=1e-05, elementwise_affine=True)
        (encoder_attn): MultiheadAttention(
          (k_proj): Linear(in_features=512, out_features=512, bias=True)
          (v_proj): Linear(in_features=512, out_features=512, bias=True)
          (q_proj): Linear(in_features=512, out_features=512, bias=True)
          (out_proj): Linear(in_features=512, out_features=512, bias=True)
        )
        (encoder_attn_layer_norm): LayerNorm((512,), eps=1e-05, elementwise_affine=True)
        (fc1): Linear(in_features=512, out_features=2048, bias=True)
        (fc2): Linear(in_features=2048, out_features=512, bias=True)
        (final_layer_norm): LayerNorm((512,), eps=1e-05, elementwise_affine=True)
      )
      (3): TransformerDecoderLayer(
        (self_attn): MultiheadAttention(
          (k_proj): Linear(in_features=512, out_features=512, bias=True)
          (v_proj): Linear(in_features=512, out_features=512, bias=True)
          (q_proj): Linear(in_features=512, out_features=512, bias=True)
          (out_proj): Linear(in_features=512, out_features=512, bias=True)
        )
        (self_attn_layer_norm): LayerNorm((512,), eps=1e-05, elementwise_affine=True)
        (encoder_attn): MultiheadAttention(
          (k_proj): Linear(in_features=512, out_features=512, bias=True)
          (v_proj): Linear(in_features=512, out_features=512, bias=True)
          (q_proj): Linear(in_features=512, out_features=512, bias=True)
          (out_proj): Linear(in_features=512, out_features=512, bias=True)
        )
        (encoder_attn_layer_norm): LayerNorm((512,), eps=1e-05, elementwise_affine=True)
        (fc1): Linear(in_features=512, out_features=2048, bias=True)
        (fc2): Linear(in_features=2048, out_features=512, bias=True)
        (final_layer_norm): LayerNorm((512,), eps=1e-05, elementwise_affine=True)
      )
      (4): TransformerDecoderLayer(
        (self_attn): MultiheadAttention(
          (k_proj): Linear(in_features=512, out_features=512, bias=True)
          (v_proj): Linear(in_features=512, out_features=512, bias=True)
          (q_proj): Linear(in_features=512, out_features=512, bias=True)
          (out_proj): Linear(in_features=512, out_features=512, bias=True)
        )
        (self_attn_layer_norm): LayerNorm((512,), eps=1e-05, elementwise_affine=True)
        (encoder_attn): MultiheadAttention(
          (k_proj): Linear(in_features=512, out_features=512, bias=True)
          (v_proj): Linear(in_features=512, out_features=512, bias=True)
          (q_proj): Linear(in_features=512, out_features=512, bias=True)
          (out_proj): Linear(in_features=512, out_features=512, bias=True)
        )
        (encoder_attn_layer_norm): LayerNorm((512,), eps=1e-05, elementwise_affine=True)
        (fc1): Linear(in_features=512, out_features=2048, bias=True)
        (fc2): Linear(in_features=2048, out_features=512, bias=True)
        (final_layer_norm): LayerNorm((512,), eps=1e-05, elementwise_affine=True)
      )
    )
    (layer_norm): LayerNorm((512,), eps=1e-05, elementwise_affine=True)
  )
)
| model transformer, criterion LabelSmoothedCrossEntropyCriterion
| num. model params: 39176192 (num. trained: 39176192)
| training on 1 GPUs
| max tokens per GPU = 4000 and max sentences per GPU = None
| no existing checkpoint found ./checkpoints/2020-07-14T17-58-04-00-exp444-morsel-si-seed14/checkpoints_en_si/checkpoint_last.pt
| loading train data for epoch 0
| loaded 646781 examples from: data-bin/wiki_si_en_morsel/train.si-en.en
| loaded 646781 examples from: data-bin/wiki_si_en_morsel/train.si-en.si
| data-bin/wiki_si_en_morsel/ train en-si 646781 examples
| WARNING: 1 samples have invalid sizes and will be skipped, max_positions=(1024, 1024), first few sample ids=[23048]
| WARNING: overflow detected, setting loss scale to: 64.0
| WARNING: overflow detected, setting loss scale to: 32.0
| WARNING: overflow detected, setting loss scale to: 16.0
| epoch 001 | loss 9.603 | nll_loss 8.587 | ppl 384.51 | wps 58071 | ups 4 | wpb 14143.297 | bsz 1123.084 | num_updates 572 | lr 0.000143086 | gnorm 0.788 | clip 1.000 | oom 0.000 | loss_scale 16.000 | wall 139 | train_wall 104
| epoch 001 | valid on 'valid' subset | loss 9.784 | nll_loss 8.705 | ppl 417.41 | num_updates 572
| epoch 002 | loss 7.771 | nll_loss 6.152 | ppl 71.11 | wps 61843 | ups 4 | wpb 14145.155 | bsz 1124.835 | num_updates 1147 | lr 0.000286821 | gnorm 0.488 | clip 1.000 | oom 0.000 | loss_scale 16.000 | wall 272 | train_wall 206
| epoch 002 | valid on 'valid' subset | loss 8.941 | nll_loss 7.505 | ppl 181.71 | num_updates 1147
| epoch 003 | loss 7.100 | nll_loss 5.274 | ppl 38.69 | wps 60993 | ups 4 | wpb 14145.155 | bsz 1124.835 | num_updates 1722 | lr 0.000430557 | gnorm 0.399 | clip 1.000 | oom 0.000 | loss_scale 16.000 | wall 406 | train_wall 311
| epoch 003 | valid on 'valid' subset | loss 8.524 | nll_loss 6.936 | ppl 122.41 | num_updates 1722
| epoch 004 | loss 6.724 | nll_loss 4.783 | ppl 27.53 | wps 61313 | ups 4 | wpb 14145.155 | bsz 1124.835 | num_updates 2297 | lr 0.000574293 | gnorm 0.375 | clip 1.000 | oom 0.000 | loss_scale 16.000 | wall 539 | train_wall 414
| epoch 004 | valid on 'valid' subset | loss 8.234 | nll_loss 6.525 | ppl 92.07 | num_updates 2297
| epoch 005 | loss 6.458 | nll_loss 4.438 | ppl 21.67 | wps 61252 | ups 4 | wpb 14145.155 | bsz 1124.835 | num_updates 2872 | lr 0.000718028 | gnorm 0.348 | clip 1.000 | oom 0.000 | loss_scale 16.000 | wall 673 | train_wall 518
| epoch 005 | valid on 'valid' subset | loss 7.966 | nll_loss 6.152 | ppl 71.09 | num_updates 2872
| WARNING: overflow detected, setting loss scale to: 8.0
| epoch 006 | loss 6.273 | nll_loss 4.199 | ppl 18.37 | wps 62196 | ups 4 | wpb 14144.436 | bsz 1122.334 | num_updates 3446 | lr 0.000861514 | gnorm 0.325 | clip 1.000 | oom 0.000 | loss_scale 8.000 | wall 804 | train_wall 620
| epoch 006 | valid on 'valid' subset | loss 7.787 | nll_loss 5.875 | ppl 58.69 | num_updates 3446
| epoch 007 | loss 6.144 | nll_loss 4.032 | ppl 16.36 | wps 61685 | ups 4 | wpb 14145.155 | bsz 1124.835 | num_updates 4021 | lr 0.000997385 | gnorm 0.303 | clip 1.000 | oom 0.000 | loss_scale 8.000 | wall 937 | train_wall 722
| epoch 007 | valid on 'valid' subset | loss 7.673 | nll_loss 5.712 | ppl 52.42 | num_updates 4021
| epoch 008 | loss 6.037 | nll_loss 3.896 | ppl 14.89 | wps 62319 | ups 4 | wpb 14145.155 | bsz 1124.835 | num_updates 4596 | lr 0.000932911 | gnorm 0.278 | clip 1.000 | oom 0.000 | loss_scale 8.000 | wall 1068 | train_wall 825
| epoch 008 | valid on 'valid' subset | loss 7.570 | nll_loss 5.559 | ppl 47.14 | num_updates 4596
| epoch 009 | loss 5.938 | nll_loss 3.770 | ppl 13.64 | wps 61401 | ups 4 | wpb 14145.155 | bsz 1124.835 | num_updates 5171 | lr 0.000879514 | gnorm 0.260 | clip 1.000 | oom 0.000 | loss_scale 8.000 | wall 1202 | train_wall 927
| epoch 009 | valid on 'valid' subset | loss 7.451 | nll_loss 5.405 | ppl 42.38 | num_updates 5171
| epoch 010 | loss 5.861 | nll_loss 3.671 | ppl 12.74 | wps 59501 | ups 4 | wpb 14145.155 | bsz 1124.835 | num_updates 5746 | lr 0.000834348 | gnorm 0.242 | clip 1.000 | oom 0.000 | loss_scale 8.000 | wall 1339 | train_wall 1034
| epoch 010 | valid on 'valid' subset | loss 7.324 | nll_loss 5.217 | ppl 37.19 | num_updates 5746
| saved checkpoint ./checkpoints/2020-07-14T17-58-04-00-exp444-morsel-si-seed14/checkpoints_en_si/checkpoint10.pt (epoch 10 @ 5746 updates) (writing took 0.8850412368774414 seconds)
| epoch 011 | loss 5.800 | nll_loss 3.594 | ppl 12.08 | wps 55212 | ups 4 | wpb 14145.155 | bsz 1124.835 | num_updates 6321 | lr 0.000795494 | gnorm 0.233 | clip 1.000 | oom 0.000 | loss_scale 8.000 | wall 1489 | train_wall 1148
| epoch 011 | valid on 'valid' subset | loss 7.261 | nll_loss 5.126 | ppl 34.92 | num_updates 6321 | best_loss 7.26079
| epoch 012 | loss 5.750 | nll_loss 3.530 | ppl 11.55 | wps 55882 | ups 4 | wpb 14145.155 | bsz 1124.835 | num_updates 6896 | lr 0.000761608 | gnorm 0.225 | clip 1.000 | oom 0.000 | loss_scale 8.000 | wall 1635 | train_wall 1261
| epoch 012 | valid on 'valid' subset | loss 7.177 | nll_loss 5.026 | ppl 32.57 | num_updates 6896 | best_loss 7.17664
| epoch 013 | loss 5.710 | nll_loss 3.478 | ppl 11.15 | wps 53576 | ups 4 | wpb 14145.155 | bsz 1124.835 | num_updates 7471 | lr 0.000731713 | gnorm 0.222 | clip 1.000 | oom 0.000 | loss_scale 16.000 | wall 1788 | train_wall 1377
| epoch 013 | valid on 'valid' subset | loss 7.195 | nll_loss 5.042 | ppl 32.95 | num_updates 7471 | best_loss 7.1947
| epoch 014 | loss 5.674 | nll_loss 3.434 | ppl 10.81 | wps 49916 | ups 4 | wpb 14145.155 | bsz 1124.835 | num_updates 8046 | lr 0.000705083 | gnorm 0.214 | clip 1.000 | oom 0.000 | loss_scale 16.000 | wall 1952 | train_wall 1503
| epoch 014 | valid on 'valid' subset | loss 7.145 | nll_loss 4.963 | ppl 31.2 | num_updates 8046 | best_loss 7.14472
| epoch 015 | loss 5.644 | nll_loss 3.395 | ppl 10.52 | wps 44979 | ups 3 | wpb 14145.155 | bsz 1124.835 | num_updates 8621 | lr 0.000681163 | gnorm 0.209 | clip 1.000 | oom 0.000 | loss_scale 16.000 | wall 2134 | train_wall 1642
| epoch 015 | valid on 'valid' subset | loss 7.097 | nll_loss 4.887 | ppl 29.6 | num_updates 8621 | best_loss 7.09687
| epoch 016 | loss 5.618 | nll_loss 3.362 | ppl 10.28 | wps 45642 | ups 3 | wpb 14145.155 | bsz 1124.835 | num_updates 9196 | lr 0.000659524 | gnorm 0.207 | clip 1.000 | oom 0.000 | loss_scale 16.000 | wall 2314 | train_wall 1780
| epoch 016 | valid on 'valid' subset | loss 7.056 | nll_loss 4.825 | ppl 28.35 | num_updates 9196 | best_loss 7.05555
| epoch 017 | loss 5.596 | nll_loss 3.333 | ppl 10.08 | wps 46139 | ups 3 | wpb 14145.155 | bsz 1124.835 | num_updates 9771 | lr 0.000639824 | gnorm 0.205 | clip 1.000 | oom 0.000 | loss_scale 16.000 | wall 2492 | train_wall 1916
| epoch 017 | valid on 'valid' subset | loss 7.027 | nll_loss 4.812 | ppl 28.08 | num_updates 9771 | best_loss 7.02735
| epoch 018 | loss 5.573 | nll_loss 3.305 | ppl 9.88 | wps 45389 | ups 3 | wpb 14145.155 | bsz 1124.835 | num_updates 10346 | lr 0.00062179 | gnorm 0.202 | clip 1.000 | oom 0.000 | loss_scale 16.000 | wall 2673 | train_wall 2055
| epoch 018 | valid on 'valid' subset | loss 6.996 | nll_loss 4.753 | ppl 26.96 | num_updates 10346 | best_loss 6.99567
| epoch 019 | loss 5.554 | nll_loss 3.280 | ppl 9.71 | wps 46366 | ups 3 | wpb 14145.155 | bsz 1124.835 | num_updates 10921 | lr 0.0006052 | gnorm 0.200 | clip 1.000 | oom 0.000 | loss_scale 16.000 | wall 2850 | train_wall 2190
| epoch 019 | valid on 'valid' subset | loss 6.978 | nll_loss 4.737 | ppl 26.67 | num_updates 10921 | best_loss 6.97849
| epoch 020 | loss 5.536 | nll_loss 3.257 | ppl 9.56 | wps 46513 | ups 3 | wpb 14145.155 | bsz 1124.835 | num_updates 11496 | lr 0.00058987 | gnorm 0.198 | clip 1.000 | oom 0.000 | loss_scale 32.000 | wall 3026 | train_wall 2326
| epoch 020 | valid on 'valid' subset | loss 6.958 | nll_loss 4.704 | ppl 26.06 | num_updates 11496 | best_loss 6.95843
| saved checkpoint ./checkpoints/2020-07-14T17-58-04-00-exp444-morsel-si-seed14/checkpoints_en_si/checkpoint20.pt (epoch 20 @ 11496 updates) (writing took 1.4991531372070312 seconds)
| WARNING: overflow detected, setting loss scale to: 16.0
| epoch 021 | loss 5.520 | nll_loss 3.238 | ppl 9.43 | wps 48625 | ups 3 | wpb 14146.282 | bsz 1121.763 | num_updates 12070 | lr 0.000575674 | gnorm 0.196 | clip 1.000 | oom 0.000 | loss_scale 16.000 | wall 3196 | train_wall 2455
| epoch 021 | valid on 'valid' subset | loss 6.949 | nll_loss 4.715 | ppl 26.26 | num_updates 12070 | best_loss 6.94938
| epoch 022 | loss 5.505 | nll_loss 3.218 | ppl 9.31 | wps 48401 | ups 3 | wpb 14145.155 | bsz 1124.835 | num_updates 12645 | lr 0.000562433 | gnorm 0.196 | clip 1.000 | oom 0.000 | loss_scale 16.000 | wall 3365 | train_wall 2585
| epoch 022 | valid on 'valid' subset | loss 6.892 | nll_loss 4.625 | ppl 24.68 | num_updates 12645 | best_loss 6.89193
| epoch 023 | loss 5.492 | nll_loss 3.201 | ppl 9.19 | wps 40395 | ups 3 | wpb 14145.155 | bsz 1124.835 | num_updates 13220 | lr 0.000550065 | gnorm 0.194 | clip 1.000 | oom 0.000 | loss_scale 16.000 | wall 3568 | train_wall 2739
| epoch 023 | valid on 'valid' subset | loss 6.919 | nll_loss 4.653 | ppl 25.16 | num_updates 13220 | best_loss 6.91879
| epoch 024 | loss 5.479 | nll_loss 3.185 | ppl 9.09 | wps 42355 | ups 3 | wpb 14145.155 | bsz 1124.835 | num_updates 13795 | lr 0.000538479 | gnorm 0.195 | clip 1.000 | oom 0.000 | loss_scale 16.000 | wall 3762 | train_wall 2889
| epoch 024 | valid on 'valid' subset | loss 6.885 | nll_loss 4.598 | ppl 24.22 | num_updates 13795 | best_loss 6.88471
| epoch 025 | loss 5.467 | nll_loss 3.169 | ppl 9 | wps 39579 | ups 3 | wpb 14145.155 | bsz 1124.835 | num_updates 14370 | lr 0.000527596 | gnorm 0.193 | clip 1.000 | oom 0.000 | loss_scale 16.000 | wall 3969 | train_wall 3047
| epoch 025 | valid on 'valid' subset | loss 6.892 | nll_loss 4.616 | ppl 24.53 | num_updates 14370 | best_loss 6.89178
| epoch 026 | loss 5.456 | nll_loss 3.155 | ppl 8.91 | wps 41259 | ups 3 | wpb 14145.155 | bsz 1124.835 | num_updates 14945 | lr 0.000517347 | gnorm 0.191 | clip 1.000 | oom 0.000 | loss_scale 16.000 | wall 4168 | train_wall 3200
| epoch 026 | valid on 'valid' subset | loss 6.870 | nll_loss 4.575 | ppl 23.84 | num_updates 14945 | best_loss 6.86973
| epoch 027 | loss 5.445 | nll_loss 3.142 | ppl 8.83 | wps 41000 | ups 3 | wpb 14145.155 | bsz 1124.835 | num_updates 15520 | lr 0.000507673 | gnorm 0.192 | clip 1.000 | oom 0.000 | loss_scale 16.000 | wall 4368 | train_wall 3352
| epoch 027 | valid on 'valid' subset | loss 6.870 | nll_loss 4.568 | ppl 23.73 | num_updates 15520 | best_loss 6.86988
| WARNING: overflow detected, setting loss scale to: 16.0
| epoch 028 | loss 5.436 | nll_loss 3.131 | ppl 8.76 | wps 43373 | ups 3 | wpb 14149.711 | bsz 1123.714 | num_updates 16094 | lr 0.000498538 | gnorm 0.192 | clip 1.000 | oom 0.000 | loss_scale 16.000 | wall 4557 | train_wall 3498
| epoch 028 | valid on 'valid' subset | loss 6.835 | nll_loss 4.534 | ppl 23.17 | num_updates 16094 | best_loss 6.83474
| epoch 029 | loss 5.426 | nll_loss 3.118 | ppl 8.68 | wps 45464 | ups 3 | wpb 14145.155 | bsz 1124.835 | num_updates 16669 | lr 0.000489864 | gnorm 0.189 | clip 1.000 | oom 0.000 | loss_scale 16.000 | wall 4738 | train_wall 3638
| epoch 029 | valid on 'valid' subset | loss 6.852 | nll_loss 4.552 | ppl 23.46 | num_updates 16669 | best_loss 6.85201
| epoch 030 | loss 5.417 | nll_loss 3.106 | ppl 8.61 | wps 45016 | ups 3 | wpb 14145.155 | bsz 1124.835 | num_updates 17244 | lr 0.000481627 | gnorm 0.189 | clip 1.000 | oom 0.000 | loss_scale 16.000 | wall 4920 | train_wall 3779
| epoch 030 | valid on 'valid' subset | loss 6.805 | nll_loss 4.489 | ppl 22.45 | num_updates 17244 | best_loss 6.80489
| saved checkpoint ./checkpoints/2020-07-14T17-58-04-00-exp444-morsel-si-seed14/checkpoints_en_si/checkpoint30.pt (epoch 30 @ 17244 updates) (writing took 1.5078470706939697 seconds)
| epoch 031 | loss 5.410 | nll_loss 3.097 | ppl 8.55 | wps 45845 | ups 3 | wpb 14145.155 | bsz 1124.835 | num_updates 17819 | lr 0.000473793 | gnorm 0.189 | clip 1.000 | oom 0.000 | loss_scale 16.000 | wall 5100 | train_wall 3916
| epoch 031 | valid on 'valid' subset | loss 6.810 | nll_loss 4.497 | ppl 22.58 | num_updates 17819 | best_loss 6.80489
| epoch 032 | loss 5.401 | nll_loss 3.086 | ppl 8.49 | wps 44532 | ups 3 | wpb 14145.155 | bsz 1124.835 | num_updates 18394 | lr 0.000466328 | gnorm 0.188 | clip 1.000 | oom 0.000 | loss_scale 16.000 | wall 5285 | train_wall 4059
| epoch 032 | valid on 'valid' subset | loss 6.789 | nll_loss 4.473 | ppl 22.21 | num_updates 18394 | best_loss 6.78933
| epoch 033 | loss 5.394 | nll_loss 3.077 | ppl 8.44 | wps 43868 | ups 3 | wpb 14145.155 | bsz 1124.835 | num_updates 18969 | lr 0.000459206 | gnorm 0.187 | clip 1.000 | oom 0.000 | loss_scale 16.000 | wall 5471 | train_wall 4203
| epoch 033 | valid on 'valid' subset | loss 6.792 | nll_loss 4.478 | ppl 22.28 | num_updates 18969 | best_loss 6.79161
| epoch 034 | loss 5.387 | nll_loss 3.068 | ppl 8.38 | wps 43537 | ups 3 | wpb 14145.155 | bsz 1124.835 | num_updates 19544 | lr 0.000452401 | gnorm 0.188 | clip 1.000 | oom 0.000 | loss_scale 16.000 | wall 5660 | train_wall 4348
| epoch 034 | valid on 'valid' subset | loss 6.786 | nll_loss 4.465 | ppl 22.08 | num_updates 19544 | best_loss 6.7859
| epoch 035 | loss 5.380 | nll_loss 3.059 | ppl 8.33 | wps 43719 | ups 3 | wpb 14145.155 | bsz 1124.835 | num_updates 20119 | lr 0.000445889 | gnorm 0.189 | clip 1.000 | oom 0.000 | loss_scale 32.000 | wall 5848 | train_wall 4493
| epoch 035 | valid on 'valid' subset | loss 6.781 | nll_loss 4.469 | ppl 22.14 | num_updates 20119 | best_loss 6.78096
| epoch 036 | loss 5.373 | nll_loss 3.050 | ppl 8.28 | wps 45111 | ups 3 | wpb 14145.155 | bsz 1124.835 | num_updates 20694 | lr 0.000439651 | gnorm 0.187 | clip 1.000 | oom 0.000 | loss_scale 32.000 | wall 6030 | train_wall 4632
| epoch 036 | valid on 'valid' subset | loss 6.781 | nll_loss 4.452 | ppl 21.89 | num_updates 20694 | best_loss 6.78141
| WARNING: overflow detected, setting loss scale to: 16.0
| epoch 037 | loss 5.367 | nll_loss 3.042 | ppl 8.24 | wps 43517 | ups 3 | wpb 14147.188 | bsz 1122.669 | num_updates 21268 | lr 0.000433677 | gnorm 0.186 | clip 1.000 | oom 0.000 | loss_scale 16.000 | wall 6218 | train_wall 4778
| epoch 037 | valid on 'valid' subset | loss 6.746 | nll_loss 4.415 | ppl 21.33 | num_updates 21268 | best_loss 6.74593
| epoch 038 | loss 5.361 | nll_loss 3.035 | ppl 8.2 | wps 44013 | ups 3 | wpb 14145.155 | bsz 1124.835 | num_updates 21843 | lr 0.000427931 | gnorm 0.187 | clip 1.000 | oom 0.000 | loss_scale 16.000 | wall 6405 | train_wall 4923
| epoch 038 | valid on 'valid' subset | loss 6.756 | nll_loss 4.429 | ppl 21.54 | num_updates 21843 | best_loss 6.75569
| epoch 039 | loss 5.356 | nll_loss 3.028 | ppl 8.16 | wps 43303 | ups 3 | wpb 14145.155 | bsz 1124.835 | num_updates 22418 | lr 0.000422407 | gnorm 0.187 | clip 1.000 | oom 0.000 | loss_scale 16.000 | wall 6594 | train_wall 5071
| epoch 039 | valid on 'valid' subset | loss 6.745 | nll_loss 4.416 | ppl 21.34 | num_updates 22418 | best_loss 6.74532
| epoch 040 | loss 5.350 | nll_loss 3.020 | ppl 8.11 | wps 45015 | ups 3 | wpb 14145.155 | bsz 1124.835 | num_updates 22993 | lr 0.000417092 | gnorm 0.187 | clip 1.000 | oom 0.000 | loss_scale 16.000 | wall 6777 | train_wall 5213
| epoch 040 | valid on 'valid' subset | loss 6.742 | nll_loss 4.409 | ppl 21.24 | num_updates 22993 | best_loss 6.74224
| saved checkpoint ./checkpoints/2020-07-14T17-58-04-00-exp444-morsel-si-seed14/checkpoints_en_si/checkpoint40.pt (epoch 40 @ 22993 updates) (writing took 1.4326121807098389 seconds)
| epoch 041 | loss 5.345 | nll_loss 3.015 | ppl 8.08 | wps 47562 | ups 3 | wpb 14145.155 | bsz 1124.835 | num_updates 23568 | lr 0.000411973 | gnorm 0.188 | clip 1.000 | oom 0.000 | loss_scale 16.000 | wall 6951 | train_wall 5346
| epoch 041 | valid on 'valid' subset | loss 6.738 | nll_loss 4.419 | ppl 21.39 | num_updates 23568 | best_loss 6.73793
| epoch 042 | loss 5.339 | nll_loss 3.007 | ppl 8.04 | wps 51007 | ups 4 | wpb 14145.155 | bsz 1124.835 | num_updates 24143 | lr 0.000407037 | gnorm 0.187 | clip 1.000 | oom 0.000 | loss_scale 16.000 | wall 7111 | train_wall 5469
| epoch 042 | valid on 'valid' subset | loss 6.747 | nll_loss 4.414 | ppl 21.31 | num_updates 24143 | best_loss 6.74224
| epoch 043 | loss 5.333 | nll_loss 3.000 | ppl 8 | wps 51952 | ups 4 | wpb 14145.155 | bsz 1124.835 | num_updates 24718 | lr 0.000402275 | gnorm 0.185 | clip 1.000 | oom 0.000 | loss_scale 16.000 | wall 7269 | train_wall 5591
| epoch 043 | valid on 'valid' subset | loss 6.707 | nll_loss 4.365 | ppl 20.6 | num_updates 24718 | best_loss 6.70715
| epoch 044 | loss 5.329 | nll_loss 2.994 | ppl 7.97 | wps 52953 | ups 4 | wpb 14145.155 | bsz 1124.835 | num_updates 25293 | lr 0.000397676 | gnorm 0.186 | clip 1.000 | oom 0.000 | loss_scale 32.000 | wall 7424 | train_wall 5710
| epoch 044 | valid on 'valid' subset | loss 6.697 | nll_loss 4.358 | ppl 20.51 | num_updates 25293 | best_loss 6.69739
| WARNING: overflow detected, setting loss scale to: 16.0
| epoch 045 | loss 5.325 | nll_loss 2.989 | ppl 7.94 | wps 55090 | ups 4 | wpb 14145.767 | bsz 1122.251 | num_updates 25867 | lr 0.000393239 | gnorm 0.185 | clip 1.000 | oom 0.000 | loss_scale 16.000 | wall 7573 | train_wall 5825
| epoch 045 | valid on 'valid' subset | loss 6.715 | nll_loss 4.380 | ppl 20.82 | num_updates 25867 | best_loss 6.71495
| epoch 046 | loss 5.320 | nll_loss 2.983 | ppl 7.9 | wps 57569 | ups 4 | wpb 14145.155 | bsz 1124.835 | num_updates 26442 | lr 0.00038894 | gnorm 0.187 | clip 1.000 | oom 0.000 | loss_scale 16.000 | wall 7715 | train_wall 5934
| epoch 046 | valid on 'valid' subset | loss 6.693 | nll_loss 4.345 | ppl 20.32 | num_updates 26442 | best_loss 6.6927
| epoch 047 | loss 5.316 | nll_loss 2.977 | ppl 7.87 | wps 59974 | ups 4 | wpb 14145.155 | bsz 1124.835 | num_updates 27017 | lr 0.000384779 | gnorm 0.187 | clip 1.000 | oom 0.000 | loss_scale 16.000 | wall 7851 | train_wall 6039
| epoch 047 | valid on 'valid' subset | loss 6.685 | nll_loss 4.346 | ppl 20.34 | num_updates 27017 | best_loss 6.68483
| epoch 048 | loss 5.311 | nll_loss 2.971 | ppl 7.84 | wps 57232 | ups 4 | wpb 14145.155 | bsz 1124.835 | num_updates 27592 | lr 0.000380749 | gnorm 0.185 | clip 1.000 | oom 0.000 | loss_scale 16.000 | wall 7994 | train_wall 6149
| epoch 048 | valid on 'valid' subset | loss 6.688 | nll_loss 4.340 | ppl 20.26 | num_updates 27592 | best_loss 6.6879
| epoch 049 | loss 5.307 | nll_loss 2.966 | ppl 7.81 | wps 59408 | ups 4 | wpb 14145.155 | bsz 1124.835 | num_updates 28167 | lr 0.000376842 | gnorm 0.184 | clip 1.000 | oom 0.000 | loss_scale 16.000 | wall 8132 | train_wall 6255
| epoch 049 | valid on 'valid' subset | loss 6.673 | nll_loss 4.326 | ppl 20.05 | num_updates 28167 | best_loss 6.67326
| epoch 050 | loss 5.303 | nll_loss 2.961 | ppl 7.79 | wps 57862 | ups 4 | wpb 14145.155 | bsz 1124.835 | num_updates 28742 | lr 0.000373054 | gnorm 0.185 | clip 1.000 | oom 0.000 | loss_scale 16.000 | wall 8274 | train_wall 6365
| epoch 050 | valid on 'valid' subset | loss 6.680 | nll_loss 4.324 | ppl 20.02 | num_updates 28742 | best_loss 6.68021
| saved checkpoint ./checkpoints/2020-07-14T17-58-04-00-exp444-morsel-si-seed14/checkpoints_en_si/checkpoint50.pt (epoch 50 @ 28742 updates) (writing took 1.2000682353973389 seconds)
| epoch 051 | loss 5.300 | nll_loss 2.957 | ppl 7.76 | wps 60522 | ups 4 | wpb 14145.155 | bsz 1124.835 | num_updates 29317 | lr 0.000369377 | gnorm 0.184 | clip 1.000 | oom 0.000 | loss_scale 16.000 | wall 8410 | train_wall 6470
| epoch 051 | valid on 'valid' subset | loss 6.665 | nll_loss 4.305 | ppl 19.77 | num_updates 29317 | best_loss 6.66461
| epoch 052 | loss 5.296 | nll_loss 2.952 | ppl 7.74 | wps 58359 | ups 4 | wpb 14145.155 | bsz 1124.835 | num_updates 29892 | lr 0.000365807 | gnorm 0.187 | clip 1.000 | oom 0.000 | loss_scale 32.000 | wall 8551 | train_wall 6576
| epoch 052 | valid on 'valid' subset | loss 6.694 | nll_loss 4.350 | ppl 20.39 | num_updates 29892 | best_loss 6.68021
| epoch 053 | loss 5.292 | nll_loss 2.947 | ppl 7.71 | wps 58697 | ups 4 | wpb 14145.155 | bsz 1124.835 | num_updates 30467 | lr 0.000362339 | gnorm 0.187 | clip 1.000 | oom 0.000 | loss_scale 32.000 | wall 8690 | train_wall 6683
| epoch 053 | valid on 'valid' subset | loss 6.669 | nll_loss 4.326 | ppl 20.05 | num_updates 30467 | best_loss 6.66876
| epoch 054 | loss 5.289 | nll_loss 2.942 | ppl 7.69 | wps 58674 | ups 4 | wpb 14145.155 | bsz 1124.835 | num_updates 31042 | lr 0.000358968 | gnorm 0.186 | clip 1.000 | oom 0.000 | loss_scale 32.000 | wall 8830 | train_wall 6789
| epoch 054 | valid on 'valid' subset | loss 6.663 | nll_loss 4.320 | ppl 19.97 | num_updates 31042 | best_loss 6.66341
| epoch 055 | loss 5.285 | nll_loss 2.938 | ppl 7.67 | wps 57990 | ups 4 | wpb 14145.155 | bsz 1124.835 | num_updates 31617 | lr 0.000355688 | gnorm 0.185 | clip 1.000 | oom 0.000 | loss_scale 32.000 | wall 8971 | train_wall 6896
| epoch 055 | valid on 'valid' subset | loss 6.637 | nll_loss 4.276 | ppl 19.37 | num_updates 31617 | best_loss 6.63681
| WARNING: overflow detected, setting loss scale to: 16.0
| epoch 056 | loss 5.282 | nll_loss 2.934 | ppl 7.64 | wps 59433 | ups 4 | wpb 14145.613 | bsz 1121.345 | num_updates 32191 | lr 0.000352503 | gnorm 0.184 | clip 1.000 | oom 0.000 | loss_scale 16.000 | wall 9108 | train_wall 7001
| epoch 056 | valid on 'valid' subset | loss 6.668 | nll_loss 4.323 | ppl 20.02 | num_updates 32191 | best_loss 6.66776
| epoch 057 | loss 5.278 | nll_loss 2.929 | ppl 7.62 | wps 56262 | ups 4 | wpb 14145.155 | bsz 1124.835 | num_updates 32766 | lr 0.000349396 | gnorm 0.184 | clip 1.000 | oom 0.000 | loss_scale 16.000 | wall 9254 | train_wall 7113
| epoch 057 | valid on 'valid' subset | loss 6.685 | nll_loss 4.344 | ppl 20.31 | num_updates 32766 | best_loss 6.68021
| epoch 058 | loss 5.275 | nll_loss 2.926 | ppl 7.6 | wps 53045 | ups 4 | wpb 14145.155 | bsz 1124.835 | num_updates 33341 | lr 0.00034637 | gnorm 0.187 | clip 1.000 | oom 0.000 | loss_scale 16.000 | wall 9408 | train_wall 7231
| epoch 058 | valid on 'valid' subset | loss 6.656 | nll_loss 4.304 | ppl 19.75 | num_updates 33341 | best_loss 6.65642
| epoch 059 | loss 5.272 | nll_loss 2.921 | ppl 7.57 | wps 52883 | ups 4 | wpb 14145.155 | bsz 1124.835 | num_updates 33916 | lr 0.000343422 | gnorm 0.186 | clip 1.000 | oom 0.000 | loss_scale 16.000 | wall 9563 | train_wall 7349
| epoch 059 | valid on 'valid' subset | loss 6.614 | nll_loss 4.251 | ppl 19.04 | num_updates 33916 | best_loss 6.61364
| epoch 060 | loss 5.269 | nll_loss 2.917 | ppl 7.55 | wps 53284 | ups 4 | wpb 14145.155 | bsz 1124.835 | num_updates 34491 | lr 0.000340547 | gnorm 0.185 | clip 1.000 | oom 0.000 | loss_scale 16.000 | wall 9717 | train_wall 7467
| epoch 060 | valid on 'valid' subset | loss 6.635 | nll_loss 4.274 | ppl 19.35 | num_updates 34491 | best_loss 6.63518
| saved checkpoint ./checkpoints/2020-07-14T17-58-04-00-exp444-morsel-si-seed14/checkpoints_en_si/checkpoint60.pt (epoch 60 @ 34491 updates) (writing took 1.2243781089782715 seconds)
| epoch 061 | loss 5.266 | nll_loss 2.914 | ppl 7.54 | wps 52734 | ups 4 | wpb 14145.155 | bsz 1124.835 | num_updates 35066 | lr 0.000337743 | gnorm 0.187 | clip 1.000 | oom 0.000 | loss_scale 16.000 | wall 9874 | train_wall 7586
| epoch 061 | valid on 'valid' subset | loss 6.636 | nll_loss 4.277 | ppl 19.39 | num_updates 35066 | best_loss 6.63518
| epoch 062 | loss 5.263 | nll_loss 2.910 | ppl 7.52 | wps 52875 | ups 4 | wpb 14145.155 | bsz 1124.835 | num_updates 35641 | lr 0.000335008 | gnorm 0.185 | clip 1.000 | oom 0.000 | loss_scale 16.000 | wall 10028 | train_wall 7704
| epoch 062 | valid on 'valid' subset | loss 6.649 | nll_loss 4.289 | ppl 19.55 | num_updates 35641 | best_loss 6.63518
| epoch 063 | loss 5.260 | nll_loss 2.906 | ppl 7.5 | wps 52253 | ups 4 | wpb 14145.155 | bsz 1124.835 | num_updates 36216 | lr 0.000332338 | gnorm 0.184 | clip 1.000 | oom 0.000 | loss_scale 32.000 | wall 10185 | train_wall 7822
| epoch 063 | valid on 'valid' subset | loss 6.625 | nll_loss 4.258 | ppl 19.13 | num_updates 36216 | best_loss 6.62454
| epoch 064 | loss 5.257 | nll_loss 2.902 | ppl 7.48 | wps 53458 | ups 4 | wpb 14145.155 | bsz 1124.835 | num_updates 36791 | lr 0.000329731 | gnorm 0.184 | clip 1.000 | oom 0.000 | loss_scale 32.000 | wall 10338 | train_wall 7940
| epoch 064 | valid on 'valid' subset | loss 6.616 | nll_loss 4.251 | ppl 19.04 | num_updates 36791 | best_loss 6.61565
| epoch 065 | loss 5.255 | nll_loss 2.900 | ppl 7.46 | wps 53917 | ups 4 | wpb 14145.155 | bsz 1124.835 | num_updates 37366 | lr 0.000327184 | gnorm 0.188 | clip 1.000 | oom 0.000 | loss_scale 32.000 | wall 10490 | train_wall 8056
| epoch 065 | valid on 'valid' subset | loss 6.606 | nll_loss 4.244 | ppl 18.95 | num_updates 37366 | best_loss 6.60581
| epoch 066 | loss 5.252 | nll_loss 2.896 | ppl 7.44 | wps 52843 | ups 4 | wpb 14145.155 | bsz 1124.835 | num_updates 37941 | lr 0.000324695 | gnorm 0.185 | clip 1.000 | oom 0.000 | loss_scale 32.000 | wall 10645 | train_wall 8174
| epoch 066 | valid on 'valid' subset | loss 6.606 | nll_loss 4.242 | ppl 18.92 | num_updates 37941 | best_loss 6.60615
| WARNING: overflow detected, setting loss scale to: 16.0
| epoch 067 | loss 5.250 | nll_loss 2.894 | ppl 7.43 | wps 52786 | ups 4 | wpb 14145.404 | bsz 1121.094 | num_updates 38515 | lr 0.000322266 | gnorm 0.187 | clip 1.000 | oom 0.000 | loss_scale 16.000 | wall 10800 | train_wall 8292
| epoch 067 | valid on 'valid' subset | loss 6.612 | nll_loss 4.247 | ppl 18.99 | num_updates 38515 | best_loss 6.61192
| epoch 068 | loss 5.247 | nll_loss 2.889 | ppl 7.41 | wps 52714 | ups 4 | wpb 14145.155 | bsz 1124.835 | num_updates 39090 | lr 0.000319887 | gnorm 0.187 | clip 1.000 | oom 0.000 | loss_scale 16.000 | wall 10956 | train_wall 8411
| epoch 068 | valid on 'valid' subset | loss 6.609 | nll_loss 4.240 | ppl 18.9 | num_updates 39090 | best_loss 6.60903
| epoch 069 | loss 5.244 | nll_loss 2.886 | ppl 7.39 | wps 52020 | ups 4 | wpb 14145.155 | bsz 1124.835 | num_updates 39665 | lr 0.00031756 | gnorm 0.187 | clip 1.000 | oom 0.000 | loss_scale 16.000 | wall 11113 | train_wall 8532
| epoch 069 | valid on 'valid' subset | loss 6.604 | nll_loss 4.245 | ppl 18.96 | num_updates 39665 | best_loss 6.60393
| epoch 070 | loss 5.242 | nll_loss 2.884 | ppl 7.38 | wps 52131 | ups 4 | wpb 14145.155 | bsz 1124.835 | num_updates 40240 | lr 0.000315283 | gnorm 0.187 | clip 1.000 | oom 0.000 | loss_scale 16.000 | wall 11270 | train_wall 8652
| epoch 070 | valid on 'valid' subset | loss 6.606 | nll_loss 4.235 | ppl 18.83 | num_updates 40240 | best_loss 6.60629
| saved checkpoint ./checkpoints/2020-07-14T17-58-04-00-exp444-morsel-si-seed14/checkpoints_en_si/checkpoint70.pt (epoch 70 @ 40240 updates) (writing took 1.3167345523834229 seconds)
| epoch 071 | loss 5.239 | nll_loss 2.880 | ppl 7.36 | wps 51216 | ups 4 | wpb 14145.155 | bsz 1124.835 | num_updates 40815 | lr 0.000313055 | gnorm 0.187 | clip 1.000 | oom 0.000 | loss_scale 16.000 | wall 11432 | train_wall 8774
| epoch 071 | valid on 'valid' subset | loss 6.602 | nll_loss 4.230 | ppl 18.77 | num_updates 40815 | best_loss 6.60214
| epoch 072 | loss 5.237 | nll_loss 2.877 | ppl 7.35 | wps 52320 | ups 4 | wpb 14145.155 | bsz 1124.835 | num_updates 41390 | lr 0.000310872 | gnorm 0.187 | clip 1.000 | oom 0.000 | loss_scale 16.000 | wall 11588 | train_wall 8894
| epoch 072 | valid on 'valid' subset | loss 6.599 | nll_loss 4.233 | ppl 18.8 | num_updates 41390 | best_loss 6.59872
| epoch 073 | loss 5.234 | nll_loss 2.873 | ppl 7.33 | wps 52193 | ups 4 | wpb 14145.155 | bsz 1124.835 | num_updates 41965 | lr 0.000308735 | gnorm 0.187 | clip 1.000 | oom 0.000 | loss_scale 16.000 | wall 11745 | train_wall 9014
| epoch 073 | valid on 'valid' subset | loss 6.591 | nll_loss 4.220 | ppl 18.64 | num_updates 41965 | best_loss 6.59054
| epoch 074 | loss 5.233 | nll_loss 2.871 | ppl 7.32 | wps 51269 | ups 4 | wpb 14145.155 | bsz 1124.835 | num_updates 42540 | lr 0.000306642 | gnorm 0.187 | clip 1.000 | oom 0.000 | loss_scale 32.000 | wall 11905 | train_wall 9135
| epoch 074 | valid on 'valid' subset | loss 6.590 | nll_loss 4.221 | ppl 18.65 | num_updates 42540 | best_loss 6.59027
| epoch 075 | loss 5.231 | nll_loss 2.869 | ppl 7.3 | wps 50750 | ups 4 | wpb 14145.155 | bsz 1124.835 | num_updates 43115 | lr 0.00030459 | gnorm 0.186 | clip 1.000 | oom 0.000 | loss_scale 32.000 | wall 12066 | train_wall 9258
| epoch 075 | valid on 'valid' subset | loss 6.606 | nll_loss 4.245 | ppl 18.96 | num_updates 43115 | best_loss 6.60626
| epoch 076 | loss 5.229 | nll_loss 2.866 | ppl 7.29 | wps 51750 | ups 4 | wpb 14145.155 | bsz 1124.835 | num_updates 43690 | lr 0.000302579 | gnorm 0.187 | clip 1.000 | oom 0.000 | loss_scale 32.000 | wall 12225 | train_wall 9377
| epoch 076 | valid on 'valid' subset | loss 6.593 | nll_loss 4.220 | ppl 18.64 | num_updates 43690 | best_loss 6.59251
| epoch 077 | loss 5.226 | nll_loss 2.863 | ppl 7.27 | wps 50198 | ups 4 | wpb 14145.155 | bsz 1124.835 | num_updates 44265 | lr 0.000300607 | gnorm 0.187 | clip 1.000 | oom 0.000 | loss_scale 32.000 | wall 12388 | train_wall 9500
| epoch 077 | valid on 'valid' subset | loss 6.585 | nll_loss 4.210 | ppl 18.5 | num_updates 44265 | best_loss 6.58486
| epoch 078 | loss 5.224 | nll_loss 2.860 | ppl 7.26 | wps 51268 | ups 4 | wpb 14145.155 | bsz 1124.835 | num_updates 44840 | lr 0.000298674 | gnorm 0.188 | clip 1.000 | oom 0.000 | loss_scale 32.000 | wall 12547 | train_wall 9621
| epoch 078 | valid on 'valid' subset | loss 6.585 | nll_loss 4.209 | ppl 18.5 | num_updates 44840 | best_loss 6.58546
| epoch 079 | loss 5.223 | nll_loss 2.859 | ppl 7.25 | wps 50972 | ups 4 | wpb 14145.155 | bsz 1124.835 | num_updates 45415 | lr 0.000296777 | gnorm 0.189 | clip 1.000 | oom 0.000 | loss_scale 32.000 | wall 12708 | train_wall 9742
| epoch 079 | valid on 'valid' subset | loss 6.573 | nll_loss 4.192 | ppl 18.28 | num_updates 45415 | best_loss 6.57304
| epoch 080 | loss 5.220 | nll_loss 2.856 | ppl 7.24 | wps 51235 | ups 4 | wpb 14145.155 | bsz 1124.835 | num_updates 45990 | lr 0.000294916 | gnorm 0.188 | clip 1.000 | oom 0.000 | loss_scale 32.000 | wall 12868 | train_wall 9862
| epoch 080 | valid on 'valid' subset | loss 6.577 | nll_loss 4.205 | ppl 18.45 | num_updates 45990 | best_loss 6.57675
| saved checkpoint ./checkpoints/2020-07-14T17-58-04-00-exp444-morsel-si-seed14/checkpoints_en_si/checkpoint80.pt (epoch 80 @ 45990 updates) (writing took 1.3832883834838867 seconds)
| epoch 081 | loss 5.218 | nll_loss 2.853 | ppl 7.22 | wps 51604 | ups 4 | wpb 14145.155 | bsz 1124.835 | num_updates 46565 | lr 0.000293089 | gnorm 0.188 | clip 1.000 | oom 0.000 | loss_scale 32.000 | wall 13028 | train_wall 9984
| epoch 081 | valid on 'valid' subset | loss 6.581 | nll_loss 4.211 | ppl 18.53 | num_updates 46565 | best_loss 6.57675
| WARNING: overflow detected, setting loss scale to: 32.0
| epoch 082 | loss 5.216 | nll_loss 2.850 | ppl 7.21 | wps 53278 | ups 4 | wpb 14147.610 | bsz 1123.979 | num_updates 47139 | lr 0.0002913 | gnorm 0.188 | clip 1.000 | oom 0.000 | loss_scale 32.000 | wall 13182 | train_wall 10101
| epoch 082 | valid on 'valid' subset | loss 6.563 | nll_loss 4.188 | ppl 18.22 | num_updates 47139 | best_loss 6.56261
| epoch 083 | loss 5.214 | nll_loss 2.847 | ppl 7.2 | wps 54707 | ups 4 | wpb 14145.155 | bsz 1124.835 | num_updates 47714 | lr 0.000289539 | gnorm 0.190 | clip 1.000 | oom 0.000 | loss_scale 32.000 | wall 13332 | train_wall 10214
| epoch 083 | valid on 'valid' subset | loss 6.586 | nll_loss 4.218 | ppl 18.6 | num_updates 47714 | best_loss 6.57675
| epoch 084 | loss 5.212 | nll_loss 2.845 | ppl 7.18 | wps 56193 | ups 4 | wpb 14145.155 | bsz 1124.835 | num_updates 48289 | lr 0.00028781 | gnorm 0.187 | clip 1.000 | oom 0.000 | loss_scale 32.000 | wall 13477 | train_wall 10325
| epoch 084 | valid on 'valid' subset | loss 6.586 | nll_loss 4.213 | ppl 18.54 | num_updates 48289 | best_loss 6.57675
| epoch 085 | loss 5.211 | nll_loss 2.843 | ppl 7.18 | wps 54765 | ups 4 | wpb 14145.155 | bsz 1124.835 | num_updates 48864 | lr 0.000286112 | gnorm 0.188 | clip 1.000 | oom 0.000 | loss_scale 32.000 | wall 13627 | train_wall 10439
| epoch 085 | valid on 'valid' subset | loss 6.566 | nll_loss 4.192 | ppl 18.28 | num_updates 48864 | best_loss 6.56585
| epoch 086 | loss 5.208 | nll_loss 2.840 | ppl 7.16 | wps 56553 | ups 4 | wpb 14145.155 | bsz 1124.835 | num_updates 49439 | lr 0.000284443 | gnorm 0.186 | clip 1.000 | oom 0.000 | loss_scale 32.000 | wall 13772 | train_wall 10549
| epoch 086 | valid on 'valid' subset | loss 6.545 | nll_loss 4.165 | ppl 17.94 | num_updates 49439 | best_loss 6.54549
| epoch 087 | loss 5.207 | nll_loss 2.838 | ppl 7.15 | wps 57592 | ups 4 | wpb 14145.155 | bsz 1124.835 | num_updates 50014 | lr 0.000282803 | gnorm 0.188 | clip 1.000 | oom 0.000 | loss_scale 32.000 | wall 13914 | train_wall 10658
| epoch 087 | valid on 'valid' subset | loss 6.568 | nll_loss 4.192 | ppl 18.27 | num_updates 50014 | best_loss 6.56774
| epoch 088 | loss 5.205 | nll_loss 2.836 | ppl 7.14 | wps 57994 | ups 4 | wpb 14145.155 | bsz 1124.835 | num_updates 50589 | lr 0.000281191 | gnorm 0.188 | clip 1.000 | oom 0.000 | loss_scale 32.000 | wall 14055 | train_wall 10765
| epoch 088 | valid on 'valid' subset | loss 6.547 | nll_loss 4.173 | ppl 18.04 | num_updates 50589 | best_loss 6.54671
| WARNING: overflow detected, setting loss scale to: 32.0
| epoch 089 | loss 5.204 | nll_loss 2.834 | ppl 7.13 | wps 57350 | ups 4 | wpb 14143.704 | bsz 1122.293 | num_updates 51163 | lr 0.00027961 | gnorm 0.187 | clip 1.000 | oom 0.000 | loss_scale 32.000 | wall 14198 | train_wall 10874
| epoch 089 | valid on 'valid' subset | loss 6.567 | nll_loss 4.194 | ppl 18.3 | num_updates 51163 | best_loss 6.56694
| epoch 090 | loss 5.201 | nll_loss 2.831 | ppl 7.11 | wps 59972 | ups 4 | wpb 14145.155 | bsz 1124.835 | num_updates 51738 | lr 0.000278051 | gnorm 0.187 | clip 1.000 | oom 0.000 | loss_scale 32.000 | wall 14334 | train_wall 10980
| epoch 090 | valid on 'valid' subset | loss 6.564 | nll_loss 4.189 | ppl 18.24 | num_updates 51738 | best_loss 6.56356
| saved checkpoint ./checkpoints/2020-07-14T17-58-04-00-exp444-morsel-si-seed14/checkpoints_en_si/checkpoint90.pt (epoch 90 @ 51738 updates) (writing took 1.1017835140228271 seconds)
| epoch 091 | loss 5.200 | nll_loss 2.829 | ppl 7.11 | wps 57305 | ups 4 | wpb 14145.155 | bsz 1124.835 | num_updates 52313 | lr 0.000276519 | gnorm 0.188 | clip 1.000 | oom 0.000 | loss_scale 32.000 | wall 14478 | train_wall 11089
| epoch 091 | valid on 'valid' subset | loss 6.565 | nll_loss 4.192 | ppl 18.27 | num_updates 52313 | best_loss 6.56356
| epoch 092 | loss 5.198 | nll_loss 2.827 | ppl 7.1 | wps 59149 | ups 4 | wpb 14145.155 | bsz 1124.835 | num_updates 52888 | lr 0.000275012 | gnorm 0.188 | clip 1.000 | oom 0.000 | loss_scale 32.000 | wall 14617 | train_wall 11195
| epoch 092 | valid on 'valid' subset | loss 6.562 | nll_loss 4.185 | ppl 18.2 | num_updates 52888 | best_loss 6.56208
| epoch 093 | loss 5.197 | nll_loss 2.825 | ppl 7.09 | wps 58863 | ups 4 | wpb 14145.155 | bsz 1124.835 | num_updates 53463 | lr 0.000273529 | gnorm 0.188 | clip 1.000 | oom 0.000 | loss_scale 32.000 | wall 14756 | train_wall 11302
| epoch 093 | valid on 'valid' subset | loss 6.551 | nll_loss 4.173 | ppl 18.04 | num_updates 53463 | best_loss 6.55075
| epoch 094 | loss 5.195 | nll_loss 2.824 | ppl 7.08 | wps 58627 | ups 4 | wpb 14145.155 | bsz 1124.835 | num_updates 54038 | lr 0.00027207 | gnorm 0.190 | clip 1.000 | oom 0.000 | loss_scale 32.000 | wall 14895 | train_wall 11408
| epoch 094 | valid on 'valid' subset | loss 6.563 | nll_loss 4.189 | ppl 18.24 | num_updates 54038 | best_loss 6.56298
| epoch 095 | loss 5.193 | nll_loss 2.821 | ppl 7.07 | wps 58240 | ups 4 | wpb 14145.155 | bsz 1124.835 | num_updates 54613 | lr 0.000270634 | gnorm 0.189 | clip 1.000 | oom 0.000 | loss_scale 32.000 | wall 15036 | train_wall 11515
| epoch 095 | valid on 'valid' subset | loss 6.549 | nll_loss 4.170 | ppl 18 | num_updates 54613 | best_loss 6.5489
