================ FLORES BASELINE WITH CLIP_NORM=0.1, BPE=2500 AND SEED=16  ================
About to train the supervised for the following language pair: SI-EN
Checkpoint directory unset! Setting to default value...
CHECKPOINT_DIR is set to './checkpoints/2020-04-03T14-18-04-00-exp24-bpe2500-seed16/checkpoints_si_en'
Creating checkpoint directory if it doesn't exist...
Data folder is: data-bin/wiki_si_en_bpe2500/
Beginning training...
Time at beginning: Fri Apr 3 22:59:49 EDT 2020
Namespace(activation_dropout=0.2, activation_fn='relu', adam_betas='(0.9, 0.98)', adam_eps=1e-08, adaptive_input=False, adaptive_softmax_cutoff=None, adaptive_softmax_dropout=0, arch='transformer', attention_dropout=0.2, best_checkpoint_metric='loss', bpe=None, bucket_cap_mb=25, clip_norm=0.1, cpu=False, criterion='label_smoothed_cross_entropy', cross_self_attention=False, curriculum=0, data='data-bin/wiki_si_en_bpe2500/', dataset_impl=None, ddp_backend='c10d', decoder_attention_heads=2, decoder_embed_dim=512, decoder_embed_path=None, decoder_ffn_embed_dim=2048, decoder_input_dim=512, decoder_layerdrop=0, decoder_layers=5, decoder_layers_to_keep=None, decoder_learned_pos=False, decoder_normalize_before=True, decoder_output_dim=512, device_id=0, disable_validation=False, distributed_backend='nccl', distributed_init_method=None, distributed_no_spawn=False, distributed_port=-1, distributed_rank=0, distributed_world_size=1, dropout=0.4, empty_cache_freq=0, encoder_attention_heads=2, encoder_embed_dim=512, encoder_embed_path=None, encoder_ffn_embed_dim=2048, encoder_layerdrop=0, encoder_layers=5, encoder_layers_to_keep=None, encoder_learned_pos=False, encoder_normalize_before=True, fast_stat_sync=False, find_unused_parameters=False, fix_batches_to_gpus=False, fixed_validation_seed=None, fp16=True, fp16_init_scale=128, fp16_scale_tolerance=0.0, fp16_scale_window=None, keep_interval_updates=-1, keep_last_epochs=-1, label_smoothing=0.2, layer_wise_attention=False, layernorm_embedding=False, lazy_load=False, left_pad_source='True', left_pad_target='False', load_alignments=False, log_format=None, log_interval=1000, lr=[0.001], lr_scheduler='inverse_sqrt', max_epoch=100, max_sentences=None, max_sentences_valid=None, max_source_positions=1024, max_target_positions=1024, max_tokens=4000, max_tokens_valid=4000, max_update=0, maximize_best_checkpoint_metric=False, memory_efficient_fp16=False, min_loss_scale=0.0001, min_lr=1e-09, no_cross_attention=False, no_epoch_checkpoints=False, no_last_checkpoints=False, no_progress_bar=False, no_save=False, no_save_optimizer_state=False, no_scale_embedding=False, no_token_positional_embeddings=False, num_workers=1, optimizer='adam', optimizer_overrides='{}', raw_text=False, required_batch_size_multiple=8, reset_dataloader=False, reset_lr_scheduler=False, reset_meters=False, reset_optimizer=False, restore_file='checkpoint_last.pt', save_dir='./checkpoints/2020-04-03T14-18-04-00-exp24-bpe2500-seed16/checkpoints_si_en', save_interval=10, save_interval_updates=0, seed=16, sentence_avg=False, share_all_embeddings=True, share_decoder_input_output_embed=False, skip_invalid_size_inputs_valid_test=False, source_lang='si', target_lang='en', task='translation', tensorboard_logdir='', threshold_loss_scale=None, tokenizer=None, train_subset='train', truncate_source=False, update_freq=[4], upsample_primary=1, use_bmuf=False, user_dir=None, valid_subset='valid', validate_interval=1, warmup_init_lr=1e-07, warmup_updates=4000, weight_decay=0.0001)
| [si] dictionary: 2488 types
| [en] dictionary: 2488 types
| loaded 2898 examples from: data-bin/wiki_si_en_bpe2500/valid.si-en.si
| loaded 2898 examples from: data-bin/wiki_si_en_bpe2500/valid.si-en.en
| data-bin/wiki_si_en_bpe2500/ valid si-en 2898 examples
TransformerModel(
  (encoder): TransformerEncoder(
    (embed_tokens): Embedding(2488, 512, padding_idx=1)
    (embed_positions): SinusoidalPositionalEmbedding()
    (layers): ModuleList(
      (0): TransformerEncoderLayer(
        (self_attn): MultiheadAttention(
          (k_proj): Linear(in_features=512, out_features=512, bias=True)
          (v_proj): Linear(in_features=512, out_features=512, bias=True)
          (q_proj): Linear(in_features=512, out_features=512, bias=True)
          (out_proj): Linear(in_features=512, out_features=512, bias=True)
        )
        (self_attn_layer_norm): LayerNorm((512,), eps=1e-05, elementwise_affine=True)
        (fc1): Linear(in_features=512, out_features=2048, bias=True)
        (fc2): Linear(in_features=2048, out_features=512, bias=True)
        (final_layer_norm): LayerNorm((512,), eps=1e-05, elementwise_affine=True)
      )
      (1): TransformerEncoderLayer(
        (self_attn): MultiheadAttention(
          (k_proj): Linear(in_features=512, out_features=512, bias=True)
          (v_proj): Linear(in_features=512, out_features=512, bias=True)
          (q_proj): Linear(in_features=512, out_features=512, bias=True)
          (out_proj): Linear(in_features=512, out_features=512, bias=True)
        )
        (self_attn_layer_norm): LayerNorm((512,), eps=1e-05, elementwise_affine=True)
        (fc1): Linear(in_features=512, out_features=2048, bias=True)
        (fc2): Linear(in_features=2048, out_features=512, bias=True)
        (final_layer_norm): LayerNorm((512,), eps=1e-05, elementwise_affine=True)
      )
      (2): TransformerEncoderLayer(
        (self_attn): MultiheadAttention(
          (k_proj): Linear(in_features=512, out_features=512, bias=True)
          (v_proj): Linear(in_features=512, out_features=512, bias=True)
          (q_proj): Linear(in_features=512, out_features=512, bias=True)
          (out_proj): Linear(in_features=512, out_features=512, bias=True)
        )
        (self_attn_layer_norm): LayerNorm((512,), eps=1e-05, elementwise_affine=True)
        (fc1): Linear(in_features=512, out_features=2048, bias=True)
        (fc2): Linear(in_features=2048, out_features=512, bias=True)
        (final_layer_norm): LayerNorm((512,), eps=1e-05, elementwise_affine=True)
      )
      (3): TransformerEncoderLayer(
        (self_attn): MultiheadAttention(
          (k_proj): Linear(in_features=512, out_features=512, bias=True)
          (v_proj): Linear(in_features=512, out_features=512, bias=True)
          (q_proj): Linear(in_features=512, out_features=512, bias=True)
          (out_proj): Linear(in_features=512, out_features=512, bias=True)
        )
        (self_attn_layer_norm): LayerNorm((512,), eps=1e-05, elementwise_affine=True)
        (fc1): Linear(in_features=512, out_features=2048, bias=True)
        (fc2): Linear(in_features=2048, out_features=512, bias=True)
        (final_layer_norm): LayerNorm((512,), eps=1e-05, elementwise_affine=True)
      )
      (4): TransformerEncoderLayer(
        (self_attn): MultiheadAttention(
          (k_proj): Linear(in_features=512, out_features=512, bias=True)
          (v_proj): Linear(in_features=512, out_features=512, bias=True)
          (q_proj): Linear(in_features=512, out_features=512, bias=True)
          (out_proj): Linear(in_features=512, out_features=512, bias=True)
        )
        (self_attn_layer_norm): LayerNorm((512,), eps=1e-05, elementwise_affine=True)
        (fc1): Linear(in_features=512, out_features=2048, bias=True)
        (fc2): Linear(in_features=2048, out_features=512, bias=True)
        (final_layer_norm): LayerNorm((512,), eps=1e-05, elementwise_affine=True)
      )
    )
    (layer_norm): LayerNorm((512,), eps=1e-05, elementwise_affine=True)
  )
  (decoder): TransformerDecoder(
    (embed_tokens): Embedding(2488, 512, padding_idx=1)
    (embed_positions): SinusoidalPositionalEmbedding()
    (layers): ModuleList(
      (0): TransformerDecoderLayer(
        (self_attn): MultiheadAttention(
          (k_proj): Linear(in_features=512, out_features=512, bias=True)
          (v_proj): Linear(in_features=512, out_features=512, bias=True)
          (q_proj): Linear(in_features=512, out_features=512, bias=True)
          (out_proj): Linear(in_features=512, out_features=512, bias=True)
        )
        (self_attn_layer_norm): LayerNorm((512,), eps=1e-05, elementwise_affine=True)
        (encoder_attn): MultiheadAttention(
          (k_proj): Linear(in_features=512, out_features=512, bias=True)
          (v_proj): Linear(in_features=512, out_features=512, bias=True)
          (q_proj): Linear(in_features=512, out_features=512, bias=True)
          (out_proj): Linear(in_features=512, out_features=512, bias=True)
        )
        (encoder_attn_layer_norm): LayerNorm((512,), eps=1e-05, elementwise_affine=True)
        (fc1): Linear(in_features=512, out_features=2048, bias=True)
        (fc2): Linear(in_features=2048, out_features=512, bias=True)
        (final_layer_norm): LayerNorm((512,), eps=1e-05, elementwise_affine=True)
      )
      (1): TransformerDecoderLayer(
        (self_attn): MultiheadAttention(
          (k_proj): Linear(in_features=512, out_features=512, bias=True)
          (v_proj): Linear(in_features=512, out_features=512, bias=True)
          (q_proj): Linear(in_features=512, out_features=512, bias=True)
          (out_proj): Linear(in_features=512, out_features=512, bias=True)
        )
        (self_attn_layer_norm): LayerNorm((512,), eps=1e-05, elementwise_affine=True)
        (encoder_attn): MultiheadAttention(
          (k_proj): Linear(in_features=512, out_features=512, bias=True)
          (v_proj): Linear(in_features=512, out_features=512, bias=True)
          (q_proj): Linear(in_features=512, out_features=512, bias=True)
          (out_proj): Linear(in_features=512, out_features=512, bias=True)
        )
        (encoder_attn_layer_norm): LayerNorm((512,), eps=1e-05, elementwise_affine=True)
        (fc1): Linear(in_features=512, out_features=2048, bias=True)
        (fc2): Linear(in_features=2048, out_features=512, bias=True)
        (final_layer_norm): LayerNorm((512,), eps=1e-05, elementwise_affine=True)
      )
      (2): TransformerDecoderLayer(
        (self_attn): MultiheadAttention(
          (k_proj): Linear(in_features=512, out_features=512, bias=True)
          (v_proj): Linear(in_features=512, out_features=512, bias=True)
          (q_proj): Linear(in_features=512, out_features=512, bias=True)
          (out_proj): Linear(in_features=512, out_features=512, bias=True)
        )
        (self_attn_layer_norm): LayerNorm((512,), eps=1e-05, elementwise_affine=True)
        (encoder_attn): MultiheadAttention(
          (k_proj): Linear(in_features=512, out_features=512, bias=True)
          (v_proj): Linear(in_features=512, out_features=512, bias=True)
          (q_proj): Linear(in_features=512, out_features=512, bias=True)
          (out_proj): Linear(in_features=512, out_features=512, bias=True)
        )
        (encoder_attn_layer_norm): LayerNorm((512,), eps=1e-05, elementwise_affine=True)
        (fc1): Linear(in_features=512, out_features=2048, bias=True)
        (fc2): Linear(in_features=2048, out_features=512, bias=True)
        (final_layer_norm): LayerNorm((512,), eps=1e-05, elementwise_affine=True)
      )
      (3): TransformerDecoderLayer(
        (self_attn): MultiheadAttention(
          (k_proj): Linear(in_features=512, out_features=512, bias=True)
          (v_proj): Linear(in_features=512, out_features=512, bias=True)
          (q_proj): Linear(in_features=512, out_features=512, bias=True)
          (out_proj): Linear(in_features=512, out_features=512, bias=True)
        )
        (self_attn_layer_norm): LayerNorm((512,), eps=1e-05, elementwise_affine=True)
        (encoder_attn): MultiheadAttention(
          (k_proj): Linear(in_features=512, out_features=512, bias=True)
          (v_proj): Linear(in_features=512, out_features=512, bias=True)
          (q_proj): Linear(in_features=512, out_features=512, bias=True)
          (out_proj): Linear(in_features=512, out_features=512, bias=True)
        )
        (encoder_attn_layer_norm): LayerNorm((512,), eps=1e-05, elementwise_affine=True)
        (fc1): Linear(in_features=512, out_features=2048, bias=True)
        (fc2): Linear(in_features=2048, out_features=512, bias=True)
        (final_layer_norm): LayerNorm((512,), eps=1e-05, elementwise_affine=True)
      )
      (4): TransformerDecoderLayer(
        (self_attn): MultiheadAttention(
          (k_proj): Linear(in_features=512, out_features=512, bias=True)
          (v_proj): Linear(in_features=512, out_features=512, bias=True)
          (q_proj): Linear(in_features=512, out_features=512, bias=True)
          (out_proj): Linear(in_features=512, out_features=512, bias=True)
        )
        (self_attn_layer_norm): LayerNorm((512,), eps=1e-05, elementwise_affine=True)
        (encoder_attn): MultiheadAttention(
          (k_proj): Linear(in_features=512, out_features=512, bias=True)
          (v_proj): Linear(in_features=512, out_features=512, bias=True)
          (q_proj): Linear(in_features=512, out_features=512, bias=True)
          (out_proj): Linear(in_features=512, out_features=512, bias=True)
        )
        (encoder_attn_layer_norm): LayerNorm((512,), eps=1e-05, elementwise_affine=True)
        (fc1): Linear(in_features=512, out_features=2048, bias=True)
        (fc2): Linear(in_features=2048, out_features=512, bias=True)
        (final_layer_norm): LayerNorm((512,), eps=1e-05, elementwise_affine=True)
      )
    )
    (layer_norm): LayerNorm((512,), eps=1e-05, elementwise_affine=True)
  )
)
| model transformer, criterion LabelSmoothedCrossEntropyCriterion
| num. model params: 38057984 (num. trained: 38057984)
| training on 1 GPUs
| max tokens per GPU = 4000 and max sentences per GPU = None
| no existing checkpoint found ./checkpoints/2020-04-03T14-18-04-00-exp24-bpe2500-seed16/checkpoints_si_en/checkpoint_last.pt
| loading train data for epoch 0
| loaded 443703 examples from: data-bin/wiki_si_en_bpe2500/train.si-en.si
| loaded 443703 examples from: data-bin/wiki_si_en_bpe2500/train.si-en.en
| data-bin/wiki_si_en_bpe2500/ train si-en 443703 examples
| WARNING: overflow detected, setting loss scale to: 64.0
| WARNING: overflow detected, setting loss scale to: 32.0
| WARNING: overflow detected, setting loss scale to: 16.0
| epoch 001 | loss 9.232 | nll_loss 8.371 | ppl 331.1 | wps 60386 | ups 4 | wpb 13755.943 | bsz 901.822 | num_updates 489 | lr 0.000122338 | gnorm 0.731 | clip 1.000 | oom 0.000 | loss_scale 16.000 | wall 111 | train_wall 87
| epoch 001 | valid on 'valid' subset | loss 8.789 | nll_loss 7.715 | ppl 210.16 | num_updates 489
| epoch 002 | loss 7.528 | nll_loss 6.087 | ppl 67.97 | wps 62420 | ups 5 | wpb 13762.073 | bsz 901.835 | num_updates 981 | lr 0.000245325 | gnorm 0.499 | clip 1.000 | oom 0.000 | loss_scale 16.000 | wall 221 | train_wall 173
| epoch 002 | valid on 'valid' subset | loss 8.033 | nll_loss 6.576 | ppl 95.38 | num_updates 981
| epoch 003 | loss 6.896 | nll_loss 5.252 | ppl 38.11 | wps 62311 | ups 5 | wpb 13762.073 | bsz 901.835 | num_updates 1473 | lr 0.000368313 | gnorm 0.424 | clip 1.000 | oom 0.000 | loss_scale 16.000 | wall 330 | train_wall 260
| epoch 003 | valid on 'valid' subset | loss 7.678 | nll_loss 6.092 | ppl 68.21 | num_updates 1473
| epoch 004 | loss 6.516 | nll_loss 4.755 | ppl 27.01 | wps 62106 | ups 5 | wpb 13762.073 | bsz 901.835 | num_updates 1965 | lr 0.000491301 | gnorm 0.374 | clip 1.000 | oom 0.000 | loss_scale 16.000 | wall 440 | train_wall 349
| epoch 004 | valid on 'valid' subset | loss 7.400 | nll_loss 5.701 | ppl 52.02 | num_updates 1965
| epoch 005 | loss 6.240 | nll_loss 4.398 | ppl 21.08 | wps 61589 | ups 4 | wpb 13762.073 | bsz 901.835 | num_updates 2457 | lr 0.000614289 | gnorm 0.354 | clip 1.000 | oom 0.000 | loss_scale 16.000 | wall 551 | train_wall 437
| epoch 005 | valid on 'valid' subset | loss 7.192 | nll_loss 5.401 | ppl 42.25 | num_updates 2457
| epoch 006 | loss 6.032 | nll_loss 4.127 | ppl 17.48 | wps 62406 | ups 5 | wpb 13762.073 | bsz 901.835 | num_updates 2949 | lr 0.000737276 | gnorm 0.328 | clip 1.000 | oom 0.000 | loss_scale 16.000 | wall 660 | train_wall 524
| epoch 006 | valid on 'valid' subset | loss 7.022 | nll_loss 5.166 | ppl 35.91 | num_updates 2949
| epoch 007 | loss 5.884 | nll_loss 3.937 | ppl 15.31 | wps 61635 | ups 4 | wpb 13762.073 | bsz 901.835 | num_updates 3441 | lr 0.000860264 | gnorm 0.315 | clip 1.000 | oom 0.000 | loss_scale 16.000 | wall 770 | train_wall 613
| epoch 007 | valid on 'valid' subset | loss 6.848 | nll_loss 4.931 | ppl 30.51 | num_updates 3441
| epoch 008 | loss 5.778 | nll_loss 3.800 | ppl 13.93 | wps 61210 | ups 4 | wpb 13762.073 | bsz 901.835 | num_updates 3933 | lr 0.000983252 | gnorm 0.295 | clip 1.000 | oom 0.000 | loss_scale 16.000 | wall 882 | train_wall 702
| epoch 008 | valid on 'valid' subset | loss 6.839 | nll_loss 4.887 | ppl 29.59 | num_updates 3933
| epoch 009 | loss 5.684 | nll_loss 3.680 | ppl 12.82 | wps 62199 | ups 5 | wpb 13762.073 | bsz 901.835 | num_updates 4425 | lr 0.000950765 | gnorm 0.270 | clip 1.000 | oom 0.000 | loss_scale 32.000 | wall 991 | train_wall 789
| epoch 009 | valid on 'valid' subset | loss 6.666 | nll_loss 4.655 | ppl 25.19 | num_updates 4425
| epoch 010 | loss 5.591 | nll_loss 3.563 | ppl 11.82 | wps 62218 | ups 5 | wpb 13762.073 | bsz 901.835 | num_updates 4917 | lr 0.000901945 | gnorm 0.255 | clip 1.000 | oom 0.000 | loss_scale 32.000 | wall 1101 | train_wall 875
| epoch 010 | valid on 'valid' subset | loss 6.553 | nll_loss 4.493 | ppl 22.52 | num_updates 4917
| saved checkpoint ./checkpoints/2020-04-03T14-18-04-00-exp24-bpe2500-seed16/checkpoints_si_en/checkpoint10.pt (epoch 10 @ 4917 updates) (writing took 0.690227746963501 seconds)
| epoch 011 | loss 5.516 | nll_loss 3.467 | ppl 11.06 | wps 61082 | ups 4 | wpb 13762.073 | bsz 901.835 | num_updates 5409 | lr 0.000859947 | gnorm 0.241 | clip 1.000 | oom 0.000 | loss_scale 32.000 | wall 1213 | train_wall 965
| epoch 011 | valid on 'valid' subset | loss 6.498 | nll_loss 4.421 | ppl 21.43 | num_updates 5409 | best_loss 6.49764
| epoch 012 | loss 5.456 | nll_loss 3.391 | ppl 10.49 | wps 61720 | ups 4 | wpb 13762.073 | bsz 901.835 | num_updates 5901 | lr 0.000823317 | gnorm 0.233 | clip 1.000 | oom 0.000 | loss_scale 32.000 | wall 1324 | train_wall 1053
| epoch 012 | valid on 'valid' subset | loss 6.392 | nll_loss 4.280 | ppl 19.43 | num_updates 5901 | best_loss 6.3918
| epoch 013 | loss 5.405 | nll_loss 3.326 | ppl 10.03 | wps 62207 | ups 5 | wpb 13762.073 | bsz 901.835 | num_updates 6393 | lr 0.000791002 | gnorm 0.226 | clip 1.000 | oom 0.000 | loss_scale 32.000 | wall 1434 | train_wall 1140
| epoch 013 | valid on 'valid' subset | loss 6.327 | nll_loss 4.199 | ppl 18.37 | num_updates 6393 | best_loss 6.3273
| epoch 014 | loss 5.360 | nll_loss 3.270 | ppl 9.64 | wps 62172 | ups 5 | wpb 13762.073 | bsz 901.835 | num_updates 6885 | lr 0.000762216 | gnorm 0.218 | clip 1.000 | oom 0.000 | loss_scale 32.000 | wall 1543 | train_wall 1227
| epoch 014 | valid on 'valid' subset | loss 6.277 | nll_loss 4.131 | ppl 17.52 | num_updates 6885 | best_loss 6.2767
| epoch 015 | loss 5.323 | nll_loss 3.223 | ppl 9.33 | wps 62735 | ups 5 | wpb 13762.073 | bsz 901.835 | num_updates 7377 | lr 0.00073636 | gnorm 0.213 | clip 1.000 | oom 0.000 | loss_scale 32.000 | wall 1652 | train_wall 1313
| epoch 015 | valid on 'valid' subset | loss 6.261 | nll_loss 4.090 | ppl 17.03 | num_updates 7377 | best_loss 6.2605
| epoch 016 | loss 5.291 | nll_loss 3.182 | ppl 9.07 | wps 62196 | ups 5 | wpb 13762.073 | bsz 901.835 | num_updates 7869 | lr 0.000712968 | gnorm 0.210 | clip 1.000 | oom 0.000 | loss_scale 32.000 | wall 1762 | train_wall 1399
| epoch 016 | valid on 'valid' subset | loss 6.211 | nll_loss 4.032 | ppl 16.35 | num_updates 7869 | best_loss 6.21069
| epoch 017 | loss 5.263 | nll_loss 3.146 | ppl 8.85 | wps 61063 | ups 4 | wpb 13762.073 | bsz 901.835 | num_updates 8361 | lr 0.000691673 | gnorm 0.208 | clip 1.000 | oom 0.000 | loss_scale 32.000 | wall 1873 | train_wall 1489
| epoch 017 | valid on 'valid' subset | loss 6.184 | nll_loss 3.996 | ppl 15.95 | num_updates 8361 | best_loss 6.18443
| epoch 018 | loss 5.237 | nll_loss 3.113 | ppl 8.65 | wps 61170 | ups 4 | wpb 13762.073 | bsz 901.835 | num_updates 8853 | lr 0.000672179 | gnorm 0.205 | clip 1.000 | oom 0.000 | loss_scale 64.000 | wall 1985 | train_wall 1578
| epoch 018 | valid on 'valid' subset | loss 6.163 | nll_loss 3.963 | ppl 15.59 | num_updates 8853 | best_loss 6.16268
| epoch 019 | loss 5.215 | nll_loss 3.085 | ppl 8.48 | wps 61550 | ups 4 | wpb 13762.073 | bsz 901.835 | num_updates 9345 | lr 0.000654245 | gnorm 0.204 | clip 1.000 | oom 0.000 | loss_scale 64.000 | wall 2096 | train_wall 1667
| epoch 019 | valid on 'valid' subset | loss 6.129 | nll_loss 3.925 | ppl 15.19 | num_updates 9345 | best_loss 6.12912
| epoch 020 | loss 5.194 | nll_loss 3.059 | ppl 8.33 | wps 62029 | ups 5 | wpb 13762.073 | bsz 901.835 | num_updates 9837 | lr 0.000637674 | gnorm 0.200 | clip 1.000 | oom 0.000 | loss_scale 64.000 | wall 2205 | train_wall 1755
| epoch 020 | valid on 'valid' subset | loss 6.104 | nll_loss 3.889 | ppl 14.82 | num_updates 9837 | best_loss 6.1043
| saved checkpoint ./checkpoints/2020-04-03T14-18-04-00-exp24-bpe2500-seed16/checkpoints_si_en/checkpoint20.pt (epoch 20 @ 9837 updates) (writing took 1.1060824394226074 seconds)
| epoch 021 | loss 5.174 | nll_loss 3.033 | ppl 8.18 | wps 61235 | ups 4 | wpb 13762.073 | bsz 901.835 | num_updates 10329 | lr 0.000622302 | gnorm 0.198 | clip 1.000 | oom 0.000 | loss_scale 64.000 | wall 2318 | train_wall 1844
| epoch 021 | valid on 'valid' subset | loss 6.126 | nll_loss 3.912 | ppl 15.06 | num_updates 10329 | best_loss 6.1043
| epoch 022 | loss 5.158 | nll_loss 3.012 | ppl 8.07 | wps 61809 | ups 4 | wpb 13762.073 | bsz 901.835 | num_updates 10821 | lr 0.00060799 | gnorm 0.199 | clip 1.000 | oom 0.000 | loss_scale 64.000 | wall 2428 | train_wall 1933
| epoch 022 | valid on 'valid' subset | loss 6.069 | nll_loss 3.838 | ppl 14.3 | num_updates 10821 | best_loss 6.06929
| epoch 023 | loss 5.141 | nll_loss 2.992 | ppl 7.95 | wps 60914 | ups 4 | wpb 13762.073 | bsz 901.835 | num_updates 11313 | lr 0.000594622 | gnorm 0.196 | clip 1.000 | oom 0.000 | loss_scale 64.000 | wall 2540 | train_wall 2022
| epoch 023 | valid on 'valid' subset | loss 6.058 | nll_loss 3.829 | ppl 14.21 | num_updates 11313 | best_loss 6.0578
| epoch 024 | loss 5.126 | nll_loss 2.973 | ppl 7.85 | wps 61475 | ups 4 | wpb 13762.073 | bsz 901.835 | num_updates 11805 | lr 0.000582099 | gnorm 0.194 | clip 1.000 | oom 0.000 | loss_scale 64.000 | wall 2651 | train_wall 2111
| epoch 024 | valid on 'valid' subset | loss 6.020 | nll_loss 3.773 | ppl 13.67 | num_updates 11805 | best_loss 6.0196
| epoch 025 | loss 5.111 | nll_loss 2.953 | ppl 7.75 | wps 62760 | ups 5 | wpb 13762.073 | bsz 901.835 | num_updates 12297 | lr 0.000570336 | gnorm 0.193 | clip 1.000 | oom 0.000 | loss_scale 64.000 | wall 2760 | train_wall 2197
| epoch 025 | valid on 'valid' subset | loss 6.021 | nll_loss 3.772 | ppl 13.66 | num_updates 12297 | best_loss 6.02069
| WARNING: overflow detected, setting loss scale to: 64.0
| WARNING: overflow detected, setting loss scale to: 32.0
| epoch 026 | loss 5.099 | nll_loss 2.939 | ppl 7.67 | wps 60389 | ups 4 | wpb 13758.992 | bsz 901.680 | num_updates 12787 | lr 0.000559301 | gnorm 0.193 | clip 1.000 | oom 0.000 | loss_scale 32.000 | wall 2872 | train_wall 2287
| epoch 026 | valid on 'valid' subset | loss 6.017 | nll_loss 3.763 | ppl 13.57 | num_updates 12787 | best_loss 6.01744
| epoch 027 | loss 5.087 | nll_loss 2.923 | ppl 7.59 | wps 62081 | ups 5 | wpb 13762.073 | bsz 901.835 | num_updates 13279 | lr 0.000548842 | gnorm 0.194 | clip 1.000 | oom 0.000 | loss_scale 32.000 | wall 2982 | train_wall 2373
| epoch 027 | valid on 'valid' subset | loss 6.011 | nll_loss 3.756 | ppl 13.51 | num_updates 13279 | best_loss 6.0113
| epoch 028 | loss 5.076 | nll_loss 2.909 | ppl 7.51 | wps 62443 | ups 5 | wpb 13762.073 | bsz 901.835 | num_updates 13771 | lr 0.000538948 | gnorm 0.191 | clip 1.000 | oom 0.000 | loss_scale 32.000 | wall 3091 | train_wall 2460
| epoch 028 | valid on 'valid' subset | loss 5.956 | nll_loss 3.692 | ppl 12.93 | num_updates 13771 | best_loss 5.95603
| epoch 029 | loss 5.065 | nll_loss 2.896 | ppl 7.44 | wps 62261 | ups 5 | wpb 13762.073 | bsz 901.835 | num_updates 14263 | lr 0.000529571 | gnorm 0.191 | clip 1.000 | oom 0.000 | loss_scale 32.000 | wall 3201 | train_wall 2548
| epoch 029 | valid on 'valid' subset | loss 5.974 | nll_loss 3.710 | ppl 13.09 | num_updates 14263 | best_loss 5.97359
| epoch 030 | loss 5.055 | nll_loss 2.883 | ppl 7.37 | wps 61393 | ups 4 | wpb 13762.073 | bsz 901.835 | num_updates 14755 | lr 0.000520667 | gnorm 0.190 | clip 1.000 | oom 0.000 | loss_scale 32.000 | wall 3312 | train_wall 2636
| epoch 030 | valid on 'valid' subset | loss 5.946 | nll_loss 3.668 | ppl 12.71 | num_updates 14755 | best_loss 5.94574
| saved checkpoint ./checkpoints/2020-04-03T14-18-04-00-exp24-bpe2500-seed16/checkpoints_si_en/checkpoint30.pt (epoch 30 @ 14755 updates) (writing took 0.9549860954284668 seconds)
| epoch 031 | loss 5.045 | nll_loss 2.870 | ppl 7.31 | wps 61347 | ups 4 | wpb 13762.073 | bsz 901.835 | num_updates 15247 | lr 0.000512198 | gnorm 0.190 | clip 1.000 | oom 0.000 | loss_scale 32.000 | wall 3424 | train_wall 2725
| epoch 031 | valid on 'valid' subset | loss 5.965 | nll_loss 3.701 | ppl 13.01 | num_updates 15247 | best_loss 5.94574
| epoch 032 | loss 5.036 | nll_loss 2.858 | ppl 7.25 | wps 61389 | ups 4 | wpb 13762.073 | bsz 901.835 | num_updates 15739 | lr 0.000504129 | gnorm 0.191 | clip 1.000 | oom 0.000 | loss_scale 32.000 | wall 3535 | train_wall 2814
| epoch 032 | valid on 'valid' subset | loss 5.938 | nll_loss 3.664 | ppl 12.67 | num_updates 15739 | best_loss 5.93829
| epoch 033 | loss 5.028 | nll_loss 2.848 | ppl 7.2 | wps 62578 | ups 5 | wpb 13762.073 | bsz 901.835 | num_updates 16231 | lr 0.000496429 | gnorm 0.190 | clip 1.000 | oom 0.000 | loss_scale 32.000 | wall 3644 | train_wall 2901
| epoch 033 | valid on 'valid' subset | loss 5.927 | nll_loss 3.643 | ppl 12.49 | num_updates 16231 | best_loss 5.9269
| WARNING: overflow detected, setting loss scale to: 16.0
| epoch 034 | loss 5.019 | nll_loss 2.837 | ppl 7.14 | wps 61355 | ups 4 | wpb 13769.998 | bsz 902.548 | num_updates 16722 | lr 0.000489087 | gnorm 0.189 | clip 1.000 | oom 0.000 | loss_scale 16.000 | wall 3755 | train_wall 2989
| epoch 034 | valid on 'valid' subset | loss 5.919 | nll_loss 3.634 | ppl 12.41 | num_updates 16722 | best_loss 5.91876
| epoch 035 | loss 5.012 | nll_loss 2.827 | ppl 7.1 | wps 62411 | ups 5 | wpb 13762.073 | bsz 901.835 | num_updates 17214 | lr 0.000482047 | gnorm 0.189 | clip 1.000 | oom 0.000 | loss_scale 16.000 | wall 3864 | train_wall 3076
| epoch 035 | valid on 'valid' subset | loss 5.909 | nll_loss 3.625 | ppl 12.34 | num_updates 17214 | best_loss 5.90922
| epoch 036 | loss 5.004 | nll_loss 2.818 | ppl 7.05 | wps 61748 | ups 4 | wpb 13762.073 | bsz 901.835 | num_updates 17706 | lr 0.000475302 | gnorm 0.188 | clip 1.000 | oom 0.000 | loss_scale 16.000 | wall 3975 | train_wall 3164
| epoch 036 | valid on 'valid' subset | loss 5.896 | nll_loss 3.602 | ppl 12.15 | num_updates 17706 | best_loss 5.89572
| epoch 037 | loss 4.997 | nll_loss 2.808 | ppl 7.01 | wps 61464 | ups 4 | wpb 13762.073 | bsz 901.835 | num_updates 18198 | lr 0.000468833 | gnorm 0.187 | clip 1.000 | oom 0.000 | loss_scale 16.000 | wall 4086 | train_wall 3253
| epoch 037 | valid on 'valid' subset | loss 5.883 | nll_loss 3.601 | ppl 12.13 | num_updates 18198 | best_loss 5.88348
| epoch 038 | loss 4.990 | nll_loss 2.800 | ppl 6.97 | wps 60964 | ups 4 | wpb 13762.073 | bsz 901.835 | num_updates 18690 | lr 0.000462621 | gnorm 0.189 | clip 1.000 | oom 0.000 | loss_scale 16.000 | wall 4197 | train_wall 3343
| epoch 038 | valid on 'valid' subset | loss 5.873 | nll_loss 3.579 | ppl 11.95 | num_updates 18690 | best_loss 5.87325
| epoch 039 | loss 4.983 | nll_loss 2.791 | ppl 6.92 | wps 60744 | ups 4 | wpb 13762.073 | bsz 901.835 | num_updates 19182 | lr 0.00045665 | gnorm 0.187 | clip 1.000 | oom 0.000 | loss_scale 16.000 | wall 4310 | train_wall 3432
| epoch 039 | valid on 'valid' subset | loss 5.887 | nll_loss 3.597 | ppl 12.1 | num_updates 19182 | best_loss 5.88652
| epoch 040 | loss 4.977 | nll_loss 2.784 | ppl 6.89 | wps 61649 | ups 4 | wpb 13762.073 | bsz 901.835 | num_updates 19674 | lr 0.000450904 | gnorm 0.188 | clip 1.000 | oom 0.000 | loss_scale 16.000 | wall 4420 | train_wall 3520
| epoch 040 | valid on 'valid' subset | loss 5.870 | nll_loss 3.574 | ppl 11.91 | num_updates 19674 | best_loss 5.87009
| saved checkpoint ./checkpoints/2020-04-03T14-18-04-00-exp24-bpe2500-seed16/checkpoints_si_en/checkpoint40.pt (epoch 40 @ 19674 updates) (writing took 0.9539473056793213 seconds)
| epoch 041 | loss 4.971 | nll_loss 2.776 | ppl 6.85 | wps 62473 | ups 5 | wpb 13762.073 | bsz 901.835 | num_updates 20166 | lr 0.000445369 | gnorm 0.188 | clip 1.000 | oom 0.000 | loss_scale 16.000 | wall 4530 | train_wall 3607
| epoch 041 | valid on 'valid' subset | loss 5.854 | nll_loss 3.555 | ppl 11.76 | num_updates 20166 | best_loss 5.85363
| epoch 042 | loss 4.965 | nll_loss 2.768 | ppl 6.81 | wps 61214 | ups 4 | wpb 13762.073 | bsz 901.835 | num_updates 20658 | lr 0.000440034 | gnorm 0.186 | clip 1.000 | oom 0.000 | loss_scale 32.000 | wall 4642 | train_wall 3696
| epoch 042 | valid on 'valid' subset | loss 5.850 | nll_loss 3.542 | ppl 11.65 | num_updates 20658 | best_loss 5.84954
| epoch 043 | loss 4.960 | nll_loss 2.762 | ppl 6.78 | wps 60872 | ups 4 | wpb 13762.073 | bsz 901.835 | num_updates 21150 | lr 0.000434885 | gnorm 0.187 | clip 1.000 | oom 0.000 | loss_scale 32.000 | wall 4754 | train_wall 3785
| epoch 043 | valid on 'valid' subset | loss 5.846 | nll_loss 3.545 | ppl 11.67 | num_updates 21150 | best_loss 5.84598
| epoch 044 | loss 4.954 | nll_loss 2.755 | ppl 6.75 | wps 60947 | ups 4 | wpb 13762.073 | bsz 901.835 | num_updates 21642 | lr 0.000429914 | gnorm 0.187 | clip 1.000 | oom 0.000 | loss_scale 32.000 | wall 4866 | train_wall 3874
| epoch 044 | valid on 'valid' subset | loss 5.849 | nll_loss 3.545 | ppl 11.67 | num_updates 21642 | best_loss 5.84919
| epoch 045 | loss 4.948 | nll_loss 2.747 | ppl 6.72 | wps 61212 | ups 4 | wpb 13762.073 | bsz 901.835 | num_updates 22134 | lr 0.000425109 | gnorm 0.187 | clip 1.000 | oom 0.000 | loss_scale 32.000 | wall 4977 | train_wall 3964
| epoch 045 | valid on 'valid' subset | loss 5.852 | nll_loss 3.543 | ppl 11.66 | num_updates 22134 | best_loss 5.85166
| epoch 046 | loss 4.943 | nll_loss 2.741 | ppl 6.68 | wps 62106 | ups 5 | wpb 13762.073 | bsz 901.835 | num_updates 22626 | lr 0.000420461 | gnorm 0.187 | clip 1.000 | oom 0.000 | loss_scale 32.000 | wall 5087 | train_wall 4051
| epoch 046 | valid on 'valid' subset | loss 5.834 | nll_loss 3.524 | ppl 11.5 | num_updates 22626 | best_loss 5.83364
| epoch 047 | loss 4.938 | nll_loss 2.734 | ppl 6.66 | wps 61099 | ups 4 | wpb 13762.073 | bsz 901.835 | num_updates 23118 | lr 0.000415963 | gnorm 0.186 | clip 1.000 | oom 0.000 | loss_scale 32.000 | wall 5198 | train_wall 4141
| epoch 047 | valid on 'valid' subset | loss 5.807 | nll_loss 3.497 | ppl 11.29 | num_updates 23118 | best_loss 5.80663
| epoch 048 | loss 4.934 | nll_loss 2.729 | ppl 6.63 | wps 62342 | ups 5 | wpb 13762.073 | bsz 901.835 | num_updates 23610 | lr 0.000411606 | gnorm 0.187 | clip 1.000 | oom 0.000 | loss_scale 32.000 | wall 5308 | train_wall 4227
| epoch 048 | valid on 'valid' subset | loss 5.816 | nll_loss 3.503 | ppl 11.33 | num_updates 23610 | best_loss 5.81583
| epoch 049 | loss 4.929 | nll_loss 2.723 | ppl 6.6 | wps 61230 | ups 4 | wpb 13762.073 | bsz 901.835 | num_updates 24102 | lr 0.000407384 | gnorm 0.187 | clip 1.000 | oom 0.000 | loss_scale 32.000 | wall 5419 | train_wall 4316
| epoch 049 | valid on 'valid' subset | loss 5.832 | nll_loss 3.526 | ppl 11.52 | num_updates 24102 | best_loss 5.83163
| epoch 050 | loss 4.925 | nll_loss 2.718 | ppl 6.58 | wps 62135 | ups 5 | wpb 13762.073 | bsz 901.835 | num_updates 24594 | lr 0.000403288 | gnorm 0.186 | clip 1.000 | oom 0.000 | loss_scale 64.000 | wall 5529 | train_wall 4403
| epoch 050 | valid on 'valid' subset | loss 5.810 | nll_loss 3.506 | ppl 11.36 | num_updates 24594 | best_loss 5.81037
| saved checkpoint ./checkpoints/2020-04-03T14-18-04-00-exp24-bpe2500-seed16/checkpoints_si_en/checkpoint50.pt (epoch 50 @ 24594 updates) (writing took 0.9482433795928955 seconds)
| epoch 051 | loss 4.920 | nll_loss 2.712 | ppl 6.55 | wps 61318 | ups 4 | wpb 13762.073 | bsz 901.835 | num_updates 25086 | lr 0.000399314 | gnorm 0.187 | clip 1.000 | oom 0.000 | loss_scale 64.000 | wall 5641 | train_wall 4491
| epoch 051 | valid on 'valid' subset | loss 5.846 | nll_loss 3.542 | ppl 11.64 | num_updates 25086 | best_loss 5.81037
| epoch 052 | loss 4.916 | nll_loss 2.707 | ppl 6.53 | wps 61310 | ups 4 | wpb 13762.073 | bsz 901.835 | num_updates 25578 | lr 0.000395455 | gnorm 0.187 | clip 1.000 | oom 0.000 | loss_scale 64.000 | wall 5752 | train_wall 4580
| epoch 052 | valid on 'valid' subset | loss 5.793 | nll_loss 3.477 | ppl 11.14 | num_updates 25578 | best_loss 5.79334
| epoch 053 | loss 4.912 | nll_loss 2.701 | ppl 6.5 | wps 61897 | ups 4 | wpb 13762.073 | bsz 901.835 | num_updates 26070 | lr 0.000391705 | gnorm 0.187 | clip 1.000 | oom 0.000 | loss_scale 64.000 | wall 5862 | train_wall 4667
| epoch 053 | valid on 'valid' subset | loss 5.791 | nll_loss 3.479 | ppl 11.15 | num_updates 26070 | best_loss 5.79088
| epoch 054 | loss 4.908 | nll_loss 2.696 | ppl 6.48 | wps 61375 | ups 4 | wpb 13762.073 | bsz 901.835 | num_updates 26562 | lr 0.000388061 | gnorm 0.186 | clip 1.000 | oom 0.000 | loss_scale 64.000 | wall 5973 | train_wall 4756
| epoch 054 | valid on 'valid' subset | loss 5.794 | nll_loss 3.477 | ppl 11.13 | num_updates 26562 | best_loss 5.79376
| WARNING: overflow detected, setting loss scale to: 32.0
| epoch 055 | loss 4.903 | nll_loss 2.690 | ppl 6.45 | wps 61278 | ups 4 | wpb 13764.248 | bsz 902.303 | num_updates 27053 | lr 0.000384523 | gnorm 0.186 | clip 1.000 | oom 0.000 | loss_scale 32.000 | wall 6084 | train_wall 4845
| epoch 055 | valid on 'valid' subset | loss 5.764 | nll_loss 3.446 | ppl 10.9 | num_updates 27053 | best_loss 5.76394
| epoch 056 | loss 4.900 | nll_loss 2.686 | ppl 6.44 | wps 62450 | ups 5 | wpb 13762.073 | bsz 901.835 | num_updates 27545 | lr 0.000381073 | gnorm 0.187 | clip 1.000 | oom 0.000 | loss_scale 32.000 | wall 6194 | train_wall 4932
| epoch 056 | valid on 'valid' subset | loss 5.777 | nll_loss 3.455 | ppl 10.96 | num_updates 27545 | best_loss 5.77693
| epoch 057 | loss 4.896 | nll_loss 2.681 | ppl 6.42 | wps 61856 | ups 4 | wpb 13762.073 | bsz 901.835 | num_updates 28037 | lr 0.000377715 | gnorm 0.187 | clip 1.000 | oom 0.000 | loss_scale 32.000 | wall 6304 | train_wall 5020
| epoch 057 | valid on 'valid' subset | loss 5.794 | nll_loss 3.479 | ppl 11.15 | num_updates 28037 | best_loss 5.79417
| epoch 058 | loss 4.893 | nll_loss 2.677 | ppl 6.4 | wps 61217 | ups 4 | wpb 13762.073 | bsz 901.835 | num_updates 28529 | lr 0.000374444 | gnorm 0.186 | clip 1.000 | oom 0.000 | loss_scale 32.000 | wall 6415 | train_wall 5108
| epoch 058 | valid on 'valid' subset | loss 5.782 | nll_loss 3.466 | ppl 11.05 | num_updates 28529 | best_loss 5.78211
| epoch 059 | loss 4.889 | nll_loss 2.673 | ppl 6.38 | wps 61048 | ups 4 | wpb 13762.073 | bsz 901.835 | num_updates 29021 | lr 0.000371256 | gnorm 0.187 | clip 1.000 | oom 0.000 | loss_scale 32.000 | wall 6527 | train_wall 5197
| epoch 059 | valid on 'valid' subset | loss 5.780 | nll_loss 3.464 | ppl 11.04 | num_updates 29021 | best_loss 5.77984
| epoch 060 | loss 4.886 | nll_loss 2.669 | ppl 6.36 | wps 61505 | ups 4 | wpb 13762.073 | bsz 901.835 | num_updates 29513 | lr 0.000368149 | gnorm 0.189 | clip 1.000 | oom 0.000 | loss_scale 32.000 | wall 6638 | train_wall 5286
| epoch 060 | valid on 'valid' subset | loss 5.758 | nll_loss 3.433 | ppl 10.8 | num_updates 29513 | best_loss 5.75822
| saved checkpoint ./checkpoints/2020-04-03T14-18-04-00-exp24-bpe2500-seed16/checkpoints_si_en/checkpoint60.pt (epoch 60 @ 29513 updates) (writing took 1.1383097171783447 seconds)
| epoch 061 | loss 4.883 | nll_loss 2.665 | ppl 6.34 | wps 62915 | ups 5 | wpb 13762.073 | bsz 901.835 | num_updates 30005 | lr 0.000365118 | gnorm 0.186 | clip 1.000 | oom 0.000 | loss_scale 32.000 | wall 6747 | train_wall 5372
| epoch 061 | valid on 'valid' subset | loss 5.761 | nll_loss 3.434 | ppl 10.81 | num_updates 30005 | best_loss 5.75822
| epoch 062 | loss 4.879 | nll_loss 2.660 | ppl 6.32 | wps 62182 | ups 5 | wpb 13762.073 | bsz 901.835 | num_updates 30497 | lr 0.000362161 | gnorm 0.185 | clip 1.000 | oom 0.000 | loss_scale 32.000 | wall 6857 | train_wall 5459
| epoch 062 | valid on 'valid' subset | loss 5.784 | nll_loss 3.464 | ppl 11.03 | num_updates 30497 | best_loss 5.75822
| epoch 063 | loss 4.876 | nll_loss 2.656 | ppl 6.3 | wps 62310 | ups 5 | wpb 13762.073 | bsz 901.835 | num_updates 30989 | lr 0.000359274 | gnorm 0.186 | clip 1.000 | oom 0.000 | loss_scale 32.000 | wall 6967 | train_wall 5546
| epoch 063 | valid on 'valid' subset | loss 5.762 | nll_loss 3.433 | ppl 10.8 | num_updates 30989 | best_loss 5.75822
| epoch 064 | loss 4.873 | nll_loss 2.652 | ppl 6.28 | wps 63042 | ups 5 | wpb 13762.073 | bsz 901.835 | num_updates 31481 | lr 0.000356456 | gnorm 0.187 | clip 1.000 | oom 0.000 | loss_scale 64.000 | wall 7075 | train_wall 5632
| epoch 064 | valid on 'valid' subset | loss 5.770 | nll_loss 3.454 | ppl 10.96 | num_updates 31481 | best_loss 5.75822
| WARNING: overflow detected, setting loss scale to: 32.0
| epoch 065 | loss 4.869 | nll_loss 2.647 | ppl 6.26 | wps 61311 | ups 4 | wpb 13761.057 | bsz 902.466 | num_updates 31972 | lr 0.000353708 | gnorm 0.189 | clip 1.000 | oom 0.000 | loss_scale 32.000 | wall 7186 | train_wall 5721
| epoch 065 | valid on 'valid' subset | loss 5.738 | nll_loss 3.407 | ppl 10.61 | num_updates 31972 | best_loss 5.73789
| epoch 066 | loss 4.867 | nll_loss 2.645 | ppl 6.26 | wps 61438 | ups 4 | wpb 13762.073 | bsz 901.835 | num_updates 32464 | lr 0.000351018 | gnorm 0.189 | clip 1.000 | oom 0.000 | loss_scale 32.000 | wall 7297 | train_wall 5810
| epoch 066 | valid on 'valid' subset | loss 5.747 | nll_loss 3.422 | ppl 10.72 | num_updates 32464 | best_loss 5.74725
| epoch 067 | loss 4.864 | nll_loss 2.641 | ppl 6.24 | wps 61787 | ups 4 | wpb 13762.073 | bsz 901.835 | num_updates 32956 | lr 0.000348388 | gnorm 0.187 | clip 1.000 | oom 0.000 | loss_scale 32.000 | wall 7407 | train_wall 5898
| epoch 067 | valid on 'valid' subset | loss 5.766 | nll_loss 3.443 | ppl 10.87 | num_updates 32956 | best_loss 5.75822
| epoch 068 | loss 4.861 | nll_loss 2.637 | ppl 6.22 | wps 61149 | ups 4 | wpb 13762.073 | bsz 901.835 | num_updates 33448 | lr 0.000345816 | gnorm 0.188 | clip 1.000 | oom 0.000 | loss_scale 32.000 | wall 7519 | train_wall 5987
| epoch 068 | valid on 'valid' subset | loss 5.746 | nll_loss 3.415 | ppl 10.67 | num_updates 33448 | best_loss 5.74616
| epoch 069 | loss 4.858 | nll_loss 2.633 | ppl 6.2 | wps 62387 | ups 5 | wpb 13762.073 | bsz 901.835 | num_updates 33940 | lr 0.0003433 | gnorm 0.187 | clip 1.000 | oom 0.000 | loss_scale 32.000 | wall 7628 | train_wall 6074
| epoch 069 | valid on 'valid' subset | loss 5.760 | nll_loss 3.431 | ppl 10.79 | num_updates 33940 | best_loss 5.75822
| epoch 070 | loss 4.855 | nll_loss 2.629 | ppl 6.19 | wps 62552 | ups 5 | wpb 13762.073 | bsz 901.835 | num_updates 34432 | lr 0.000340839 | gnorm 0.188 | clip 1.000 | oom 0.000 | loss_scale 32.000 | wall 7737 | train_wall 6160
| epoch 070 | valid on 'valid' subset | loss 5.745 | nll_loss 3.416 | ppl 10.67 | num_updates 34432 | best_loss 5.74525
| saved checkpoint ./checkpoints/2020-04-03T14-18-04-00-exp24-bpe2500-seed16/checkpoints_si_en/checkpoint70.pt (epoch 70 @ 34432 updates) (writing took 1.054170846939087 seconds)
| epoch 071 | loss 4.853 | nll_loss 2.627 | ppl 6.18 | wps 61486 | ups 4 | wpb 13762.073 | bsz 901.835 | num_updates 34924 | lr 0.000338429 | gnorm 0.189 | clip 1.000 | oom 0.000 | loss_scale 32.000 | wall 7849 | train_wall 6249
| epoch 071 | valid on 'valid' subset | loss 5.761 | nll_loss 3.430 | ppl 10.78 | num_updates 34924 | best_loss 5.74525
| epoch 072 | loss 4.850 | nll_loss 2.623 | ppl 6.16 | wps 61243 | ups 4 | wpb 13762.073 | bsz 901.835 | num_updates 35416 | lr 0.00033607 | gnorm 0.188 | clip 1.000 | oom 0.000 | loss_scale 32.000 | wall 7960 | train_wall 6338
| epoch 072 | valid on 'valid' subset | loss 5.730 | nll_loss 3.399 | ppl 10.55 | num_updates 35416 | best_loss 5.72976
| epoch 073 | loss 4.848 | nll_loss 2.621 | ppl 6.15 | wps 61238 | ups 4 | wpb 13762.073 | bsz 901.835 | num_updates 35908 | lr 0.00033376 | gnorm 0.188 | clip 1.000 | oom 0.000 | loss_scale 32.000 | wall 8072 | train_wall 6427
| epoch 073 | valid on 'valid' subset | loss 5.731 | nll_loss 3.391 | ppl 10.49 | num_updates 35908 | best_loss 5.73145
| WARNING: overflow detected, setting loss scale to: 32.0
| epoch 074 | loss 4.844 | nll_loss 2.616 | ppl 6.13 | wps 61220 | ups 4 | wpb 13761.273 | bsz 901.847 | num_updates 36399 | lr 0.000331501 | gnorm 0.188 | clip 1.000 | oom 0.000 | loss_scale 32.000 | wall 8183 | train_wall 6516
| epoch 074 | valid on 'valid' subset | loss 5.722 | nll_loss 3.393 | ppl 10.5 | num_updates 36399 | best_loss 5.72175
| epoch 075 | loss 4.843 | nll_loss 2.614 | ppl 6.12 | wps 62087 | ups 5 | wpb 13762.073 | bsz 901.835 | num_updates 36891 | lr 0.000329283 | gnorm 0.188 | clip 1.000 | oom 0.000 | loss_scale 32.000 | wall 8293 | train_wall 6603
| epoch 075 | valid on 'valid' subset | loss 5.745 | nll_loss 3.417 | ppl 10.68 | num_updates 36891 | best_loss 5.74477
| epoch 076 | loss 4.841 | nll_loss 2.611 | ppl 6.11 | wps 61853 | ups 4 | wpb 13762.073 | bsz 901.835 | num_updates 37383 | lr 0.000327109 | gnorm 0.188 | clip 1.000 | oom 0.000 | loss_scale 32.000 | wall 8403 | train_wall 6690
| epoch 076 | valid on 'valid' subset | loss 5.765 | nll_loss 3.443 | ppl 10.88 | num_updates 37383 | best_loss 5.74525
| epoch 077 | loss 4.838 | nll_loss 2.608 | ppl 6.1 | wps 61276 | ups 4 | wpb 13762.073 | bsz 901.835 | num_updates 37875 | lr 0.000324978 | gnorm 0.187 | clip 1.000 | oom 0.000 | loss_scale 32.000 | wall 8514 | train_wall 6779
| epoch 077 | valid on 'valid' subset | loss 5.738 | nll_loss 3.408 | ppl 10.61 | num_updates 37875 | best_loss 5.73804
| epoch 078 | loss 4.836 | nll_loss 2.605 | ppl 6.08 | wps 61374 | ups 4 | wpb 13762.073 | bsz 901.835 | num_updates 38367 | lr 0.000322887 | gnorm 0.188 | clip 1.000 | oom 0.000 | loss_scale 32.000 | wall 8625 | train_wall 6867
| epoch 078 | valid on 'valid' subset | loss 5.735 | nll_loss 3.406 | ppl 10.6 | num_updates 38367 | best_loss 5.73544
| epoch 079 | loss 4.833 | nll_loss 2.602 | ppl 6.07 | wps 61440 | ups 4 | wpb 13762.073 | bsz 901.835 | num_updates 38859 | lr 0.000320837 | gnorm 0.188 | clip 1.000 | oom 0.000 | loss_scale 32.000 | wall 8736 | train_wall 6956
| epoch 079 | valid on 'valid' subset | loss 5.728 | nll_loss 3.396 | ppl 10.53 | num_updates 38859 | best_loss 5.72818
| WARNING: overflow detected, setting loss scale to: 16.0
| epoch 080 | loss 4.831 | nll_loss 2.599 | ppl 6.06 | wps 61166 | ups 4 | wpb 13760.876 | bsz 901.489 | num_updates 39350 | lr 0.000318829 | gnorm 0.188 | clip 1.000 | oom 0.000 | loss_scale 16.000 | wall 8847 | train_wall 7045
| epoch 080 | valid on 'valid' subset | loss 5.717 | nll_loss 3.379 | ppl 10.4 | num_updates 39350 | best_loss 5.717
| saved checkpoint ./checkpoints/2020-04-03T14-18-04-00-exp24-bpe2500-seed16/checkpoints_si_en/checkpoint80.pt (epoch 80 @ 39350 updates) (writing took 1.003455638885498 seconds)
| epoch 081 | loss 4.828 | nll_loss 2.596 | ppl 6.05 | wps 61156 | ups 4 | wpb 13762.073 | bsz 901.835 | num_updates 39842 | lr 0.000316854 | gnorm 0.188 | clip 1.000 | oom 0.000 | loss_scale 16.000 | wall 8960 | train_wall 7134
| epoch 081 | valid on 'valid' subset | loss 5.706 | nll_loss 3.375 | ppl 10.38 | num_updates 39842 | best_loss 5.70602
| epoch 082 | loss 4.827 | nll_loss 2.594 | ppl 6.04 | wps 61322 | ups 4 | wpb 13762.073 | bsz 901.835 | num_updates 40334 | lr 0.000314916 | gnorm 0.189 | clip 1.000 | oom 0.000 | loss_scale 16.000 | wall 9071 | train_wall 7222
| epoch 082 | valid on 'valid' subset | loss 5.718 | nll_loss 3.387 | ppl 10.46 | num_updates 40334 | best_loss 5.717
| epoch 083 | loss 4.825 | nll_loss 2.592 | ppl 6.03 | wps 61425 | ups 4 | wpb 13762.073 | bsz 901.835 | num_updates 40826 | lr 0.000313012 | gnorm 0.189 | clip 1.000 | oom 0.000 | loss_scale 16.000 | wall 9182 | train_wall 7311
| epoch 083 | valid on 'valid' subset | loss 5.725 | nll_loss 3.395 | ppl 10.52 | num_updates 40826 | best_loss 5.717
| epoch 084 | loss 4.822 | nll_loss 2.588 | ppl 6.01 | wps 61139 | ups 4 | wpb 13762.073 | bsz 901.835 | num_updates 41318 | lr 0.000311143 | gnorm 0.188 | clip 1.000 | oom 0.000 | loss_scale 16.000 | wall 9294 | train_wall 7400
| epoch 084 | valid on 'valid' subset | loss 5.701 | nll_loss 3.360 | ppl 10.27 | num_updates 41318 | best_loss 5.70112
| epoch 085 | loss 4.820 | nll_loss 2.586 | ppl 6 | wps 61005 | ups 4 | wpb 13762.073 | bsz 901.835 | num_updates 41810 | lr 0.000309307 | gnorm 0.189 | clip 1.000 | oom 0.000 | loss_scale 16.000 | wall 9405 | train_wall 7489
| epoch 085 | valid on 'valid' subset | loss 5.729 | nll_loss 3.397 | ppl 10.54 | num_updates 41810 | best_loss 5.717
| epoch 086 | loss 4.819 | nll_loss 2.584 | ppl 6 | wps 61373 | ups 4 | wpb 13762.073 | bsz 901.835 | num_updates 42302 | lr 0.000307503 | gnorm 0.190 | clip 1.000 | oom 0.000 | loss_scale 16.000 | wall 9516 | train_wall 7578
| epoch 086 | valid on 'valid' subset | loss 5.713 | nll_loss 3.384 | ppl 10.44 | num_updates 42302 | best_loss 5.71267
| epoch 087 | loss 4.817 | nll_loss 2.581 | ppl 5.99 | wps 61118 | ups 4 | wpb 13762.073 | bsz 901.835 | num_updates 42794 | lr 0.00030573 | gnorm 0.190 | clip 1.000 | oom 0.000 | loss_scale 16.000 | wall 9628 | train_wall 7667
| epoch 087 | valid on 'valid' subset | loss 5.701 | nll_loss 3.364 | ppl 10.3 | num_updates 42794 | best_loss 5.7013
| epoch 088 | loss 4.815 | nll_loss 2.579 | ppl 5.98 | wps 62581 | ups 5 | wpb 13762.073 | bsz 901.835 | num_updates 43286 | lr 0.000303988 | gnorm 0.190 | clip 1.000 | oom 0.000 | loss_scale 16.000 | wall 9737 | train_wall 7753
| epoch 088 | valid on 'valid' subset | loss 5.715 | nll_loss 3.381 | ppl 10.42 | num_updates 43286 | best_loss 5.71533
| epoch 089 | loss 4.813 | nll_loss 2.576 | ppl 5.96 | wps 61496 | ups 4 | wpb 13762.073 | bsz 901.835 | num_updates 43778 | lr 0.000302275 | gnorm 0.190 | clip 1.000 | oom 0.000 | loss_scale 32.000 | wall 9848 | train_wall 7841
| epoch 089 | valid on 'valid' subset | loss 5.702 | nll_loss 3.364 | ppl 10.29 | num_updates 43778 | best_loss 5.7023
| epoch 090 | loss 4.810 | nll_loss 2.573 | ppl 5.95 | wps 60859 | ups 4 | wpb 13762.073 | bsz 901.835 | num_updates 44270 | lr 0.00030059 | gnorm 0.188 | clip 1.000 | oom 0.000 | loss_scale 32.000 | wall 9960 | train_wall 7931
| epoch 090 | valid on 'valid' subset | loss 5.709 | nll_loss 3.374 | ppl 10.37 | num_updates 44270 | best_loss 5.70931
| saved checkpoint ./checkpoints/2020-04-03T14-18-04-00-exp24-bpe2500-seed16/checkpoints_si_en/checkpoint90.pt (epoch 90 @ 44270 updates) (writing took 0.9929838180541992 seconds)
| epoch 091 | loss 4.808 | nll_loss 2.571 | ppl 5.94 | wps 60944 | ups 4 | wpb 13762.073 | bsz 901.835 | num_updates 44762 | lr 0.000298934 | gnorm 0.190 | clip 1.000 | oom 0.000 | loss_scale 32.000 | wall 10073 | train_wall 8020
| epoch 091 | valid on 'valid' subset | loss 5.709 | nll_loss 3.371 | ppl 10.35 | num_updates 44762 | best_loss 5.70871
| epoch 092 | loss 4.807 | nll_loss 2.568 | ppl 5.93 | wps 61930 | ups 4 | wpb 13762.073 | bsz 901.835 | num_updates 45254 | lr 0.000297305 | gnorm 0.191 | clip 1.000 | oom 0.000 | loss_scale 32.000 | wall 10183 | train_wall 8107
| epoch 092 | valid on 'valid' subset | loss 5.709 | nll_loss 3.373 | ppl 10.36 | num_updates 45254 | best_loss 5.70884
| epoch 093 | loss 4.804 | nll_loss 2.565 | ppl 5.92 | wps 61938 | ups 5 | wpb 13762.073 | bsz 901.835 | num_updates 45746 | lr 0.000295701 | gnorm 0.190 | clip 1.000 | oom 0.000 | loss_scale 32.000 | wall 10293 | train_wall 8194
| epoch 093 | valid on 'valid' subset | loss 5.704 | nll_loss 3.363 | ppl 10.29 | num_updates 45746 | best_loss 5.70399
| epoch 094 | loss 4.803 | nll_loss 2.565 | ppl 5.92 | wps 61990 | ups 5 | wpb 13762.073 | bsz 901.835 | num_updates 46238 | lr 0.000294124 | gnorm 0.190 | clip 1.000 | oom 0.000 | loss_scale 32.000 | wall 10403 | train_wall 8282
| epoch 094 | valid on 'valid' subset | loss 5.703 | nll_loss 3.362 | ppl 10.28 | num_updates 46238 | best_loss 5.70306
| epoch 095 | loss 4.802 | nll_loss 2.562 | ppl 5.91 | wps 62085 | ups 5 | wpb 13762.073 | bsz 901.835 | num_updates 46730 | lr 0.000292572 | gnorm 0.189 | clip 1.000 | oom 0.000 | loss_scale 32.000 | wall 10513 | train_wall 8369
| epoch 095 | valid on 'valid' subset | loss 5.707 | nll_loss 3.368 | ppl 10.32 | num_updates 46730 | best_loss 5.70746
| epoch 096 | loss 4.799 | nll_loss 2.559 | ppl 5.89 | wps 61158 | ups 4 | wpb 13762.073 | bsz 901.835 | num_updates 47222 | lr 0.000291043 | gnorm 0.189 | clip 1.000 | oom 0.000 | loss_scale 32.000 | wall 10624 | train_wall 8457
| epoch 096 | valid on 'valid' subset | loss 5.706 | nll_loss 3.370 | ppl 10.34 | num_updates 47222 | best_loss 5.70582
| WARNING: overflow detected, setting loss scale to: 16.0
| epoch 097 | loss 4.798 | nll_loss 2.558 | ppl 5.89 | wps 61498 | ups 4 | wpb 13761.507 | bsz 902.059 | num_updates 47713 | lr 0.000289542 | gnorm 0.191 | clip 1.000 | oom 0.000 | loss_scale 16.000 | wall 10735 | train_wall 8545
| epoch 097 | valid on 'valid' subset | loss 5.714 | nll_loss 3.382 | ppl 10.42 | num_updates 47713 | best_loss 5.70931
| epoch 098 | loss 4.796 | nll_loss 2.554 | ppl 5.87 | wps 62010 | ups 5 | wpb 13762.073 | bsz 901.835 | num_updates 48205 | lr 0.000288061 | gnorm 0.190 | clip 1.000 | oom 0.000 | loss_scale 16.000 | wall 10845 | train_wall 8632
| epoch 098 | valid on 'valid' subset | loss 5.688 | nll_loss 3.351 | ppl 10.2 | num_updates 48205 | best_loss 5.68831
| epoch 099 | loss 4.794 | nll_loss 2.553 | ppl 5.87 | wps 61525 | ups 4 | wpb 13762.073 | bsz 901.835 | num_updates 48697 | lr 0.000286602 | gnorm 0.189 | clip 1.000 | oom 0.000 | loss_scale 16.000 | wall 10956 | train_wall 8721
| epoch 099 | valid on 'valid' subset | loss 5.716 | nll_loss 3.375 | ppl 10.37 | num_updates 48697 | best_loss 5.70931
| epoch 100 | loss 4.793 | nll_loss 2.551 | ppl 5.86 | wps 61656 | ups 4 | wpb 13762.073 | bsz 901.835 | num_updates 49189 | lr 0.000285165 | gnorm 0.191 | clip 1.000 | oom 0.000 | loss_scale 16.000 | wall 11066 | train_wall 8810
| epoch 100 | valid on 'valid' subset | loss 5.693 | nll_loss 3.355 | ppl 10.24 | num_updates 49189 | best_loss 5.69282
| saved checkpoint ./checkpoints/2020-04-03T14-18-04-00-exp24-bpe2500-seed16/checkpoints_si_en/checkpoint100.pt (epoch 100 @ 49189 updates) (writing took 1.0190086364746094 seconds)
| done training in 11064.6 seconds
Done training.
Time at end: Sat Apr 4 02:04:21 EDT 2020
