================ FLORES BASELINE WITH CLIP_NORM=0.1, BPE=2500 AND SEED=18  ================
About to train the supervised for the following language pair: EN-SI
CHECKPOINT_DIR is set to './checkpoints/2020-05-31T01-02-04-00-exp27-bpe2500-si-052720-seed18-nonjoint/checkpoints_en_si'
Creating checkpoint directory if it doesn't exist...
Data folder is: data-bin/wiki_si_en_bpe2500_nonjoint/
Beginning training...
Time at beginning: Sun May 31 06:25:05 EDT 2020
This is train_fairseq
Namespace(activation_dropout=0.2, activation_fn='relu', adam_betas='(0.9, 0.98)', adam_eps=1e-08, adaptive_input=False, adaptive_softmax_cutoff=None, adaptive_softmax_dropout=0, arch='transformer', attention_dropout=0.2, best_checkpoint_metric='loss', bpe=None, bucket_cap_mb=25, clip_norm=0.1, cpu=False, criterion='label_smoothed_cross_entropy', cross_self_attention=False, curriculum=0, data='data-bin/wiki_si_en_bpe2500_nonjoint/', dataset_impl=None, ddp_backend='c10d', decoder_attention_heads=2, decoder_embed_dim=512, decoder_embed_path=None, decoder_ffn_embed_dim=2048, decoder_input_dim=512, decoder_layerdrop=0, decoder_layers=5, decoder_layers_to_keep=None, decoder_learned_pos=False, decoder_normalize_before=True, decoder_output_dim=512, device_id=0, disable_validation=False, distributed_backend='nccl', distributed_init_method=None, distributed_no_spawn=False, distributed_port=-1, distributed_rank=0, distributed_world_size=1, dropout=0.4, empty_cache_freq=0, encoder_attention_heads=2, encoder_embed_dim=512, encoder_embed_path=None, encoder_ffn_embed_dim=2048, encoder_layerdrop=0, encoder_layers=5, encoder_layers_to_keep=None, encoder_learned_pos=False, encoder_normalize_before=True, fast_stat_sync=False, find_unused_parameters=False, fix_batches_to_gpus=False, fixed_validation_seed=None, fp16=True, fp16_init_scale=128, fp16_scale_tolerance=0.0, fp16_scale_window=None, keep_interval_updates=-1, keep_last_epochs=-1, label_smoothing=0.2, layer_wise_attention=False, layernorm_embedding=False, lazy_load=False, left_pad_source='True', left_pad_target='False', load_alignments=False, log_format=None, log_interval=1000, lr=[0.001], lr_scheduler='inverse_sqrt', max_epoch=100, max_sentences=None, max_sentences_valid=None, max_source_positions=1024, max_target_positions=1024, max_tokens=4000, max_tokens_valid=4000, max_update=0, maximize_best_checkpoint_metric=False, memory_efficient_fp16=False, min_loss_scale=0.0001, min_lr=1e-09, no_cross_attention=False, no_epoch_checkpoints=False, no_last_checkpoints=False, no_progress_bar=False, no_save=False, no_save_optimizer_state=False, no_scale_embedding=False, no_token_positional_embeddings=False, num_workers=1, optimizer='adam', optimizer_overrides='{}', raw_text=False, required_batch_size_multiple=8, reset_dataloader=False, reset_lr_scheduler=False, reset_meters=False, reset_optimizer=False, restore_file='checkpoint_last.pt', save_dir='./checkpoints/2020-05-31T01-02-04-00-exp27-bpe2500-si-052720-seed18-nonjoint/checkpoints_en_si', save_interval=10, save_interval_updates=0, seed=18, sentence_avg=False, share_all_embeddings=True, share_decoder_input_output_embed=False, skip_invalid_size_inputs_valid_test=False, source_lang='en', target_lang='si', task='translation', tensorboard_logdir='', threshold_loss_scale=None, tokenizer=None, train_subset='train', truncate_source=False, update_freq=[4], upsample_primary=1, use_bmuf=False, user_dir=None, valid_subset='valid', validate_interval=1, warmup_init_lr=1e-07, warmup_updates=4000, weight_decay=0.0001)
| [en] dictionary: 2632 types
| [si] dictionary: 2632 types
| loaded 2898 examples from: data-bin/wiki_si_en_bpe2500_nonjoint/valid.si-en.en
| loaded 2898 examples from: data-bin/wiki_si_en_bpe2500_nonjoint/valid.si-en.si
| data-bin/wiki_si_en_bpe2500_nonjoint/ valid en-si 2898 examples
TransformerModel(
  (encoder): TransformerEncoder(
    (embed_tokens): Embedding(2632, 512, padding_idx=1)
    (embed_positions): SinusoidalPositionalEmbedding()
    (layers): ModuleList(
      (0): TransformerEncoderLayer(
        (self_attn): MultiheadAttention(
          (k_proj): Linear(in_features=512, out_features=512, bias=True)
          (v_proj): Linear(in_features=512, out_features=512, bias=True)
          (q_proj): Linear(in_features=512, out_features=512, bias=True)
          (out_proj): Linear(in_features=512, out_features=512, bias=True)
        )
        (self_attn_layer_norm): LayerNorm((512,), eps=1e-05, elementwise_affine=True)
        (fc1): Linear(in_features=512, out_features=2048, bias=True)
        (fc2): Linear(in_features=2048, out_features=512, bias=True)
        (final_layer_norm): LayerNorm((512,), eps=1e-05, elementwise_affine=True)
      )
      (1): TransformerEncoderLayer(
        (self_attn): MultiheadAttention(
          (k_proj): Linear(in_features=512, out_features=512, bias=True)
          (v_proj): Linear(in_features=512, out_features=512, bias=True)
          (q_proj): Linear(in_features=512, out_features=512, bias=True)
          (out_proj): Linear(in_features=512, out_features=512, bias=True)
        )
        (self_attn_layer_norm): LayerNorm((512,), eps=1e-05, elementwise_affine=True)
        (fc1): Linear(in_features=512, out_features=2048, bias=True)
        (fc2): Linear(in_features=2048, out_features=512, bias=True)
        (final_layer_norm): LayerNorm((512,), eps=1e-05, elementwise_affine=True)
      )
      (2): TransformerEncoderLayer(
        (self_attn): MultiheadAttention(
          (k_proj): Linear(in_features=512, out_features=512, bias=True)
          (v_proj): Linear(in_features=512, out_features=512, bias=True)
          (q_proj): Linear(in_features=512, out_features=512, bias=True)
          (out_proj): Linear(in_features=512, out_features=512, bias=True)
        )
        (self_attn_layer_norm): LayerNorm((512,), eps=1e-05, elementwise_affine=True)
        (fc1): Linear(in_features=512, out_features=2048, bias=True)
        (fc2): Linear(in_features=2048, out_features=512, bias=True)
        (final_layer_norm): LayerNorm((512,), eps=1e-05, elementwise_affine=True)
      )
      (3): TransformerEncoderLayer(
        (self_attn): MultiheadAttention(
          (k_proj): Linear(in_features=512, out_features=512, bias=True)
          (v_proj): Linear(in_features=512, out_features=512, bias=True)
          (q_proj): Linear(in_features=512, out_features=512, bias=True)
          (out_proj): Linear(in_features=512, out_features=512, bias=True)
        )
        (self_attn_layer_norm): LayerNorm((512,), eps=1e-05, elementwise_affine=True)
        (fc1): Linear(in_features=512, out_features=2048, bias=True)
        (fc2): Linear(in_features=2048, out_features=512, bias=True)
        (final_layer_norm): LayerNorm((512,), eps=1e-05, elementwise_affine=True)
      )
      (4): TransformerEncoderLayer(
        (self_attn): MultiheadAttention(
          (k_proj): Linear(in_features=512, out_features=512, bias=True)
          (v_proj): Linear(in_features=512, out_features=512, bias=True)
          (q_proj): Linear(in_features=512, out_features=512, bias=True)
          (out_proj): Linear(in_features=512, out_features=512, bias=True)
        )
        (self_attn_layer_norm): LayerNorm((512,), eps=1e-05, elementwise_affine=True)
        (fc1): Linear(in_features=512, out_features=2048, bias=True)
        (fc2): Linear(in_features=2048, out_features=512, bias=True)
        (final_layer_norm): LayerNorm((512,), eps=1e-05, elementwise_affine=True)
      )
    )
    (layer_norm): LayerNorm((512,), eps=1e-05, elementwise_affine=True)
  )
  (decoder): TransformerDecoder(
    (embed_tokens): Embedding(2632, 512, padding_idx=1)
    (embed_positions): SinusoidalPositionalEmbedding()
    (layers): ModuleList(
      (0): TransformerDecoderLayer(
        (self_attn): MultiheadAttention(
          (k_proj): Linear(in_features=512, out_features=512, bias=True)
          (v_proj): Linear(in_features=512, out_features=512, bias=True)
          (q_proj): Linear(in_features=512, out_features=512, bias=True)
          (out_proj): Linear(in_features=512, out_features=512, bias=True)
        )
        (self_attn_layer_norm): LayerNorm((512,), eps=1e-05, elementwise_affine=True)
        (encoder_attn): MultiheadAttention(
          (k_proj): Linear(in_features=512, out_features=512, bias=True)
          (v_proj): Linear(in_features=512, out_features=512, bias=True)
          (q_proj): Linear(in_features=512, out_features=512, bias=True)
          (out_proj): Linear(in_features=512, out_features=512, bias=True)
        )
        (encoder_attn_layer_norm): LayerNorm((512,), eps=1e-05, elementwise_affine=True)
        (fc1): Linear(in_features=512, out_features=2048, bias=True)
        (fc2): Linear(in_features=2048, out_features=512, bias=True)
        (final_layer_norm): LayerNorm((512,), eps=1e-05, elementwise_affine=True)
      )
      (1): TransformerDecoderLayer(
        (self_attn): MultiheadAttention(
          (k_proj): Linear(in_features=512, out_features=512, bias=True)
          (v_proj): Linear(in_features=512, out_features=512, bias=True)
          (q_proj): Linear(in_features=512, out_features=512, bias=True)
          (out_proj): Linear(in_features=512, out_features=512, bias=True)
        )
        (self_attn_layer_norm): LayerNorm((512,), eps=1e-05, elementwise_affine=True)
        (encoder_attn): MultiheadAttention(
          (k_proj): Linear(in_features=512, out_features=512, bias=True)
          (v_proj): Linear(in_features=512, out_features=512, bias=True)
          (q_proj): Linear(in_features=512, out_features=512, bias=True)
          (out_proj): Linear(in_features=512, out_features=512, bias=True)
        )
        (encoder_attn_layer_norm): LayerNorm((512,), eps=1e-05, elementwise_affine=True)
        (fc1): Linear(in_features=512, out_features=2048, bias=True)
        (fc2): Linear(in_features=2048, out_features=512, bias=True)
        (final_layer_norm): LayerNorm((512,), eps=1e-05, elementwise_affine=True)
      )
      (2): TransformerDecoderLayer(
        (self_attn): MultiheadAttention(
          (k_proj): Linear(in_features=512, out_features=512, bias=True)
          (v_proj): Linear(in_features=512, out_features=512, bias=True)
          (q_proj): Linear(in_features=512, out_features=512, bias=True)
          (out_proj): Linear(in_features=512, out_features=512, bias=True)
        )
        (self_attn_layer_norm): LayerNorm((512,), eps=1e-05, elementwise_affine=True)
        (encoder_attn): MultiheadAttention(
          (k_proj): Linear(in_features=512, out_features=512, bias=True)
          (v_proj): Linear(in_features=512, out_features=512, bias=True)
          (q_proj): Linear(in_features=512, out_features=512, bias=True)
          (out_proj): Linear(in_features=512, out_features=512, bias=True)
        )
        (encoder_attn_layer_norm): LayerNorm((512,), eps=1e-05, elementwise_affine=True)
        (fc1): Linear(in_features=512, out_features=2048, bias=True)
        (fc2): Linear(in_features=2048, out_features=512, bias=True)
        (final_layer_norm): LayerNorm((512,), eps=1e-05, elementwise_affine=True)
      )
      (3): TransformerDecoderLayer(
        (self_attn): MultiheadAttention(
          (k_proj): Linear(in_features=512, out_features=512, bias=True)
          (v_proj): Linear(in_features=512, out_features=512, bias=True)
          (q_proj): Linear(in_features=512, out_features=512, bias=True)
          (out_proj): Linear(in_features=512, out_features=512, bias=True)
        )
        (self_attn_layer_norm): LayerNorm((512,), eps=1e-05, elementwise_affine=True)
        (encoder_attn): MultiheadAttention(
          (k_proj): Linear(in_features=512, out_features=512, bias=True)
          (v_proj): Linear(in_features=512, out_features=512, bias=True)
          (q_proj): Linear(in_features=512, out_features=512, bias=True)
          (out_proj): Linear(in_features=512, out_features=512, bias=True)
        )
        (encoder_attn_layer_norm): LayerNorm((512,), eps=1e-05, elementwise_affine=True)
        (fc1): Linear(in_features=512, out_features=2048, bias=True)
        (fc2): Linear(in_features=2048, out_features=512, bias=True)
        (final_layer_norm): LayerNorm((512,), eps=1e-05, elementwise_affine=True)
      )
      (4): TransformerDecoderLayer(
        (self_attn): MultiheadAttention(
          (k_proj): Linear(in_features=512, out_features=512, bias=True)
          (v_proj): Linear(in_features=512, out_features=512, bias=True)
          (q_proj): Linear(in_features=512, out_features=512, bias=True)
          (out_proj): Linear(in_features=512, out_features=512, bias=True)
        )
        (self_attn_layer_norm): LayerNorm((512,), eps=1e-05, elementwise_affine=True)
        (encoder_attn): MultiheadAttention(
          (k_proj): Linear(in_features=512, out_features=512, bias=True)
          (v_proj): Linear(in_features=512, out_features=512, bias=True)
          (q_proj): Linear(in_features=512, out_features=512, bias=True)
          (out_proj): Linear(in_features=512, out_features=512, bias=True)
        )
        (encoder_attn_layer_norm): LayerNorm((512,), eps=1e-05, elementwise_affine=True)
        (fc1): Linear(in_features=512, out_features=2048, bias=True)
        (fc2): Linear(in_features=2048, out_features=512, bias=True)
        (final_layer_norm): LayerNorm((512,), eps=1e-05, elementwise_affine=True)
      )
    )
    (layer_norm): LayerNorm((512,), eps=1e-05, elementwise_affine=True)
  )
)
| model transformer, criterion LabelSmoothedCrossEntropyCriterion
| num. model params: 38131712 (num. trained: 38131712)
| training on 1 GPUs
| max tokens per GPU = 4000 and max sentences per GPU = None
| no existing checkpoint found ./checkpoints/2020-05-31T01-02-04-00-exp27-bpe2500-si-052720-seed18-nonjoint/checkpoints_en_si/checkpoint_last.pt
| loading train data for epoch 0
| loaded 646686 examples from: data-bin/wiki_si_en_bpe2500_nonjoint/train.si-en.en
| loaded 646686 examples from: data-bin/wiki_si_en_bpe2500_nonjoint/train.si-en.si
| data-bin/wiki_si_en_bpe2500_nonjoint/ train en-si 646686 examples
| WARNING: overflow detected, setting loss scale to: 64.0
| WARNING: overflow detected, setting loss scale to: 32.0
| WARNING: overflow detected, setting loss scale to: 16.0
| epoch 001 | loss 9.316 | nll_loss 8.503 | ppl 362.73 | wps 36551 | ups 4 | wpb 8343.655 | bsz 764.278 | num_updates 843 | lr 0.000210829 | gnorm 0.787 | clip 1.000 | oom 0.000 | loss_scale 16.000 | wall 192 | train_wall 158
| epoch 001 | valid on 'valid' subset | loss 9.765 | nll_loss 8.981 | ppl 505.31 | num_updates 843
| epoch 002 | loss 7.826 | nll_loss 6.487 | ppl 89.7 | wps 37589 | ups 5 | wpb 8345.820 | bsz 764.404 | num_updates 1689 | lr 0.000422308 | gnorm 0.527 | clip 1.000 | oom 0.000 | loss_scale 16.000 | wall 381 | train_wall 316
| epoch 002 | valid on 'valid' subset | loss 8.797 | nll_loss 7.575 | ppl 190.71 | num_updates 1689
| epoch 003 | loss 7.163 | nll_loss 5.596 | ppl 48.36 | wps 37736 | ups 5 | wpb 8345.820 | bsz 764.404 | num_updates 2535 | lr 0.000633787 | gnorm 0.444 | clip 1.000 | oom 0.000 | loss_scale 16.000 | wall 569 | train_wall 473
| epoch 003 | valid on 'valid' subset | loss 8.459 | nll_loss 7.097 | ppl 136.88 | num_updates 2535
| epoch 004 | loss 6.787 | nll_loss 5.097 | ppl 34.23 | wps 37818 | ups 5 | wpb 8345.820 | bsz 764.404 | num_updates 3381 | lr 0.000845265 | gnorm 0.401 | clip 1.000 | oom 0.000 | loss_scale 16.000 | wall 757 | train_wall 630
| epoch 004 | valid on 'valid' subset | loss 8.114 | nll_loss 6.624 | ppl 98.65 | num_updates 3381
| epoch 005 | loss 6.525 | nll_loss 4.752 | ppl 26.95 | wps 37648 | ups 5 | wpb 8345.820 | bsz 764.404 | num_updates 4227 | lr 0.000972778 | gnorm 0.367 | clip 1.000 | oom 0.000 | loss_scale 16.000 | wall 946 | train_wall 787
| epoch 005 | valid on 'valid' subset | loss 7.954 | nll_loss 6.356 | ppl 81.91 | num_updates 4227
| epoch 006 | loss 6.307 | nll_loss 4.468 | ppl 22.13 | wps 37738 | ups 5 | wpb 8345.820 | bsz 764.404 | num_updates 5073 | lr 0.000887969 | gnorm 0.331 | clip 1.000 | oom 0.000 | loss_scale 32.000 | wall 1134 | train_wall 943
| epoch 006 | valid on 'valid' subset | loss 7.700 | nll_loss 6.020 | ppl 64.89 | num_updates 5073
| epoch 007 | loss 6.148 | nll_loss 4.261 | ppl 19.17 | wps 37609 | ups 5 | wpb 8345.820 | bsz 764.404 | num_updates 5919 | lr 0.000822064 | gnorm 0.306 | clip 1.000 | oom 0.000 | loss_scale 32.000 | wall 1322 | train_wall 1101
| epoch 007 | valid on 'valid' subset | loss 7.570 | nll_loss 5.837 | ppl 57.16 | num_updates 5919
| epoch 008 | loss 6.034 | nll_loss 4.113 | ppl 17.31 | wps 37661 | ups 5 | wpb 8345.820 | bsz 764.404 | num_updates 6765 | lr 0.000768946 | gnorm 0.289 | clip 1.000 | oom 0.000 | loss_scale 32.000 | wall 1511 | train_wall 1257
| epoch 008 | valid on 'valid' subset | loss 7.488 | nll_loss 5.701 | ppl 52.01 | num_updates 6765
| epoch 009 | loss 5.950 | nll_loss 4.004 | ppl 16.05 | wps 37739 | ups 5 | wpb 8345.820 | bsz 764.404 | num_updates 7611 | lr 0.000724952 | gnorm 0.280 | clip 1.000 | oom 0.000 | loss_scale 32.000 | wall 1699 | train_wall 1414
| epoch 009 | valid on 'valid' subset | loss 7.378 | nll_loss 5.532 | ppl 46.28 | num_updates 7611
| epoch 010 | loss 5.882 | nll_loss 3.917 | ppl 15.1 | wps 37588 | ups 5 | wpb 8345.820 | bsz 764.404 | num_updates 8457 | lr 0.000687736 | gnorm 0.270 | clip 1.000 | oom 0.000 | loss_scale 64.000 | wall 1888 | train_wall 1571
| epoch 010 | valid on 'valid' subset | loss 7.266 | nll_loss 5.404 | ppl 42.34 | num_updates 8457
| saved checkpoint ./checkpoints/2020-05-31T01-02-04-00-exp27-bpe2500-si-052720-seed18-nonjoint/checkpoints_en_si/checkpoint10.pt (epoch 10 @ 8457 updates) (writing took 0.7260105609893799 seconds)
| WARNING: overflow detected, setting loss scale to: 32.0
| epoch 011 | loss 5.828 | nll_loss 3.846 | ppl 14.38 | wps 37879 | ups 5 | wpb 8346.534 | bsz 764.059 | num_updates 9302 | lr 0.000655755 | gnorm 0.264 | clip 1.000 | oom 0.000 | loss_scale 32.000 | wall 2075 | train_wall 1727
| epoch 011 | valid on 'valid' subset | loss 7.216 | nll_loss 5.320 | ppl 39.95 | num_updates 9302 | best_loss 7.21609
| epoch 012 | loss 5.783 | nll_loss 3.788 | ppl 13.81 | wps 37967 | ups 5 | wpb 8345.820 | bsz 764.404 | num_updates 10148 | lr 0.000627827 | gnorm 0.261 | clip 1.000 | oom 0.000 | loss_scale 32.000 | wall 2262 | train_wall 1883
| epoch 012 | valid on 'valid' subset | loss 7.185 | nll_loss 5.259 | ppl 38.28 | num_updates 10148 | best_loss 7.18543
| epoch 013 | loss 5.744 | nll_loss 3.738 | ppl 13.34 | wps 37982 | ups 5 | wpb 8345.820 | bsz 764.404 | num_updates 10994 | lr 0.000603187 | gnorm 0.256 | clip 1.000 | oom 0.000 | loss_scale 32.000 | wall 2449 | train_wall 2039
| epoch 013 | valid on 'valid' subset | loss 7.090 | nll_loss 5.149 | ppl 35.48 | num_updates 10994 | best_loss 7.09043
| epoch 014 | loss 5.710 | nll_loss 3.694 | ppl 12.94 | wps 37966 | ups 5 | wpb 8345.820 | bsz 764.404 | num_updates 11840 | lr 0.000581238 | gnorm 0.253 | clip 1.000 | oom 0.000 | loss_scale 32.000 | wall 2636 | train_wall 2195
| epoch 014 | valid on 'valid' subset | loss 7.072 | nll_loss 5.114 | ppl 34.62 | num_updates 11840 | best_loss 7.07166
| epoch 015 | loss 5.680 | nll_loss 3.655 | ppl 12.6 | wps 37886 | ups 5 | wpb 8345.820 | bsz 764.404 | num_updates 12686 | lr 0.000561523 | gnorm 0.250 | clip 1.000 | oom 0.000 | loss_scale 64.000 | wall 2824 | train_wall 2351
| epoch 015 | valid on 'valid' subset | loss 7.044 | nll_loss 5.071 | ppl 33.62 | num_updates 12686 | best_loss 7.04426
| WARNING: overflow detected, setting loss scale to: 32.0
| epoch 016 | loss 5.655 | nll_loss 3.622 | ppl 12.31 | wps 37809 | ups 5 | wpb 8345.110 | bsz 763.709 | num_updates 13531 | lr 0.000543707 | gnorm 0.250 | clip 1.000 | oom 0.000 | loss_scale 32.000 | wall 3011 | train_wall 2508
| epoch 016 | valid on 'valid' subset | loss 7.026 | nll_loss 5.043 | ppl 32.97 | num_updates 13531 | best_loss 7.02631
| epoch 017 | loss 5.630 | nll_loss 3.591 | ppl 12.05 | wps 37799 | ups 5 | wpb 8345.820 | bsz 764.404 | num_updates 14377 | lr 0.000527468 | gnorm 0.245 | clip 1.000 | oom 0.000 | loss_scale 32.000 | wall 3199 | train_wall 2664
| epoch 017 | valid on 'valid' subset | loss 6.979 | nll_loss 4.980 | ppl 31.56 | num_updates 14377 | best_loss 6.97945
| epoch 018 | loss 5.609 | nll_loss 3.564 | ppl 11.83 | wps 37559 | ups 5 | wpb 8345.820 | bsz 764.404 | num_updates 15223 | lr 0.000512601 | gnorm 0.246 | clip 1.000 | oom 0.000 | loss_scale 32.000 | wall 3388 | train_wall 2821
| epoch 018 | valid on 'valid' subset | loss 6.947 | nll_loss 4.938 | ppl 30.65 | num_updates 15223 | best_loss 6.94711
| epoch 019 | loss 5.589 | nll_loss 3.538 | ppl 11.62 | wps 38016 | ups 5 | wpb 8345.820 | bsz 764.404 | num_updates 16069 | lr 0.000498925 | gnorm 0.244 | clip 1.000 | oom 0.000 | loss_scale 32.000 | wall 3574 | train_wall 2978
| epoch 019 | valid on 'valid' subset | loss 6.916 | nll_loss 4.909 | ppl 30.05 | num_updates 16069 | best_loss 6.91565
| epoch 020 | loss 5.573 | nll_loss 3.517 | ppl 11.45 | wps 37933 | ups 5 | wpb 8345.820 | bsz 764.404 | num_updates 16915 | lr 0.000486288 | gnorm 0.245 | clip 1.000 | oom 0.000 | loss_scale 64.000 | wall 3762 | train_wall 3135
| epoch 020 | valid on 'valid' subset | loss 6.891 | nll_loss 4.864 | ppl 29.13 | num_updates 16915 | best_loss 6.89137
| saved checkpoint ./checkpoints/2020-05-31T01-02-04-00-exp27-bpe2500-si-052720-seed18-nonjoint/checkpoints_en_si/checkpoint20.pt (epoch 20 @ 16915 updates) (writing took 1.0004889965057373 seconds)
| WARNING: overflow detected, setting loss scale to: 32.0
| epoch 021 | loss 5.556 | nll_loss 3.496 | ppl 11.28 | wps 37770 | ups 5 | wpb 8345.027 | bsz 763.633 | num_updates 17760 | lr 0.000474579 | gnorm 0.243 | clip 1.000 | oom 0.000 | loss_scale 32.000 | wall 3950 | train_wall 3291
| epoch 021 | valid on 'valid' subset | loss 6.861 | nll_loss 4.824 | ppl 28.32 | num_updates 17760 | best_loss 6.86072
| epoch 022 | loss 5.541 | nll_loss 3.475 | ppl 11.12 | wps 38078 | ups 5 | wpb 8345.820 | bsz 764.404 | num_updates 18606 | lr 0.000463664 | gnorm 0.242 | clip 1.000 | oom 0.000 | loss_scale 32.000 | wall 4137 | train_wall 3447
| epoch 022 | valid on 'valid' subset | loss 6.882 | nll_loss 4.845 | ppl 28.74 | num_updates 18606 | best_loss 6.88199
| epoch 023 | loss 5.527 | nll_loss 3.457 | ppl 10.98 | wps 38088 | ups 5 | wpb 8345.820 | bsz 764.404 | num_updates 19452 | lr 0.000453469 | gnorm 0.242 | clip 1.000 | oom 0.000 | loss_scale 32.000 | wall 4323 | train_wall 3603
| epoch 023 | valid on 'valid' subset | loss 6.862 | nll_loss 4.811 | ppl 28.08 | num_updates 19452 | best_loss 6.86226
| epoch 024 | loss 5.513 | nll_loss 3.440 | ppl 10.85 | wps 37750 | ups 5 | wpb 8345.820 | bsz 764.404 | num_updates 20298 | lr 0.000443919 | gnorm 0.241 | clip 1.000 | oom 0.000 | loss_scale 32.000 | wall 4511 | train_wall 3759
| epoch 024 | valid on 'valid' subset | loss 6.831 | nll_loss 4.774 | ppl 27.35 | num_updates 20298 | best_loss 6.83073
| WARNING: overflow detected, setting loss scale to: 16.0
| epoch 025 | loss 5.500 | nll_loss 3.422 | ppl 10.72 | wps 37661 | ups 5 | wpb 8344.263 | bsz 764.391 | num_updates 21143 | lr 0.000434957 | gnorm 0.241 | clip 1.000 | oom 0.000 | loss_scale 16.000 | wall 4699 | train_wall 3916
| epoch 025 | valid on 'valid' subset | loss 6.834 | nll_loss 4.781 | ppl 27.49 | num_updates 21143 | best_loss 6.83426
| epoch 026 | loss 5.490 | nll_loss 3.409 | ppl 10.63 | wps 37753 | ups 5 | wpb 8345.820 | bsz 764.404 | num_updates 21989 | lr 0.000426508 | gnorm 0.239 | clip 1.000 | oom 0.000 | loss_scale 16.000 | wall 4887 | train_wall 4073
| epoch 026 | valid on 'valid' subset | loss 6.805 | nll_loss 4.734 | ppl 26.6 | num_updates 21989 | best_loss 6.80486
| epoch 027 | loss 5.477 | nll_loss 3.393 | ppl 10.51 | wps 37596 | ups 5 | wpb 8345.820 | bsz 764.404 | num_updates 22835 | lr 0.000418533 | gnorm 0.239 | clip 1.000 | oom 0.000 | loss_scale 16.000 | wall 5076 | train_wall 4230
| epoch 027 | valid on 'valid' subset | loss 6.785 | nll_loss 4.713 | ppl 26.22 | num_updates 22835 | best_loss 6.78499
| epoch 028 | loss 5.468 | nll_loss 3.381 | ppl 10.42 | wps 37991 | ups 5 | wpb 8345.820 | bsz 764.404 | num_updates 23681 | lr 0.000410989 | gnorm 0.241 | clip 1.000 | oom 0.000 | loss_scale 16.000 | wall 5263 | train_wall 4387
| epoch 028 | valid on 'valid' subset | loss 6.791 | nll_loss 4.713 | ppl 26.23 | num_updates 23681 | best_loss 6.79087
| epoch 029 | loss 5.458 | nll_loss 3.368 | ppl 10.33 | wps 37793 | ups 5 | wpb 8345.820 | bsz 764.404 | num_updates 24527 | lr 0.000403839 | gnorm 0.239 | clip 1.000 | oom 0.000 | loss_scale 16.000 | wall 5451 | train_wall 4543
| epoch 029 | valid on 'valid' subset | loss 6.780 | nll_loss 4.696 | ppl 25.92 | num_updates 24527 | best_loss 6.77999
| epoch 030 | loss 5.448 | nll_loss 3.355 | ppl 10.23 | wps 37884 | ups 5 | wpb 8345.820 | bsz 764.404 | num_updates 25373 | lr 0.000397049 | gnorm 0.240 | clip 1.000 | oom 0.000 | loss_scale 32.000 | wall 5638 | train_wall 4700
| epoch 030 | valid on 'valid' subset | loss 6.763 | nll_loss 4.683 | ppl 25.69 | num_updates 25373 | best_loss 6.76334
| saved checkpoint ./checkpoints/2020-05-31T01-02-04-00-exp27-bpe2500-si-052720-seed18-nonjoint/checkpoints_en_si/checkpoint30.pt (epoch 30 @ 25373 updates) (writing took 1.0001378059387207 seconds)
| epoch 031 | loss 5.439 | nll_loss 3.345 | ppl 10.16 | wps 37732 | ups 5 | wpb 8345.820 | bsz 764.404 | num_updates 26219 | lr 0.000390591 | gnorm 0.239 | clip 1.000 | oom 0.000 | loss_scale 32.000 | wall 5827 | train_wall 4857
| epoch 031 | valid on 'valid' subset | loss 6.747 | nll_loss 4.663 | ppl 25.34 | num_updates 26219 | best_loss 6.74703
| epoch 032 | loss 5.431 | nll_loss 3.334 | ppl 10.09 | wps 37691 | ups 5 | wpb 8345.820 | bsz 764.404 | num_updates 27065 | lr 0.000384438 | gnorm 0.240 | clip 1.000 | oom 0.000 | loss_scale 32.000 | wall 6015 | train_wall 5014
| epoch 032 | valid on 'valid' subset | loss 6.723 | nll_loss 4.627 | ppl 24.71 | num_updates 27065 | best_loss 6.7229
| epoch 033 | loss 5.423 | nll_loss 3.323 | ppl 10.01 | wps 37706 | ups 5 | wpb 8345.820 | bsz 764.404 | num_updates 27911 | lr 0.000378567 | gnorm 0.240 | clip 1.000 | oom 0.000 | loss_scale 32.000 | wall 6204 | train_wall 5171
| epoch 033 | valid on 'valid' subset | loss 6.743 | nll_loss 4.657 | ppl 25.22 | num_updates 27911 | best_loss 6.74279
| epoch 034 | loss 5.415 | nll_loss 3.314 | ppl 9.94 | wps 37626 | ups 5 | wpb 8345.820 | bsz 764.404 | num_updates 28757 | lr 0.000372957 | gnorm 0.239 | clip 1.000 | oom 0.000 | loss_scale 32.000 | wall 6392 | train_wall 5328
| epoch 034 | valid on 'valid' subset | loss 6.737 | nll_loss 4.643 | ppl 24.98 | num_updates 28757 | best_loss 6.73683
| epoch 035 | loss 5.408 | nll_loss 3.305 | ppl 9.88 | wps 37867 | ups 5 | wpb 8345.820 | bsz 764.404 | num_updates 29603 | lr 0.000367589 | gnorm 0.239 | clip 1.000 | oom 0.000 | loss_scale 64.000 | wall 6580 | train_wall 5485
| epoch 035 | valid on 'valid' subset | loss 6.727 | nll_loss 4.634 | ppl 24.82 | num_updates 29603 | best_loss 6.72733
| epoch 036 | loss 5.402 | nll_loss 3.296 | ppl 9.82 | wps 37748 | ups 5 | wpb 8345.820 | bsz 764.404 | num_updates 30449 | lr 0.000362446 | gnorm 0.239 | clip 1.000 | oom 0.000 | loss_scale 64.000 | wall 6768 | train_wall 5641
| epoch 036 | valid on 'valid' subset | loss 6.702 | nll_loss 4.600 | ppl 24.25 | num_updates 30449 | best_loss 6.70223
| epoch 037 | loss 5.395 | nll_loss 3.287 | ppl 9.76 | wps 37316 | ups 4 | wpb 8345.820 | bsz 764.404 | num_updates 31295 | lr 0.000357514 | gnorm 0.239 | clip 1.000 | oom 0.000 | loss_scale 64.000 | wall 6958 | train_wall 5799
| epoch 037 | valid on 'valid' subset | loss 6.705 | nll_loss 4.606 | ppl 24.36 | num_updates 31295 | best_loss 6.70527
| epoch 038 | loss 5.389 | nll_loss 3.280 | ppl 9.71 | wps 37676 | ups 5 | wpb 8345.820 | bsz 764.404 | num_updates 32141 | lr 0.000352777 | gnorm 0.240 | clip 1.000 | oom 0.000 | loss_scale 64.000 | wall 7146 | train_wall 5956
| epoch 038 | valid on 'valid' subset | loss 6.688 | nll_loss 4.581 | ppl 23.93 | num_updates 32141 | best_loss 6.68815
| epoch 039 | loss 5.382 | nll_loss 3.271 | ppl 9.65 | wps 37781 | ups 5 | wpb 8345.820 | bsz 764.404 | num_updates 32987 | lr 0.000348224 | gnorm 0.241 | clip 1.000 | oom 0.000 | loss_scale 64.000 | wall 7334 | train_wall 6112
| epoch 039 | valid on 'valid' subset | loss 6.717 | nll_loss 4.623 | ppl 24.64 | num_updates 32987 | best_loss 6.71701
| WARNING: overflow detected, setting loss scale to: 64.0
| epoch 040 | loss 5.376 | nll_loss 3.263 | ppl 9.6 | wps 37824 | ups 5 | wpb 8342.925 | bsz 764.277 | num_updates 33832 | lr 0.000343848 | gnorm 0.239 | clip 1.000 | oom 0.000 | loss_scale 64.000 | wall 7522 | train_wall 6268
| epoch 040 | valid on 'valid' subset | loss 6.682 | nll_loss 4.569 | ppl 23.74 | num_updates 33832 | best_loss 6.68196
| saved checkpoint ./checkpoints/2020-05-31T01-02-04-00-exp27-bpe2500-si-052720-seed18-nonjoint/checkpoints_en_si/checkpoint40.pt (epoch 40 @ 33832 updates) (writing took 0.9937558174133301 seconds)
| epoch 041 | loss 5.370 | nll_loss 3.255 | ppl 9.54 | wps 37389 | ups 4 | wpb 8345.820 | bsz 764.404 | num_updates 34678 | lr 0.000339628 | gnorm 0.239 | clip 1.000 | oom 0.000 | loss_scale 64.000 | wall 7712 | train_wall 6426
| epoch 041 | valid on 'valid' subset | loss 6.674 | nll_loss 4.559 | ppl 23.57 | num_updates 34678 | best_loss 6.67443
| epoch 042 | loss 5.365 | nll_loss 3.249 | ppl 9.5 | wps 37760 | ups 5 | wpb 8345.820 | bsz 764.404 | num_updates 35524 | lr 0.000335559 | gnorm 0.241 | clip 1.000 | oom 0.000 | loss_scale 64.000 | wall 7900 | train_wall 6583
| epoch 042 | valid on 'valid' subset | loss 6.689 | nll_loss 4.586 | ppl 24.02 | num_updates 35524 | best_loss 6.68196
| epoch 043 | loss 5.360 | nll_loss 3.242 | ppl 9.46 | wps 38007 | ups 5 | wpb 8345.820 | bsz 764.404 | num_updates 36370 | lr 0.000331633 | gnorm 0.239 | clip 1.000 | oom 0.000 | loss_scale 64.000 | wall 8087 | train_wall 6739
| epoch 043 | valid on 'valid' subset | loss 6.664 | nll_loss 4.548 | ppl 23.39 | num_updates 36370 | best_loss 6.66421
| epoch 044 | loss 5.354 | nll_loss 3.235 | ppl 9.41 | wps 37869 | ups 5 | wpb 8345.820 | bsz 764.404 | num_updates 37216 | lr 0.000327842 | gnorm 0.240 | clip 1.000 | oom 0.000 | loss_scale 64.000 | wall 8274 | train_wall 6895
| epoch 044 | valid on 'valid' subset | loss 6.646 | nll_loss 4.516 | ppl 22.89 | num_updates 37216 | best_loss 6.6456
| WARNING: overflow detected, setting loss scale to: 64.0
| epoch 045 | loss 5.349 | nll_loss 3.228 | ppl 9.37 | wps 38094 | ups 5 | wpb 8343.047 | bsz 764.561 | num_updates 38061 | lr 0.000324183 | gnorm 0.239 | clip 1.000 | oom 0.000 | loss_scale 64.000 | wall 8461 | train_wall 7051
| epoch 045 | valid on 'valid' subset | loss 6.663 | nll_loss 4.544 | ppl 23.33 | num_updates 38061 | best_loss 6.66281
| epoch 046 | loss 5.344 | nll_loss 3.222 | ppl 9.33 | wps 37823 | ups 5 | wpb 8345.820 | bsz 764.404 | num_updates 38907 | lr 0.000320639 | gnorm 0.242 | clip 1.000 | oom 0.000 | loss_scale 64.000 | wall 8648 | train_wall 7208
| epoch 046 | valid on 'valid' subset | loss 6.660 | nll_loss 4.534 | ppl 23.17 | num_updates 38907 | best_loss 6.65969
| epoch 047 | loss 5.339 | nll_loss 3.216 | ppl 9.29 | wps 37712 | ups 5 | wpb 8345.820 | bsz 764.404 | num_updates 39753 | lr 0.000317209 | gnorm 0.240 | clip 1.000 | oom 0.000 | loss_scale 64.000 | wall 8836 | train_wall 7365
| epoch 047 | valid on 'valid' subset | loss 6.670 | nll_loss 4.558 | ppl 23.55 | num_updates 39753 | best_loss 6.67041
| epoch 048 | loss 5.335 | nll_loss 3.210 | ppl 9.25 | wps 37651 | ups 5 | wpb 8345.820 | bsz 764.404 | num_updates 40599 | lr 0.000313886 | gnorm 0.240 | clip 1.000 | oom 0.000 | loss_scale 64.000 | wall 9025 | train_wall 7521
| epoch 048 | valid on 'valid' subset | loss 6.640 | nll_loss 4.509 | ppl 22.76 | num_updates 40599 | best_loss 6.63977
| epoch 049 | loss 5.330 | nll_loss 3.204 | ppl 9.21 | wps 37527 | ups 4 | wpb 8345.820 | bsz 764.404 | num_updates 41445 | lr 0.000310666 | gnorm 0.241 | clip 1.000 | oom 0.000 | loss_scale 64.000 | wall 9214 | train_wall 7678
| epoch 049 | valid on 'valid' subset | loss 6.663 | nll_loss 4.550 | ppl 23.42 | num_updates 41445 | best_loss 6.66331
| WARNING: overflow detected, setting loss scale to: 64.0
| epoch 050 | loss 5.326 | nll_loss 3.199 | ppl 9.18 | wps 37619 | ups 5 | wpb 8345.601 | bsz 764.665 | num_updates 42290 | lr 0.000307547 | gnorm 0.242 | clip 1.000 | oom 0.000 | loss_scale 64.000 | wall 9402 | train_wall 7836
| epoch 050 | valid on 'valid' subset | loss 6.652 | nll_loss 4.531 | ppl 23.12 | num_updates 42290 | best_loss 6.65168
| saved checkpoint ./checkpoints/2020-05-31T01-02-04-00-exp27-bpe2500-si-052720-seed18-nonjoint/checkpoints_en_si/checkpoint50.pt (epoch 50 @ 42290 updates) (writing took 1.0152308940887451 seconds)
| epoch 051 | loss 5.322 | nll_loss 3.194 | ppl 9.15 | wps 38083 | ups 5 | wpb 8345.820 | bsz 764.404 | num_updates 43136 | lr 0.000304516 | gnorm 0.241 | clip 1.000 | oom 0.000 | loss_scale 64.000 | wall 9590 | train_wall 7992
| epoch 051 | valid on 'valid' subset | loss 6.630 | nll_loss 4.503 | ppl 22.67 | num_updates 43136 | best_loss 6.62973
| WARNING: overflow detected, setting loss scale to: 32.0
| epoch 052 | loss 5.318 | nll_loss 3.188 | ppl 9.11 | wps 37642 | ups 5 | wpb 8345.265 | bsz 764.533 | num_updates 43981 | lr 0.000301576 | gnorm 0.242 | clip 1.000 | oom 0.000 | loss_scale 32.000 | wall 9778 | train_wall 8149
| epoch 052 | valid on 'valid' subset | loss 6.612 | nll_loss 4.470 | ppl 22.15 | num_updates 43981 | best_loss 6.61218
| epoch 053 | loss 5.314 | nll_loss 3.183 | ppl 9.08 | wps 37472 | ups 4 | wpb 8345.820 | bsz 764.404 | num_updates 44827 | lr 0.000298717 | gnorm 0.242 | clip 1.000 | oom 0.000 | loss_scale 32.000 | wall 9967 | train_wall 8306
| epoch 053 | valid on 'valid' subset | loss 6.617 | nll_loss 4.482 | ppl 22.35 | num_updates 44827 | best_loss 6.61677
| epoch 054 | loss 5.310 | nll_loss 3.178 | ppl 9.05 | wps 38183 | ups 5 | wpb 8345.820 | bsz 764.404 | num_updates 45673 | lr 0.000295938 | gnorm 0.241 | clip 1.000 | oom 0.000 | loss_scale 32.000 | wall 10153 | train_wall 8461
| epoch 054 | valid on 'valid' subset | loss 6.622 | nll_loss 4.490 | ppl 22.47 | num_updates 45673 | best_loss 6.62184
| epoch 055 | loss 5.307 | nll_loss 3.174 | ppl 9.03 | wps 37727 | ups 5 | wpb 8345.820 | bsz 764.404 | num_updates 46519 | lr 0.000293234 | gnorm 0.242 | clip 1.000 | oom 0.000 | loss_scale 32.000 | wall 10342 | train_wall 8618
| epoch 055 | valid on 'valid' subset | loss 6.618 | nll_loss 4.487 | ppl 22.42 | num_updates 46519 | best_loss 6.61774
| epoch 056 | loss 5.304 | nll_loss 3.170 | ppl 9 | wps 37826 | ups 5 | wpb 8345.820 | bsz 764.404 | num_updates 47365 | lr 0.000290604 | gnorm 0.243 | clip 1.000 | oom 0.000 | loss_scale 64.000 | wall 10529 | train_wall 8775
| epoch 056 | valid on 'valid' subset | loss 6.589 | nll_loss 4.434 | ppl 21.62 | num_updates 47365 | best_loss 6.58923
| epoch 057 | loss 5.299 | nll_loss 3.163 | ppl 8.96 | wps 37828 | ups 5 | wpb 8345.820 | bsz 764.404 | num_updates 48211 | lr 0.000288043 | gnorm 0.243 | clip 1.000 | oom 0.000 | loss_scale 64.000 | wall 10717 | train_wall 8932
| epoch 057 | valid on 'valid' subset | loss 6.595 | nll_loss 4.445 | ppl 21.78 | num_updates 48211 | best_loss 6.59472
| epoch 058 | loss 5.296 | nll_loss 3.160 | ppl 8.94 | wps 37759 | ups 5 | wpb 8345.820 | bsz 764.404 | num_updates 49057 | lr 0.000285548 | gnorm 0.244 | clip 1.000 | oom 0.000 | loss_scale 64.000 | wall 10905 | train_wall 9088
| epoch 058 | valid on 'valid' subset | loss 6.605 | nll_loss 4.469 | ppl 22.15 | num_updates 49057 | best_loss 6.60484
| WARNING: overflow detected, setting loss scale to: 32.0
| epoch 059 | loss 5.292 | nll_loss 3.154 | ppl 8.9 | wps 37404 | ups 4 | wpb 8343.606 | bsz 764.817 | num_updates 49902 | lr 0.00028312 | gnorm 0.243 | clip 1.000 | oom 0.000 | loss_scale 32.000 | wall 11094 | train_wall 9246
| epoch 059 | valid on 'valid' subset | loss 6.576 | nll_loss 4.425 | ppl 21.48 | num_updates 49902 | best_loss 6.57631
| epoch 060 | loss 5.289 | nll_loss 3.151 | ppl 8.88 | wps 37764 | ups 5 | wpb 8345.820 | bsz 764.404 | num_updates 50748 | lr 0.00028075 | gnorm 0.243 | clip 1.000 | oom 0.000 | loss_scale 32.000 | wall 11282 | train_wall 9402
| epoch 060 | valid on 'valid' subset | loss 6.600 | nll_loss 4.467 | ppl 22.12 | num_updates 50748 | best_loss 6.60002
| saved checkpoint ./checkpoints/2020-05-31T01-02-04-00-exp27-bpe2500-si-052720-seed18-nonjoint/checkpoints_en_si/checkpoint60.pt (epoch 60 @ 50748 updates) (writing took 0.9834868907928467 seconds)
| epoch 061 | loss 5.286 | nll_loss 3.146 | ppl 8.85 | wps 37776 | ups 5 | wpb 8345.820 | bsz 764.404 | num_updates 51594 | lr 0.000278439 | gnorm 0.243 | clip 1.000 | oom 0.000 | loss_scale 32.000 | wall 11471 | train_wall 9559
| epoch 061 | valid on 'valid' subset | loss 6.594 | nll_loss 4.455 | ppl 21.93 | num_updates 51594 | best_loss 6.59382
| epoch 062 | loss 5.282 | nll_loss 3.142 | ppl 8.83 | wps 37744 | ups 5 | wpb 8345.820 | bsz 764.404 | num_updates 52440 | lr 0.000276184 | gnorm 0.244 | clip 1.000 | oom 0.000 | loss_scale 32.000 | wall 11659 | train_wall 9716
| epoch 062 | valid on 'valid' subset | loss 6.613 | nll_loss 4.475 | ppl 22.23 | num_updates 52440 | best_loss 6.60002
| epoch 063 | loss 5.280 | nll_loss 3.139 | ppl 8.81 | wps 37696 | ups 5 | wpb 8345.820 | bsz 764.404 | num_updates 53286 | lr 0.000273983 | gnorm 0.243 | clip 1.000 | oom 0.000 | loss_scale 32.000 | wall 11848 | train_wall 9873
| epoch 063 | valid on 'valid' subset | loss 6.574 | nll_loss 4.422 | ppl 21.44 | num_updates 53286 | best_loss 6.57383
| epoch 064 | loss 5.276 | nll_loss 3.134 | ppl 8.78 | wps 38140 | ups 5 | wpb 8345.820 | bsz 764.404 | num_updates 54132 | lr 0.000271833 | gnorm 0.245 | clip 1.000 | oom 0.000 | loss_scale 64.000 | wall 12034 | train_wall 10029
| epoch 064 | valid on 'valid' subset | loss 6.586 | nll_loss 4.444 | ppl 21.76 | num_updates 54132 | best_loss 6.5864
| epoch 065 | loss 5.274 | nll_loss 3.131 | ppl 8.76 | wps 37775 | ups 5 | wpb 8345.820 | bsz 764.404 | num_updates 54978 | lr 0.000269734 | gnorm 0.245 | clip 1.000 | oom 0.000 | loss_scale 64.000 | wall 12221 | train_wall 10186
| epoch 065 | valid on 'valid' subset | loss 6.563 | nll_loss 4.410 | ppl 21.27 | num_updates 54978 | best_loss 6.56251
| epoch 066 | loss 5.271 | nll_loss 3.127 | ppl 8.74 | wps 37864 | ups 5 | wpb 8345.820 | bsz 764.404 | num_updates 55824 | lr 0.000267682 | gnorm 0.245 | clip 1.000 | oom 0.000 | loss_scale 64.000 | wall 12409 | train_wall 10342
| epoch 066 | valid on 'valid' subset | loss 6.561 | nll_loss 4.409 | ppl 21.25 | num_updates 55824 | best_loss 6.56132
| epoch 067 | loss 5.268 | nll_loss 3.124 | ppl 8.72 | wps 38171 | ups 5 | wpb 8345.820 | bsz 764.404 | num_updates 56670 | lr 0.000265677 | gnorm 0.246 | clip 1.000 | oom 0.000 | loss_scale 64.000 | wall 12595 | train_wall 10497
| epoch 067 | valid on 'valid' subset | loss 6.581 | nll_loss 4.439 | ppl 21.69 | num_updates 56670 | best_loss 6.58133
| epoch 068 | loss 5.265 | nll_loss 3.120 | ppl 8.69 | wps 38050 | ups 5 | wpb 8345.820 | bsz 764.404 | num_updates 57516 | lr 0.000263716 | gnorm 0.246 | clip 1.000 | oom 0.000 | loss_scale 64.000 | wall 12781 | train_wall 10653
| epoch 068 | valid on 'valid' subset | loss 6.570 | nll_loss 4.418 | ppl 21.37 | num_updates 57516 | best_loss 6.57
| WARNING: overflow detected, setting loss scale to: 32.0
| epoch 069 | loss 5.263 | nll_loss 3.117 | ppl 8.67 | wps 37801 | ups 5 | wpb 8344.246 | bsz 764.703 | num_updates 58361 | lr 0.000261799 | gnorm 0.246 | clip 1.000 | oom 0.000 | loss_scale 32.000 | wall 12969 | train_wall 10810
| epoch 069 | valid on 'valid' subset | loss 6.561 | nll_loss 4.410 | ppl 21.26 | num_updates 58361 | best_loss 6.56119
| epoch 070 | loss 5.259 | nll_loss 3.112 | ppl 8.64 | wps 37674 | ups 5 | wpb 8345.820 | bsz 764.404 | num_updates 59207 | lr 0.000259922 | gnorm 0.245 | clip 1.000 | oom 0.000 | loss_scale 32.000 | wall 13157 | train_wall 10967
| epoch 070 | valid on 'valid' subset | loss 6.575 | nll_loss 4.432 | ppl 21.58 | num_updates 59207 | best_loss 6.57484
| saved checkpoint ./checkpoints/2020-05-31T01-02-04-00-exp27-bpe2500-si-052720-seed18-nonjoint/checkpoints_en_si/checkpoint70.pt (epoch 70 @ 59207 updates) (writing took 1.0238597393035889 seconds)
| epoch 071 | loss 5.257 | nll_loss 3.110 | ppl 8.63 | wps 37986 | ups 5 | wpb 8345.820 | bsz 764.404 | num_updates 60053 | lr 0.000258085 | gnorm 0.246 | clip 1.000 | oom 0.000 | loss_scale 32.000 | wall 13345 | train_wall 11124
| epoch 071 | valid on 'valid' subset | loss 6.553 | nll_loss 4.391 | ppl 20.98 | num_updates 60053 | best_loss 6.55299
| epoch 072 | loss 5.255 | nll_loss 3.106 | ppl 8.61 | wps 37665 | ups 5 | wpb 8345.820 | bsz 764.404 | num_updates 60899 | lr 0.000256286 | gnorm 0.248 | clip 1.000 | oom 0.000 | loss_scale 32.000 | wall 13534 | train_wall 11281
| epoch 072 | valid on 'valid' subset | loss 6.544 | nll_loss 4.392 | ppl 20.99 | num_updates 60899 | best_loss 6.54405
| epoch 073 | loss 5.252 | nll_loss 3.103 | ppl 8.59 | wps 38019 | ups 5 | wpb 8345.820 | bsz 764.404 | num_updates 61745 | lr 0.000254524 | gnorm 0.247 | clip 1.000 | oom 0.000 | loss_scale 64.000 | wall 13720 | train_wall 11436
| epoch 073 | valid on 'valid' subset | loss 6.559 | nll_loss 4.413 | ppl 21.31 | num_updates 61745 | best_loss 6.55898
| epoch 074 | loss 5.249 | nll_loss 3.099 | ppl 8.57 | wps 38058 | ups 5 | wpb 8345.820 | bsz 764.404 | num_updates 62591 | lr 0.000252798 | gnorm 0.246 | clip 1.000 | oom 0.000 | loss_scale 64.000 | wall 13907 | train_wall 11592
| epoch 074 | valid on 'valid' subset | loss 6.574 | nll_loss 4.429 | ppl 21.54 | num_updates 62591 | best_loss 6.57372
| WARNING: overflow detected, setting loss scale to: 32.0
| epoch 075 | loss 5.247 | nll_loss 3.097 | ppl 8.56 | wps 37857 | ups 5 | wpb 8345.260 | bsz 764.949 | num_updates 63436 | lr 0.000251109 | gnorm 0.247 | clip 1.000 | oom 0.000 | loss_scale 32.000 | wall 14094 | train_wall 11748
| epoch 075 | valid on 'valid' subset | loss 6.552 | nll_loss 4.398 | ppl 21.08 | num_updates 63436 | best_loss 6.55162
| epoch 076 | loss 5.245 | nll_loss 3.094 | ppl 8.54 | wps 38011 | ups 5 | wpb 8345.820 | bsz 764.404 | num_updates 64282 | lr 0.000249451 | gnorm 0.250 | clip 1.000 | oom 0.000 | loss_scale 32.000 | wall 14281 | train_wall 11905
| epoch 076 | valid on 'valid' subset | loss 6.556 | nll_loss 4.405 | ppl 21.18 | num_updates 64282 | best_loss 6.55641
| epoch 077 | loss 5.242 | nll_loss 3.090 | ppl 8.52 | wps 37702 | ups 5 | wpb 8345.820 | bsz 764.404 | num_updates 65128 | lr 0.000247826 | gnorm 0.248 | clip 1.000 | oom 0.000 | loss_scale 32.000 | wall 14469 | train_wall 12061
| epoch 077 | valid on 'valid' subset | loss 6.551 | nll_loss 4.399 | ppl 21.09 | num_updates 65128 | best_loss 6.55079
| epoch 078 | loss 5.240 | nll_loss 3.088 | ppl 8.5 | wps 37938 | ups 5 | wpb 8345.820 | bsz 764.404 | num_updates 65974 | lr 0.000246231 | gnorm 0.248 | clip 1.000 | oom 0.000 | loss_scale 32.000 | wall 14656 | train_wall 12218
| epoch 078 | valid on 'valid' subset | loss 6.544 | nll_loss 4.387 | ppl 20.93 | num_updates 65974 | best_loss 6.5437
| epoch 079 | loss 5.238 | nll_loss 3.084 | ppl 8.48 | wps 37580 | ups 5 | wpb 8345.820 | bsz 764.404 | num_updates 66820 | lr 0.000244668 | gnorm 0.248 | clip 1.000 | oom 0.000 | loss_scale 64.000 | wall 14845 | train_wall 12375
| epoch 079 | valid on 'valid' subset | loss 6.571 | nll_loss 4.423 | ppl 21.46 | num_updates 66820 | best_loss 6.57111
| WARNING: overflow detected, setting loss scale to: 32.0
| epoch 080 | loss 5.236 | nll_loss 3.082 | ppl 8.47 | wps 37990 | ups 5 | wpb 8343.338 | bsz 764.230 | num_updates 67665 | lr 0.000243135 | gnorm 0.248 | clip 1.000 | oom 0.000 | loss_scale 32.000 | wall 15032 | train_wall 12531
| epoch 080 | valid on 'valid' subset | loss 6.550 | nll_loss 4.397 | ppl 21.06 | num_updates 67665 | best_loss 6.54985
| saved checkpoint ./checkpoints/2020-05-31T01-02-04-00-exp27-bpe2500-si-052720-seed18-nonjoint/checkpoints_en_si/checkpoint80.pt (epoch 80 @ 67665 updates) (writing took 1.0127043724060059 seconds)
| epoch 081 | loss 5.234 | nll_loss 3.080 | ppl 8.46 | wps 37709 | ups 5 | wpb 8345.820 | bsz 764.404 | num_updates 68511 | lr 0.000241629 | gnorm 0.248 | clip 1.000 | oom 0.000 | loss_scale 32.000 | wall 15221 | train_wall 12689
| epoch 081 | valid on 'valid' subset | loss 6.541 | nll_loss 4.377 | ppl 20.78 | num_updates 68511 | best_loss 6.54077
| epoch 082 | loss 5.232 | nll_loss 3.077 | ppl 8.44 | wps 37628 | ups 5 | wpb 8345.820 | bsz 764.404 | num_updates 69357 | lr 0.000240151 | gnorm 0.250 | clip 1.000 | oom 0.000 | loss_scale 32.000 | wall 15409 | train_wall 12846
| epoch 082 | valid on 'valid' subset | loss 6.541 | nll_loss 4.381 | ppl 20.83 | num_updates 69357 | best_loss 6.54053
| epoch 083 | loss 5.230 | nll_loss 3.074 | ppl 8.42 | wps 37854 | ups 5 | wpb 8345.820 | bsz 764.404 | num_updates 70203 | lr 0.0002387 | gnorm 0.249 | clip 1.000 | oom 0.000 | loss_scale 32.000 | wall 15597 | train_wall 13003
| epoch 083 | valid on 'valid' subset | loss 6.551 | nll_loss 4.397 | ppl 21.06 | num_updates 70203 | best_loss 6.54985
| epoch 084 | loss 5.227 | nll_loss 3.071 | ppl 8.4 | wps 37583 | ups 5 | wpb 8345.820 | bsz 764.404 | num_updates 71049 | lr 0.000237274 | gnorm 0.248 | clip 1.000 | oom 0.000 | loss_scale 32.000 | wall 15786 | train_wall 13160
| epoch 084 | valid on 'valid' subset | loss 6.522 | nll_loss 4.359 | ppl 20.52 | num_updates 71049 | best_loss 6.52168
| epoch 085 | loss 5.226 | nll_loss 3.069 | ppl 8.39 | wps 37614 | ups 5 | wpb 8345.820 | bsz 764.404 | num_updates 71895 | lr 0.000235874 | gnorm 0.251 | clip 1.000 | oom 0.000 | loss_scale 64.000 | wall 15974 | train_wall 13317
| epoch 085 | valid on 'valid' subset | loss 6.540 | nll_loss 4.384 | ppl 20.88 | num_updates 71895 | best_loss 6.53989
| epoch 086 | loss 5.223 | nll_loss 3.066 | ppl 8.37 | wps 37829 | ups 5 | wpb 8345.820 | bsz 764.404 | num_updates 72741 | lr 0.000234499 | gnorm 0.250 | clip 1.000 | oom 0.000 | loss_scale 64.000 | wall 16162 | train_wall 13474
| epoch 086 | valid on 'valid' subset | loss 6.546 | nll_loss 4.383 | ppl 20.87 | num_updates 72741 | best_loss 6.54589
| epoch 087 | loss 5.221 | nll_loss 3.063 | ppl 8.36 | wps 37752 | ups 5 | wpb 8345.820 | bsz 764.404 | num_updates 73587 | lr 0.000233147 | gnorm 0.249 | clip 1.000 | oom 0.000 | loss_scale 64.000 | wall 16350 | train_wall 13631
| epoch 087 | valid on 'valid' subset | loss 6.523 | nll_loss 4.359 | ppl 20.52 | num_updates 73587 | best_loss 6.5235
| epoch 088 | loss 5.220 | nll_loss 3.061 | ppl 8.34 | wps 37881 | ups 5 | wpb 8345.820 | bsz 764.404 | num_updates 74433 | lr 0.000231818 | gnorm 0.251 | clip 1.000 | oom 0.000 | loss_scale 64.000 | wall 16537 | train_wall 13787
| epoch 088 | valid on 'valid' subset | loss 6.530 | nll_loss 4.372 | ppl 20.71 | num_updates 74433 | best_loss 6.53032
| epoch 089 | loss 5.218 | nll_loss 3.059 | ppl 8.33 | wps 38055 | ups 5 | wpb 8345.820 | bsz 764.404 | num_updates 75279 | lr 0.000230512 | gnorm 0.250 | clip 1.000 | oom 0.000 | loss_scale 64.000 | wall 16724 | train_wall 13943
| epoch 089 | valid on 'valid' subset | loss 6.543 | nll_loss 4.398 | ppl 21.08 | num_updates 75279 | best_loss 6.54261
| WARNING: overflow detected, setting loss scale to: 64.0
| epoch 090 | loss 5.217 | nll_loss 3.058 | ppl 8.33 | wps 37558 | ups 5 | wpb 8343.520 | bsz 764.305 | num_updates 76124 | lr 0.000229229 | gnorm 0.253 | clip 1.000 | oom 0.000 | loss_scale 64.000 | wall 16913 | train_wall 14099
| epoch 090 | valid on 'valid' subset | loss 6.519 | nll_loss 4.353 | ppl 20.44 | num_updates 76124 | best_loss 6.51942
| saved checkpoint ./checkpoints/2020-05-31T01-02-04-00-exp27-bpe2500-si-052720-seed18-nonjoint/checkpoints_en_si/checkpoint90.pt (epoch 90 @ 76124 updates) (writing took 1.003272294998169 seconds)
| epoch 091 | loss 5.215 | nll_loss 3.055 | ppl 8.31 | wps 37843 | ups 5 | wpb 8345.820 | bsz 764.404 | num_updates 76970 | lr 0.000227966 | gnorm 0.252 | clip 1.000 | oom 0.000 | loss_scale 64.000 | wall 17101 | train_wall 14256
| epoch 091 | valid on 'valid' subset | loss 6.526 | nll_loss 4.366 | ppl 20.62 | num_updates 76970 | best_loss 6.51942
| epoch 092 | loss 5.213 | nll_loss 3.052 | ppl 8.29 | wps 37746 | ups 5 | wpb 8345.820 | bsz 764.404 | num_updates 77816 | lr 0.000226723 | gnorm 0.251 | clip 1.000 | oom 0.000 | loss_scale 64.000 | wall 17289 | train_wall 14414
| epoch 092 | valid on 'valid' subset | loss 6.523 | nll_loss 4.365 | ppl 20.61 | num_updates 77816 | best_loss 6.51942
| epoch 093 | loss 5.211 | nll_loss 3.049 | ppl 8.28 | wps 37986 | ups 5 | wpb 8345.820 | bsz 764.404 | num_updates 78662 | lr 0.0002255 | gnorm 0.252 | clip 1.000 | oom 0.000 | loss_scale 64.000 | wall 17476 | train_wall 14569
| epoch 093 | valid on 'valid' subset | loss 6.539 | nll_loss 4.381 | ppl 20.83 | num_updates 78662 | best_loss 6.51942
| epoch 094 | loss 5.209 | nll_loss 3.047 | ppl 8.26 | wps 37954 | ups 5 | wpb 8345.820 | bsz 764.404 | num_updates 79508 | lr 0.000224298 | gnorm 0.252 | clip 1.000 | oom 0.000 | loss_scale 64.000 | wall 17663 | train_wall 14725
| epoch 094 | valid on 'valid' subset | loss 6.527 | nll_loss 4.365 | ppl 20.6 | num_updates 79508 | best_loss 6.51942
| WARNING: overflow detected, setting loss scale to: 64.0
| epoch 095 | loss 5.207 | nll_loss 3.044 | ppl 8.25 | wps 37581 | ups 5 | wpb 8343.601 | bsz 764.570 | num_updates 80353 | lr 0.000223115 | gnorm 0.253 | clip 1.000 | oom 0.000 | loss_scale 64.000 | wall 17852 | train_wall 14883
| epoch 095 | valid on 'valid' subset | loss 6.533 | nll_loss 4.372 | ppl 20.71 | num_updates 80353 | best_loss 6.51942
| WARNING: overflow detected, setting loss scale to: 32.0
| epoch 096 | loss 5.205 | nll_loss 3.042 | ppl 8.23 | wps 37791 | ups 5 | wpb 8345.232 | bsz 764.902 | num_updates 81198 | lr 0.000221951 | gnorm 0.253 | clip 1.000 | oom 0.000 | loss_scale 32.000 | wall 18039 | train_wall 15039
| epoch 096 | valid on 'valid' subset | loss 6.517 | nll_loss 4.354 | ppl 20.45 | num_updates 81198 | best_loss 6.51712
| epoch 097 | loss 5.204 | nll_loss 3.041 | ppl 8.23 | wps 38018 | ups 5 | wpb 8345.820 | bsz 764.404 | num_updates 82044 | lr 0.000220804 | gnorm 0.252 | clip 1.000 | oom 0.000 | loss_scale 32.000 | wall 18226 | train_wall 15195
| epoch 097 | valid on 'valid' subset | loss 6.508 | nll_loss 4.343 | ppl 20.3 | num_updates 82044 | best_loss 6.50836
| epoch 098 | loss 5.202 | nll_loss 3.038 | ppl 8.21 | wps 37806 | ups 5 | wpb 8345.820 | bsz 764.404 | num_updates 82890 | lr 0.000219674 | gnorm 0.252 | clip 1.000 | oom 0.000 | loss_scale 32.000 | wall 18414 | train_wall 15352
| epoch 098 | valid on 'valid' subset | loss 6.534 | nll_loss 4.374 | ppl 20.74 | num_updates 82890 | best_loss 6.51942
| epoch 099 | loss 5.201 | nll_loss 3.037 | ppl 8.21 | wps 37910 | ups 5 | wpb 8345.820 | bsz 764.404 | num_updates 83736 | lr 0.000218562 | gnorm 0.254 | clip 1.000 | oom 0.000 | loss_scale 32.000 | wall 18601 | train_wall 15508
| epoch 099 | valid on 'valid' subset | loss 6.523 | nll_loss 4.357 | ppl 20.49 | num_updates 83736 | best_loss 6.51942
| epoch 100 | loss 5.199 | nll_loss 3.034 | ppl 8.19 | wps 37670 | ups 5 | wpb 8345.820 | bsz 764.404 | num_updates 84582 | lr 0.000217466 | gnorm 0.252 | clip 1.000 | oom 0.000 | loss_scale 64.000 | wall 18789 | train_wall 15664
| epoch 100 | valid on 'valid' subset | loss 6.507 | nll_loss 4.338 | ppl 20.22 | num_updates 84582 | best_loss 6.50685
| saved checkpoint ./checkpoints/2020-05-31T01-02-04-00-exp27-bpe2500-si-052720-seed18-nonjoint/checkpoints_en_si/checkpoint100.pt (epoch 100 @ 84582 updates) (writing took 1.0210676193237305 seconds)
| done training in 18786.2 seconds
Done training.
Time at end: Sun May 31 11:38:19 EDT 2020
