================ FLORES BASELINE WITH CLIP_NORM=0.1, BPE=2500 AND SEED=19  ================
About to train the supervised for the following language pair: SI-EN
CHECKPOINT_DIR is set to './checkpoints/2020-05-31T11-38-04-00-exp27-bpe2500-si-052720-seed19-nonjoint/checkpoints_si_en'
Creating checkpoint directory if it doesn't exist...
Data folder is: data-bin/wiki_si_en_bpe2500_nonjoint/
Beginning training...
Time at beginning: Sun May 31 11:38:20 EDT 2020
This is train_fairseq
Namespace(activation_dropout=0.2, activation_fn='relu', adam_betas='(0.9, 0.98)', adam_eps=1e-08, adaptive_input=False, adaptive_softmax_cutoff=None, adaptive_softmax_dropout=0, arch='transformer', attention_dropout=0.2, best_checkpoint_metric='loss', bpe=None, bucket_cap_mb=25, clip_norm=0.1, cpu=False, criterion='label_smoothed_cross_entropy', cross_self_attention=False, curriculum=0, data='data-bin/wiki_si_en_bpe2500_nonjoint/', dataset_impl=None, ddp_backend='c10d', decoder_attention_heads=2, decoder_embed_dim=512, decoder_embed_path=None, decoder_ffn_embed_dim=2048, decoder_input_dim=512, decoder_layerdrop=0, decoder_layers=5, decoder_layers_to_keep=None, decoder_learned_pos=False, decoder_normalize_before=True, decoder_output_dim=512, device_id=0, disable_validation=False, distributed_backend='nccl', distributed_init_method=None, distributed_no_spawn=False, distributed_port=-1, distributed_rank=0, distributed_world_size=1, dropout=0.4, empty_cache_freq=0, encoder_attention_heads=2, encoder_embed_dim=512, encoder_embed_path=None, encoder_ffn_embed_dim=2048, encoder_layerdrop=0, encoder_layers=5, encoder_layers_to_keep=None, encoder_learned_pos=False, encoder_normalize_before=True, fast_stat_sync=False, find_unused_parameters=False, fix_batches_to_gpus=False, fixed_validation_seed=None, fp16=True, fp16_init_scale=128, fp16_scale_tolerance=0.0, fp16_scale_window=None, keep_interval_updates=-1, keep_last_epochs=-1, label_smoothing=0.2, layer_wise_attention=False, layernorm_embedding=False, lazy_load=False, left_pad_source='True', left_pad_target='False', load_alignments=False, log_format=None, log_interval=1000, lr=[0.001], lr_scheduler='inverse_sqrt', max_epoch=100, max_sentences=None, max_sentences_valid=None, max_source_positions=1024, max_target_positions=1024, max_tokens=4000, max_tokens_valid=4000, max_update=0, maximize_best_checkpoint_metric=False, memory_efficient_fp16=False, min_loss_scale=0.0001, min_lr=1e-09, no_cross_attention=False, no_epoch_checkpoints=False, no_last_checkpoints=False, no_progress_bar=False, no_save=False, no_save_optimizer_state=False, no_scale_embedding=False, no_token_positional_embeddings=False, num_workers=1, optimizer='adam', optimizer_overrides='{}', raw_text=False, required_batch_size_multiple=8, reset_dataloader=False, reset_lr_scheduler=False, reset_meters=False, reset_optimizer=False, restore_file='checkpoint_last.pt', save_dir='./checkpoints/2020-05-31T11-38-04-00-exp27-bpe2500-si-052720-seed19-nonjoint/checkpoints_si_en', save_interval=10, save_interval_updates=0, seed=19, sentence_avg=False, share_all_embeddings=True, share_decoder_input_output_embed=False, skip_invalid_size_inputs_valid_test=False, source_lang='si', target_lang='en', task='translation', tensorboard_logdir='', threshold_loss_scale=None, tokenizer=None, train_subset='train', truncate_source=False, update_freq=[4], upsample_primary=1, use_bmuf=False, user_dir=None, valid_subset='valid', validate_interval=1, warmup_init_lr=1e-07, warmup_updates=4000, weight_decay=0.0001)
| [si] dictionary: 2632 types
| [en] dictionary: 2632 types
| loaded 2898 examples from: data-bin/wiki_si_en_bpe2500_nonjoint/valid.si-en.si
| loaded 2898 examples from: data-bin/wiki_si_en_bpe2500_nonjoint/valid.si-en.en
| data-bin/wiki_si_en_bpe2500_nonjoint/ valid si-en 2898 examples
TransformerModel(
  (encoder): TransformerEncoder(
    (embed_tokens): Embedding(2632, 512, padding_idx=1)
    (embed_positions): SinusoidalPositionalEmbedding()
    (layers): ModuleList(
      (0): TransformerEncoderLayer(
        (self_attn): MultiheadAttention(
          (k_proj): Linear(in_features=512, out_features=512, bias=True)
          (v_proj): Linear(in_features=512, out_features=512, bias=True)
          (q_proj): Linear(in_features=512, out_features=512, bias=True)
          (out_proj): Linear(in_features=512, out_features=512, bias=True)
        )
        (self_attn_layer_norm): LayerNorm((512,), eps=1e-05, elementwise_affine=True)
        (fc1): Linear(in_features=512, out_features=2048, bias=True)
        (fc2): Linear(in_features=2048, out_features=512, bias=True)
        (final_layer_norm): LayerNorm((512,), eps=1e-05, elementwise_affine=True)
      )
      (1): TransformerEncoderLayer(
        (self_attn): MultiheadAttention(
          (k_proj): Linear(in_features=512, out_features=512, bias=True)
          (v_proj): Linear(in_features=512, out_features=512, bias=True)
          (q_proj): Linear(in_features=512, out_features=512, bias=True)
          (out_proj): Linear(in_features=512, out_features=512, bias=True)
        )
        (self_attn_layer_norm): LayerNorm((512,), eps=1e-05, elementwise_affine=True)
        (fc1): Linear(in_features=512, out_features=2048, bias=True)
        (fc2): Linear(in_features=2048, out_features=512, bias=True)
        (final_layer_norm): LayerNorm((512,), eps=1e-05, elementwise_affine=True)
      )
      (2): TransformerEncoderLayer(
        (self_attn): MultiheadAttention(
          (k_proj): Linear(in_features=512, out_features=512, bias=True)
          (v_proj): Linear(in_features=512, out_features=512, bias=True)
          (q_proj): Linear(in_features=512, out_features=512, bias=True)
          (out_proj): Linear(in_features=512, out_features=512, bias=True)
        )
        (self_attn_layer_norm): LayerNorm((512,), eps=1e-05, elementwise_affine=True)
        (fc1): Linear(in_features=512, out_features=2048, bias=True)
        (fc2): Linear(in_features=2048, out_features=512, bias=True)
        (final_layer_norm): LayerNorm((512,), eps=1e-05, elementwise_affine=True)
      )
      (3): TransformerEncoderLayer(
        (self_attn): MultiheadAttention(
          (k_proj): Linear(in_features=512, out_features=512, bias=True)
          (v_proj): Linear(in_features=512, out_features=512, bias=True)
          (q_proj): Linear(in_features=512, out_features=512, bias=True)
          (out_proj): Linear(in_features=512, out_features=512, bias=True)
        )
        (self_attn_layer_norm): LayerNorm((512,), eps=1e-05, elementwise_affine=True)
        (fc1): Linear(in_features=512, out_features=2048, bias=True)
        (fc2): Linear(in_features=2048, out_features=512, bias=True)
        (final_layer_norm): LayerNorm((512,), eps=1e-05, elementwise_affine=True)
      )
      (4): TransformerEncoderLayer(
        (self_attn): MultiheadAttention(
          (k_proj): Linear(in_features=512, out_features=512, bias=True)
          (v_proj): Linear(in_features=512, out_features=512, bias=True)
          (q_proj): Linear(in_features=512, out_features=512, bias=True)
          (out_proj): Linear(in_features=512, out_features=512, bias=True)
        )
        (self_attn_layer_norm): LayerNorm((512,), eps=1e-05, elementwise_affine=True)
        (fc1): Linear(in_features=512, out_features=2048, bias=True)
        (fc2): Linear(in_features=2048, out_features=512, bias=True)
        (final_layer_norm): LayerNorm((512,), eps=1e-05, elementwise_affine=True)
      )
    )
    (layer_norm): LayerNorm((512,), eps=1e-05, elementwise_affine=True)
  )
  (decoder): TransformerDecoder(
    (embed_tokens): Embedding(2632, 512, padding_idx=1)
    (embed_positions): SinusoidalPositionalEmbedding()
    (layers): ModuleList(
      (0): TransformerDecoderLayer(
        (self_attn): MultiheadAttention(
          (k_proj): Linear(in_features=512, out_features=512, bias=True)
          (v_proj): Linear(in_features=512, out_features=512, bias=True)
          (q_proj): Linear(in_features=512, out_features=512, bias=True)
          (out_proj): Linear(in_features=512, out_features=512, bias=True)
        )
        (self_attn_layer_norm): LayerNorm((512,), eps=1e-05, elementwise_affine=True)
        (encoder_attn): MultiheadAttention(
          (k_proj): Linear(in_features=512, out_features=512, bias=True)
          (v_proj): Linear(in_features=512, out_features=512, bias=True)
          (q_proj): Linear(in_features=512, out_features=512, bias=True)
          (out_proj): Linear(in_features=512, out_features=512, bias=True)
        )
        (encoder_attn_layer_norm): LayerNorm((512,), eps=1e-05, elementwise_affine=True)
        (fc1): Linear(in_features=512, out_features=2048, bias=True)
        (fc2): Linear(in_features=2048, out_features=512, bias=True)
        (final_layer_norm): LayerNorm((512,), eps=1e-05, elementwise_affine=True)
      )
      (1): TransformerDecoderLayer(
        (self_attn): MultiheadAttention(
          (k_proj): Linear(in_features=512, out_features=512, bias=True)
          (v_proj): Linear(in_features=512, out_features=512, bias=True)
          (q_proj): Linear(in_features=512, out_features=512, bias=True)
          (out_proj): Linear(in_features=512, out_features=512, bias=True)
        )
        (self_attn_layer_norm): LayerNorm((512,), eps=1e-05, elementwise_affine=True)
        (encoder_attn): MultiheadAttention(
          (k_proj): Linear(in_features=512, out_features=512, bias=True)
          (v_proj): Linear(in_features=512, out_features=512, bias=True)
          (q_proj): Linear(in_features=512, out_features=512, bias=True)
          (out_proj): Linear(in_features=512, out_features=512, bias=True)
        )
        (encoder_attn_layer_norm): LayerNorm((512,), eps=1e-05, elementwise_affine=True)
        (fc1): Linear(in_features=512, out_features=2048, bias=True)
        (fc2): Linear(in_features=2048, out_features=512, bias=True)
        (final_layer_norm): LayerNorm((512,), eps=1e-05, elementwise_affine=True)
      )
      (2): TransformerDecoderLayer(
        (self_attn): MultiheadAttention(
          (k_proj): Linear(in_features=512, out_features=512, bias=True)
          (v_proj): Linear(in_features=512, out_features=512, bias=True)
          (q_proj): Linear(in_features=512, out_features=512, bias=True)
          (out_proj): Linear(in_features=512, out_features=512, bias=True)
        )
        (self_attn_layer_norm): LayerNorm((512,), eps=1e-05, elementwise_affine=True)
        (encoder_attn): MultiheadAttention(
          (k_proj): Linear(in_features=512, out_features=512, bias=True)
          (v_proj): Linear(in_features=512, out_features=512, bias=True)
          (q_proj): Linear(in_features=512, out_features=512, bias=True)
          (out_proj): Linear(in_features=512, out_features=512, bias=True)
        )
        (encoder_attn_layer_norm): LayerNorm((512,), eps=1e-05, elementwise_affine=True)
        (fc1): Linear(in_features=512, out_features=2048, bias=True)
        (fc2): Linear(in_features=2048, out_features=512, bias=True)
        (final_layer_norm): LayerNorm((512,), eps=1e-05, elementwise_affine=True)
      )
      (3): TransformerDecoderLayer(
        (self_attn): MultiheadAttention(
          (k_proj): Linear(in_features=512, out_features=512, bias=True)
          (v_proj): Linear(in_features=512, out_features=512, bias=True)
          (q_proj): Linear(in_features=512, out_features=512, bias=True)
          (out_proj): Linear(in_features=512, out_features=512, bias=True)
        )
        (self_attn_layer_norm): LayerNorm((512,), eps=1e-05, elementwise_affine=True)
        (encoder_attn): MultiheadAttention(
          (k_proj): Linear(in_features=512, out_features=512, bias=True)
          (v_proj): Linear(in_features=512, out_features=512, bias=True)
          (q_proj): Linear(in_features=512, out_features=512, bias=True)
          (out_proj): Linear(in_features=512, out_features=512, bias=True)
        )
        (encoder_attn_layer_norm): LayerNorm((512,), eps=1e-05, elementwise_affine=True)
        (fc1): Linear(in_features=512, out_features=2048, bias=True)
        (fc2): Linear(in_features=2048, out_features=512, bias=True)
        (final_layer_norm): LayerNorm((512,), eps=1e-05, elementwise_affine=True)
      )
      (4): TransformerDecoderLayer(
        (self_attn): MultiheadAttention(
          (k_proj): Linear(in_features=512, out_features=512, bias=True)
          (v_proj): Linear(in_features=512, out_features=512, bias=True)
          (q_proj): Linear(in_features=512, out_features=512, bias=True)
          (out_proj): Linear(in_features=512, out_features=512, bias=True)
        )
        (self_attn_layer_norm): LayerNorm((512,), eps=1e-05, elementwise_affine=True)
        (encoder_attn): MultiheadAttention(
          (k_proj): Linear(in_features=512, out_features=512, bias=True)
          (v_proj): Linear(in_features=512, out_features=512, bias=True)
          (q_proj): Linear(in_features=512, out_features=512, bias=True)
          (out_proj): Linear(in_features=512, out_features=512, bias=True)
        )
        (encoder_attn_layer_norm): LayerNorm((512,), eps=1e-05, elementwise_affine=True)
        (fc1): Linear(in_features=512, out_features=2048, bias=True)
        (fc2): Linear(in_features=2048, out_features=512, bias=True)
        (final_layer_norm): LayerNorm((512,), eps=1e-05, elementwise_affine=True)
      )
    )
    (layer_norm): LayerNorm((512,), eps=1e-05, elementwise_affine=True)
  )
)
| model transformer, criterion LabelSmoothedCrossEntropyCriterion
| num. model params: 38131712 (num. trained: 38131712)
| training on 1 GPUs
| max tokens per GPU = 4000 and max sentences per GPU = None
| no existing checkpoint found ./checkpoints/2020-05-31T11-38-04-00-exp27-bpe2500-si-052720-seed19-nonjoint/checkpoints_si_en/checkpoint_last.pt
| loading train data for epoch 0
| loaded 646686 examples from: data-bin/wiki_si_en_bpe2500_nonjoint/train.si-en.si
| loaded 646686 examples from: data-bin/wiki_si_en_bpe2500_nonjoint/train.si-en.en
| data-bin/wiki_si_en_bpe2500_nonjoint/ train si-en 646686 examples
| WARNING: overflow detected, setting loss scale to: 64.0
| WARNING: overflow detected, setting loss scale to: 32.0
| WARNING: overflow detected, setting loss scale to: 16.0
| epoch 001 | loss 7.290 | nll_loss 5.752 | ppl 53.89 | wps 64244 | ups 4 | wpb 14872.722 | bsz 757.776 | num_updates 850 | lr 0.000212579 | gnorm 0.672 | clip 1.000 | oom 0.000 | loss_scale 16.000 | wall 197 | train_wall 161
| epoch 001 | valid on 'valid' subset | loss 6.940 | nll_loss 5.136 | ppl 35.15 | num_updates 850
| epoch 002 | loss 5.786 | nll_loss 3.796 | ppl 13.89 | wps 66695 | ups 4 | wpb 14862.992 | bsz 758.131 | num_updates 1703 | lr 0.000425807 | gnorm 0.398 | clip 1.000 | oom 0.000 | loss_scale 16.000 | wall 388 | train_wall 321
| epoch 002 | valid on 'valid' subset | loss 6.407 | nll_loss 4.410 | ppl 21.26 | num_updates 1703
| epoch 003 | loss 5.308 | nll_loss 3.192 | ppl 9.14 | wps 65873 | ups 4 | wpb 14862.992 | bsz 758.131 | num_updates 2556 | lr 0.000639036 | gnorm 0.340 | clip 1.000 | oom 0.000 | loss_scale 16.000 | wall 582 | train_wall 482
| epoch 003 | valid on 'valid' subset | loss 6.117 | nll_loss 3.974 | ppl 15.71 | num_updates 2556
| epoch 004 | loss 5.059 | nll_loss 2.879 | ppl 7.36 | wps 66074 | ups 4 | wpb 14862.992 | bsz 758.131 | num_updates 3409 | lr 0.000852265 | gnorm 0.301 | clip 1.000 | oom 0.000 | loss_scale 16.000 | wall 775 | train_wall 644
| epoch 004 | valid on 'valid' subset | loss 5.861 | nll_loss 3.677 | ppl 12.79 | num_updates 3409
| epoch 005 | loss 4.922 | nll_loss 2.707 | ppl 6.53 | wps 65720 | ups 4 | wpb 14862.992 | bsz 758.131 | num_updates 4262 | lr 0.000968776 | gnorm 0.266 | clip 1.000 | oom 0.000 | loss_scale 16.000 | wall 969 | train_wall 805
| epoch 005 | valid on 'valid' subset | loss 5.745 | nll_loss 3.498 | ppl 11.3 | num_updates 4262
| epoch 006 | loss 4.808 | nll_loss 2.566 | ppl 5.92 | wps 65655 | ups 4 | wpb 14862.992 | bsz 758.131 | num_updates 5115 | lr 0.000884315 | gnorm 0.229 | clip 1.000 | oom 0.000 | loss_scale 32.000 | wall 1163 | train_wall 967
| epoch 006 | valid on 'valid' subset | loss 5.649 | nll_loss 3.345 | ppl 10.16 | num_updates 5115
| epoch 007 | loss 4.721 | nll_loss 2.458 | ppl 5.49 | wps 66348 | ups 4 | wpb 14862.992 | bsz 758.131 | num_updates 5968 | lr 0.000818683 | gnorm 0.206 | clip 1.000 | oom 0.000 | loss_scale 32.000 | wall 1355 | train_wall 1127
| epoch 007 | valid on 'valid' subset | loss 5.510 | nll_loss 3.201 | ppl 9.2 | num_updates 5968
| epoch 008 | loss 4.660 | nll_loss 2.383 | ppl 5.22 | wps 65575 | ups 4 | wpb 14862.992 | bsz 758.131 | num_updates 6821 | lr 0.000765783 | gnorm 0.193 | clip 1.000 | oom 0.000 | loss_scale 32.000 | wall 1549 | train_wall 1288
| epoch 008 | valid on 'valid' subset | loss 5.454 | nll_loss 3.104 | ppl 8.6 | num_updates 6821
| epoch 009 | loss 4.614 | nll_loss 2.327 | ppl 5.02 | wps 67295 | ups 5 | wpb 14862.992 | bsz 758.131 | num_updates 7674 | lr 0.00072197 | gnorm 0.186 | clip 1.000 | oom 0.000 | loss_scale 32.000 | wall 1739 | train_wall 1448
| epoch 009 | valid on 'valid' subset | loss 5.394 | nll_loss 3.047 | ppl 8.26 | num_updates 7674
| epoch 010 | loss 4.576 | nll_loss 2.280 | ppl 4.86 | wps 65752 | ups 4 | wpb 14862.992 | bsz 758.131 | num_updates 8527 | lr 0.000684907 | gnorm 0.179 | clip 1.000 | oom 0.000 | loss_scale 32.000 | wall 1933 | train_wall 1609
| epoch 010 | valid on 'valid' subset | loss 5.390 | nll_loss 3.028 | ppl 8.16 | num_updates 8527
| saved checkpoint ./checkpoints/2020-05-31T11-38-04-00-exp27-bpe2500-si-052720-seed19-nonjoint/checkpoints_si_en/checkpoint10.pt (epoch 10 @ 8527 updates) (writing took 0.7007811069488525 seconds)
| WARNING: overflow detected, setting loss scale to: 32.0
| epoch 011 | loss 4.546 | nll_loss 2.244 | ppl 4.74 | wps 65811 | ups 4 | wpb 14866.243 | bsz 757.669 | num_updates 9379 | lr 0.000653058 | gnorm 0.176 | clip 1.000 | oom 0.000 | loss_scale 32.000 | wall 2127 | train_wall 1770
| epoch 011 | valid on 'valid' subset | loss 5.361 | nll_loss 2.986 | ppl 7.92 | num_updates 9379 | best_loss 5.36126
| epoch 012 | loss 4.521 | nll_loss 2.213 | ppl 4.64 | wps 65735 | ups 4 | wpb 14862.992 | bsz 758.131 | num_updates 10232 | lr 0.000625244 | gnorm 0.171 | clip 1.000 | oom 0.000 | loss_scale 32.000 | wall 2321 | train_wall 1931
| epoch 012 | valid on 'valid' subset | loss 5.320 | nll_loss 2.926 | ppl 7.6 | num_updates 10232 | best_loss 5.3197
| epoch 013 | loss 4.499 | nll_loss 2.186 | ppl 4.55 | wps 65890 | ups 4 | wpb 14862.992 | bsz 758.131 | num_updates 11085 | lr 0.000600706 | gnorm 0.168 | clip 1.000 | oom 0.000 | loss_scale 32.000 | wall 2514 | train_wall 2093
| epoch 013 | valid on 'valid' subset | loss 5.284 | nll_loss 2.880 | ppl 7.36 | num_updates 11085 | best_loss 5.28427
| epoch 014 | loss 4.480 | nll_loss 2.163 | ppl 4.48 | wps 66154 | ups 4 | wpb 14862.992 | bsz 758.131 | num_updates 11938 | lr 0.000578848 | gnorm 0.166 | clip 1.000 | oom 0.000 | loss_scale 32.000 | wall 2707 | train_wall 2254
| epoch 014 | valid on 'valid' subset | loss 5.258 | nll_loss 2.851 | ppl 7.21 | num_updates 11938 | best_loss 5.2576
| epoch 015 | loss 4.463 | nll_loss 2.142 | ppl 4.41 | wps 65769 | ups 4 | wpb 14862.992 | bsz 758.131 | num_updates 12791 | lr 0.000559214 | gnorm 0.165 | clip 0.999 | oom 0.000 | loss_scale 32.000 | wall 2901 | train_wall 2415
| epoch 015 | valid on 'valid' subset | loss 5.228 | nll_loss 2.822 | ppl 7.07 | num_updates 12791 | best_loss 5.22783
| epoch 016 | loss 4.448 | nll_loss 2.123 | ppl 4.36 | wps 66023 | ups 4 | wpb 14862.992 | bsz 758.131 | num_updates 13644 | lr 0.000541451 | gnorm 0.162 | clip 1.000 | oom 0.000 | loss_scale 64.000 | wall 3094 | train_wall 2576
| epoch 016 | valid on 'valid' subset | loss 5.217 | nll_loss 2.800 | ppl 6.97 | num_updates 13644 | best_loss 5.21663
| WARNING: overflow detected, setting loss scale to: 32.0
| epoch 017 | loss 4.436 | nll_loss 2.108 | ppl 4.31 | wps 65543 | ups 4 | wpb 14864.076 | bsz 756.768 | num_updates 14496 | lr 0.000525298 | gnorm 0.162 | clip 1.000 | oom 0.000 | loss_scale 32.000 | wall 3289 | train_wall 2738
| epoch 017 | valid on 'valid' subset | loss 5.207 | nll_loss 2.783 | ppl 6.88 | num_updates 14496 | best_loss 5.20657
| epoch 018 | loss 4.423 | nll_loss 2.092 | ppl 4.26 | wps 66182 | ups 4 | wpb 14862.992 | bsz 758.131 | num_updates 15349 | lr 0.000510493 | gnorm 0.160 | clip 0.999 | oom 0.000 | loss_scale 32.000 | wall 3481 | train_wall 2899
| epoch 018 | valid on 'valid' subset | loss 5.230 | nll_loss 2.804 | ppl 6.98 | num_updates 15349 | best_loss 5.23012
| epoch 019 | loss 4.413 | nll_loss 2.080 | ppl 4.23 | wps 66272 | ups 4 | wpb 14862.992 | bsz 758.131 | num_updates 16202 | lr 0.000496873 | gnorm 0.161 | clip 1.000 | oom 0.000 | loss_scale 32.000 | wall 3674 | train_wall 3060
| epoch 019 | valid on 'valid' subset | loss 5.176 | nll_loss 2.742 | ppl 6.69 | num_updates 16202 | best_loss 5.17564
| epoch 020 | loss 4.402 | nll_loss 2.066 | ppl 4.19 | wps 65947 | ups 4 | wpb 14862.992 | bsz 758.131 | num_updates 17055 | lr 0.000484288 | gnorm 0.159 | clip 1.000 | oom 0.000 | loss_scale 32.000 | wall 3867 | train_wall 3222
| epoch 020 | valid on 'valid' subset | loss 5.177 | nll_loss 2.738 | ppl 6.67 | num_updates 17055 | best_loss 5.1773
| saved checkpoint ./checkpoints/2020-05-31T11-38-04-00-exp27-bpe2500-si-052720-seed19-nonjoint/checkpoints_si_en/checkpoint20.pt (epoch 20 @ 17055 updates) (writing took 0.9675071239471436 seconds)
| epoch 021 | loss 4.392 | nll_loss 2.055 | ppl 4.15 | wps 66471 | ups 4 | wpb 14862.992 | bsz 758.131 | num_updates 17908 | lr 0.000472614 | gnorm 0.158 | clip 1.000 | oom 0.000 | loss_scale 32.000 | wall 4060 | train_wall 3383
| epoch 021 | valid on 'valid' subset | loss 5.157 | nll_loss 2.720 | ppl 6.59 | num_updates 17908 | best_loss 5.15725
| epoch 022 | loss 4.384 | nll_loss 2.044 | ppl 4.12 | wps 65910 | ups 4 | wpb 14862.992 | bsz 758.131 | num_updates 18761 | lr 0.000461745 | gnorm 0.158 | clip 1.000 | oom 0.000 | loss_scale 64.000 | wall 4253 | train_wall 3544
| epoch 022 | valid on 'valid' subset | loss 5.143 | nll_loss 2.699 | ppl 6.49 | num_updates 18761 | best_loss 5.14312
| epoch 023 | loss 4.375 | nll_loss 2.034 | ppl 4.09 | wps 66243 | ups 4 | wpb 14862.992 | bsz 758.131 | num_updates 19614 | lr 0.000451593 | gnorm 0.156 | clip 1.000 | oom 0.000 | loss_scale 64.000 | wall 4446 | train_wall 3705
| epoch 023 | valid on 'valid' subset | loss 5.124 | nll_loss 2.676 | ppl 6.39 | num_updates 19614 | best_loss 5.12388
| epoch 024 | loss 4.367 | nll_loss 2.024 | ppl 4.07 | wps 66182 | ups 4 | wpb 14862.992 | bsz 758.131 | num_updates 20467 | lr 0.000442082 | gnorm 0.155 | clip 1.000 | oom 0.000 | loss_scale 64.000 | wall 4638 | train_wall 3866
| epoch 024 | valid on 'valid' subset | loss 5.110 | nll_loss 2.663 | ppl 6.33 | num_updates 20467 | best_loss 5.10974
| WARNING: overflow detected, setting loss scale to: 32.0
| epoch 025 | loss 4.360 | nll_loss 2.015 | ppl 4.04 | wps 66152 | ups 4 | wpb 14863.860 | bsz 757.322 | num_updates 21319 | lr 0.000433158 | gnorm 0.157 | clip 1.000 | oom 0.000 | loss_scale 32.000 | wall 4831 | train_wall 4027
| epoch 025 | valid on 'valid' subset | loss 5.119 | nll_loss 2.661 | ppl 6.32 | num_updates 21319 | best_loss 5.11922
| epoch 026 | loss 4.354 | nll_loss 2.007 | ppl 4.02 | wps 66009 | ups 4 | wpb 14862.992 | bsz 758.131 | num_updates 22172 | lr 0.000424744 | gnorm 0.155 | clip 1.000 | oom 0.000 | loss_scale 32.000 | wall 5024 | train_wall 4188
| epoch 026 | valid on 'valid' subset | loss 5.113 | nll_loss 2.652 | ppl 6.29 | num_updates 22172 | best_loss 5.1128
| epoch 027 | loss 4.348 | nll_loss 2.000 | ppl 4 | wps 65993 | ups 4 | wpb 14862.992 | bsz 758.131 | num_updates 23025 | lr 0.000416802 | gnorm 0.156 | clip 1.000 | oom 0.000 | loss_scale 32.000 | wall 5217 | train_wall 4350
| epoch 027 | valid on 'valid' subset | loss 5.090 | nll_loss 2.629 | ppl 6.19 | num_updates 23025 | best_loss 5.08992
| epoch 028 | loss 4.342 | nll_loss 1.992 | ppl 3.98 | wps 66259 | ups 4 | wpb 14862.992 | bsz 758.131 | num_updates 23878 | lr 0.00040929 | gnorm 0.155 | clip 1.000 | oom 0.000 | loss_scale 32.000 | wall 5410 | train_wall 4511
| epoch 028 | valid on 'valid' subset | loss 5.096 | nll_loss 2.636 | ppl 6.22 | num_updates 23878 | best_loss 5.09603
| epoch 029 | loss 4.336 | nll_loss 1.985 | ppl 3.96 | wps 65953 | ups 4 | wpb 14862.992 | bsz 758.131 | num_updates 24731 | lr 0.00040217 | gnorm 0.155 | clip 1.000 | oom 0.000 | loss_scale 32.000 | wall 5603 | train_wall 4672
| epoch 029 | valid on 'valid' subset | loss 5.080 | nll_loss 2.611 | ppl 6.11 | num_updates 24731 | best_loss 5.07994
| WARNING: overflow detected, setting loss scale to: 32.0
| epoch 030 | loss 4.331 | nll_loss 1.979 | ppl 3.94 | wps 65813 | ups 4 | wpb 14866.548 | bsz 757.500 | num_updates 25583 | lr 0.000395416 | gnorm 0.155 | clip 1.000 | oom 0.000 | loss_scale 32.000 | wall 5797 | train_wall 4833
| epoch 030 | valid on 'valid' subset | loss 5.102 | nll_loss 2.638 | ppl 6.23 | num_updates 25583 | best_loss 5.10185
| saved checkpoint ./checkpoints/2020-05-31T11-38-04-00-exp27-bpe2500-si-052720-seed19-nonjoint/checkpoints_si_en/checkpoint30.pt (epoch 30 @ 25583 updates) (writing took 0.9908266067504883 seconds)
| epoch 031 | loss 4.325 | nll_loss 1.972 | ppl 3.92 | wps 66457 | ups 4 | wpb 14862.992 | bsz 758.131 | num_updates 26436 | lr 0.000388984 | gnorm 0.155 | clip 1.000 | oom 0.000 | loss_scale 32.000 | wall 5990 | train_wall 4994
| epoch 031 | valid on 'valid' subset | loss 5.079 | nll_loss 2.613 | ppl 6.12 | num_updates 26436 | best_loss 5.07915
| epoch 032 | loss 4.320 | nll_loss 1.966 | ppl 3.91 | wps 66149 | ups 4 | wpb 14862.992 | bsz 758.131 | num_updates 27289 | lr 0.000382857 | gnorm 0.155 | clip 1.000 | oom 0.000 | loss_scale 32.000 | wall 6182 | train_wall 5155
| epoch 032 | valid on 'valid' subset | loss 5.091 | nll_loss 2.623 | ppl 6.16 | num_updates 27289 | best_loss 5.09133
| epoch 033 | loss 4.316 | nll_loss 1.961 | ppl 3.89 | wps 65645 | ups 4 | wpb 14862.992 | bsz 758.131 | num_updates 28142 | lr 0.00037701 | gnorm 0.155 | clip 1.000 | oom 0.000 | loss_scale 32.000 | wall 6376 | train_wall 5317
| epoch 033 | valid on 'valid' subset | loss 5.066 | nll_loss 2.592 | ppl 6.03 | num_updates 28142 | best_loss 5.06553
| epoch 034 | loss 4.311 | nll_loss 1.955 | ppl 3.88 | wps 66208 | ups 4 | wpb 14862.992 | bsz 758.131 | num_updates 28995 | lr 0.000371423 | gnorm 0.154 | clip 1.000 | oom 0.000 | loss_scale 32.000 | wall 6569 | train_wall 5478
| epoch 034 | valid on 'valid' subset | loss 5.063 | nll_loss 2.591 | ppl 6.02 | num_updates 28995 | best_loss 5.06276
| epoch 035 | loss 4.307 | nll_loss 1.950 | ppl 3.86 | wps 66637 | ups 4 | wpb 14862.992 | bsz 758.131 | num_updates 29848 | lr 0.000366077 | gnorm 0.154 | clip 1.000 | oom 0.000 | loss_scale 64.000 | wall 6760 | train_wall 5638
| epoch 035 | valid on 'valid' subset | loss 5.060 | nll_loss 2.588 | ppl 6.01 | num_updates 29848 | best_loss 5.05956
| epoch 036 | loss 4.303 | nll_loss 1.945 | ppl 3.85 | wps 66005 | ups 4 | wpb 14862.992 | bsz 758.131 | num_updates 30701 | lr 0.000360956 | gnorm 0.155 | clip 1.000 | oom 0.000 | loss_scale 64.000 | wall 6954 | train_wall 5799
| epoch 036 | valid on 'valid' subset | loss 5.059 | nll_loss 2.585 | ppl 6 | num_updates 30701 | best_loss 5.05888
| epoch 037 | loss 4.299 | nll_loss 1.940 | ppl 3.84 | wps 65505 | ups 4 | wpb 14862.992 | bsz 758.131 | num_updates 31554 | lr 0.000356043 | gnorm 0.154 | clip 1.000 | oom 0.000 | loss_scale 64.000 | wall 7148 | train_wall 5962
| epoch 037 | valid on 'valid' subset | loss 5.051 | nll_loss 2.570 | ppl 5.94 | num_updates 31554 | best_loss 5.05086
| epoch 038 | loss 4.295 | nll_loss 1.935 | ppl 3.82 | wps 66244 | ups 4 | wpb 14862.992 | bsz 758.131 | num_updates 32407 | lr 0.000351326 | gnorm 0.156 | clip 1.000 | oom 0.000 | loss_scale 64.000 | wall 7341 | train_wall 6122
| epoch 038 | valid on 'valid' subset | loss 5.053 | nll_loss 2.574 | ppl 5.95 | num_updates 32407 | best_loss 5.05319
| epoch 039 | loss 4.292 | nll_loss 1.931 | ppl 3.81 | wps 66304 | ups 4 | wpb 14862.992 | bsz 758.131 | num_updates 33260 | lr 0.000346792 | gnorm 0.154 | clip 1.000 | oom 0.000 | loss_scale 64.000 | wall 7533 | train_wall 6283
| epoch 039 | valid on 'valid' subset | loss 5.052 | nll_loss 2.572 | ppl 5.95 | num_updates 33260 | best_loss 5.05201
| WARNING: overflow detected, setting loss scale to: 64.0
| epoch 040 | loss 4.288 | nll_loss 1.926 | ppl 3.8 | wps 65656 | ups 4 | wpb 14862.235 | bsz 757.885 | num_updates 34112 | lr 0.000342434 | gnorm 0.154 | clip 1.000 | oom 0.000 | loss_scale 64.000 | wall 7727 | train_wall 6445
| epoch 040 | valid on 'valid' subset | loss 5.048 | nll_loss 2.565 | ppl 5.92 | num_updates 34112 | best_loss 5.04822
| saved checkpoint ./checkpoints/2020-05-31T11-38-04-00-exp27-bpe2500-si-052720-seed19-nonjoint/checkpoints_si_en/checkpoint40.pt (epoch 40 @ 34112 updates) (writing took 0.9735686779022217 seconds)
| epoch 041 | loss 4.285 | nll_loss 1.922 | ppl 3.79 | wps 66909 | ups 5 | wpb 14862.992 | bsz 758.131 | num_updates 34965 | lr 0.000338231 | gnorm 0.154 | clip 1.000 | oom 0.000 | loss_scale 64.000 | wall 7919 | train_wall 6605
| epoch 041 | valid on 'valid' subset | loss 5.020 | nll_loss 2.533 | ppl 5.79 | num_updates 34965 | best_loss 5.02004
| epoch 042 | loss 4.282 | nll_loss 1.918 | ppl 3.78 | wps 66345 | ups 4 | wpb 14862.992 | bsz 758.131 | num_updates 35818 | lr 0.000334179 | gnorm 0.155 | clip 1.000 | oom 0.000 | loss_scale 64.000 | wall 8111 | train_wall 6765
| epoch 042 | valid on 'valid' subset | loss 5.047 | nll_loss 2.560 | ppl 5.9 | num_updates 35818 | best_loss 5.04738
| epoch 043 | loss 4.279 | nll_loss 1.915 | ppl 3.77 | wps 65684 | ups 4 | wpb 14862.992 | bsz 758.131 | num_updates 36671 | lr 0.00033027 | gnorm 0.155 | clip 1.000 | oom 0.000 | loss_scale 64.000 | wall 8305 | train_wall 6927
| epoch 043 | valid on 'valid' subset | loss 5.042 | nll_loss 2.557 | ppl 5.88 | num_updates 36671 | best_loss 5.04154
| epoch 044 | loss 4.276 | nll_loss 1.911 | ppl 3.76 | wps 65959 | ups 4 | wpb 14862.992 | bsz 758.131 | num_updates 37524 | lr 0.000326494 | gnorm 0.155 | clip 1.000 | oom 0.000 | loss_scale 64.000 | wall 8498 | train_wall 7089
| epoch 044 | valid on 'valid' subset | loss 5.032 | nll_loss 2.545 | ppl 5.84 | num_updates 37524 | best_loss 5.03175
| WARNING: overflow detected, setting loss scale to: 64.0
| epoch 045 | loss 4.272 | nll_loss 1.907 | ppl 3.75 | wps 65997 | ups 4 | wpb 14862.255 | bsz 758.289 | num_updates 38376 | lr 0.00032285 | gnorm 0.154 | clip 1.000 | oom 0.000 | loss_scale 64.000 | wall 8691 | train_wall 7250
| epoch 045 | valid on 'valid' subset | loss 5.027 | nll_loss 2.541 | ppl 5.82 | num_updates 38376 | best_loss 5.02695
| epoch 046 | loss 4.270 | nll_loss 1.904 | ppl 3.74 | wps 65843 | ups 4 | wpb 14862.992 | bsz 758.131 | num_updates 39229 | lr 0.00031932 | gnorm 0.155 | clip 1.000 | oom 0.000 | loss_scale 64.000 | wall 8885 | train_wall 7411
| epoch 046 | valid on 'valid' subset | loss 5.028 | nll_loss 2.538 | ppl 5.81 | num_updates 39229 | best_loss 5.02815
| epoch 047 | loss 4.267 | nll_loss 1.901 | ppl 3.73 | wps 67022 | ups 5 | wpb 14862.992 | bsz 758.131 | num_updates 40082 | lr 0.000315904 | gnorm 0.155 | clip 1.000 | oom 0.000 | loss_scale 64.000 | wall 9075 | train_wall 7571
| epoch 047 | valid on 'valid' subset | loss 5.022 | nll_loss 2.531 | ppl 5.78 | num_updates 40082 | best_loss 5.0222
| epoch 048 | loss 4.264 | nll_loss 1.897 | ppl 3.72 | wps 66234 | ups 4 | wpb 14862.992 | bsz 758.131 | num_updates 40935 | lr 0.000312595 | gnorm 0.154 | clip 1.000 | oom 0.000 | loss_scale 64.000 | wall 9268 | train_wall 7732
| epoch 048 | valid on 'valid' subset | loss 5.012 | nll_loss 2.518 | ppl 5.73 | num_updates 40935 | best_loss 5.01245
| epoch 049 | loss 4.262 | nll_loss 1.894 | ppl 3.72 | wps 66695 | ups 4 | wpb 14862.992 | bsz 758.131 | num_updates 41788 | lr 0.000309389 | gnorm 0.155 | clip 1.000 | oom 0.000 | loss_scale 64.000 | wall 9459 | train_wall 7891
| epoch 049 | valid on 'valid' subset | loss 5.009 | nll_loss 2.516 | ppl 5.72 | num_updates 41788 | best_loss 5.00922
| WARNING: overflow detected, setting loss scale to: 64.0
| epoch 050 | loss 4.259 | nll_loss 1.890 | ppl 3.71 | wps 65956 | ups 4 | wpb 14863.241 | bsz 758.298 | num_updates 42640 | lr 0.000306282 | gnorm 0.155 | clip 1.000 | oom 0.000 | loss_scale 64.000 | wall 9652 | train_wall 8053
| epoch 050 | valid on 'valid' subset | loss 5.013 | nll_loss 2.518 | ppl 5.73 | num_updates 42640 | best_loss 5.01263
| saved checkpoint ./checkpoints/2020-05-31T11-38-04-00-exp27-bpe2500-si-052720-seed19-nonjoint/checkpoints_si_en/checkpoint50.pt (epoch 50 @ 42640 updates) (writing took 0.994713544845581 seconds)
| epoch 051 | loss 4.256 | nll_loss 1.887 | ppl 3.7 | wps 65751 | ups 4 | wpb 14862.992 | bsz 758.131 | num_updates 43493 | lr 0.000303264 | gnorm 0.155 | clip 1.000 | oom 0.000 | loss_scale 64.000 | wall 9847 | train_wall 8214
| epoch 051 | valid on 'valid' subset | loss 5.007 | nll_loss 2.513 | ppl 5.71 | num_updates 43493 | best_loss 5.00739
| WARNING: overflow detected, setting loss scale to: 32.0
| epoch 052 | loss 4.253 | nll_loss 1.884 | ppl 3.69 | wps 65912 | ups 4 | wpb 14866.581 | bsz 758.627 | num_updates 44345 | lr 0.000300336 | gnorm 0.155 | clip 0.999 | oom 0.000 | loss_scale 32.000 | wall 10040 | train_wall 8375
| epoch 052 | valid on 'valid' subset | loss 5.000 | nll_loss 2.506 | ppl 5.68 | num_updates 44345 | best_loss 5.00004
| epoch 053 | loss 4.252 | nll_loss 1.881 | ppl 3.68 | wps 65247 | ups 4 | wpb 14862.992 | bsz 758.131 | num_updates 45198 | lr 0.000297489 | gnorm 0.155 | clip 1.000 | oom 0.000 | loss_scale 32.000 | wall 10236 | train_wall 8538
| epoch 053 | valid on 'valid' subset | loss 5.002 | nll_loss 2.507 | ppl 5.69 | num_updates 45198 | best_loss 5.00179
| epoch 054 | loss 4.250 | nll_loss 1.880 | ppl 3.68 | wps 66330 | ups 4 | wpb 14862.992 | bsz 758.131 | num_updates 46051 | lr 0.000294721 | gnorm 0.155 | clip 1.000 | oom 0.000 | loss_scale 32.000 | wall 10428 | train_wall 8699
| epoch 054 | valid on 'valid' subset | loss 5.024 | nll_loss 2.531 | ppl 5.78 | num_updates 46051 | best_loss 5.01263
| epoch 055 | loss 4.247 | nll_loss 1.876 | ppl 3.67 | wps 65901 | ups 4 | wpb 14862.992 | bsz 758.131 | num_updates 46904 | lr 0.000292028 | gnorm 0.155 | clip 1.000 | oom 0.000 | loss_scale 32.000 | wall 10621 | train_wall 8860
| epoch 055 | valid on 'valid' subset | loss 4.996 | nll_loss 2.497 | ppl 5.64 | num_updates 46904 | best_loss 4.99601
| epoch 056 | loss 4.245 | nll_loss 1.873 | ppl 3.66 | wps 65859 | ups 4 | wpb 14862.992 | bsz 758.131 | num_updates 47757 | lr 0.000289409 | gnorm 0.156 | clip 0.999 | oom 0.000 | loss_scale 32.000 | wall 10815 | train_wall 9021
| epoch 056 | valid on 'valid' subset | loss 4.990 | nll_loss 2.490 | ppl 5.62 | num_updates 47757 | best_loss 4.99027
| WARNING: overflow detected, setting loss scale to: 32.0
| epoch 057 | loss 4.242 | nll_loss 1.870 | ppl 3.66 | wps 66316 | ups 4 | wpb 14863.013 | bsz 758.401 | num_updates 48609 | lr 0.000286861 | gnorm 0.155 | clip 1.000 | oom 0.000 | loss_scale 32.000 | wall 11007 | train_wall 9183
| epoch 057 | valid on 'valid' subset | loss 4.992 | nll_loss 2.490 | ppl 5.62 | num_updates 48609 | best_loss 4.99221
| epoch 058 | loss 4.241 | nll_loss 1.868 | ppl 3.65 | wps 66675 | ups 4 | wpb 14862.992 | bsz 758.131 | num_updates 49462 | lr 0.000284377 | gnorm 0.156 | clip 0.999 | oom 0.000 | loss_scale 32.000 | wall 11198 | train_wall 9344
| epoch 058 | valid on 'valid' subset | loss 4.989 | nll_loss 2.483 | ppl 5.59 | num_updates 49462 | best_loss 4.98894
| epoch 059 | loss 4.239 | nll_loss 1.866 | ppl 3.64 | wps 65702 | ups 4 | wpb 14862.992 | bsz 758.131 | num_updates 50315 | lr 0.000281956 | gnorm 0.155 | clip 0.999 | oom 0.000 | loss_scale 32.000 | wall 11392 | train_wall 9506
| epoch 059 | valid on 'valid' subset | loss 4.977 | nll_loss 2.474 | ppl 5.56 | num_updates 50315 | best_loss 4.97656
| epoch 060 | loss 4.237 | nll_loss 1.864 | ppl 3.64 | wps 65788 | ups 4 | wpb 14862.992 | bsz 758.131 | num_updates 51168 | lr 0.000279596 | gnorm 0.156 | clip 1.000 | oom 0.000 | loss_scale 32.000 | wall 11586 | train_wall 9667
| epoch 060 | valid on 'valid' subset | loss 4.995 | nll_loss 2.495 | ppl 5.64 | num_updates 51168 | best_loss 4.99543
| saved checkpoint ./checkpoints/2020-05-31T11-38-04-00-exp27-bpe2500-si-052720-seed19-nonjoint/checkpoints_si_en/checkpoint60.pt (epoch 60 @ 51168 updates) (writing took 0.9759223461151123 seconds)
| epoch 061 | loss 4.235 | nll_loss 1.861 | ppl 3.63 | wps 65885 | ups 4 | wpb 14862.992 | bsz 758.131 | num_updates 52021 | lr 0.000277294 | gnorm 0.156 | clip 1.000 | oom 0.000 | loss_scale 32.000 | wall 11781 | train_wall 9829
| epoch 061 | valid on 'valid' subset | loss 4.989 | nll_loss 2.488 | ppl 5.61 | num_updates 52021 | best_loss 4.9894
| epoch 062 | loss 4.233 | nll_loss 1.859 | ppl 3.63 | wps 65614 | ups 4 | wpb 14862.992 | bsz 758.131 | num_updates 52874 | lr 0.000275048 | gnorm 0.157 | clip 1.000 | oom 0.000 | loss_scale 64.000 | wall 11975 | train_wall 9991
| epoch 062 | valid on 'valid' subset | loss 4.996 | nll_loss 2.495 | ppl 5.64 | num_updates 52874 | best_loss 4.99543
| epoch 063 | loss 4.231 | nll_loss 1.857 | ppl 3.62 | wps 66378 | ups 4 | wpb 14862.992 | bsz 758.131 | num_updates 53727 | lr 0.000272856 | gnorm 0.155 | clip 1.000 | oom 0.000 | loss_scale 64.000 | wall 12167 | train_wall 10151
| epoch 063 | valid on 'valid' subset | loss 4.980 | nll_loss 2.476 | ppl 5.56 | num_updates 53727 | best_loss 4.97952
| epoch 064 | loss 4.229 | nll_loss 1.853 | ppl 3.61 | wps 65881 | ups 4 | wpb 14862.992 | bsz 758.131 | num_updates 54580 | lr 0.000270716 | gnorm 0.156 | clip 0.999 | oom 0.000 | loss_scale 64.000 | wall 12361 | train_wall 10313
| epoch 064 | valid on 'valid' subset | loss 4.996 | nll_loss 2.497 | ppl 5.64 | num_updates 54580 | best_loss 4.99543
| epoch 065 | loss 4.228 | nll_loss 1.852 | ppl 3.61 | wps 66508 | ups 4 | wpb 14862.992 | bsz 758.131 | num_updates 55433 | lr 0.000268625 | gnorm 0.156 | clip 1.000 | oom 0.000 | loss_scale 64.000 | wall 12552 | train_wall 10475
| epoch 065 | valid on 'valid' subset | loss 4.983 | nll_loss 2.481 | ppl 5.58 | num_updates 55433 | best_loss 4.9831
| WARNING: overflow detected, setting loss scale to: 32.0
| epoch 066 | loss 4.225 | nll_loss 1.849 | ppl 3.6 | wps 65352 | ups 4 | wpb 14864.324 | bsz 758.486 | num_updates 56285 | lr 0.000266584 | gnorm 0.156 | clip 1.000 | oom 0.000 | loss_scale 32.000 | wall 12747 | train_wall 10637
| epoch 066 | valid on 'valid' subset | loss 5.004 | nll_loss 2.500 | ppl 5.66 | num_updates 56285 | best_loss 4.99543
| epoch 067 | loss 4.224 | nll_loss 1.848 | ppl 3.6 | wps 66027 | ups 4 | wpb 14862.992 | bsz 758.131 | num_updates 57138 | lr 0.000264586 | gnorm 0.156 | clip 0.999 | oom 0.000 | loss_scale 32.000 | wall 12940 | train_wall 10799
| epoch 067 | valid on 'valid' subset | loss 4.986 | nll_loss 2.478 | ppl 5.57 | num_updates 57138 | best_loss 4.98591
| epoch 068 | loss 4.223 | nll_loss 1.846 | ppl 3.6 | wps 66161 | ups 4 | wpb 14862.992 | bsz 758.131 | num_updates 57991 | lr 0.000262633 | gnorm 0.157 | clip 1.000 | oom 0.000 | loss_scale 32.000 | wall 13133 | train_wall 10961
| epoch 068 | valid on 'valid' subset | loss 4.973 | nll_loss 2.468 | ppl 5.53 | num_updates 57991 | best_loss 4.9732
| epoch 069 | loss 4.221 | nll_loss 1.844 | ppl 3.59 | wps 65556 | ups 4 | wpb 14862.992 | bsz 758.131 | num_updates 58844 | lr 0.000260723 | gnorm 0.157 | clip 1.000 | oom 0.000 | loss_scale 32.000 | wall 13328 | train_wall 11123
| epoch 069 | valid on 'valid' subset | loss 4.980 | nll_loss 2.476 | ppl 5.56 | num_updates 58844 | best_loss 4.97997
| epoch 070 | loss 4.219 | nll_loss 1.842 | ppl 3.58 | wps 65589 | ups 4 | wpb 14862.992 | bsz 758.131 | num_updates 59697 | lr 0.000258853 | gnorm 0.157 | clip 1.000 | oom 0.000 | loss_scale 32.000 | wall 13522 | train_wall 11285
| epoch 070 | valid on 'valid' subset | loss 4.975 | nll_loss 2.466 | ppl 5.52 | num_updates 59697 | best_loss 4.97522
| saved checkpoint ./checkpoints/2020-05-31T11-38-04-00-exp27-bpe2500-si-052720-seed19-nonjoint/checkpoints_si_en/checkpoint70.pt (epoch 70 @ 59697 updates) (writing took 0.9846370220184326 seconds)
| epoch 071 | loss 4.218 | nll_loss 1.840 | ppl 3.58 | wps 65910 | ups 4 | wpb 14862.992 | bsz 758.131 | num_updates 60550 | lr 0.000257024 | gnorm 0.157 | clip 1.000 | oom 0.000 | loss_scale 64.000 | wall 13717 | train_wall 11447
| epoch 071 | valid on 'valid' subset | loss 4.972 | nll_loss 2.461 | ppl 5.51 | num_updates 60550 | best_loss 4.97195
| epoch 072 | loss 4.217 | nll_loss 1.838 | ppl 3.58 | wps 66310 | ups 4 | wpb 14862.992 | bsz 758.131 | num_updates 61403 | lr 0.000255232 | gnorm 0.157 | clip 1.000 | oom 0.000 | loss_scale 64.000 | wall 13909 | train_wall 11607
| epoch 072 | valid on 'valid' subset | loss 4.984 | nll_loss 2.478 | ppl 5.57 | num_updates 61403 | best_loss 4.97522
| WARNING: overflow detected, setting loss scale to: 32.0
| epoch 073 | loss 4.214 | nll_loss 1.836 | ppl 3.57 | wps 66250 | ups 4 | wpb 14864.394 | bsz 758.326 | num_updates 62255 | lr 0.00025348 | gnorm 0.158 | clip 1.000 | oom 0.000 | loss_scale 32.000 | wall 14101 | train_wall 11768
| epoch 073 | valid on 'valid' subset | loss 4.997 | nll_loss 2.497 | ppl 5.64 | num_updates 62255 | best_loss 4.97522
| epoch 074 | loss 4.214 | nll_loss 1.835 | ppl 3.57 | wps 65797 | ups 4 | wpb 14862.992 | bsz 758.131 | num_updates 63108 | lr 0.000251761 | gnorm 0.158 | clip 1.000 | oom 0.000 | loss_scale 32.000 | wall 14295 | train_wall 11930
| epoch 074 | valid on 'valid' subset | loss 4.968 | nll_loss 2.456 | ppl 5.49 | num_updates 63108 | best_loss 4.96799
| epoch 075 | loss 4.212 | nll_loss 1.833 | ppl 3.56 | wps 66327 | ups 4 | wpb 14862.992 | bsz 758.131 | num_updates 63961 | lr 0.000250076 | gnorm 0.157 | clip 0.999 | oom 0.000 | loss_scale 32.000 | wall 14487 | train_wall 12090
| epoch 075 | valid on 'valid' subset | loss 4.985 | nll_loss 2.475 | ppl 5.56 | num_updates 63961 | best_loss 4.97522
| epoch 076 | loss 4.210 | nll_loss 1.831 | ppl 3.56 | wps 65561 | ups 4 | wpb 14862.992 | bsz 758.131 | num_updates 64814 | lr 0.000248425 | gnorm 0.158 | clip 1.000 | oom 0.000 | loss_scale 32.000 | wall 14682 | train_wall 12252
| epoch 076 | valid on 'valid' subset | loss 4.972 | nll_loss 2.463 | ppl 5.51 | num_updates 64814 | best_loss 4.97241
| epoch 077 | loss 4.209 | nll_loss 1.829 | ppl 3.55 | wps 65655 | ups 4 | wpb 14862.992 | bsz 758.131 | num_updates 65667 | lr 0.000246806 | gnorm 0.158 | clip 0.999 | oom 0.000 | loss_scale 32.000 | wall 14876 | train_wall 12414
| epoch 077 | valid on 'valid' subset | loss 4.966 | nll_loss 2.454 | ppl 5.48 | num_updates 65667 | best_loss 4.96555
| epoch 078 | loss 4.208 | nll_loss 1.828 | ppl 3.55 | wps 66364 | ups 4 | wpb 14862.992 | bsz 758.131 | num_updates 66520 | lr 0.000245219 | gnorm 0.158 | clip 1.000 | oom 0.000 | loss_scale 64.000 | wall 15068 | train_wall 12574
| epoch 078 | valid on 'valid' subset | loss 4.959 | nll_loss 2.447 | ppl 5.45 | num_updates 66520 | best_loss 4.9592
| WARNING: overflow detected, setting loss scale to: 32.0
| epoch 079 | loss 4.206 | nll_loss 1.826 | ppl 3.54 | wps 66026 | ups 4 | wpb 14866.755 | bsz 758.317 | num_updates 67372 | lr 0.000243663 | gnorm 0.158 | clip 1.000 | oom 0.000 | loss_scale 32.000 | wall 15261 | train_wall 12735
| epoch 079 | valid on 'valid' subset | loss 4.979 | nll_loss 2.465 | ppl 5.52 | num_updates 67372 | best_loss 4.97522
| epoch 080 | loss 4.205 | nll_loss 1.825 | ppl 3.54 | wps 65499 | ups 4 | wpb 14862.992 | bsz 758.131 | num_updates 68225 | lr 0.000242135 | gnorm 0.159 | clip 1.000 | oom 0.000 | loss_scale 32.000 | wall 15456 | train_wall 12897
| epoch 080 | valid on 'valid' subset | loss 4.965 | nll_loss 2.452 | ppl 5.47 | num_updates 68225 | best_loss 4.96462
| saved checkpoint ./checkpoints/2020-05-31T11-38-04-00-exp27-bpe2500-si-052720-seed19-nonjoint/checkpoints_si_en/checkpoint80.pt (epoch 80 @ 68225 updates) (writing took 1.0171608924865723 seconds)
| epoch 081 | loss 4.204 | nll_loss 1.823 | ppl 3.54 | wps 66415 | ups 4 | wpb 14862.992 | bsz 758.131 | num_updates 69078 | lr 0.000240636 | gnorm 0.158 | clip 1.000 | oom 0.000 | loss_scale 32.000 | wall 15649 | train_wall 13058
| epoch 081 | valid on 'valid' subset | loss 4.976 | nll_loss 2.466 | ppl 5.52 | num_updates 69078 | best_loss 4.96462
| epoch 082 | loss 4.203 | nll_loss 1.821 | ppl 3.53 | wps 66479 | ups 4 | wpb 14862.992 | bsz 758.131 | num_updates 69931 | lr 0.000239164 | gnorm 0.158 | clip 0.999 | oom 0.000 | loss_scale 32.000 | wall 15840 | train_wall 13218
| epoch 082 | valid on 'valid' subset | loss 4.959 | nll_loss 2.446 | ppl 5.45 | num_updates 69931 | best_loss 4.95882
| epoch 083 | loss 4.202 | nll_loss 1.820 | ppl 3.53 | wps 65837 | ups 4 | wpb 14862.992 | bsz 758.131 | num_updates 70784 | lr 0.000237718 | gnorm 0.158 | clip 1.000 | oom 0.000 | loss_scale 32.000 | wall 16034 | train_wall 13380
| epoch 083 | valid on 'valid' subset | loss 4.956 | nll_loss 2.442 | ppl 5.43 | num_updates 70784 | best_loss 4.95635
| WARNING: overflow detected, setting loss scale to: 32.0
| epoch 084 | loss 4.200 | nll_loss 1.817 | ppl 3.52 | wps 65935 | ups 4 | wpb 14862.707 | bsz 758.261 | num_updates 71636 | lr 0.0002363 | gnorm 0.158 | clip 1.000 | oom 0.000 | loss_scale 32.000 | wall 16227 | train_wall 13541
| epoch 084 | valid on 'valid' subset | loss 4.963 | nll_loss 2.447 | ppl 5.45 | num_updates 71636 | best_loss 4.96261
| epoch 085 | loss 4.199 | nll_loss 1.816 | ppl 3.52 | wps 65302 | ups 4 | wpb 14862.992 | bsz 758.131 | num_updates 72489 | lr 0.000234906 | gnorm 0.159 | clip 1.000 | oom 0.000 | loss_scale 32.000 | wall 16423 | train_wall 13704
| epoch 085 | valid on 'valid' subset | loss 4.955 | nll_loss 2.440 | ppl 5.43 | num_updates 72489 | best_loss 4.95491
| epoch 086 | loss 4.198 | nll_loss 1.816 | ppl 3.52 | wps 66127 | ups 4 | wpb 14862.992 | bsz 758.131 | num_updates 73342 | lr 0.000233536 | gnorm 0.159 | clip 1.000 | oom 0.000 | loss_scale 32.000 | wall 16615 | train_wall 13865
| epoch 086 | valid on 'valid' subset | loss 4.959 | nll_loss 2.444 | ppl 5.44 | num_updates 73342 | best_loss 4.95934
| epoch 087 | loss 4.197 | nll_loss 1.814 | ppl 3.52 | wps 66281 | ups 4 | wpb 14862.992 | bsz 758.131 | num_updates 74195 | lr 0.00023219 | gnorm 0.158 | clip 1.000 | oom 0.000 | loss_scale 32.000 | wall 16808 | train_wall 14026
| epoch 087 | valid on 'valid' subset | loss 4.961 | nll_loss 2.447 | ppl 5.45 | num_updates 74195 | best_loss 4.96099
| epoch 088 | loss 4.195 | nll_loss 1.812 | ppl 3.51 | wps 65811 | ups 4 | wpb 14862.992 | bsz 758.131 | num_updates 75048 | lr 0.000230866 | gnorm 0.159 | clip 1.000 | oom 0.000 | loss_scale 32.000 | wall 17001 | train_wall 14188
| epoch 088 | valid on 'valid' subset | loss 4.976 | nll_loss 2.461 | ppl 5.51 | num_updates 75048 | best_loss 4.96462
| epoch 089 | loss 4.194 | nll_loss 1.811 | ppl 3.51 | wps 65510 | ups 4 | wpb 14862.992 | bsz 758.131 | num_updates 75901 | lr 0.000229565 | gnorm 0.159 | clip 1.000 | oom 0.000 | loss_scale 64.000 | wall 17196 | train_wall 14349
| epoch 089 | valid on 'valid' subset | loss 4.951 | nll_loss 2.433 | ppl 5.4 | num_updates 75901 | best_loss 4.95102
| WARNING: overflow detected, setting loss scale to: 32.0
| epoch 090 | loss 4.193 | nll_loss 1.809 | ppl 3.5 | wps 65504 | ups 4 | wpb 14862.908 | bsz 758.664 | num_updates 76753 | lr 0.000228288 | gnorm 0.159 | clip 1.000 | oom 0.000 | loss_scale 32.000 | wall 17391 | train_wall 14511
| epoch 090 | valid on 'valid' subset | loss 4.952 | nll_loss 2.433 | ppl 5.4 | num_updates 76753 | best_loss 4.95213
| saved checkpoint ./checkpoints/2020-05-31T11-38-04-00-exp27-bpe2500-si-052720-seed19-nonjoint/checkpoints_si_en/checkpoint90.pt (epoch 90 @ 76753 updates) (writing took 1.016228199005127 seconds)
| epoch 091 | loss 4.192 | nll_loss 1.808 | ppl 3.5 | wps 65955 | ups 4 | wpb 14862.992 | bsz 758.131 | num_updates 77606 | lr 0.00022703 | gnorm 0.159 | clip 1.000 | oom 0.000 | loss_scale 32.000 | wall 17585 | train_wall 14672
| epoch 091 | valid on 'valid' subset | loss 4.958 | nll_loss 2.444 | ppl 5.44 | num_updates 77606 | best_loss 4.95213
| epoch 092 | loss 4.191 | nll_loss 1.807 | ppl 3.5 | wps 65949 | ups 4 | wpb 14862.992 | bsz 758.131 | num_updates 78459 | lr 0.000225792 | gnorm 0.160 | clip 1.000 | oom 0.000 | loss_scale 32.000 | wall 17778 | train_wall 14834
| epoch 092 | valid on 'valid' subset | loss 4.962 | nll_loss 2.445 | ppl 5.44 | num_updates 78459 | best_loss 4.95213
| epoch 093 | loss 4.190 | nll_loss 1.805 | ppl 3.49 | wps 66147 | ups 4 | wpb 14862.992 | bsz 758.131 | num_updates 79312 | lr 0.000224575 | gnorm 0.159 | clip 1.000 | oom 0.000 | loss_scale 32.000 | wall 17971 | train_wall 14995
| epoch 093 | valid on 'valid' subset | loss 4.945 | nll_loss 2.427 | ppl 5.38 | num_updates 79312 | best_loss 4.94534
| epoch 094 | loss 4.189 | nll_loss 1.804 | ppl 3.49 | wps 66098 | ups 4 | wpb 14862.992 | bsz 758.131 | num_updates 80165 | lr 0.000223377 | gnorm 0.160 | clip 1.000 | oom 0.000 | loss_scale 64.000 | wall 18164 | train_wall 15156
| epoch 094 | valid on 'valid' subset | loss 4.955 | nll_loss 2.440 | ppl 5.43 | num_updates 80165 | best_loss 4.95213
| WARNING: overflow detected, setting loss scale to: 32.0
| epoch 095 | loss 4.187 | nll_loss 1.802 | ppl 3.49 | wps 65605 | ups 4 | wpb 14862.925 | bsz 758.411 | num_updates 81017 | lr 0.000222199 | gnorm 0.159 | clip 1.000 | oom 0.000 | loss_scale 32.000 | wall 18358 | train_wall 15318
| epoch 095 | valid on 'valid' subset | loss 4.947 | nll_loss 2.427 | ppl 5.38 | num_updates 81017 | best_loss 4.94653
| epoch 096 | loss 4.187 | nll_loss 1.802 | ppl 3.49 | wps 65876 | ups 4 | wpb 14862.992 | bsz 758.131 | num_updates 81870 | lr 0.000221038 | gnorm 0.160 | clip 1.000 | oom 0.000 | loss_scale 32.000 | wall 18552 | train_wall 15480
| epoch 096 | valid on 'valid' subset | loss 4.960 | nll_loss 2.446 | ppl 5.45 | num_updates 81870 | best_loss 4.95213
| epoch 097 | loss 4.186 | nll_loss 1.801 | ppl 3.48 | wps 65331 | ups 4 | wpb 14862.992 | bsz 758.131 | num_updates 82723 | lr 0.000219896 | gnorm 0.160 | clip 1.000 | oom 0.000 | loss_scale 32.000 | wall 18747 | train_wall 15642
| epoch 097 | valid on 'valid' subset | loss 4.965 | nll_loss 2.448 | ppl 5.46 | num_updates 82723 | best_loss 4.95213
| epoch 098 | loss 4.185 | nll_loss 1.799 | ppl 3.48 | wps 65998 | ups 4 | wpb 14862.992 | bsz 758.131 | num_updates 83576 | lr 0.000218771 | gnorm 0.161 | clip 1.000 | oom 0.000 | loss_scale 32.000 | wall 18940 | train_wall 15803
| epoch 098 | valid on 'valid' subset | loss 4.947 | nll_loss 2.429 | ppl 5.39 | num_updates 83576 | best_loss 4.94728
| epoch 099 | loss 4.184 | nll_loss 1.798 | ppl 3.48 | wps 65549 | ups 4 | wpb 14862.992 | bsz 758.131 | num_updates 84429 | lr 0.000217663 | gnorm 0.161 | clip 1.000 | oom 0.000 | loss_scale 64.000 | wall 19134 | train_wall 15965
| epoch 099 | valid on 'valid' subset | loss 4.943 | nll_loss 2.423 | ppl 5.36 | num_updates 84429 | best_loss 4.94252
| epoch 100 | loss 4.183 | nll_loss 1.797 | ppl 3.48 | wps 65523 | ups 4 | wpb 14862.992 | bsz 758.131 | num_updates 85282 | lr 0.000216572 | gnorm 0.160 | clip 1.000 | oom 0.000 | loss_scale 64.000 | wall 19329 | train_wall 16128
| epoch 100 | valid on 'valid' subset | loss 4.955 | nll_loss 2.436 | ppl 5.41 | num_updates 85282 | best_loss 4.95213
| saved checkpoint ./checkpoints/2020-05-31T11-38-04-00-exp27-bpe2500-si-052720-seed19-nonjoint/checkpoints_si_en/checkpoint100.pt (epoch 100 @ 85282 updates) (writing took 0.6390535831451416 seconds)
| done training in 19325.9 seconds
Done training.
Time at end: Sun May 31 17:00:34 EDT 2020
