================ FLORES BASELINE WITH CLIP_NORM=0.1, BPE=7500 AND SEED=14  ================
About to train the supervised for the following language pair: EN-SI
CHECKPOINT_DIR is set to './checkpoints/2020-06-02T21-57-04-00-exp27-bpe7500-si-060120-seed14-nonjoint/checkpoints_en_si'
Creating checkpoint directory if it doesn't exist...
Data folder is: data-bin/wiki_si_en_bpe7500_nonjoint/
Beginning training...
Time at beginning: Wed Jun 3 02:35:39 EDT 2020
This is train_fairseq
Namespace(activation_dropout=0.2, activation_fn='relu', adam_betas='(0.9, 0.98)', adam_eps=1e-08, adaptive_input=False, adaptive_softmax_cutoff=None, adaptive_softmax_dropout=0, arch='transformer', attention_dropout=0.2, best_checkpoint_metric='loss', bpe=None, bucket_cap_mb=25, clip_norm=0.1, cpu=False, criterion='label_smoothed_cross_entropy', cross_self_attention=False, curriculum=0, data='data-bin/wiki_si_en_bpe7500_nonjoint/', dataset_impl=None, ddp_backend='c10d', decoder_attention_heads=2, decoder_embed_dim=512, decoder_embed_path=None, decoder_ffn_embed_dim=2048, decoder_input_dim=512, decoder_layerdrop=0, decoder_layers=5, decoder_layers_to_keep=None, decoder_learned_pos=False, decoder_normalize_before=True, decoder_output_dim=512, device_id=0, disable_validation=False, distributed_backend='nccl', distributed_init_method=None, distributed_no_spawn=False, distributed_port=-1, distributed_rank=0, distributed_world_size=1, dropout=0.4, empty_cache_freq=0, encoder_attention_heads=2, encoder_embed_dim=512, encoder_embed_path=None, encoder_ffn_embed_dim=2048, encoder_layerdrop=0, encoder_layers=5, encoder_layers_to_keep=None, encoder_learned_pos=False, encoder_normalize_before=True, fast_stat_sync=False, find_unused_parameters=False, fix_batches_to_gpus=False, fixed_validation_seed=None, fp16=True, fp16_init_scale=128, fp16_scale_tolerance=0.0, fp16_scale_window=None, keep_interval_updates=-1, keep_last_epochs=-1, label_smoothing=0.2, layer_wise_attention=False, layernorm_embedding=False, lazy_load=False, left_pad_source='True', left_pad_target='False', load_alignments=False, log_format=None, log_interval=1000, lr=[0.001], lr_scheduler='inverse_sqrt', max_epoch=100, max_sentences=None, max_sentences_valid=None, max_source_positions=1024, max_target_positions=1024, max_tokens=4000, max_tokens_valid=4000, max_update=0, maximize_best_checkpoint_metric=False, memory_efficient_fp16=False, min_loss_scale=0.0001, min_lr=1e-09, no_cross_attention=False, no_epoch_checkpoints=False, no_last_checkpoints=False, no_progress_bar=False, no_save=False, no_save_optimizer_state=False, no_scale_embedding=False, no_token_positional_embeddings=False, num_workers=1, optimizer='adam', optimizer_overrides='{}', raw_text=False, required_batch_size_multiple=8, reset_dataloader=False, reset_lr_scheduler=False, reset_meters=False, reset_optimizer=False, restore_file='checkpoint_last.pt', save_dir='./checkpoints/2020-06-02T21-57-04-00-exp27-bpe7500-si-060120-seed14-nonjoint/checkpoints_en_si', save_interval=10, save_interval_updates=0, seed=14, sentence_avg=False, share_all_embeddings=True, share_decoder_input_output_embed=False, skip_invalid_size_inputs_valid_test=False, source_lang='en', target_lang='si', task='translation', tensorboard_logdir='', threshold_loss_scale=None, tokenizer=None, train_subset='train', truncate_source=False, update_freq=[4], upsample_primary=1, use_bmuf=False, user_dir=None, valid_subset='valid', validate_interval=1, warmup_init_lr=1e-07, warmup_updates=4000, weight_decay=0.0001)
| [en] dictionary: 7616 types
| [si] dictionary: 7616 types
| loaded 2898 examples from: data-bin/wiki_si_en_bpe7500_nonjoint/valid.si-en.en
| loaded 2898 examples from: data-bin/wiki_si_en_bpe7500_nonjoint/valid.si-en.si
| data-bin/wiki_si_en_bpe7500_nonjoint/ valid en-si 2898 examples
TransformerModel(
  (encoder): TransformerEncoder(
    (embed_tokens): Embedding(7616, 512, padding_idx=1)
    (embed_positions): SinusoidalPositionalEmbedding()
    (layers): ModuleList(
      (0): TransformerEncoderLayer(
        (self_attn): MultiheadAttention(
          (k_proj): Linear(in_features=512, out_features=512, bias=True)
          (v_proj): Linear(in_features=512, out_features=512, bias=True)
          (q_proj): Linear(in_features=512, out_features=512, bias=True)
          (out_proj): Linear(in_features=512, out_features=512, bias=True)
        )
        (self_attn_layer_norm): LayerNorm((512,), eps=1e-05, elementwise_affine=True)
        (fc1): Linear(in_features=512, out_features=2048, bias=True)
        (fc2): Linear(in_features=2048, out_features=512, bias=True)
        (final_layer_norm): LayerNorm((512,), eps=1e-05, elementwise_affine=True)
      )
      (1): TransformerEncoderLayer(
        (self_attn): MultiheadAttention(
          (k_proj): Linear(in_features=512, out_features=512, bias=True)
          (v_proj): Linear(in_features=512, out_features=512, bias=True)
          (q_proj): Linear(in_features=512, out_features=512, bias=True)
          (out_proj): Linear(in_features=512, out_features=512, bias=True)
        )
        (self_attn_layer_norm): LayerNorm((512,), eps=1e-05, elementwise_affine=True)
        (fc1): Linear(in_features=512, out_features=2048, bias=True)
        (fc2): Linear(in_features=2048, out_features=512, bias=True)
        (final_layer_norm): LayerNorm((512,), eps=1e-05, elementwise_affine=True)
      )
      (2): TransformerEncoderLayer(
        (self_attn): MultiheadAttention(
          (k_proj): Linear(in_features=512, out_features=512, bias=True)
          (v_proj): Linear(in_features=512, out_features=512, bias=True)
          (q_proj): Linear(in_features=512, out_features=512, bias=True)
          (out_proj): Linear(in_features=512, out_features=512, bias=True)
        )
        (self_attn_layer_norm): LayerNorm((512,), eps=1e-05, elementwise_affine=True)
        (fc1): Linear(in_features=512, out_features=2048, bias=True)
        (fc2): Linear(in_features=2048, out_features=512, bias=True)
        (final_layer_norm): LayerNorm((512,), eps=1e-05, elementwise_affine=True)
      )
      (3): TransformerEncoderLayer(
        (self_attn): MultiheadAttention(
          (k_proj): Linear(in_features=512, out_features=512, bias=True)
          (v_proj): Linear(in_features=512, out_features=512, bias=True)
          (q_proj): Linear(in_features=512, out_features=512, bias=True)
          (out_proj): Linear(in_features=512, out_features=512, bias=True)
        )
        (self_attn_layer_norm): LayerNorm((512,), eps=1e-05, elementwise_affine=True)
        (fc1): Linear(in_features=512, out_features=2048, bias=True)
        (fc2): Linear(in_features=2048, out_features=512, bias=True)
        (final_layer_norm): LayerNorm((512,), eps=1e-05, elementwise_affine=True)
      )
      (4): TransformerEncoderLayer(
        (self_attn): MultiheadAttention(
          (k_proj): Linear(in_features=512, out_features=512, bias=True)
          (v_proj): Linear(in_features=512, out_features=512, bias=True)
          (q_proj): Linear(in_features=512, out_features=512, bias=True)
          (out_proj): Linear(in_features=512, out_features=512, bias=True)
        )
        (self_attn_layer_norm): LayerNorm((512,), eps=1e-05, elementwise_affine=True)
        (fc1): Linear(in_features=512, out_features=2048, bias=True)
        (fc2): Linear(in_features=2048, out_features=512, bias=True)
        (final_layer_norm): LayerNorm((512,), eps=1e-05, elementwise_affine=True)
      )
    )
    (layer_norm): LayerNorm((512,), eps=1e-05, elementwise_affine=True)
  )
  (decoder): TransformerDecoder(
    (embed_tokens): Embedding(7616, 512, padding_idx=1)
    (embed_positions): SinusoidalPositionalEmbedding()
    (layers): ModuleList(
      (0): TransformerDecoderLayer(
        (self_attn): MultiheadAttention(
          (k_proj): Linear(in_features=512, out_features=512, bias=True)
          (v_proj): Linear(in_features=512, out_features=512, bias=True)
          (q_proj): Linear(in_features=512, out_features=512, bias=True)
          (out_proj): Linear(in_features=512, out_features=512, bias=True)
        )
        (self_attn_layer_norm): LayerNorm((512,), eps=1e-05, elementwise_affine=True)
        (encoder_attn): MultiheadAttention(
          (k_proj): Linear(in_features=512, out_features=512, bias=True)
          (v_proj): Linear(in_features=512, out_features=512, bias=True)
          (q_proj): Linear(in_features=512, out_features=512, bias=True)
          (out_proj): Linear(in_features=512, out_features=512, bias=True)
        )
        (encoder_attn_layer_norm): LayerNorm((512,), eps=1e-05, elementwise_affine=True)
        (fc1): Linear(in_features=512, out_features=2048, bias=True)
        (fc2): Linear(in_features=2048, out_features=512, bias=True)
        (final_layer_norm): LayerNorm((512,), eps=1e-05, elementwise_affine=True)
      )
      (1): TransformerDecoderLayer(
        (self_attn): MultiheadAttention(
          (k_proj): Linear(in_features=512, out_features=512, bias=True)
          (v_proj): Linear(in_features=512, out_features=512, bias=True)
          (q_proj): Linear(in_features=512, out_features=512, bias=True)
          (out_proj): Linear(in_features=512, out_features=512, bias=True)
        )
        (self_attn_layer_norm): LayerNorm((512,), eps=1e-05, elementwise_affine=True)
        (encoder_attn): MultiheadAttention(
          (k_proj): Linear(in_features=512, out_features=512, bias=True)
          (v_proj): Linear(in_features=512, out_features=512, bias=True)
          (q_proj): Linear(in_features=512, out_features=512, bias=True)
          (out_proj): Linear(in_features=512, out_features=512, bias=True)
        )
        (encoder_attn_layer_norm): LayerNorm((512,), eps=1e-05, elementwise_affine=True)
        (fc1): Linear(in_features=512, out_features=2048, bias=True)
        (fc2): Linear(in_features=2048, out_features=512, bias=True)
        (final_layer_norm): LayerNorm((512,), eps=1e-05, elementwise_affine=True)
      )
      (2): TransformerDecoderLayer(
        (self_attn): MultiheadAttention(
          (k_proj): Linear(in_features=512, out_features=512, bias=True)
          (v_proj): Linear(in_features=512, out_features=512, bias=True)
          (q_proj): Linear(in_features=512, out_features=512, bias=True)
          (out_proj): Linear(in_features=512, out_features=512, bias=True)
        )
        (self_attn_layer_norm): LayerNorm((512,), eps=1e-05, elementwise_affine=True)
        (encoder_attn): MultiheadAttention(
          (k_proj): Linear(in_features=512, out_features=512, bias=True)
          (v_proj): Linear(in_features=512, out_features=512, bias=True)
          (q_proj): Linear(in_features=512, out_features=512, bias=True)
          (out_proj): Linear(in_features=512, out_features=512, bias=True)
        )
        (encoder_attn_layer_norm): LayerNorm((512,), eps=1e-05, elementwise_affine=True)
        (fc1): Linear(in_features=512, out_features=2048, bias=True)
        (fc2): Linear(in_features=2048, out_features=512, bias=True)
        (final_layer_norm): LayerNorm((512,), eps=1e-05, elementwise_affine=True)
      )
      (3): TransformerDecoderLayer(
        (self_attn): MultiheadAttention(
          (k_proj): Linear(in_features=512, out_features=512, bias=True)
          (v_proj): Linear(in_features=512, out_features=512, bias=True)
          (q_proj): Linear(in_features=512, out_features=512, bias=True)
          (out_proj): Linear(in_features=512, out_features=512, bias=True)
        )
        (self_attn_layer_norm): LayerNorm((512,), eps=1e-05, elementwise_affine=True)
        (encoder_attn): MultiheadAttention(
          (k_proj): Linear(in_features=512, out_features=512, bias=True)
          (v_proj): Linear(in_features=512, out_features=512, bias=True)
          (q_proj): Linear(in_features=512, out_features=512, bias=True)
          (out_proj): Linear(in_features=512, out_features=512, bias=True)
        )
        (encoder_attn_layer_norm): LayerNorm((512,), eps=1e-05, elementwise_affine=True)
        (fc1): Linear(in_features=512, out_features=2048, bias=True)
        (fc2): Linear(in_features=2048, out_features=512, bias=True)
        (final_layer_norm): LayerNorm((512,), eps=1e-05, elementwise_affine=True)
      )
      (4): TransformerDecoderLayer(
        (self_attn): MultiheadAttention(
          (k_proj): Linear(in_features=512, out_features=512, bias=True)
          (v_proj): Linear(in_features=512, out_features=512, bias=True)
          (q_proj): Linear(in_features=512, out_features=512, bias=True)
          (out_proj): Linear(in_features=512, out_features=512, bias=True)
        )
        (self_attn_layer_norm): LayerNorm((512,), eps=1e-05, elementwise_affine=True)
        (encoder_attn): MultiheadAttention(
          (k_proj): Linear(in_features=512, out_features=512, bias=True)
          (v_proj): Linear(in_features=512, out_features=512, bias=True)
          (q_proj): Linear(in_features=512, out_features=512, bias=True)
          (out_proj): Linear(in_features=512, out_features=512, bias=True)
        )
        (encoder_attn_layer_norm): LayerNorm((512,), eps=1e-05, elementwise_affine=True)
        (fc1): Linear(in_features=512, out_features=2048, bias=True)
        (fc2): Linear(in_features=2048, out_features=512, bias=True)
        (final_layer_norm): LayerNorm((512,), eps=1e-05, elementwise_affine=True)
      )
    )
    (layer_norm): LayerNorm((512,), eps=1e-05, elementwise_affine=True)
  )
)
| model transformer, criterion LabelSmoothedCrossEntropyCriterion
| num. model params: 40683520 (num. trained: 40683520)
| training on 1 GPUs
| max tokens per GPU = 4000 and max sentences per GPU = None
| no existing checkpoint found ./checkpoints/2020-06-02T21-57-04-00-exp27-bpe7500-si-060120-seed14-nonjoint/checkpoints_en_si/checkpoint_last.pt
| loading train data for epoch 0
| loaded 646733 examples from: data-bin/wiki_si_en_bpe7500_nonjoint/train.si-en.en
| loaded 646733 examples from: data-bin/wiki_si_en_bpe7500_nonjoint/train.si-en.si
| data-bin/wiki_si_en_bpe7500_nonjoint/ train en-si 646733 examples
| WARNING: overflow detected, setting loss scale to: 64.0
| WARNING: overflow detected, setting loss scale to: 32.0
| WARNING: overflow detected, setting loss scale to: 16.0
| epoch 001 | loss 10.307 | nll_loss 9.357 | ppl 655.81 | wps 37960 | ups 4 | wpb 8903.707 | bsz 960.211 | num_updates 669 | lr 0.000167333 | gnorm 0.941 | clip 1.000 | oom 0.000 | loss_scale 16.000 | wall 162 | train_wall 131
| epoch 001 | valid on 'valid' subset | loss 11.373 | nll_loss 10.714 | ppl 1679.91 | num_updates 669
| epoch 002 | loss 8.993 | nll_loss 7.594 | ppl 193.24 | wps 38376 | ups 4 | wpb 8906.323 | bsz 962.400 | num_updates 1341 | lr 0.000335316 | gnorm 0.601 | clip 1.000 | oom 0.000 | loss_scale 16.000 | wall 319 | train_wall 260
| epoch 002 | valid on 'valid' subset | loss 10.813 | nll_loss 9.857 | ppl 927.32 | num_updates 1341
| epoch 003 | loss 8.245 | nll_loss 6.583 | ppl 95.87 | wps 38164 | ups 4 | wpb 8906.323 | bsz 962.400 | num_updates 2013 | lr 0.0005033 | gnorm 0.504 | clip 1.000 | oom 0.000 | loss_scale 16.000 | wall 477 | train_wall 389
| epoch 003 | valid on 'valid' subset | loss 10.113 | nll_loss 8.823 | ppl 452.98 | num_updates 2013
| epoch 004 | loss 7.702 | nll_loss 5.848 | ppl 57.61 | wps 38687 | ups 4 | wpb 8906.323 | bsz 962.400 | num_updates 2685 | lr 0.000671283 | gnorm 0.453 | clip 1.000 | oom 0.000 | loss_scale 16.000 | wall 632 | train_wall 518
| epoch 004 | valid on 'valid' subset | loss 9.758 | nll_loss 8.315 | ppl 318.57 | num_updates 2685
| epoch 005 | loss 7.369 | nll_loss 5.402 | ppl 42.29 | wps 38273 | ups 4 | wpb 8906.323 | bsz 962.400 | num_updates 3357 | lr 0.000839266 | gnorm 0.419 | clip 1.000 | oom 0.000 | loss_scale 16.000 | wall 789 | train_wall 647
| epoch 005 | valid on 'valid' subset | loss 9.440 | nll_loss 7.881 | ppl 235.72 | num_updates 3357
| WARNING: overflow detected, setting loss scale to: 8.0
| epoch 006 | loss 7.144 | nll_loss 5.104 | ppl 34.38 | wps 38093 | ups 4 | wpb 8903.230 | bsz 959.221 | num_updates 4028 | lr 0.000996518 | gnorm 0.380 | clip 1.000 | oom 0.000 | loss_scale 8.000 | wall 947 | train_wall 777
| epoch 006 | valid on 'valid' subset | loss 9.262 | nll_loss 7.648 | ppl 200.58 | num_updates 4028
| epoch 007 | loss 6.958 | nll_loss 4.862 | ppl 29.07 | wps 38146 | ups 4 | wpb 8906.323 | bsz 962.400 | num_updates 4700 | lr 0.000922531 | gnorm 0.346 | clip 1.000 | oom 0.000 | loss_scale 8.000 | wall 1105 | train_wall 906
| epoch 007 | valid on 'valid' subset | loss 9.052 | nll_loss 7.351 | ppl 163.2 | num_updates 4700
| epoch 008 | loss 6.810 | nll_loss 4.670 | ppl 25.45 | wps 38421 | ups 4 | wpb 8906.323 | bsz 962.400 | num_updates 5372 | lr 0.000862903 | gnorm 0.327 | clip 1.000 | oom 0.000 | loss_scale 8.000 | wall 1261 | train_wall 1036
| epoch 008 | valid on 'valid' subset | loss 8.902 | nll_loss 7.133 | ppl 140.35 | num_updates 5372
| epoch 009 | loss 6.694 | nll_loss 4.518 | ppl 22.91 | wps 38322 | ups 4 | wpb 8906.323 | bsz 962.400 | num_updates 6044 | lr 0.000813519 | gnorm 0.305 | clip 1.000 | oom 0.000 | loss_scale 8.000 | wall 1418 | train_wall 1165
| epoch 009 | valid on 'valid' subset | loss 8.733 | nll_loss 6.914 | ppl 120.63 | num_updates 6044
| epoch 010 | loss 6.607 | nll_loss 4.405 | ppl 21.19 | wps 38286 | ups 4 | wpb 8906.323 | bsz 962.400 | num_updates 6716 | lr 0.000771746 | gnorm 0.298 | clip 1.000 | oom 0.000 | loss_scale 8.000 | wall 1575 | train_wall 1294
| epoch 010 | valid on 'valid' subset | loss 8.649 | nll_loss 6.789 | ppl 110.59 | num_updates 6716
| saved checkpoint ./checkpoints/2020-06-02T21-57-04-00-exp27-bpe7500-si-060120-seed14-nonjoint/checkpoints_en_si/checkpoint10.pt (epoch 10 @ 6716 updates) (writing took 0.7428772449493408 seconds)
| epoch 011 | loss 6.538 | nll_loss 4.315 | ppl 19.9 | wps 38347 | ups 4 | wpb 8906.323 | bsz 962.400 | num_updates 7388 | lr 0.000735811 | gnorm 0.287 | clip 1.000 | oom 0.000 | loss_scale 8.000 | wall 1733 | train_wall 1423
| epoch 011 | valid on 'valid' subset | loss 8.561 | nll_loss 6.640 | ppl 99.73 | num_updates 7388 | best_loss 8.56133
| epoch 012 | loss 6.480 | nll_loss 4.241 | ppl 18.91 | wps 38592 | ups 4 | wpb 8906.323 | bsz 962.400 | num_updates 8060 | lr 0.00070447 | gnorm 0.279 | clip 1.000 | oom 0.000 | loss_scale 8.000 | wall 1889 | train_wall 1552
| epoch 012 | valid on 'valid' subset | loss 8.474 | nll_loss 6.555 | ppl 94.04 | num_updates 8060 | best_loss 8.47388
| epoch 013 | loss 6.429 | nll_loss 4.174 | ppl 18.06 | wps 38521 | ups 4 | wpb 8906.323 | bsz 962.400 | num_updates 8732 | lr 0.00067682 | gnorm 0.274 | clip 1.000 | oom 0.000 | loss_scale 16.000 | wall 2045 | train_wall 1681
| epoch 013 | valid on 'valid' subset | loss 8.444 | nll_loss 6.500 | ppl 90.48 | num_updates 8732 | best_loss 8.44365
| epoch 014 | loss 6.388 | nll_loss 4.121 | ppl 17.39 | wps 38337 | ups 4 | wpb 8906.323 | bsz 962.400 | num_updates 9404 | lr 0.000652189 | gnorm 0.271 | clip 1.000 | oom 0.000 | loss_scale 16.000 | wall 2202 | train_wall 1810
| epoch 014 | valid on 'valid' subset | loss 8.420 | nll_loss 6.454 | ppl 87.68 | num_updates 9404 | best_loss 8.41998
| epoch 015 | loss 6.350 | nll_loss 4.072 | ppl 16.82 | wps 38168 | ups 4 | wpb 8906.323 | bsz 962.400 | num_updates 10076 | lr 0.000630066 | gnorm 0.266 | clip 1.000 | oom 0.000 | loss_scale 16.000 | wall 2360 | train_wall 1940
| epoch 015 | valid on 'valid' subset | loss 8.367 | nll_loss 6.386 | ppl 83.63 | num_updates 10076 | best_loss 8.36706
| epoch 016 | loss 6.317 | nll_loss 4.029 | ppl 16.32 | wps 38416 | ups 4 | wpb 8906.323 | bsz 962.400 | num_updates 10748 | lr 0.000610051 | gnorm 0.267 | clip 1.000 | oom 0.000 | loss_scale 16.000 | wall 2516 | train_wall 2067
| epoch 016 | valid on 'valid' subset | loss 8.266 | nll_loss 6.233 | ppl 75.21 | num_updates 10748 | best_loss 8.26582
| epoch 017 | loss 6.288 | nll_loss 3.991 | ppl 15.91 | wps 38820 | ups 4 | wpb 8906.323 | bsz 962.400 | num_updates 11420 | lr 0.00059183 | gnorm 0.262 | clip 1.000 | oom 0.000 | loss_scale 16.000 | wall 2671 | train_wall 2195
| epoch 017 | valid on 'valid' subset | loss 8.258 | nll_loss 6.219 | ppl 74.49 | num_updates 11420 | best_loss 8.25778
| epoch 018 | loss 6.262 | nll_loss 3.957 | ppl 15.53 | wps 38428 | ups 4 | wpb 8906.323 | bsz 962.400 | num_updates 12092 | lr 0.00057515 | gnorm 0.260 | clip 1.000 | oom 0.000 | loss_scale 16.000 | wall 2828 | train_wall 2325
| epoch 018 | valid on 'valid' subset | loss 8.267 | nll_loss 6.221 | ppl 74.62 | num_updates 12092 | best_loss 8.26745
| WARNING: overflow detected, setting loss scale to: 16.0
| epoch 019 | loss 6.239 | nll_loss 3.927 | ppl 15.21 | wps 38167 | ups 4 | wpb 8906.183 | bsz 960.973 | num_updates 12763 | lr 0.000559827 | gnorm 0.257 | clip 1.000 | oom 0.000 | loss_scale 16.000 | wall 2985 | train_wall 2453
| epoch 019 | valid on 'valid' subset | loss 8.209 | nll_loss 6.157 | ppl 71.38 | num_updates 12763 | best_loss 8.20906
| epoch 020 | loss 6.216 | nll_loss 3.898 | ppl 14.91 | wps 38288 | ups 4 | wpb 8906.323 | bsz 962.400 | num_updates 13435 | lr 0.000545646 | gnorm 0.258 | clip 1.000 | oom 0.000 | loss_scale 16.000 | wall 3143 | train_wall 2583
| epoch 020 | valid on 'valid' subset | loss 8.191 | nll_loss 6.117 | ppl 69.39 | num_updates 13435 | best_loss 8.19077
| saved checkpoint ./checkpoints/2020-06-02T21-57-04-00-exp27-bpe7500-si-060120-seed14-nonjoint/checkpoints_en_si/checkpoint20.pt (epoch 20 @ 13435 updates) (writing took 1.0275557041168213 seconds)
| epoch 021 | loss 6.196 | nll_loss 3.871 | ppl 14.63 | wps 38646 | ups 4 | wpb 8906.323 | bsz 962.400 | num_updates 14107 | lr 0.000532491 | gnorm 0.258 | clip 1.000 | oom 0.000 | loss_scale 16.000 | wall 3299 | train_wall 2711
| epoch 021 | valid on 'valid' subset | loss 8.162 | nll_loss 6.077 | ppl 67.49 | num_updates 14107 | best_loss 8.16248
| epoch 022 | loss 6.178 | nll_loss 3.849 | ppl 14.41 | wps 38565 | ups 4 | wpb 8906.323 | bsz 962.400 | num_updates 14779 | lr 0.000520244 | gnorm 0.256 | clip 1.000 | oom 0.000 | loss_scale 16.000 | wall 3455 | train_wall 2839
| epoch 022 | valid on 'valid' subset | loss 8.148 | nll_loss 6.050 | ppl 66.26 | num_updates 14779 | best_loss 8.14763
| epoch 023 | loss 6.161 | nll_loss 3.826 | ppl 14.19 | wps 38652 | ups 4 | wpb 8906.323 | bsz 962.400 | num_updates 15451 | lr 0.000508805 | gnorm 0.256 | clip 1.000 | oom 0.000 | loss_scale 16.000 | wall 3611 | train_wall 2967
| epoch 023 | valid on 'valid' subset | loss 8.127 | nll_loss 6.019 | ppl 64.85 | num_updates 15451 | best_loss 8.12688
| epoch 024 | loss 6.144 | nll_loss 3.804 | ppl 13.96 | wps 38518 | ups 4 | wpb 8906.323 | bsz 962.400 | num_updates 16123 | lr 0.000498089 | gnorm 0.253 | clip 1.000 | oom 0.000 | loss_scale 16.000 | wall 3767 | train_wall 3096
| epoch 024 | valid on 'valid' subset | loss 8.099 | nll_loss 5.994 | ppl 63.74 | num_updates 16123 | best_loss 8.09936
| epoch 025 | loss 6.129 | nll_loss 3.784 | ppl 13.78 | wps 38197 | ups 4 | wpb 8906.323 | bsz 962.400 | num_updates 16795 | lr 0.000488023 | gnorm 0.253 | clip 1.000 | oom 0.000 | loss_scale 32.000 | wall 3925 | train_wall 3225
| epoch 025 | valid on 'valid' subset | loss 8.065 | nll_loss 5.944 | ppl 61.57 | num_updates 16795 | best_loss 8.06459
| epoch 026 | loss 6.115 | nll_loss 3.767 | ppl 13.61 | wps 38359 | ups 4 | wpb 8906.323 | bsz 962.400 | num_updates 17467 | lr 0.000478543 | gnorm 0.256 | clip 1.000 | oom 0.000 | loss_scale 32.000 | wall 4082 | train_wall 3354
| epoch 026 | valid on 'valid' subset | loss 8.043 | nll_loss 5.915 | ppl 60.35 | num_updates 17467 | best_loss 8.04337
| epoch 027 | loss 6.103 | nll_loss 3.750 | ppl 13.46 | wps 38259 | ups 4 | wpb 8906.323 | bsz 962.400 | num_updates 18139 | lr 0.000469595 | gnorm 0.253 | clip 1.000 | oom 0.000 | loss_scale 32.000 | wall 4239 | train_wall 3483
| epoch 027 | valid on 'valid' subset | loss 8.080 | nll_loss 5.952 | ppl 61.9 | num_updates 18139 | best_loss 8.08035
| epoch 028 | loss 6.090 | nll_loss 3.733 | ppl 13.3 | wps 38515 | ups 4 | wpb 8906.323 | bsz 962.400 | num_updates 18811 | lr 0.000461131 | gnorm 0.253 | clip 1.000 | oom 0.000 | loss_scale 32.000 | wall 4395 | train_wall 3612
| epoch 028 | valid on 'valid' subset | loss 8.076 | nll_loss 5.958 | ppl 62.16 | num_updates 18811 | best_loss 8.07641
| epoch 029 | loss 6.078 | nll_loss 3.718 | ppl 13.16 | wps 38005 | ups 4 | wpb 8906.323 | bsz 962.400 | num_updates 19483 | lr 0.000453108 | gnorm 0.254 | clip 1.000 | oom 0.000 | loss_scale 32.000 | wall 4553 | train_wall 3742
| epoch 029 | valid on 'valid' subset | loss 8.033 | nll_loss 5.899 | ppl 59.67 | num_updates 19483 | best_loss 8.0326
| epoch 030 | loss 6.067 | nll_loss 3.703 | ppl 13.02 | wps 38297 | ups 4 | wpb 8906.323 | bsz 962.400 | num_updates 20155 | lr 0.000445491 | gnorm 0.252 | clip 1.000 | oom 0.000 | loss_scale 32.000 | wall 4710 | train_wall 3872
| epoch 030 | valid on 'valid' subset | loss 8.001 | nll_loss 5.855 | ppl 57.86 | num_updates 20155 | best_loss 8.00114
| saved checkpoint ./checkpoints/2020-06-02T21-57-04-00-exp27-bpe7500-si-060120-seed14-nonjoint/checkpoints_en_si/checkpoint30.pt (epoch 30 @ 20155 updates) (writing took 1.0349960327148438 seconds)
| epoch 031 | loss 6.057 | nll_loss 3.690 | ppl 12.91 | wps 38428 | ups 4 | wpb 8906.323 | bsz 962.400 | num_updates 20827 | lr 0.000438245 | gnorm 0.252 | clip 1.000 | oom 0.000 | loss_scale 64.000 | wall 4868 | train_wall 4000
| epoch 031 | valid on 'valid' subset | loss 7.979 | nll_loss 5.807 | ppl 55.99 | num_updates 20827 | best_loss 7.97884
| WARNING: overflow detected, setting loss scale to: 32.0
| epoch 032 | loss 6.047 | nll_loss 3.677 | ppl 12.79 | wps 38173 | ups 4 | wpb 8907.244 | bsz 961.486 | num_updates 21498 | lr 0.000431351 | gnorm 0.252 | clip 1.000 | oom 0.000 | loss_scale 32.000 | wall 5025 | train_wall 4130
| epoch 032 | valid on 'valid' subset | loss 8.019 | nll_loss 5.878 | ppl 58.8 | num_updates 21498 | best_loss 8.00114
| epoch 033 | loss 6.038 | nll_loss 3.666 | ppl 12.69 | wps 37990 | ups 4 | wpb 8906.323 | bsz 962.400 | num_updates 22170 | lr 0.000424763 | gnorm 0.254 | clip 1.000 | oom 0.000 | loss_scale 32.000 | wall 5184 | train_wall 4259
| epoch 033 | valid on 'valid' subset | loss 7.990 | nll_loss 5.832 | ppl 56.96 | num_updates 22170 | best_loss 7.98957
| epoch 034 | loss 6.028 | nll_loss 3.652 | ppl 12.57 | wps 38574 | ups 4 | wpb 8906.323 | bsz 962.400 | num_updates 22842 | lr 0.000418469 | gnorm 0.252 | clip 1.000 | oom 0.000 | loss_scale 32.000 | wall 5340 | train_wall 4389
| epoch 034 | valid on 'valid' subset | loss 7.981 | nll_loss 5.822 | ppl 56.58 | num_updates 22842 | best_loss 7.98105
| epoch 035 | loss 6.018 | nll_loss 3.640 | ppl 12.47 | wps 38409 | ups 4 | wpb 8906.323 | bsz 962.400 | num_updates 23514 | lr 0.000412446 | gnorm 0.251 | clip 1.000 | oom 0.000 | loss_scale 32.000 | wall 5496 | train_wall 4518
| epoch 035 | valid on 'valid' subset | loss 7.964 | nll_loss 5.805 | ppl 55.89 | num_updates 23514 | best_loss 7.96373
| epoch 036 | loss 6.011 | nll_loss 3.631 | ppl 12.39 | wps 38559 | ups 4 | wpb 8906.323 | bsz 962.400 | num_updates 24186 | lr 0.000406675 | gnorm 0.253 | clip 1.000 | oom 0.000 | loss_scale 32.000 | wall 5652 | train_wall 4646
| epoch 036 | valid on 'valid' subset | loss 7.941 | nll_loss 5.773 | ppl 54.68 | num_updates 24186 | best_loss 7.94115
| epoch 037 | loss 6.003 | nll_loss 3.620 | ppl 12.29 | wps 38304 | ups 4 | wpb 8906.323 | bsz 962.400 | num_updates 24858 | lr 0.000401141 | gnorm 0.252 | clip 1.000 | oom 0.000 | loss_scale 32.000 | wall 5809 | train_wall 4775
| epoch 037 | valid on 'valid' subset | loss 7.945 | nll_loss 5.772 | ppl 54.66 | num_updates 24858 | best_loss 7.94498
| WARNING: overflow detected, setting loss scale to: 32.0
| WARNING: overflow detected, setting loss scale to: 16.0
| epoch 038 | loss 5.996 | nll_loss 3.611 | ppl 12.22 | wps 38404 | ups 4 | wpb 8908.267 | bsz 959.327 | num_updates 25528 | lr 0.000395842 | gnorm 0.251 | clip 1.000 | oom 0.000 | loss_scale 16.000 | wall 5966 | train_wall 4904
| epoch 038 | valid on 'valid' subset | loss 7.932 | nll_loss 5.754 | ppl 53.95 | num_updates 25528 | best_loss 7.93237
| epoch 039 | loss 5.987 | nll_loss 3.599 | ppl 12.12 | wps 38219 | ups 4 | wpb 8906.323 | bsz 962.400 | num_updates 26200 | lr 0.000390732 | gnorm 0.253 | clip 1.000 | oom 0.000 | loss_scale 16.000 | wall 6123 | train_wall 5033
| epoch 039 | valid on 'valid' subset | loss 7.929 | nll_loss 5.742 | ppl 53.51 | num_updates 26200 | best_loss 7.92862
| epoch 040 | loss 5.981 | nll_loss 3.591 | ppl 12.05 | wps 38349 | ups 4 | wpb 8906.323 | bsz 962.400 | num_updates 26872 | lr 0.000385816 | gnorm 0.252 | clip 1.000 | oom 0.000 | loss_scale 16.000 | wall 6280 | train_wall 5162
| epoch 040 | valid on 'valid' subset | loss 7.918 | nll_loss 5.721 | ppl 52.75 | num_updates 26872 | best_loss 7.91829
| saved checkpoint ./checkpoints/2020-06-02T21-57-04-00-exp27-bpe7500-si-060120-seed14-nonjoint/checkpoints_en_si/checkpoint40.pt (epoch 40 @ 26872 updates) (writing took 1.0391836166381836 seconds)
| epoch 041 | loss 5.974 | nll_loss 3.583 | ppl 11.98 | wps 38420 | ups 4 | wpb 8906.323 | bsz 962.400 | num_updates 27544 | lr 0.00038108 | gnorm 0.252 | clip 1.000 | oom 0.000 | loss_scale 16.000 | wall 6438 | train_wall 5291
| epoch 041 | valid on 'valid' subset | loss 7.939 | nll_loss 5.757 | ppl 54.06 | num_updates 27544 | best_loss 7.91829
| epoch 042 | loss 5.968 | nll_loss 3.574 | ppl 11.91 | wps 38075 | ups 4 | wpb 8906.323 | bsz 962.400 | num_updates 28216 | lr 0.000376515 | gnorm 0.253 | clip 1.000 | oom 0.000 | loss_scale 16.000 | wall 6596 | train_wall 5420
| epoch 042 | valid on 'valid' subset | loss 7.923 | nll_loss 5.751 | ppl 53.87 | num_updates 28216 | best_loss 7.91829
| epoch 043 | loss 5.961 | nll_loss 3.566 | ppl 11.84 | wps 38355 | ups 4 | wpb 8906.323 | bsz 962.400 | num_updates 28888 | lr 0.00037211 | gnorm 0.253 | clip 1.000 | oom 0.000 | loss_scale 16.000 | wall 6753 | train_wall 5548
| epoch 043 | valid on 'valid' subset | loss 7.908 | nll_loss 5.719 | ppl 52.68 | num_updates 28888 | best_loss 7.90834
| epoch 044 | loss 5.954 | nll_loss 3.557 | ppl 11.77 | wps 38518 | ups 4 | wpb 8906.323 | bsz 962.400 | num_updates 29560 | lr 0.000367856 | gnorm 0.254 | clip 1.000 | oom 0.000 | loss_scale 16.000 | wall 6909 | train_wall 5677
| epoch 044 | valid on 'valid' subset | loss 7.920 | nll_loss 5.722 | ppl 52.77 | num_updates 29560 | best_loss 7.91829
| epoch 045 | loss 5.949 | nll_loss 3.549 | ppl 11.71 | wps 38292 | ups 4 | wpb 8906.323 | bsz 962.400 | num_updates 30232 | lr 0.000363745 | gnorm 0.252 | clip 1.000 | oom 0.000 | loss_scale 32.000 | wall 7066 | train_wall 5806
| epoch 045 | valid on 'valid' subset | loss 7.893 | nll_loss 5.681 | ppl 51.29 | num_updates 30232 | best_loss 7.89262
| epoch 046 | loss 5.943 | nll_loss 3.542 | ppl 11.65 | wps 38446 | ups 4 | wpb 8906.323 | bsz 962.400 | num_updates 30904 | lr 0.000359768 | gnorm 0.254 | clip 1.000 | oom 0.000 | loss_scale 32.000 | wall 7222 | train_wall 5935
| epoch 046 | valid on 'valid' subset | loss 7.885 | nll_loss 5.684 | ppl 51.42 | num_updates 30904 | best_loss 7.88459
| epoch 047 | loss 5.938 | nll_loss 3.535 | ppl 11.59 | wps 38430 | ups 4 | wpb 8906.323 | bsz 962.400 | num_updates 31576 | lr 0.000355919 | gnorm 0.255 | clip 1.000 | oom 0.000 | loss_scale 32.000 | wall 7379 | train_wall 6064
| epoch 047 | valid on 'valid' subset | loss 7.905 | nll_loss 5.712 | ppl 52.41 | num_updates 31576 | best_loss 7.90499
| epoch 048 | loss 5.933 | nll_loss 3.529 | ppl 11.54 | wps 38304 | ups 4 | wpb 8906.323 | bsz 962.400 | num_updates 32248 | lr 0.000352191 | gnorm 0.254 | clip 1.000 | oom 0.000 | loss_scale 32.000 | wall 7536 | train_wall 6192
| epoch 048 | valid on 'valid' subset | loss 7.878 | nll_loss 5.681 | ppl 51.31 | num_updates 32248 | best_loss 7.87833
| epoch 049 | loss 5.928 | nll_loss 3.522 | ppl 11.49 | wps 38247 | ups 4 | wpb 8906.323 | bsz 962.400 | num_updates 32920 | lr 0.000348578 | gnorm 0.258 | clip 1.000 | oom 0.000 | loss_scale 32.000 | wall 7693 | train_wall 6321
| epoch 049 | valid on 'valid' subset | loss 7.860 | nll_loss 5.649 | ppl 50.16 | num_updates 32920 | best_loss 7.86034
| epoch 050 | loss 5.921 | nll_loss 3.513 | ppl 11.42 | wps 38283 | ups 4 | wpb 8906.323 | bsz 962.400 | num_updates 33592 | lr 0.000345074 | gnorm 0.254 | clip 1.000 | oom 0.000 | loss_scale 32.000 | wall 7851 | train_wall 6450
| epoch 050 | valid on 'valid' subset | loss 7.885 | nll_loss 5.691 | ppl 51.65 | num_updates 33592 | best_loss 7.88488
| saved checkpoint ./checkpoints/2020-06-02T21-57-04-00-exp27-bpe7500-si-060120-seed14-nonjoint/checkpoints_en_si/checkpoint50.pt (epoch 50 @ 33592 updates) (writing took 1.0350401401519775 seconds)
| WARNING: overflow detected, setting loss scale to: 32.0
| epoch 051 | loss 5.917 | nll_loss 3.508 | ppl 11.38 | wps 38685 | ups 4 | wpb 8908.559 | bsz 961.987 | num_updates 34263 | lr 0.000341678 | gnorm 0.254 | clip 1.000 | oom 0.000 | loss_scale 32.000 | wall 8007 | train_wall 6579
| epoch 051 | valid on 'valid' subset | loss 7.869 | nll_loss 5.659 | ppl 50.52 | num_updates 34263 | best_loss 7.86901
| epoch 052 | loss 5.912 | nll_loss 3.501 | ppl 11.32 | wps 38727 | ups 4 | wpb 8906.323 | bsz 962.400 | num_updates 34935 | lr 0.000338376 | gnorm 0.255 | clip 1.000 | oom 0.000 | loss_scale 32.000 | wall 8162 | train_wall 6707
| epoch 052 | valid on 'valid' subset | loss 7.900 | nll_loss 5.703 | ppl 52.09 | num_updates 34935 | best_loss 7.88488
| epoch 053 | loss 5.908 | nll_loss 3.496 | ppl 11.28 | wps 38055 | ups 4 | wpb 8906.323 | bsz 962.400 | num_updates 35607 | lr 0.000335168 | gnorm 0.256 | clip 1.000 | oom 0.000 | loss_scale 32.000 | wall 8321 | train_wall 6837
| epoch 053 | valid on 'valid' subset | loss 7.872 | nll_loss 5.664 | ppl 50.7 | num_updates 35607 | best_loss 7.87154
| epoch 054 | loss 5.903 | nll_loss 3.489 | ppl 11.23 | wps 38697 | ups 4 | wpb 8906.323 | bsz 962.400 | num_updates 36279 | lr 0.000332049 | gnorm 0.255 | clip 1.000 | oom 0.000 | loss_scale 32.000 | wall 8476 | train_wall 6966
| epoch 054 | valid on 'valid' subset | loss 7.834 | nll_loss 5.616 | ppl 49.04 | num_updates 36279 | best_loss 7.83414
| epoch 055 | loss 5.898 | nll_loss 3.483 | ppl 11.18 | wps 37985 | ups 4 | wpb 8906.323 | bsz 962.400 | num_updates 36951 | lr 0.000329016 | gnorm 0.257 | clip 1.000 | oom 0.000 | loss_scale 32.000 | wall 8634 | train_wall 7095
| epoch 055 | valid on 'valid' subset | loss 7.865 | nll_loss 5.652 | ppl 50.28 | num_updates 36951 | best_loss 7.86484
| epoch 056 | loss 5.894 | nll_loss 3.478 | ppl 11.14 | wps 38180 | ups 4 | wpb 8906.323 | bsz 962.400 | num_updates 37623 | lr 0.000326064 | gnorm 0.257 | clip 1.000 | oom 0.000 | loss_scale 32.000 | wall 8792 | train_wall 7225
| epoch 056 | valid on 'valid' subset | loss 7.863 | nll_loss 5.659 | ppl 50.52 | num_updates 37623 | best_loss 7.86308
| WARNING: overflow detected, setting loss scale to: 32.0
| epoch 057 | loss 5.890 | nll_loss 3.472 | ppl 11.09 | wps 38602 | ups 4 | wpb 8909.003 | bsz 961.629 | num_updates 38294 | lr 0.000323195 | gnorm 0.255 | clip 1.000 | oom 0.000 | loss_scale 32.000 | wall 8948 | train_wall 7353
| epoch 057 | valid on 'valid' subset | loss 7.845 | nll_loss 5.626 | ppl 49.37 | num_updates 38294 | best_loss 7.84543
| epoch 058 | loss 5.886 | nll_loss 3.467 | ppl 11.06 | wps 38475 | ups 4 | wpb 8906.323 | bsz 962.400 | num_updates 38966 | lr 0.000320396 | gnorm 0.258 | clip 1.000 | oom 0.000 | loss_scale 32.000 | wall 9104 | train_wall 7481
| epoch 058 | valid on 'valid' subset | loss 7.842 | nll_loss 5.630 | ppl 49.53 | num_updates 38966 | best_loss 7.84196
| epoch 059 | loss 5.882 | nll_loss 3.463 | ppl 11.02 | wps 37964 | ups 4 | wpb 8906.323 | bsz 962.400 | num_updates 39638 | lr 0.000317668 | gnorm 0.258 | clip 1.000 | oom 0.000 | loss_scale 32.000 | wall 9263 | train_wall 7611
| epoch 059 | valid on 'valid' subset | loss 7.815 | nll_loss 5.590 | ppl 48.16 | num_updates 39638 | best_loss 7.81493
| epoch 060 | loss 5.878 | nll_loss 3.457 | ppl 10.98 | wps 38458 | ups 4 | wpb 8906.323 | bsz 962.400 | num_updates 40310 | lr 0.000315009 | gnorm 0.258 | clip 1.000 | oom 0.000 | loss_scale 32.000 | wall 9419 | train_wall 7740
| epoch 060 | valid on 'valid' subset | loss 7.834 | nll_loss 5.606 | ppl 48.71 | num_updates 40310 | best_loss 7.83374
| saved checkpoint ./checkpoints/2020-06-02T21-57-04-00-exp27-bpe7500-si-060120-seed14-nonjoint/checkpoints_en_si/checkpoint60.pt (epoch 60 @ 40310 updates) (writing took 1.032137155532837 seconds)
| epoch 061 | loss 5.875 | nll_loss 3.452 | ppl 10.95 | wps 38575 | ups 4 | wpb 8906.323 | bsz 962.400 | num_updates 40982 | lr 0.000312416 | gnorm 0.259 | clip 1.000 | oom 0.000 | loss_scale 32.000 | wall 9576 | train_wall 7868
| epoch 061 | valid on 'valid' subset | loss 7.805 | nll_loss 5.573 | ppl 47.59 | num_updates 40982 | best_loss 7.80469
| epoch 062 | loss 5.870 | nll_loss 3.447 | ppl 10.9 | wps 38642 | ups 4 | wpb 8906.323 | bsz 962.400 | num_updates 41654 | lr 0.000309886 | gnorm 0.261 | clip 1.000 | oom 0.000 | loss_scale 32.000 | wall 9732 | train_wall 7997
| epoch 062 | valid on 'valid' subset | loss 7.814 | nll_loss 5.575 | ppl 47.67 | num_updates 41654 | best_loss 7.8143
| WARNING: overflow detected, setting loss scale to: 32.0
| epoch 063 | loss 5.868 | nll_loss 3.443 | ppl 10.88 | wps 38246 | ups 4 | wpb 8903.924 | bsz 961.140 | num_updates 42325 | lr 0.00030742 | gnorm 0.260 | clip 1.000 | oom 0.000 | loss_scale 32.000 | wall 9889 | train_wall 8126
| epoch 063 | valid on 'valid' subset | loss 7.827 | nll_loss 5.599 | ppl 48.47 | num_updates 42325 | best_loss 7.82654
| epoch 064 | loss 5.864 | nll_loss 3.438 | ppl 10.84 | wps 38392 | ups 4 | wpb 8906.323 | bsz 962.400 | num_updates 42997 | lr 0.000305008 | gnorm 0.259 | clip 1.000 | oom 0.000 | loss_scale 32.000 | wall 10045 | train_wall 8255
| epoch 064 | valid on 'valid' subset | loss 7.855 | nll_loss 5.644 | ppl 49.99 | num_updates 42997 | best_loss 7.83374
| epoch 065 | loss 5.860 | nll_loss 3.433 | ppl 10.8 | wps 38428 | ups 4 | wpb 8906.323 | bsz 962.400 | num_updates 43669 | lr 0.000302652 | gnorm 0.261 | clip 1.000 | oom 0.000 | loss_scale 32.000 | wall 10202 | train_wall 8384
| epoch 065 | valid on 'valid' subset | loss 7.805 | nll_loss 5.571 | ppl 47.54 | num_updates 43669 | best_loss 7.80458
| epoch 066 | loss 5.858 | nll_loss 3.430 | ppl 10.78 | wps 38468 | ups 4 | wpb 8906.323 | bsz 962.400 | num_updates 44341 | lr 0.00030035 | gnorm 0.260 | clip 1.000 | oom 0.000 | loss_scale 32.000 | wall 10358 | train_wall 8513
| epoch 066 | valid on 'valid' subset | loss 7.808 | nll_loss 5.574 | ppl 47.62 | num_updates 44341 | best_loss 7.80763
| epoch 067 | loss 5.853 | nll_loss 3.425 | ppl 10.74 | wps 38449 | ups 4 | wpb 8906.323 | bsz 962.400 | num_updates 45013 | lr 0.000298099 | gnorm 0.262 | clip 1.000 | oom 0.000 | loss_scale 32.000 | wall 10515 | train_wall 8641
| epoch 067 | valid on 'valid' subset | loss 7.806 | nll_loss 5.569 | ppl 47.46 | num_updates 45013 | best_loss 7.80628
| epoch 068 | loss 5.851 | nll_loss 3.421 | ppl 10.71 | wps 38566 | ups 4 | wpb 8906.323 | bsz 962.400 | num_updates 45685 | lr 0.000295899 | gnorm 0.263 | clip 1.000 | oom 0.000 | loss_scale 32.000 | wall 10671 | train_wall 8770
| epoch 068 | valid on 'valid' subset | loss 7.782 | nll_loss 5.543 | ppl 46.63 | num_updates 45685 | best_loss 7.78242
| WARNING: overflow detected, setting loss scale to: 32.0
| epoch 069 | loss 5.849 | nll_loss 3.419 | ppl 10.69 | wps 38357 | ups 4 | wpb 8908.103 | bsz 961.474 | num_updates 46356 | lr 0.000293749 | gnorm 0.263 | clip 1.000 | oom 0.000 | loss_scale 32.000 | wall 10828 | train_wall 8899
| epoch 069 | valid on 'valid' subset | loss 7.796 | nll_loss 5.557 | ppl 47.08 | num_updates 46356 | best_loss 7.79616
| epoch 070 | loss 5.844 | nll_loss 3.412 | ppl 10.64 | wps 38613 | ups 4 | wpb 8906.323 | bsz 962.400 | num_updates 47028 | lr 0.000291643 | gnorm 0.262 | clip 1.000 | oom 0.000 | loss_scale 32.000 | wall 10983 | train_wall 9027
| epoch 070 | valid on 'valid' subset | loss 7.795 | nll_loss 5.562 | ppl 47.23 | num_updates 47028 | best_loss 7.79537
| saved checkpoint ./checkpoints/2020-06-02T21-57-04-00-exp27-bpe7500-si-060120-seed14-nonjoint/checkpoints_en_si/checkpoint70.pt (epoch 70 @ 47028 updates) (writing took 1.057802677154541 seconds)
| epoch 071 | loss 5.841 | nll_loss 3.409 | ppl 10.62 | wps 38314 | ups 4 | wpb 8906.323 | bsz 962.400 | num_updates 47700 | lr 0.000289581 | gnorm 0.263 | clip 1.000 | oom 0.000 | loss_scale 32.000 | wall 11142 | train_wall 9156
| epoch 071 | valid on 'valid' subset | loss 7.810 | nll_loss 5.580 | ppl 47.85 | num_updates 47700 | best_loss 7.79537
| epoch 072 | loss 5.839 | nll_loss 3.405 | ppl 10.59 | wps 38477 | ups 4 | wpb 8906.323 | bsz 962.400 | num_updates 48372 | lr 0.000287563 | gnorm 0.264 | clip 1.000 | oom 0.000 | loss_scale 32.000 | wall 11298 | train_wall 9285
| epoch 072 | valid on 'valid' subset | loss 7.794 | nll_loss 5.563 | ppl 47.28 | num_updates 48372 | best_loss 7.79383
| epoch 073 | loss 5.835 | nll_loss 3.400 | ppl 10.56 | wps 38069 | ups 4 | wpb 8906.323 | bsz 962.400 | num_updates 49044 | lr 0.000285586 | gnorm 0.263 | clip 1.000 | oom 0.000 | loss_scale 32.000 | wall 11456 | train_wall 9415
| epoch 073 | valid on 'valid' subset | loss 7.792 | nll_loss 5.561 | ppl 47.22 | num_updates 49044 | best_loss 7.79233
| epoch 074 | loss 5.833 | nll_loss 3.397 | ppl 10.54 | wps 38180 | ups 4 | wpb 8906.323 | bsz 962.400 | num_updates 49716 | lr 0.000283649 | gnorm 0.264 | clip 1.000 | oom 0.000 | loss_scale 32.000 | wall 11614 | train_wall 9544
| epoch 074 | valid on 'valid' subset | loss 7.814 | nll_loss 5.589 | ppl 48.12 | num_updates 49716 | best_loss 7.79537
| epoch 075 | loss 5.830 | nll_loss 3.394 | ppl 10.51 | wps 38237 | ups 4 | wpb 8906.323 | bsz 962.400 | num_updates 50388 | lr 0.000281752 | gnorm 0.266 | clip 1.000 | oom 0.000 | loss_scale 64.000 | wall 11771 | train_wall 9674
| epoch 075 | valid on 'valid' subset | loss 7.806 | nll_loss 5.574 | ppl 47.62 | num_updates 50388 | best_loss 7.79537
| WARNING: overflow detected, setting loss scale to: 32.0
| epoch 076 | loss 5.827 | nll_loss 3.390 | ppl 10.48 | wps 38169 | ups 4 | wpb 8909.520 | bsz 962.344 | num_updates 51059 | lr 0.000279894 | gnorm 0.264 | clip 1.000 | oom 0.000 | loss_scale 32.000 | wall 11928 | train_wall 9803
| epoch 076 | valid on 'valid' subset | loss 7.792 | nll_loss 5.556 | ppl 47.03 | num_updates 51059 | best_loss 7.79157
| epoch 077 | loss 5.824 | nll_loss 3.385 | ppl 10.45 | wps 38287 | ups 4 | wpb 8906.323 | bsz 962.400 | num_updates 51731 | lr 0.00027807 | gnorm 0.267 | clip 1.000 | oom 0.000 | loss_scale 32.000 | wall 12086 | train_wall 9932
| epoch 077 | valid on 'valid' subset | loss 7.757 | nll_loss 5.512 | ppl 45.63 | num_updates 51731 | best_loss 7.75652
| epoch 078 | loss 5.822 | nll_loss 3.384 | ppl 10.44 | wps 38576 | ups 4 | wpb 8906.323 | bsz 962.400 | num_updates 52403 | lr 0.000276282 | gnorm 0.266 | clip 1.000 | oom 0.000 | loss_scale 32.000 | wall 12242 | train_wall 10061
| epoch 078 | valid on 'valid' subset | loss 7.770 | nll_loss 5.530 | ppl 46.2 | num_updates 52403 | best_loss 7.76988
| epoch 079 | loss 5.819 | nll_loss 3.379 | ppl 10.41 | wps 38358 | ups 4 | wpb 8906.323 | bsz 962.400 | num_updates 53075 | lr 0.000274527 | gnorm 0.264 | clip 1.000 | oom 0.000 | loss_scale 32.000 | wall 12398 | train_wall 10190
| epoch 079 | valid on 'valid' subset | loss 7.784 | nll_loss 5.545 | ppl 46.7 | num_updates 53075 | best_loss 7.78354
| epoch 080 | loss 5.817 | nll_loss 3.376 | ppl 10.38 | wps 38376 | ups 4 | wpb 8906.323 | bsz 962.400 | num_updates 53747 | lr 0.000272805 | gnorm 0.265 | clip 1.000 | oom 0.000 | loss_scale 32.000 | wall 12555 | train_wall 10320
| epoch 080 | valid on 'valid' subset | loss 7.783 | nll_loss 5.542 | ppl 46.6 | num_updates 53747 | best_loss 7.78315
| saved checkpoint ./checkpoints/2020-06-02T21-57-04-00-exp27-bpe7500-si-060120-seed14-nonjoint/checkpoints_en_si/checkpoint80.pt (epoch 80 @ 53747 updates) (writing took 1.049565076828003 seconds)
| epoch 081 | loss 5.814 | nll_loss 3.372 | ppl 10.36 | wps 38161 | ups 4 | wpb 8906.323 | bsz 962.400 | num_updates 54419 | lr 0.000271116 | gnorm 0.266 | clip 1.000 | oom 0.000 | loss_scale 32.000 | wall 12714 | train_wall 10449
| epoch 081 | valid on 'valid' subset | loss 7.781 | nll_loss 5.537 | ppl 46.43 | num_updates 54419 | best_loss 7.78143
| WARNING: overflow detected, setting loss scale to: 16.0
| epoch 082 | loss 5.812 | nll_loss 3.370 | ppl 10.34 | wps 38070 | ups 4 | wpb 8908.562 | bsz 961.343 | num_updates 55090 | lr 0.00026946 | gnorm 0.266 | clip 1.000 | oom 0.000 | loss_scale 16.000 | wall 12872 | train_wall 10578
| epoch 082 | valid on 'valid' subset | loss 7.775 | nll_loss 5.528 | ppl 46.14 | num_updates 55090 | best_loss 7.77477
| epoch 083 | loss 5.809 | nll_loss 3.367 | ppl 10.31 | wps 38370 | ups 4 | wpb 8906.323 | bsz 962.400 | num_updates 55762 | lr 0.000267831 | gnorm 0.265 | clip 1.000 | oom 0.000 | loss_scale 16.000 | wall 13029 | train_wall 10707
| epoch 083 | valid on 'valid' subset | loss 7.765 | nll_loss 5.514 | ppl 45.71 | num_updates 55762 | best_loss 7.7646
| epoch 084 | loss 5.807 | nll_loss 3.364 | ppl 10.29 | wps 38493 | ups 4 | wpb 8906.323 | bsz 962.400 | num_updates 56434 | lr 0.000266232 | gnorm 0.270 | clip 1.000 | oom 0.000 | loss_scale 16.000 | wall 13185 | train_wall 10836
| epoch 084 | valid on 'valid' subset | loss 7.756 | nll_loss 5.506 | ppl 45.43 | num_updates 56434 | best_loss 7.75555
| epoch 085 | loss 5.804 | nll_loss 3.360 | ppl 10.27 | wps 38654 | ups 4 | wpb 8906.323 | bsz 962.400 | num_updates 57106 | lr 0.00026466 | gnorm 0.267 | clip 1.000 | oom 0.000 | loss_scale 16.000 | wall 13340 | train_wall 10964
| epoch 085 | valid on 'valid' subset | loss 7.741 | nll_loss 5.487 | ppl 44.83 | num_updates 57106 | best_loss 7.74142
| epoch 086 | loss 5.803 | nll_loss 3.358 | ppl 10.25 | wps 38436 | ups 4 | wpb 8906.323 | bsz 962.400 | num_updates 57778 | lr 0.000263117 | gnorm 0.271 | clip 1.000 | oom 0.000 | loss_scale 16.000 | wall 13497 | train_wall 11093
| epoch 086 | valid on 'valid' subset | loss 7.764 | nll_loss 5.520 | ppl 45.87 | num_updates 57778 | best_loss 7.76374
| epoch 087 | loss 5.800 | nll_loss 3.355 | ppl 10.23 | wps 38655 | ups 4 | wpb 8906.323 | bsz 962.400 | num_updates 58450 | lr 0.0002616 | gnorm 0.269 | clip 1.000 | oom 0.000 | loss_scale 16.000 | wall 13653 | train_wall 11222
| epoch 087 | valid on 'valid' subset | loss 7.753 | nll_loss 5.507 | ppl 45.46 | num_updates 58450 | best_loss 7.75325
| WARNING: overflow detected, setting loss scale to: 16.0
| epoch 088 | loss 5.797 | nll_loss 3.350 | ppl 10.2 | wps 38214 | ups 4 | wpb 8912.149 | bsz 961.700 | num_updates 59121 | lr 0.000260111 | gnorm 0.269 | clip 1.000 | oom 0.000 | loss_scale 16.000 | wall 13810 | train_wall 11351
| epoch 088 | valid on 'valid' subset | loss 7.773 | nll_loss 5.522 | ppl 45.94 | num_updates 59121 | best_loss 7.77251
| epoch 089 | loss 5.796 | nll_loss 3.349 | ppl 10.19 | wps 38215 | ups 4 | wpb 8906.323 | bsz 962.400 | num_updates 59793 | lr 0.000258645 | gnorm 0.271 | clip 1.000 | oom 0.000 | loss_scale 16.000 | wall 13967 | train_wall 11480
| epoch 089 | valid on 'valid' subset | loss 7.756 | nll_loss 5.509 | ppl 45.54 | num_updates 59793 | best_loss 7.75616
| epoch 090 | loss 5.794 | nll_loss 3.347 | ppl 10.17 | wps 38218 | ups 4 | wpb 8906.323 | bsz 962.400 | num_updates 60465 | lr 0.000257204 | gnorm 0.271 | clip 1.000 | oom 0.000 | loss_scale 16.000 | wall 14125 | train_wall 11609
| epoch 090 | valid on 'valid' subset | loss 7.765 | nll_loss 5.518 | ppl 45.83 | num_updates 60465 | best_loss 7.76504
| saved checkpoint ./checkpoints/2020-06-02T21-57-04-00-exp27-bpe7500-si-060120-seed14-nonjoint/checkpoints_en_si/checkpoint90.pt (epoch 90 @ 60465 updates) (writing took 1.0518083572387695 seconds)
| epoch 091 | loss 5.791 | nll_loss 3.343 | ppl 10.15 | wps 38543 | ups 4 | wpb 8906.323 | bsz 962.400 | num_updates 61137 | lr 0.000255787 | gnorm 0.271 | clip 1.000 | oom 0.000 | loss_scale 16.000 | wall 14282 | train_wall 11738
| epoch 091 | valid on 'valid' subset | loss 7.766 | nll_loss 5.520 | ppl 45.88 | num_updates 61137 | best_loss 7.76504
| epoch 092 | loss 5.790 | nll_loss 3.341 | ppl 10.13 | wps 38172 | ups 4 | wpb 8906.323 | bsz 962.400 | num_updates 61809 | lr 0.000254392 | gnorm 0.271 | clip 1.000 | oom 0.000 | loss_scale 16.000 | wall 14440 | train_wall 11867
| epoch 092 | valid on 'valid' subset | loss 7.768 | nll_loss 5.520 | ppl 45.88 | num_updates 61809 | best_loss 7.76504
| epoch 093 | loss 5.788 | nll_loss 3.338 | ppl 10.11 | wps 38277 | ups 4 | wpb 8906.323 | bsz 962.400 | num_updates 62481 | lr 0.000253021 | gnorm 0.273 | clip 1.000 | oom 0.000 | loss_scale 16.000 | wall 14597 | train_wall 11996
| epoch 093 | valid on 'valid' subset | loss 7.755 | nll_loss 5.506 | ppl 45.45 | num_updates 62481 | best_loss 7.75458
| epoch 094 | loss 5.785 | nll_loss 3.334 | ppl 10.08 | wps 38079 | ups 4 | wpb 8906.323 | bsz 962.400 | num_updates 63153 | lr 0.000251671 | gnorm 0.270 | clip 1.000 | oom 0.000 | loss_scale 16.000 | wall 14755 | train_wall 12126
| epoch 094 | valid on 'valid' subset | loss 7.764 | nll_loss 5.519 | ppl 45.84 | num_updates 63153 | best_loss 7.76371
| WARNING: overflow detected, setting loss scale to: 16.0
| epoch 095 | loss 5.783 | nll_loss 3.332 | ppl 10.07 | wps 38159 | ups 4 | wpb 8908.747 | bsz 961.426 | num_updates 63824 | lr 0.000250344 | gnorm 0.270 | clip 1.000 | oom 0.000 | loss_scale 16.000 | wall 14912 | train_wall 12255
| epoch 095 | valid on 'valid' subset | loss 7.748 | nll_loss 5.499 | ppl 45.22 | num_updates 63824 | best_loss 7.74776
| epoch 096 | loss 5.781 | nll_loss 3.329 | ppl 10.05 | wps 38160 | ups 4 | wpb 8906.323 | bsz 962.400 | num_updates 64496 | lr 0.000249037 | gnorm 0.270 | clip 1.000 | oom 0.000 | loss_scale 16.000 | wall 15070 | train_wall 12383
| epoch 096 | valid on 'valid' subset | loss 7.746 | nll_loss 5.493 | ppl 45.03 | num_updates 64496 | best_loss 7.74604
| epoch 097 | loss 5.779 | nll_loss 3.327 | ppl 10.03 | wps 38384 | ups 4 | wpb 8906.323 | bsz 962.400 | num_updates 65168 | lr 0.00024775 | gnorm 0.273 | clip 1.000 | oom 0.000 | loss_scale 16.000 | wall 15227 | train_wall 12512
| epoch 097 | valid on 'valid' subset | loss 7.765 | nll_loss 5.514 | ppl 45.7 | num_updates 65168 | best_loss 7.76465
| epoch 098 | loss 5.778 | nll_loss 3.325 | ppl 10.02 | wps 38355 | ups 4 | wpb 8906.323 | bsz 962.400 | num_updates 65840 | lr 0.000246482 | gnorm 0.274 | clip 1.000 | oom 0.000 | loss_scale 16.000 | wall 15384 | train_wall 12641
| epoch 098 | valid on 'valid' subset | loss 7.764 | nll_loss 5.518 | ppl 45.82 | num_updates 65840 | best_loss 7.76411
| epoch 099 | loss 5.774 | nll_loss 3.321 | ppl 9.99 | wps 38406 | ups 4 | wpb 8906.323 | bsz 962.400 | num_updates 66512 | lr 0.000245234 | gnorm 0.274 | clip 1.000 | oom 0.000 | loss_scale 16.000 | wall 15540 | train_wall 12769
| epoch 099 | valid on 'valid' subset | loss 7.743 | nll_loss 5.487 | ppl 44.86 | num_updates 66512 | best_loss 7.74321
| epoch 100 | loss 5.773 | nll_loss 3.319 | ppl 9.98 | wps 38287 | ups 4 | wpb 8906.323 | bsz 962.400 | num_updates 67184 | lr 0.000244004 | gnorm 0.275 | clip 1.000 | oom 0.000 | loss_scale 16.000 | wall 15697 | train_wall 12898
| epoch 100 | valid on 'valid' subset | loss 7.752 | nll_loss 5.493 | ppl 45.04 | num_updates 67184 | best_loss 7.75176
| saved checkpoint ./checkpoints/2020-06-02T21-57-04-00-exp27-bpe7500-si-060120-seed14-nonjoint/checkpoints_en_si/checkpoint100.pt (epoch 100 @ 67184 updates) (writing took 1.0614778995513916 seconds)
| done training in 15694.1 seconds
Done training.
Time at end: Wed Jun 3 06:57:22 EDT 2020
