================ FLORES BASELINE WITH CLIP_NORM=0.1, BPE=5000 AND SEED=11 USING SUBWORD-NMT ================
About to train the supervised for the following language pair: EN-NE
CHECKPOINT_DIR is set to './checkpoints/2020-07-05T21-26-04-00-exp31-lmvr-ne-seed11/checkpoints_en_ne'
Creating checkpoint directory if it doesn't exist...
Data folder is: data-bin/wiki_ne_en_lmvr/
Beginning training...
Time at beginning: Mon Jul 6 02:50:32 EDT 2020
Namespace(activation_dropout=0.2, activation_fn='relu', adam_betas='(0.9, 0.98)', adam_eps=1e-08, adaptive_input=False, adaptive_softmax_cutoff=None, adaptive_softmax_dropout=0, arch='transformer', attention_dropout=0.2, best_checkpoint_metric='loss', bpe=None, bucket_cap_mb=25, clip_norm=0.1, cpu=False, criterion='label_smoothed_cross_entropy', cross_self_attention=False, curriculum=0, data='data-bin/wiki_ne_en_lmvr/', dataset_impl=None, ddp_backend='c10d', decoder_attention_heads=2, decoder_embed_dim=512, decoder_embed_path=None, decoder_ffn_embed_dim=2048, decoder_input_dim=512, decoder_layerdrop=0, decoder_layers=5, decoder_layers_to_keep=None, decoder_learned_pos=False, decoder_normalize_before=True, decoder_output_dim=512, device_id=0, disable_validation=False, distributed_backend='nccl', distributed_init_method=None, distributed_no_spawn=False, distributed_port=-1, distributed_rank=0, distributed_world_size=1, dropout=0.4, empty_cache_freq=0, encoder_attention_heads=2, encoder_embed_dim=512, encoder_embed_path=None, encoder_ffn_embed_dim=2048, encoder_layerdrop=0, encoder_layers=5, encoder_layers_to_keep=None, encoder_learned_pos=False, encoder_normalize_before=True, fast_stat_sync=False, find_unused_parameters=False, fix_batches_to_gpus=False, fixed_validation_seed=None, fp16=True, fp16_init_scale=128, fp16_scale_tolerance=0.0, fp16_scale_window=None, keep_interval_updates=-1, keep_last_epochs=-1, label_smoothing=0.2, layer_wise_attention=False, layernorm_embedding=False, lazy_load=False, left_pad_source='True', left_pad_target='False', load_alignments=False, log_format=None, log_interval=1000, lr=[0.001], lr_scheduler='inverse_sqrt', max_epoch=100, max_sentences=None, max_sentences_valid=None, max_source_positions=1024, max_target_positions=1024, max_tokens=4000, max_tokens_valid=4000, max_update=0, maximize_best_checkpoint_metric=False, memory_efficient_fp16=False, min_loss_scale=0.0001, min_lr=1e-09, no_cross_attention=False, no_epoch_checkpoints=False, no_last_checkpoints=False, no_progress_bar=False, no_save=False, no_save_optimizer_state=False, no_scale_embedding=False, no_token_positional_embeddings=False, num_workers=1, optimizer='adam', optimizer_overrides='{}', raw_text=False, required_batch_size_multiple=8, reset_dataloader=False, reset_lr_scheduler=False, reset_meters=False, reset_optimizer=False, restore_file='checkpoint_last.pt', save_dir='./checkpoints/2020-07-05T21-26-04-00-exp31-lmvr-ne-seed11/checkpoints_en_ne', save_interval=10, save_interval_updates=0, seed=11, sentence_avg=False, share_all_embeddings=True, share_decoder_input_output_embed=False, skip_invalid_size_inputs_valid_test=False, source_lang='en', target_lang='ne', task='translation', tensorboard_logdir='', threshold_loss_scale=None, tokenizer=None, train_subset='train', truncate_source=False, update_freq=[4], upsample_primary=1, use_bmuf=False, user_dir=None, valid_subset='valid', validate_interval=1, warmup_init_lr=1e-07, warmup_updates=4000, weight_decay=0.0001)
| [en] dictionary: 6328 types
| [ne] dictionary: 6328 types
| loaded 2559 examples from: data-bin/wiki_ne_en_lmvr/valid.ne-en.en
| loaded 2559 examples from: data-bin/wiki_ne_en_lmvr/valid.ne-en.ne
| data-bin/wiki_ne_en_lmvr/ valid en-ne 2559 examples
TransformerModel(
  (encoder): TransformerEncoder(
    (embed_tokens): Embedding(6328, 512, padding_idx=1)
    (embed_positions): SinusoidalPositionalEmbedding()
    (layers): ModuleList(
      (0): TransformerEncoderLayer(
        (self_attn): MultiheadAttention(
          (k_proj): Linear(in_features=512, out_features=512, bias=True)
          (v_proj): Linear(in_features=512, out_features=512, bias=True)
          (q_proj): Linear(in_features=512, out_features=512, bias=True)
          (out_proj): Linear(in_features=512, out_features=512, bias=True)
        )
        (self_attn_layer_norm): LayerNorm((512,), eps=1e-05, elementwise_affine=True)
        (fc1): Linear(in_features=512, out_features=2048, bias=True)
        (fc2): Linear(in_features=2048, out_features=512, bias=True)
        (final_layer_norm): LayerNorm((512,), eps=1e-05, elementwise_affine=True)
      )
      (1): TransformerEncoderLayer(
        (self_attn): MultiheadAttention(
          (k_proj): Linear(in_features=512, out_features=512, bias=True)
          (v_proj): Linear(in_features=512, out_features=512, bias=True)
          (q_proj): Linear(in_features=512, out_features=512, bias=True)
          (out_proj): Linear(in_features=512, out_features=512, bias=True)
        )
        (self_attn_layer_norm): LayerNorm((512,), eps=1e-05, elementwise_affine=True)
        (fc1): Linear(in_features=512, out_features=2048, bias=True)
        (fc2): Linear(in_features=2048, out_features=512, bias=True)
        (final_layer_norm): LayerNorm((512,), eps=1e-05, elementwise_affine=True)
      )
      (2): TransformerEncoderLayer(
        (self_attn): MultiheadAttention(
          (k_proj): Linear(in_features=512, out_features=512, bias=True)
          (v_proj): Linear(in_features=512, out_features=512, bias=True)
          (q_proj): Linear(in_features=512, out_features=512, bias=True)
          (out_proj): Linear(in_features=512, out_features=512, bias=True)
        )
        (self_attn_layer_norm): LayerNorm((512,), eps=1e-05, elementwise_affine=True)
        (fc1): Linear(in_features=512, out_features=2048, bias=True)
        (fc2): Linear(in_features=2048, out_features=512, bias=True)
        (final_layer_norm): LayerNorm((512,), eps=1e-05, elementwise_affine=True)
      )
      (3): TransformerEncoderLayer(
        (self_attn): MultiheadAttention(
          (k_proj): Linear(in_features=512, out_features=512, bias=True)
          (v_proj): Linear(in_features=512, out_features=512, bias=True)
          (q_proj): Linear(in_features=512, out_features=512, bias=True)
          (out_proj): Linear(in_features=512, out_features=512, bias=True)
        )
        (self_attn_layer_norm): LayerNorm((512,), eps=1e-05, elementwise_affine=True)
        (fc1): Linear(in_features=512, out_features=2048, bias=True)
        (fc2): Linear(in_features=2048, out_features=512, bias=True)
        (final_layer_norm): LayerNorm((512,), eps=1e-05, elementwise_affine=True)
      )
      (4): TransformerEncoderLayer(
        (self_attn): MultiheadAttention(
          (k_proj): Linear(in_features=512, out_features=512, bias=True)
          (v_proj): Linear(in_features=512, out_features=512, bias=True)
          (q_proj): Linear(in_features=512, out_features=512, bias=True)
          (out_proj): Linear(in_features=512, out_features=512, bias=True)
        )
        (self_attn_layer_norm): LayerNorm((512,), eps=1e-05, elementwise_affine=True)
        (fc1): Linear(in_features=512, out_features=2048, bias=True)
        (fc2): Linear(in_features=2048, out_features=512, bias=True)
        (final_layer_norm): LayerNorm((512,), eps=1e-05, elementwise_affine=True)
      )
    )
    (layer_norm): LayerNorm((512,), eps=1e-05, elementwise_affine=True)
  )
  (decoder): TransformerDecoder(
    (embed_tokens): Embedding(6328, 512, padding_idx=1)
    (embed_positions): SinusoidalPositionalEmbedding()
    (layers): ModuleList(
      (0): TransformerDecoderLayer(
        (self_attn): MultiheadAttention(
          (k_proj): Linear(in_features=512, out_features=512, bias=True)
          (v_proj): Linear(in_features=512, out_features=512, bias=True)
          (q_proj): Linear(in_features=512, out_features=512, bias=True)
          (out_proj): Linear(in_features=512, out_features=512, bias=True)
        )
        (self_attn_layer_norm): LayerNorm((512,), eps=1e-05, elementwise_affine=True)
        (encoder_attn): MultiheadAttention(
          (k_proj): Linear(in_features=512, out_features=512, bias=True)
          (v_proj): Linear(in_features=512, out_features=512, bias=True)
          (q_proj): Linear(in_features=512, out_features=512, bias=True)
          (out_proj): Linear(in_features=512, out_features=512, bias=True)
        )
        (encoder_attn_layer_norm): LayerNorm((512,), eps=1e-05, elementwise_affine=True)
        (fc1): Linear(in_features=512, out_features=2048, bias=True)
        (fc2): Linear(in_features=2048, out_features=512, bias=True)
        (final_layer_norm): LayerNorm((512,), eps=1e-05, elementwise_affine=True)
      )
      (1): TransformerDecoderLayer(
        (self_attn): MultiheadAttention(
          (k_proj): Linear(in_features=512, out_features=512, bias=True)
          (v_proj): Linear(in_features=512, out_features=512, bias=True)
          (q_proj): Linear(in_features=512, out_features=512, bias=True)
          (out_proj): Linear(in_features=512, out_features=512, bias=True)
        )
        (self_attn_layer_norm): LayerNorm((512,), eps=1e-05, elementwise_affine=True)
        (encoder_attn): MultiheadAttention(
          (k_proj): Linear(in_features=512, out_features=512, bias=True)
          (v_proj): Linear(in_features=512, out_features=512, bias=True)
          (q_proj): Linear(in_features=512, out_features=512, bias=True)
          (out_proj): Linear(in_features=512, out_features=512, bias=True)
        )
        (encoder_attn_layer_norm): LayerNorm((512,), eps=1e-05, elementwise_affine=True)
        (fc1): Linear(in_features=512, out_features=2048, bias=True)
        (fc2): Linear(in_features=2048, out_features=512, bias=True)
        (final_layer_norm): LayerNorm((512,), eps=1e-05, elementwise_affine=True)
      )
      (2): TransformerDecoderLayer(
        (self_attn): MultiheadAttention(
          (k_proj): Linear(in_features=512, out_features=512, bias=True)
          (v_proj): Linear(in_features=512, out_features=512, bias=True)
          (q_proj): Linear(in_features=512, out_features=512, bias=True)
          (out_proj): Linear(in_features=512, out_features=512, bias=True)
        )
        (self_attn_layer_norm): LayerNorm((512,), eps=1e-05, elementwise_affine=True)
        (encoder_attn): MultiheadAttention(
          (k_proj): Linear(in_features=512, out_features=512, bias=True)
          (v_proj): Linear(in_features=512, out_features=512, bias=True)
          (q_proj): Linear(in_features=512, out_features=512, bias=True)
          (out_proj): Linear(in_features=512, out_features=512, bias=True)
        )
        (encoder_attn_layer_norm): LayerNorm((512,), eps=1e-05, elementwise_affine=True)
        (fc1): Linear(in_features=512, out_features=2048, bias=True)
        (fc2): Linear(in_features=2048, out_features=512, bias=True)
        (final_layer_norm): LayerNorm((512,), eps=1e-05, elementwise_affine=True)
      )
      (3): TransformerDecoderLayer(
        (self_attn): MultiheadAttention(
          (k_proj): Linear(in_features=512, out_features=512, bias=True)
          (v_proj): Linear(in_features=512, out_features=512, bias=True)
          (q_proj): Linear(in_features=512, out_features=512, bias=True)
          (out_proj): Linear(in_features=512, out_features=512, bias=True)
        )
        (self_attn_layer_norm): LayerNorm((512,), eps=1e-05, elementwise_affine=True)
        (encoder_attn): MultiheadAttention(
          (k_proj): Linear(in_features=512, out_features=512, bias=True)
          (v_proj): Linear(in_features=512, out_features=512, bias=True)
          (q_proj): Linear(in_features=512, out_features=512, bias=True)
          (out_proj): Linear(in_features=512, out_features=512, bias=True)
        )
        (encoder_attn_layer_norm): LayerNorm((512,), eps=1e-05, elementwise_affine=True)
        (fc1): Linear(in_features=512, out_features=2048, bias=True)
        (fc2): Linear(in_features=2048, out_features=512, bias=True)
        (final_layer_norm): LayerNorm((512,), eps=1e-05, elementwise_affine=True)
      )
      (4): TransformerDecoderLayer(
        (self_attn): MultiheadAttention(
          (k_proj): Linear(in_features=512, out_features=512, bias=True)
          (v_proj): Linear(in_features=512, out_features=512, bias=True)
          (q_proj): Linear(in_features=512, out_features=512, bias=True)
          (out_proj): Linear(in_features=512, out_features=512, bias=True)
        )
        (self_attn_layer_norm): LayerNorm((512,), eps=1e-05, elementwise_affine=True)
        (encoder_attn): MultiheadAttention(
          (k_proj): Linear(in_features=512, out_features=512, bias=True)
          (v_proj): Linear(in_features=512, out_features=512, bias=True)
          (q_proj): Linear(in_features=512, out_features=512, bias=True)
          (out_proj): Linear(in_features=512, out_features=512, bias=True)
        )
        (encoder_attn_layer_norm): LayerNorm((512,), eps=1e-05, elementwise_affine=True)
        (fc1): Linear(in_features=512, out_features=2048, bias=True)
        (fc2): Linear(in_features=2048, out_features=512, bias=True)
        (final_layer_norm): LayerNorm((512,), eps=1e-05, elementwise_affine=True)
      )
    )
    (layer_norm): LayerNorm((512,), eps=1e-05, elementwise_affine=True)
  )
)
| model transformer, criterion LabelSmoothedCrossEntropyCriterion
| num. model params: 40024064 (num. trained: 40024064)
| training on 1 GPUs
| max tokens per GPU = 4000 and max sentences per GPU = None
| no existing checkpoint found ./checkpoints/2020-07-05T21-26-04-00-exp31-lmvr-ne-seed11/checkpoints_en_ne/checkpoint_last.pt
| loading train data for epoch 0
| loaded 563947 examples from: data-bin/wiki_ne_en_lmvr/train.ne-en.en
| loaded 563947 examples from: data-bin/wiki_ne_en_lmvr/train.ne-en.ne
| data-bin/wiki_ne_en_lmvr/ train en-ne 563947 examples
| WARNING: 5 samples have invalid sizes and will be skipped, max_positions=(1024, 1024), first few sample ids=[553289, 513531, 304187, 486736, 478247]
| WARNING: overflow detected, setting loss scale to: 64.0
| WARNING: overflow detected, setting loss scale to: 32.0
| WARNING: overflow detected, setting loss scale to: 16.0
| epoch 001 | loss 9.398 | nll_loss 8.163 | ppl 286.56 | wps 53460 | ups 4 | wpb 13707.486 | bsz 703.353 | num_updates 795 | lr 0.00019883 | gnorm 0.760 | clip 1.000 | oom 0.000 | loss_scale 16.000 | wall 209 | train_wall 172
| epoch 001 | valid on 'valid' subset | loss 9.079 | nll_loss 7.503 | ppl 181.46 | num_updates 795
| epoch 002 | loss 7.047 | nll_loss 5.065 | ppl 33.47 | wps 53952 | ups 4 | wpb 13708.497 | bsz 706.694 | num_updates 1593 | lr 0.00039831 | gnorm 0.497 | clip 1.000 | oom 0.000 | loss_scale 16.000 | wall 412 | train_wall 343
| epoch 002 | valid on 'valid' subset | loss 8.557 | nll_loss 6.817 | ppl 112.76 | num_updates 1593
| epoch 003 | loss 6.354 | nll_loss 4.167 | ppl 17.96 | wps 54333 | ups 4 | wpb 13708.497 | bsz 706.694 | num_updates 2391 | lr 0.00059779 | gnorm 0.419 | clip 1.000 | oom 0.000 | loss_scale 16.000 | wall 614 | train_wall 513
| epoch 003 | valid on 'valid' subset | loss 8.312 | nll_loss 6.439 | ppl 86.78 | num_updates 2391
| epoch 004 | loss 5.993 | nll_loss 3.701 | ppl 13 | wps 54201 | ups 4 | wpb 13708.497 | bsz 706.694 | num_updates 3189 | lr 0.00079727 | gnorm 0.369 | clip 1.000 | oom 0.000 | loss_scale 16.000 | wall 817 | train_wall 683
| epoch 004 | valid on 'valid' subset | loss 8.104 | nll_loss 6.159 | ppl 71.46 | num_updates 3189
| epoch 005 | loss 5.779 | nll_loss 3.427 | ppl 10.76 | wps 53779 | ups 4 | wpb 13708.497 | bsz 706.694 | num_updates 3987 | lr 0.00099675 | gnorm 0.336 | clip 1.000 | oom 0.000 | loss_scale 16.000 | wall 1021 | train_wall 854
| epoch 005 | valid on 'valid' subset | loss 7.941 | nll_loss 5.969 | ppl 62.65 | num_updates 3987
| epoch 006 | loss 5.609 | nll_loss 3.210 | ppl 9.25 | wps 53969 | ups 4 | wpb 13708.497 | bsz 706.694 | num_updates 4785 | lr 0.000914301 | gnorm 0.297 | clip 1.000 | oom 0.000 | loss_scale 32.000 | wall 1225 | train_wall 1025
| epoch 006 | valid on 'valid' subset | loss 7.761 | nll_loss 5.737 | ppl 53.34 | num_updates 4785
| epoch 007 | loss 5.459 | nll_loss 3.020 | ppl 8.11 | wps 54393 | ups 4 | wpb 13708.497 | bsz 706.694 | num_updates 5583 | lr 0.00084644 | gnorm 0.269 | clip 1.000 | oom 0.000 | loss_scale 32.000 | wall 1427 | train_wall 1194
| epoch 007 | valid on 'valid' subset | loss 7.677 | nll_loss 5.630 | ppl 49.53 | num_updates 5583
| epoch 008 | loss 5.351 | nll_loss 2.884 | ppl 7.38 | wps 54487 | ups 4 | wpb 13708.497 | bsz 706.694 | num_updates 6381 | lr 0.000791746 | gnorm 0.253 | clip 1.000 | oom 0.000 | loss_scale 32.000 | wall 1629 | train_wall 1364
| epoch 008 | valid on 'valid' subset | loss 7.567 | nll_loss 5.473 | ppl 44.43 | num_updates 6381
| epoch 009 | loss 5.266 | nll_loss 2.776 | ppl 6.85 | wps 54592 | ups 4 | wpb 13708.497 | bsz 706.694 | num_updates 7179 | lr 0.000746445 | gnorm 0.241 | clip 1.000 | oom 0.000 | loss_scale 32.000 | wall 1830 | train_wall 1533
| epoch 009 | valid on 'valid' subset | loss 7.536 | nll_loss 5.423 | ppl 42.89 | num_updates 7179
| epoch 010 | loss 5.200 | nll_loss 2.693 | ppl 6.47 | wps 54897 | ups 4 | wpb 13708.497 | bsz 706.694 | num_updates 7977 | lr 0.000708125 | gnorm 0.236 | clip 1.000 | oom 0.000 | loss_scale 32.000 | wall 2030 | train_wall 1702
| epoch 010 | valid on 'valid' subset | loss 7.472 | nll_loss 5.330 | ppl 40.22 | num_updates 7977
| saved checkpoint ./checkpoints/2020-07-05T21-26-04-00-exp31-lmvr-ne-seed11/checkpoints_en_ne/checkpoint10.pt (epoch 10 @ 7977 updates) (writing took 0.7674963474273682 seconds)
| WARNING: overflow detected, setting loss scale to: 32.0
| epoch 011 | loss 5.147 | nll_loss 2.625 | ppl 6.17 | wps 54318 | ups 4 | wpb 13709.280 | bsz 704.831 | num_updates 8774 | lr 0.000675198 | gnorm 0.229 | clip 1.000 | oom 0.000 | loss_scale 32.000 | wall 2233 | train_wall 1871
| epoch 011 | valid on 'valid' subset | loss 7.398 | nll_loss 5.248 | ppl 37.99 | num_updates 8774 | best_loss 7.3982
| epoch 012 | loss 5.102 | nll_loss 2.568 | ppl 5.93 | wps 53941 | ups 4 | wpb 13708.497 | bsz 706.694 | num_updates 9572 | lr 0.000646441 | gnorm 0.225 | clip 1.000 | oom 0.000 | loss_scale 32.000 | wall 2436 | train_wall 2041
| epoch 012 | valid on 'valid' subset | loss 7.377 | nll_loss 5.219 | ppl 37.24 | num_updates 9572 | best_loss 7.3769
| epoch 013 | loss 5.062 | nll_loss 2.519 | ppl 5.73 | wps 54277 | ups 4 | wpb 13708.497 | bsz 706.694 | num_updates 10370 | lr 0.00062107 | gnorm 0.222 | clip 1.000 | oom 0.000 | loss_scale 32.000 | wall 2639 | train_wall 2211
| epoch 013 | valid on 'valid' subset | loss 7.355 | nll_loss 5.187 | ppl 36.42 | num_updates 10370 | best_loss 7.35503
| epoch 014 | loss 5.028 | nll_loss 2.476 | ppl 5.56 | wps 53986 | ups 4 | wpb 13708.497 | bsz 706.694 | num_updates 11168 | lr 0.00059847 | gnorm 0.219 | clip 1.000 | oom 0.000 | loss_scale 32.000 | wall 2842 | train_wall 2382
| epoch 014 | valid on 'valid' subset | loss 7.349 | nll_loss 5.163 | ppl 35.84 | num_updates 11168 | best_loss 7.34873
| epoch 015 | loss 4.997 | nll_loss 2.437 | ppl 5.41 | wps 54132 | ups 4 | wpb 13708.497 | bsz 706.694 | num_updates 11966 | lr 0.00057817 | gnorm 0.217 | clip 1.000 | oom 0.000 | loss_scale 32.000 | wall 3045 | train_wall 2552
| epoch 015 | valid on 'valid' subset | loss 7.315 | nll_loss 5.127 | ppl 34.94 | num_updates 11966 | best_loss 7.31473
| epoch 016 | loss 4.971 | nll_loss 2.404 | ppl 5.29 | wps 53847 | ups 4 | wpb 13708.497 | bsz 706.694 | num_updates 12764 | lr 0.000559805 | gnorm 0.216 | clip 1.000 | oom 0.000 | loss_scale 64.000 | wall 3249 | train_wall 2723
| epoch 016 | valid on 'valid' subset | loss 7.300 | nll_loss 5.105 | ppl 34.42 | num_updates 12764 | best_loss 7.29956
| epoch 017 | loss 4.948 | nll_loss 2.374 | ppl 5.18 | wps 54228 | ups 4 | wpb 13708.497 | bsz 706.694 | num_updates 13562 | lr 0.000543085 | gnorm 0.215 | clip 1.000 | oom 0.000 | loss_scale 64.000 | wall 3452 | train_wall 2893
| epoch 017 | valid on 'valid' subset | loss 7.240 | nll_loss 5.048 | ppl 33.08 | num_updates 13562 | best_loss 7.23995
| epoch 018 | loss 4.926 | nll_loss 2.347 | ppl 5.09 | wps 54424 | ups 4 | wpb 13708.497 | bsz 706.694 | num_updates 14360 | lr 0.00052778 | gnorm 0.215 | clip 1.000 | oom 0.000 | loss_scale 64.000 | wall 3653 | train_wall 3062
| epoch 018 | valid on 'valid' subset | loss 7.253 | nll_loss 5.053 | ppl 33.19 | num_updates 14360 | best_loss 7.25319
| epoch 019 | loss 4.906 | nll_loss 2.322 | ppl 5 | wps 54197 | ups 4 | wpb 13708.497 | bsz 706.694 | num_updates 15158 | lr 0.000513699 | gnorm 0.212 | clip 1.000 | oom 0.000 | loss_scale 64.000 | wall 3856 | train_wall 3232
| epoch 019 | valid on 'valid' subset | loss 7.220 | nll_loss 5.007 | ppl 32.15 | num_updates 15158 | best_loss 7.22005
| epoch 020 | loss 4.888 | nll_loss 2.299 | ppl 4.92 | wps 54094 | ups 4 | wpb 13708.497 | bsz 706.694 | num_updates 15956 | lr 0.000500689 | gnorm 0.213 | clip 1.000 | oom 0.000 | loss_scale 64.000 | wall 4059 | train_wall 3402
| epoch 020 | valid on 'valid' subset | loss 7.189 | nll_loss 4.977 | ppl 31.49 | num_updates 15956 | best_loss 7.18855
| saved checkpoint ./checkpoints/2020-07-05T21-26-04-00-exp31-lmvr-ne-seed11/checkpoints_en_ne/checkpoint20.pt (epoch 20 @ 15956 updates) (writing took 1.0410537719726562 seconds)
| WARNING: overflow detected, setting loss scale to: 64.0
| epoch 021 | loss 4.872 | nll_loss 2.278 | ppl 4.85 | wps 53907 | ups 4 | wpb 13714.512 | bsz 706.778 | num_updates 16753 | lr 0.000488634 | gnorm 0.212 | clip 1.000 | oom 0.000 | loss_scale 64.000 | wall 4264 | train_wall 3572
| epoch 021 | valid on 'valid' subset | loss 7.219 | nll_loss 5.003 | ppl 32.08 | num_updates 16753 | best_loss 7.18855
| epoch 022 | loss 4.856 | nll_loss 2.259 | ppl 4.79 | wps 54312 | ups 4 | wpb 13708.497 | bsz 706.694 | num_updates 17551 | lr 0.000477396 | gnorm 0.211 | clip 1.000 | oom 0.000 | loss_scale 64.000 | wall 4466 | train_wall 3742
| epoch 022 | valid on 'valid' subset | loss 7.216 | nll_loss 4.996 | ppl 31.91 | num_updates 17551 | best_loss 7.18855
| epoch 023 | loss 4.841 | nll_loss 2.240 | ppl 4.72 | wps 54602 | ups 4 | wpb 13708.497 | bsz 706.694 | num_updates 18349 | lr 0.0004669 | gnorm 0.211 | clip 1.000 | oom 0.000 | loss_scale 64.000 | wall 4667 | train_wall 3912
| epoch 023 | valid on 'valid' subset | loss 7.188 | nll_loss 4.966 | ppl 31.26 | num_updates 18349 | best_loss 7.18786
| epoch 024 | loss 4.828 | nll_loss 2.224 | ppl 4.67 | wps 54879 | ups 4 | wpb 13708.497 | bsz 706.694 | num_updates 19147 | lr 0.000457067 | gnorm 0.211 | clip 1.000 | oom 0.000 | loss_scale 64.000 | wall 4867 | train_wall 4080
| epoch 024 | valid on 'valid' subset | loss 7.166 | nll_loss 4.943 | ppl 30.77 | num_updates 19147 | best_loss 7.16555
| epoch 025 | loss 4.816 | nll_loss 2.208 | ppl 4.62 | wps 54454 | ups 4 | wpb 13708.497 | bsz 706.694 | num_updates 19945 | lr 0.00044783 | gnorm 0.211 | clip 1.000 | oom 0.000 | loss_scale 64.000 | wall 5069 | train_wall 4250
| epoch 025 | valid on 'valid' subset | loss 7.164 | nll_loss 4.940 | ppl 30.7 | num_updates 19945 | best_loss 7.16384
| WARNING: overflow detected, setting loss scale to: 64.0
| epoch 026 | loss 4.805 | nll_loss 2.194 | ppl 4.58 | wps 54307 | ups 4 | wpb 13709.675 | bsz 706.718 | num_updates 20742 | lr 0.000439142 | gnorm 0.210 | clip 1.000 | oom 0.000 | loss_scale 64.000 | wall 5271 | train_wall 4419
| epoch 026 | valid on 'valid' subset | loss 7.160 | nll_loss 4.934 | ppl 30.56 | num_updates 20742 | best_loss 7.16006
| epoch 027 | loss 4.794 | nll_loss 2.180 | ppl 4.53 | wps 54381 | ups 4 | wpb 13708.497 | bsz 706.694 | num_updates 21540 | lr 0.00043093 | gnorm 0.211 | clip 1.000 | oom 0.000 | loss_scale 64.000 | wall 5473 | train_wall 4589
| epoch 027 | valid on 'valid' subset | loss 7.178 | nll_loss 4.945 | ppl 30.8 | num_updates 21540 | best_loss 7.178
| WARNING: overflow detected, setting loss scale to: 32.0
| WARNING: overflow detected, setting loss scale to: 16.0
| epoch 028 | loss 4.783 | nll_loss 2.167 | ppl 4.49 | wps 54337 | ups 4 | wpb 13712.702 | bsz 707.746 | num_updates 22336 | lr 0.000423182 | gnorm 0.210 | clip 1.000 | oom 0.000 | loss_scale 16.000 | wall 5675 | train_wall 4759
| epoch 028 | valid on 'valid' subset | loss 7.151 | nll_loss 4.929 | ppl 30.46 | num_updates 22336 | best_loss 7.15089
| epoch 029 | loss 4.773 | nll_loss 2.154 | ppl 4.45 | wps 55001 | ups 4 | wpb 13708.497 | bsz 706.694 | num_updates 23134 | lr 0.000415819 | gnorm 0.211 | clip 1.000 | oom 0.000 | loss_scale 16.000 | wall 5875 | train_wall 4927
| epoch 029 | valid on 'valid' subset | loss 7.132 | nll_loss 4.902 | ppl 29.9 | num_updates 23134 | best_loss 7.13238
| epoch 030 | loss 4.763 | nll_loss 2.142 | ppl 4.41 | wps 54983 | ups 4 | wpb 13708.497 | bsz 706.694 | num_updates 23932 | lr 0.000408828 | gnorm 0.210 | clip 1.000 | oom 0.000 | loss_scale 16.000 | wall 6074 | train_wall 5095
| epoch 030 | valid on 'valid' subset | loss 7.133 | nll_loss 4.906 | ppl 29.97 | num_updates 23932 | best_loss 7.13308
| saved checkpoint ./checkpoints/2020-07-05T21-26-04-00-exp31-lmvr-ne-seed11/checkpoints_en_ne/checkpoint30.pt (epoch 30 @ 23932 updates) (writing took 1.0018274784088135 seconds)
| epoch 031 | loss 4.755 | nll_loss 2.131 | ppl 4.38 | wps 55147 | ups 4 | wpb 13708.497 | bsz 706.694 | num_updates 24730 | lr 0.000402178 | gnorm 0.211 | clip 1.000 | oom 0.000 | loss_scale 16.000 | wall 6275 | train_wall 5264
| epoch 031 | valid on 'valid' subset | loss 7.103 | nll_loss 4.866 | ppl 29.17 | num_updates 24730 | best_loss 7.1026
| epoch 032 | loss 4.746 | nll_loss 2.120 | ppl 4.35 | wps 55503 | ups 4 | wpb 13708.497 | bsz 706.694 | num_updates 25528 | lr 0.000395842 | gnorm 0.213 | clip 1.000 | oom 0.000 | loss_scale 16.000 | wall 6473 | train_wall 5431
| epoch 032 | valid on 'valid' subset | loss 7.104 | nll_loss 4.869 | ppl 29.22 | num_updates 25528 | best_loss 7.10388
| epoch 033 | loss 4.739 | nll_loss 2.111 | ppl 4.32 | wps 55100 | ups 4 | wpb 13708.497 | bsz 706.694 | num_updates 26326 | lr 0.000389796 | gnorm 0.215 | clip 1.000 | oom 0.000 | loss_scale 32.000 | wall 6672 | train_wall 5600
| epoch 033 | valid on 'valid' subset | loss 7.120 | nll_loss 4.893 | ppl 29.71 | num_updates 26326 | best_loss 7.12035
| epoch 034 | loss 4.730 | nll_loss 2.101 | ppl 4.29 | wps 55547 | ups 4 | wpb 13708.497 | bsz 706.694 | num_updates 27124 | lr 0.000384019 | gnorm 0.211 | clip 1.000 | oom 0.000 | loss_scale 32.000 | wall 6870 | train_wall 5768
| epoch 034 | valid on 'valid' subset | loss 7.064 | nll_loss 4.821 | ppl 28.26 | num_updates 27124 | best_loss 7.06449
| epoch 035 | loss 4.723 | nll_loss 2.092 | ppl 4.26 | wps 55379 | ups 4 | wpb 13708.497 | bsz 706.694 | num_updates 27922 | lr 0.000378492 | gnorm 0.211 | clip 1.000 | oom 0.000 | loss_scale 32.000 | wall 7068 | train_wall 5936
| epoch 035 | valid on 'valid' subset | loss 7.120 | nll_loss 4.884 | ppl 29.53 | num_updates 27922 | best_loss 7.11957
| epoch 036 | loss 4.716 | nll_loss 2.083 | ppl 4.24 | wps 54853 | ups 4 | wpb 13708.497 | bsz 706.694 | num_updates 28720 | lr 0.000373197 | gnorm 0.211 | clip 1.000 | oom 0.000 | loss_scale 32.000 | wall 7268 | train_wall 6105
| epoch 036 | valid on 'valid' subset | loss 7.102 | nll_loss 4.867 | ppl 29.19 | num_updates 28720 | best_loss 7.10183
| WARNING: overflow detected, setting loss scale to: 16.0
| epoch 037 | loss 4.709 | nll_loss 2.074 | ppl 4.21 | wps 54910 | ups 4 | wpb 13709.390 | bsz 707.240 | num_updates 29517 | lr 0.000368124 | gnorm 0.211 | clip 1.000 | oom 0.000 | loss_scale 16.000 | wall 7468 | train_wall 6274
| epoch 037 | valid on 'valid' subset | loss 7.107 | nll_loss 4.877 | ppl 29.39 | num_updates 29517 | best_loss 7.10728
| epoch 038 | loss 4.703 | nll_loss 2.067 | ppl 4.19 | wps 55069 | ups 4 | wpb 13708.497 | bsz 706.694 | num_updates 30315 | lr 0.000363246 | gnorm 0.214 | clip 1.000 | oom 0.000 | loss_scale 16.000 | wall 7668 | train_wall 6442
| epoch 038 | valid on 'valid' subset | loss 7.128 | nll_loss 4.898 | ppl 29.81 | num_updates 30315 | best_loss 7.12763
| epoch 039 | loss 4.697 | nll_loss 2.059 | ppl 4.17 | wps 55341 | ups 4 | wpb 13708.497 | bsz 706.694 | num_updates 31113 | lr 0.000358558 | gnorm 0.212 | clip 1.000 | oom 0.000 | loss_scale 16.000 | wall 7866 | train_wall 6610
| epoch 039 | valid on 'valid' subset | loss 7.061 | nll_loss 4.821 | ppl 28.26 | num_updates 31113 | best_loss 7.06089
| epoch 040 | loss 4.691 | nll_loss 2.051 | ppl 4.14 | wps 55533 | ups 4 | wpb 13708.497 | bsz 706.694 | num_updates 31911 | lr 0.000354046 | gnorm 0.212 | clip 1.000 | oom 0.000 | loss_scale 16.000 | wall 8064 | train_wall 6777
| epoch 040 | valid on 'valid' subset | loss 7.065 | nll_loss 4.824 | ppl 28.33 | num_updates 31911 | best_loss 7.06455
| saved checkpoint ./checkpoints/2020-07-05T21-26-04-00-exp31-lmvr-ne-seed11/checkpoints_en_ne/checkpoint40.pt (epoch 40 @ 31911 updates) (writing took 1.0564916133880615 seconds)
| epoch 041 | loss 4.685 | nll_loss 2.044 | ppl 4.12 | wps 55718 | ups 4 | wpb 13708.497 | bsz 706.694 | num_updates 32709 | lr 0.000349701 | gnorm 0.213 | clip 1.000 | oom 0.000 | loss_scale 16.000 | wall 8262 | train_wall 6944
| epoch 041 | valid on 'valid' subset | loss 7.073 | nll_loss 4.835 | ppl 28.54 | num_updates 32709 | best_loss 7.06455
| epoch 042 | loss 4.679 | nll_loss 2.037 | ppl 4.1 | wps 55141 | ups 4 | wpb 13708.497 | bsz 706.694 | num_updates 33507 | lr 0.000345511 | gnorm 0.213 | clip 1.000 | oom 0.000 | loss_scale 16.000 | wall 8461 | train_wall 7113
| epoch 042 | valid on 'valid' subset | loss 7.061 | nll_loss 4.821 | ppl 28.27 | num_updates 33507 | best_loss 7.06132
| WARNING: overflow detected, setting loss scale to: 16.0
| epoch 043 | loss 4.674 | nll_loss 2.030 | ppl 4.08 | wps 55674 | ups 4 | wpb 13708.656 | bsz 706.507 | num_updates 34304 | lr 0.000341474 | gnorm 0.214 | clip 1.000 | oom 0.000 | loss_scale 16.000 | wall 8658 | train_wall 7281
| epoch 043 | valid on 'valid' subset | loss 7.068 | nll_loss 4.827 | ppl 28.38 | num_updates 34304 | best_loss 7.06455
| epoch 044 | loss 4.668 | nll_loss 2.023 | ppl 4.06 | wps 55220 | ups 4 | wpb 13708.497 | bsz 706.694 | num_updates 35102 | lr 0.00033757 | gnorm 0.212 | clip 1.000 | oom 0.000 | loss_scale 16.000 | wall 8857 | train_wall 7450
| epoch 044 | valid on 'valid' subset | loss 7.067 | nll_loss 4.830 | ppl 28.45 | num_updates 35102 | best_loss 7.06455
| epoch 045 | loss 4.664 | nll_loss 2.017 | ppl 4.05 | wps 55128 | ups 4 | wpb 13708.497 | bsz 706.694 | num_updates 35900 | lr 0.000333797 | gnorm 0.213 | clip 1.000 | oom 0.000 | loss_scale 16.000 | wall 9057 | train_wall 7619
| epoch 045 | valid on 'valid' subset | loss 7.034 | nll_loss 4.796 | ppl 27.77 | num_updates 35900 | best_loss 7.03408
| epoch 046 | loss 4.659 | nll_loss 2.011 | ppl 4.03 | wps 55632 | ups 4 | wpb 13708.497 | bsz 706.694 | num_updates 36698 | lr 0.000330148 | gnorm 0.213 | clip 1.000 | oom 0.000 | loss_scale 16.000 | wall 9254 | train_wall 7786
| epoch 046 | valid on 'valid' subset | loss 7.053 | nll_loss 4.810 | ppl 28.06 | num_updates 36698 | best_loss 7.05319
| epoch 047 | loss 4.654 | nll_loss 2.005 | ppl 4.01 | wps 55634 | ups 4 | wpb 13708.497 | bsz 706.694 | num_updates 37496 | lr 0.000326616 | gnorm 0.213 | clip 1.000 | oom 0.000 | loss_scale 16.000 | wall 9452 | train_wall 7953
| epoch 047 | valid on 'valid' subset | loss 7.053 | nll_loss 4.808 | ppl 28.02 | num_updates 37496 | best_loss 7.05311
| epoch 048 | loss 4.650 | nll_loss 2.000 | ppl 4 | wps 55050 | ups 4 | wpb 13708.497 | bsz 706.694 | num_updates 38294 | lr 0.000323195 | gnorm 0.213 | clip 1.000 | oom 0.000 | loss_scale 32.000 | wall 9651 | train_wall 8121
| epoch 048 | valid on 'valid' subset | loss 7.049 | nll_loss 4.807 | ppl 27.99 | num_updates 38294 | best_loss 7.04854
| epoch 049 | loss 4.646 | nll_loss 1.994 | ppl 3.98 | wps 55102 | ups 4 | wpb 13708.497 | bsz 706.694 | num_updates 39092 | lr 0.000319879 | gnorm 0.214 | clip 1.000 | oom 0.000 | loss_scale 32.000 | wall 9851 | train_wall 8289
| epoch 049 | valid on 'valid' subset | loss 7.056 | nll_loss 4.810 | ppl 28.06 | num_updates 39092 | best_loss 7.05613
| WARNING: overflow detected, setting loss scale to: 16.0
| epoch 050 | loss 4.641 | nll_loss 1.988 | ppl 3.97 | wps 54673 | ups 4 | wpb 13709.321 | bsz 706.366 | num_updates 39889 | lr 0.000316667 | gnorm 0.215 | clip 1.000 | oom 0.000 | loss_scale 16.000 | wall 10051 | train_wall 8459
| epoch 050 | valid on 'valid' subset | loss 7.057 | nll_loss 4.812 | ppl 28.08 | num_updates 39889 | best_loss 7.05722
| saved checkpoint ./checkpoints/2020-07-05T21-26-04-00-exp31-lmvr-ne-seed11/checkpoints_en_ne/checkpoint50.pt (epoch 50 @ 39889 updates) (writing took 1.0364508628845215 seconds)
| epoch 051 | loss 4.637 | nll_loss 1.983 | ppl 3.95 | wps 55589 | ups 4 | wpb 13708.497 | bsz 706.694 | num_updates 40687 | lr 0.000313547 | gnorm 0.214 | clip 1.000 | oom 0.000 | loss_scale 16.000 | wall 10250 | train_wall 8626
| epoch 051 | valid on 'valid' subset | loss 7.056 | nll_loss 4.809 | ppl 28.04 | num_updates 40687 | best_loss 7.0558
| epoch 052 | loss 4.633 | nll_loss 1.979 | ppl 3.94 | wps 55552 | ups 4 | wpb 13708.497 | bsz 706.694 | num_updates 41485 | lr 0.000310516 | gnorm 0.217 | clip 1.000 | oom 0.000 | loss_scale 16.000 | wall 10448 | train_wall 8794
| epoch 052 | valid on 'valid' subset | loss 7.048 | nll_loss 4.808 | ppl 28.02 | num_updates 41485 | best_loss 7.0482
| epoch 053 | loss 4.630 | nll_loss 1.974 | ppl 3.93 | wps 55389 | ups 4 | wpb 13708.497 | bsz 706.694 | num_updates 42283 | lr 0.000307572 | gnorm 0.216 | clip 1.000 | oom 0.000 | loss_scale 16.000 | wall 10646 | train_wall 8962
| epoch 053 | valid on 'valid' subset | loss 7.055 | nll_loss 4.811 | ppl 28.08 | num_updates 42283 | best_loss 7.05492
| epoch 054 | loss 4.625 | nll_loss 1.969 | ppl 3.91 | wps 54893 | ups 4 | wpb 13708.497 | bsz 706.694 | num_updates 43081 | lr 0.00030471 | gnorm 0.215 | clip 1.000 | oom 0.000 | loss_scale 16.000 | wall 10846 | train_wall 9130
| epoch 054 | valid on 'valid' subset | loss 7.028 | nll_loss 4.788 | ppl 27.62 | num_updates 43081 | best_loss 7.02837
| epoch 055 | loss 4.622 | nll_loss 1.964 | ppl 3.9 | wps 55601 | ups 4 | wpb 13708.497 | bsz 706.694 | num_updates 43879 | lr 0.000301927 | gnorm 0.215 | clip 1.000 | oom 0.000 | loss_scale 32.000 | wall 11044 | train_wall 9298
| epoch 055 | valid on 'valid' subset | loss 7.054 | nll_loss 4.815 | ppl 28.14 | num_updates 43879 | best_loss 7.05446
| epoch 056 | loss 4.618 | nll_loss 1.959 | ppl 3.89 | wps 55365 | ups 4 | wpb 13708.497 | bsz 706.694 | num_updates 44677 | lr 0.000299218 | gnorm 0.215 | clip 1.000 | oom 0.000 | loss_scale 32.000 | wall 11242 | train_wall 9466
| epoch 056 | valid on 'valid' subset | loss 7.043 | nll_loss 4.808 | ppl 28.01 | num_updates 44677 | best_loss 7.04329
| epoch 057 | loss 4.614 | nll_loss 1.955 | ppl 3.88 | wps 55545 | ups 4 | wpb 13708.497 | bsz 706.694 | num_updates 45475 | lr 0.000296581 | gnorm 0.217 | clip 1.000 | oom 0.000 | loss_scale 32.000 | wall 11440 | train_wall 9633
| epoch 057 | valid on 'valid' subset | loss 7.032 | nll_loss 4.793 | ppl 27.72 | num_updates 45475 | best_loss 7.03157
| epoch 058 | loss 4.611 | nll_loss 1.951 | ppl 3.87 | wps 55158 | ups 4 | wpb 13708.497 | bsz 706.694 | num_updates 46273 | lr 0.000294013 | gnorm 0.217 | clip 1.000 | oom 0.000 | loss_scale 32.000 | wall 11639 | train_wall 9801
| epoch 058 | valid on 'valid' subset | loss 7.038 | nll_loss 4.796 | ppl 27.78 | num_updates 46273 | best_loss 7.03805
| epoch 059 | loss 4.608 | nll_loss 1.947 | ppl 3.86 | wps 55467 | ups 4 | wpb 13708.497 | bsz 706.694 | num_updates 47071 | lr 0.00029151 | gnorm 0.216 | clip 1.000 | oom 0.000 | loss_scale 32.000 | wall 11837 | train_wall 9968
| epoch 059 | valid on 'valid' subset | loss 7.034 | nll_loss 4.796 | ppl 27.78 | num_updates 47071 | best_loss 7.03352
| WARNING: overflow detected, setting loss scale to: 32.0
| epoch 060 | loss 4.604 | nll_loss 1.942 | ppl 3.84 | wps 54855 | ups 4 | wpb 13707.199 | bsz 706.467 | num_updates 47868 | lr 0.000289073 | gnorm 0.218 | clip 1.000 | oom 0.000 | loss_scale 32.000 | wall 12037 | train_wall 10137
| epoch 060 | valid on 'valid' subset | loss 7.018 | nll_loss 4.776 | ppl 27.4 | num_updates 47868 | best_loss 7.01768
| saved checkpoint ./checkpoints/2020-07-05T21-26-04-00-exp31-lmvr-ne-seed11/checkpoints_en_ne/checkpoint60.pt (epoch 60 @ 47868 updates) (writing took 1.0419113636016846 seconds)
| epoch 061 | loss 4.601 | nll_loss 1.938 | ppl 3.83 | wps 55617 | ups 4 | wpb 13708.497 | bsz 706.694 | num_updates 48666 | lr 0.000286693 | gnorm 0.218 | clip 1.000 | oom 0.000 | loss_scale 32.000 | wall 12236 | train_wall 10303
| epoch 061 | valid on 'valid' subset | loss 7.047 | nll_loss 4.806 | ppl 27.98 | num_updates 48666 | best_loss 7.01768
| epoch 062 | loss 4.598 | nll_loss 1.934 | ppl 3.82 | wps 55587 | ups 4 | wpb 13708.497 | bsz 706.694 | num_updates 49464 | lr 0.000284371 | gnorm 0.218 | clip 1.000 | oom 0.000 | loss_scale 32.000 | wall 12433 | train_wall 10471
| epoch 062 | valid on 'valid' subset | loss 7.030 | nll_loss 4.794 | ppl 27.74 | num_updates 49464 | best_loss 7.01768
| epoch 063 | loss 4.595 | nll_loss 1.931 | ppl 3.81 | wps 55276 | ups 4 | wpb 13708.497 | bsz 706.694 | num_updates 50262 | lr 0.000282105 | gnorm 0.219 | clip 1.000 | oom 0.000 | loss_scale 32.000 | wall 12632 | train_wall 10639
| epoch 063 | valid on 'valid' subset | loss 6.997 | nll_loss 4.750 | ppl 26.92 | num_updates 50262 | best_loss 6.99691
| epoch 064 | loss 4.592 | nll_loss 1.927 | ppl 3.8 | wps 55759 | ups 4 | wpb 13708.497 | bsz 706.694 | num_updates 51060 | lr 0.000279891 | gnorm 0.219 | clip 1.000 | oom 0.000 | loss_scale 32.000 | wall 12829 | train_wall 10807
| epoch 064 | valid on 'valid' subset | loss 7.027 | nll_loss 4.785 | ppl 27.56 | num_updates 51060 | best_loss 7.01768
| epoch 065 | loss 4.589 | nll_loss 1.923 | ppl 3.79 | wps 54998 | ups 4 | wpb 13708.497 | bsz 706.694 | num_updates 51858 | lr 0.00027773 | gnorm 0.218 | clip 1.000 | oom 0.000 | loss_scale 64.000 | wall 13029 | train_wall 10975
| epoch 065 | valid on 'valid' subset | loss 7.027 | nll_loss 4.784 | ppl 27.55 | num_updates 51858 | best_loss 7.01768
| WARNING: overflow detected, setting loss scale to: 32.0
| epoch 066 | loss 4.587 | nll_loss 1.920 | ppl 3.79 | wps 54988 | ups 4 | wpb 13710.093 | bsz 705.945 | num_updates 52655 | lr 0.00027562 | gnorm 0.218 | clip 1.000 | oom 0.000 | loss_scale 32.000 | wall 13228 | train_wall 11144
| epoch 066 | valid on 'valid' subset | loss 7.029 | nll_loss 4.783 | ppl 27.54 | num_updates 52655 | best_loss 7.01768
| epoch 067 | loss 4.583 | nll_loss 1.916 | ppl 3.77 | wps 55333 | ups 4 | wpb 13708.497 | bsz 706.694 | num_updates 53453 | lr 0.000273555 | gnorm 0.218 | clip 1.000 | oom 0.000 | loss_scale 32.000 | wall 13427 | train_wall 11311
| epoch 067 | valid on 'valid' subset | loss 7.016 | nll_loss 4.770 | ppl 27.29 | num_updates 53453 | best_loss 7.01575
| epoch 068 | loss 4.581 | nll_loss 1.913 | ppl 3.77 | wps 54936 | ups 4 | wpb 13708.497 | bsz 706.694 | num_updates 54251 | lr 0.000271535 | gnorm 0.219 | clip 1.000 | oom 0.000 | loss_scale 32.000 | wall 13627 | train_wall 11480
| epoch 068 | valid on 'valid' subset | loss 7.038 | nll_loss 4.796 | ppl 27.79 | num_updates 54251 | best_loss 7.01768
| epoch 069 | loss 4.579 | nll_loss 1.910 | ppl 3.76 | wps 55621 | ups 4 | wpb 13708.497 | bsz 706.694 | num_updates 55049 | lr 0.00026956 | gnorm 0.220 | clip 1.000 | oom 0.000 | loss_scale 32.000 | wall 13824 | train_wall 11648
| epoch 069 | valid on 'valid' subset | loss 7.014 | nll_loss 4.769 | ppl 27.26 | num_updates 55049 | best_loss 7.01425
| epoch 070 | loss 4.575 | nll_loss 1.906 | ppl 3.75 | wps 55596 | ups 4 | wpb 13708.497 | bsz 706.694 | num_updates 55847 | lr 0.000267627 | gnorm 0.219 | clip 1.000 | oom 0.000 | loss_scale 32.000 | wall 14022 | train_wall 11815
| epoch 070 | valid on 'valid' subset | loss 7.027 | nll_loss 4.786 | ppl 27.59 | num_updates 55847 | best_loss 7.01768
| saved checkpoint ./checkpoints/2020-07-05T21-26-04-00-exp31-lmvr-ne-seed11/checkpoints_en_ne/checkpoint70.pt (epoch 70 @ 55847 updates) (writing took 0.6612799167633057 seconds)
| WARNING: overflow detected, setting loss scale to: 32.0
| WARNING: overflow detected, setting loss scale to: 16.0
| epoch 071 | loss 4.573 | nll_loss 1.903 | ppl 3.74 | wps 54942 | ups 4 | wpb 13712.549 | bsz 706.791 | num_updates 56643 | lr 0.00026574 | gnorm 0.222 | clip 1.000 | oom 0.000 | loss_scale 16.000 | wall 14222 | train_wall 11984
| epoch 071 | valid on 'valid' subset | loss 6.997 | nll_loss 4.752 | ppl 26.95 | num_updates 56643 | best_loss 6.99677
| WARNING: overflow detected, setting loss scale to: 8.0
| epoch 072 | loss 4.570 | nll_loss 1.900 | ppl 3.73 | wps 55265 | ups 4 | wpb 13709.082 | bsz 706.016 | num_updates 57440 | lr 0.00026389 | gnorm 0.220 | clip 1.000 | oom 0.000 | loss_scale 8.000 | wall 14421 | train_wall 12152
| epoch 072 | valid on 'valid' subset | loss 7.005 | nll_loss 4.765 | ppl 27.18 | num_updates 57440 | best_loss 7.00539
| epoch 073 | loss 4.568 | nll_loss 1.898 | ppl 3.73 | wps 55183 | ups 4 | wpb 13708.497 | bsz 706.694 | num_updates 58238 | lr 0.000262076 | gnorm 0.221 | clip 1.000 | oom 0.000 | loss_scale 8.000 | wall 14620 | train_wall 12320
| epoch 073 | valid on 'valid' subset | loss 7.019 | nll_loss 4.778 | ppl 27.44 | num_updates 58238 | best_loss 7.01768
| epoch 074 | loss 4.565 | nll_loss 1.894 | ppl 3.72 | wps 55090 | ups 4 | wpb 13708.497 | bsz 706.694 | num_updates 59036 | lr 0.000260298 | gnorm 0.221 | clip 1.000 | oom 0.000 | loss_scale 8.000 | wall 14819 | train_wall 12488
| epoch 074 | valid on 'valid' subset | loss 6.990 | nll_loss 4.748 | ppl 26.88 | num_updates 59036 | best_loss 6.98984
| epoch 075 | loss 4.563 | nll_loss 1.891 | ppl 3.71 | wps 55862 | ups 4 | wpb 13708.497 | bsz 706.694 | num_updates 59834 | lr 0.000258557 | gnorm 0.221 | clip 1.000 | oom 0.000 | loss_scale 8.000 | wall 15016 | train_wall 12655
| epoch 075 | valid on 'valid' subset | loss 6.977 | nll_loss 4.732 | ppl 26.57 | num_updates 59834 | best_loss 6.97738
| epoch 076 | loss 4.561 | nll_loss 1.888 | ppl 3.7 | wps 55614 | ups 4 | wpb 13708.497 | bsz 706.694 | num_updates 60632 | lr 0.00025685 | gnorm 0.221 | clip 1.000 | oom 0.000 | loss_scale 8.000 | wall 15213 | train_wall 12822
| epoch 076 | valid on 'valid' subset | loss 6.997 | nll_loss 4.753 | ppl 26.96 | num_updates 60632 | best_loss 6.99713
| epoch 077 | loss 4.559 | nll_loss 1.886 | ppl 3.7 | wps 55418 | ups 4 | wpb 13708.497 | bsz 706.694 | num_updates 61430 | lr 0.000255176 | gnorm 0.222 | clip 1.000 | oom 0.000 | loss_scale 16.000 | wall 15412 | train_wall 12990
| epoch 077 | valid on 'valid' subset | loss 6.995 | nll_loss 4.751 | ppl 26.93 | num_updates 61430 | best_loss 6.99521
| epoch 078 | loss 4.556 | nll_loss 1.882 | ppl 3.69 | wps 55257 | ups 4 | wpb 13708.497 | bsz 706.694 | num_updates 62228 | lr 0.000253535 | gnorm 0.222 | clip 1.000 | oom 0.000 | loss_scale 16.000 | wall 15610 | train_wall 13158
| epoch 078 | valid on 'valid' subset | loss 7.003 | nll_loss 4.763 | ppl 27.15 | num_updates 62228 | best_loss 7.00278
| epoch 079 | loss 4.554 | nll_loss 1.880 | ppl 3.68 | wps 55344 | ups 4 | wpb 13708.497 | bsz 706.694 | num_updates 63026 | lr 0.000251924 | gnorm 0.222 | clip 1.000 | oom 0.000 | loss_scale 16.000 | wall 15809 | train_wall 13326
| epoch 079 | valid on 'valid' subset | loss 7.025 | nll_loss 4.789 | ppl 27.65 | num_updates 63026 | best_loss 7.01768
| WARNING: overflow detected, setting loss scale to: 8.0
| epoch 080 | loss 4.552 | nll_loss 1.877 | ppl 3.67 | wps 55618 | ups 4 | wpb 13708.819 | bsz 705.573 | num_updates 63823 | lr 0.000250346 | gnorm 0.224 | clip 1.000 | oom 0.000 | loss_scale 8.000 | wall 16006 | train_wall 13493
| epoch 080 | valid on 'valid' subset | loss 7.022 | nll_loss 4.779 | ppl 27.45 | num_updates 63823 | best_loss 7.01768
| saved checkpoint ./checkpoints/2020-07-05T21-26-04-00-exp31-lmvr-ne-seed11/checkpoints_en_ne/checkpoint80.pt (epoch 80 @ 63823 updates) (writing took 0.6521322727203369 seconds)
| epoch 081 | loss 4.550 | nll_loss 1.874 | ppl 3.67 | wps 55767 | ups 4 | wpb 13708.497 | bsz 706.694 | num_updates 64621 | lr 0.000248796 | gnorm 0.223 | clip 1.000 | oom 0.000 | loss_scale 8.000 | wall 16204 | train_wall 13660
| epoch 081 | valid on 'valid' subset | loss 7.010 | nll_loss 4.772 | ppl 27.32 | num_updates 64621 | best_loss 7.00969
| epoch 082 | loss 4.547 | nll_loss 1.871 | ppl 3.66 | wps 55302 | ups 4 | wpb 13708.497 | bsz 706.694 | num_updates 65419 | lr 0.000247274 | gnorm 0.223 | clip 1.000 | oom 0.000 | loss_scale 8.000 | wall 16402 | train_wall 13828
| epoch 082 | valid on 'valid' subset | loss 7.019 | nll_loss 4.781 | ppl 27.49 | num_updates 65419 | best_loss 7.01768
| epoch 083 | loss 4.546 | nll_loss 1.869 | ppl 3.65 | wps 55594 | ups 4 | wpb 13708.497 | bsz 706.694 | num_updates 66217 | lr 0.000245779 | gnorm 0.223 | clip 1.000 | oom 0.000 | loss_scale 8.000 | wall 16600 | train_wall 13995
| epoch 083 | valid on 'valid' subset | loss 7.034 | nll_loss 4.800 | ppl 27.86 | num_updates 66217 | best_loss 7.01768
| epoch 084 | loss 4.544 | nll_loss 1.867 | ppl 3.65 | wps 55825 | ups 4 | wpb 13708.497 | bsz 706.694 | num_updates 67015 | lr 0.000244312 | gnorm 0.224 | clip 1.000 | oom 0.000 | loss_scale 8.000 | wall 16797 | train_wall 14162
| epoch 084 | valid on 'valid' subset | loss 6.992 | nll_loss 4.750 | ppl 26.91 | num_updates 67015 | best_loss 6.99196
| epoch 085 | loss 4.542 | nll_loss 1.865 | ppl 3.64 | wps 54864 | ups 4 | wpb 13708.497 | bsz 706.694 | num_updates 67813 | lr 0.00024287 | gnorm 0.224 | clip 1.000 | oom 0.000 | loss_scale 16.000 | wall 16997 | train_wall 14331
| epoch 085 | valid on 'valid' subset | loss 7.011 | nll_loss 4.776 | ppl 27.41 | num_updates 67813 | best_loss 7.01101
| WARNING: overflow detected, setting loss scale to: 8.0
| epoch 086 | loss 4.540 | nll_loss 1.862 | ppl 3.64 | wps 55009 | ups 4 | wpb 13706.910 | bsz 705.563 | num_updates 68610 | lr 0.000241455 | gnorm 0.226 | clip 1.000 | oom 0.000 | loss_scale 8.000 | wall 17196 | train_wall 14499
| epoch 086 | valid on 'valid' subset | loss 7.009 | nll_loss 4.769 | ppl 27.27 | num_updates 68610 | best_loss 7.00858
| epoch 087 | loss 4.538 | nll_loss 1.860 | ppl 3.63 | wps 55539 | ups 4 | wpb 13708.497 | bsz 706.694 | num_updates 69408 | lr 0.000240063 | gnorm 0.223 | clip 1.000 | oom 0.000 | loss_scale 8.000 | wall 17394 | train_wall 14667
| epoch 087 | valid on 'valid' subset | loss 7.007 | nll_loss 4.764 | ppl 27.18 | num_updates 69408 | best_loss 7.0075
| epoch 088 | loss 4.536 | nll_loss 1.857 | ppl 3.62 | wps 55212 | ups 4 | wpb 13708.497 | bsz 706.694 | num_updates 70206 | lr 0.000238695 | gnorm 0.224 | clip 1.000 | oom 0.000 | loss_scale 8.000 | wall 17593 | train_wall 14835
| epoch 088 | valid on 'valid' subset | loss 7.001 | nll_loss 4.762 | ppl 27.14 | num_updates 70206 | best_loss 7.00098
| epoch 089 | loss 4.534 | nll_loss 1.854 | ppl 3.62 | wps 55767 | ups 4 | wpb 13708.497 | bsz 706.694 | num_updates 71004 | lr 0.00023735 | gnorm 0.225 | clip 1.000 | oom 0.000 | loss_scale 8.000 | wall 17790 | train_wall 15002
| epoch 089 | valid on 'valid' subset | loss 7.018 | nll_loss 4.782 | ppl 27.51 | num_updates 71004 | best_loss 7.01768
| epoch 090 | loss 4.532 | nll_loss 1.852 | ppl 3.61 | wps 55288 | ups 4 | wpb 13708.497 | bsz 706.694 | num_updates 71802 | lr 0.000236027 | gnorm 0.225 | clip 1.000 | oom 0.000 | loss_scale 8.000 | wall 17989 | train_wall 15170
| epoch 090 | valid on 'valid' subset | loss 6.992 | nll_loss 4.748 | ppl 26.87 | num_updates 71802 | best_loss 6.99171
| saved checkpoint ./checkpoints/2020-07-05T21-26-04-00-exp31-lmvr-ne-seed11/checkpoints_en_ne/checkpoint90.pt (epoch 90 @ 71802 updates) (writing took 1.0307679176330566 seconds)
| epoch 091 | loss 4.530 | nll_loss 1.850 | ppl 3.61 | wps 55314 | ups 4 | wpb 13708.497 | bsz 706.694 | num_updates 72600 | lr 0.000234726 | gnorm 0.225 | clip 1.000 | oom 0.000 | loss_scale 16.000 | wall 18188 | train_wall 15338
| epoch 091 | valid on 'valid' subset | loss 7.012 | nll_loss 4.771 | ppl 27.31 | num_updates 72600 | best_loss 6.99171
| epoch 092 | loss 4.528 | nll_loss 1.847 | ppl 3.6 | wps 55622 | ups 4 | wpb 13708.497 | bsz 706.694 | num_updates 73398 | lr 0.000233447 | gnorm 0.227 | clip 1.000 | oom 0.000 | loss_scale 16.000 | wall 18386 | train_wall 15506
| epoch 092 | valid on 'valid' subset | loss 7.014 | nll_loss 4.774 | ppl 27.35 | num_updates 73398 | best_loss 6.99171
| epoch 093 | loss 4.527 | nll_loss 1.846 | ppl 3.6 | wps 55161 | ups 4 | wpb 13708.497 | bsz 706.694 | num_updates 74196 | lr 0.000232188 | gnorm 0.226 | clip 1.000 | oom 0.000 | loss_scale 16.000 | wall 18585 | train_wall 15674
| epoch 093 | valid on 'valid' subset | loss 6.993 | nll_loss 4.759 | ppl 27.08 | num_updates 74196 | best_loss 6.99171
| epoch 094 | loss 4.525 | nll_loss 1.844 | ppl 3.59 | wps 54989 | ups 4 | wpb 13708.497 | bsz 706.694 | num_updates 74994 | lr 0.000230949 | gnorm 0.225 | clip 1.000 | oom 0.000 | loss_scale 16.000 | wall 18785 | train_wall 15843
| epoch 094 | valid on 'valid' subset | loss 6.987 | nll_loss 4.743 | ppl 26.79 | num_updates 74994 | best_loss 6.98659
| epoch 095 | loss 4.524 | nll_loss 1.842 | ppl 3.58 | wps 55389 | ups 4 | wpb 13708.497 | bsz 706.694 | num_updates 75792 | lr 0.00022973 | gnorm 0.227 | clip 1.000 | oom 0.000 | loss_scale 16.000 | wall 18983 | train_wall 16011
| epoch 095 | valid on 'valid' subset | loss 7.018 | nll_loss 4.781 | ppl 27.49 | num_updates 75792 | best_loss 6.99171
| WARNING: overflow detected, setting loss scale to: 8.0
| epoch 096 | loss 4.522 | nll_loss 1.840 | ppl 3.58 | wps 55483 | ups 4 | wpb 13707.639 | bsz 706.788 | num_updates 76589 | lr 0.000228532 | gnorm 0.227 | clip 1.000 | oom 0.000 | loss_scale 8.000 | wall 19181 | train_wall 16179
| epoch 096 | valid on 'valid' subset | loss 6.962 | nll_loss 4.719 | ppl 26.34 | num_updates 76589 | best_loss 6.96217
| epoch 097 | loss 4.520 | nll_loss 1.838 | ppl 3.57 | wps 55414 | ups 4 | wpb 13708.497 | bsz 706.694 | num_updates 77387 | lr 0.000227351 | gnorm 0.226 | clip 1.000 | oom 0.000 | loss_scale 8.000 | wall 19379 | train_wall 16348
| epoch 097 | valid on 'valid' subset | loss 6.983 | nll_loss 4.748 | ppl 26.88 | num_updates 77387 | best_loss 6.98325
| epoch 098 | loss 4.518 | nll_loss 1.835 | ppl 3.57 | wps 55154 | ups 4 | wpb 13708.497 | bsz 706.694 | num_updates 78185 | lr 0.000226187 | gnorm 0.226 | clip 1.000 | oom 0.000 | loss_scale 8.000 | wall 19578 | train_wall 16516
| epoch 098 | valid on 'valid' subset | loss 6.988 | nll_loss 4.749 | ppl 26.9 | num_updates 78185 | best_loss 6.98801
| epoch 099 | loss 4.517 | nll_loss 1.833 | ppl 3.56 | wps 55579 | ups 4 | wpb 13708.497 | bsz 706.694 | num_updates 78983 | lr 0.000225042 | gnorm 0.229 | clip 1.000 | oom 0.000 | loss_scale 8.000 | wall 19776 | train_wall 16684
| epoch 099 | valid on 'valid' subset | loss 6.994 | nll_loss 4.754 | ppl 26.98 | num_updates 78983 | best_loss 6.99171
| epoch 100 | loss 4.515 | nll_loss 1.832 | ppl 3.56 | wps 55272 | ups 4 | wpb 13708.497 | bsz 706.694 | num_updates 79781 | lr 0.000223913 | gnorm 0.229 | clip 1.000 | oom 0.000 | loss_scale 8.000 | wall 19975 | train_wall 16853
| epoch 100 | valid on 'valid' subset | loss 6.998 | nll_loss 4.761 | ppl 27.11 | num_updates 79781 | best_loss 6.99171
| saved checkpoint ./checkpoints/2020-07-05T21-26-04-00-exp31-lmvr-ne-seed11/checkpoints_en_ne/checkpoint100.pt (epoch 100 @ 79781 updates) (writing took 0.6482884883880615 seconds)
| done training in 19971.5 seconds
Done training.
Time at end: Mon Jul 6 08:23:32 EDT 2020
