================ FLORES BASELINE WITH CLIP_NORM=0.1, BPE=5000 AND SEED=14  ================
About to train the supervised for the following language pair: NE-EN
CHECKPOINT_DIR is set to './checkpoints/2020-05-23T02-00-04-00-exp27-bpe5000-ne-051920-seed14-nonjoint/checkpoints_ne_en'
Creating checkpoint directory if it doesn't exist...
Data folder is: data-bin/wiki_ne_en_bpe5000_nonjoint/
Beginning training...
Time at beginning: Sat May 23 02:00:57 EDT 2020
This is train_fairseq
Namespace(activation_dropout=0.2, activation_fn='relu', adam_betas='(0.9, 0.98)', adam_eps=1e-08, adaptive_input=False, adaptive_softmax_cutoff=None, adaptive_softmax_dropout=0, arch='transformer', attention_dropout=0.2, best_checkpoint_metric='loss', bpe=None, bucket_cap_mb=25, clip_norm=0.1, cpu=False, criterion='label_smoothed_cross_entropy', cross_self_attention=False, curriculum=0, data='data-bin/wiki_ne_en_bpe5000_nonjoint/', dataset_impl=None, ddp_backend='c10d', decoder_attention_heads=2, decoder_embed_dim=512, decoder_embed_path=None, decoder_ffn_embed_dim=2048, decoder_input_dim=512, decoder_layerdrop=0, decoder_layers=5, decoder_layers_to_keep=None, decoder_learned_pos=False, decoder_normalize_before=True, decoder_output_dim=512, device_id=0, disable_validation=False, distributed_backend='nccl', distributed_init_method=None, distributed_no_spawn=False, distributed_port=-1, distributed_rank=0, distributed_world_size=1, dropout=0.4, empty_cache_freq=0, encoder_attention_heads=2, encoder_embed_dim=512, encoder_embed_path=None, encoder_ffn_embed_dim=2048, encoder_layerdrop=0, encoder_layers=5, encoder_layers_to_keep=None, encoder_learned_pos=False, encoder_normalize_before=True, fast_stat_sync=False, find_unused_parameters=False, fix_batches_to_gpus=False, fixed_validation_seed=None, fp16=True, fp16_init_scale=128, fp16_scale_tolerance=0.0, fp16_scale_window=None, keep_interval_updates=-1, keep_last_epochs=-1, label_smoothing=0.2, layer_wise_attention=False, layernorm_embedding=False, lazy_load=False, left_pad_source='True', left_pad_target='False', load_alignments=False, log_format=None, log_interval=1000, lr=[0.001], lr_scheduler='inverse_sqrt', max_epoch=100, max_sentences=None, max_sentences_valid=None, max_source_positions=1024, max_target_positions=1024, max_tokens=4000, max_tokens_valid=4000, max_update=0, maximize_best_checkpoint_metric=False, memory_efficient_fp16=False, min_loss_scale=0.0001, min_lr=1e-09, no_cross_attention=False, no_epoch_checkpoints=False, no_last_checkpoints=False, no_progress_bar=False, no_save=False, no_save_optimizer_state=False, no_scale_embedding=False, no_token_positional_embeddings=False, num_workers=1, optimizer='adam', optimizer_overrides='{}', raw_text=False, required_batch_size_multiple=8, reset_dataloader=False, reset_lr_scheduler=False, reset_meters=False, reset_optimizer=False, restore_file='checkpoint_last.pt', save_dir='./checkpoints/2020-05-23T02-00-04-00-exp27-bpe5000-ne-051920-seed14-nonjoint/checkpoints_ne_en', save_interval=10, save_interval_updates=0, seed=14, sentence_avg=False, share_all_embeddings=True, share_decoder_input_output_embed=False, skip_invalid_size_inputs_valid_test=False, source_lang='ne', target_lang='en', task='translation', tensorboard_logdir='', threshold_loss_scale=None, tokenizer=None, train_subset='train', truncate_source=False, update_freq=[4], upsample_primary=1, use_bmuf=False, user_dir=None, valid_subset='valid', validate_interval=1, warmup_init_lr=1e-07, warmup_updates=4000, weight_decay=0.0001)
| [ne] dictionary: 5072 types
| [en] dictionary: 5072 types
| loaded 2559 examples from: data-bin/wiki_ne_en_bpe5000_nonjoint/valid.ne-en.ne
| loaded 2559 examples from: data-bin/wiki_ne_en_bpe5000_nonjoint/valid.ne-en.en
| data-bin/wiki_ne_en_bpe5000_nonjoint/ valid ne-en 2559 examples
TransformerModel(
  (encoder): TransformerEncoder(
    (embed_tokens): Embedding(5072, 512, padding_idx=1)
    (embed_positions): SinusoidalPositionalEmbedding()
    (layers): ModuleList(
      (0): TransformerEncoderLayer(
        (self_attn): MultiheadAttention(
          (k_proj): Linear(in_features=512, out_features=512, bias=True)
          (v_proj): Linear(in_features=512, out_features=512, bias=True)
          (q_proj): Linear(in_features=512, out_features=512, bias=True)
          (out_proj): Linear(in_features=512, out_features=512, bias=True)
        )
        (self_attn_layer_norm): LayerNorm((512,), eps=1e-05, elementwise_affine=True)
        (fc1): Linear(in_features=512, out_features=2048, bias=True)
        (fc2): Linear(in_features=2048, out_features=512, bias=True)
        (final_layer_norm): LayerNorm((512,), eps=1e-05, elementwise_affine=True)
      )
      (1): TransformerEncoderLayer(
        (self_attn): MultiheadAttention(
          (k_proj): Linear(in_features=512, out_features=512, bias=True)
          (v_proj): Linear(in_features=512, out_features=512, bias=True)
          (q_proj): Linear(in_features=512, out_features=512, bias=True)
          (out_proj): Linear(in_features=512, out_features=512, bias=True)
        )
        (self_attn_layer_norm): LayerNorm((512,), eps=1e-05, elementwise_affine=True)
        (fc1): Linear(in_features=512, out_features=2048, bias=True)
        (fc2): Linear(in_features=2048, out_features=512, bias=True)
        (final_layer_norm): LayerNorm((512,), eps=1e-05, elementwise_affine=True)
      )
      (2): TransformerEncoderLayer(
        (self_attn): MultiheadAttention(
          (k_proj): Linear(in_features=512, out_features=512, bias=True)
          (v_proj): Linear(in_features=512, out_features=512, bias=True)
          (q_proj): Linear(in_features=512, out_features=512, bias=True)
          (out_proj): Linear(in_features=512, out_features=512, bias=True)
        )
        (self_attn_layer_norm): LayerNorm((512,), eps=1e-05, elementwise_affine=True)
        (fc1): Linear(in_features=512, out_features=2048, bias=True)
        (fc2): Linear(in_features=2048, out_features=512, bias=True)
        (final_layer_norm): LayerNorm((512,), eps=1e-05, elementwise_affine=True)
      )
      (3): TransformerEncoderLayer(
        (self_attn): MultiheadAttention(
          (k_proj): Linear(in_features=512, out_features=512, bias=True)
          (v_proj): Linear(in_features=512, out_features=512, bias=True)
          (q_proj): Linear(in_features=512, out_features=512, bias=True)
          (out_proj): Linear(in_features=512, out_features=512, bias=True)
        )
        (self_attn_layer_norm): LayerNorm((512,), eps=1e-05, elementwise_affine=True)
        (fc1): Linear(in_features=512, out_features=2048, bias=True)
        (fc2): Linear(in_features=2048, out_features=512, bias=True)
        (final_layer_norm): LayerNorm((512,), eps=1e-05, elementwise_affine=True)
      )
      (4): TransformerEncoderLayer(
        (self_attn): MultiheadAttention(
          (k_proj): Linear(in_features=512, out_features=512, bias=True)
          (v_proj): Linear(in_features=512, out_features=512, bias=True)
          (q_proj): Linear(in_features=512, out_features=512, bias=True)
          (out_proj): Linear(in_features=512, out_features=512, bias=True)
        )
        (self_attn_layer_norm): LayerNorm((512,), eps=1e-05, elementwise_affine=True)
        (fc1): Linear(in_features=512, out_features=2048, bias=True)
        (fc2): Linear(in_features=2048, out_features=512, bias=True)
        (final_layer_norm): LayerNorm((512,), eps=1e-05, elementwise_affine=True)
      )
    )
    (layer_norm): LayerNorm((512,), eps=1e-05, elementwise_affine=True)
  )
  (decoder): TransformerDecoder(
    (embed_tokens): Embedding(5072, 512, padding_idx=1)
    (embed_positions): SinusoidalPositionalEmbedding()
    (layers): ModuleList(
      (0): TransformerDecoderLayer(
        (self_attn): MultiheadAttention(
          (k_proj): Linear(in_features=512, out_features=512, bias=True)
          (v_proj): Linear(in_features=512, out_features=512, bias=True)
          (q_proj): Linear(in_features=512, out_features=512, bias=True)
          (out_proj): Linear(in_features=512, out_features=512, bias=True)
        )
        (self_attn_layer_norm): LayerNorm((512,), eps=1e-05, elementwise_affine=True)
        (encoder_attn): MultiheadAttention(
          (k_proj): Linear(in_features=512, out_features=512, bias=True)
          (v_proj): Linear(in_features=512, out_features=512, bias=True)
          (q_proj): Linear(in_features=512, out_features=512, bias=True)
          (out_proj): Linear(in_features=512, out_features=512, bias=True)
        )
        (encoder_attn_layer_norm): LayerNorm((512,), eps=1e-05, elementwise_affine=True)
        (fc1): Linear(in_features=512, out_features=2048, bias=True)
        (fc2): Linear(in_features=2048, out_features=512, bias=True)
        (final_layer_norm): LayerNorm((512,), eps=1e-05, elementwise_affine=True)
      )
      (1): TransformerDecoderLayer(
        (self_attn): MultiheadAttention(
          (k_proj): Linear(in_features=512, out_features=512, bias=True)
          (v_proj): Linear(in_features=512, out_features=512, bias=True)
          (q_proj): Linear(in_features=512, out_features=512, bias=True)
          (out_proj): Linear(in_features=512, out_features=512, bias=True)
        )
        (self_attn_layer_norm): LayerNorm((512,), eps=1e-05, elementwise_affine=True)
        (encoder_attn): MultiheadAttention(
          (k_proj): Linear(in_features=512, out_features=512, bias=True)
          (v_proj): Linear(in_features=512, out_features=512, bias=True)
          (q_proj): Linear(in_features=512, out_features=512, bias=True)
          (out_proj): Linear(in_features=512, out_features=512, bias=True)
        )
        (encoder_attn_layer_norm): LayerNorm((512,), eps=1e-05, elementwise_affine=True)
        (fc1): Linear(in_features=512, out_features=2048, bias=True)
        (fc2): Linear(in_features=2048, out_features=512, bias=True)
        (final_layer_norm): LayerNorm((512,), eps=1e-05, elementwise_affine=True)
      )
      (2): TransformerDecoderLayer(
        (self_attn): MultiheadAttention(
          (k_proj): Linear(in_features=512, out_features=512, bias=True)
          (v_proj): Linear(in_features=512, out_features=512, bias=True)
          (q_proj): Linear(in_features=512, out_features=512, bias=True)
          (out_proj): Linear(in_features=512, out_features=512, bias=True)
        )
        (self_attn_layer_norm): LayerNorm((512,), eps=1e-05, elementwise_affine=True)
        (encoder_attn): MultiheadAttention(
          (k_proj): Linear(in_features=512, out_features=512, bias=True)
          (v_proj): Linear(in_features=512, out_features=512, bias=True)
          (q_proj): Linear(in_features=512, out_features=512, bias=True)
          (out_proj): Linear(in_features=512, out_features=512, bias=True)
        )
        (encoder_attn_layer_norm): LayerNorm((512,), eps=1e-05, elementwise_affine=True)
        (fc1): Linear(in_features=512, out_features=2048, bias=True)
        (fc2): Linear(in_features=2048, out_features=512, bias=True)
        (final_layer_norm): LayerNorm((512,), eps=1e-05, elementwise_affine=True)
      )
      (3): TransformerDecoderLayer(
        (self_attn): MultiheadAttention(
          (k_proj): Linear(in_features=512, out_features=512, bias=True)
          (v_proj): Linear(in_features=512, out_features=512, bias=True)
          (q_proj): Linear(in_features=512, out_features=512, bias=True)
          (out_proj): Linear(in_features=512, out_features=512, bias=True)
        )
        (self_attn_layer_norm): LayerNorm((512,), eps=1e-05, elementwise_affine=True)
        (encoder_attn): MultiheadAttention(
          (k_proj): Linear(in_features=512, out_features=512, bias=True)
          (v_proj): Linear(in_features=512, out_features=512, bias=True)
          (q_proj): Linear(in_features=512, out_features=512, bias=True)
          (out_proj): Linear(in_features=512, out_features=512, bias=True)
        )
        (encoder_attn_layer_norm): LayerNorm((512,), eps=1e-05, elementwise_affine=True)
        (fc1): Linear(in_features=512, out_features=2048, bias=True)
        (fc2): Linear(in_features=2048, out_features=512, bias=True)
        (final_layer_norm): LayerNorm((512,), eps=1e-05, elementwise_affine=True)
      )
      (4): TransformerDecoderLayer(
        (self_attn): MultiheadAttention(
          (k_proj): Linear(in_features=512, out_features=512, bias=True)
          (v_proj): Linear(in_features=512, out_features=512, bias=True)
          (q_proj): Linear(in_features=512, out_features=512, bias=True)
          (out_proj): Linear(in_features=512, out_features=512, bias=True)
        )
        (self_attn_layer_norm): LayerNorm((512,), eps=1e-05, elementwise_affine=True)
        (encoder_attn): MultiheadAttention(
          (k_proj): Linear(in_features=512, out_features=512, bias=True)
          (v_proj): Linear(in_features=512, out_features=512, bias=True)
          (q_proj): Linear(in_features=512, out_features=512, bias=True)
          (out_proj): Linear(in_features=512, out_features=512, bias=True)
        )
        (encoder_attn_layer_norm): LayerNorm((512,), eps=1e-05, elementwise_affine=True)
        (fc1): Linear(in_features=512, out_features=2048, bias=True)
        (fc2): Linear(in_features=2048, out_features=512, bias=True)
        (final_layer_norm): LayerNorm((512,), eps=1e-05, elementwise_affine=True)
      )
    )
    (layer_norm): LayerNorm((512,), eps=1e-05, elementwise_affine=True)
  )
)
| model transformer, criterion LabelSmoothedCrossEntropyCriterion
| num. model params: 39380992 (num. trained: 39380992)
| training on 1 GPUs
| max tokens per GPU = 4000 and max sentences per GPU = None
| no existing checkpoint found ./checkpoints/2020-05-23T02-00-04-00-exp27-bpe5000-ne-051920-seed14-nonjoint/checkpoints_ne_en/checkpoint_last.pt
| loading train data for epoch 0
| loaded 563539 examples from: data-bin/wiki_ne_en_bpe5000_nonjoint/train.ne-en.ne
| loaded 563539 examples from: data-bin/wiki_ne_en_bpe5000_nonjoint/train.ne-en.en
| data-bin/wiki_ne_en_bpe5000_nonjoint/ train ne-en 563539 examples
| WARNING: overflow detected, setting loss scale to: 64.0
| WARNING: overflow detected, setting loss scale to: 32.0
| WARNING: overflow detected, setting loss scale to: 16.0
| epoch 001 | loss 8.502 | nll_loss 7.062 | ppl 133.58 | wps 62051 | ups 4 | wpb 14174.559 | bsz 685.468 | num_updates 817 | lr 0.00020433 | gnorm 0.770 | clip 1.000 | oom 0.000 | loss_scale 16.000 | wall 187 | train_wall 155
| epoch 001 | valid on 'valid' subset | loss 7.705 | nll_loss 5.821 | ppl 56.53 | num_updates 817
| epoch 002 | loss 6.514 | nll_loss 4.456 | ppl 21.94 | wps 63549 | ups 4 | wpb 14178.483 | bsz 687.243 | num_updates 1637 | lr 0.000409309 | gnorm 0.504 | clip 1.000 | oom 0.000 | loss_scale 16.000 | wall 370 | train_wall 310
| epoch 002 | valid on 'valid' subset | loss 7.156 | nll_loss 5.059 | ppl 33.33 | num_updates 1637
| epoch 003 | loss 5.764 | nll_loss 3.491 | ppl 11.25 | wps 63713 | ups 4 | wpb 14178.483 | bsz 687.243 | num_updates 2457 | lr 0.000614289 | gnorm 0.416 | clip 1.000 | oom 0.000 | loss_scale 16.000 | wall 554 | train_wall 464
| epoch 003 | valid on 'valid' subset | loss 6.874 | nll_loss 4.682 | ppl 25.67 | num_updates 2457
| epoch 004 | loss 5.390 | nll_loss 3.017 | ppl 8.1 | wps 63651 | ups 4 | wpb 14178.483 | bsz 687.243 | num_updates 3277 | lr 0.000819268 | gnorm 0.362 | clip 1.000 | oom 0.000 | loss_scale 16.000 | wall 737 | train_wall 618
| epoch 004 | valid on 'valid' subset | loss 6.594 | nll_loss 4.334 | ppl 20.17 | num_updates 3277
| epoch 005 | loss 5.183 | nll_loss 2.756 | ppl 6.76 | wps 63617 | ups 4 | wpb 14178.483 | bsz 687.243 | num_updates 4097 | lr 0.000988091 | gnorm 0.318 | clip 1.000 | oom 0.000 | loss_scale 16.000 | wall 921 | train_wall 773
| epoch 005 | valid on 'valid' subset | loss 6.471 | nll_loss 4.158 | ppl 17.85 | num_updates 4097
| WARNING: overflow detected, setting loss scale to: 16.0
| epoch 006 | loss 5.022 | nll_loss 2.556 | ppl 5.88 | wps 63744 | ups 4 | wpb 14178.140 | bsz 685.904 | num_updates 4916 | lr 0.000902036 | gnorm 0.278 | clip 1.000 | oom 0.000 | loss_scale 16.000 | wall 1104 | train_wall 927
| epoch 006 | valid on 'valid' subset | loss 6.340 | nll_loss 3.997 | ppl 15.97 | num_updates 4916
| epoch 007 | loss 4.892 | nll_loss 2.395 | ppl 5.26 | wps 64464 | ups 5 | wpb 14178.483 | bsz 687.243 | num_updates 5736 | lr 0.000835075 | gnorm 0.251 | clip 1.000 | oom 0.000 | loss_scale 16.000 | wall 1285 | train_wall 1081
| epoch 007 | valid on 'valid' subset | loss 6.241 | nll_loss 3.880 | ppl 14.72 | num_updates 5736
| epoch 008 | loss 4.801 | nll_loss 2.283 | ppl 4.87 | wps 64001 | ups 5 | wpb 14178.483 | bsz 687.243 | num_updates 6556 | lr 0.000781107 | gnorm 0.232 | clip 1.000 | oom 0.000 | loss_scale 16.000 | wall 1468 | train_wall 1234
| epoch 008 | valid on 'valid' subset | loss 6.162 | nll_loss 3.787 | ppl 13.81 | num_updates 6556
| epoch 009 | loss 4.733 | nll_loss 2.200 | ppl 4.6 | wps 64396 | ups 5 | wpb 14178.483 | bsz 687.243 | num_updates 7376 | lr 0.00073641 | gnorm 0.222 | clip 1.000 | oom 0.000 | loss_scale 16.000 | wall 1649 | train_wall 1387
| epoch 009 | valid on 'valid' subset | loss 6.082 | nll_loss 3.683 | ppl 12.84 | num_updates 7376
| epoch 010 | loss 4.681 | nll_loss 2.136 | ppl 4.4 | wps 64955 | ups 5 | wpb 14178.483 | bsz 687.243 | num_updates 8196 | lr 0.000698601 | gnorm 0.213 | clip 1.000 | oom 0.000 | loss_scale 16.000 | wall 1829 | train_wall 1540
| epoch 010 | valid on 'valid' subset | loss 6.065 | nll_loss 3.644 | ppl 12.5 | num_updates 8196
| saved checkpoint ./checkpoints/2020-05-23T02-00-04-00-exp27-bpe5000-ne-051920-seed14-nonjoint/checkpoints_ne_en/checkpoint10.pt (epoch 10 @ 8196 updates) (writing took 0.706939697265625 seconds)
| epoch 011 | loss 4.637 | nll_loss 2.082 | ppl 4.23 | wps 64262 | ups 5 | wpb 14178.483 | bsz 687.243 | num_updates 9016 | lr 0.000666075 | gnorm 0.206 | clip 1.000 | oom 0.000 | loss_scale 32.000 | wall 2012 | train_wall 1693
| epoch 011 | valid on 'valid' subset | loss 6.029 | nll_loss 3.614 | ppl 12.24 | num_updates 9016 | best_loss 6.02903
| epoch 012 | loss 4.601 | nll_loss 2.038 | ppl 4.11 | wps 63753 | ups 4 | wpb 14178.483 | bsz 687.243 | num_updates 9836 | lr 0.000637706 | gnorm 0.202 | clip 1.000 | oom 0.000 | loss_scale 32.000 | wall 2195 | train_wall 1847
| epoch 012 | valid on 'valid' subset | loss 5.993 | nll_loss 3.565 | ppl 11.83 | num_updates 9836 | best_loss 5.99331
| epoch 013 | loss 4.571 | nll_loss 2.001 | ppl 4 | wps 63940 | ups 5 | wpb 14178.483 | bsz 687.243 | num_updates 10656 | lr 0.000612679 | gnorm 0.198 | clip 1.000 | oom 0.000 | loss_scale 32.000 | wall 2378 | train_wall 2001
| epoch 013 | valid on 'valid' subset | loss 5.976 | nll_loss 3.543 | ppl 11.66 | num_updates 10656 | best_loss 5.97631
| epoch 014 | loss 4.544 | nll_loss 1.969 | ppl 3.91 | wps 64589 | ups 5 | wpb 14178.483 | bsz 687.243 | num_updates 11476 | lr 0.000590384 | gnorm 0.196 | clip 1.000 | oom 0.000 | loss_scale 32.000 | wall 2559 | train_wall 2154
| epoch 014 | valid on 'valid' subset | loss 5.974 | nll_loss 3.534 | ppl 11.59 | num_updates 11476 | best_loss 5.9735
| epoch 015 | loss 4.521 | nll_loss 1.940 | ppl 3.84 | wps 64292 | ups 5 | wpb 14178.483 | bsz 687.243 | num_updates 12296 | lr 0.000570359 | gnorm 0.193 | clip 1.000 | oom 0.000 | loss_scale 32.000 | wall 2740 | train_wall 2307
| epoch 015 | valid on 'valid' subset | loss 5.927 | nll_loss 3.487 | ppl 11.21 | num_updates 12296 | best_loss 5.92731
| epoch 016 | loss 4.501 | nll_loss 1.915 | ppl 3.77 | wps 63940 | ups 5 | wpb 14178.483 | bsz 687.243 | num_updates 13116 | lr 0.000552242 | gnorm 0.191 | clip 1.000 | oom 0.000 | loss_scale 64.000 | wall 2923 | train_wall 2461
| epoch 016 | valid on 'valid' subset | loss 5.921 | nll_loss 3.488 | ppl 11.22 | num_updates 13116 | best_loss 5.92056
| WARNING: overflow detected, setting loss scale to: 32.0
| epoch 017 | loss 4.483 | nll_loss 1.893 | ppl 3.72 | wps 63656 | ups 4 | wpb 14179.053 | bsz 685.835 | num_updates 13935 | lr 0.000535768 | gnorm 0.189 | clip 1.000 | oom 0.000 | loss_scale 32.000 | wall 3106 | train_wall 2615
| epoch 017 | valid on 'valid' subset | loss 5.902 | nll_loss 3.458 | ppl 10.99 | num_updates 13935 | best_loss 5.90159
| epoch 018 | loss 4.465 | nll_loss 1.872 | ppl 3.66 | wps 64323 | ups 5 | wpb 14178.483 | bsz 687.243 | num_updates 14755 | lr 0.000520667 | gnorm 0.188 | clip 1.000 | oom 0.000 | loss_scale 32.000 | wall 3288 | train_wall 2768
| epoch 018 | valid on 'valid' subset | loss 5.902 | nll_loss 3.453 | ppl 10.95 | num_updates 14755 | best_loss 5.90151
| epoch 019 | loss 4.451 | nll_loss 1.854 | ppl 3.62 | wps 63475 | ups 4 | wpb 14178.483 | bsz 687.243 | num_updates 15575 | lr 0.000506776 | gnorm 0.187 | clip 1.000 | oom 0.000 | loss_scale 32.000 | wall 3472 | train_wall 2922
| epoch 019 | valid on 'valid' subset | loss 5.893 | nll_loss 3.437 | ppl 10.83 | num_updates 15575 | best_loss 5.89325
| epoch 020 | loss 4.436 | nll_loss 1.836 | ppl 3.57 | wps 64308 | ups 5 | wpb 14178.483 | bsz 687.243 | num_updates 16395 | lr 0.00049394 | gnorm 0.186 | clip 1.000 | oom 0.000 | loss_scale 32.000 | wall 3654 | train_wall 3076
| epoch 020 | valid on 'valid' subset | loss 5.877 | nll_loss 3.423 | ppl 10.73 | num_updates 16395 | best_loss 5.87741
| saved checkpoint ./checkpoints/2020-05-23T02-00-04-00-exp27-bpe5000-ne-051920-seed14-nonjoint/checkpoints_ne_en/checkpoint20.pt (epoch 20 @ 16395 updates) (writing took 0.9936819076538086 seconds)
| epoch 021 | loss 4.424 | nll_loss 1.821 | ppl 3.53 | wps 64190 | ups 5 | wpb 14178.483 | bsz 687.243 | num_updates 17215 | lr 0.000482033 | gnorm 0.184 | clip 1.000 | oom 0.000 | loss_scale 32.000 | wall 3837 | train_wall 3229
| epoch 021 | valid on 'valid' subset | loss 5.871 | nll_loss 3.409 | ppl 10.63 | num_updates 17215 | best_loss 5.87137
| WARNING: overflow detected, setting loss scale to: 32.0
| epoch 022 | loss 4.412 | nll_loss 1.807 | ppl 3.5 | wps 64346 | ups 5 | wpb 14176.795 | bsz 685.796 | num_updates 18034 | lr 0.00047096 | gnorm 0.184 | clip 1.000 | oom 0.000 | loss_scale 32.000 | wall 4018 | train_wall 3383
| epoch 022 | valid on 'valid' subset | loss 5.865 | nll_loss 3.406 | ppl 10.6 | num_updates 18034 | best_loss 5.86536
| epoch 023 | loss 4.401 | nll_loss 1.794 | ppl 3.47 | wps 64302 | ups 5 | wpb 14178.483 | bsz 687.243 | num_updates 18854 | lr 0.000460605 | gnorm 0.183 | clip 1.000 | oom 0.000 | loss_scale 32.000 | wall 4200 | train_wall 3536
| epoch 023 | valid on 'valid' subset | loss 5.862 | nll_loss 3.406 | ppl 10.6 | num_updates 18854 | best_loss 5.86203
| epoch 024 | loss 4.390 | nll_loss 1.781 | ppl 3.44 | wps 64231 | ups 5 | wpb 14178.483 | bsz 687.243 | num_updates 19674 | lr 0.000450904 | gnorm 0.182 | clip 1.000 | oom 0.000 | loss_scale 32.000 | wall 4382 | train_wall 3689
| epoch 024 | valid on 'valid' subset | loss 5.858 | nll_loss 3.393 | ppl 10.51 | num_updates 19674 | best_loss 5.85828
| epoch 025 | loss 4.381 | nll_loss 1.769 | ppl 3.41 | wps 64110 | ups 5 | wpb 14178.483 | bsz 687.243 | num_updates 20494 | lr 0.000441791 | gnorm 0.182 | clip 1.000 | oom 0.000 | loss_scale 32.000 | wall 4564 | train_wall 3843
| epoch 025 | valid on 'valid' subset | loss 5.849 | nll_loss 3.390 | ppl 10.48 | num_updates 20494 | best_loss 5.84925
| epoch 026 | loss 4.372 | nll_loss 1.758 | ppl 3.38 | wps 63983 | ups 5 | wpb 14178.483 | bsz 687.243 | num_updates 21314 | lr 0.000433209 | gnorm 0.182 | clip 1.000 | oom 0.000 | loss_scale 32.000 | wall 4747 | train_wall 3997
| epoch 026 | valid on 'valid' subset | loss 5.846 | nll_loss 3.384 | ppl 10.44 | num_updates 21314 | best_loss 5.84564
| epoch 027 | loss 4.364 | nll_loss 1.748 | ppl 3.36 | wps 64642 | ups 5 | wpb 14178.483 | bsz 687.243 | num_updates 22134 | lr 0.000425109 | gnorm 0.182 | clip 1.000 | oom 0.000 | loss_scale 64.000 | wall 4927 | train_wall 4150
| epoch 027 | valid on 'valid' subset | loss 5.835 | nll_loss 3.366 | ppl 10.31 | num_updates 22134 | best_loss 5.83493
| epoch 028 | loss 4.355 | nll_loss 1.738 | ppl 3.34 | wps 63939 | ups 5 | wpb 14178.483 | bsz 687.243 | num_updates 22954 | lr 0.000417446 | gnorm 0.182 | clip 1.000 | oom 0.000 | loss_scale 64.000 | wall 5110 | train_wall 4304
| epoch 028 | valid on 'valid' subset | loss 5.828 | nll_loss 3.355 | ppl 10.23 | num_updates 22954 | best_loss 5.828
| epoch 029 | loss 4.348 | nll_loss 1.729 | ppl 3.31 | wps 63878 | ups 5 | wpb 14178.483 | bsz 687.243 | num_updates 23774 | lr 0.000410184 | gnorm 0.181 | clip 1.000 | oom 0.000 | loss_scale 64.000 | wall 5293 | train_wall 4458
| epoch 029 | valid on 'valid' subset | loss 5.828 | nll_loss 3.359 | ppl 10.26 | num_updates 23774 | best_loss 5.82849
| epoch 030 | loss 4.341 | nll_loss 1.720 | ppl 3.29 | wps 63606 | ups 4 | wpb 14178.483 | bsz 687.243 | num_updates 24594 | lr 0.000403288 | gnorm 0.181 | clip 1.000 | oom 0.000 | loss_scale 64.000 | wall 5477 | train_wall 4612
| epoch 030 | valid on 'valid' subset | loss 5.815 | nll_loss 3.343 | ppl 10.15 | num_updates 24594 | best_loss 5.81513
| saved checkpoint ./checkpoints/2020-05-23T02-00-04-00-exp27-bpe5000-ne-051920-seed14-nonjoint/checkpoints_ne_en/checkpoint30.pt (epoch 30 @ 24594 updates) (writing took 1.0011587142944336 seconds)
| epoch 031 | loss 4.334 | nll_loss 1.712 | ppl 3.28 | wps 64071 | ups 5 | wpb 14178.483 | bsz 687.243 | num_updates 25414 | lr 0.000396729 | gnorm 0.180 | clip 1.000 | oom 0.000 | loss_scale 64.000 | wall 5660 | train_wall 4766
| epoch 031 | valid on 'valid' subset | loss 5.816 | nll_loss 3.344 | ppl 10.16 | num_updates 25414 | best_loss 5.81513
| WARNING: overflow detected, setting loss scale to: 64.0
| epoch 032 | loss 4.328 | nll_loss 1.704 | ppl 3.26 | wps 64377 | ups 5 | wpb 14178.054 | bsz 687.252 | num_updates 26233 | lr 0.000390486 | gnorm 0.181 | clip 1.000 | oom 0.000 | loss_scale 64.000 | wall 5841 | train_wall 4919
| epoch 032 | valid on 'valid' subset | loss 5.791 | nll_loss 3.321 | ppl 9.99 | num_updates 26233 | best_loss 5.79144
| WARNING: overflow detected, setting loss scale to: 32.0
| epoch 033 | loss 4.321 | nll_loss 1.696 | ppl 3.24 | wps 64604 | ups 5 | wpb 14178.867 | bsz 687.476 | num_updates 27052 | lr 0.00038453 | gnorm 0.181 | clip 1.000 | oom 0.000 | loss_scale 32.000 | wall 6022 | train_wall 5072
| epoch 033 | valid on 'valid' subset | loss 5.809 | nll_loss 3.333 | ppl 10.08 | num_updates 27052 | best_loss 5.8092
| epoch 034 | loss 4.316 | nll_loss 1.690 | ppl 3.23 | wps 64123 | ups 5 | wpb 14178.483 | bsz 687.243 | num_updates 27872 | lr 0.000378831 | gnorm 0.181 | clip 1.000 | oom 0.000 | loss_scale 32.000 | wall 6204 | train_wall 5225
| epoch 034 | valid on 'valid' subset | loss 5.786 | nll_loss 3.306 | ppl 9.89 | num_updates 27872 | best_loss 5.78611
| epoch 035 | loss 4.310 | nll_loss 1.683 | ppl 3.21 | wps 63720 | ups 4 | wpb 14178.483 | bsz 687.243 | num_updates 28692 | lr 0.000373379 | gnorm 0.181 | clip 1.000 | oom 0.000 | loss_scale 32.000 | wall 6388 | train_wall 5379
| epoch 035 | valid on 'valid' subset | loss 5.787 | nll_loss 3.305 | ppl 9.88 | num_updates 28692 | best_loss 5.7872
| epoch 036 | loss 4.304 | nll_loss 1.676 | ppl 3.2 | wps 64714 | ups 5 | wpb 14178.483 | bsz 687.243 | num_updates 29512 | lr 0.000368155 | gnorm 0.180 | clip 1.000 | oom 0.000 | loss_scale 32.000 | wall 6568 | train_wall 5531
| epoch 036 | valid on 'valid' subset | loss 5.789 | nll_loss 3.308 | ppl 9.91 | num_updates 29512 | best_loss 5.78927
| epoch 037 | loss 4.299 | nll_loss 1.670 | ppl 3.18 | wps 63702 | ups 4 | wpb 14178.483 | bsz 687.243 | num_updates 30332 | lr 0.000363145 | gnorm 0.180 | clip 1.000 | oom 0.000 | loss_scale 32.000 | wall 6752 | train_wall 5685
| epoch 037 | valid on 'valid' subset | loss 5.803 | nll_loss 3.325 | ppl 10.02 | num_updates 30332 | best_loss 5.80255
| epoch 038 | loss 4.294 | nll_loss 1.664 | ppl 3.17 | wps 64135 | ups 5 | wpb 14178.483 | bsz 687.243 | num_updates 31152 | lr 0.000358333 | gnorm 0.180 | clip 1.000 | oom 0.000 | loss_scale 64.000 | wall 6934 | train_wall 5838
| epoch 038 | valid on 'valid' subset | loss 5.780 | nll_loss 3.298 | ppl 9.83 | num_updates 31152 | best_loss 5.77952
| WARNING: overflow detected, setting loss scale to: 32.0
| epoch 039 | loss 4.289 | nll_loss 1.657 | ppl 3.15 | wps 64158 | ups 5 | wpb 14177.692 | bsz 686.890 | num_updates 31971 | lr 0.000353714 | gnorm 0.180 | clip 1.000 | oom 0.000 | loss_scale 32.000 | wall 7116 | train_wall 5992
| epoch 039 | valid on 'valid' subset | loss 5.785 | nll_loss 3.306 | ppl 9.89 | num_updates 31971 | best_loss 5.78501
| epoch 040 | loss 4.285 | nll_loss 1.652 | ppl 3.14 | wps 64189 | ups 5 | wpb 14178.483 | bsz 687.243 | num_updates 32791 | lr 0.000349263 | gnorm 0.180 | clip 1.000 | oom 0.000 | loss_scale 32.000 | wall 7298 | train_wall 6145
| epoch 040 | valid on 'valid' subset | loss 5.796 | nll_loss 3.322 | ppl 10 | num_updates 32791 | best_loss 5.79608
| saved checkpoint ./checkpoints/2020-05-23T02-00-04-00-exp27-bpe5000-ne-051920-seed14-nonjoint/checkpoints_ne_en/checkpoint40.pt (epoch 40 @ 32791 updates) (writing took 0.9974634647369385 seconds)
| WARNING: overflow detected, setting loss scale to: 16.0
| epoch 041 | loss 4.281 | nll_loss 1.648 | ppl 3.13 | wps 64289 | ups 5 | wpb 14180.440 | bsz 686.998 | num_updates 33610 | lr 0.000344981 | gnorm 0.180 | clip 1.000 | oom 0.000 | loss_scale 16.000 | wall 7480 | train_wall 6298
| epoch 041 | valid on 'valid' subset | loss 5.796 | nll_loss 3.314 | ppl 9.94 | num_updates 33610 | best_loss 5.79608
| epoch 042 | loss 4.277 | nll_loss 1.643 | ppl 3.12 | wps 64531 | ups 5 | wpb 14178.483 | bsz 687.243 | num_updates 34430 | lr 0.000340849 | gnorm 0.181 | clip 1.000 | oom 0.000 | loss_scale 16.000 | wall 7661 | train_wall 6452
| epoch 042 | valid on 'valid' subset | loss 5.801 | nll_loss 3.319 | ppl 9.98 | num_updates 34430 | best_loss 5.79608
| epoch 043 | loss 4.273 | nll_loss 1.638 | ppl 3.11 | wps 64189 | ups 5 | wpb 14178.483 | bsz 687.243 | num_updates 35250 | lr 0.000336861 | gnorm 0.180 | clip 1.000 | oom 0.000 | loss_scale 16.000 | wall 7843 | train_wall 6604
| epoch 043 | valid on 'valid' subset | loss 5.783 | nll_loss 3.298 | ppl 9.84 | num_updates 35250 | best_loss 5.78346
| epoch 044 | loss 4.269 | nll_loss 1.633 | ppl 3.1 | wps 63529 | ups 4 | wpb 14178.483 | bsz 687.243 | num_updates 36070 | lr 0.00033301 | gnorm 0.181 | clip 1.000 | oom 0.000 | loss_scale 16.000 | wall 8027 | train_wall 6759
| epoch 044 | valid on 'valid' subset | loss 5.774 | nll_loss 3.287 | ppl 9.76 | num_updates 36070 | best_loss 5.77445
| epoch 045 | loss 4.265 | nll_loss 1.628 | ppl 3.09 | wps 64390 | ups 5 | wpb 14178.483 | bsz 687.243 | num_updates 36890 | lr 0.000329288 | gnorm 0.181 | clip 1.000 | oom 0.000 | loss_scale 16.000 | wall 8208 | train_wall 6912
| epoch 045 | valid on 'valid' subset | loss 5.786 | nll_loss 3.297 | ppl 9.83 | num_updates 36890 | best_loss 5.7857
| epoch 046 | loss 4.261 | nll_loss 1.623 | ppl 3.08 | wps 64647 | ups 5 | wpb 14178.483 | bsz 687.243 | num_updates 37710 | lr 0.000325688 | gnorm 0.181 | clip 1.000 | oom 0.000 | loss_scale 32.000 | wall 8389 | train_wall 7064
| epoch 046 | valid on 'valid' subset | loss 5.785 | nll_loss 3.295 | ppl 9.82 | num_updates 37710 | best_loss 5.78455
| epoch 047 | loss 4.258 | nll_loss 1.619 | ppl 3.07 | wps 64206 | ups 5 | wpb 14178.483 | bsz 687.243 | num_updates 38530 | lr 0.000322204 | gnorm 0.181 | clip 1.000 | oom 0.000 | loss_scale 32.000 | wall 8571 | train_wall 7218
| epoch 047 | valid on 'valid' subset | loss 5.771 | nll_loss 3.285 | ppl 9.74 | num_updates 38530 | best_loss 5.77135
| epoch 048 | loss 4.254 | nll_loss 1.615 | ppl 3.06 | wps 64174 | ups 5 | wpb 14178.483 | bsz 687.243 | num_updates 39350 | lr 0.000318829 | gnorm 0.181 | clip 1.000 | oom 0.000 | loss_scale 32.000 | wall 8753 | train_wall 7371
| epoch 048 | valid on 'valid' subset | loss 5.783 | nll_loss 3.293 | ppl 9.8 | num_updates 39350 | best_loss 5.78275
| epoch 049 | loss 4.251 | nll_loss 1.610 | ppl 3.05 | wps 64100 | ups 5 | wpb 14178.483 | bsz 687.243 | num_updates 40170 | lr 0.000315558 | gnorm 0.181 | clip 1.000 | oom 0.000 | loss_scale 32.000 | wall 8935 | train_wall 7525
| epoch 049 | valid on 'valid' subset | loss 5.787 | nll_loss 3.300 | ppl 9.85 | num_updates 40170 | best_loss 5.78695
| epoch 050 | loss 4.248 | nll_loss 1.607 | ppl 3.05 | wps 63610 | ups 4 | wpb 14178.483 | bsz 687.243 | num_updates 40990 | lr 0.000312386 | gnorm 0.181 | clip 1.000 | oom 0.000 | loss_scale 32.000 | wall 9119 | train_wall 7680
| epoch 050 | valid on 'valid' subset | loss 5.784 | nll_loss 3.299 | ppl 9.84 | num_updates 40990 | best_loss 5.78447
| saved checkpoint ./checkpoints/2020-05-23T02-00-04-00-exp27-bpe5000-ne-051920-seed14-nonjoint/checkpoints_ne_en/checkpoint50.pt (epoch 50 @ 40990 updates) (writing took 1.0252008438110352 seconds)
| WARNING: overflow detected, setting loss scale to: 32.0
| epoch 051 | loss 4.244 | nll_loss 1.603 | ppl 3.04 | wps 63760 | ups 4 | wpb 14180.431 | bsz 687.505 | num_updates 41809 | lr 0.000309311 | gnorm 0.181 | clip 1.000 | oom 0.000 | loss_scale 32.000 | wall 9303 | train_wall 7835
| epoch 051 | valid on 'valid' subset | loss 5.777 | nll_loss 3.287 | ppl 9.76 | num_updates 41809 | best_loss 5.77715
| epoch 052 | loss 4.241 | nll_loss 1.599 | ppl 3.03 | wps 64036 | ups 5 | wpb 14178.483 | bsz 687.243 | num_updates 42629 | lr 0.000306321 | gnorm 0.181 | clip 1.000 | oom 0.000 | loss_scale 32.000 | wall 9486 | train_wall 7988
| epoch 052 | valid on 'valid' subset | loss 5.759 | nll_loss 3.268 | ppl 9.63 | num_updates 42629 | best_loss 5.75947
| epoch 053 | loss 4.238 | nll_loss 1.595 | ppl 3.02 | wps 64282 | ups 5 | wpb 14178.483 | bsz 687.243 | num_updates 43449 | lr 0.000303417 | gnorm 0.181 | clip 1.000 | oom 0.000 | loss_scale 32.000 | wall 9667 | train_wall 8142
| epoch 053 | valid on 'valid' subset | loss 5.771 | nll_loss 3.281 | ppl 9.72 | num_updates 43449 | best_loss 5.77089
| epoch 054 | loss 4.236 | nll_loss 1.593 | ppl 3.02 | wps 64217 | ups 5 | wpb 14178.483 | bsz 687.243 | num_updates 44269 | lr 0.000300594 | gnorm 0.182 | clip 1.000 | oom 0.000 | loss_scale 32.000 | wall 9849 | train_wall 8296
| epoch 054 | valid on 'valid' subset | loss 5.757 | nll_loss 3.261 | ppl 9.59 | num_updates 44269 | best_loss 5.75652
| epoch 055 | loss 4.232 | nll_loss 1.589 | ppl 3.01 | wps 64192 | ups 5 | wpb 14178.483 | bsz 687.243 | num_updates 45089 | lr 0.000297848 | gnorm 0.182 | clip 1.000 | oom 0.000 | loss_scale 32.000 | wall 10031 | train_wall 8449
| epoch 055 | valid on 'valid' subset | loss 5.788 | nll_loss 3.295 | ppl 9.82 | num_updates 45089 | best_loss 5.78447
| WARNING: overflow detected, setting loss scale to: 32.0
| epoch 056 | loss 4.229 | nll_loss 1.585 | ppl 3 | wps 63907 | ups 5 | wpb 14180.447 | bsz 687.173 | num_updates 45908 | lr 0.000295179 | gnorm 0.182 | clip 1.000 | oom 0.000 | loss_scale 32.000 | wall 10214 | train_wall 8603
| epoch 056 | valid on 'valid' subset | loss 5.762 | nll_loss 3.269 | ppl 9.64 | num_updates 45908 | best_loss 5.76206
| epoch 057 | loss 4.227 | nll_loss 1.582 | ppl 2.99 | wps 64073 | ups 5 | wpb 14178.483 | bsz 687.243 | num_updates 46728 | lr 0.000292578 | gnorm 0.182 | clip 1.000 | oom 0.000 | loss_scale 32.000 | wall 10396 | train_wall 8756
| epoch 057 | valid on 'valid' subset | loss 5.761 | nll_loss 3.268 | ppl 9.63 | num_updates 46728 | best_loss 5.76089
| epoch 058 | loss 4.224 | nll_loss 1.579 | ppl 2.99 | wps 63832 | ups 5 | wpb 14178.483 | bsz 687.243 | num_updates 47548 | lr 0.000290044 | gnorm 0.182 | clip 1.000 | oom 0.000 | loss_scale 32.000 | wall 10579 | train_wall 8911
| epoch 058 | valid on 'valid' subset | loss 5.765 | nll_loss 3.272 | ppl 9.66 | num_updates 47548 | best_loss 5.76515
| epoch 059 | loss 4.222 | nll_loss 1.576 | ppl 2.98 | wps 64395 | ups 5 | wpb 14178.483 | bsz 687.243 | num_updates 48368 | lr 0.000287575 | gnorm 0.182 | clip 1.000 | oom 0.000 | loss_scale 32.000 | wall 10761 | train_wall 9064
| epoch 059 | valid on 'valid' subset | loss 5.759 | nll_loss 3.264 | ppl 9.61 | num_updates 48368 | best_loss 5.759
| epoch 060 | loss 4.219 | nll_loss 1.573 | ppl 2.97 | wps 63321 | ups 4 | wpb 14178.483 | bsz 687.243 | num_updates 49188 | lr 0.000285168 | gnorm 0.183 | clip 1.000 | oom 0.000 | loss_scale 32.000 | wall 10945 | train_wall 9219
| epoch 060 | valid on 'valid' subset | loss 5.776 | nll_loss 3.283 | ppl 9.73 | num_updates 49188 | best_loss 5.77615
| saved checkpoint ./checkpoints/2020-05-23T02-00-04-00-exp27-bpe5000-ne-051920-seed14-nonjoint/checkpoints_ne_en/checkpoint60.pt (epoch 60 @ 49188 updates) (writing took 1.0026886463165283 seconds)
| WARNING: overflow detected, setting loss scale to: 32.0
| epoch 061 | loss 4.216 | nll_loss 1.569 | ppl 2.97 | wps 64312 | ups 5 | wpb 14181.048 | bsz 687.007 | num_updates 50007 | lr 0.000282823 | gnorm 0.182 | clip 1.000 | oom 0.000 | loss_scale 32.000 | wall 11128 | train_wall 9372
| epoch 061 | valid on 'valid' subset | loss 5.768 | nll_loss 3.270 | ppl 9.64 | num_updates 50007 | best_loss 5.76781
| epoch 062 | loss 4.215 | nll_loss 1.567 | ppl 2.96 | wps 64213 | ups 5 | wpb 14178.483 | bsz 687.243 | num_updates 50827 | lr 0.000280532 | gnorm 0.183 | clip 1.000 | oom 0.000 | loss_scale 32.000 | wall 11310 | train_wall 9525
| epoch 062 | valid on 'valid' subset | loss 5.760 | nll_loss 3.259 | ppl 9.57 | num_updates 50827 | best_loss 5.75957
| epoch 063 | loss 4.212 | nll_loss 1.564 | ppl 2.96 | wps 63530 | ups 4 | wpb 14178.483 | bsz 687.243 | num_updates 51647 | lr 0.000278296 | gnorm 0.183 | clip 1.000 | oom 0.000 | loss_scale 32.000 | wall 11494 | train_wall 9680
| epoch 063 | valid on 'valid' subset | loss 5.761 | nll_loss 3.264 | ppl 9.61 | num_updates 51647 | best_loss 5.76124
| WARNING: overflow detected, setting loss scale to: 16.0
| epoch 064 | loss 4.210 | nll_loss 1.561 | ppl 2.95 | wps 63831 | ups 5 | wpb 14178.615 | bsz 686.841 | num_updates 52466 | lr 0.000276116 | gnorm 0.183 | clip 1.000 | oom 0.000 | loss_scale 16.000 | wall 11677 | train_wall 9834
| epoch 064 | valid on 'valid' subset | loss 5.761 | nll_loss 3.265 | ppl 9.61 | num_updates 52466 | best_loss 5.76093
| epoch 065 | loss 4.208 | nll_loss 1.558 | ppl 2.95 | wps 63553 | ups 4 | wpb 14178.483 | bsz 687.243 | num_updates 53286 | lr 0.000273983 | gnorm 0.183 | clip 1.000 | oom 0.000 | loss_scale 16.000 | wall 11860 | train_wall 9989
| epoch 065 | valid on 'valid' subset | loss 5.765 | nll_loss 3.267 | ppl 9.62 | num_updates 53286 | best_loss 5.76492
| epoch 066 | loss 4.205 | nll_loss 1.556 | ppl 2.94 | wps 64108 | ups 5 | wpb 14178.483 | bsz 687.243 | num_updates 54106 | lr 0.000271899 | gnorm 0.183 | clip 1.000 | oom 0.000 | loss_scale 16.000 | wall 12043 | train_wall 10143
| epoch 066 | valid on 'valid' subset | loss 5.758 | nll_loss 3.262 | ppl 9.59 | num_updates 54106 | best_loss 5.75838
| epoch 067 | loss 4.203 | nll_loss 1.553 | ppl 2.93 | wps 64085 | ups 5 | wpb 14178.483 | bsz 687.243 | num_updates 54926 | lr 0.000269862 | gnorm 0.183 | clip 1.000 | oom 0.000 | loss_scale 16.000 | wall 12225 | train_wall 10296
| epoch 067 | valid on 'valid' subset | loss 5.748 | nll_loss 3.242 | ppl 9.46 | num_updates 54926 | best_loss 5.74782
| epoch 068 | loss 4.201 | nll_loss 1.550 | ppl 2.93 | wps 63406 | ups 4 | wpb 14178.483 | bsz 687.243 | num_updates 55746 | lr 0.000267869 | gnorm 0.184 | clip 1.000 | oom 0.000 | loss_scale 16.000 | wall 12409 | train_wall 10451
| epoch 068 | valid on 'valid' subset | loss 5.756 | nll_loss 3.256 | ppl 9.55 | num_updates 55746 | best_loss 5.75644
| epoch 069 | loss 4.199 | nll_loss 1.548 | ppl 2.92 | wps 64319 | ups 5 | wpb 14178.483 | bsz 687.243 | num_updates 56566 | lr 0.000265921 | gnorm 0.184 | clip 1.000 | oom 0.000 | loss_scale 32.000 | wall 12591 | train_wall 10605
| epoch 069 | valid on 'valid' subset | loss 5.751 | nll_loss 3.249 | ppl 9.5 | num_updates 56566 | best_loss 5.75134
| WARNING: overflow detected, setting loss scale to: 16.0
| epoch 070 | loss 4.197 | nll_loss 1.545 | ppl 2.92 | wps 63676 | ups 4 | wpb 14177.519 | bsz 687.681 | num_updates 57385 | lr 0.000264016 | gnorm 0.184 | clip 1.000 | oom 0.000 | loss_scale 16.000 | wall 12774 | train_wall 10759
| epoch 070 | valid on 'valid' subset | loss 5.722 | nll_loss 3.219 | ppl 9.31 | num_updates 57385 | best_loss 5.72207
| saved checkpoint ./checkpoints/2020-05-23T02-00-04-00-exp27-bpe5000-ne-051920-seed14-nonjoint/checkpoints_ne_en/checkpoint70.pt (epoch 70 @ 57385 updates) (writing took 1.0208983421325684 seconds)
| epoch 071 | loss 4.195 | nll_loss 1.543 | ppl 2.91 | wps 64101 | ups 5 | wpb 14178.483 | bsz 687.243 | num_updates 58205 | lr 0.00026215 | gnorm 0.184 | clip 1.000 | oom 0.000 | loss_scale 16.000 | wall 12957 | train_wall 10913
| epoch 071 | valid on 'valid' subset | loss 5.768 | nll_loss 3.269 | ppl 9.64 | num_updates 58205 | best_loss 5.72207
| epoch 072 | loss 4.192 | nll_loss 1.540 | ppl 2.91 | wps 63804 | ups 5 | wpb 14178.483 | bsz 687.243 | num_updates 59025 | lr 0.000260323 | gnorm 0.184 | clip 1.000 | oom 0.000 | loss_scale 16.000 | wall 13141 | train_wall 11067
| epoch 072 | valid on 'valid' subset | loss 5.748 | nll_loss 3.245 | ppl 9.48 | num_updates 59025 | best_loss 5.72207
| epoch 073 | loss 4.191 | nll_loss 1.538 | ppl 2.9 | wps 63767 | ups 4 | wpb 14178.483 | bsz 687.243 | num_updates 59845 | lr 0.000258533 | gnorm 0.184 | clip 1.000 | oom 0.000 | loss_scale 16.000 | wall 13324 | train_wall 11221
| epoch 073 | valid on 'valid' subset | loss 5.769 | nll_loss 3.267 | ppl 9.63 | num_updates 59845 | best_loss 5.72207
| epoch 074 | loss 4.189 | nll_loss 1.536 | ppl 2.9 | wps 63866 | ups 5 | wpb 14178.483 | bsz 687.243 | num_updates 60665 | lr 0.00025678 | gnorm 0.186 | clip 1.000 | oom 0.000 | loss_scale 16.000 | wall 13507 | train_wall 11376
| epoch 074 | valid on 'valid' subset | loss 5.770 | nll_loss 3.266 | ppl 9.62 | num_updates 60665 | best_loss 5.72207
| epoch 075 | loss 4.187 | nll_loss 1.534 | ppl 2.9 | wps 64061 | ups 5 | wpb 14178.483 | bsz 687.243 | num_updates 61485 | lr 0.000255062 | gnorm 0.184 | clip 1.000 | oom 0.000 | loss_scale 32.000 | wall 13689 | train_wall 11529
| epoch 075 | valid on 'valid' subset | loss 5.758 | nll_loss 3.255 | ppl 9.55 | num_updates 61485 | best_loss 5.72207
| epoch 076 | loss 4.185 | nll_loss 1.532 | ppl 2.89 | wps 63956 | ups 5 | wpb 14178.483 | bsz 687.243 | num_updates 62305 | lr 0.000253378 | gnorm 0.184 | clip 1.000 | oom 0.000 | loss_scale 32.000 | wall 13872 | train_wall 11683
| epoch 076 | valid on 'valid' subset | loss 5.767 | nll_loss 3.269 | ppl 9.64 | num_updates 62305 | best_loss 5.72207
| epoch 077 | loss 4.184 | nll_loss 1.530 | ppl 2.89 | wps 63997 | ups 5 | wpb 14178.483 | bsz 687.243 | num_updates 63125 | lr 0.000251727 | gnorm 0.185 | clip 1.000 | oom 0.000 | loss_scale 32.000 | wall 14054 | train_wall 11837
| epoch 077 | valid on 'valid' subset | loss 5.753 | nll_loss 3.245 | ppl 9.48 | num_updates 63125 | best_loss 5.72207
| epoch 078 | loss 4.182 | nll_loss 1.527 | ppl 2.88 | wps 64262 | ups 5 | wpb 14178.483 | bsz 687.243 | num_updates 63945 | lr 0.000250107 | gnorm 0.185 | clip 1.000 | oom 0.000 | loss_scale 32.000 | wall 14236 | train_wall 11990
| epoch 078 | valid on 'valid' subset | loss 5.753 | nll_loss 3.248 | ppl 9.5 | num_updates 63945 | best_loss 5.72207
| epoch 079 | loss 4.180 | nll_loss 1.526 | ppl 2.88 | wps 64886 | ups 5 | wpb 14178.483 | bsz 687.243 | num_updates 64765 | lr 0.000248519 | gnorm 0.185 | clip 1.000 | oom 0.000 | loss_scale 32.000 | wall 14416 | train_wall 12143
| epoch 079 | valid on 'valid' subset | loss 5.769 | nll_loss 3.269 | ppl 9.64 | num_updates 64765 | best_loss 5.72207
| WARNING: overflow detected, setting loss scale to: 32.0
| epoch 080 | loss 4.179 | nll_loss 1.524 | ppl 2.87 | wps 64067 | ups 5 | wpb 14177.624 | bsz 685.943 | num_updates 65584 | lr 0.000246963 | gnorm 0.186 | clip 1.000 | oom 0.000 | loss_scale 32.000 | wall 14598 | train_wall 12296
| epoch 080 | valid on 'valid' subset | loss 5.754 | nll_loss 3.249 | ppl 9.5 | num_updates 65584 | best_loss 5.72207
| saved checkpoint ./checkpoints/2020-05-23T02-00-04-00-exp27-bpe5000-ne-051920-seed14-nonjoint/checkpoints_ne_en/checkpoint80.pt (epoch 80 @ 65584 updates) (writing took 0.6611232757568359 seconds)
| epoch 081 | loss 4.177 | nll_loss 1.522 | ppl 2.87 | wps 64603 | ups 5 | wpb 14178.483 | bsz 687.243 | num_updates 66404 | lr 0.000245433 | gnorm 0.185 | clip 1.000 | oom 0.000 | loss_scale 32.000 | wall 14780 | train_wall 12449
| epoch 081 | valid on 'valid' subset | loss 5.772 | nll_loss 3.270 | ppl 9.64 | num_updates 66404 | best_loss 5.72207
| epoch 082 | loss 4.176 | nll_loss 1.520 | ppl 2.87 | wps 63881 | ups 5 | wpb 14178.483 | bsz 687.243 | num_updates 67224 | lr 0.000243931 | gnorm 0.186 | clip 1.000 | oom 0.000 | loss_scale 32.000 | wall 14963 | train_wall 12603
| epoch 082 | valid on 'valid' subset | loss 5.762 | nll_loss 3.259 | ppl 9.57 | num_updates 67224 | best_loss 5.72207
| epoch 083 | loss 4.174 | nll_loss 1.518 | ppl 2.86 | wps 63848 | ups 5 | wpb 14178.483 | bsz 687.243 | num_updates 68044 | lr 0.000242457 | gnorm 0.186 | clip 1.000 | oom 0.000 | loss_scale 32.000 | wall 15146 | train_wall 12757
| epoch 083 | valid on 'valid' subset | loss 5.753 | nll_loss 3.242 | ppl 9.46 | num_updates 68044 | best_loss 5.72207
| epoch 084 | loss 4.172 | nll_loss 1.515 | ppl 2.86 | wps 64058 | ups 5 | wpb 14178.483 | bsz 687.243 | num_updates 68864 | lr 0.000241009 | gnorm 0.186 | clip 1.000 | oom 0.000 | loss_scale 32.000 | wall 15328 | train_wall 12911
| epoch 084 | valid on 'valid' subset | loss 5.762 | nll_loss 3.262 | ppl 9.59 | num_updates 68864 | best_loss 5.72207
| WARNING: overflow detected, setting loss scale to: 32.0
| epoch 085 | loss 4.172 | nll_loss 1.515 | ppl 2.86 | wps 63701 | ups 4 | wpb 14176.503 | bsz 685.278 | num_updates 69683 | lr 0.000239589 | gnorm 0.186 | clip 1.000 | oom 0.000 | loss_scale 32.000 | wall 15511 | train_wall 13066
| epoch 085 | valid on 'valid' subset | loss 5.757 | nll_loss 3.251 | ppl 9.52 | num_updates 69683 | best_loss 5.72207
| epoch 086 | loss 4.170 | nll_loss 1.512 | ppl 2.85 | wps 63506 | ups 4 | wpb 14178.483 | bsz 687.243 | num_updates 70503 | lr 0.000238191 | gnorm 0.187 | clip 1.000 | oom 0.000 | loss_scale 32.000 | wall 15695 | train_wall 13220
| epoch 086 | valid on 'valid' subset | loss 5.744 | nll_loss 3.236 | ppl 9.42 | num_updates 70503 | best_loss 5.72207
| epoch 087 | loss 4.168 | nll_loss 1.510 | ppl 2.85 | wps 63838 | ups 5 | wpb 14178.483 | bsz 687.243 | num_updates 71323 | lr 0.000236818 | gnorm 0.186 | clip 1.000 | oom 0.000 | loss_scale 32.000 | wall 15878 | train_wall 13375
| epoch 087 | valid on 'valid' subset | loss 5.759 | nll_loss 3.253 | ppl 9.53 | num_updates 71323 | best_loss 5.72207
| epoch 088 | loss 4.166 | nll_loss 1.508 | ppl 2.84 | wps 63889 | ups 5 | wpb 14178.483 | bsz 687.243 | num_updates 72143 | lr 0.000235469 | gnorm 0.187 | clip 1.000 | oom 0.000 | loss_scale 32.000 | wall 16061 | train_wall 13529
| epoch 088 | valid on 'valid' subset | loss 5.761 | nll_loss 3.254 | ppl 9.54 | num_updates 72143 | best_loss 5.72207
| epoch 089 | loss 4.165 | nll_loss 1.507 | ppl 2.84 | wps 63837 | ups 5 | wpb 14178.483 | bsz 687.243 | num_updates 72963 | lr 0.000234142 | gnorm 0.187 | clip 1.000 | oom 0.000 | loss_scale 32.000 | wall 16244 | train_wall 13683
| epoch 089 | valid on 'valid' subset | loss 5.744 | nll_loss 3.236 | ppl 9.42 | num_updates 72963 | best_loss 5.72207
| WARNING: overflow detected, setting loss scale to: 32.0
| epoch 090 | loss 4.163 | nll_loss 1.505 | ppl 2.84 | wps 63788 | ups 4 | wpb 14178.303 | bsz 686.050 | num_updates 73782 | lr 0.000232838 | gnorm 0.188 | clip 1.000 | oom 0.000 | loss_scale 32.000 | wall 16427 | train_wall 13837
| epoch 090 | valid on 'valid' subset | loss 5.755 | nll_loss 3.246 | ppl 9.49 | num_updates 73782 | best_loss 5.72207
| saved checkpoint ./checkpoints/2020-05-23T02-00-04-00-exp27-bpe5000-ne-051920-seed14-nonjoint/checkpoints_ne_en/checkpoint90.pt (epoch 90 @ 73782 updates) (writing took 0.6377460956573486 seconds)
| epoch 091 | loss 4.162 | nll_loss 1.504 | ppl 2.84 | wps 63600 | ups 4 | wpb 14178.483 | bsz 687.243 | num_updates 74602 | lr 0.000231555 | gnorm 0.188 | clip 1.000 | oom 0.000 | loss_scale 32.000 | wall 16611 | train_wall 13991
| epoch 091 | valid on 'valid' subset | loss 5.754 | nll_loss 3.249 | ppl 9.5 | num_updates 74602 | best_loss 5.72207
| epoch 092 | loss 4.161 | nll_loss 1.502 | ppl 2.83 | wps 63696 | ups 4 | wpb 14178.483 | bsz 687.243 | num_updates 75422 | lr 0.000230293 | gnorm 0.187 | clip 1.000 | oom 0.000 | loss_scale 32.000 | wall 16795 | train_wall 14146
| epoch 092 | valid on 'valid' subset | loss 5.775 | nll_loss 3.269 | ppl 9.64 | num_updates 75422 | best_loss 5.72207
| epoch 093 | loss 4.159 | nll_loss 1.500 | ppl 2.83 | wps 63576 | ups 4 | wpb 14178.483 | bsz 687.243 | num_updates 76242 | lr 0.000229051 | gnorm 0.187 | clip 1.000 | oom 0.000 | loss_scale 32.000 | wall 16979 | train_wall 14301
| epoch 093 | valid on 'valid' subset | loss 5.764 | nll_loss 3.257 | ppl 9.56 | num_updates 76242 | best_loss 5.72207
| epoch 094 | loss 4.158 | nll_loss 1.499 | ppl 2.83 | wps 64282 | ups 5 | wpb 14178.483 | bsz 687.243 | num_updates 77062 | lr 0.000227829 | gnorm 0.188 | clip 1.000 | oom 0.000 | loss_scale 32.000 | wall 17160 | train_wall 14454
| epoch 094 | valid on 'valid' subset | loss 5.765 | nll_loss 3.259 | ppl 9.57 | num_updates 77062 | best_loss 5.72207
| WARNING: overflow detected, setting loss scale to: 32.0
| epoch 095 | loss 4.157 | nll_loss 1.497 | ppl 2.82 | wps 64101 | ups 5 | wpb 14179.381 | bsz 687.232 | num_updates 77881 | lr 0.000226628 | gnorm 0.187 | clip 1.000 | oom 0.000 | loss_scale 32.000 | wall 17342 | train_wall 14608
| epoch 095 | valid on 'valid' subset | loss 5.755 | nll_loss 3.247 | ppl 9.49 | num_updates 77881 | best_loss 5.72207
| epoch 096 | loss 4.156 | nll_loss 1.496 | ppl 2.82 | wps 63939 | ups 5 | wpb 14178.483 | bsz 687.243 | num_updates 78701 | lr 0.000225445 | gnorm 0.189 | clip 1.000 | oom 0.000 | loss_scale 32.000 | wall 17525 | train_wall 14762
| epoch 096 | valid on 'valid' subset | loss 5.747 | nll_loss 3.238 | ppl 9.43 | num_updates 78701 | best_loss 5.72207
| epoch 097 | loss 4.154 | nll_loss 1.494 | ppl 2.82 | wps 64794 | ups 5 | wpb 14178.483 | bsz 687.243 | num_updates 79521 | lr 0.000224279 | gnorm 0.187 | clip 1.000 | oom 0.000 | loss_scale 32.000 | wall 17705 | train_wall 14914
| epoch 097 | valid on 'valid' subset | loss 5.746 | nll_loss 3.236 | ppl 9.42 | num_updates 79521 | best_loss 5.72207
| epoch 098 | loss 4.153 | nll_loss 1.492 | ppl 2.81 | wps 63774 | ups 4 | wpb 14178.483 | bsz 687.243 | num_updates 80341 | lr 0.000223132 | gnorm 0.188 | clip 1.000 | oom 0.000 | loss_scale 32.000 | wall 17889 | train_wall 15069
| epoch 098 | valid on 'valid' subset | loss 5.755 | nll_loss 3.247 | ppl 9.49 | num_updates 80341 | best_loss 5.72207
| epoch 099 | loss 4.152 | nll_loss 1.491 | ppl 2.81 | wps 63524 | ups 4 | wpb 14178.483 | bsz 687.243 | num_updates 81161 | lr 0.000222002 | gnorm 0.188 | clip 1.000 | oom 0.000 | loss_scale 32.000 | wall 18073 | train_wall 15223
| epoch 099 | valid on 'valid' subset | loss 5.756 | nll_loss 3.245 | ppl 9.48 | num_updates 81161 | best_loss 5.72207
| epoch 100 | loss 4.150 | nll_loss 1.488 | ppl 2.81 | wps 63616 | ups 4 | wpb 14178.483 | bsz 687.243 | num_updates 81981 | lr 0.000220889 | gnorm 0.189 | clip 1.000 | oom 0.000 | loss_scale 64.000 | wall 18256 | train_wall 15378
| epoch 100 | valid on 'valid' subset | loss 5.755 | nll_loss 3.245 | ppl 9.48 | num_updates 81981 | best_loss 5.72207
| saved checkpoint ./checkpoints/2020-05-23T02-00-04-00-exp27-bpe5000-ne-051920-seed14-nonjoint/checkpoints_ne_en/checkpoint100.pt (epoch 100 @ 81981 updates) (writing took 0.6464855670928955 seconds)
| done training in 18253.3 seconds
Done training.
Time at end: Sat May 23 07:05:18 EDT 2020
