================ FLORES BASELINE WITH BPE=5000 & SEED=14 & LOWERCASED ================
About to train the supervised for the following language pair: SI-EN
CHECKPOINT_DIR is set to './checkpoints/2020-06-19T10-53-04-00-exp28-bpe5000-lowercase-si-seed14-lowercase/checkpoints_si_en'
Creating checkpoint directory if it doesn't exist...
Data folder is: data-bin/wiki_si_en_bpe5000_lowercase/
Beginning training...
Time at beginning: Fri Jun 19 10:53:21 EDT 2020
Namespace(activation_dropout=0.2, activation_fn='relu', adam_betas='(0.9, 0.98)', adam_eps=1e-08, adaptive_input=False, adaptive_softmax_cutoff=None, adaptive_softmax_dropout=0, arch='transformer', attention_dropout=0.2, best_checkpoint_metric='loss', bpe=None, bucket_cap_mb=25, clip_norm=0.0, cpu=False, criterion='label_smoothed_cross_entropy', cross_self_attention=False, curriculum=0, data='data-bin/wiki_si_en_bpe5000_lowercase/', dataset_impl=None, ddp_backend='c10d', decoder_attention_heads=2, decoder_embed_dim=512, decoder_embed_path=None, decoder_ffn_embed_dim=2048, decoder_input_dim=512, decoder_layerdrop=0, decoder_layers=5, decoder_layers_to_keep=None, decoder_learned_pos=False, decoder_normalize_before=True, decoder_output_dim=512, device_id=0, disable_validation=False, distributed_backend='nccl', distributed_init_method=None, distributed_no_spawn=False, distributed_port=-1, distributed_rank=0, distributed_world_size=1, dropout=0.4, empty_cache_freq=0, encoder_attention_heads=2, encoder_embed_dim=512, encoder_embed_path=None, encoder_ffn_embed_dim=2048, encoder_layerdrop=0, encoder_layers=5, encoder_layers_to_keep=None, encoder_learned_pos=False, encoder_normalize_before=True, fast_stat_sync=False, find_unused_parameters=False, fix_batches_to_gpus=False, fixed_validation_seed=None, fp16=False, fp16_init_scale=128, fp16_scale_tolerance=0.0, fp16_scale_window=None, keep_interval_updates=-1, keep_last_epochs=-1, label_smoothing=0.2, layer_wise_attention=False, layernorm_embedding=False, lazy_load=False, left_pad_source='True', left_pad_target='False', load_alignments=False, log_format=None, log_interval=1000, lr=[0.001], lr_scheduler='inverse_sqrt', max_epoch=100, max_sentences=None, max_sentences_valid=None, max_source_positions=1024, max_target_positions=1024, max_tokens=4000, max_tokens_valid=4000, max_update=0, maximize_best_checkpoint_metric=False, memory_efficient_fp16=False, min_loss_scale=0.0001, min_lr=1e-09, no_cross_attention=False, no_epoch_checkpoints=False, no_last_checkpoints=False, no_progress_bar=False, no_save=False, no_save_optimizer_state=False, no_scale_embedding=False, no_token_positional_embeddings=False, num_workers=1, optimizer='adam', optimizer_overrides='{}', raw_text=False, required_batch_size_multiple=8, reset_dataloader=False, reset_lr_scheduler=False, reset_meters=False, reset_optimizer=False, restore_file='checkpoint_last.pt', save_dir='./checkpoints/2020-06-19T10-53-04-00-exp28-bpe5000-lowercase-si-seed14-lowercase/checkpoints_si_en', save_interval=30, save_interval_updates=0, seed=14, sentence_avg=False, share_all_embeddings=True, share_decoder_input_output_embed=False, skip_invalid_size_inputs_valid_test=False, source_lang='si', target_lang='en', task='translation', tensorboard_logdir='', threshold_loss_scale=None, tokenizer=None, train_subset='train', truncate_source=False, update_freq=[4], upsample_primary=1, use_bmuf=False, user_dir=None, valid_subset='valid', validate_interval=1, warmup_init_lr=1e-07, warmup_updates=4000, weight_decay=0.0001)
| [si] dictionary: 4984 types
| [en] dictionary: 4984 types
| loaded 2898 examples from: data-bin/wiki_si_en_bpe5000_lowercase/valid.si-en.si
| loaded 2898 examples from: data-bin/wiki_si_en_bpe5000_lowercase/valid.si-en.en
| data-bin/wiki_si_en_bpe5000_lowercase/ valid si-en 2898 examples
TransformerModel(
  (encoder): TransformerEncoder(
    (embed_tokens): Embedding(4984, 512, padding_idx=1)
    (embed_positions): SinusoidalPositionalEmbedding()
    (layers): ModuleList(
      (0): TransformerEncoderLayer(
        (self_attn): MultiheadAttention(
          (k_proj): Linear(in_features=512, out_features=512, bias=True)
          (v_proj): Linear(in_features=512, out_features=512, bias=True)
          (q_proj): Linear(in_features=512, out_features=512, bias=True)
          (out_proj): Linear(in_features=512, out_features=512, bias=True)
        )
        (self_attn_layer_norm): LayerNorm((512,), eps=1e-05, elementwise_affine=True)
        (fc1): Linear(in_features=512, out_features=2048, bias=True)
        (fc2): Linear(in_features=2048, out_features=512, bias=True)
        (final_layer_norm): LayerNorm((512,), eps=1e-05, elementwise_affine=True)
      )
      (1): TransformerEncoderLayer(
        (self_attn): MultiheadAttention(
          (k_proj): Linear(in_features=512, out_features=512, bias=True)
          (v_proj): Linear(in_features=512, out_features=512, bias=True)
          (q_proj): Linear(in_features=512, out_features=512, bias=True)
          (out_proj): Linear(in_features=512, out_features=512, bias=True)
        )
        (self_attn_layer_norm): LayerNorm((512,), eps=1e-05, elementwise_affine=True)
        (fc1): Linear(in_features=512, out_features=2048, bias=True)
        (fc2): Linear(in_features=2048, out_features=512, bias=True)
        (final_layer_norm): LayerNorm((512,), eps=1e-05, elementwise_affine=True)
      )
      (2): TransformerEncoderLayer(
        (self_attn): MultiheadAttention(
          (k_proj): Linear(in_features=512, out_features=512, bias=True)
          (v_proj): Linear(in_features=512, out_features=512, bias=True)
          (q_proj): Linear(in_features=512, out_features=512, bias=True)
          (out_proj): Linear(in_features=512, out_features=512, bias=True)
        )
        (self_attn_layer_norm): LayerNorm((512,), eps=1e-05, elementwise_affine=True)
        (fc1): Linear(in_features=512, out_features=2048, bias=True)
        (fc2): Linear(in_features=2048, out_features=512, bias=True)
        (final_layer_norm): LayerNorm((512,), eps=1e-05, elementwise_affine=True)
      )
      (3): TransformerEncoderLayer(
        (self_attn): MultiheadAttention(
          (k_proj): Linear(in_features=512, out_features=512, bias=True)
          (v_proj): Linear(in_features=512, out_features=512, bias=True)
          (q_proj): Linear(in_features=512, out_features=512, bias=True)
          (out_proj): Linear(in_features=512, out_features=512, bias=True)
        )
        (self_attn_layer_norm): LayerNorm((512,), eps=1e-05, elementwise_affine=True)
        (fc1): Linear(in_features=512, out_features=2048, bias=True)
        (fc2): Linear(in_features=2048, out_features=512, bias=True)
        (final_layer_norm): LayerNorm((512,), eps=1e-05, elementwise_affine=True)
      )
      (4): TransformerEncoderLayer(
        (self_attn): MultiheadAttention(
          (k_proj): Linear(in_features=512, out_features=512, bias=True)
          (v_proj): Linear(in_features=512, out_features=512, bias=True)
          (q_proj): Linear(in_features=512, out_features=512, bias=True)
          (out_proj): Linear(in_features=512, out_features=512, bias=True)
        )
        (self_attn_layer_norm): LayerNorm((512,), eps=1e-05, elementwise_affine=True)
        (fc1): Linear(in_features=512, out_features=2048, bias=True)
        (fc2): Linear(in_features=2048, out_features=512, bias=True)
        (final_layer_norm): LayerNorm((512,), eps=1e-05, elementwise_affine=True)
      )
    )
    (layer_norm): LayerNorm((512,), eps=1e-05, elementwise_affine=True)
  )
  (decoder): TransformerDecoder(
    (embed_tokens): Embedding(4984, 512, padding_idx=1)
    (embed_positions): SinusoidalPositionalEmbedding()
    (layers): ModuleList(
      (0): TransformerDecoderLayer(
        (self_attn): MultiheadAttention(
          (k_proj): Linear(in_features=512, out_features=512, bias=True)
          (v_proj): Linear(in_features=512, out_features=512, bias=True)
          (q_proj): Linear(in_features=512, out_features=512, bias=True)
          (out_proj): Linear(in_features=512, out_features=512, bias=True)
        )
        (self_attn_layer_norm): LayerNorm((512,), eps=1e-05, elementwise_affine=True)
        (encoder_attn): MultiheadAttention(
          (k_proj): Linear(in_features=512, out_features=512, bias=True)
          (v_proj): Linear(in_features=512, out_features=512, bias=True)
          (q_proj): Linear(in_features=512, out_features=512, bias=True)
          (out_proj): Linear(in_features=512, out_features=512, bias=True)
        )
        (encoder_attn_layer_norm): LayerNorm((512,), eps=1e-05, elementwise_affine=True)
        (fc1): Linear(in_features=512, out_features=2048, bias=True)
        (fc2): Linear(in_features=2048, out_features=512, bias=True)
        (final_layer_norm): LayerNorm((512,), eps=1e-05, elementwise_affine=True)
      )
      (1): TransformerDecoderLayer(
        (self_attn): MultiheadAttention(
          (k_proj): Linear(in_features=512, out_features=512, bias=True)
          (v_proj): Linear(in_features=512, out_features=512, bias=True)
          (q_proj): Linear(in_features=512, out_features=512, bias=True)
          (out_proj): Linear(in_features=512, out_features=512, bias=True)
        )
        (self_attn_layer_norm): LayerNorm((512,), eps=1e-05, elementwise_affine=True)
        (encoder_attn): MultiheadAttention(
          (k_proj): Linear(in_features=512, out_features=512, bias=True)
          (v_proj): Linear(in_features=512, out_features=512, bias=True)
          (q_proj): Linear(in_features=512, out_features=512, bias=True)
          (out_proj): Linear(in_features=512, out_features=512, bias=True)
        )
        (encoder_attn_layer_norm): LayerNorm((512,), eps=1e-05, elementwise_affine=True)
        (fc1): Linear(in_features=512, out_features=2048, bias=True)
        (fc2): Linear(in_features=2048, out_features=512, bias=True)
        (final_layer_norm): LayerNorm((512,), eps=1e-05, elementwise_affine=True)
      )
      (2): TransformerDecoderLayer(
        (self_attn): MultiheadAttention(
          (k_proj): Linear(in_features=512, out_features=512, bias=True)
          (v_proj): Linear(in_features=512, out_features=512, bias=True)
          (q_proj): Linear(in_features=512, out_features=512, bias=True)
          (out_proj): Linear(in_features=512, out_features=512, bias=True)
        )
        (self_attn_layer_norm): LayerNorm((512,), eps=1e-05, elementwise_affine=True)
        (encoder_attn): MultiheadAttention(
          (k_proj): Linear(in_features=512, out_features=512, bias=True)
          (v_proj): Linear(in_features=512, out_features=512, bias=True)
          (q_proj): Linear(in_features=512, out_features=512, bias=True)
          (out_proj): Linear(in_features=512, out_features=512, bias=True)
        )
        (encoder_attn_layer_norm): LayerNorm((512,), eps=1e-05, elementwise_affine=True)
        (fc1): Linear(in_features=512, out_features=2048, bias=True)
        (fc2): Linear(in_features=2048, out_features=512, bias=True)
        (final_layer_norm): LayerNorm((512,), eps=1e-05, elementwise_affine=True)
      )
      (3): TransformerDecoderLayer(
        (self_attn): MultiheadAttention(
          (k_proj): Linear(in_features=512, out_features=512, bias=True)
          (v_proj): Linear(in_features=512, out_features=512, bias=True)
          (q_proj): Linear(in_features=512, out_features=512, bias=True)
          (out_proj): Linear(in_features=512, out_features=512, bias=True)
        )
        (self_attn_layer_norm): LayerNorm((512,), eps=1e-05, elementwise_affine=True)
        (encoder_attn): MultiheadAttention(
          (k_proj): Linear(in_features=512, out_features=512, bias=True)
          (v_proj): Linear(in_features=512, out_features=512, bias=True)
          (q_proj): Linear(in_features=512, out_features=512, bias=True)
          (out_proj): Linear(in_features=512, out_features=512, bias=True)
        )
        (encoder_attn_layer_norm): LayerNorm((512,), eps=1e-05, elementwise_affine=True)
        (fc1): Linear(in_features=512, out_features=2048, bias=True)
        (fc2): Linear(in_features=2048, out_features=512, bias=True)
        (final_layer_norm): LayerNorm((512,), eps=1e-05, elementwise_affine=True)
      )
      (4): TransformerDecoderLayer(
        (self_attn): MultiheadAttention(
          (k_proj): Linear(in_features=512, out_features=512, bias=True)
          (v_proj): Linear(in_features=512, out_features=512, bias=True)
          (q_proj): Linear(in_features=512, out_features=512, bias=True)
          (out_proj): Linear(in_features=512, out_features=512, bias=True)
        )
        (self_attn_layer_norm): LayerNorm((512,), eps=1e-05, elementwise_affine=True)
        (encoder_attn): MultiheadAttention(
          (k_proj): Linear(in_features=512, out_features=512, bias=True)
          (v_proj): Linear(in_features=512, out_features=512, bias=True)
          (q_proj): Linear(in_features=512, out_features=512, bias=True)
          (out_proj): Linear(in_features=512, out_features=512, bias=True)
        )
        (encoder_attn_layer_norm): LayerNorm((512,), eps=1e-05, elementwise_affine=True)
        (fc1): Linear(in_features=512, out_features=2048, bias=True)
        (fc2): Linear(in_features=2048, out_features=512, bias=True)
        (final_layer_norm): LayerNorm((512,), eps=1e-05, elementwise_affine=True)
      )
    )
    (layer_norm): LayerNorm((512,), eps=1e-05, elementwise_affine=True)
  )
)
| model transformer, criterion LabelSmoothedCrossEntropyCriterion
| num. model params: 39335936 (num. trained: 39335936)
| training on 1 GPUs
| max tokens per GPU = 4000 and max sentences per GPU = None
| no existing checkpoint found ./checkpoints/2020-06-19T10-53-04-00-exp28-bpe5000-lowercase-si-seed14-lowercase/checkpoints_si_en/checkpoint_last.pt
| loading train data for epoch 0
| loaded 396379 examples from: data-bin/wiki_si_en_bpe5000_lowercase/train.si-en.si
| loaded 396379 examples from: data-bin/wiki_si_en_bpe5000_lowercase/train.si-en.en
| data-bin/wiki_si_en_bpe5000_lowercase/ train si-en 396379 examples
| NOTICE: your device may support faster training with --fp16
| epoch 001 | loss 10.018 | nll_loss 9.123 | ppl 557.61 | wps 25629 | ups 2 | wpb 13799.390 | bsz 990.947 | num_updates 400 | lr 0.00010009 | gnorm 0.796 | clip 0.000 | oom 0.000 | wall 219 | train_wall 197
| epoch 001 | valid on 'valid' subset | loss 10.058 | nll_loss 9.152 | ppl 568.7 | num_updates 400
| epoch 002 | loss 8.320 | nll_loss 6.862 | ppl 116.32 | wps 25367 | ups 2 | wpb 13799.390 | bsz 990.947 | num_updates 800 | lr 0.00020008 | gnorm 0.496 | clip 0.000 | oom 0.000 | wall 438 | train_wall 395
| epoch 002 | valid on 'valid' subset | loss 9.242 | nll_loss 7.958 | ppl 248.58 | num_updates 800
| epoch 003 | loss 7.640 | nll_loss 5.959 | ppl 62.22 | wps 25450 | ups 2 | wpb 13799.390 | bsz 990.947 | num_updates 1200 | lr 0.00030007 | gnorm 0.454 | clip 0.000 | oom 0.000 | wall 657 | train_wall 593
| epoch 003 | valid on 'valid' subset | loss 8.625 | nll_loss 7.083 | ppl 135.63 | num_updates 1200
| epoch 004 | loss 7.187 | nll_loss 5.359 | ppl 41.04 | wps 25532 | ups 2 | wpb 13799.390 | bsz 990.947 | num_updates 1600 | lr 0.00040006 | gnorm 0.407 | clip 0.000 | oom 0.000 | wall 875 | train_wall 790
| epoch 004 | valid on 'valid' subset | loss 8.391 | nll_loss 6.730 | ppl 106.15 | num_updates 1600
| epoch 005 | loss 6.874 | nll_loss 4.946 | ppl 30.83 | wps 25382 | ups 2 | wpb 13799.390 | bsz 990.947 | num_updates 2000 | lr 0.00050005 | gnorm 0.373 | clip 0.000 | oom 0.000 | wall 1094 | train_wall 988
| epoch 005 | valid on 'valid' subset | loss 8.079 | nll_loss 6.307 | ppl 79.19 | num_updates 2000
| epoch 006 | loss 6.646 | nll_loss 4.647 | ppl 25.06 | wps 25453 | ups 2 | wpb 13799.390 | bsz 990.947 | num_updates 2400 | lr 0.00060004 | gnorm 0.361 | clip 0.000 | oom 0.000 | wall 1313 | train_wall 1185
| epoch 006 | valid on 'valid' subset | loss 7.895 | nll_loss 6.053 | ppl 66.41 | num_updates 2400
| epoch 007 | loss 6.468 | nll_loss 4.416 | ppl 21.34 | wps 25595 | ups 2 | wpb 13799.390 | bsz 990.947 | num_updates 2800 | lr 0.00070003 | gnorm 0.344 | clip 0.000 | oom 0.000 | wall 1530 | train_wall 1381
| epoch 007 | valid on 'valid' subset | loss 7.716 | nll_loss 5.818 | ppl 56.43 | num_updates 2800
| epoch 008 | loss 6.326 | nll_loss 4.230 | ppl 18.77 | wps 25547 | ups 2 | wpb 13799.390 | bsz 990.947 | num_updates 3200 | lr 0.00080002 | gnorm 0.329 | clip 0.000 | oom 0.000 | wall 1748 | train_wall 1578
| epoch 008 | valid on 'valid' subset | loss 7.547 | nll_loss 5.564 | ppl 47.29 | num_updates 3200
| epoch 009 | loss 6.211 | nll_loss 4.082 | ppl 16.94 | wps 25537 | ups 2 | wpb 13799.390 | bsz 990.947 | num_updates 3600 | lr 0.00090001 | gnorm 0.312 | clip 0.000 | oom 0.000 | wall 1965 | train_wall 1775
| epoch 009 | valid on 'valid' subset | loss 7.457 | nll_loss 5.423 | ppl 42.91 | num_updates 3600
| epoch 010 | loss 6.127 | nll_loss 3.972 | ppl 15.7 | wps 25742 | ups 2 | wpb 13799.390 | bsz 990.947 | num_updates 4000 | lr 0.001 | gnorm 0.303 | clip 0.000 | oom 0.000 | wall 2182 | train_wall 1971
| epoch 010 | valid on 'valid' subset | loss 7.404 | nll_loss 5.357 | ppl 40.99 | num_updates 4000
| epoch 011 | loss 6.048 | nll_loss 3.871 | ppl 14.63 | wps 25808 | ups 2 | wpb 13799.390 | bsz 990.947 | num_updates 4400 | lr 0.000953463 | gnorm 0.279 | clip 0.000 | oom 0.000 | wall 2397 | train_wall 2166
| epoch 011 | valid on 'valid' subset | loss 7.275 | nll_loss 5.160 | ppl 35.76 | num_updates 4400
| epoch 012 | loss 5.969 | nll_loss 3.770 | ppl 13.65 | wps 25770 | ups 2 | wpb 13799.390 | bsz 990.947 | num_updates 4800 | lr 0.000912871 | gnorm 0.260 | clip 0.000 | oom 0.000 | wall 2613 | train_wall 2362
| epoch 012 | valid on 'valid' subset | loss 7.178 | nll_loss 5.047 | ppl 33.07 | num_updates 4800
| epoch 013 | loss 5.906 | nll_loss 3.690 | ppl 12.91 | wps 25678 | ups 2 | wpb 13799.390 | bsz 990.947 | num_updates 5200 | lr 0.000877058 | gnorm 0.254 | clip 0.000 | oom 0.000 | wall 2830 | train_wall 2558
| epoch 013 | valid on 'valid' subset | loss 7.143 | nll_loss 4.978 | ppl 31.52 | num_updates 5200
| epoch 014 | loss 5.851 | nll_loss 3.620 | ppl 12.29 | wps 25743 | ups 2 | wpb 13799.390 | bsz 990.947 | num_updates 5600 | lr 0.000845154 | gnorm 0.244 | clip 0.000 | oom 0.000 | wall 3046 | train_wall 2753
| epoch 014 | valid on 'valid' subset | loss 7.045 | nll_loss 4.861 | ppl 29.06 | num_updates 5600
| epoch 015 | loss 5.806 | nll_loss 3.563 | ppl 11.82 | wps 25875 | ups 2 | wpb 13799.390 | bsz 990.947 | num_updates 6000 | lr 0.000816497 | gnorm 0.238 | clip 0.000 | oom 0.000 | wall 3261 | train_wall 2948
| epoch 015 | valid on 'valid' subset | loss 6.979 | nll_loss 4.767 | ppl 27.23 | num_updates 6000
| epoch 016 | loss 5.764 | nll_loss 3.509 | ppl 11.39 | wps 25627 | ups 2 | wpb 13799.390 | bsz 990.947 | num_updates 6400 | lr 0.000790569 | gnorm 0.229 | clip 0.000 | oom 0.000 | wall 3478 | train_wall 3145
| epoch 016 | valid on 'valid' subset | loss 6.954 | nll_loss 4.730 | ppl 26.54 | num_updates 6400
| epoch 017 | loss 5.730 | nll_loss 3.466 | ppl 11.05 | wps 25647 | ups 2 | wpb 13799.390 | bsz 990.947 | num_updates 6800 | lr 0.000766965 | gnorm 0.226 | clip 0.000 | oom 0.000 | wall 3695 | train_wall 3341
| epoch 017 | valid on 'valid' subset | loss 6.969 | nll_loss 4.732 | ppl 26.58 | num_updates 6800
| epoch 018 | loss 5.697 | nll_loss 3.423 | ppl 10.72 | wps 25626 | ups 2 | wpb 13799.390 | bsz 990.947 | num_updates 7200 | lr 0.000745356 | gnorm 0.219 | clip 0.000 | oom 0.000 | wall 3912 | train_wall 3537
| epoch 018 | valid on 'valid' subset | loss 6.867 | nll_loss 4.607 | ppl 24.37 | num_updates 7200
| epoch 019 | loss 5.670 | nll_loss 3.390 | ppl 10.48 | wps 25722 | ups 2 | wpb 13799.390 | bsz 990.947 | num_updates 7600 | lr 0.000725476 | gnorm 0.217 | clip 0.000 | oom 0.000 | wall 4128 | train_wall 3733
| epoch 019 | valid on 'valid' subset | loss 6.872 | nll_loss 4.604 | ppl 24.32 | num_updates 7600
| epoch 020 | loss 5.643 | nll_loss 3.355 | ppl 10.23 | wps 25644 | ups 2 | wpb 13799.390 | bsz 990.947 | num_updates 8000 | lr 0.000707107 | gnorm 0.212 | clip 0.000 | oom 0.000 | wall 4345 | train_wall 3929
| epoch 020 | valid on 'valid' subset | loss 6.827 | nll_loss 4.529 | ppl 23.09 | num_updates 8000
| epoch 021 | loss 5.621 | nll_loss 3.327 | ppl 10.03 | wps 25668 | ups 2 | wpb 13799.390 | bsz 990.947 | num_updates 8400 | lr 0.000690066 | gnorm 0.209 | clip 0.000 | oom 0.000 | wall 4562 | train_wall 4125
| epoch 021 | valid on 'valid' subset | loss 6.782 | nll_loss 4.486 | ppl 22.41 | num_updates 8400
| epoch 022 | loss 5.599 | nll_loss 3.298 | ppl 9.84 | wps 25883 | ups 2 | wpb 13799.390 | bsz 990.947 | num_updates 8800 | lr 0.0006742 | gnorm 0.207 | clip 0.000 | oom 0.000 | wall 4776 | train_wall 4320
| epoch 022 | valid on 'valid' subset | loss 6.752 | nll_loss 4.446 | ppl 21.79 | num_updates 8800
| epoch 023 | loss 5.581 | nll_loss 3.275 | ppl 9.68 | wps 25712 | ups 2 | wpb 13799.390 | bsz 990.947 | num_updates 9200 | lr 0.00065938 | gnorm 0.208 | clip 0.000 | oom 0.000 | wall 4993 | train_wall 4516
| epoch 023 | valid on 'valid' subset | loss 6.739 | nll_loss 4.433 | ppl 21.6 | num_updates 9200
| epoch 024 | loss 5.562 | nll_loss 3.251 | ppl 9.52 | wps 25817 | ups 2 | wpb 13799.390 | bsz 990.947 | num_updates 9600 | lr 0.000645497 | gnorm 0.204 | clip 0.000 | oom 0.000 | wall 5208 | train_wall 4711
| epoch 024 | valid on 'valid' subset | loss 6.769 | nll_loss 4.457 | ppl 21.96 | num_updates 9600
| epoch 025 | loss 5.545 | nll_loss 3.230 | ppl 9.39 | wps 25679 | ups 2 | wpb 13799.390 | bsz 990.947 | num_updates 10000 | lr 0.000632456 | gnorm 0.203 | clip 0.000 | oom 0.000 | wall 5425 | train_wall 4907
| epoch 025 | valid on 'valid' subset | loss 6.710 | nll_loss 4.378 | ppl 20.8 | num_updates 10000
| epoch 026 | loss 5.530 | nll_loss 3.211 | ppl 9.26 | wps 25757 | ups 2 | wpb 13799.390 | bsz 990.947 | num_updates 10400 | lr 0.000620174 | gnorm 0.202 | clip 0.000 | oom 0.000 | wall 5641 | train_wall 5103
| epoch 026 | valid on 'valid' subset | loss 6.709 | nll_loss 4.375 | ppl 20.75 | num_updates 10400
| epoch 027 | loss 5.515 | nll_loss 3.192 | ppl 9.14 | wps 25801 | ups 2 | wpb 13799.390 | bsz 990.947 | num_updates 10800 | lr 0.000608581 | gnorm 0.201 | clip 0.000 | oom 0.000 | wall 5857 | train_wall 5298
| epoch 027 | valid on 'valid' subset | loss 6.682 | nll_loss 4.332 | ppl 20.14 | num_updates 10800
| epoch 028 | loss 5.502 | nll_loss 3.175 | ppl 9.03 | wps 25813 | ups 2 | wpb 13799.390 | bsz 990.947 | num_updates 11200 | lr 0.000597614 | gnorm 0.199 | clip 0.000 | oom 0.000 | wall 6072 | train_wall 5494
| epoch 028 | valid on 'valid' subset | loss 6.650 | nll_loss 4.306 | ppl 19.78 | num_updates 11200
| epoch 029 | loss 5.488 | nll_loss 3.158 | ppl 8.92 | wps 25877 | ups 2 | wpb 13799.390 | bsz 990.947 | num_updates 11600 | lr 0.00058722 | gnorm 0.198 | clip 0.000 | oom 0.000 | wall 6287 | train_wall 5689
| epoch 029 | valid on 'valid' subset | loss 6.645 | nll_loss 4.287 | ppl 19.51 | num_updates 11600
| epoch 030 | loss 5.477 | nll_loss 3.143 | ppl 8.83 | wps 25658 | ups 2 | wpb 13799.390 | bsz 990.947 | num_updates 12000 | lr 0.00057735 | gnorm 0.198 | clip 0.000 | oom 0.000 | wall 6504 | train_wall 5885
| epoch 030 | valid on 'valid' subset | loss 6.649 | nll_loss 4.290 | ppl 19.56 | num_updates 12000
| saved checkpoint ./checkpoints/2020-06-19T10-53-04-00-exp28-bpe5000-lowercase-si-seed14-lowercase/checkpoints_si_en/checkpoint30.pt (epoch 30 @ 12000 updates) (writing took 0.9698300361633301 seconds)
| epoch 031 | loss 5.464 | nll_loss 3.127 | ppl 8.74 | wps 25701 | ups 2 | wpb 13799.390 | bsz 990.947 | num_updates 12400 | lr 0.000567962 | gnorm 0.196 | clip 0.000 | oom 0.000 | wall 6721 | train_wall 6081
| epoch 031 | valid on 'valid' subset | loss 6.627 | nll_loss 4.269 | ppl 19.28 | num_updates 12400 | best_loss 6.6272
| epoch 032 | loss 5.454 | nll_loss 3.113 | ppl 8.65 | wps 25848 | ups 2 | wpb 13799.390 | bsz 990.947 | num_updates 12800 | lr 0.000559017 | gnorm 0.195 | clip 0.000 | oom 0.000 | wall 6937 | train_wall 6276
| epoch 032 | valid on 'valid' subset | loss 6.594 | nll_loss 4.229 | ppl 18.75 | num_updates 12800 | best_loss 6.59426
| epoch 033 | loss 5.444 | nll_loss 3.100 | ppl 8.58 | wps 25736 | ups 2 | wpb 13799.390 | bsz 990.947 | num_updates 13200 | lr 0.000550482 | gnorm 0.195 | clip 0.000 | oom 0.000 | wall 7153 | train_wall 6472
| epoch 033 | valid on 'valid' subset | loss 6.622 | nll_loss 4.270 | ppl 19.3 | num_updates 13200 | best_loss 6.6217
| epoch 034 | loss 5.434 | nll_loss 3.088 | ppl 8.5 | wps 25833 | ups 2 | wpb 13799.390 | bsz 990.947 | num_updates 13600 | lr 0.000542326 | gnorm 0.193 | clip 0.000 | oom 0.000 | wall 7368 | train_wall 6667
| epoch 034 | valid on 'valid' subset | loss 6.594 | nll_loss 4.216 | ppl 18.59 | num_updates 13600 | best_loss 6.59369
| epoch 035 | loss 5.424 | nll_loss 3.076 | ppl 8.43 | wps 25654 | ups 2 | wpb 13799.390 | bsz 990.947 | num_updates 14000 | lr 0.000534522 | gnorm 0.193 | clip 0.000 | oom 0.000 | wall 7585 | train_wall 6863
| epoch 035 | valid on 'valid' subset | loss 6.585 | nll_loss 4.200 | ppl 18.38 | num_updates 14000 | best_loss 6.58536
| epoch 036 | loss 5.415 | nll_loss 3.064 | ppl 8.36 | wps 25751 | ups 2 | wpb 13799.390 | bsz 990.947 | num_updates 14400 | lr 0.000527046 | gnorm 0.193 | clip 0.000 | oom 0.000 | wall 7801 | train_wall 7058
| epoch 036 | valid on 'valid' subset | loss 6.560 | nll_loss 4.174 | ppl 18.06 | num_updates 14400 | best_loss 6.55976
| epoch 037 | loss 5.406 | nll_loss 3.052 | ppl 8.29 | wps 25674 | ups 2 | wpb 13799.390 | bsz 990.947 | num_updates 14800 | lr 0.000519875 | gnorm 0.191 | clip 0.000 | oom 0.000 | wall 8018 | train_wall 7254
| epoch 037 | valid on 'valid' subset | loss 6.592 | nll_loss 4.220 | ppl 18.63 | num_updates 14800 | best_loss 6.59185
| epoch 038 | loss 5.399 | nll_loss 3.043 | ppl 8.24 | wps 25831 | ups 2 | wpb 13799.390 | bsz 990.947 | num_updates 15200 | lr 0.000512989 | gnorm 0.192 | clip 0.000 | oom 0.000 | wall 8233 | train_wall 7450
| epoch 038 | valid on 'valid' subset | loss 6.548 | nll_loss 4.163 | ppl 17.92 | num_updates 15200 | best_loss 6.54782
| epoch 039 | loss 5.390 | nll_loss 3.032 | ppl 8.18 | wps 25670 | ups 2 | wpb 13799.390 | bsz 990.947 | num_updates 15600 | lr 0.00050637 | gnorm 0.192 | clip 0.000 | oom 0.000 | wall 8450 | train_wall 7646
| epoch 039 | valid on 'valid' subset | loss 6.561 | nll_loss 4.178 | ppl 18.1 | num_updates 15600 | best_loss 6.56144
| epoch 040 | loss 5.382 | nll_loss 3.022 | ppl 8.12 | wps 25812 | ups 2 | wpb 13799.390 | bsz 990.947 | num_updates 16000 | lr 0.0005 | gnorm 0.192 | clip 0.000 | oom 0.000 | wall 8665 | train_wall 7841
| epoch 040 | valid on 'valid' subset | loss 6.558 | nll_loss 4.166 | ppl 17.95 | num_updates 16000 | best_loss 6.55809
| epoch 041 | loss 5.375 | nll_loss 3.013 | ppl 8.07 | wps 25829 | ups 2 | wpb 13799.390 | bsz 990.947 | num_updates 16400 | lr 0.000493865 | gnorm 0.192 | clip 0.000 | oom 0.000 | wall 8881 | train_wall 8037
| epoch 041 | valid on 'valid' subset | loss 6.547 | nll_loss 4.147 | ppl 17.71 | num_updates 16400 | best_loss 6.54708
| epoch 042 | loss 5.369 | nll_loss 3.005 | ppl 8.03 | wps 25722 | ups 2 | wpb 13799.390 | bsz 990.947 | num_updates 16800 | lr 0.00048795 | gnorm 0.190 | clip 0.000 | oom 0.000 | wall 9097 | train_wall 8232
| epoch 042 | valid on 'valid' subset | loss 6.521 | nll_loss 4.121 | ppl 17.4 | num_updates 16800 | best_loss 6.5212
| epoch 043 | loss 5.362 | nll_loss 2.996 | ppl 7.98 | wps 25617 | ups 2 | wpb 13799.390 | bsz 990.947 | num_updates 17200 | lr 0.000482243 | gnorm 0.190 | clip 0.000 | oom 0.000 | wall 9314 | train_wall 8428
| epoch 043 | valid on 'valid' subset | loss 6.493 | nll_loss 4.086 | ppl 16.98 | num_updates 17200 | best_loss 6.49264
| epoch 044 | loss 5.355 | nll_loss 2.987 | ppl 7.93 | wps 25668 | ups 2 | wpb 13799.390 | bsz 990.947 | num_updates 17600 | lr 0.000476731 | gnorm 0.191 | clip 0.000 | oom 0.000 | wall 9531 | train_wall 8624
| epoch 044 | valid on 'valid' subset | loss 6.520 | nll_loss 4.116 | ppl 17.34 | num_updates 17600 | best_loss 6.51964
| epoch 045 | loss 5.349 | nll_loss 2.980 | ppl 7.89 | wps 25943 | ups 2 | wpb 13799.390 | bsz 990.947 | num_updates 18000 | lr 0.000471405 | gnorm 0.190 | clip 0.000 | oom 0.000 | wall 9745 | train_wall 8819
| epoch 045 | valid on 'valid' subset | loss 6.513 | nll_loss 4.114 | ppl 17.31 | num_updates 18000 | best_loss 6.51258
| epoch 046 | loss 5.344 | nll_loss 2.973 | ppl 7.85 | wps 25801 | ups 2 | wpb 13799.390 | bsz 990.947 | num_updates 18400 | lr 0.000466252 | gnorm 0.189 | clip 0.000 | oom 0.000 | wall 9961 | train_wall 9015
| epoch 046 | valid on 'valid' subset | loss 6.493 | nll_loss 4.084 | ppl 16.96 | num_updates 18400 | best_loss 6.49251
| epoch 047 | loss 5.338 | nll_loss 2.965 | ppl 7.81 | wps 25685 | ups 2 | wpb 13799.390 | bsz 990.947 | num_updates 18800 | lr 0.000461266 | gnorm 0.191 | clip 0.000 | oom 0.000 | wall 10178 | train_wall 9211
| epoch 047 | valid on 'valid' subset | loss 6.494 | nll_loss 4.079 | ppl 16.9 | num_updates 18800 | best_loss 6.49371
| epoch 048 | loss 5.332 | nll_loss 2.957 | ppl 7.77 | wps 25666 | ups 2 | wpb 13799.390 | bsz 990.947 | num_updates 19200 | lr 0.000456435 | gnorm 0.189 | clip 0.000 | oom 0.000 | wall 10394 | train_wall 9407
| epoch 048 | valid on 'valid' subset | loss 6.457 | nll_loss 4.045 | ppl 16.5 | num_updates 19200 | best_loss 6.45684
| epoch 049 | loss 5.327 | nll_loss 2.951 | ppl 7.73 | wps 25805 | ups 2 | wpb 13799.390 | bsz 990.947 | num_updates 19600 | lr 0.000451754 | gnorm 0.189 | clip 0.000 | oom 0.000 | wall 10610 | train_wall 9602
| epoch 049 | valid on 'valid' subset | loss 6.495 | nll_loss 4.089 | ppl 17.02 | num_updates 19600 | best_loss 6.4951
| epoch 050 | loss 5.321 | nll_loss 2.944 | ppl 7.69 | wps 25848 | ups 2 | wpb 13799.390 | bsz 990.947 | num_updates 20000 | lr 0.000447214 | gnorm 0.191 | clip 0.000 | oom 0.000 | wall 10825 | train_wall 9797
| epoch 050 | valid on 'valid' subset | loss 6.500 | nll_loss 4.078 | ppl 16.89 | num_updates 20000 | best_loss 6.49953
| epoch 051 | loss 5.315 | nll_loss 2.936 | ppl 7.65 | wps 25753 | ups 2 | wpb 13799.390 | bsz 990.947 | num_updates 20400 | lr 0.000442807 | gnorm 0.189 | clip 0.000 | oom 0.000 | wall 11041 | train_wall 9993
| epoch 051 | valid on 'valid' subset | loss 6.473 | nll_loss 4.061 | ppl 16.69 | num_updates 20400 | best_loss 6.47324
| epoch 052 | loss 5.311 | nll_loss 2.930 | ppl 7.62 | wps 25783 | ups 2 | wpb 13799.390 | bsz 990.947 | num_updates 20800 | lr 0.000438529 | gnorm 0.189 | clip 0.000 | oom 0.000 | wall 11257 | train_wall 10189
| epoch 052 | valid on 'valid' subset | loss 6.489 | nll_loss 4.068 | ppl 16.78 | num_updates 20800 | best_loss 6.48853
| epoch 053 | loss 5.305 | nll_loss 2.923 | ppl 7.58 | wps 25753 | ups 2 | wpb 13799.390 | bsz 990.947 | num_updates 21200 | lr 0.000434372 | gnorm 0.189 | clip 0.000 | oom 0.000 | wall 11473 | train_wall 10384
| epoch 053 | valid on 'valid' subset | loss 6.478 | nll_loss 4.058 | ppl 16.66 | num_updates 21200 | best_loss 6.47843
| epoch 054 | loss 5.300 | nll_loss 2.917 | ppl 7.55 | wps 25815 | ups 2 | wpb 13799.390 | bsz 990.947 | num_updates 21600 | lr 0.000430331 | gnorm 0.188 | clip 0.000 | oom 0.000 | wall 11689 | train_wall 10580
| epoch 054 | valid on 'valid' subset | loss 6.459 | nll_loss 4.041 | ppl 16.46 | num_updates 21600 | best_loss 6.45929
| epoch 055 | loss 5.297 | nll_loss 2.913 | ppl 7.53 | wps 25546 | ups 2 | wpb 13799.390 | bsz 990.947 | num_updates 22000 | lr 0.000426401 | gnorm 0.189 | clip 0.000 | oom 0.000 | wall 11906 | train_wall 10776
| epoch 055 | valid on 'valid' subset | loss 6.430 | nll_loss 4.010 | ppl 16.11 | num_updates 22000 | best_loss 6.43049
| epoch 056 | loss 5.292 | nll_loss 2.907 | ppl 7.5 | wps 25391 | ups 2 | wpb 13799.390 | bsz 990.947 | num_updates 22400 | lr 0.000422577 | gnorm 0.191 | clip 0.000 | oom 0.000 | wall 12125 | train_wall 10974
| epoch 056 | valid on 'valid' subset | loss 6.439 | nll_loss 4.018 | ppl 16.2 | num_updates 22400 | best_loss 6.43898
| epoch 057 | loss 5.286 | nll_loss 2.899 | ppl 7.46 | wps 25745 | ups 2 | wpb 13799.390 | bsz 990.947 | num_updates 22800 | lr 0.000418854 | gnorm 0.189 | clip 0.000 | oom 0.000 | wall 12341 | train_wall 11169
| epoch 057 | valid on 'valid' subset | loss 6.432 | nll_loss 4.002 | ppl 16.02 | num_updates 22800 | best_loss 6.43231
| epoch 058 | loss 5.283 | nll_loss 2.895 | ppl 7.44 | wps 25748 | ups 2 | wpb 13799.390 | bsz 990.947 | num_updates 23200 | lr 0.000415227 | gnorm 0.188 | clip 0.000 | oom 0.000 | wall 12557 | train_wall 11365
| epoch 058 | valid on 'valid' subset | loss 6.431 | nll_loss 4.005 | ppl 16.06 | num_updates 23200 | best_loss 6.43103
| epoch 059 | loss 5.278 | nll_loss 2.889 | ppl 7.41 | wps 25684 | ups 2 | wpb 13799.390 | bsz 990.947 | num_updates 23600 | lr 0.000411693 | gnorm 0.188 | clip 0.000 | oom 0.000 | wall 12774 | train_wall 11560
| epoch 059 | valid on 'valid' subset | loss 6.474 | nll_loss 4.051 | ppl 16.57 | num_updates 23600 | best_loss 6.47436
| epoch 060 | loss 5.275 | nll_loss 2.885 | ppl 7.39 | wps 25893 | ups 2 | wpb 13799.390 | bsz 990.947 | num_updates 24000 | lr 0.000408248 | gnorm 0.188 | clip 0.000 | oom 0.000 | wall 12989 | train_wall 11755
| epoch 060 | valid on 'valid' subset | loss 6.432 | nll_loss 3.998 | ppl 15.98 | num_updates 24000 | best_loss 6.43232
| saved checkpoint ./checkpoints/2020-06-19T10-53-04-00-exp28-bpe5000-lowercase-si-seed14-lowercase/checkpoints_si_en/checkpoint60.pt (epoch 60 @ 24000 updates) (writing took 1.3032050132751465 seconds)
| epoch 061 | loss 5.271 | nll_loss 2.880 | ppl 7.36 | wps 25650 | ups 2 | wpb 13799.390 | bsz 990.947 | num_updates 24400 | lr 0.000404888 | gnorm 0.190 | clip 0.000 | oom 0.000 | wall 13207 | train_wall 11951
| epoch 061 | valid on 'valid' subset | loss 6.460 | nll_loss 4.031 | ppl 16.35 | num_updates 24400 | best_loss 6.43232
| epoch 062 | loss 5.267 | nll_loss 2.875 | ppl 7.34 | wps 25854 | ups 2 | wpb 13799.390 | bsz 990.947 | num_updates 24800 | lr 0.00040161 | gnorm 0.189 | clip 0.000 | oom 0.000 | wall 13422 | train_wall 12146
| epoch 062 | valid on 'valid' subset | loss 6.444 | nll_loss 4.012 | ppl 16.13 | num_updates 24800 | best_loss 6.43232
| epoch 063 | loss 5.264 | nll_loss 2.870 | ppl 7.31 | wps 25719 | ups 2 | wpb 13799.390 | bsz 990.947 | num_updates 25200 | lr 0.00039841 | gnorm 0.190 | clip 0.000 | oom 0.000 | wall 13638 | train_wall 12342
| epoch 063 | valid on 'valid' subset | loss 6.419 | nll_loss 3.984 | ppl 15.83 | num_updates 25200 | best_loss 6.41943
| epoch 064 | loss 5.260 | nll_loss 2.865 | ppl 7.29 | wps 25836 | ups 2 | wpb 13799.390 | bsz 990.947 | num_updates 25600 | lr 0.000395285 | gnorm 0.189 | clip 0.000 | oom 0.000 | wall 13854 | train_wall 12537
| epoch 064 | valid on 'valid' subset | loss 6.405 | nll_loss 3.960 | ppl 15.56 | num_updates 25600 | best_loss 6.40522
| epoch 065 | loss 5.256 | nll_loss 2.860 | ppl 7.26 | wps 25661 | ups 2 | wpb 13799.390 | bsz 990.947 | num_updates 26000 | lr 0.000392232 | gnorm 0.189 | clip 0.000 | oom 0.000 | wall 14070 | train_wall 12733
| epoch 065 | valid on 'valid' subset | loss 6.397 | nll_loss 3.964 | ppl 15.6 | num_updates 26000 | best_loss 6.39706
| epoch 066 | loss 5.252 | nll_loss 2.856 | ppl 7.24 | wps 25699 | ups 2 | wpb 13799.390 | bsz 990.947 | num_updates 26400 | lr 0.000389249 | gnorm 0.188 | clip 0.000 | oom 0.000 | wall 14287 | train_wall 12929
| epoch 066 | valid on 'valid' subset | loss 6.379 | nll_loss 3.945 | ppl 15.4 | num_updates 26400 | best_loss 6.37949
| epoch 067 | loss 5.250 | nll_loss 2.852 | ppl 7.22 | wps 25612 | ups 2 | wpb 13799.390 | bsz 990.947 | num_updates 26800 | lr 0.000386334 | gnorm 0.191 | clip 0.000 | oom 0.000 | wall 14504 | train_wall 13125
| epoch 067 | valid on 'valid' subset | loss 6.396 | nll_loss 3.961 | ppl 15.57 | num_updates 26800 | best_loss 6.39572
| epoch 068 | loss 5.246 | nll_loss 2.847 | ppl 7.2 | wps 25491 | ups 2 | wpb 13799.390 | bsz 990.947 | num_updates 27200 | lr 0.000383482 | gnorm 0.188 | clip 0.000 | oom 0.000 | wall 14722 | train_wall 13322
| epoch 068 | valid on 'valid' subset | loss 6.409 | nll_loss 3.974 | ppl 15.71 | num_updates 27200 | best_loss 6.40944
| epoch 069 | loss 5.243 | nll_loss 2.843 | ppl 7.18 | wps 25544 | ups 2 | wpb 13799.390 | bsz 990.947 | num_updates 27600 | lr 0.000380693 | gnorm 0.188 | clip 0.000 | oom 0.000 | wall 14940 | train_wall 13519
| epoch 069 | valid on 'valid' subset | loss 6.376 | nll_loss 3.936 | ppl 15.3 | num_updates 27600 | best_loss 6.37602
| epoch 070 | loss 5.240 | nll_loss 2.840 | ppl 7.16 | wps 25682 | ups 2 | wpb 13799.390 | bsz 990.947 | num_updates 28000 | lr 0.000377964 | gnorm 0.190 | clip 0.000 | oom 0.000 | wall 15157 | train_wall 13714
| epoch 070 | valid on 'valid' subset | loss 6.384 | nll_loss 3.946 | ppl 15.41 | num_updates 28000 | best_loss 6.38401
| epoch 071 | loss 5.237 | nll_loss 2.836 | ppl 7.14 | wps 25838 | ups 2 | wpb 13799.390 | bsz 990.947 | num_updates 28400 | lr 0.000375293 | gnorm 0.190 | clip 0.000 | oom 0.000 | wall 15372 | train_wall 13909
| epoch 071 | valid on 'valid' subset | loss 6.410 | nll_loss 3.975 | ppl 15.72 | num_updates 28400 | best_loss 6.41029
| epoch 072 | loss 5.233 | nll_loss 2.831 | ppl 7.11 | wps 25820 | ups 2 | wpb 13799.390 | bsz 990.947 | num_updates 28800 | lr 0.000372678 | gnorm 0.189 | clip 0.000 | oom 0.000 | wall 15587 | train_wall 14105
| epoch 072 | valid on 'valid' subset | loss 6.368 | nll_loss 3.924 | ppl 15.17 | num_updates 28800 | best_loss 6.36769
| epoch 073 | loss 5.230 | nll_loss 2.827 | ppl 7.1 | wps 25845 | ups 2 | wpb 13799.390 | bsz 990.947 | num_updates 29200 | lr 0.000370117 | gnorm 0.190 | clip 0.000 | oom 0.000 | wall 15803 | train_wall 14300
| epoch 073 | valid on 'valid' subset | loss 6.409 | nll_loss 3.972 | ppl 15.69 | num_updates 29200 | best_loss 6.40878
| epoch 074 | loss 5.227 | nll_loss 2.823 | ppl 7.08 | wps 25808 | ups 2 | wpb 13799.390 | bsz 990.947 | num_updates 29600 | lr 0.000367607 | gnorm 0.189 | clip 0.000 | oom 0.000 | wall 16018 | train_wall 14496
| epoch 074 | valid on 'valid' subset | loss 6.400 | nll_loss 3.959 | ppl 15.56 | num_updates 29600 | best_loss 6.40026
| epoch 075 | loss 5.224 | nll_loss 2.820 | ppl 7.06 | wps 25745 | ups 2 | wpb 13799.390 | bsz 990.947 | num_updates 30000 | lr 0.000365148 | gnorm 0.188 | clip 0.000 | oom 0.000 | wall 16234 | train_wall 14692
| epoch 075 | valid on 'valid' subset | loss 6.383 | nll_loss 3.937 | ppl 15.32 | num_updates 30000 | best_loss 6.38329
| epoch 076 | loss 5.221 | nll_loss 2.816 | ppl 7.04 | wps 25824 | ups 2 | wpb 13799.390 | bsz 990.947 | num_updates 30400 | lr 0.000362738 | gnorm 0.191 | clip 0.000 | oom 0.000 | wall 16450 | train_wall 14887
| epoch 076 | valid on 'valid' subset | loss 6.397 | nll_loss 3.953 | ppl 15.49 | num_updates 30400 | best_loss 6.39716
| epoch 077 | loss 5.218 | nll_loss 2.812 | ppl 7.02 | wps 25917 | ups 2 | wpb 13799.390 | bsz 990.947 | num_updates 30800 | lr 0.000360375 | gnorm 0.188 | clip 0.000 | oom 0.000 | wall 16664 | train_wall 15081
| epoch 077 | valid on 'valid' subset | loss 6.395 | nll_loss 3.948 | ppl 15.44 | num_updates 30800 | best_loss 6.39519
| epoch 078 | loss 5.216 | nll_loss 2.810 | ppl 7.01 | wps 25913 | ups 2 | wpb 13799.390 | bsz 990.947 | num_updates 31200 | lr 0.000358057 | gnorm 0.189 | clip 0.000 | oom 0.000 | wall 16879 | train_wall 15276
| epoch 078 | valid on 'valid' subset | loss 6.365 | nll_loss 3.920 | ppl 15.13 | num_updates 31200 | best_loss 6.36529
| epoch 079 | loss 5.213 | nll_loss 2.806 | ppl 6.99 | wps 25861 | ups 2 | wpb 13799.390 | bsz 990.947 | num_updates 31600 | lr 0.000355784 | gnorm 0.190 | clip 0.000 | oom 0.000 | wall 17094 | train_wall 15472
| epoch 079 | valid on 'valid' subset | loss 6.373 | nll_loss 3.930 | ppl 15.24 | num_updates 31600 | best_loss 6.37304
| epoch 080 | loss 5.210 | nll_loss 2.802 | ppl 6.97 | wps 25628 | ups 2 | wpb 13799.390 | bsz 990.947 | num_updates 32000 | lr 0.000353553 | gnorm 0.189 | clip 0.000 | oom 0.000 | wall 17311 | train_wall 15668
| epoch 080 | valid on 'valid' subset | loss 6.367 | nll_loss 3.918 | ppl 15.12 | num_updates 32000 | best_loss 6.36731
| epoch 081 | loss 5.208 | nll_loss 2.799 | ppl 6.96 | wps 25920 | ups 2 | wpb 13799.390 | bsz 990.947 | num_updates 32400 | lr 0.000351364 | gnorm 0.189 | clip 0.000 | oom 0.000 | wall 17526 | train_wall 15863
| epoch 081 | valid on 'valid' subset | loss 6.382 | nll_loss 3.932 | ppl 15.26 | num_updates 32400 | best_loss 6.38227
| epoch 082 | loss 5.205 | nll_loss 2.796 | ppl 6.94 | wps 25831 | ups 2 | wpb 13799.390 | bsz 990.947 | num_updates 32800 | lr 0.000349215 | gnorm 0.189 | clip 0.000 | oom 0.000 | wall 17741 | train_wall 16058
| epoch 082 | valid on 'valid' subset | loss 6.357 | nll_loss 3.915 | ppl 15.08 | num_updates 32800 | best_loss 6.35663
| epoch 083 | loss 5.203 | nll_loss 2.792 | ppl 6.93 | wps 25811 | ups 2 | wpb 13799.390 | bsz 990.947 | num_updates 33200 | lr 0.000347105 | gnorm 0.189 | clip 0.000 | oom 0.000 | wall 17957 | train_wall 16253
| epoch 083 | valid on 'valid' subset | loss 6.356 | nll_loss 3.915 | ppl 15.08 | num_updates 33200 | best_loss 6.35623
| epoch 084 | loss 5.200 | nll_loss 2.789 | ppl 6.91 | wps 25793 | ups 2 | wpb 13799.390 | bsz 990.947 | num_updates 33600 | lr 0.000345033 | gnorm 0.190 | clip 0.000 | oom 0.000 | wall 18173 | train_wall 16448
| epoch 084 | valid on 'valid' subset | loss 6.367 | nll_loss 3.919 | ppl 15.13 | num_updates 33600 | best_loss 6.36657
| epoch 085 | loss 5.197 | nll_loss 2.785 | ppl 6.89 | wps 25767 | ups 2 | wpb 13799.390 | bsz 990.947 | num_updates 34000 | lr 0.000342997 | gnorm 0.190 | clip 0.000 | oom 0.000 | wall 18388 | train_wall 16644
| epoch 085 | valid on 'valid' subset | loss 6.391 | nll_loss 3.946 | ppl 15.41 | num_updates 34000 | best_loss 6.3912
| epoch 086 | loss 5.196 | nll_loss 2.783 | ppl 6.88 | wps 25758 | ups 2 | wpb 13799.390 | bsz 990.947 | num_updates 34400 | lr 0.000340997 | gnorm 0.189 | clip 0.000 | oom 0.000 | wall 18605 | train_wall 16839
| epoch 086 | valid on 'valid' subset | loss 6.342 | nll_loss 3.900 | ppl 14.93 | num_updates 34400 | best_loss 6.34225
| epoch 087 | loss 5.194 | nll_loss 2.781 | ppl 6.87 | wps 25672 | ups 2 | wpb 13799.390 | bsz 990.947 | num_updates 34800 | lr 0.000339032 | gnorm 0.190 | clip 0.000 | oom 0.000 | wall 18821 | train_wall 17036
| epoch 087 | valid on 'valid' subset | loss 6.372 | nll_loss 3.932 | ppl 15.26 | num_updates 34800 | best_loss 6.37234
| epoch 088 | loss 5.191 | nll_loss 2.777 | ppl 6.85 | wps 25882 | ups 2 | wpb 13799.390 | bsz 990.947 | num_updates 35200 | lr 0.0003371 | gnorm 0.189 | clip 0.000 | oom 0.000 | wall 19036 | train_wall 17231
| epoch 088 | valid on 'valid' subset | loss 6.386 | nll_loss 3.943 | ppl 15.38 | num_updates 35200 | best_loss 6.38581
| epoch 089 | loss 5.188 | nll_loss 2.774 | ppl 6.84 | wps 25621 | ups 2 | wpb 13799.390 | bsz 990.947 | num_updates 35600 | lr 0.000335201 | gnorm 0.190 | clip 0.000 | oom 0.000 | wall 19253 | train_wall 17427
| epoch 089 | valid on 'valid' subset | loss 6.363 | nll_loss 3.923 | ppl 15.17 | num_updates 35600 | best_loss 6.36297
| epoch 090 | loss 5.187 | nll_loss 2.772 | ppl 6.83 | wps 25739 | ups 2 | wpb 13799.390 | bsz 990.947 | num_updates 36000 | lr 0.000333333 | gnorm 0.191 | clip 0.000 | oom 0.000 | wall 19469 | train_wall 17622
| epoch 090 | valid on 'valid' subset | loss 6.338 | nll_loss 3.889 | ppl 14.81 | num_updates 36000 | best_loss 6.33754
| saved checkpoint ./checkpoints/2020-06-19T10-53-04-00-exp28-bpe5000-lowercase-si-seed14-lowercase/checkpoints_si_en/checkpoint90.pt (epoch 90 @ 36000 updates) (writing took 1.2929961681365967 seconds)
| epoch 091 | loss 5.184 | nll_loss 2.768 | ppl 6.81 | wps 25705 | ups 2 | wpb 13799.390 | bsz 990.947 | num_updates 36400 | lr 0.000331497 | gnorm 0.188 | clip 0.000 | oom 0.000 | wall 19687 | train_wall 17818
| epoch 091 | valid on 'valid' subset | loss 6.362 | nll_loss 3.911 | ppl 15.04 | num_updates 36400 | best_loss 6.33754
| epoch 092 | loss 5.182 | nll_loss 2.766 | ppl 6.8 | wps 25832 | ups 2 | wpb 13799.390 | bsz 990.947 | num_updates 36800 | lr 0.00032969 | gnorm 0.190 | clip 0.000 | oom 0.000 | wall 19903 | train_wall 18013
| epoch 092 | valid on 'valid' subset | loss 6.354 | nll_loss 3.905 | ppl 14.98 | num_updates 36800 | best_loss 6.33754
| epoch 093 | loss 5.180 | nll_loss 2.763 | ppl 6.79 | wps 25702 | ups 2 | wpb 13799.390 | bsz 990.947 | num_updates 37200 | lr 0.000327913 | gnorm 0.189 | clip 0.000 | oom 0.000 | wall 20119 | train_wall 18209
| epoch 093 | valid on 'valid' subset | loss 6.374 | nll_loss 3.922 | ppl 15.15 | num_updates 37200 | best_loss 6.33754
| epoch 094 | loss 5.178 | nll_loss 2.761 | ppl 6.78 | wps 25968 | ups 2 | wpb 13799.390 | bsz 990.947 | num_updates 37600 | lr 0.000326164 | gnorm 0.191 | clip 0.000 | oom 0.000 | wall 20333 | train_wall 18403
| epoch 094 | valid on 'valid' subset | loss 6.339 | nll_loss 3.895 | ppl 14.88 | num_updates 37600 | best_loss 6.33754
| epoch 095 | loss 5.176 | nll_loss 2.758 | ppl 6.77 | wps 25719 | ups 2 | wpb 13799.390 | bsz 990.947 | num_updates 38000 | lr 0.000324443 | gnorm 0.191 | clip 0.000 | oom 0.000 | wall 20550 | train_wall 18599
| epoch 095 | valid on 'valid' subset | loss 6.331 | nll_loss 3.882 | ppl 14.75 | num_updates 38000 | best_loss 6.33129
| epoch 096 | loss 5.173 | nll_loss 2.754 | ppl 6.75 | wps 25961 | ups 2 | wpb 13799.390 | bsz 990.947 | num_updates 38400 | lr 0.000322749 | gnorm 0.190 | clip 0.000 | oom 0.000 | wall 20764 | train_wall 18794
| epoch 096 | valid on 'valid' subset | loss 6.345 | nll_loss 3.897 | ppl 14.89 | num_updates 38400 | best_loss 6.33754
| epoch 097 | loss 5.171 | nll_loss 2.752 | ppl 6.73 | wps 25666 | ups 2 | wpb 13799.390 | bsz 990.947 | num_updates 38800 | lr 0.000321081 | gnorm 0.190 | clip 0.000 | oom 0.000 | wall 20981 | train_wall 18990
| epoch 097 | valid on 'valid' subset | loss 6.343 | nll_loss 3.895 | ppl 14.88 | num_updates 38800 | best_loss 6.33754
| epoch 098 | loss 5.170 | nll_loss 2.750 | ppl 6.73 | wps 25647 | ups 2 | wpb 13799.390 | bsz 990.947 | num_updates 39200 | lr 0.000319438 | gnorm 0.191 | clip 0.000 | oom 0.000 | wall 21198 | train_wall 19186
| epoch 098 | valid on 'valid' subset | loss 6.337 | nll_loss 3.883 | ppl 14.76 | num_updates 39200 | best_loss 6.33701
| epoch 099 | loss 5.168 | nll_loss 2.747 | ppl 6.71 | wps 25613 | ups 2 | wpb 13799.390 | bsz 990.947 | num_updates 39600 | lr 0.000317821 | gnorm 0.190 | clip 0.000 | oom 0.000 | wall 21415 | train_wall 19382
| epoch 099 | valid on 'valid' subset | loss 6.343 | nll_loss 3.894 | ppl 14.87 | num_updates 39600 | best_loss 6.33754
| epoch 100 | loss 5.166 | nll_loss 2.745 | ppl 6.7 | wps 25732 | ups 2 | wpb 13799.390 | bsz 990.947 | num_updates 40000 | lr 0.000316228 | gnorm 0.190 | clip 0.000 | oom 0.000 | wall 21631 | train_wall 19578
| epoch 100 | valid on 'valid' subset | loss 6.349 | nll_loss 3.899 | ppl 14.92 | num_updates 40000 | best_loss 6.33754
| done training in 21629.1 seconds
Done training.
Time at end: Fri Jun 19 16:53:58 EDT 2020
