================ FLORES BASELINE WITH CLIP_NORM=0.1, BPE=2500 AND SEED=18  ================
About to train the supervised for the following language pair: NE-EN
Checkpoint directory unset! Setting to default value...
CHECKPOINT_DIR is set to './checkpoints/2020-04-05T02-03-04-00-exp24-bpe2500-seed18/checkpoints_ne_en'
Creating checkpoint directory if it doesn't exist...
Data folder is: data-bin/wiki_ne_en_bpe2500/
Beginning training...
Time at beginning: Sun Apr 5 02:03:47 EDT 2020
Namespace(activation_dropout=0.2, activation_fn='relu', adam_betas='(0.9, 0.98)', adam_eps=1e-08, adaptive_input=False, adaptive_softmax_cutoff=None, adaptive_softmax_dropout=0, arch='transformer', attention_dropout=0.2, best_checkpoint_metric='loss', bpe=None, bucket_cap_mb=25, clip_norm=0.1, cpu=False, criterion='label_smoothed_cross_entropy', cross_self_attention=False, curriculum=0, data='data-bin/wiki_ne_en_bpe2500/', dataset_impl=None, ddp_backend='c10d', decoder_attention_heads=2, decoder_embed_dim=512, decoder_embed_path=None, decoder_ffn_embed_dim=2048, decoder_input_dim=512, decoder_layerdrop=0, decoder_layers=5, decoder_layers_to_keep=None, decoder_learned_pos=False, decoder_normalize_before=True, decoder_output_dim=512, device_id=0, disable_validation=False, distributed_backend='nccl', distributed_init_method=None, distributed_no_spawn=False, distributed_port=-1, distributed_rank=0, distributed_world_size=1, dropout=0.4, empty_cache_freq=0, encoder_attention_heads=2, encoder_embed_dim=512, encoder_embed_path=None, encoder_ffn_embed_dim=2048, encoder_layerdrop=0, encoder_layers=5, encoder_layers_to_keep=None, encoder_learned_pos=False, encoder_normalize_before=True, fast_stat_sync=False, find_unused_parameters=False, fix_batches_to_gpus=False, fixed_validation_seed=None, fp16=True, fp16_init_scale=128, fp16_scale_tolerance=0.0, fp16_scale_window=None, keep_interval_updates=-1, keep_last_epochs=-1, label_smoothing=0.2, layer_wise_attention=False, layernorm_embedding=False, lazy_load=False, left_pad_source='True', left_pad_target='False', load_alignments=False, log_format=None, log_interval=1000, lr=[0.001], lr_scheduler='inverse_sqrt', max_epoch=100, max_sentences=None, max_sentences_valid=None, max_source_positions=1024, max_target_positions=1024, max_tokens=4000, max_tokens_valid=4000, max_update=0, maximize_best_checkpoint_metric=False, memory_efficient_fp16=False, min_loss_scale=0.0001, min_lr=1e-09, no_cross_attention=False, no_epoch_checkpoints=False, no_last_checkpoints=False, no_progress_bar=False, no_save=False, no_save_optimizer_state=False, no_scale_embedding=False, no_token_positional_embeddings=False, num_workers=1, optimizer='adam', optimizer_overrides='{}', raw_text=False, required_batch_size_multiple=8, reset_dataloader=False, reset_lr_scheduler=False, reset_meters=False, reset_optimizer=False, restore_file='checkpoint_last.pt', save_dir='./checkpoints/2020-04-05T02-03-04-00-exp24-bpe2500-seed18/checkpoints_ne_en', save_interval=10, save_interval_updates=0, seed=18, sentence_avg=False, share_all_embeddings=True, share_decoder_input_output_embed=False, skip_invalid_size_inputs_valid_test=False, source_lang='ne', target_lang='en', task='translation', tensorboard_logdir='', threshold_loss_scale=None, tokenizer=None, train_subset='train', truncate_source=False, update_freq=[4], upsample_primary=1, use_bmuf=False, user_dir=None, valid_subset='valid', validate_interval=1, warmup_init_lr=1e-07, warmup_updates=4000, weight_decay=0.0001)
| [ne] dictionary: 2504 types
| [en] dictionary: 2504 types
| loaded 2559 examples from: data-bin/wiki_ne_en_bpe2500/valid.ne-en.ne
| loaded 2559 examples from: data-bin/wiki_ne_en_bpe2500/valid.ne-en.en
| data-bin/wiki_ne_en_bpe2500/ valid ne-en 2559 examples
TransformerModel(
  (encoder): TransformerEncoder(
    (embed_tokens): Embedding(2504, 512, padding_idx=1)
    (embed_positions): SinusoidalPositionalEmbedding()
    (layers): ModuleList(
      (0): TransformerEncoderLayer(
        (self_attn): MultiheadAttention(
          (k_proj): Linear(in_features=512, out_features=512, bias=True)
          (v_proj): Linear(in_features=512, out_features=512, bias=True)
          (q_proj): Linear(in_features=512, out_features=512, bias=True)
          (out_proj): Linear(in_features=512, out_features=512, bias=True)
        )
        (self_attn_layer_norm): LayerNorm((512,), eps=1e-05, elementwise_affine=True)
        (fc1): Linear(in_features=512, out_features=2048, bias=True)
        (fc2): Linear(in_features=2048, out_features=512, bias=True)
        (final_layer_norm): LayerNorm((512,), eps=1e-05, elementwise_affine=True)
      )
      (1): TransformerEncoderLayer(
        (self_attn): MultiheadAttention(
          (k_proj): Linear(in_features=512, out_features=512, bias=True)
          (v_proj): Linear(in_features=512, out_features=512, bias=True)
          (q_proj): Linear(in_features=512, out_features=512, bias=True)
          (out_proj): Linear(in_features=512, out_features=512, bias=True)
        )
        (self_attn_layer_norm): LayerNorm((512,), eps=1e-05, elementwise_affine=True)
        (fc1): Linear(in_features=512, out_features=2048, bias=True)
        (fc2): Linear(in_features=2048, out_features=512, bias=True)
        (final_layer_norm): LayerNorm((512,), eps=1e-05, elementwise_affine=True)
      )
      (2): TransformerEncoderLayer(
        (self_attn): MultiheadAttention(
          (k_proj): Linear(in_features=512, out_features=512, bias=True)
          (v_proj): Linear(in_features=512, out_features=512, bias=True)
          (q_proj): Linear(in_features=512, out_features=512, bias=True)
          (out_proj): Linear(in_features=512, out_features=512, bias=True)
        )
        (self_attn_layer_norm): LayerNorm((512,), eps=1e-05, elementwise_affine=True)
        (fc1): Linear(in_features=512, out_features=2048, bias=True)
        (fc2): Linear(in_features=2048, out_features=512, bias=True)
        (final_layer_norm): LayerNorm((512,), eps=1e-05, elementwise_affine=True)
      )
      (3): TransformerEncoderLayer(
        (self_attn): MultiheadAttention(
          (k_proj): Linear(in_features=512, out_features=512, bias=True)
          (v_proj): Linear(in_features=512, out_features=512, bias=True)
          (q_proj): Linear(in_features=512, out_features=512, bias=True)
          (out_proj): Linear(in_features=512, out_features=512, bias=True)
        )
        (self_attn_layer_norm): LayerNorm((512,), eps=1e-05, elementwise_affine=True)
        (fc1): Linear(in_features=512, out_features=2048, bias=True)
        (fc2): Linear(in_features=2048, out_features=512, bias=True)
        (final_layer_norm): LayerNorm((512,), eps=1e-05, elementwise_affine=True)
      )
      (4): TransformerEncoderLayer(
        (self_attn): MultiheadAttention(
          (k_proj): Linear(in_features=512, out_features=512, bias=True)
          (v_proj): Linear(in_features=512, out_features=512, bias=True)
          (q_proj): Linear(in_features=512, out_features=512, bias=True)
          (out_proj): Linear(in_features=512, out_features=512, bias=True)
        )
        (self_attn_layer_norm): LayerNorm((512,), eps=1e-05, elementwise_affine=True)
        (fc1): Linear(in_features=512, out_features=2048, bias=True)
        (fc2): Linear(in_features=2048, out_features=512, bias=True)
        (final_layer_norm): LayerNorm((512,), eps=1e-05, elementwise_affine=True)
      )
    )
    (layer_norm): LayerNorm((512,), eps=1e-05, elementwise_affine=True)
  )
  (decoder): TransformerDecoder(
    (embed_tokens): Embedding(2504, 512, padding_idx=1)
    (embed_positions): SinusoidalPositionalEmbedding()
    (layers): ModuleList(
      (0): TransformerDecoderLayer(
        (self_attn): MultiheadAttention(
          (k_proj): Linear(in_features=512, out_features=512, bias=True)
          (v_proj): Linear(in_features=512, out_features=512, bias=True)
          (q_proj): Linear(in_features=512, out_features=512, bias=True)
          (out_proj): Linear(in_features=512, out_features=512, bias=True)
        )
        (self_attn_layer_norm): LayerNorm((512,), eps=1e-05, elementwise_affine=True)
        (encoder_attn): MultiheadAttention(
          (k_proj): Linear(in_features=512, out_features=512, bias=True)
          (v_proj): Linear(in_features=512, out_features=512, bias=True)
          (q_proj): Linear(in_features=512, out_features=512, bias=True)
          (out_proj): Linear(in_features=512, out_features=512, bias=True)
        )
        (encoder_attn_layer_norm): LayerNorm((512,), eps=1e-05, elementwise_affine=True)
        (fc1): Linear(in_features=512, out_features=2048, bias=True)
        (fc2): Linear(in_features=2048, out_features=512, bias=True)
        (final_layer_norm): LayerNorm((512,), eps=1e-05, elementwise_affine=True)
      )
      (1): TransformerDecoderLayer(
        (self_attn): MultiheadAttention(
          (k_proj): Linear(in_features=512, out_features=512, bias=True)
          (v_proj): Linear(in_features=512, out_features=512, bias=True)
          (q_proj): Linear(in_features=512, out_features=512, bias=True)
          (out_proj): Linear(in_features=512, out_features=512, bias=True)
        )
        (self_attn_layer_norm): LayerNorm((512,), eps=1e-05, elementwise_affine=True)
        (encoder_attn): MultiheadAttention(
          (k_proj): Linear(in_features=512, out_features=512, bias=True)
          (v_proj): Linear(in_features=512, out_features=512, bias=True)
          (q_proj): Linear(in_features=512, out_features=512, bias=True)
          (out_proj): Linear(in_features=512, out_features=512, bias=True)
        )
        (encoder_attn_layer_norm): LayerNorm((512,), eps=1e-05, elementwise_affine=True)
        (fc1): Linear(in_features=512, out_features=2048, bias=True)
        (fc2): Linear(in_features=2048, out_features=512, bias=True)
        (final_layer_norm): LayerNorm((512,), eps=1e-05, elementwise_affine=True)
      )
      (2): TransformerDecoderLayer(
        (self_attn): MultiheadAttention(
          (k_proj): Linear(in_features=512, out_features=512, bias=True)
          (v_proj): Linear(in_features=512, out_features=512, bias=True)
          (q_proj): Linear(in_features=512, out_features=512, bias=True)
          (out_proj): Linear(in_features=512, out_features=512, bias=True)
        )
        (self_attn_layer_norm): LayerNorm((512,), eps=1e-05, elementwise_affine=True)
        (encoder_attn): MultiheadAttention(
          (k_proj): Linear(in_features=512, out_features=512, bias=True)
          (v_proj): Linear(in_features=512, out_features=512, bias=True)
          (q_proj): Linear(in_features=512, out_features=512, bias=True)
          (out_proj): Linear(in_features=512, out_features=512, bias=True)
        )
        (encoder_attn_layer_norm): LayerNorm((512,), eps=1e-05, elementwise_affine=True)
        (fc1): Linear(in_features=512, out_features=2048, bias=True)
        (fc2): Linear(in_features=2048, out_features=512, bias=True)
        (final_layer_norm): LayerNorm((512,), eps=1e-05, elementwise_affine=True)
      )
      (3): TransformerDecoderLayer(
        (self_attn): MultiheadAttention(
          (k_proj): Linear(in_features=512, out_features=512, bias=True)
          (v_proj): Linear(in_features=512, out_features=512, bias=True)
          (q_proj): Linear(in_features=512, out_features=512, bias=True)
          (out_proj): Linear(in_features=512, out_features=512, bias=True)
        )
        (self_attn_layer_norm): LayerNorm((512,), eps=1e-05, elementwise_affine=True)
        (encoder_attn): MultiheadAttention(
          (k_proj): Linear(in_features=512, out_features=512, bias=True)
          (v_proj): Linear(in_features=512, out_features=512, bias=True)
          (q_proj): Linear(in_features=512, out_features=512, bias=True)
          (out_proj): Linear(in_features=512, out_features=512, bias=True)
        )
        (encoder_attn_layer_norm): LayerNorm((512,), eps=1e-05, elementwise_affine=True)
        (fc1): Linear(in_features=512, out_features=2048, bias=True)
        (fc2): Linear(in_features=2048, out_features=512, bias=True)
        (final_layer_norm): LayerNorm((512,), eps=1e-05, elementwise_affine=True)
      )
      (4): TransformerDecoderLayer(
        (self_attn): MultiheadAttention(
          (k_proj): Linear(in_features=512, out_features=512, bias=True)
          (v_proj): Linear(in_features=512, out_features=512, bias=True)
          (q_proj): Linear(in_features=512, out_features=512, bias=True)
          (out_proj): Linear(in_features=512, out_features=512, bias=True)
        )
        (self_attn_layer_norm): LayerNorm((512,), eps=1e-05, elementwise_affine=True)
        (encoder_attn): MultiheadAttention(
          (k_proj): Linear(in_features=512, out_features=512, bias=True)
          (v_proj): Linear(in_features=512, out_features=512, bias=True)
          (q_proj): Linear(in_features=512, out_features=512, bias=True)
          (out_proj): Linear(in_features=512, out_features=512, bias=True)
        )
        (encoder_attn_layer_norm): LayerNorm((512,), eps=1e-05, elementwise_affine=True)
        (fc1): Linear(in_features=512, out_features=2048, bias=True)
        (fc2): Linear(in_features=2048, out_features=512, bias=True)
        (final_layer_norm): LayerNorm((512,), eps=1e-05, elementwise_affine=True)
      )
    )
    (layer_norm): LayerNorm((512,), eps=1e-05, elementwise_affine=True)
  )
)
| model transformer, criterion LabelSmoothedCrossEntropyCriterion
| num. model params: 38066176 (num. trained: 38066176)
| training on 1 GPUs
| max tokens per GPU = 4000 and max sentences per GPU = None
| no existing checkpoint found ./checkpoints/2020-04-05T02-03-04-00-exp24-bpe2500-seed18/checkpoints_ne_en/checkpoint_last.pt
| loading train data for epoch 0
| loaded 563637 examples from: data-bin/wiki_ne_en_bpe2500/train.ne-en.ne
| loaded 563637 examples from: data-bin/wiki_ne_en_bpe2500/train.ne-en.en
| data-bin/wiki_ne_en_bpe2500/ train ne-en 563637 examples
| WARNING: overflow detected, setting loss scale to: 64.0
| WARNING: overflow detected, setting loss scale to: 32.0
| WARNING: overflow detected, setting loss scale to: 16.0
| WARNING: overflow detected, setting loss scale to: 8.0
| epoch 001 | loss 9.186 | nll_loss 8.287 | ppl 312.24 | wps 57281 | ups 4 | wpb 12803.464 | bsz 811.335 | num_updates 690 | lr 0.000172583 | gnorm 0.851 | clip 1.000 | oom 0.000 | loss_scale 8.000 | wall 154 | train_wall 120
| epoch 001 | valid on 'valid' subset | loss 8.527 | nll_loss 7.235 | ppl 150.68 | num_updates 690
| epoch 002 | loss 7.192 | nll_loss 5.621 | ppl 49.2 | wps 59242 | ups 5 | wpb 12806.207 | bsz 812.157 | num_updates 1384 | lr 0.000346065 | gnorm 0.595 | clip 1.000 | oom 0.000 | loss_scale 8.000 | wall 305 | train_wall 239
| epoch 002 | valid on 'valid' subset | loss 7.872 | nll_loss 6.303 | ppl 78.98 | num_updates 1384
| epoch 003 | loss 6.387 | nll_loss 4.560 | ppl 23.59 | wps 58583 | ups 5 | wpb 12806.207 | bsz 812.157 | num_updates 2078 | lr 0.000519548 | gnorm 0.499 | clip 1.000 | oom 0.000 | loss_scale 8.000 | wall 457 | train_wall 361
| epoch 003 | valid on 'valid' subset | loss 7.533 | nll_loss 5.839 | ppl 57.22 | num_updates 2078
| epoch 004 | loss 5.930 | nll_loss 3.964 | ppl 15.61 | wps 58816 | ups 5 | wpb 12806.207 | bsz 812.157 | num_updates 2772 | lr 0.000693031 | gnorm 0.433 | clip 1.000 | oom 0.000 | loss_scale 8.000 | wall 609 | train_wall 481
| epoch 004 | valid on 'valid' subset | loss 7.339 | nll_loss 5.586 | ppl 48.03 | num_updates 2772
| epoch 005 | loss 5.634 | nll_loss 3.583 | ppl 11.98 | wps 58985 | ups 5 | wpb 12806.207 | bsz 812.157 | num_updates 3466 | lr 0.000866513 | gnorm 0.386 | clip 1.000 | oom 0.000 | loss_scale 8.000 | wall 761 | train_wall 601
| epoch 005 | valid on 'valid' subset | loss 7.159 | nll_loss 5.314 | ppl 39.77 | num_updates 3466
| epoch 006 | loss 5.444 | nll_loss 3.341 | ppl 10.13 | wps 58802 | ups 5 | wpb 12806.207 | bsz 812.157 | num_updates 4160 | lr 0.000980581 | gnorm 0.346 | clip 1.000 | oom 0.000 | loss_scale 8.000 | wall 913 | train_wall 722
| epoch 006 | valid on 'valid' subset | loss 6.983 | nll_loss 5.082 | ppl 33.88 | num_updates 4160
| epoch 007 | loss 5.274 | nll_loss 3.125 | ppl 8.73 | wps 58700 | ups 5 | wpb 12806.207 | bsz 812.157 | num_updates 4854 | lr 0.000907779 | gnorm 0.308 | clip 1.000 | oom 0.000 | loss_scale 16.000 | wall 1065 | train_wall 845
| epoch 007 | valid on 'valid' subset | loss 6.888 | nll_loss 4.958 | ppl 31.08 | num_updates 4854
| epoch 008 | loss 5.132 | nll_loss 2.948 | ppl 7.72 | wps 58789 | ups 5 | wpb 12806.207 | bsz 812.157 | num_updates 5548 | lr 0.000849106 | gnorm 0.280 | clip 1.000 | oom 0.000 | loss_scale 16.000 | wall 1217 | train_wall 965
| epoch 008 | valid on 'valid' subset | loss 6.744 | nll_loss 4.753 | ppl 26.97 | num_updates 5548
| epoch 009 | loss 5.031 | nll_loss 2.820 | ppl 7.06 | wps 58857 | ups 5 | wpb 12806.207 | bsz 812.157 | num_updates 6242 | lr 0.000800512 | gnorm 0.268 | clip 1.000 | oom 0.000 | loss_scale 16.000 | wall 1368 | train_wall 1086
| epoch 009 | valid on 'valid' subset | loss 6.667 | nll_loss 4.651 | ppl 25.13 | num_updates 6242
| epoch 010 | loss 4.950 | nll_loss 2.718 | ppl 6.58 | wps 58833 | ups 5 | wpb 12806.207 | bsz 812.157 | num_updates 6936 | lr 0.000759408 | gnorm 0.254 | clip 1.000 | oom 0.000 | loss_scale 16.000 | wall 1520 | train_wall 1206
| epoch 010 | valid on 'valid' subset | loss 6.565 | nll_loss 4.523 | ppl 22.99 | num_updates 6936
| saved checkpoint ./checkpoints/2020-04-05T02-03-04-00-exp24-bpe2500-seed18/checkpoints_ne_en/checkpoint10.pt (epoch 10 @ 6936 updates) (writing took 0.7388710975646973 seconds)
| epoch 011 | loss 4.886 | nll_loss 2.637 | ppl 6.22 | wps 58918 | ups 5 | wpb 12806.207 | bsz 812.157 | num_updates 7630 | lr 0.000724049 | gnorm 0.248 | clip 1.000 | oom 0.000 | loss_scale 16.000 | wall 1672 | train_wall 1327
| epoch 011 | valid on 'valid' subset | loss 6.549 | nll_loss 4.498 | ppl 22.59 | num_updates 7630 | best_loss 6.54859
| epoch 012 | loss 4.833 | nll_loss 2.571 | ppl 5.94 | wps 59055 | ups 5 | wpb 12806.207 | bsz 812.157 | num_updates 8324 | lr 0.000693209 | gnorm 0.239 | clip 1.000 | oom 0.000 | loss_scale 16.000 | wall 1824 | train_wall 1447
| epoch 012 | valid on 'valid' subset | loss 6.506 | nll_loss 4.441 | ppl 21.73 | num_updates 8324 | best_loss 6.50571
| epoch 013 | loss 4.788 | nll_loss 2.514 | ppl 5.71 | wps 58299 | ups 5 | wpb 12806.207 | bsz 812.157 | num_updates 9018 | lr 0.000666001 | gnorm 0.236 | clip 1.000 | oom 0.000 | loss_scale 32.000 | wall 1977 | train_wall 1570
| epoch 013 | valid on 'valid' subset | loss 6.455 | nll_loss 4.376 | ppl 20.77 | num_updates 9018 | best_loss 6.45484
| epoch 014 | loss 4.749 | nll_loss 2.466 | ppl 5.52 | wps 59032 | ups 5 | wpb 12806.207 | bsz 812.157 | num_updates 9712 | lr 0.000641764 | gnorm 0.232 | clip 1.000 | oom 0.000 | loss_scale 32.000 | wall 2128 | train_wall 1690
| epoch 014 | valid on 'valid' subset | loss 6.435 | nll_loss 4.342 | ppl 20.28 | num_updates 9712 | best_loss 6.43533
| epoch 015 | loss 4.716 | nll_loss 2.424 | ppl 5.37 | wps 58816 | ups 5 | wpb 12806.207 | bsz 812.157 | num_updates 10406 | lr 0.000619995 | gnorm 0.228 | clip 1.000 | oom 0.000 | loss_scale 32.000 | wall 2280 | train_wall 1811
| epoch 015 | valid on 'valid' subset | loss 6.417 | nll_loss 4.324 | ppl 20.03 | num_updates 10406 | best_loss 6.41726
| epoch 016 | loss 4.686 | nll_loss 2.386 | ppl 5.23 | wps 58249 | ups 5 | wpb 12806.207 | bsz 812.157 | num_updates 11100 | lr 0.0006003 | gnorm 0.227 | clip 1.000 | oom 0.000 | loss_scale 32.000 | wall 2433 | train_wall 1934
| epoch 016 | valid on 'valid' subset | loss 6.377 | nll_loss 4.262 | ppl 19.19 | num_updates 11100 | best_loss 6.37694
| epoch 017 | loss 4.660 | nll_loss 2.354 | ppl 5.11 | wps 58582 | ups 5 | wpb 12806.207 | bsz 812.157 | num_updates 11794 | lr 0.000582371 | gnorm 0.224 | clip 1.000 | oom 0.000 | loss_scale 32.000 | wall 2586 | train_wall 2056
| epoch 017 | valid on 'valid' subset | loss 6.384 | nll_loss 4.286 | ppl 19.5 | num_updates 11794 | best_loss 6.38388
| WARNING: overflow detected, setting loss scale to: 16.0
| epoch 018 | loss 4.636 | nll_loss 2.324 | ppl 5.01 | wps 59352 | ups 5 | wpb 12803.797 | bsz 807.984 | num_updates 12487 | lr 0.00056598 | gnorm 0.221 | clip 1.000 | oom 0.000 | loss_scale 16.000 | wall 2736 | train_wall 2176
| epoch 018 | valid on 'valid' subset | loss 6.355 | nll_loss 4.247 | ppl 18.99 | num_updates 12487 | best_loss 6.35459
| epoch 019 | loss 4.614 | nll_loss 2.296 | ppl 4.91 | wps 58262 | ups 5 | wpb 12806.207 | bsz 812.157 | num_updates 13181 | lr 0.000550878 | gnorm 0.220 | clip 1.000 | oom 0.000 | loss_scale 16.000 | wall 2889 | train_wall 2300
| epoch 019 | valid on 'valid' subset | loss 6.321 | nll_loss 4.203 | ppl 18.42 | num_updates 13181 | best_loss 6.32069
| epoch 020 | loss 4.594 | nll_loss 2.271 | ppl 4.83 | wps 58070 | ups 5 | wpb 12806.207 | bsz 812.157 | num_updates 13875 | lr 0.000536925 | gnorm 0.220 | clip 1.000 | oom 0.000 | loss_scale 16.000 | wall 3043 | train_wall 2423
| epoch 020 | valid on 'valid' subset | loss 6.314 | nll_loss 4.204 | ppl 18.43 | num_updates 13875 | best_loss 6.31417
| saved checkpoint ./checkpoints/2020-04-05T02-03-04-00-exp24-bpe2500-seed18/checkpoints_ne_en/checkpoint20.pt (epoch 20 @ 13875 updates) (writing took 1.0933115482330322 seconds)
| epoch 021 | loss 4.576 | nll_loss 2.248 | ppl 4.75 | wps 59179 | ups 5 | wpb 12806.207 | bsz 812.157 | num_updates 14569 | lr 0.00052398 | gnorm 0.218 | clip 1.000 | oom 0.000 | loss_scale 16.000 | wall 3195 | train_wall 2544
| epoch 021 | valid on 'valid' subset | loss 6.287 | nll_loss 4.164 | ppl 17.93 | num_updates 14569 | best_loss 6.28689
| epoch 022 | loss 4.559 | nll_loss 2.227 | ppl 4.68 | wps 58469 | ups 5 | wpb 12806.207 | bsz 812.157 | num_updates 15263 | lr 0.000511929 | gnorm 0.218 | clip 1.000 | oom 0.000 | loss_scale 16.000 | wall 3348 | train_wall 2666
| epoch 022 | valid on 'valid' subset | loss 6.265 | nll_loss 4.136 | ppl 17.58 | num_updates 15263 | best_loss 6.26468
| epoch 023 | loss 4.543 | nll_loss 2.208 | ppl 4.62 | wps 58487 | ups 5 | wpb 12806.207 | bsz 812.157 | num_updates 15957 | lr 0.000500673 | gnorm 0.217 | clip 1.000 | oom 0.000 | loss_scale 16.000 | wall 3500 | train_wall 2789
| epoch 023 | valid on 'valid' subset | loss 6.256 | nll_loss 4.133 | ppl 17.55 | num_updates 15957 | best_loss 6.25646
| epoch 024 | loss 4.529 | nll_loss 2.190 | ppl 4.56 | wps 58641 | ups 5 | wpb 12806.207 | bsz 812.157 | num_updates 16651 | lr 0.000490128 | gnorm 0.217 | clip 1.000 | oom 0.000 | loss_scale 32.000 | wall 3653 | train_wall 2910
| epoch 024 | valid on 'valid' subset | loss 6.280 | nll_loss 4.149 | ppl 17.74 | num_updates 16651 | best_loss 6.27954
| epoch 025 | loss 4.515 | nll_loss 2.172 | ppl 4.51 | wps 58936 | ups 5 | wpb 12806.207 | bsz 812.157 | num_updates 17345 | lr 0.000480223 | gnorm 0.215 | clip 1.000 | oom 0.000 | loss_scale 32.000 | wall 3804 | train_wall 3031
| epoch 025 | valid on 'valid' subset | loss 6.250 | nll_loss 4.123 | ppl 17.43 | num_updates 17345 | best_loss 6.24957
| epoch 026 | loss 4.503 | nll_loss 2.157 | ppl 4.46 | wps 58786 | ups 5 | wpb 12806.207 | bsz 812.157 | num_updates 18039 | lr 0.000470895 | gnorm 0.216 | clip 1.000 | oom 0.000 | loss_scale 32.000 | wall 3956 | train_wall 3152
| epoch 026 | valid on 'valid' subset | loss 6.257 | nll_loss 4.133 | ppl 17.55 | num_updates 18039 | best_loss 6.25723
| epoch 027 | loss 4.490 | nll_loss 2.141 | ppl 4.41 | wps 60966 | ups 5 | wpb 12806.207 | bsz 812.157 | num_updates 18733 | lr 0.00046209 | gnorm 0.215 | clip 1.000 | oom 0.000 | loss_scale 32.000 | wall 4102 | train_wall 3270
| epoch 027 | valid on 'valid' subset | loss 6.245 | nll_loss 4.112 | ppl 17.29 | num_updates 18733 | best_loss 6.24491
| epoch 028 | loss 4.479 | nll_loss 2.127 | ppl 4.37 | wps 59567 | ups 5 | wpb 12806.207 | bsz 812.157 | num_updates 19427 | lr 0.000453761 | gnorm 0.215 | clip 1.000 | oom 0.000 | loss_scale 32.000 | wall 4252 | train_wall 3389
| epoch 028 | valid on 'valid' subset | loss 6.263 | nll_loss 4.140 | ppl 17.63 | num_updates 19427 | best_loss 6.26276
| epoch 029 | loss 4.468 | nll_loss 2.114 | ppl 4.33 | wps 57773 | ups 5 | wpb 12806.207 | bsz 812.157 | num_updates 20121 | lr 0.000445867 | gnorm 0.215 | clip 1.000 | oom 0.000 | loss_scale 32.000 | wall 4407 | train_wall 3513
| epoch 029 | valid on 'valid' subset | loss 6.218 | nll_loss 4.088 | ppl 17 | num_updates 20121 | best_loss 6.21828
| WARNING: overflow detected, setting loss scale to: 32.0
| epoch 030 | loss 4.458 | nll_loss 2.101 | ppl 4.29 | wps 57574 | ups 4 | wpb 12805.322 | bsz 811.066 | num_updates 20814 | lr 0.000438382 | gnorm 0.213 | clip 1.000 | oom 0.000 | loss_scale 32.000 | wall 4562 | train_wall 3638
| epoch 030 | valid on 'valid' subset | loss 6.229 | nll_loss 4.097 | ppl 17.11 | num_updates 20814 | best_loss 6.22934
| saved checkpoint ./checkpoints/2020-04-05T02-03-04-00-exp24-bpe2500-seed18/checkpoints_ne_en/checkpoint30.pt (epoch 30 @ 20814 updates) (writing took 1.221604824066162 seconds)
| WARNING: overflow detected, setting loss scale to: 16.0
| epoch 031 | loss 4.449 | nll_loss 2.090 | ppl 4.26 | wps 57934 | ups 5 | wpb 12801.938 | bsz 809.554 | num_updates 21507 | lr 0.000431261 | gnorm 0.214 | clip 1.000 | oom 0.000 | loss_scale 16.000 | wall 4717 | train_wall 3761
| epoch 031 | valid on 'valid' subset | loss 6.221 | nll_loss 4.088 | ppl 17.01 | num_updates 21507 | best_loss 6.22148
| epoch 032 | loss 4.440 | nll_loss 2.078 | ppl 4.22 | wps 57979 | ups 5 | wpb 12806.207 | bsz 812.157 | num_updates 22201 | lr 0.000424467 | gnorm 0.214 | clip 1.000 | oom 0.000 | loss_scale 16.000 | wall 4871 | train_wall 3885
| epoch 032 | valid on 'valid' subset | loss 6.214 | nll_loss 4.072 | ppl 16.82 | num_updates 22201 | best_loss 6.21393
| epoch 033 | loss 4.430 | nll_loss 2.067 | ppl 4.19 | wps 58579 | ups 5 | wpb 12806.207 | bsz 812.157 | num_updates 22895 | lr 0.000417984 | gnorm 0.214 | clip 1.000 | oom 0.000 | loss_scale 16.000 | wall 5023 | train_wall 4008
| epoch 033 | valid on 'valid' subset | loss 6.202 | nll_loss 4.067 | ppl 16.76 | num_updates 22895 | best_loss 6.20238
| epoch 034 | loss 4.422 | nll_loss 2.057 | ppl 4.16 | wps 58660 | ups 5 | wpb 12806.207 | bsz 812.157 | num_updates 23589 | lr 0.000411789 | gnorm 0.212 | clip 1.000 | oom 0.000 | loss_scale 16.000 | wall 5176 | train_wall 4129
| epoch 034 | valid on 'valid' subset | loss 6.199 | nll_loss 4.063 | ppl 16.72 | num_updates 23589 | best_loss 6.19859
| epoch 035 | loss 4.414 | nll_loss 2.046 | ppl 4.13 | wps 57846 | ups 5 | wpb 12806.207 | bsz 812.157 | num_updates 24283 | lr 0.000405862 | gnorm 0.213 | clip 1.000 | oom 0.000 | loss_scale 16.000 | wall 5330 | train_wall 4253
| epoch 035 | valid on 'valid' subset | loss 6.207 | nll_loss 4.066 | ppl 16.75 | num_updates 24283 | best_loss 6.20741
| epoch 036 | loss 4.407 | nll_loss 2.038 | ppl 4.11 | wps 58815 | ups 5 | wpb 12806.207 | bsz 812.157 | num_updates 24977 | lr 0.000400184 | gnorm 0.214 | clip 1.000 | oom 0.000 | loss_scale 16.000 | wall 5482 | train_wall 4375
| epoch 036 | valid on 'valid' subset | loss 6.167 | nll_loss 4.017 | ppl 16.19 | num_updates 24977 | best_loss 6.16726
| epoch 037 | loss 4.400 | nll_loss 2.029 | ppl 4.08 | wps 58743 | ups 5 | wpb 12806.207 | bsz 812.157 | num_updates 25671 | lr 0.000394738 | gnorm 0.214 | clip 1.000 | oom 0.000 | loss_scale 32.000 | wall 5634 | train_wall 4495
| epoch 037 | valid on 'valid' subset | loss 6.168 | nll_loss 4.029 | ppl 16.33 | num_updates 25671 | best_loss 6.16769
| epoch 038 | loss 4.392 | nll_loss 2.019 | ppl 4.05 | wps 58194 | ups 5 | wpb 12806.207 | bsz 812.157 | num_updates 26365 | lr 0.000389508 | gnorm 0.214 | clip 1.000 | oom 0.000 | loss_scale 32.000 | wall 5787 | train_wall 4619
| epoch 038 | valid on 'valid' subset | loss 6.178 | nll_loss 4.042 | ppl 16.48 | num_updates 26365 | best_loss 6.17794
| epoch 039 | loss 4.386 | nll_loss 2.011 | ppl 4.03 | wps 58482 | ups 5 | wpb 12806.207 | bsz 812.157 | num_updates 27059 | lr 0.00038448 | gnorm 0.213 | clip 1.000 | oom 0.000 | loss_scale 32.000 | wall 5940 | train_wall 4740
| epoch 039 | valid on 'valid' subset | loss 6.159 | nll_loss 4.013 | ppl 16.14 | num_updates 27059 | best_loss 6.15904
| epoch 040 | loss 4.379 | nll_loss 2.003 | ppl 4.01 | wps 57875 | ups 5 | wpb 12806.207 | bsz 812.157 | num_updates 27753 | lr 0.000379643 | gnorm 0.213 | clip 1.000 | oom 0.000 | loss_scale 32.000 | wall 6094 | train_wall 4864
| epoch 040 | valid on 'valid' subset | loss 6.199 | nll_loss 4.068 | ppl 16.77 | num_updates 27753 | best_loss 6.19857
| saved checkpoint ./checkpoints/2020-04-05T02-03-04-00-exp24-bpe2500-seed18/checkpoints_ne_en/checkpoint40.pt (epoch 40 @ 27753 updates) (writing took 1.0922424793243408 seconds)
| epoch 041 | loss 4.373 | nll_loss 1.995 | ppl 3.99 | wps 58809 | ups 5 | wpb 12806.207 | bsz 812.157 | num_updates 28447 | lr 0.000374983 | gnorm 0.214 | clip 1.000 | oom 0.000 | loss_scale 32.000 | wall 6247 | train_wall 4985
| epoch 041 | valid on 'valid' subset | loss 6.162 | nll_loss 4.015 | ppl 16.17 | num_updates 28447 | best_loss 6.16208
| epoch 042 | loss 4.367 | nll_loss 1.987 | ppl 3.97 | wps 59323 | ups 5 | wpb 12806.207 | bsz 812.157 | num_updates 29141 | lr 0.000370491 | gnorm 0.212 | clip 1.000 | oom 0.000 | loss_scale 32.000 | wall 6398 | train_wall 5106
| epoch 042 | valid on 'valid' subset | loss 6.154 | nll_loss 4.010 | ppl 16.11 | num_updates 29141 | best_loss 6.15437
| epoch 043 | loss 4.361 | nll_loss 1.981 | ppl 3.95 | wps 59491 | ups 5 | wpb 12806.207 | bsz 812.157 | num_updates 29835 | lr 0.000366157 | gnorm 0.214 | clip 1.000 | oom 0.000 | loss_scale 64.000 | wall 6548 | train_wall 5227
| epoch 043 | valid on 'valid' subset | loss 6.183 | nll_loss 4.044 | ppl 16.5 | num_updates 29835 | best_loss 6.18254
| epoch 044 | loss 4.356 | nll_loss 1.974 | ppl 3.93 | wps 57508 | ups 4 | wpb 12806.207 | bsz 812.157 | num_updates 30529 | lr 0.000361971 | gnorm 0.215 | clip 1.000 | oom 0.000 | loss_scale 64.000 | wall 6703 | train_wall 5351
| epoch 044 | valid on 'valid' subset | loss 6.158 | nll_loss 4.016 | ppl 16.17 | num_updates 30529 | best_loss 6.15759
| WARNING: overflow detected, setting loss scale to: 32.0
| epoch 045 | loss 4.350 | nll_loss 1.967 | ppl 3.91 | wps 57496 | ups 4 | wpb 12805.472 | bsz 809.185 | num_updates 31222 | lr 0.000357931 | gnorm 0.213 | clip 1.000 | oom 0.000 | loss_scale 32.000 | wall 6858 | train_wall 5475
| epoch 045 | valid on 'valid' subset | loss 6.157 | nll_loss 4.020 | ppl 16.22 | num_updates 31222 | best_loss 6.15683
| epoch 046 | loss 4.345 | nll_loss 1.961 | ppl 3.89 | wps 58090 | ups 5 | wpb 12806.207 | bsz 812.157 | num_updates 31916 | lr 0.000354018 | gnorm 0.215 | clip 1.000 | oom 0.000 | loss_scale 32.000 | wall 7012 | train_wall 5599
| epoch 046 | valid on 'valid' subset | loss 6.146 | nll_loss 4.001 | ppl 16.01 | num_updates 31916 | best_loss 6.14554
| epoch 047 | loss 4.340 | nll_loss 1.955 | ppl 3.88 | wps 57424 | ups 4 | wpb 12806.207 | bsz 812.157 | num_updates 32610 | lr 0.000350231 | gnorm 0.214 | clip 1.000 | oom 0.000 | loss_scale 32.000 | wall 7168 | train_wall 5724
| epoch 047 | valid on 'valid' subset | loss 6.158 | nll_loss 4.014 | ppl 16.16 | num_updates 32610 | best_loss 6.15829
| epoch 048 | loss 4.335 | nll_loss 1.949 | ppl 3.86 | wps 58093 | ups 5 | wpb 12806.207 | bsz 812.157 | num_updates 33304 | lr 0.000346563 | gnorm 0.214 | clip 1.000 | oom 0.000 | loss_scale 32.000 | wall 7321 | train_wall 5848
| epoch 048 | valid on 'valid' subset | loss 6.159 | nll_loss 4.022 | ppl 16.25 | num_updates 33304 | best_loss 6.15912
| epoch 049 | loss 4.331 | nll_loss 1.943 | ppl 3.85 | wps 57652 | ups 5 | wpb 12806.207 | bsz 812.157 | num_updates 33998 | lr 0.000343007 | gnorm 0.214 | clip 1.000 | oom 0.000 | loss_scale 32.000 | wall 7476 | train_wall 5972
| epoch 049 | valid on 'valid' subset | loss 6.134 | nll_loss 3.990 | ppl 15.89 | num_updates 33998 | best_loss 6.13372
| epoch 050 | loss 4.326 | nll_loss 1.937 | ppl 3.83 | wps 56879 | ups 4 | wpb 12806.207 | bsz 812.157 | num_updates 34692 | lr 0.000339559 | gnorm 0.214 | clip 1.000 | oom 0.000 | loss_scale 32.000 | wall 7633 | train_wall 6098
| epoch 050 | valid on 'valid' subset | loss 6.145 | nll_loss 4.001 | ppl 16.01 | num_updates 34692 | best_loss 6.14457
| saved checkpoint ./checkpoints/2020-04-05T02-03-04-00-exp24-bpe2500-seed18/checkpoints_ne_en/checkpoint50.pt (epoch 50 @ 34692 updates) (writing took 0.9519433975219727 seconds)
| epoch 051 | loss 4.321 | nll_loss 1.931 | ppl 3.81 | wps 57262 | ups 4 | wpb 12806.207 | bsz 812.157 | num_updates 35386 | lr 0.000336213 | gnorm 0.215 | clip 1.000 | oom 0.000 | loss_scale 64.000 | wall 7790 | train_wall 6223
| epoch 051 | valid on 'valid' subset | loss 6.156 | nll_loss 4.013 | ppl 16.14 | num_updates 35386 | best_loss 6.14457
| WARNING: overflow detected, setting loss scale to: 32.0
| epoch 052 | loss 4.317 | nll_loss 1.926 | ppl 3.8 | wps 57834 | ups 5 | wpb 12812.322 | bsz 811.978 | num_updates 36079 | lr 0.000332968 | gnorm 0.214 | clip 1.000 | oom 0.000 | loss_scale 32.000 | wall 7944 | train_wall 6347
| epoch 052 | valid on 'valid' subset | loss 6.137 | nll_loss 3.986 | ppl 15.85 | num_updates 36079 | best_loss 6.13706
| WARNING: overflow detected, setting loss scale to: 16.0
| epoch 053 | loss 4.313 | nll_loss 1.921 | ppl 3.79 | wps 56836 | ups 4 | wpb 12804.952 | bsz 809.681 | num_updates 36772 | lr 0.000329816 | gnorm 0.214 | clip 1.000 | oom 0.000 | loss_scale 16.000 | wall 8101 | train_wall 6473
| epoch 053 | valid on 'valid' subset | loss 6.147 | nll_loss 4.000 | ppl 16 | num_updates 36772 | best_loss 6.14457
| epoch 054 | loss 4.309 | nll_loss 1.916 | ppl 3.77 | wps 58134 | ups 5 | wpb 12806.207 | bsz 812.157 | num_updates 37466 | lr 0.000326747 | gnorm 0.214 | clip 1.000 | oom 0.000 | loss_scale 16.000 | wall 8255 | train_wall 6596
| epoch 054 | valid on 'valid' subset | loss 6.133 | nll_loss 3.990 | ppl 15.89 | num_updates 37466 | best_loss 6.13287
| epoch 055 | loss 4.304 | nll_loss 1.910 | ppl 3.76 | wps 56964 | ups 4 | wpb 12806.207 | bsz 812.157 | num_updates 38160 | lr 0.000323762 | gnorm 0.216 | clip 1.000 | oom 0.000 | loss_scale 16.000 | wall 8412 | train_wall 6721
| epoch 055 | valid on 'valid' subset | loss 6.110 | nll_loss 3.954 | ppl 15.5 | num_updates 38160 | best_loss 6.10989
| epoch 056 | loss 4.301 | nll_loss 1.907 | ppl 3.75 | wps 57738 | ups 5 | wpb 12806.207 | bsz 812.157 | num_updates 38854 | lr 0.000320857 | gnorm 0.215 | clip 1.000 | oom 0.000 | loss_scale 16.000 | wall 8566 | train_wall 6846
| epoch 056 | valid on 'valid' subset | loss 6.122 | nll_loss 3.976 | ppl 15.74 | num_updates 38854 | best_loss 6.12231
| epoch 057 | loss 4.297 | nll_loss 1.902 | ppl 3.74 | wps 57405 | ups 4 | wpb 12806.207 | bsz 812.157 | num_updates 39548 | lr 0.00031803 | gnorm 0.214 | clip 1.000 | oom 0.000 | loss_scale 16.000 | wall 8722 | train_wall 6969
| epoch 057 | valid on 'valid' subset | loss 6.122 | nll_loss 3.974 | ppl 15.71 | num_updates 39548 | best_loss 6.12199
| epoch 058 | loss 4.293 | nll_loss 1.897 | ppl 3.72 | wps 57149 | ups 4 | wpb 12806.207 | bsz 812.157 | num_updates 40242 | lr 0.000315275 | gnorm 0.215 | clip 1.000 | oom 0.000 | loss_scale 16.000 | wall 8878 | train_wall 7094
| epoch 058 | valid on 'valid' subset | loss 6.132 | nll_loss 3.984 | ppl 15.82 | num_updates 40242 | best_loss 6.13162
| epoch 059 | loss 4.289 | nll_loss 1.892 | ppl 3.71 | wps 57002 | ups 4 | wpb 12806.207 | bsz 812.157 | num_updates 40936 | lr 0.000312592 | gnorm 0.216 | clip 1.000 | oom 0.000 | loss_scale 32.000 | wall 9035 | train_wall 7219
| epoch 059 | valid on 'valid' subset | loss 6.129 | nll_loss 3.983 | ppl 15.81 | num_updates 40936 | best_loss 6.12858
| WARNING: overflow detected, setting loss scale to: 16.0
| epoch 060 | loss 4.285 | nll_loss 1.887 | ppl 3.7 | wps 58004 | ups 5 | wpb 12808.062 | bsz 813.087 | num_updates 41629 | lr 0.000309979 | gnorm 0.216 | clip 1.000 | oom 0.000 | loss_scale 16.000 | wall 9188 | train_wall 7343
| epoch 060 | valid on 'valid' subset | loss 6.122 | nll_loss 3.972 | ppl 15.69 | num_updates 41629 | best_loss 6.12242
| saved checkpoint ./checkpoints/2020-04-05T02-03-04-00-exp24-bpe2500-seed18/checkpoints_ne_en/checkpoint60.pt (epoch 60 @ 41629 updates) (writing took 1.1284077167510986 seconds)
| epoch 061 | loss 4.283 | nll_loss 1.884 | ppl 3.69 | wps 57088 | ups 4 | wpb 12806.207 | bsz 812.157 | num_updates 42323 | lr 0.000307427 | gnorm 0.217 | clip 1.000 | oom 0.000 | loss_scale 16.000 | wall 9346 | train_wall 7468
| epoch 061 | valid on 'valid' subset | loss 6.136 | nll_loss 3.988 | ppl 15.86 | num_updates 42323 | best_loss 6.12242
| epoch 062 | loss 4.279 | nll_loss 1.879 | ppl 3.68 | wps 57435 | ups 4 | wpb 12806.207 | bsz 812.157 | num_updates 43017 | lr 0.000304937 | gnorm 0.217 | clip 1.000 | oom 0.000 | loss_scale 16.000 | wall 9501 | train_wall 7592
| epoch 062 | valid on 'valid' subset | loss 6.122 | nll_loss 3.981 | ppl 15.8 | num_updates 43017 | best_loss 6.12201
| epoch 063 | loss 4.276 | nll_loss 1.875 | ppl 3.67 | wps 58279 | ups 5 | wpb 12806.207 | bsz 812.157 | num_updates 43711 | lr 0.000302506 | gnorm 0.216 | clip 1.000 | oom 0.000 | loss_scale 16.000 | wall 9655 | train_wall 7715
| epoch 063 | valid on 'valid' subset | loss 6.124 | nll_loss 3.981 | ppl 15.79 | num_updates 43711 | best_loss 6.12242
| epoch 064 | loss 4.273 | nll_loss 1.872 | ppl 3.66 | wps 57204 | ups 4 | wpb 12806.207 | bsz 812.157 | num_updates 44405 | lr 0.000300133 | gnorm 0.217 | clip 1.000 | oom 0.000 | loss_scale 16.000 | wall 9811 | train_wall 7839
| epoch 064 | valid on 'valid' subset | loss 6.118 | nll_loss 3.976 | ppl 15.74 | num_updates 44405 | best_loss 6.11759
| epoch 065 | loss 4.270 | nll_loss 1.868 | ppl 3.65 | wps 58595 | ups 5 | wpb 12806.207 | bsz 812.157 | num_updates 45099 | lr 0.000297815 | gnorm 0.217 | clip 1.000 | oom 0.000 | loss_scale 16.000 | wall 9963 | train_wall 7961
| epoch 065 | valid on 'valid' subset | loss 6.124 | nll_loss 3.984 | ppl 15.83 | num_updates 45099 | best_loss 6.12242
| epoch 066 | loss 4.266 | nll_loss 1.863 | ppl 3.64 | wps 57593 | ups 4 | wpb 12806.207 | bsz 812.157 | num_updates 45793 | lr 0.00029555 | gnorm 0.217 | clip 1.000 | oom 0.000 | loss_scale 32.000 | wall 10118 | train_wall 8086
| epoch 066 | valid on 'valid' subset | loss 6.093 | nll_loss 3.939 | ppl 15.34 | num_updates 45793 | best_loss 6.09291
| epoch 067 | loss 4.263 | nll_loss 1.860 | ppl 3.63 | wps 57640 | ups 5 | wpb 12806.207 | bsz 812.157 | num_updates 46487 | lr 0.000293335 | gnorm 0.216 | clip 1.000 | oom 0.000 | loss_scale 32.000 | wall 10273 | train_wall 8210
| epoch 067 | valid on 'valid' subset | loss 6.113 | nll_loss 3.964 | ppl 15.61 | num_updates 46487 | best_loss 6.11328
| epoch 068 | loss 4.261 | nll_loss 1.857 | ppl 3.62 | wps 57560 | ups 4 | wpb 12806.207 | bsz 812.157 | num_updates 47181 | lr 0.00029117 | gnorm 0.217 | clip 1.000 | oom 0.000 | loss_scale 32.000 | wall 10428 | train_wall 8333
| epoch 068 | valid on 'valid' subset | loss 6.115 | nll_loss 3.964 | ppl 15.6 | num_updates 47181 | best_loss 6.11487
| epoch 069 | loss 4.258 | nll_loss 1.853 | ppl 3.61 | wps 57902 | ups 5 | wpb 12806.207 | bsz 812.157 | num_updates 47875 | lr 0.000289052 | gnorm 0.216 | clip 1.000 | oom 0.000 | loss_scale 32.000 | wall 10582 | train_wall 8457
| epoch 069 | valid on 'valid' subset | loss 6.100 | nll_loss 3.948 | ppl 15.44 | num_updates 47875 | best_loss 6.10036
| epoch 070 | loss 4.255 | nll_loss 1.850 | ppl 3.6 | wps 57948 | ups 5 | wpb 12806.207 | bsz 812.157 | num_updates 48569 | lr 0.000286979 | gnorm 0.219 | clip 1.000 | oom 0.000 | loss_scale 32.000 | wall 10737 | train_wall 8580
| epoch 070 | valid on 'valid' subset | loss 6.111 | nll_loss 3.975 | ppl 15.72 | num_updates 48569 | best_loss 6.11109
| saved checkpoint ./checkpoints/2020-04-05T02-03-04-00-exp24-bpe2500-seed18/checkpoints_ne_en/checkpoint70.pt (epoch 70 @ 48569 updates) (writing took 0.9656715393066406 seconds)
| epoch 071 | loss 4.252 | nll_loss 1.846 | ppl 3.59 | wps 57938 | ups 5 | wpb 12806.207 | bsz 812.157 | num_updates 49263 | lr 0.000284951 | gnorm 0.217 | clip 1.000 | oom 0.000 | loss_scale 32.000 | wall 10892 | train_wall 8704
| epoch 071 | valid on 'valid' subset | loss 6.110 | nll_loss 3.963 | ppl 15.6 | num_updates 49263 | best_loss 6.1103
| WARNING: overflow detected, setting loss scale to: 32.0
| epoch 072 | loss 4.250 | nll_loss 1.843 | ppl 3.59 | wps 58621 | ups 5 | wpb 12803.827 | bsz 810.766 | num_updates 49956 | lr 0.000282967 | gnorm 0.218 | clip 1.000 | oom 0.000 | loss_scale 32.000 | wall 11044 | train_wall 8826
| epoch 072 | valid on 'valid' subset | loss 6.106 | nll_loss 3.958 | ppl 15.54 | num_updates 49956 | best_loss 6.10644
| epoch 073 | loss 4.247 | nll_loss 1.840 | ppl 3.58 | wps 58213 | ups 5 | wpb 12806.207 | bsz 812.157 | num_updates 50650 | lr 0.000281022 | gnorm 0.219 | clip 1.000 | oom 0.000 | loss_scale 32.000 | wall 11197 | train_wall 8949
| epoch 073 | valid on 'valid' subset | loss 6.111 | nll_loss 3.967 | ppl 15.63 | num_updates 50650 | best_loss 6.11109
| epoch 074 | loss 4.244 | nll_loss 1.836 | ppl 3.57 | wps 58513 | ups 5 | wpb 12806.207 | bsz 812.157 | num_updates 51344 | lr 0.000279116 | gnorm 0.217 | clip 1.000 | oom 0.000 | loss_scale 32.000 | wall 11350 | train_wall 9070
| epoch 074 | valid on 'valid' subset | loss 6.097 | nll_loss 3.948 | ppl 15.43 | num_updates 51344 | best_loss 6.09733
| epoch 075 | loss 4.242 | nll_loss 1.834 | ppl 3.57 | wps 57550 | ups 4 | wpb 12806.207 | bsz 812.157 | num_updates 52038 | lr 0.000277249 | gnorm 0.220 | clip 1.000 | oom 0.000 | loss_scale 32.000 | wall 11505 | train_wall 9194
| epoch 075 | valid on 'valid' subset | loss 6.125 | nll_loss 3.974 | ppl 15.71 | num_updates 52038 | best_loss 6.11109
| epoch 076 | loss 4.239 | nll_loss 1.830 | ppl 3.56 | wps 57780 | ups 5 | wpb 12806.207 | bsz 812.157 | num_updates 52732 | lr 0.000275418 | gnorm 0.219 | clip 1.000 | oom 0.000 | loss_scale 32.000 | wall 11660 | train_wall 9318
| epoch 076 | valid on 'valid' subset | loss 6.126 | nll_loss 3.975 | ppl 15.73 | num_updates 52732 | best_loss 6.11109
| epoch 077 | loss 4.237 | nll_loss 1.827 | ppl 3.55 | wps 58042 | ups 5 | wpb 12806.207 | bsz 812.157 | num_updates 53426 | lr 0.000273624 | gnorm 0.220 | clip 1.000 | oom 0.000 | loss_scale 32.000 | wall 11813 | train_wall 9441
| epoch 077 | valid on 'valid' subset | loss 6.101 | nll_loss 3.948 | ppl 15.43 | num_updates 53426 | best_loss 6.10088
| epoch 078 | loss 4.235 | nll_loss 1.825 | ppl 3.54 | wps 57365 | ups 4 | wpb 12806.207 | bsz 812.157 | num_updates 54120 | lr 0.000271864 | gnorm 0.218 | clip 1.000 | oom 0.000 | loss_scale 64.000 | wall 11969 | train_wall 9565
| epoch 078 | valid on 'valid' subset | loss 6.100 | nll_loss 3.951 | ppl 15.47 | num_updates 54120 | best_loss 6.09965
| WARNING: overflow detected, setting loss scale to: 32.0
| epoch 079 | loss 4.232 | nll_loss 1.821 | ppl 3.53 | wps 57654 | ups 5 | wpb 12803.597 | bsz 810.004 | num_updates 54813 | lr 0.00027014 | gnorm 0.219 | clip 1.000 | oom 0.000 | loss_scale 32.000 | wall 12124 | train_wall 9688
| epoch 079 | valid on 'valid' subset | loss 6.100 | nll_loss 3.949 | ppl 15.45 | num_updates 54813 | best_loss 6.10042
| epoch 080 | loss 4.230 | nll_loss 1.819 | ppl 3.53 | wps 57340 | ups 4 | wpb 12806.207 | bsz 812.157 | num_updates 55507 | lr 0.000268445 | gnorm 0.219 | clip 1.000 | oom 0.000 | loss_scale 32.000 | wall 12280 | train_wall 9812
| epoch 080 | valid on 'valid' subset | loss 6.082 | nll_loss 3.925 | ppl 15.19 | num_updates 55507 | best_loss 6.08198
| saved checkpoint ./checkpoints/2020-04-05T02-03-04-00-exp24-bpe2500-seed18/checkpoints_ne_en/checkpoint80.pt (epoch 80 @ 55507 updates) (writing took 1.1458075046539307 seconds)
| epoch 081 | loss 4.228 | nll_loss 1.817 | ppl 3.52 | wps 58843 | ups 5 | wpb 12806.207 | bsz 812.157 | num_updates 56201 | lr 0.000266783 | gnorm 0.220 | clip 1.000 | oom 0.000 | loss_scale 32.000 | wall 12432 | train_wall 9934
| epoch 081 | valid on 'valid' subset | loss 6.095 | nll_loss 3.942 | ppl 15.37 | num_updates 56201 | best_loss 6.08198
| epoch 082 | loss 4.225 | nll_loss 1.813 | ppl 3.51 | wps 59085 | ups 5 | wpb 12806.207 | bsz 812.157 | num_updates 56895 | lr 0.000265151 | gnorm 0.220 | clip 1.000 | oom 0.000 | loss_scale 32.000 | wall 12584 | train_wall 10056
| epoch 082 | valid on 'valid' subset | loss 6.110 | nll_loss 3.959 | ppl 15.55 | num_updates 56895 | best_loss 6.08198
| WARNING: overflow detected, setting loss scale to: 16.0
| epoch 083 | loss 4.223 | nll_loss 1.811 | ppl 3.51 | wps 57543 | ups 4 | wpb 12805.219 | bsz 811.771 | num_updates 57588 | lr 0.000263551 | gnorm 0.218 | clip 1.000 | oom 0.000 | loss_scale 16.000 | wall 12739 | train_wall 10179
| epoch 083 | valid on 'valid' subset | loss 6.093 | nll_loss 3.942 | ppl 15.37 | num_updates 57588 | best_loss 6.08198
| epoch 084 | loss 4.221 | nll_loss 1.808 | ppl 3.5 | wps 57670 | ups 5 | wpb 12806.207 | bsz 812.157 | num_updates 58282 | lr 0.000261977 | gnorm 0.220 | clip 1.000 | oom 0.000 | loss_scale 16.000 | wall 12893 | train_wall 10303
| epoch 084 | valid on 'valid' subset | loss 6.112 | nll_loss 3.961 | ppl 15.57 | num_updates 58282 | best_loss 6.08198
| epoch 085 | loss 4.219 | nll_loss 1.805 | ppl 3.5 | wps 57802 | ups 5 | wpb 12806.207 | bsz 812.157 | num_updates 58976 | lr 0.000260431 | gnorm 0.221 | clip 1.000 | oom 0.000 | loss_scale 16.000 | wall 13048 | train_wall 10426
| epoch 085 | valid on 'valid' subset | loss 6.101 | nll_loss 3.948 | ppl 15.43 | num_updates 58976 | best_loss 6.08198
| epoch 086 | loss 4.217 | nll_loss 1.803 | ppl 3.49 | wps 59127 | ups 5 | wpb 12806.207 | bsz 812.157 | num_updates 59670 | lr 0.000258912 | gnorm 0.221 | clip 1.000 | oom 0.000 | loss_scale 16.000 | wall 13199 | train_wall 10549
| epoch 086 | valid on 'valid' subset | loss 6.117 | nll_loss 3.968 | ppl 15.65 | num_updates 59670 | best_loss 6.08198
| epoch 087 | loss 4.215 | nll_loss 1.800 | ppl 3.48 | wps 57896 | ups 5 | wpb 12806.207 | bsz 812.157 | num_updates 60364 | lr 0.000257419 | gnorm 0.220 | clip 1.000 | oom 0.000 | loss_scale 16.000 | wall 13353 | train_wall 10672
| epoch 087 | valid on 'valid' subset | loss 6.095 | nll_loss 3.948 | ppl 15.43 | num_updates 60364 | best_loss 6.08198
| epoch 088 | loss 4.213 | nll_loss 1.798 | ppl 3.48 | wps 58362 | ups 5 | wpb 12806.207 | bsz 812.157 | num_updates 61058 | lr 0.000255952 | gnorm 0.221 | clip 1.000 | oom 0.000 | loss_scale 16.000 | wall 13506 | train_wall 10794
| epoch 088 | valid on 'valid' subset | loss 6.089 | nll_loss 3.936 | ppl 15.3 | num_updates 61058 | best_loss 6.08198
| epoch 089 | loss 4.210 | nll_loss 1.795 | ppl 3.47 | wps 58136 | ups 5 | wpb 12806.207 | bsz 812.157 | num_updates 61752 | lr 0.00025451 | gnorm 0.222 | clip 1.000 | oom 0.000 | loss_scale 32.000 | wall 13660 | train_wall 10917
| epoch 089 | valid on 'valid' subset | loss 6.095 | nll_loss 3.943 | ppl 15.38 | num_updates 61752 | best_loss 6.08198
| epoch 090 | loss 4.209 | nll_loss 1.793 | ppl 3.47 | wps 57757 | ups 5 | wpb 12806.207 | bsz 812.157 | num_updates 62446 | lr 0.000253092 | gnorm 0.221 | clip 1.000 | oom 0.000 | loss_scale 32.000 | wall 13814 | train_wall 11041
| epoch 090 | valid on 'valid' subset | loss 6.090 | nll_loss 3.936 | ppl 15.3 | num_updates 62446 | best_loss 6.08198
| saved checkpoint ./checkpoints/2020-04-05T02-03-04-00-exp24-bpe2500-seed18/checkpoints_ne_en/checkpoint90.pt (epoch 90 @ 62446 updates) (writing took 0.6187489032745361 seconds)
| epoch 091 | loss 4.206 | nll_loss 1.790 | ppl 3.46 | wps 57313 | ups 4 | wpb 12806.207 | bsz 812.157 | num_updates 63140 | lr 0.000251697 | gnorm 0.222 | clip 1.000 | oom 0.000 | loss_scale 32.000 | wall 13971 | train_wall 11165
| epoch 091 | valid on 'valid' subset | loss 6.115 | nll_loss 3.968 | ppl 15.64 | num_updates 63140 | best_loss 6.08198
| epoch 092 | loss 4.205 | nll_loss 1.789 | ppl 3.45 | wps 57728 | ups 5 | wpb 12806.207 | bsz 812.157 | num_updates 63834 | lr 0.000250325 | gnorm 0.222 | clip 1.000 | oom 0.000 | loss_scale 32.000 | wall 14126 | train_wall 11288
| epoch 092 | valid on 'valid' subset | loss 6.091 | nll_loss 3.934 | ppl 15.28 | num_updates 63834 | best_loss 6.08198
| epoch 093 | loss 4.202 | nll_loss 1.785 | ppl 3.45 | wps 58006 | ups 5 | wpb 12806.207 | bsz 812.157 | num_updates 64528 | lr 0.000248975 | gnorm 0.220 | clip 1.000 | oom 0.000 | loss_scale 32.000 | wall 14280 | train_wall 11411
| epoch 093 | valid on 'valid' subset | loss 6.122 | nll_loss 3.981 | ppl 15.79 | num_updates 64528 | best_loss 6.08198
| epoch 094 | loss 4.201 | nll_loss 1.784 | ppl 3.44 | wps 57196 | ups 4 | wpb 12806.207 | bsz 812.157 | num_updates 65222 | lr 0.000247647 | gnorm 0.222 | clip 1.000 | oom 0.000 | loss_scale 32.000 | wall 14436 | train_wall 11535
| epoch 094 | valid on 'valid' subset | loss 6.147 | nll_loss 4.005 | ppl 16.05 | num_updates 65222 | best_loss 6.08198
| epoch 095 | loss 4.199 | nll_loss 1.781 | ppl 3.44 | wps 58385 | ups 5 | wpb 12806.207 | bsz 812.157 | num_updates 65916 | lr 0.00024634 | gnorm 0.221 | clip 1.000 | oom 0.000 | loss_scale 64.000 | wall 14589 | train_wall 11657
| epoch 095 | valid on 'valid' subset | loss 6.102 | nll_loss 3.955 | ppl 15.51 | num_updates 65916 | best_loss 6.08198
| WARNING: overflow detected, setting loss scale to: 32.0
| epoch 096 | loss 4.197 | nll_loss 1.779 | ppl 3.43 | wps 57899 | ups 5 | wpb 12804.007 | bsz 809.820 | num_updates 66609 | lr 0.000245055 | gnorm 0.223 | clip 1.000 | oom 0.000 | loss_scale 32.000 | wall 14743 | train_wall 11780
| epoch 096 | valid on 'valid' subset | loss 6.125 | nll_loss 3.983 | ppl 15.81 | num_updates 66609 | best_loss 6.08198
| epoch 097 | loss 4.196 | nll_loss 1.777 | ppl 3.43 | wps 57646 | ups 5 | wpb 12806.207 | bsz 812.157 | num_updates 67303 | lr 0.000243788 | gnorm 0.223 | clip 1.000 | oom 0.000 | loss_scale 32.000 | wall 14898 | train_wall 11904
| epoch 097 | valid on 'valid' subset | loss 6.111 | nll_loss 3.969 | ppl 15.66 | num_updates 67303 | best_loss 6.08198
| epoch 098 | loss 4.194 | nll_loss 1.775 | ppl 3.42 | wps 57384 | ups 4 | wpb 12806.207 | bsz 812.157 | num_updates 67997 | lr 0.000242541 | gnorm 0.224 | clip 1.000 | oom 0.000 | loss_scale 32.000 | wall 15053 | train_wall 12029
| epoch 098 | valid on 'valid' subset | loss 6.089 | nll_loss 3.942 | ppl 15.36 | num_updates 67997 | best_loss 6.08198
| epoch 099 | loss 4.193 | nll_loss 1.773 | ppl 3.42 | wps 58239 | ups 5 | wpb 12806.207 | bsz 812.157 | num_updates 68691 | lr 0.000241313 | gnorm 0.223 | clip 1.000 | oom 0.000 | loss_scale 32.000 | wall 15207 | train_wall 12152
| epoch 099 | valid on 'valid' subset | loss 6.074 | nll_loss 3.923 | ppl 15.17 | num_updates 68691 | best_loss 6.07385
| epoch 100 | loss 4.190 | nll_loss 1.771 | ppl 3.41 | wps 57354 | ups 4 | wpb 12806.207 | bsz 812.157 | num_updates 69385 | lr 0.000240103 | gnorm 0.225 | clip 1.000 | oom 0.000 | loss_scale 32.000 | wall 15362 | train_wall 12276
| epoch 100 | valid on 'valid' subset | loss 6.098 | nll_loss 3.952 | ppl 15.47 | num_updates 69385 | best_loss 6.08198
| saved checkpoint ./checkpoints/2020-04-05T02-03-04-00-exp24-bpe2500-seed18/checkpoints_ne_en/checkpoint100.pt (epoch 100 @ 69385 updates) (writing took 0.786893367767334 seconds)
| done training in 15359.0 seconds
Done training.
Time at end: Sun Apr 5 06:19:54 EDT 2020
