================ FLORES BASELINE WITH CLIP_NORM=0.1, BPE=7500 AND SEED=17  ================
About to train the supervised for the following language pair: NE-EN
CHECKPOINT_DIR is set to './checkpoints/2020-06-04T03-48-04-00-exp27-bpe7500-ne-060120-seed17-nonjoint/checkpoints_ne_en'
Creating checkpoint directory if it doesn't exist...
Data folder is: data-bin/wiki_ne_en_bpe7500_nonjoint/
Beginning training...
Time at beginning: Thu Jun 4 03:48:47 EDT 2020
This is train_fairseq
Namespace(activation_dropout=0.2, activation_fn='relu', adam_betas='(0.9, 0.98)', adam_eps=1e-08, adaptive_input=False, adaptive_softmax_cutoff=None, adaptive_softmax_dropout=0, arch='transformer', attention_dropout=0.2, best_checkpoint_metric='loss', bpe=None, bucket_cap_mb=25, clip_norm=0.1, cpu=False, criterion='label_smoothed_cross_entropy', cross_self_attention=False, curriculum=0, data='data-bin/wiki_ne_en_bpe7500_nonjoint/', dataset_impl=None, ddp_backend='c10d', decoder_attention_heads=2, decoder_embed_dim=512, decoder_embed_path=None, decoder_ffn_embed_dim=2048, decoder_input_dim=512, decoder_layerdrop=0, decoder_layers=5, decoder_layers_to_keep=None, decoder_learned_pos=False, decoder_normalize_before=True, decoder_output_dim=512, device_id=0, disable_validation=False, distributed_backend='nccl', distributed_init_method=None, distributed_no_spawn=False, distributed_port=-1, distributed_rank=0, distributed_world_size=1, dropout=0.4, empty_cache_freq=0, encoder_attention_heads=2, encoder_embed_dim=512, encoder_embed_path=None, encoder_ffn_embed_dim=2048, encoder_layerdrop=0, encoder_layers=5, encoder_layers_to_keep=None, encoder_learned_pos=False, encoder_normalize_before=True, fast_stat_sync=False, find_unused_parameters=False, fix_batches_to_gpus=False, fixed_validation_seed=None, fp16=True, fp16_init_scale=128, fp16_scale_tolerance=0.0, fp16_scale_window=None, keep_interval_updates=-1, keep_last_epochs=-1, label_smoothing=0.2, layer_wise_attention=False, layernorm_embedding=False, lazy_load=False, left_pad_source='True', left_pad_target='False', load_alignments=False, log_format=None, log_interval=1000, lr=[0.001], lr_scheduler='inverse_sqrt', max_epoch=100, max_sentences=None, max_sentences_valid=None, max_source_positions=1024, max_target_positions=1024, max_tokens=4000, max_tokens_valid=4000, max_update=0, maximize_best_checkpoint_metric=False, memory_efficient_fp16=False, min_loss_scale=0.0001, min_lr=1e-09, no_cross_attention=False, no_epoch_checkpoints=False, no_last_checkpoints=False, no_progress_bar=False, no_save=False, no_save_optimizer_state=False, no_scale_embedding=False, no_token_positional_embeddings=False, num_workers=1, optimizer='adam', optimizer_overrides='{}', raw_text=False, required_batch_size_multiple=8, reset_dataloader=False, reset_lr_scheduler=False, reset_meters=False, reset_optimizer=False, restore_file='checkpoint_last.pt', save_dir='./checkpoints/2020-06-04T03-48-04-00-exp27-bpe7500-ne-060120-seed17-nonjoint/checkpoints_ne_en', save_interval=10, save_interval_updates=0, seed=17, sentence_avg=False, share_all_embeddings=True, share_decoder_input_output_embed=False, skip_invalid_size_inputs_valid_test=False, source_lang='ne', target_lang='en', task='translation', tensorboard_logdir='', threshold_loss_scale=None, tokenizer=None, train_subset='train', truncate_source=False, update_freq=[4], upsample_primary=1, use_bmuf=False, user_dir=None, valid_subset='valid', validate_interval=1, warmup_init_lr=1e-07, warmup_updates=4000, weight_decay=0.0001)
| [ne] dictionary: 7552 types
| [en] dictionary: 7552 types
| loaded 2559 examples from: data-bin/wiki_ne_en_bpe7500_nonjoint/valid.ne-en.ne
| loaded 2559 examples from: data-bin/wiki_ne_en_bpe7500_nonjoint/valid.ne-en.en
| data-bin/wiki_ne_en_bpe7500_nonjoint/ valid ne-en 2559 examples
TransformerModel(
  (encoder): TransformerEncoder(
    (embed_tokens): Embedding(7552, 512, padding_idx=1)
    (embed_positions): SinusoidalPositionalEmbedding()
    (layers): ModuleList(
      (0): TransformerEncoderLayer(
        (self_attn): MultiheadAttention(
          (k_proj): Linear(in_features=512, out_features=512, bias=True)
          (v_proj): Linear(in_features=512, out_features=512, bias=True)
          (q_proj): Linear(in_features=512, out_features=512, bias=True)
          (out_proj): Linear(in_features=512, out_features=512, bias=True)
        )
        (self_attn_layer_norm): LayerNorm((512,), eps=1e-05, elementwise_affine=True)
        (fc1): Linear(in_features=512, out_features=2048, bias=True)
        (fc2): Linear(in_features=2048, out_features=512, bias=True)
        (final_layer_norm): LayerNorm((512,), eps=1e-05, elementwise_affine=True)
      )
      (1): TransformerEncoderLayer(
        (self_attn): MultiheadAttention(
          (k_proj): Linear(in_features=512, out_features=512, bias=True)
          (v_proj): Linear(in_features=512, out_features=512, bias=True)
          (q_proj): Linear(in_features=512, out_features=512, bias=True)
          (out_proj): Linear(in_features=512, out_features=512, bias=True)
        )
        (self_attn_layer_norm): LayerNorm((512,), eps=1e-05, elementwise_affine=True)
        (fc1): Linear(in_features=512, out_features=2048, bias=True)
        (fc2): Linear(in_features=2048, out_features=512, bias=True)
        (final_layer_norm): LayerNorm((512,), eps=1e-05, elementwise_affine=True)
      )
      (2): TransformerEncoderLayer(
        (self_attn): MultiheadAttention(
          (k_proj): Linear(in_features=512, out_features=512, bias=True)
          (v_proj): Linear(in_features=512, out_features=512, bias=True)
          (q_proj): Linear(in_features=512, out_features=512, bias=True)
          (out_proj): Linear(in_features=512, out_features=512, bias=True)
        )
        (self_attn_layer_norm): LayerNorm((512,), eps=1e-05, elementwise_affine=True)
        (fc1): Linear(in_features=512, out_features=2048, bias=True)
        (fc2): Linear(in_features=2048, out_features=512, bias=True)
        (final_layer_norm): LayerNorm((512,), eps=1e-05, elementwise_affine=True)
      )
      (3): TransformerEncoderLayer(
        (self_attn): MultiheadAttention(
          (k_proj): Linear(in_features=512, out_features=512, bias=True)
          (v_proj): Linear(in_features=512, out_features=512, bias=True)
          (q_proj): Linear(in_features=512, out_features=512, bias=True)
          (out_proj): Linear(in_features=512, out_features=512, bias=True)
        )
        (self_attn_layer_norm): LayerNorm((512,), eps=1e-05, elementwise_affine=True)
        (fc1): Linear(in_features=512, out_features=2048, bias=True)
        (fc2): Linear(in_features=2048, out_features=512, bias=True)
        (final_layer_norm): LayerNorm((512,), eps=1e-05, elementwise_affine=True)
      )
      (4): TransformerEncoderLayer(
        (self_attn): MultiheadAttention(
          (k_proj): Linear(in_features=512, out_features=512, bias=True)
          (v_proj): Linear(in_features=512, out_features=512, bias=True)
          (q_proj): Linear(in_features=512, out_features=512, bias=True)
          (out_proj): Linear(in_features=512, out_features=512, bias=True)
        )
        (self_attn_layer_norm): LayerNorm((512,), eps=1e-05, elementwise_affine=True)
        (fc1): Linear(in_features=512, out_features=2048, bias=True)
        (fc2): Linear(in_features=2048, out_features=512, bias=True)
        (final_layer_norm): LayerNorm((512,), eps=1e-05, elementwise_affine=True)
      )
    )
    (layer_norm): LayerNorm((512,), eps=1e-05, elementwise_affine=True)
  )
  (decoder): TransformerDecoder(
    (embed_tokens): Embedding(7552, 512, padding_idx=1)
    (embed_positions): SinusoidalPositionalEmbedding()
    (layers): ModuleList(
      (0): TransformerDecoderLayer(
        (self_attn): MultiheadAttention(
          (k_proj): Linear(in_features=512, out_features=512, bias=True)
          (v_proj): Linear(in_features=512, out_features=512, bias=True)
          (q_proj): Linear(in_features=512, out_features=512, bias=True)
          (out_proj): Linear(in_features=512, out_features=512, bias=True)
        )
        (self_attn_layer_norm): LayerNorm((512,), eps=1e-05, elementwise_affine=True)
        (encoder_attn): MultiheadAttention(
          (k_proj): Linear(in_features=512, out_features=512, bias=True)
          (v_proj): Linear(in_features=512, out_features=512, bias=True)
          (q_proj): Linear(in_features=512, out_features=512, bias=True)
          (out_proj): Linear(in_features=512, out_features=512, bias=True)
        )
        (encoder_attn_layer_norm): LayerNorm((512,), eps=1e-05, elementwise_affine=True)
        (fc1): Linear(in_features=512, out_features=2048, bias=True)
        (fc2): Linear(in_features=2048, out_features=512, bias=True)
        (final_layer_norm): LayerNorm((512,), eps=1e-05, elementwise_affine=True)
      )
      (1): TransformerDecoderLayer(
        (self_attn): MultiheadAttention(
          (k_proj): Linear(in_features=512, out_features=512, bias=True)
          (v_proj): Linear(in_features=512, out_features=512, bias=True)
          (q_proj): Linear(in_features=512, out_features=512, bias=True)
          (out_proj): Linear(in_features=512, out_features=512, bias=True)
        )
        (self_attn_layer_norm): LayerNorm((512,), eps=1e-05, elementwise_affine=True)
        (encoder_attn): MultiheadAttention(
          (k_proj): Linear(in_features=512, out_features=512, bias=True)
          (v_proj): Linear(in_features=512, out_features=512, bias=True)
          (q_proj): Linear(in_features=512, out_features=512, bias=True)
          (out_proj): Linear(in_features=512, out_features=512, bias=True)
        )
        (encoder_attn_layer_norm): LayerNorm((512,), eps=1e-05, elementwise_affine=True)
        (fc1): Linear(in_features=512, out_features=2048, bias=True)
        (fc2): Linear(in_features=2048, out_features=512, bias=True)
        (final_layer_norm): LayerNorm((512,), eps=1e-05, elementwise_affine=True)
      )
      (2): TransformerDecoderLayer(
        (self_attn): MultiheadAttention(
          (k_proj): Linear(in_features=512, out_features=512, bias=True)
          (v_proj): Linear(in_features=512, out_features=512, bias=True)
          (q_proj): Linear(in_features=512, out_features=512, bias=True)
          (out_proj): Linear(in_features=512, out_features=512, bias=True)
        )
        (self_attn_layer_norm): LayerNorm((512,), eps=1e-05, elementwise_affine=True)
        (encoder_attn): MultiheadAttention(
          (k_proj): Linear(in_features=512, out_features=512, bias=True)
          (v_proj): Linear(in_features=512, out_features=512, bias=True)
          (q_proj): Linear(in_features=512, out_features=512, bias=True)
          (out_proj): Linear(in_features=512, out_features=512, bias=True)
        )
        (encoder_attn_layer_norm): LayerNorm((512,), eps=1e-05, elementwise_affine=True)
        (fc1): Linear(in_features=512, out_features=2048, bias=True)
        (fc2): Linear(in_features=2048, out_features=512, bias=True)
        (final_layer_norm): LayerNorm((512,), eps=1e-05, elementwise_affine=True)
      )
      (3): TransformerDecoderLayer(
        (self_attn): MultiheadAttention(
          (k_proj): Linear(in_features=512, out_features=512, bias=True)
          (v_proj): Linear(in_features=512, out_features=512, bias=True)
          (q_proj): Linear(in_features=512, out_features=512, bias=True)
          (out_proj): Linear(in_features=512, out_features=512, bias=True)
        )
        (self_attn_layer_norm): LayerNorm((512,), eps=1e-05, elementwise_affine=True)
        (encoder_attn): MultiheadAttention(
          (k_proj): Linear(in_features=512, out_features=512, bias=True)
          (v_proj): Linear(in_features=512, out_features=512, bias=True)
          (q_proj): Linear(in_features=512, out_features=512, bias=True)
          (out_proj): Linear(in_features=512, out_features=512, bias=True)
        )
        (encoder_attn_layer_norm): LayerNorm((512,), eps=1e-05, elementwise_affine=True)
        (fc1): Linear(in_features=512, out_features=2048, bias=True)
        (fc2): Linear(in_features=2048, out_features=512, bias=True)
        (final_layer_norm): LayerNorm((512,), eps=1e-05, elementwise_affine=True)
      )
      (4): TransformerDecoderLayer(
        (self_attn): MultiheadAttention(
          (k_proj): Linear(in_features=512, out_features=512, bias=True)
          (v_proj): Linear(in_features=512, out_features=512, bias=True)
          (q_proj): Linear(in_features=512, out_features=512, bias=True)
          (out_proj): Linear(in_features=512, out_features=512, bias=True)
        )
        (self_attn_layer_norm): LayerNorm((512,), eps=1e-05, elementwise_affine=True)
        (encoder_attn): MultiheadAttention(
          (k_proj): Linear(in_features=512, out_features=512, bias=True)
          (v_proj): Linear(in_features=512, out_features=512, bias=True)
          (q_proj): Linear(in_features=512, out_features=512, bias=True)
          (out_proj): Linear(in_features=512, out_features=512, bias=True)
        )
        (encoder_attn_layer_norm): LayerNorm((512,), eps=1e-05, elementwise_affine=True)
        (fc1): Linear(in_features=512, out_features=2048, bias=True)
        (fc2): Linear(in_features=2048, out_features=512, bias=True)
        (final_layer_norm): LayerNorm((512,), eps=1e-05, elementwise_affine=True)
      )
    )
    (layer_norm): LayerNorm((512,), eps=1e-05, elementwise_affine=True)
  )
)
| model transformer, criterion LabelSmoothedCrossEntropyCriterion
| num. model params: 40650752 (num. trained: 40650752)
| training on 1 GPUs
| max tokens per GPU = 4000 and max sentences per GPU = None
| no existing checkpoint found ./checkpoints/2020-06-04T03-48-04-00-exp27-bpe7500-ne-060120-seed17-nonjoint/checkpoints_ne_en/checkpoint_last.pt
| loading train data for epoch 0
| loaded 563636 examples from: data-bin/wiki_ne_en_bpe7500_nonjoint/train.ne-en.ne
| loaded 563636 examples from: data-bin/wiki_ne_en_bpe7500_nonjoint/train.ne-en.en
| data-bin/wiki_ne_en_bpe7500_nonjoint/ train ne-en 563636 examples
| WARNING: overflow detected, setting loss scale to: 64.0
| WARNING: overflow detected, setting loss scale to: 32.0
| WARNING: overflow detected, setting loss scale to: 16.0
| WARNING: overflow detected, setting loss scale to: 8.0
| epoch 001 | loss 9.083 | nll_loss 7.660 | ppl 202.19 | wps 63014 | ups 4 | wpb 14190.964 | bsz 740.695 | num_updates 754 | lr 0.000188581 | gnorm 0.807 | clip 1.000 | oom 0.000 | loss_scale 8.000 | wall 174 | train_wall 144
| epoch 001 | valid on 'valid' subset | loss 8.218 | nll_loss 6.344 | ppl 81.22 | num_updates 754
| epoch 002 | loss 6.936 | nll_loss 4.841 | ppl 28.66 | wps 63205 | ups 4 | wpb 14196.314 | bsz 743.583 | num_updates 1512 | lr 0.000378062 | gnorm 0.520 | clip 1.000 | oom 0.000 | loss_scale 8.000 | wall 345 | train_wall 288
| epoch 002 | valid on 'valid' subset | loss 7.560 | nll_loss 5.466 | ppl 44.21 | num_updates 1512
| epoch 003 | loss 6.119 | nll_loss 3.787 | ppl 13.8 | wps 63081 | ups 4 | wpb 14196.314 | bsz 743.583 | num_updates 2270 | lr 0.000567543 | gnorm 0.442 | clip 1.000 | oom 0.000 | loss_scale 8.000 | wall 517 | train_wall 433
| epoch 003 | valid on 'valid' subset | loss 7.246 | nll_loss 4.993 | ppl 31.86 | num_updates 2270
| epoch 004 | loss 5.684 | nll_loss 3.233 | ppl 9.4 | wps 62818 | ups 4 | wpb 14196.314 | bsz 743.583 | num_updates 3028 | lr 0.000757024 | gnorm 0.380 | clip 1.000 | oom 0.000 | loss_scale 8.000 | wall 689 | train_wall 578
| epoch 004 | valid on 'valid' subset | loss 6.988 | nll_loss 4.655 | ppl 25.19 | num_updates 3028
| epoch 005 | loss 5.445 | nll_loss 2.930 | ppl 7.62 | wps 62273 | ups 4 | wpb 14196.314 | bsz 743.583 | num_updates 3786 | lr 0.000946505 | gnorm 0.341 | clip 1.000 | oom 0.000 | loss_scale 8.000 | wall 863 | train_wall 724
| epoch 005 | valid on 'valid' subset | loss 6.819 | nll_loss 4.446 | ppl 21.79 | num_updates 3786
| epoch 006 | loss 5.285 | nll_loss 2.729 | ppl 6.63 | wps 63183 | ups 4 | wpb 14196.314 | bsz 743.583 | num_updates 4544 | lr 0.000938233 | gnorm 0.305 | clip 1.000 | oom 0.000 | loss_scale 16.000 | wall 1034 | train_wall 869
| epoch 006 | valid on 'valid' subset | loss 6.682 | nll_loss 4.248 | ppl 19 | num_updates 4544
| epoch 007 | loss 5.139 | nll_loss 2.547 | ppl 5.84 | wps 62353 | ups 4 | wpb 14196.314 | bsz 743.583 | num_updates 5302 | lr 0.000868581 | gnorm 0.266 | clip 1.000 | oom 0.000 | loss_scale 16.000 | wall 1207 | train_wall 1015
| epoch 007 | valid on 'valid' subset | loss 6.573 | nll_loss 4.122 | ppl 17.41 | num_updates 5302
| epoch 008 | loss 5.032 | nll_loss 2.415 | ppl 5.33 | wps 63332 | ups 4 | wpb 14196.314 | bsz 743.583 | num_updates 6060 | lr 0.000812444 | gnorm 0.245 | clip 1.000 | oom 0.000 | loss_scale 16.000 | wall 1378 | train_wall 1158
| epoch 008 | valid on 'valid' subset | loss 6.506 | nll_loss 4.044 | ppl 16.5 | num_updates 6060
| epoch 009 | loss 4.956 | nll_loss 2.321 | ppl 5 | wps 63003 | ups 4 | wpb 14196.314 | bsz 743.583 | num_updates 6818 | lr 0.000765952 | gnorm 0.231 | clip 1.000 | oom 0.000 | loss_scale 16.000 | wall 1549 | train_wall 1303
| epoch 009 | valid on 'valid' subset | loss 6.433 | nll_loss 3.948 | ppl 15.44 | num_updates 6818
| epoch 010 | loss 4.897 | nll_loss 2.249 | ppl 4.75 | wps 62932 | ups 4 | wpb 14196.314 | bsz 743.583 | num_updates 7576 | lr 0.000726624 | gnorm 0.221 | clip 1.000 | oom 0.000 | loss_scale 16.000 | wall 1721 | train_wall 1449
| epoch 010 | valid on 'valid' subset | loss 6.387 | nll_loss 3.906 | ppl 14.99 | num_updates 7576
| saved checkpoint ./checkpoints/2020-06-04T03-48-04-00-exp27-bpe7500-ne-060120-seed17-nonjoint/checkpoints_ne_en/checkpoint10.pt (epoch 10 @ 7576 updates) (writing took 0.772897481918335 seconds)
| epoch 011 | loss 4.849 | nll_loss 2.188 | ppl 4.56 | wps 62982 | ups 4 | wpb 14196.314 | bsz 743.583 | num_updates 8334 | lr 0.000692793 | gnorm 0.214 | clip 1.000 | oom 0.000 | loss_scale 16.000 | wall 1894 | train_wall 1594
| epoch 011 | valid on 'valid' subset | loss 6.340 | nll_loss 3.842 | ppl 14.34 | num_updates 8334 | best_loss 6.34019
| epoch 012 | loss 4.809 | nll_loss 2.140 | ppl 4.41 | wps 63416 | ups 4 | wpb 14196.314 | bsz 743.583 | num_updates 9092 | lr 0.000663285 | gnorm 0.210 | clip 1.000 | oom 0.000 | loss_scale 32.000 | wall 2064 | train_wall 1738
| epoch 012 | valid on 'valid' subset | loss 6.305 | nll_loss 3.778 | ppl 13.72 | num_updates 9092 | best_loss 6.30455
| epoch 013 | loss 4.774 | nll_loss 2.096 | ppl 4.28 | wps 63153 | ups 4 | wpb 14196.314 | bsz 743.583 | num_updates 9850 | lr 0.000637253 | gnorm 0.204 | clip 1.000 | oom 0.000 | loss_scale 32.000 | wall 2235 | train_wall 1883
| epoch 013 | valid on 'valid' subset | loss 6.302 | nll_loss 3.792 | ppl 13.86 | num_updates 9850 | best_loss 6.30231
| epoch 014 | loss 4.745 | nll_loss 2.061 | ppl 4.17 | wps 62426 | ups 4 | wpb 14196.314 | bsz 743.583 | num_updates 10608 | lr 0.000614063 | gnorm 0.201 | clip 1.000 | oom 0.000 | loss_scale 32.000 | wall 2409 | train_wall 2029
| epoch 014 | valid on 'valid' subset | loss 6.302 | nll_loss 3.789 | ppl 13.82 | num_updates 10608 | best_loss 6.30228
| epoch 015 | loss 4.720 | nll_loss 2.030 | ppl 4.08 | wps 63058 | ups 4 | wpb 14196.314 | bsz 743.583 | num_updates 11366 | lr 0.000593234 | gnorm 0.199 | clip 1.000 | oom 0.000 | loss_scale 32.000 | wall 2580 | train_wall 2174
| epoch 015 | valid on 'valid' subset | loss 6.298 | nll_loss 3.779 | ppl 13.73 | num_updates 11366 | best_loss 6.29844
| epoch 016 | loss 4.696 | nll_loss 2.000 | ppl 4 | wps 62801 | ups 4 | wpb 14196.314 | bsz 743.583 | num_updates 12124 | lr 0.00057439 | gnorm 0.196 | clip 1.000 | oom 0.000 | loss_scale 32.000 | wall 2752 | train_wall 2318
| epoch 016 | valid on 'valid' subset | loss 6.228 | nll_loss 3.707 | ppl 13.06 | num_updates 12124 | best_loss 6.22828
| epoch 017 | loss 4.676 | nll_loss 1.977 | ppl 3.94 | wps 63497 | ups 4 | wpb 14196.314 | bsz 743.583 | num_updates 12882 | lr 0.000557235 | gnorm 0.193 | clip 1.000 | oom 0.000 | loss_scale 64.000 | wall 2923 | train_wall 2462
| epoch 017 | valid on 'valid' subset | loss 6.227 | nll_loss 3.701 | ppl 13.01 | num_updates 12882 | best_loss 6.22734
| WARNING: overflow detected, setting loss scale to: 32.0
| epoch 018 | loss 4.659 | nll_loss 1.955 | ppl 3.88 | wps 62701 | ups 4 | wpb 14196.399 | bsz 741.015 | num_updates 13639 | lr 0.00054155 | gnorm 0.193 | clip 1.000 | oom 0.000 | loss_scale 32.000 | wall 3095 | train_wall 2608
| epoch 018 | valid on 'valid' subset | loss 6.226 | nll_loss 3.699 | ppl 12.98 | num_updates 13639 | best_loss 6.22584
| WARNING: overflow detected, setting loss scale to: 16.0
| epoch 019 | loss 4.641 | nll_loss 1.933 | ppl 3.82 | wps 63149 | ups 4 | wpb 14195.085 | bsz 739.979 | num_updates 14396 | lr 0.000527119 | gnorm 0.191 | clip 1.000 | oom 0.000 | loss_scale 16.000 | wall 3266 | train_wall 2752
| epoch 019 | valid on 'valid' subset | loss 6.193 | nll_loss 3.660 | ppl 12.64 | num_updates 14396 | best_loss 6.19306
| epoch 020 | loss 4.626 | nll_loss 1.915 | ppl 3.77 | wps 62589 | ups 4 | wpb 14196.314 | bsz 743.583 | num_updates 15154 | lr 0.000513767 | gnorm 0.190 | clip 1.000 | oom 0.000 | loss_scale 16.000 | wall 3438 | train_wall 2897
| epoch 020 | valid on 'valid' subset | loss 6.198 | nll_loss 3.673 | ppl 12.76 | num_updates 15154 | best_loss 6.19775
| saved checkpoint ./checkpoints/2020-06-04T03-48-04-00-exp27-bpe7500-ne-060120-seed17-nonjoint/checkpoints_ne_en/checkpoint20.pt (epoch 20 @ 15154 updates) (writing took 1.0768053531646729 seconds)
| epoch 021 | loss 4.612 | nll_loss 1.897 | ppl 3.72 | wps 62961 | ups 4 | wpb 14196.314 | bsz 743.583 | num_updates 15912 | lr 0.000501381 | gnorm 0.189 | clip 1.000 | oom 0.000 | loss_scale 16.000 | wall 3611 | train_wall 3042
| epoch 021 | valid on 'valid' subset | loss 6.176 | nll_loss 3.644 | ppl 12.5 | num_updates 15912 | best_loss 6.1758
| epoch 022 | loss 4.599 | nll_loss 1.882 | ppl 3.69 | wps 63554 | ups 4 | wpb 14196.314 | bsz 743.583 | num_updates 16670 | lr 0.000489849 | gnorm 0.189 | clip 1.000 | oom 0.000 | loss_scale 16.000 | wall 3781 | train_wall 3185
| epoch 022 | valid on 'valid' subset | loss 6.156 | nll_loss 3.622 | ppl 12.31 | num_updates 16670 | best_loss 6.15601
| epoch 023 | loss 4.587 | nll_loss 1.868 | ppl 3.65 | wps 63039 | ups 4 | wpb 14196.314 | bsz 743.583 | num_updates 17428 | lr 0.000479078 | gnorm 0.187 | clip 1.000 | oom 0.000 | loss_scale 16.000 | wall 3953 | train_wall 3330
| epoch 023 | valid on 'valid' subset | loss 6.154 | nll_loss 3.615 | ppl 12.25 | num_updates 17428 | best_loss 6.15367
| epoch 024 | loss 4.577 | nll_loss 1.854 | ppl 3.62 | wps 63141 | ups 4 | wpb 14196.314 | bsz 743.583 | num_updates 18186 | lr 0.000468988 | gnorm 0.188 | clip 1.000 | oom 0.000 | loss_scale 16.000 | wall 4124 | train_wall 3474
| epoch 024 | valid on 'valid' subset | loss 6.159 | nll_loss 3.628 | ppl 12.36 | num_updates 18186 | best_loss 6.15946
| epoch 025 | loss 4.566 | nll_loss 1.842 | ppl 3.59 | wps 62978 | ups 4 | wpb 14196.314 | bsz 743.583 | num_updates 18944 | lr 0.000459509 | gnorm 0.187 | clip 1.000 | oom 0.000 | loss_scale 32.000 | wall 4296 | train_wall 3619
| epoch 025 | valid on 'valid' subset | loss 6.127 | nll_loss 3.587 | ppl 12.02 | num_updates 18944 | best_loss 6.12685
| epoch 026 | loss 4.556 | nll_loss 1.829 | ppl 3.55 | wps 63039 | ups 4 | wpb 14196.314 | bsz 743.583 | num_updates 19702 | lr 0.000450583 | gnorm 0.186 | clip 1.000 | oom 0.000 | loss_scale 32.000 | wall 4467 | train_wall 3764
| epoch 026 | valid on 'valid' subset | loss 6.123 | nll_loss 3.579 | ppl 11.95 | num_updates 19702 | best_loss 6.1227
| epoch 027 | loss 4.547 | nll_loss 1.818 | ppl 3.53 | wps 62295 | ups 4 | wpb 14196.314 | bsz 743.583 | num_updates 20460 | lr 0.000442158 | gnorm 0.186 | clip 1.000 | oom 0.000 | loss_scale 32.000 | wall 4641 | train_wall 3910
| epoch 027 | valid on 'valid' subset | loss 6.134 | nll_loss 3.600 | ppl 12.13 | num_updates 20460 | best_loss 6.13407
| epoch 028 | loss 4.538 | nll_loss 1.808 | ppl 3.5 | wps 63145 | ups 4 | wpb 14196.314 | bsz 743.583 | num_updates 21218 | lr 0.000434188 | gnorm 0.186 | clip 1.000 | oom 0.000 | loss_scale 32.000 | wall 4812 | train_wall 4054
| epoch 028 | valid on 'valid' subset | loss 6.120 | nll_loss 3.570 | ppl 11.88 | num_updates 21218 | best_loss 6.12045
| epoch 029 | loss 4.529 | nll_loss 1.797 | ppl 3.47 | wps 63264 | ups 4 | wpb 14196.314 | bsz 743.583 | num_updates 21976 | lr 0.000426634 | gnorm 0.185 | clip 1.000 | oom 0.000 | loss_scale 32.000 | wall 4983 | train_wall 4199
| epoch 029 | valid on 'valid' subset | loss 6.122 | nll_loss 3.590 | ppl 12.04 | num_updates 21976 | best_loss 6.12242
| epoch 030 | loss 4.522 | nll_loss 1.787 | ppl 3.45 | wps 63357 | ups 4 | wpb 14196.314 | bsz 743.583 | num_updates 22734 | lr 0.000419461 | gnorm 0.185 | clip 1.000 | oom 0.000 | loss_scale 64.000 | wall 5154 | train_wall 4343
| epoch 030 | valid on 'valid' subset | loss 6.128 | nll_loss 3.586 | ppl 12.01 | num_updates 22734 | best_loss 6.12806
| saved checkpoint ./checkpoints/2020-06-04T03-48-04-00-exp27-bpe7500-ne-060120-seed17-nonjoint/checkpoints_ne_en/checkpoint30.pt (epoch 30 @ 22734 updates) (writing took 1.064222812652588 seconds)
| WARNING: overflow detected, setting loss scale to: 32.0
| epoch 031 | loss 4.515 | nll_loss 1.779 | ppl 3.43 | wps 63405 | ups 4 | wpb 14194.314 | bsz 741.300 | num_updates 23491 | lr 0.000412648 | gnorm 0.184 | clip 1.000 | oom 0.000 | loss_scale 32.000 | wall 5325 | train_wall 4487
| epoch 031 | valid on 'valid' subset | loss 6.110 | nll_loss 3.571 | ppl 11.89 | num_updates 23491 | best_loss 6.1097
| epoch 032 | loss 4.507 | nll_loss 1.769 | ppl 3.41 | wps 63855 | ups 4 | wpb 14196.314 | bsz 743.583 | num_updates 24249 | lr 0.000406147 | gnorm 0.184 | clip 1.000 | oom 0.000 | loss_scale 32.000 | wall 5495 | train_wall 4630
| epoch 032 | valid on 'valid' subset | loss 6.101 | nll_loss 3.561 | ppl 11.8 | num_updates 24249 | best_loss 6.10075
| epoch 033 | loss 4.501 | nll_loss 1.762 | ppl 3.39 | wps 63677 | ups 4 | wpb 14196.314 | bsz 743.583 | num_updates 25007 | lr 0.000399944 | gnorm 0.184 | clip 1.000 | oom 0.000 | loss_scale 32.000 | wall 5664 | train_wall 4774
| epoch 033 | valid on 'valid' subset | loss 6.109 | nll_loss 3.562 | ppl 11.81 | num_updates 25007 | best_loss 6.1089
| epoch 034 | loss 4.495 | nll_loss 1.755 | ppl 3.38 | wps 63046 | ups 4 | wpb 14196.314 | bsz 743.583 | num_updates 25765 | lr 0.000394017 | gnorm 0.185 | clip 1.000 | oom 0.000 | loss_scale 32.000 | wall 5836 | train_wall 4919
| epoch 034 | valid on 'valid' subset | loss 6.097 | nll_loss 3.551 | ppl 11.72 | num_updates 25765 | best_loss 6.09652
| epoch 035 | loss 4.489 | nll_loss 1.747 | ppl 3.36 | wps 63051 | ups 4 | wpb 14196.314 | bsz 743.583 | num_updates 26523 | lr 0.000388346 | gnorm 0.184 | clip 1.000 | oom 0.000 | loss_scale 32.000 | wall 6007 | train_wall 5063
| epoch 035 | valid on 'valid' subset | loss 6.112 | nll_loss 3.568 | ppl 11.86 | num_updates 26523 | best_loss 6.11234
| epoch 036 | loss 4.483 | nll_loss 1.740 | ppl 3.34 | wps 62886 | ups 4 | wpb 14196.314 | bsz 743.583 | num_updates 27281 | lr 0.000382913 | gnorm 0.184 | clip 1.000 | oom 0.000 | loss_scale 32.000 | wall 6179 | train_wall 5208
| epoch 036 | valid on 'valid' subset | loss 6.102 | nll_loss 3.561 | ppl 11.8 | num_updates 27281 | best_loss 6.10227
| WARNING: overflow detected, setting loss scale to: 32.0
| epoch 037 | loss 4.477 | nll_loss 1.733 | ppl 3.32 | wps 63319 | ups 4 | wpb 14194.528 | bsz 743.181 | num_updates 28038 | lr 0.000377708 | gnorm 0.184 | clip 1.000 | oom 0.000 | loss_scale 32.000 | wall 6350 | train_wall 5352
| epoch 037 | valid on 'valid' subset | loss 6.093 | nll_loss 3.549 | ppl 11.7 | num_updates 28038 | best_loss 6.0932
| epoch 038 | loss 4.472 | nll_loss 1.727 | ppl 3.31 | wps 63145 | ups 4 | wpb 14196.314 | bsz 743.583 | num_updates 28796 | lr 0.000372704 | gnorm 0.184 | clip 1.000 | oom 0.000 | loss_scale 32.000 | wall 6521 | train_wall 5497
| epoch 038 | valid on 'valid' subset | loss 6.090 | nll_loss 3.544 | ppl 11.66 | num_updates 28796 | best_loss 6.09022
| epoch 039 | loss 4.467 | nll_loss 1.720 | ppl 3.3 | wps 63383 | ups 4 | wpb 14196.314 | bsz 743.583 | num_updates 29554 | lr 0.000367893 | gnorm 0.185 | clip 1.000 | oom 0.000 | loss_scale 32.000 | wall 6692 | train_wall 5641
| epoch 039 | valid on 'valid' subset | loss 6.068 | nll_loss 3.523 | ppl 11.5 | num_updates 29554 | best_loss 6.0681
| epoch 040 | loss 4.463 | nll_loss 1.716 | ppl 3.28 | wps 63320 | ups 4 | wpb 14196.314 | bsz 743.583 | num_updates 30312 | lr 0.000363264 | gnorm 0.184 | clip 1.000 | oom 0.000 | loss_scale 32.000 | wall 6862 | train_wall 5786
| epoch 040 | valid on 'valid' subset | loss 6.073 | nll_loss 3.523 | ppl 11.49 | num_updates 30312 | best_loss 6.07253
| saved checkpoint ./checkpoints/2020-06-04T03-48-04-00-exp27-bpe7500-ne-060120-seed17-nonjoint/checkpoints_ne_en/checkpoint40.pt (epoch 40 @ 30312 updates) (writing took 1.0631909370422363 seconds)
| epoch 041 | loss 4.457 | nll_loss 1.709 | ppl 3.27 | wps 63559 | ups 4 | wpb 14196.314 | bsz 743.583 | num_updates 31070 | lr 0.000358806 | gnorm 0.184 | clip 1.000 | oom 0.000 | loss_scale 32.000 | wall 7034 | train_wall 5929
| epoch 041 | valid on 'valid' subset | loss 6.088 | nll_loss 3.536 | ppl 11.6 | num_updates 31070 | best_loss 6.07253
| epoch 042 | loss 4.453 | nll_loss 1.703 | ppl 3.26 | wps 62795 | ups 4 | wpb 14196.314 | bsz 743.583 | num_updates 31828 | lr 0.000354507 | gnorm 0.184 | clip 1.000 | oom 0.000 | loss_scale 32.000 | wall 7206 | train_wall 6075
| epoch 042 | valid on 'valid' subset | loss 6.084 | nll_loss 3.538 | ppl 11.62 | num_updates 31828 | best_loss 6.07253
| epoch 043 | loss 4.448 | nll_loss 1.698 | ppl 3.24 | wps 62730 | ups 4 | wpb 14196.314 | bsz 743.583 | num_updates 32586 | lr 0.00035036 | gnorm 0.184 | clip 1.000 | oom 0.000 | loss_scale 64.000 | wall 7378 | train_wall 6220
| epoch 043 | valid on 'valid' subset | loss 6.082 | nll_loss 3.541 | ppl 11.64 | num_updates 32586 | best_loss 6.07253
| epoch 044 | loss 4.444 | nll_loss 1.693 | ppl 3.23 | wps 63422 | ups 4 | wpb 14196.314 | bsz 743.583 | num_updates 33344 | lr 0.000346355 | gnorm 0.185 | clip 1.000 | oom 0.000 | loss_scale 64.000 | wall 7549 | train_wall 6365
| epoch 044 | valid on 'valid' subset | loss 6.099 | nll_loss 3.556 | ppl 11.76 | num_updates 33344 | best_loss 6.07253
| epoch 045 | loss 4.440 | nll_loss 1.688 | ppl 3.22 | wps 62852 | ups 4 | wpb 14196.314 | bsz 743.583 | num_updates 34102 | lr 0.000342484 | gnorm 0.185 | clip 1.000 | oom 0.000 | loss_scale 64.000 | wall 7721 | train_wall 6510
| epoch 045 | valid on 'valid' subset | loss 6.078 | nll_loss 3.529 | ppl 11.55 | num_updates 34102 | best_loss 6.07253
| epoch 046 | loss 4.436 | nll_loss 1.683 | ppl 3.21 | wps 62611 | ups 4 | wpb 14196.314 | bsz 743.583 | num_updates 34860 | lr 0.00033874 | gnorm 0.184 | clip 1.000 | oom 0.000 | loss_scale 64.000 | wall 7893 | train_wall 6655
| epoch 046 | valid on 'valid' subset | loss 6.064 | nll_loss 3.518 | ppl 11.46 | num_updates 34860 | best_loss 6.0636
| WARNING: overflow detected, setting loss scale to: 32.0
| epoch 047 | loss 4.432 | nll_loss 1.679 | ppl 3.2 | wps 63325 | ups 4 | wpb 14198.417 | bsz 742.832 | num_updates 35617 | lr 0.000335121 | gnorm 0.184 | clip 1.000 | oom 0.000 | loss_scale 32.000 | wall 8064 | train_wall 6799
| epoch 047 | valid on 'valid' subset | loss 6.057 | nll_loss 3.511 | ppl 11.4 | num_updates 35617 | best_loss 6.05702
| epoch 048 | loss 4.428 | nll_loss 1.674 | ppl 3.19 | wps 62983 | ups 4 | wpb 14196.314 | bsz 743.583 | num_updates 36375 | lr 0.000331611 | gnorm 0.184 | clip 1.000 | oom 0.000 | loss_scale 32.000 | wall 8236 | train_wall 6943
| epoch 048 | valid on 'valid' subset | loss 6.067 | nll_loss 3.519 | ppl 11.47 | num_updates 36375 | best_loss 6.0668
| epoch 049 | loss 4.424 | nll_loss 1.669 | ppl 3.18 | wps 63162 | ups 4 | wpb 14196.314 | bsz 743.583 | num_updates 37133 | lr 0.000328209 | gnorm 0.185 | clip 1.000 | oom 0.000 | loss_scale 32.000 | wall 8407 | train_wall 7087
| epoch 049 | valid on 'valid' subset | loss 6.056 | nll_loss 3.508 | ppl 11.38 | num_updates 37133 | best_loss 6.05564
| epoch 050 | loss 4.421 | nll_loss 1.665 | ppl 3.17 | wps 63476 | ups 4 | wpb 14196.314 | bsz 743.583 | num_updates 37891 | lr 0.000324909 | gnorm 0.184 | clip 1.000 | oom 0.000 | loss_scale 32.000 | wall 8577 | train_wall 7231
| epoch 050 | valid on 'valid' subset | loss 6.051 | nll_loss 3.508 | ppl 11.38 | num_updates 37891 | best_loss 6.05142
| saved checkpoint ./checkpoints/2020-06-04T03-48-04-00-exp27-bpe7500-ne-060120-seed17-nonjoint/checkpoints_ne_en/checkpoint50.pt (epoch 50 @ 37891 updates) (writing took 1.0771706104278564 seconds)
| epoch 051 | loss 4.418 | nll_loss 1.661 | ppl 3.16 | wps 62739 | ups 4 | wpb 14196.314 | bsz 743.583 | num_updates 38649 | lr 0.000321707 | gnorm 0.185 | clip 1.000 | oom 0.000 | loss_scale 32.000 | wall 8750 | train_wall 7377
| epoch 051 | valid on 'valid' subset | loss 6.052 | nll_loss 3.501 | ppl 11.32 | num_updates 38649 | best_loss 6.05142
| epoch 052 | loss 4.414 | nll_loss 1.657 | ppl 3.15 | wps 63244 | ups 4 | wpb 14196.314 | bsz 743.583 | num_updates 39407 | lr 0.000318598 | gnorm 0.186 | clip 1.000 | oom 0.000 | loss_scale 32.000 | wall 8921 | train_wall 7521
| epoch 052 | valid on 'valid' subset | loss 6.053 | nll_loss 3.501 | ppl 11.32 | num_updates 39407 | best_loss 6.05142
| WARNING: overflow detected, setting loss scale to: 32.0
| epoch 053 | loss 4.411 | nll_loss 1.653 | ppl 3.14 | wps 63079 | ups 4 | wpb 14195.771 | bsz 744.016 | num_updates 40164 | lr 0.000315581 | gnorm 0.184 | clip 1.000 | oom 0.000 | loss_scale 32.000 | wall 9093 | train_wall 7666
| epoch 053 | valid on 'valid' subset | loss 6.051 | nll_loss 3.500 | ppl 11.31 | num_updates 40164 | best_loss 6.05104
| epoch 054 | loss 4.408 | nll_loss 1.649 | ppl 3.14 | wps 63178 | ups 4 | wpb 14196.314 | bsz 743.583 | num_updates 40922 | lr 0.000312645 | gnorm 0.185 | clip 1.000 | oom 0.000 | loss_scale 32.000 | wall 9264 | train_wall 7810
| epoch 054 | valid on 'valid' subset | loss 6.054 | nll_loss 3.502 | ppl 11.33 | num_updates 40922 | best_loss 6.05142
| epoch 055 | loss 4.405 | nll_loss 1.646 | ppl 3.13 | wps 63262 | ups 4 | wpb 14196.314 | bsz 743.583 | num_updates 41680 | lr 0.000309789 | gnorm 0.186 | clip 1.000 | oom 0.000 | loss_scale 32.000 | wall 9435 | train_wall 7954
| epoch 055 | valid on 'valid' subset | loss 6.055 | nll_loss 3.508 | ppl 11.37 | num_updates 41680 | best_loss 6.05142
| epoch 056 | loss 4.402 | nll_loss 1.642 | ppl 3.12 | wps 62738 | ups 4 | wpb 14196.314 | bsz 743.583 | num_updates 42438 | lr 0.00030701 | gnorm 0.185 | clip 1.000 | oom 0.000 | loss_scale 32.000 | wall 9607 | train_wall 8099
| epoch 056 | valid on 'valid' subset | loss 6.055 | nll_loss 3.503 | ppl 11.34 | num_updates 42438 | best_loss 6.05142
| epoch 057 | loss 4.399 | nll_loss 1.638 | ppl 3.11 | wps 63305 | ups 4 | wpb 14196.314 | bsz 743.583 | num_updates 43196 | lr 0.000304304 | gnorm 0.185 | clip 1.000 | oom 0.000 | loss_scale 32.000 | wall 9778 | train_wall 8243
| epoch 057 | valid on 'valid' subset | loss 6.065 | nll_loss 3.519 | ppl 11.47 | num_updates 43196 | best_loss 6.05142
| epoch 058 | loss 4.396 | nll_loss 1.635 | ppl 3.11 | wps 62633 | ups 4 | wpb 14196.314 | bsz 743.583 | num_updates 43954 | lr 0.000301669 | gnorm 0.184 | clip 1.000 | oom 0.000 | loss_scale 64.000 | wall 9950 | train_wall 8388
| epoch 058 | valid on 'valid' subset | loss 6.047 | nll_loss 3.500 | ppl 11.32 | num_updates 43954 | best_loss 6.04697
| WARNING: overflow detected, setting loss scale to: 32.0
| epoch 059 | loss 4.393 | nll_loss 1.631 | ppl 3.1 | wps 62882 | ups 4 | wpb 14198.107 | bsz 743.593 | num_updates 44711 | lr 0.000299104 | gnorm 0.186 | clip 1.000 | oom 0.000 | loss_scale 32.000 | wall 10122 | train_wall 8533
| epoch 059 | valid on 'valid' subset | loss 6.060 | nll_loss 3.505 | ppl 11.35 | num_updates 44711 | best_loss 6.05142
| epoch 060 | loss 4.391 | nll_loss 1.628 | ppl 3.09 | wps 63460 | ups 4 | wpb 14196.314 | bsz 743.583 | num_updates 45469 | lr 0.000296601 | gnorm 0.187 | clip 1.000 | oom 0.000 | loss_scale 32.000 | wall 10292 | train_wall 8678
| epoch 060 | valid on 'valid' subset | loss 6.045 | nll_loss 3.493 | ppl 11.26 | num_updates 45469 | best_loss 6.04451
| saved checkpoint ./checkpoints/2020-06-04T03-48-04-00-exp27-bpe7500-ne-060120-seed17-nonjoint/checkpoints_ne_en/checkpoint60.pt (epoch 60 @ 45469 updates) (writing took 1.0566699504852295 seconds)
| epoch 061 | loss 4.388 | nll_loss 1.626 | ppl 3.09 | wps 63224 | ups 4 | wpb 14196.314 | bsz 743.583 | num_updates 46227 | lr 0.000294159 | gnorm 0.186 | clip 1.000 | oom 0.000 | loss_scale 32.000 | wall 10464 | train_wall 8822
| epoch 061 | valid on 'valid' subset | loss 6.063 | nll_loss 3.516 | ppl 11.44 | num_updates 46227 | best_loss 6.04451
| epoch 062 | loss 4.386 | nll_loss 1.623 | ppl 3.08 | wps 62544 | ups 4 | wpb 14196.314 | bsz 743.583 | num_updates 46985 | lr 0.000291777 | gnorm 0.186 | clip 1.000 | oom 0.000 | loss_scale 32.000 | wall 10637 | train_wall 8968
| epoch 062 | valid on 'valid' subset | loss 6.037 | nll_loss 3.485 | ppl 11.2 | num_updates 46985 | best_loss 6.03722
| epoch 063 | loss 4.383 | nll_loss 1.619 | ppl 3.07 | wps 62922 | ups 4 | wpb 14196.314 | bsz 743.583 | num_updates 47743 | lr 0.000289451 | gnorm 0.185 | clip 1.000 | oom 0.000 | loss_scale 32.000 | wall 10809 | train_wall 9113
| epoch 063 | valid on 'valid' subset | loss 6.054 | nll_loss 3.505 | ppl 11.35 | num_updates 47743 | best_loss 6.04451
| epoch 064 | loss 4.381 | nll_loss 1.616 | ppl 3.07 | wps 63035 | ups 4 | wpb 14196.314 | bsz 743.583 | num_updates 48501 | lr 0.00028718 | gnorm 0.186 | clip 1.000 | oom 0.000 | loss_scale 64.000 | wall 10981 | train_wall 9258
| epoch 064 | valid on 'valid' subset | loss 6.041 | nll_loss 3.492 | ppl 11.25 | num_updates 48501 | best_loss 6.04113
| epoch 065 | loss 4.378 | nll_loss 1.614 | ppl 3.06 | wps 63118 | ups 4 | wpb 14196.314 | bsz 743.583 | num_updates 49259 | lr 0.000284962 | gnorm 0.186 | clip 1.000 | oom 0.000 | loss_scale 64.000 | wall 11152 | train_wall 9403
| epoch 065 | valid on 'valid' subset | loss 6.024 | nll_loss 3.468 | ppl 11.06 | num_updates 49259 | best_loss 6.02423
| WARNING: overflow detected, setting loss scale to: 32.0
| epoch 066 | loss 4.376 | nll_loss 1.611 | ppl 3.05 | wps 63356 | ups 4 | wpb 14195.386 | bsz 742.061 | num_updates 50016 | lr 0.000282797 | gnorm 0.187 | clip 1.000 | oom 0.000 | loss_scale 32.000 | wall 11322 | train_wall 9547
| epoch 066 | valid on 'valid' subset | loss 6.038 | nll_loss 3.485 | ppl 11.2 | num_updates 50016 | best_loss 6.03816
| epoch 067 | loss 4.374 | nll_loss 1.608 | ppl 3.05 | wps 62975 | ups 4 | wpb 14196.314 | bsz 743.583 | num_updates 50774 | lr 0.000280679 | gnorm 0.187 | clip 1.000 | oom 0.000 | loss_scale 32.000 | wall 11494 | train_wall 9692
| epoch 067 | valid on 'valid' subset | loss 6.036 | nll_loss 3.483 | ppl 11.18 | num_updates 50774 | best_loss 6.03645
| epoch 068 | loss 4.372 | nll_loss 1.606 | ppl 3.04 | wps 61959 | ups 4 | wpb 14196.314 | bsz 743.583 | num_updates 51532 | lr 0.000278607 | gnorm 0.187 | clip 1.000 | oom 0.000 | loss_scale 32.000 | wall 11669 | train_wall 9839
| epoch 068 | valid on 'valid' subset | loss 6.034 | nll_loss 3.482 | ppl 11.18 | num_updates 51532 | best_loss 6.03378
| epoch 069 | loss 4.369 | nll_loss 1.602 | ppl 3.04 | wps 63531 | ups 4 | wpb 14196.314 | bsz 743.583 | num_updates 52290 | lr 0.00027658 | gnorm 0.187 | clip 1.000 | oom 0.000 | loss_scale 32.000 | wall 11839 | train_wall 9983
| epoch 069 | valid on 'valid' subset | loss 6.046 | nll_loss 3.492 | ppl 11.25 | num_updates 52290 | best_loss 6.04451
| epoch 070 | loss 4.367 | nll_loss 1.599 | ppl 3.03 | wps 63917 | ups 5 | wpb 14196.314 | bsz 743.583 | num_updates 53048 | lr 0.000274597 | gnorm 0.187 | clip 1.000 | oom 0.000 | loss_scale 32.000 | wall 12008 | train_wall 10126
| epoch 070 | valid on 'valid' subset | loss 6.024 | nll_loss 3.466 | ppl 11.05 | num_updates 53048 | best_loss 6.02414
| saved checkpoint ./checkpoints/2020-06-04T03-48-04-00-exp27-bpe7500-ne-060120-seed17-nonjoint/checkpoints_ne_en/checkpoint70.pt (epoch 70 @ 53048 updates) (writing took 1.0692908763885498 seconds)
| WARNING: overflow detected, setting loss scale to: 16.0
| epoch 071 | loss 4.365 | nll_loss 1.597 | ppl 3.03 | wps 62700 | ups 4 | wpb 14197.635 | bsz 744.026 | num_updates 53805 | lr 0.000272658 | gnorm 0.187 | clip 1.000 | oom 0.000 | loss_scale 16.000 | wall 12181 | train_wall 10272
| epoch 071 | valid on 'valid' subset | loss 6.038 | nll_loss 3.482 | ppl 11.17 | num_updates 53805 | best_loss 6.02414
| epoch 072 | loss 4.363 | nll_loss 1.595 | ppl 3.02 | wps 62945 | ups 4 | wpb 14196.314 | bsz 743.583 | num_updates 54563 | lr 0.000270758 | gnorm 0.187 | clip 1.000 | oom 0.000 | loss_scale 16.000 | wall 12353 | train_wall 10416
| epoch 072 | valid on 'valid' subset | loss 6.046 | nll_loss 3.494 | ppl 11.27 | num_updates 54563 | best_loss 6.02414
| epoch 073 | loss 4.361 | nll_loss 1.592 | ppl 3.02 | wps 62677 | ups 4 | wpb 14196.314 | bsz 743.583 | num_updates 55321 | lr 0.000268896 | gnorm 0.187 | clip 1.000 | oom 0.000 | loss_scale 16.000 | wall 12526 | train_wall 10562
| epoch 073 | valid on 'valid' subset | loss 6.042 | nll_loss 3.493 | ppl 11.26 | num_updates 55321 | best_loss 6.02414
| epoch 074 | loss 4.358 | nll_loss 1.590 | ppl 3.01 | wps 62894 | ups 4 | wpb 14196.314 | bsz 743.583 | num_updates 56079 | lr 0.000267073 | gnorm 0.188 | clip 1.000 | oom 0.000 | loss_scale 16.000 | wall 12697 | train_wall 10706
| epoch 074 | valid on 'valid' subset | loss 6.027 | nll_loss 3.472 | ppl 11.1 | num_updates 56079 | best_loss 6.02414
| epoch 075 | loss 4.356 | nll_loss 1.587 | ppl 3 | wps 63087 | ups 4 | wpb 14196.314 | bsz 743.583 | num_updates 56837 | lr 0.000265286 | gnorm 0.188 | clip 1.000 | oom 0.000 | loss_scale 16.000 | wall 12869 | train_wall 10851
| epoch 075 | valid on 'valid' subset | loss 6.032 | nll_loss 3.480 | ppl 11.16 | num_updates 56837 | best_loss 6.02414
| epoch 076 | loss 4.355 | nll_loss 1.586 | ppl 3 | wps 63191 | ups 4 | wpb 14196.314 | bsz 743.583 | num_updates 57595 | lr 0.000263535 | gnorm 0.188 | clip 1.000 | oom 0.000 | loss_scale 16.000 | wall 13040 | train_wall 10995
| epoch 076 | valid on 'valid' subset | loss 6.023 | nll_loss 3.464 | ppl 11.03 | num_updates 57595 | best_loss 6.02339
| epoch 077 | loss 4.353 | nll_loss 1.583 | ppl 3 | wps 63659 | ups 4 | wpb 14196.314 | bsz 743.583 | num_updates 58353 | lr 0.000261817 | gnorm 0.188 | clip 1.000 | oom 0.000 | loss_scale 32.000 | wall 13210 | train_wall 11139
| epoch 077 | valid on 'valid' subset | loss 6.038 | nll_loss 3.483 | ppl 11.18 | num_updates 58353 | best_loss 6.02414
| epoch 078 | loss 4.351 | nll_loss 1.581 | ppl 2.99 | wps 62897 | ups 4 | wpb 14196.314 | bsz 743.583 | num_updates 59111 | lr 0.000260133 | gnorm 0.188 | clip 1.000 | oom 0.000 | loss_scale 32.000 | wall 13382 | train_wall 11284
| epoch 078 | valid on 'valid' subset | loss 6.056 | nll_loss 3.506 | ppl 11.36 | num_updates 59111 | best_loss 6.02414
| epoch 079 | loss 4.349 | nll_loss 1.578 | ppl 2.99 | wps 63256 | ups 4 | wpb 14196.314 | bsz 743.583 | num_updates 59869 | lr 0.000258481 | gnorm 0.188 | clip 1.000 | oom 0.000 | loss_scale 32.000 | wall 13553 | train_wall 11429
| epoch 079 | valid on 'valid' subset | loss 6.027 | nll_loss 3.467 | ppl 11.06 | num_updates 59869 | best_loss 6.02414
| epoch 080 | loss 4.348 | nll_loss 1.576 | ppl 2.98 | wps 63179 | ups 4 | wpb 14196.314 | bsz 743.583 | num_updates 60627 | lr 0.00025686 | gnorm 0.189 | clip 1.000 | oom 0.000 | loss_scale 32.000 | wall 13724 | train_wall 11574
| epoch 080 | valid on 'valid' subset | loss 6.046 | nll_loss 3.490 | ppl 11.24 | num_updates 60627 | best_loss 6.02414
| saved checkpoint ./checkpoints/2020-06-04T03-48-04-00-exp27-bpe7500-ne-060120-seed17-nonjoint/checkpoints_ne_en/checkpoint80.pt (epoch 80 @ 60627 updates) (writing took 0.6959402561187744 seconds)
| epoch 081 | loss 4.345 | nll_loss 1.574 | ppl 2.98 | wps 63695 | ups 4 | wpb 14196.314 | bsz 743.583 | num_updates 61385 | lr 0.000255269 | gnorm 0.188 | clip 1.000 | oom 0.000 | loss_scale 32.000 | wall 13894 | train_wall 11717
| epoch 081 | valid on 'valid' subset | loss 6.014 | nll_loss 3.457 | ppl 10.98 | num_updates 61385 | best_loss 6.01401
| WARNING: overflow detected, setting loss scale to: 32.0
| epoch 082 | loss 4.344 | nll_loss 1.572 | ppl 2.97 | wps 62843 | ups 4 | wpb 14198.054 | bsz 743.974 | num_updates 62142 | lr 0.00025371 | gnorm 0.189 | clip 1.000 | oom 0.000 | loss_scale 32.000 | wall 14066 | train_wall 11863
| epoch 082 | valid on 'valid' subset | loss 6.032 | nll_loss 3.477 | ppl 11.14 | num_updates 62142 | best_loss 6.02414
| epoch 083 | loss 4.342 | nll_loss 1.570 | ppl 2.97 | wps 63376 | ups 4 | wpb 14196.314 | bsz 743.583 | num_updates 62900 | lr 0.000252177 | gnorm 0.189 | clip 1.000 | oom 0.000 | loss_scale 32.000 | wall 14237 | train_wall 12007
| epoch 083 | valid on 'valid' subset | loss 6.025 | nll_loss 3.471 | ppl 11.09 | num_updates 62900 | best_loss 6.02414
| epoch 084 | loss 4.340 | nll_loss 1.568 | ppl 2.96 | wps 62255 | ups 4 | wpb 14196.314 | bsz 743.583 | num_updates 63658 | lr 0.000250671 | gnorm 0.189 | clip 1.000 | oom 0.000 | loss_scale 32.000 | wall 14410 | train_wall 12153
| epoch 084 | valid on 'valid' subset | loss 6.029 | nll_loss 3.471 | ppl 11.09 | num_updates 63658 | best_loss 6.02414
| epoch 085 | loss 4.339 | nll_loss 1.566 | ppl 2.96 | wps 62810 | ups 4 | wpb 14196.314 | bsz 743.583 | num_updates 64416 | lr 0.000249191 | gnorm 0.189 | clip 1.000 | oom 0.000 | loss_scale 32.000 | wall 14582 | train_wall 12298
| epoch 085 | valid on 'valid' subset | loss 6.044 | nll_loss 3.490 | ppl 11.23 | num_updates 64416 | best_loss 6.02414
| epoch 086 | loss 4.337 | nll_loss 1.564 | ppl 2.96 | wps 62457 | ups 4 | wpb 14196.314 | bsz 743.583 | num_updates 65174 | lr 0.000247738 | gnorm 0.190 | clip 1.000 | oom 0.000 | loss_scale 32.000 | wall 14756 | train_wall 12444
| epoch 086 | valid on 'valid' subset | loss 6.047 | nll_loss 3.492 | ppl 11.25 | num_updates 65174 | best_loss 6.02414
| epoch 087 | loss 4.336 | nll_loss 1.562 | ppl 2.95 | wps 62856 | ups 4 | wpb 14196.314 | bsz 743.583 | num_updates 65932 | lr 0.00024631 | gnorm 0.190 | clip 1.000 | oom 0.000 | loss_scale 64.000 | wall 14928 | train_wall 12589
| epoch 087 | valid on 'valid' subset | loss 6.021 | nll_loss 3.463 | ppl 11.02 | num_updates 65932 | best_loss 6.02062
| WARNING: overflow detected, setting loss scale to: 32.0
| epoch 088 | loss 4.334 | nll_loss 1.560 | ppl 2.95 | wps 62800 | ups 4 | wpb 14198.218 | bsz 744.312 | num_updates 66689 | lr 0.000244908 | gnorm 0.190 | clip 1.000 | oom 0.000 | loss_scale 32.000 | wall 15100 | train_wall 12734
| epoch 088 | valid on 'valid' subset | loss 6.037 | nll_loss 3.480 | ppl 11.16 | num_updates 66689 | best_loss 6.02414
| epoch 089 | loss 4.333 | nll_loss 1.558 | ppl 2.95 | wps 62639 | ups 4 | wpb 14196.314 | bsz 743.583 | num_updates 67447 | lr 0.000243528 | gnorm 0.190 | clip 1.000 | oom 0.000 | loss_scale 32.000 | wall 15272 | train_wall 12880
| epoch 089 | valid on 'valid' subset | loss 6.034 | nll_loss 3.478 | ppl 11.15 | num_updates 67447 | best_loss 6.02414
| epoch 090 | loss 4.331 | nll_loss 1.557 | ppl 2.94 | wps 63575 | ups 4 | wpb 14196.314 | bsz 743.583 | num_updates 68205 | lr 0.000242171 | gnorm 0.190 | clip 1.000 | oom 0.000 | loss_scale 32.000 | wall 15442 | train_wall 13024
| epoch 090 | valid on 'valid' subset | loss 6.014 | nll_loss 3.453 | ppl 10.95 | num_updates 68205 | best_loss 6.01438
| saved checkpoint ./checkpoints/2020-06-04T03-48-04-00-exp27-bpe7500-ne-060120-seed17-nonjoint/checkpoints_ne_en/checkpoint90.pt (epoch 90 @ 68205 updates) (writing took 1.0674855709075928 seconds)
| epoch 091 | loss 4.329 | nll_loss 1.555 | ppl 2.94 | wps 62695 | ups 4 | wpb 14196.314 | bsz 743.583 | num_updates 68963 | lr 0.000240836 | gnorm 0.189 | clip 1.000 | oom 0.000 | loss_scale 32.000 | wall 15616 | train_wall 13169
| epoch 091 | valid on 'valid' subset | loss 6.028 | nll_loss 3.470 | ppl 11.08 | num_updates 68963 | best_loss 6.01438
| epoch 092 | loss 4.328 | nll_loss 1.553 | ppl 2.93 | wps 63466 | ups 4 | wpb 14196.314 | bsz 743.583 | num_updates 69721 | lr 0.000239524 | gnorm 0.190 | clip 1.000 | oom 0.000 | loss_scale 32.000 | wall 15786 | train_wall 13313
| epoch 092 | valid on 'valid' subset | loss 6.022 | nll_loss 3.461 | ppl 11.01 | num_updates 69721 | best_loss 6.01438
| epoch 093 | loss 4.326 | nll_loss 1.551 | ppl 2.93 | wps 63488 | ups 4 | wpb 14196.314 | bsz 743.583 | num_updates 70479 | lr 0.000238232 | gnorm 0.190 | clip 1.000 | oom 0.000 | loss_scale 64.000 | wall 15956 | train_wall 13457
| epoch 093 | valid on 'valid' subset | loss 6.040 | nll_loss 3.482 | ppl 11.17 | num_updates 70479 | best_loss 6.01438
| WARNING: overflow detected, setting loss scale to: 32.0
| epoch 094 | loss 4.325 | nll_loss 1.550 | ppl 2.93 | wps 62960 | ups 4 | wpb 14194.588 | bsz 740.972 | num_updates 71236 | lr 0.000236963 | gnorm 0.191 | clip 1.000 | oom 0.000 | loss_scale 32.000 | wall 16128 | train_wall 13601
| epoch 094 | valid on 'valid' subset | loss 6.019 | nll_loss 3.457 | ppl 10.98 | num_updates 71236 | best_loss 6.01438
| epoch 095 | loss 4.324 | nll_loss 1.548 | ppl 2.92 | wps 63583 | ups 4 | wpb 14196.314 | bsz 743.583 | num_updates 71994 | lr 0.000235712 | gnorm 0.191 | clip 1.000 | oom 0.000 | loss_scale 32.000 | wall 16298 | train_wall 13745
| epoch 095 | valid on 'valid' subset | loss 6.019 | nll_loss 3.459 | ppl 10.99 | num_updates 71994 | best_loss 6.01438
| epoch 096 | loss 4.322 | nll_loss 1.546 | ppl 2.92 | wps 63309 | ups 4 | wpb 14196.314 | bsz 743.583 | num_updates 72752 | lr 0.000234481 | gnorm 0.191 | clip 1.000 | oom 0.000 | loss_scale 32.000 | wall 16469 | train_wall 13890
| epoch 096 | valid on 'valid' subset | loss 6.027 | nll_loss 3.464 | ppl 11.04 | num_updates 72752 | best_loss 6.01438
| epoch 097 | loss 4.321 | nll_loss 1.545 | ppl 2.92 | wps 63131 | ups 4 | wpb 14196.314 | bsz 743.583 | num_updates 73510 | lr 0.000233269 | gnorm 0.191 | clip 1.000 | oom 0.000 | loss_scale 32.000 | wall 16640 | train_wall 14034
| epoch 097 | valid on 'valid' subset | loss 6.035 | nll_loss 3.475 | ppl 11.12 | num_updates 73510 | best_loss 6.01438
| epoch 098 | loss 4.320 | nll_loss 1.543 | ppl 2.91 | wps 62536 | ups 4 | wpb 14196.314 | bsz 743.583 | num_updates 74268 | lr 0.000232075 | gnorm 0.192 | clip 1.000 | oom 0.000 | loss_scale 32.000 | wall 16813 | train_wall 14180
| epoch 098 | valid on 'valid' subset | loss 6.039 | nll_loss 3.477 | ppl 11.14 | num_updates 74268 | best_loss 6.01438
| epoch 099 | loss 4.318 | nll_loss 1.541 | ppl 2.91 | wps 62831 | ups 4 | wpb 14196.314 | bsz 743.583 | num_updates 75026 | lr 0.0002309 | gnorm 0.191 | clip 1.000 | oom 0.000 | loss_scale 64.000 | wall 16985 | train_wall 14325
| epoch 099 | valid on 'valid' subset | loss 6.018 | nll_loss 3.457 | ppl 10.98 | num_updates 75026 | best_loss 6.01438
| epoch 100 | loss 4.318 | nll_loss 1.540 | ppl 2.91 | wps 63334 | ups 4 | wpb 14196.314 | bsz 743.583 | num_updates 75784 | lr 0.000229742 | gnorm 0.191 | clip 1.000 | oom 0.000 | loss_scale 64.000 | wall 17156 | train_wall 14469
| epoch 100 | valid on 'valid' subset | loss 6.030 | nll_loss 3.469 | ppl 11.07 | num_updates 75784 | best_loss 6.01438
| saved checkpoint ./checkpoints/2020-06-04T03-48-04-00-exp27-bpe7500-ne-060120-seed17-nonjoint/checkpoints_ne_en/checkpoint100.pt (epoch 100 @ 75784 updates) (writing took 0.6806995868682861 seconds)
| done training in 17152.8 seconds
Done training.
Time at end: Thu Jun 4 08:34:47 EDT 2020
