================ FLORES BASELINE WITH CLIP_NORM=0.1, BPE=5000 AND SEED=17  ================
About to train the supervised for the following language pair: NE-EN
CHECKPOINT_DIR is set to './checkpoints/2020-05-24T08-05-04-00-exp27-bpe5000-ne-051920-seed17-nonjoint/checkpoints_ne_en'
Creating checkpoint directory if it doesn't exist...
Data folder is: data-bin/wiki_ne_en_bpe5000_nonjoint/
Beginning training...
Time at beginning: Sun May 24 08:05:22 EDT 2020
This is train_fairseq
Namespace(activation_dropout=0.2, activation_fn='relu', adam_betas='(0.9, 0.98)', adam_eps=1e-08, adaptive_input=False, adaptive_softmax_cutoff=None, adaptive_softmax_dropout=0, arch='transformer', attention_dropout=0.2, best_checkpoint_metric='loss', bpe=None, bucket_cap_mb=25, clip_norm=0.1, cpu=False, criterion='label_smoothed_cross_entropy', cross_self_attention=False, curriculum=0, data='data-bin/wiki_ne_en_bpe5000_nonjoint/', dataset_impl=None, ddp_backend='c10d', decoder_attention_heads=2, decoder_embed_dim=512, decoder_embed_path=None, decoder_ffn_embed_dim=2048, decoder_input_dim=512, decoder_layerdrop=0, decoder_layers=5, decoder_layers_to_keep=None, decoder_learned_pos=False, decoder_normalize_before=True, decoder_output_dim=512, device_id=0, disable_validation=False, distributed_backend='nccl', distributed_init_method=None, distributed_no_spawn=False, distributed_port=-1, distributed_rank=0, distributed_world_size=1, dropout=0.4, empty_cache_freq=0, encoder_attention_heads=2, encoder_embed_dim=512, encoder_embed_path=None, encoder_ffn_embed_dim=2048, encoder_layerdrop=0, encoder_layers=5, encoder_layers_to_keep=None, encoder_learned_pos=False, encoder_normalize_before=True, fast_stat_sync=False, find_unused_parameters=False, fix_batches_to_gpus=False, fixed_validation_seed=None, fp16=True, fp16_init_scale=128, fp16_scale_tolerance=0.0, fp16_scale_window=None, keep_interval_updates=-1, keep_last_epochs=-1, label_smoothing=0.2, layer_wise_attention=False, layernorm_embedding=False, lazy_load=False, left_pad_source='True', left_pad_target='False', load_alignments=False, log_format=None, log_interval=1000, lr=[0.001], lr_scheduler='inverse_sqrt', max_epoch=100, max_sentences=None, max_sentences_valid=None, max_source_positions=1024, max_target_positions=1024, max_tokens=4000, max_tokens_valid=4000, max_update=0, maximize_best_checkpoint_metric=False, memory_efficient_fp16=False, min_loss_scale=0.0001, min_lr=1e-09, no_cross_attention=False, no_epoch_checkpoints=False, no_last_checkpoints=False, no_progress_bar=False, no_save=False, no_save_optimizer_state=False, no_scale_embedding=False, no_token_positional_embeddings=False, num_workers=1, optimizer='adam', optimizer_overrides='{}', raw_text=False, required_batch_size_multiple=8, reset_dataloader=False, reset_lr_scheduler=False, reset_meters=False, reset_optimizer=False, restore_file='checkpoint_last.pt', save_dir='./checkpoints/2020-05-24T08-05-04-00-exp27-bpe5000-ne-051920-seed17-nonjoint/checkpoints_ne_en', save_interval=10, save_interval_updates=0, seed=17, sentence_avg=False, share_all_embeddings=True, share_decoder_input_output_embed=False, skip_invalid_size_inputs_valid_test=False, source_lang='ne', target_lang='en', task='translation', tensorboard_logdir='', threshold_loss_scale=None, tokenizer=None, train_subset='train', truncate_source=False, update_freq=[4], upsample_primary=1, use_bmuf=False, user_dir=None, valid_subset='valid', validate_interval=1, warmup_init_lr=1e-07, warmup_updates=4000, weight_decay=0.0001)
| [ne] dictionary: 5072 types
| [en] dictionary: 5072 types
| loaded 2559 examples from: data-bin/wiki_ne_en_bpe5000_nonjoint/valid.ne-en.ne
| loaded 2559 examples from: data-bin/wiki_ne_en_bpe5000_nonjoint/valid.ne-en.en
| data-bin/wiki_ne_en_bpe5000_nonjoint/ valid ne-en 2559 examples
TransformerModel(
  (encoder): TransformerEncoder(
    (embed_tokens): Embedding(5072, 512, padding_idx=1)
    (embed_positions): SinusoidalPositionalEmbedding()
    (layers): ModuleList(
      (0): TransformerEncoderLayer(
        (self_attn): MultiheadAttention(
          (k_proj): Linear(in_features=512, out_features=512, bias=True)
          (v_proj): Linear(in_features=512, out_features=512, bias=True)
          (q_proj): Linear(in_features=512, out_features=512, bias=True)
          (out_proj): Linear(in_features=512, out_features=512, bias=True)
        )
        (self_attn_layer_norm): LayerNorm((512,), eps=1e-05, elementwise_affine=True)
        (fc1): Linear(in_features=512, out_features=2048, bias=True)
        (fc2): Linear(in_features=2048, out_features=512, bias=True)
        (final_layer_norm): LayerNorm((512,), eps=1e-05, elementwise_affine=True)
      )
      (1): TransformerEncoderLayer(
        (self_attn): MultiheadAttention(
          (k_proj): Linear(in_features=512, out_features=512, bias=True)
          (v_proj): Linear(in_features=512, out_features=512, bias=True)
          (q_proj): Linear(in_features=512, out_features=512, bias=True)
          (out_proj): Linear(in_features=512, out_features=512, bias=True)
        )
        (self_attn_layer_norm): LayerNorm((512,), eps=1e-05, elementwise_affine=True)
        (fc1): Linear(in_features=512, out_features=2048, bias=True)
        (fc2): Linear(in_features=2048, out_features=512, bias=True)
        (final_layer_norm): LayerNorm((512,), eps=1e-05, elementwise_affine=True)
      )
      (2): TransformerEncoderLayer(
        (self_attn): MultiheadAttention(
          (k_proj): Linear(in_features=512, out_features=512, bias=True)
          (v_proj): Linear(in_features=512, out_features=512, bias=True)
          (q_proj): Linear(in_features=512, out_features=512, bias=True)
          (out_proj): Linear(in_features=512, out_features=512, bias=True)
        )
        (self_attn_layer_norm): LayerNorm((512,), eps=1e-05, elementwise_affine=True)
        (fc1): Linear(in_features=512, out_features=2048, bias=True)
        (fc2): Linear(in_features=2048, out_features=512, bias=True)
        (final_layer_norm): LayerNorm((512,), eps=1e-05, elementwise_affine=True)
      )
      (3): TransformerEncoderLayer(
        (self_attn): MultiheadAttention(
          (k_proj): Linear(in_features=512, out_features=512, bias=True)
          (v_proj): Linear(in_features=512, out_features=512, bias=True)
          (q_proj): Linear(in_features=512, out_features=512, bias=True)
          (out_proj): Linear(in_features=512, out_features=512, bias=True)
        )
        (self_attn_layer_norm): LayerNorm((512,), eps=1e-05, elementwise_affine=True)
        (fc1): Linear(in_features=512, out_features=2048, bias=True)
        (fc2): Linear(in_features=2048, out_features=512, bias=True)
        (final_layer_norm): LayerNorm((512,), eps=1e-05, elementwise_affine=True)
      )
      (4): TransformerEncoderLayer(
        (self_attn): MultiheadAttention(
          (k_proj): Linear(in_features=512, out_features=512, bias=True)
          (v_proj): Linear(in_features=512, out_features=512, bias=True)
          (q_proj): Linear(in_features=512, out_features=512, bias=True)
          (out_proj): Linear(in_features=512, out_features=512, bias=True)
        )
        (self_attn_layer_norm): LayerNorm((512,), eps=1e-05, elementwise_affine=True)
        (fc1): Linear(in_features=512, out_features=2048, bias=True)
        (fc2): Linear(in_features=2048, out_features=512, bias=True)
        (final_layer_norm): LayerNorm((512,), eps=1e-05, elementwise_affine=True)
      )
    )
    (layer_norm): LayerNorm((512,), eps=1e-05, elementwise_affine=True)
  )
  (decoder): TransformerDecoder(
    (embed_tokens): Embedding(5072, 512, padding_idx=1)
    (embed_positions): SinusoidalPositionalEmbedding()
    (layers): ModuleList(
      (0): TransformerDecoderLayer(
        (self_attn): MultiheadAttention(
          (k_proj): Linear(in_features=512, out_features=512, bias=True)
          (v_proj): Linear(in_features=512, out_features=512, bias=True)
          (q_proj): Linear(in_features=512, out_features=512, bias=True)
          (out_proj): Linear(in_features=512, out_features=512, bias=True)
        )
        (self_attn_layer_norm): LayerNorm((512,), eps=1e-05, elementwise_affine=True)
        (encoder_attn): MultiheadAttention(
          (k_proj): Linear(in_features=512, out_features=512, bias=True)
          (v_proj): Linear(in_features=512, out_features=512, bias=True)
          (q_proj): Linear(in_features=512, out_features=512, bias=True)
          (out_proj): Linear(in_features=512, out_features=512, bias=True)
        )
        (encoder_attn_layer_norm): LayerNorm((512,), eps=1e-05, elementwise_affine=True)
        (fc1): Linear(in_features=512, out_features=2048, bias=True)
        (fc2): Linear(in_features=2048, out_features=512, bias=True)
        (final_layer_norm): LayerNorm((512,), eps=1e-05, elementwise_affine=True)
      )
      (1): TransformerDecoderLayer(
        (self_attn): MultiheadAttention(
          (k_proj): Linear(in_features=512, out_features=512, bias=True)
          (v_proj): Linear(in_features=512, out_features=512, bias=True)
          (q_proj): Linear(in_features=512, out_features=512, bias=True)
          (out_proj): Linear(in_features=512, out_features=512, bias=True)
        )
        (self_attn_layer_norm): LayerNorm((512,), eps=1e-05, elementwise_affine=True)
        (encoder_attn): MultiheadAttention(
          (k_proj): Linear(in_features=512, out_features=512, bias=True)
          (v_proj): Linear(in_features=512, out_features=512, bias=True)
          (q_proj): Linear(in_features=512, out_features=512, bias=True)
          (out_proj): Linear(in_features=512, out_features=512, bias=True)
        )
        (encoder_attn_layer_norm): LayerNorm((512,), eps=1e-05, elementwise_affine=True)
        (fc1): Linear(in_features=512, out_features=2048, bias=True)
        (fc2): Linear(in_features=2048, out_features=512, bias=True)
        (final_layer_norm): LayerNorm((512,), eps=1e-05, elementwise_affine=True)
      )
      (2): TransformerDecoderLayer(
        (self_attn): MultiheadAttention(
          (k_proj): Linear(in_features=512, out_features=512, bias=True)
          (v_proj): Linear(in_features=512, out_features=512, bias=True)
          (q_proj): Linear(in_features=512, out_features=512, bias=True)
          (out_proj): Linear(in_features=512, out_features=512, bias=True)
        )
        (self_attn_layer_norm): LayerNorm((512,), eps=1e-05, elementwise_affine=True)
        (encoder_attn): MultiheadAttention(
          (k_proj): Linear(in_features=512, out_features=512, bias=True)
          (v_proj): Linear(in_features=512, out_features=512, bias=True)
          (q_proj): Linear(in_features=512, out_features=512, bias=True)
          (out_proj): Linear(in_features=512, out_features=512, bias=True)
        )
        (encoder_attn_layer_norm): LayerNorm((512,), eps=1e-05, elementwise_affine=True)
        (fc1): Linear(in_features=512, out_features=2048, bias=True)
        (fc2): Linear(in_features=2048, out_features=512, bias=True)
        (final_layer_norm): LayerNorm((512,), eps=1e-05, elementwise_affine=True)
      )
      (3): TransformerDecoderLayer(
        (self_attn): MultiheadAttention(
          (k_proj): Linear(in_features=512, out_features=512, bias=True)
          (v_proj): Linear(in_features=512, out_features=512, bias=True)
          (q_proj): Linear(in_features=512, out_features=512, bias=True)
          (out_proj): Linear(in_features=512, out_features=512, bias=True)
        )
        (self_attn_layer_norm): LayerNorm((512,), eps=1e-05, elementwise_affine=True)
        (encoder_attn): MultiheadAttention(
          (k_proj): Linear(in_features=512, out_features=512, bias=True)
          (v_proj): Linear(in_features=512, out_features=512, bias=True)
          (q_proj): Linear(in_features=512, out_features=512, bias=True)
          (out_proj): Linear(in_features=512, out_features=512, bias=True)
        )
        (encoder_attn_layer_norm): LayerNorm((512,), eps=1e-05, elementwise_affine=True)
        (fc1): Linear(in_features=512, out_features=2048, bias=True)
        (fc2): Linear(in_features=2048, out_features=512, bias=True)
        (final_layer_norm): LayerNorm((512,), eps=1e-05, elementwise_affine=True)
      )
      (4): TransformerDecoderLayer(
        (self_attn): MultiheadAttention(
          (k_proj): Linear(in_features=512, out_features=512, bias=True)
          (v_proj): Linear(in_features=512, out_features=512, bias=True)
          (q_proj): Linear(in_features=512, out_features=512, bias=True)
          (out_proj): Linear(in_features=512, out_features=512, bias=True)
        )
        (self_attn_layer_norm): LayerNorm((512,), eps=1e-05, elementwise_affine=True)
        (encoder_attn): MultiheadAttention(
          (k_proj): Linear(in_features=512, out_features=512, bias=True)
          (v_proj): Linear(in_features=512, out_features=512, bias=True)
          (q_proj): Linear(in_features=512, out_features=512, bias=True)
          (out_proj): Linear(in_features=512, out_features=512, bias=True)
        )
        (encoder_attn_layer_norm): LayerNorm((512,), eps=1e-05, elementwise_affine=True)
        (fc1): Linear(in_features=512, out_features=2048, bias=True)
        (fc2): Linear(in_features=2048, out_features=512, bias=True)
        (final_layer_norm): LayerNorm((512,), eps=1e-05, elementwise_affine=True)
      )
    )
    (layer_norm): LayerNorm((512,), eps=1e-05, elementwise_affine=True)
  )
)
| model transformer, criterion LabelSmoothedCrossEntropyCriterion
| num. model params: 39380992 (num. trained: 39380992)
| training on 1 GPUs
| max tokens per GPU = 4000 and max sentences per GPU = None
| no existing checkpoint found ./checkpoints/2020-05-24T08-05-04-00-exp27-bpe5000-ne-051920-seed17-nonjoint/checkpoints_ne_en/checkpoint_last.pt
| loading train data for epoch 0
| loaded 563539 examples from: data-bin/wiki_ne_en_bpe5000_nonjoint/train.ne-en.ne
| loaded 563539 examples from: data-bin/wiki_ne_en_bpe5000_nonjoint/train.ne-en.en
| data-bin/wiki_ne_en_bpe5000_nonjoint/ train ne-en 563539 examples
| WARNING: overflow detected, setting loss scale to: 64.0
| WARNING: overflow detected, setting loss scale to: 32.0
| WARNING: overflow detected, setting loss scale to: 16.0
| epoch 001 | loss 8.503 | nll_loss 7.063 | ppl 133.73 | wps 62394 | ups 4 | wpb 14175.886 | bsz 685.076 | num_updates 817 | lr 0.00020433 | gnorm 0.767 | clip 1.000 | oom 0.000 | loss_scale 16.000 | wall 186 | train_wall 154
| epoch 001 | valid on 'valid' subset | loss 7.753 | nll_loss 5.893 | ppl 59.42 | num_updates 817
| epoch 002 | loss 6.506 | nll_loss 4.444 | ppl 21.77 | wps 63824 | ups 5 | wpb 14178.483 | bsz 687.243 | num_updates 1637 | lr 0.000409309 | gnorm 0.501 | clip 1.000 | oom 0.000 | loss_scale 16.000 | wall 369 | train_wall 309
| epoch 002 | valid on 'valid' subset | loss 7.163 | nll_loss 5.065 | ppl 33.48 | num_updates 1637
| epoch 003 | loss 5.759 | nll_loss 3.485 | ppl 11.2 | wps 63442 | ups 4 | wpb 14178.483 | bsz 687.243 | num_updates 2457 | lr 0.000614289 | gnorm 0.421 | clip 1.000 | oom 0.000 | loss_scale 16.000 | wall 553 | train_wall 465
| epoch 003 | valid on 'valid' subset | loss 6.850 | nll_loss 4.628 | ppl 24.73 | num_updates 2457
| epoch 004 | loss 5.387 | nll_loss 3.013 | ppl 8.07 | wps 64276 | ups 5 | wpb 14178.483 | bsz 687.243 | num_updates 3277 | lr 0.000819268 | gnorm 0.363 | clip 1.000 | oom 0.000 | loss_scale 16.000 | wall 735 | train_wall 619
| epoch 004 | valid on 'valid' subset | loss 6.579 | nll_loss 4.316 | ppl 19.91 | num_updates 3277
| epoch 005 | loss 5.182 | nll_loss 2.756 | ppl 6.75 | wps 64759 | ups 5 | wpb 14178.483 | bsz 687.243 | num_updates 4097 | lr 0.000988091 | gnorm 0.318 | clip 1.000 | oom 0.000 | loss_scale 16.000 | wall 915 | train_wall 772
| epoch 005 | valid on 'valid' subset | loss 6.471 | nll_loss 4.165 | ppl 17.93 | num_updates 4097
| epoch 006 | loss 5.022 | nll_loss 2.557 | ppl 5.88 | wps 63111 | ups 4 | wpb 14178.483 | bsz 687.243 | num_updates 4917 | lr 0.000901945 | gnorm 0.277 | clip 1.000 | oom 0.000 | loss_scale 32.000 | wall 1100 | train_wall 928
| epoch 006 | valid on 'valid' subset | loss 6.286 | nll_loss 3.929 | ppl 15.23 | num_updates 4917
| epoch 007 | loss 4.894 | nll_loss 2.398 | ppl 5.27 | wps 64250 | ups 5 | wpb 14178.483 | bsz 687.243 | num_updates 5737 | lr 0.000835002 | gnorm 0.251 | clip 1.000 | oom 0.000 | loss_scale 32.000 | wall 1282 | train_wall 1082
| epoch 007 | valid on 'valid' subset | loss 6.250 | nll_loss 3.862 | ppl 14.54 | num_updates 5737
| epoch 008 | loss 4.803 | nll_loss 2.286 | ppl 4.88 | wps 64059 | ups 5 | wpb 14178.483 | bsz 687.243 | num_updates 6557 | lr 0.000781047 | gnorm 0.232 | clip 1.000 | oom 0.000 | loss_scale 32.000 | wall 1464 | train_wall 1236
| epoch 008 | valid on 'valid' subset | loss 6.130 | nll_loss 3.736 | ppl 13.33 | num_updates 6557
| epoch 009 | loss 4.735 | nll_loss 2.202 | ppl 4.6 | wps 64899 | ups 5 | wpb 14178.483 | bsz 687.243 | num_updates 7377 | lr 0.00073636 | gnorm 0.221 | clip 1.000 | oom 0.000 | loss_scale 32.000 | wall 1644 | train_wall 1389
| epoch 009 | valid on 'valid' subset | loss 6.101 | nll_loss 3.705 | ppl 13.04 | num_updates 7377
| epoch 010 | loss 4.683 | nll_loss 2.138 | ppl 4.4 | wps 63778 | ups 4 | wpb 14178.483 | bsz 687.243 | num_updates 8197 | lr 0.000698558 | gnorm 0.212 | clip 1.000 | oom 0.000 | loss_scale 32.000 | wall 1828 | train_wall 1544
| epoch 010 | valid on 'valid' subset | loss 6.077 | nll_loss 3.668 | ppl 12.71 | num_updates 8197
| saved checkpoint ./checkpoints/2020-05-24T08-05-04-00-exp27-bpe5000-ne-051920-seed17-nonjoint/checkpoints_ne_en/checkpoint10.pt (epoch 10 @ 8197 updates) (writing took 0.7258703708648682 seconds)
| WARNING: overflow detected, setting loss scale to: 32.0
| WARNING: overflow detected, setting loss scale to: 16.0
| epoch 011 | loss 4.640 | nll_loss 2.086 | ppl 4.25 | wps 64183 | ups 5 | wpb 14176.088 | bsz 682.850 | num_updates 9015 | lr 0.000666112 | gnorm 0.207 | clip 1.000 | oom 0.000 | loss_scale 16.000 | wall 2010 | train_wall 1698
| epoch 011 | valid on 'valid' subset | loss 6.053 | nll_loss 3.628 | ppl 12.36 | num_updates 9015 | best_loss 6.05319
| epoch 012 | loss 4.604 | nll_loss 2.042 | ppl 4.12 | wps 64045 | ups 5 | wpb 14178.483 | bsz 687.243 | num_updates 9835 | lr 0.000637739 | gnorm 0.203 | clip 1.000 | oom 0.000 | loss_scale 16.000 | wall 2192 | train_wall 1853
| epoch 012 | valid on 'valid' subset | loss 5.990 | nll_loss 3.555 | ppl 11.75 | num_updates 9835 | best_loss 5.99016
| epoch 013 | loss 4.574 | nll_loss 2.005 | ppl 4.01 | wps 64083 | ups 5 | wpb 14178.483 | bsz 687.243 | num_updates 10655 | lr 0.000612708 | gnorm 0.199 | clip 1.000 | oom 0.000 | loss_scale 16.000 | wall 2375 | train_wall 2007
| epoch 013 | valid on 'valid' subset | loss 5.977 | nll_loss 3.554 | ppl 11.75 | num_updates 10655 | best_loss 5.97732
| epoch 014 | loss 4.548 | nll_loss 1.973 | ppl 3.93 | wps 64226 | ups 5 | wpb 14178.483 | bsz 687.243 | num_updates 11475 | lr 0.00059041 | gnorm 0.196 | clip 1.000 | oom 0.000 | loss_scale 16.000 | wall 2557 | train_wall 2161
| epoch 014 | valid on 'valid' subset | loss 5.935 | nll_loss 3.501 | ppl 11.32 | num_updates 11475 | best_loss 5.93516
| epoch 015 | loss 4.524 | nll_loss 1.944 | ppl 3.85 | wps 64166 | ups 5 | wpb 14178.483 | bsz 687.243 | num_updates 12295 | lr 0.000570382 | gnorm 0.194 | clip 1.000 | oom 0.000 | loss_scale 16.000 | wall 2739 | train_wall 2314
| epoch 015 | valid on 'valid' subset | loss 5.949 | nll_loss 3.510 | ppl 11.39 | num_updates 12295 | best_loss 5.94927
| epoch 016 | loss 4.504 | nll_loss 1.919 | ppl 3.78 | wps 63948 | ups 5 | wpb 14178.483 | bsz 687.243 | num_updates 13115 | lr 0.000552263 | gnorm 0.192 | clip 1.000 | oom 0.000 | loss_scale 32.000 | wall 2921 | train_wall 2469
| epoch 016 | valid on 'valid' subset | loss 5.927 | nll_loss 3.485 | ppl 11.19 | num_updates 13115 | best_loss 5.92682
| epoch 017 | loss 4.485 | nll_loss 1.896 | ppl 3.72 | wps 63806 | ups 4 | wpb 14178.483 | bsz 687.243 | num_updates 13935 | lr 0.000535768 | gnorm 0.190 | clip 1.000 | oom 0.000 | loss_scale 32.000 | wall 3105 | train_wall 2624
| epoch 017 | valid on 'valid' subset | loss 5.929 | nll_loss 3.486 | ppl 11.2 | num_updates 13935 | best_loss 5.92949
| epoch 018 | loss 4.468 | nll_loss 1.875 | ppl 3.67 | wps 63938 | ups 5 | wpb 14178.483 | bsz 687.243 | num_updates 14755 | lr 0.000520667 | gnorm 0.188 | clip 1.000 | oom 0.000 | loss_scale 32.000 | wall 3287 | train_wall 2779
| epoch 018 | valid on 'valid' subset | loss 5.922 | nll_loss 3.473 | ppl 11.1 | num_updates 14755 | best_loss 5.92204
| epoch 019 | loss 4.453 | nll_loss 1.857 | ppl 3.62 | wps 64066 | ups 5 | wpb 14178.483 | bsz 687.243 | num_updates 15575 | lr 0.000506776 | gnorm 0.188 | clip 1.000 | oom 0.000 | loss_scale 32.000 | wall 3470 | train_wall 2933
| epoch 019 | valid on 'valid' subset | loss 5.895 | nll_loss 3.439 | ppl 10.85 | num_updates 15575 | best_loss 5.89467
| epoch 020 | loss 4.439 | nll_loss 1.840 | ppl 3.58 | wps 63641 | ups 4 | wpb 14178.483 | bsz 687.243 | num_updates 16395 | lr 0.00049394 | gnorm 0.186 | clip 1.000 | oom 0.000 | loss_scale 32.000 | wall 3653 | train_wall 3089
| epoch 020 | valid on 'valid' subset | loss 5.889 | nll_loss 3.433 | ppl 10.8 | num_updates 16395 | best_loss 5.88903
| saved checkpoint ./checkpoints/2020-05-24T08-05-04-00-exp27-bpe5000-ne-051920-seed17-nonjoint/checkpoints_ne_en/checkpoint20.pt (epoch 20 @ 16395 updates) (writing took 1.0137991905212402 seconds)
| epoch 021 | loss 4.426 | nll_loss 1.824 | ppl 3.54 | wps 64088 | ups 5 | wpb 14178.483 | bsz 687.243 | num_updates 17215 | lr 0.000482033 | gnorm 0.185 | clip 1.000 | oom 0.000 | loss_scale 64.000 | wall 3837 | train_wall 3243
| epoch 021 | valid on 'valid' subset | loss 5.874 | nll_loss 3.418 | ppl 10.69 | num_updates 17215 | best_loss 5.87418
| WARNING: overflow detected, setting loss scale to: 32.0
| epoch 022 | loss 4.414 | nll_loss 1.810 | ppl 3.51 | wps 64310 | ups 5 | wpb 14176.995 | bsz 687.359 | num_updates 18034 | lr 0.00047096 | gnorm 0.185 | clip 1.000 | oom 0.000 | loss_scale 32.000 | wall 4018 | train_wall 3396
| epoch 022 | valid on 'valid' subset | loss 5.888 | nll_loss 3.435 | ppl 10.82 | num_updates 18034 | best_loss 5.88848
| epoch 023 | loss 4.403 | nll_loss 1.796 | ppl 3.47 | wps 63717 | ups 4 | wpb 14178.483 | bsz 687.243 | num_updates 18854 | lr 0.000460605 | gnorm 0.184 | clip 1.000 | oom 0.000 | loss_scale 32.000 | wall 4201 | train_wall 3551
| epoch 023 | valid on 'valid' subset | loss 5.864 | nll_loss 3.409 | ppl 10.63 | num_updates 18854 | best_loss 5.86408
| epoch 024 | loss 4.393 | nll_loss 1.784 | ppl 3.44 | wps 64047 | ups 5 | wpb 14178.483 | bsz 687.243 | num_updates 19674 | lr 0.000450904 | gnorm 0.184 | clip 1.000 | oom 0.000 | loss_scale 32.000 | wall 4384 | train_wall 3706
| epoch 024 | valid on 'valid' subset | loss 5.879 | nll_loss 3.422 | ppl 10.71 | num_updates 19674 | best_loss 5.87914
| epoch 025 | loss 4.383 | nll_loss 1.772 | ppl 3.41 | wps 63997 | ups 5 | wpb 14178.483 | bsz 687.243 | num_updates 20494 | lr 0.000441791 | gnorm 0.183 | clip 1.000 | oom 0.000 | loss_scale 32.000 | wall 4566 | train_wall 3860
| epoch 025 | valid on 'valid' subset | loss 5.859 | nll_loss 3.395 | ppl 10.52 | num_updates 20494 | best_loss 5.85866
| WARNING: overflow detected, setting loss scale to: 16.0
| epoch 026 | loss 4.374 | nll_loss 1.761 | ppl 3.39 | wps 64564 | ups 5 | wpb 14178.034 | bsz 687.593 | num_updates 21313 | lr 0.000433219 | gnorm 0.183 | clip 1.000 | oom 0.000 | loss_scale 16.000 | wall 4747 | train_wall 4013
| epoch 026 | valid on 'valid' subset | loss 5.860 | nll_loss 3.396 | ppl 10.53 | num_updates 21313 | best_loss 5.85964
| epoch 027 | loss 4.366 | nll_loss 1.750 | ppl 3.36 | wps 64144 | ups 5 | wpb 14178.483 | bsz 687.243 | num_updates 22133 | lr 0.000425118 | gnorm 0.183 | clip 1.000 | oom 0.000 | loss_scale 16.000 | wall 4929 | train_wall 4168
| epoch 027 | valid on 'valid' subset | loss 5.853 | nll_loss 3.387 | ppl 10.46 | num_updates 22133 | best_loss 5.85251
| epoch 028 | loss 4.358 | nll_loss 1.741 | ppl 3.34 | wps 64423 | ups 5 | wpb 14178.483 | bsz 687.243 | num_updates 22953 | lr 0.000417456 | gnorm 0.183 | clip 1.000 | oom 0.000 | loss_scale 16.000 | wall 5111 | train_wall 4321
| epoch 028 | valid on 'valid' subset | loss 5.850 | nll_loss 3.382 | ppl 10.42 | num_updates 22953 | best_loss 5.85036
| epoch 029 | loss 4.350 | nll_loss 1.731 | ppl 3.32 | wps 64481 | ups 5 | wpb 14178.483 | bsz 687.243 | num_updates 23773 | lr 0.000410193 | gnorm 0.183 | clip 1.000 | oom 0.000 | loss_scale 16.000 | wall 5292 | train_wall 4475
| epoch 029 | valid on 'valid' subset | loss 5.836 | nll_loss 3.370 | ppl 10.34 | num_updates 23773 | best_loss 5.83642
| epoch 030 | loss 4.343 | nll_loss 1.723 | ppl 3.3 | wps 64442 | ups 5 | wpb 14178.483 | bsz 687.243 | num_updates 24593 | lr 0.000403296 | gnorm 0.183 | clip 1.000 | oom 0.000 | loss_scale 16.000 | wall 5473 | train_wall 4628
| epoch 030 | valid on 'valid' subset | loss 5.847 | nll_loss 3.376 | ppl 10.38 | num_updates 24593 | best_loss 5.84743
| saved checkpoint ./checkpoints/2020-05-24T08-05-04-00-exp27-bpe5000-ne-051920-seed17-nonjoint/checkpoints_ne_en/checkpoint30.pt (epoch 30 @ 24593 updates) (writing took 1.0141260623931885 seconds)
| epoch 031 | loss 4.336 | nll_loss 1.714 | ppl 3.28 | wps 64059 | ups 5 | wpb 14178.483 | bsz 687.243 | num_updates 25413 | lr 0.000396736 | gnorm 0.182 | clip 1.000 | oom 0.000 | loss_scale 32.000 | wall 5657 | train_wall 4782
| epoch 031 | valid on 'valid' subset | loss 5.836 | nll_loss 3.364 | ppl 10.29 | num_updates 25413 | best_loss 5.83623
| WARNING: overflow detected, setting loss scale to: 16.0
| epoch 032 | loss 4.329 | nll_loss 1.706 | ppl 3.26 | wps 64509 | ups 5 | wpb 14181.286 | bsz 687.642 | num_updates 26232 | lr 0.000390494 | gnorm 0.183 | clip 1.000 | oom 0.000 | loss_scale 16.000 | wall 5838 | train_wall 4935
| epoch 032 | valid on 'valid' subset | loss 5.804 | nll_loss 3.320 | ppl 9.98 | num_updates 26232 | best_loss 5.80352
| epoch 033 | loss 4.324 | nll_loss 1.700 | ppl 3.25 | wps 64625 | ups 5 | wpb 14178.483 | bsz 687.243 | num_updates 27052 | lr 0.00038453 | gnorm 0.181 | clip 1.000 | oom 0.000 | loss_scale 16.000 | wall 6018 | train_wall 5089
| epoch 033 | valid on 'valid' subset | loss 5.819 | nll_loss 3.342 | ppl 10.14 | num_updates 27052 | best_loss 5.81939
| epoch 034 | loss 4.317 | nll_loss 1.691 | ppl 3.23 | wps 63786 | ups 4 | wpb 14178.483 | bsz 687.243 | num_updates 27872 | lr 0.000378831 | gnorm 0.181 | clip 1.000 | oom 0.000 | loss_scale 16.000 | wall 6202 | train_wall 5244
| epoch 034 | valid on 'valid' subset | loss 5.827 | nll_loss 3.354 | ppl 10.22 | num_updates 27872 | best_loss 5.8272
| epoch 035 | loss 4.312 | nll_loss 1.685 | ppl 3.21 | wps 63682 | ups 4 | wpb 14178.483 | bsz 687.243 | num_updates 28692 | lr 0.000373379 | gnorm 0.182 | clip 1.000 | oom 0.000 | loss_scale 16.000 | wall 6385 | train_wall 5399
| epoch 035 | valid on 'valid' subset | loss 5.806 | nll_loss 3.331 | ppl 10.06 | num_updates 28692 | best_loss 5.80586
| epoch 036 | loss 4.306 | nll_loss 1.678 | ppl 3.2 | wps 63627 | ups 4 | wpb 14178.483 | bsz 687.243 | num_updates 29512 | lr 0.000368155 | gnorm 0.182 | clip 1.000 | oom 0.000 | loss_scale 16.000 | wall 6569 | train_wall 5555
| epoch 036 | valid on 'valid' subset | loss 5.835 | nll_loss 3.366 | ppl 10.31 | num_updates 29512 | best_loss 5.83544
| epoch 037 | loss 4.301 | nll_loss 1.671 | ppl 3.19 | wps 63958 | ups 5 | wpb 14178.483 | bsz 687.243 | num_updates 30332 | lr 0.000363145 | gnorm 0.181 | clip 1.000 | oom 0.000 | loss_scale 32.000 | wall 6751 | train_wall 5709
| epoch 037 | valid on 'valid' subset | loss 5.832 | nll_loss 3.356 | ppl 10.24 | num_updates 30332 | best_loss 5.83189
| epoch 038 | loss 4.296 | nll_loss 1.666 | ppl 3.17 | wps 64586 | ups 5 | wpb 14178.483 | bsz 687.243 | num_updates 31152 | lr 0.000358333 | gnorm 0.182 | clip 1.000 | oom 0.000 | loss_scale 32.000 | wall 6932 | train_wall 5863
| epoch 038 | valid on 'valid' subset | loss 5.821 | nll_loss 3.340 | ppl 10.13 | num_updates 31152 | best_loss 5.82135
| epoch 039 | loss 4.292 | nll_loss 1.660 | ppl 3.16 | wps 64841 | ups 5 | wpb 14178.483 | bsz 687.243 | num_updates 31972 | lr 0.000353708 | gnorm 0.183 | clip 1.000 | oom 0.000 | loss_scale 32.000 | wall 7112 | train_wall 6016
| epoch 039 | valid on 'valid' subset | loss 5.816 | nll_loss 3.337 | ppl 10.11 | num_updates 31972 | best_loss 5.8163
| epoch 040 | loss 4.287 | nll_loss 1.655 | ppl 3.15 | wps 63732 | ups 4 | wpb 14178.483 | bsz 687.243 | num_updates 32792 | lr 0.000349258 | gnorm 0.181 | clip 1.000 | oom 0.000 | loss_scale 32.000 | wall 7296 | train_wall 6170
| epoch 040 | valid on 'valid' subset | loss 5.803 | nll_loss 3.319 | ppl 9.98 | num_updates 32792 | best_loss 5.80293
| saved checkpoint ./checkpoints/2020-05-24T08-05-04-00-exp27-bpe5000-ne-051920-seed17-nonjoint/checkpoints_ne_en/checkpoint40.pt (epoch 40 @ 32792 updates) (writing took 0.9994990825653076 seconds)
| epoch 041 | loss 4.282 | nll_loss 1.649 | ppl 3.14 | wps 64303 | ups 5 | wpb 14178.483 | bsz 687.243 | num_updates 33612 | lr 0.000344971 | gnorm 0.181 | clip 1.000 | oom 0.000 | loss_scale 32.000 | wall 7478 | train_wall 6324
| epoch 041 | valid on 'valid' subset | loss 5.814 | nll_loss 3.330 | ppl 10.06 | num_updates 33612 | best_loss 5.80293
| WARNING: overflow detected, setting loss scale to: 32.0
| epoch 042 | loss 4.278 | nll_loss 1.644 | ppl 3.12 | wps 64016 | ups 5 | wpb 14177.737 | bsz 686.079 | num_updates 34431 | lr 0.000340844 | gnorm 0.182 | clip 1.000 | oom 0.000 | loss_scale 32.000 | wall 7661 | train_wall 6478
| epoch 042 | valid on 'valid' subset | loss 5.811 | nll_loss 3.330 | ppl 10.05 | num_updates 34431 | best_loss 5.80293
| epoch 043 | loss 4.274 | nll_loss 1.639 | ppl 3.11 | wps 65019 | ups 5 | wpb 14178.483 | bsz 687.243 | num_updates 35251 | lr 0.000336856 | gnorm 0.181 | clip 1.000 | oom 0.000 | loss_scale 32.000 | wall 7841 | train_wall 6631
| epoch 043 | valid on 'valid' subset | loss 5.814 | nll_loss 3.332 | ppl 10.07 | num_updates 35251 | best_loss 5.80293
| epoch 044 | loss 4.270 | nll_loss 1.635 | ppl 3.11 | wps 64441 | ups 5 | wpb 14178.483 | bsz 687.243 | num_updates 36071 | lr 0.000333005 | gnorm 0.183 | clip 1.000 | oom 0.000 | loss_scale 32.000 | wall 8022 | train_wall 6785
| epoch 044 | valid on 'valid' subset | loss 5.807 | nll_loss 3.323 | ppl 10.01 | num_updates 36071 | best_loss 5.80293
| epoch 045 | loss 4.266 | nll_loss 1.630 | ppl 3.09 | wps 64030 | ups 5 | wpb 14178.483 | bsz 687.243 | num_updates 36891 | lr 0.000329283 | gnorm 0.182 | clip 1.000 | oom 0.000 | loss_scale 32.000 | wall 8204 | train_wall 6939
| epoch 045 | valid on 'valid' subset | loss 5.810 | nll_loss 3.328 | ppl 10.04 | num_updates 36891 | best_loss 5.80293
| epoch 046 | loss 4.262 | nll_loss 1.625 | ppl 3.08 | wps 64433 | ups 5 | wpb 14178.483 | bsz 687.243 | num_updates 37711 | lr 0.000325684 | gnorm 0.183 | clip 1.000 | oom 0.000 | loss_scale 32.000 | wall 8386 | train_wall 7093
| epoch 046 | valid on 'valid' subset | loss 5.813 | nll_loss 3.325 | ppl 10.02 | num_updates 37711 | best_loss 5.80293
| epoch 047 | loss 4.259 | nll_loss 1.621 | ppl 3.08 | wps 64558 | ups 5 | wpb 14178.483 | bsz 687.243 | num_updates 38531 | lr 0.000322199 | gnorm 0.182 | clip 1.000 | oom 0.000 | loss_scale 64.000 | wall 8567 | train_wall 7246
| epoch 047 | valid on 'valid' subset | loss 5.804 | nll_loss 3.320 | ppl 9.99 | num_updates 38531 | best_loss 5.80293
| WARNING: overflow detected, setting loss scale to: 32.0
| epoch 048 | loss 4.255 | nll_loss 1.616 | ppl 3.06 | wps 64000 | ups 5 | wpb 14177.587 | bsz 686.275 | num_updates 39350 | lr 0.000318829 | gnorm 0.183 | clip 1.000 | oom 0.000 | loss_scale 32.000 | wall 8749 | train_wall 7400
| epoch 048 | valid on 'valid' subset | loss 5.804 | nll_loss 3.316 | ppl 9.96 | num_updates 39350 | best_loss 5.80293
| epoch 049 | loss 4.252 | nll_loss 1.612 | ppl 3.06 | wps 64322 | ups 5 | wpb 14178.483 | bsz 687.243 | num_updates 40170 | lr 0.000315558 | gnorm 0.182 | clip 1.000 | oom 0.000 | loss_scale 32.000 | wall 8931 | train_wall 7554
| epoch 049 | valid on 'valid' subset | loss 5.800 | nll_loss 3.314 | ppl 9.94 | num_updates 40170 | best_loss 5.7996
| epoch 050 | loss 4.248 | nll_loss 1.608 | ppl 3.05 | wps 63944 | ups 5 | wpb 14178.483 | bsz 687.243 | num_updates 40990 | lr 0.000312386 | gnorm 0.182 | clip 1.000 | oom 0.000 | loss_scale 32.000 | wall 9113 | train_wall 7708
| epoch 050 | valid on 'valid' subset | loss 5.815 | nll_loss 3.333 | ppl 10.08 | num_updates 40990 | best_loss 5.80293
| saved checkpoint ./checkpoints/2020-05-24T08-05-04-00-exp27-bpe5000-ne-051920-seed17-nonjoint/checkpoints_ne_en/checkpoint50.pt (epoch 50 @ 40990 updates) (writing took 0.650310754776001 seconds)
| epoch 051 | loss 4.245 | nll_loss 1.604 | ppl 3.04 | wps 64175 | ups 5 | wpb 14178.483 | bsz 687.243 | num_updates 41810 | lr 0.000309307 | gnorm 0.182 | clip 1.000 | oom 0.000 | loss_scale 32.000 | wall 9296 | train_wall 7863
| epoch 051 | valid on 'valid' subset | loss 5.796 | nll_loss 3.306 | ppl 9.89 | num_updates 41810 | best_loss 5.79571
| epoch 052 | loss 4.242 | nll_loss 1.601 | ppl 3.03 | wps 64033 | ups 5 | wpb 14178.483 | bsz 687.243 | num_updates 42630 | lr 0.000306318 | gnorm 0.183 | clip 1.000 | oom 0.000 | loss_scale 32.000 | wall 9478 | train_wall 8017
| epoch 052 | valid on 'valid' subset | loss 5.814 | nll_loss 3.327 | ppl 10.04 | num_updates 42630 | best_loss 5.80293
| WARNING: overflow detected, setting loss scale to: 32.0
| epoch 053 | loss 4.239 | nll_loss 1.597 | ppl 3.02 | wps 63902 | ups 5 | wpb 14179.601 | bsz 687.437 | num_updates 43449 | lr 0.000303417 | gnorm 0.183 | clip 1.000 | oom 0.000 | loss_scale 32.000 | wall 9661 | train_wall 8172
| epoch 053 | valid on 'valid' subset | loss 5.810 | nll_loss 3.323 | ppl 10.01 | num_updates 43449 | best_loss 5.80293
| WARNING: overflow detected, setting loss scale to: 16.0
| epoch 054 | loss 4.236 | nll_loss 1.593 | ppl 3.02 | wps 64049 | ups 5 | wpb 14177.559 | bsz 687.799 | num_updates 44268 | lr 0.000300597 | gnorm 0.183 | clip 1.000 | oom 0.000 | loss_scale 16.000 | wall 9843 | train_wall 8326
| epoch 054 | valid on 'valid' subset | loss 5.794 | nll_loss 3.305 | ppl 9.88 | num_updates 44268 | best_loss 5.79405
| epoch 055 | loss 4.233 | nll_loss 1.590 | ppl 3.01 | wps 63631 | ups 4 | wpb 14178.483 | bsz 687.243 | num_updates 45088 | lr 0.000297851 | gnorm 0.183 | clip 1.000 | oom 0.000 | loss_scale 16.000 | wall 10027 | train_wall 8482
| epoch 055 | valid on 'valid' subset | loss 5.794 | nll_loss 3.306 | ppl 9.89 | num_updates 45088 | best_loss 5.79413
| epoch 056 | loss 4.230 | nll_loss 1.586 | ppl 3 | wps 64230 | ups 5 | wpb 14178.483 | bsz 687.243 | num_updates 45908 | lr 0.000295179 | gnorm 0.183 | clip 1.000 | oom 0.000 | loss_scale 16.000 | wall 10209 | train_wall 8636
| epoch 056 | valid on 'valid' subset | loss 5.796 | nll_loss 3.303 | ppl 9.87 | num_updates 45908 | best_loss 5.79573
| epoch 057 | loss 4.228 | nll_loss 1.583 | ppl 3 | wps 63928 | ups 5 | wpb 14178.483 | bsz 687.243 | num_updates 46728 | lr 0.000292578 | gnorm 0.183 | clip 1.000 | oom 0.000 | loss_scale 16.000 | wall 10392 | train_wall 8791
| epoch 057 | valid on 'valid' subset | loss 5.797 | nll_loss 3.303 | ppl 9.87 | num_updates 46728 | best_loss 5.79678
| epoch 058 | loss 4.225 | nll_loss 1.579 | ppl 2.99 | wps 64241 | ups 5 | wpb 14178.483 | bsz 687.243 | num_updates 47548 | lr 0.000290044 | gnorm 0.183 | clip 1.000 | oom 0.000 | loss_scale 16.000 | wall 10574 | train_wall 8945
| epoch 058 | valid on 'valid' subset | loss 5.794 | nll_loss 3.303 | ppl 9.87 | num_updates 47548 | best_loss 5.79433
| WARNING: overflow detected, setting loss scale to: 16.0
| epoch 059 | loss 4.223 | nll_loss 1.577 | ppl 2.98 | wps 64005 | ups 5 | wpb 14179.405 | bsz 687.886 | num_updates 48367 | lr 0.000287578 | gnorm 0.185 | clip 1.000 | oom 0.000 | loss_scale 16.000 | wall 10756 | train_wall 9099
| epoch 059 | valid on 'valid' subset | loss 5.790 | nll_loss 3.298 | ppl 9.84 | num_updates 48367 | best_loss 5.79004
| epoch 060 | loss 4.220 | nll_loss 1.574 | ppl 2.98 | wps 64441 | ups 5 | wpb 14178.483 | bsz 687.243 | num_updates 49187 | lr 0.000285171 | gnorm 0.185 | clip 1.000 | oom 0.000 | loss_scale 16.000 | wall 10937 | train_wall 9253
| epoch 060 | valid on 'valid' subset | loss 5.776 | nll_loss 3.279 | ppl 9.71 | num_updates 49187 | best_loss 5.77578
| saved checkpoint ./checkpoints/2020-05-24T08-05-04-00-exp27-bpe5000-ne-051920-seed17-nonjoint/checkpoints_ne_en/checkpoint60.pt (epoch 60 @ 49187 updates) (writing took 1.0064384937286377 seconds)
| epoch 061 | loss 4.217 | nll_loss 1.570 | ppl 2.97 | wps 64008 | ups 5 | wpb 14178.483 | bsz 687.243 | num_updates 50007 | lr 0.000282823 | gnorm 0.184 | clip 1.000 | oom 0.000 | loss_scale 16.000 | wall 11121 | train_wall 9407
| epoch 061 | valid on 'valid' subset | loss 5.791 | nll_loss 3.300 | ppl 9.85 | num_updates 50007 | best_loss 5.77578
| epoch 062 | loss 4.215 | nll_loss 1.567 | ppl 2.96 | wps 63747 | ups 4 | wpb 14178.483 | bsz 687.243 | num_updates 50827 | lr 0.000280532 | gnorm 0.185 | clip 1.000 | oom 0.000 | loss_scale 16.000 | wall 11304 | train_wall 9563
| epoch 062 | valid on 'valid' subset | loss 5.779 | nll_loss 3.281 | ppl 9.72 | num_updates 50827 | best_loss 5.77578
| epoch 063 | loss 4.213 | nll_loss 1.565 | ppl 2.96 | wps 63912 | ups 5 | wpb 14178.483 | bsz 687.243 | num_updates 51647 | lr 0.000278296 | gnorm 0.184 | clip 1.000 | oom 0.000 | loss_scale 16.000 | wall 11487 | train_wall 9717
| epoch 063 | valid on 'valid' subset | loss 5.777 | nll_loss 3.284 | ppl 9.74 | num_updates 51647 | best_loss 5.77578
| epoch 064 | loss 4.210 | nll_loss 1.562 | ppl 2.95 | wps 64513 | ups 5 | wpb 14178.483 | bsz 687.243 | num_updates 52467 | lr 0.000276113 | gnorm 0.185 | clip 1.000 | oom 0.000 | loss_scale 32.000 | wall 11668 | train_wall 9871
| epoch 064 | valid on 'valid' subset | loss 5.776 | nll_loss 3.276 | ppl 9.69 | num_updates 52467 | best_loss 5.77567
| epoch 065 | loss 4.208 | nll_loss 1.559 | ppl 2.95 | wps 63978 | ups 5 | wpb 14178.483 | bsz 687.243 | num_updates 53287 | lr 0.00027398 | gnorm 0.184 | clip 1.000 | oom 0.000 | loss_scale 32.000 | wall 11851 | train_wall 10025
| epoch 065 | valid on 'valid' subset | loss 5.787 | nll_loss 3.292 | ppl 9.8 | num_updates 53287 | best_loss 5.77578
| epoch 066 | loss 4.206 | nll_loss 1.556 | ppl 2.94 | wps 63827 | ups 5 | wpb 14178.483 | bsz 687.243 | num_updates 54107 | lr 0.000271896 | gnorm 0.185 | clip 1.000 | oom 0.000 | loss_scale 32.000 | wall 12034 | train_wall 10179
| epoch 066 | valid on 'valid' subset | loss 5.779 | nll_loss 3.282 | ppl 9.73 | num_updates 54107 | best_loss 5.77578
| epoch 067 | loss 4.204 | nll_loss 1.554 | ppl 2.94 | wps 64416 | ups 5 | wpb 14178.483 | bsz 687.243 | num_updates 54927 | lr 0.000269859 | gnorm 0.186 | clip 1.000 | oom 0.000 | loss_scale 32.000 | wall 12215 | train_wall 10333
| epoch 067 | valid on 'valid' subset | loss 5.769 | nll_loss 3.271 | ppl 9.65 | num_updates 54927 | best_loss 5.76929
| epoch 068 | loss 4.202 | nll_loss 1.551 | ppl 2.93 | wps 63740 | ups 4 | wpb 14178.483 | bsz 687.243 | num_updates 55747 | lr 0.000267867 | gnorm 0.186 | clip 1.000 | oom 0.000 | loss_scale 32.000 | wall 12398 | train_wall 10488
| epoch 068 | valid on 'valid' subset | loss 5.791 | nll_loss 3.295 | ppl 9.82 | num_updates 55747 | best_loss 5.77578
| WARNING: overflow detected, setting loss scale to: 32.0
| epoch 069 | loss 4.199 | nll_loss 1.548 | ppl 2.92 | wps 63943 | ups 5 | wpb 14178.998 | bsz 687.750 | num_updates 56566 | lr 0.000265921 | gnorm 0.185 | clip 1.000 | oom 0.000 | loss_scale 32.000 | wall 12581 | train_wall 10643
| epoch 069 | valid on 'valid' subset | loss 5.775 | nll_loss 3.274 | ppl 9.67 | num_updates 56566 | best_loss 5.77478
| epoch 070 | loss 4.198 | nll_loss 1.546 | ppl 2.92 | wps 64435 | ups 5 | wpb 14178.483 | bsz 687.243 | num_updates 57386 | lr 0.000264014 | gnorm 0.186 | clip 1.000 | oom 0.000 | loss_scale 32.000 | wall 12762 | train_wall 10797
| epoch 070 | valid on 'valid' subset | loss 5.789 | nll_loss 3.289 | ppl 9.77 | num_updates 57386 | best_loss 5.77578
| saved checkpoint ./checkpoints/2020-05-24T08-05-04-00-exp27-bpe5000-ne-051920-seed17-nonjoint/checkpoints_ne_en/checkpoint70.pt (epoch 70 @ 57386 updates) (writing took 0.6527726650238037 seconds)
| WARNING: overflow detected, setting loss scale to: 16.0
| epoch 071 | loss 4.196 | nll_loss 1.544 | ppl 2.92 | wps 63780 | ups 4 | wpb 14177.777 | bsz 687.691 | num_updates 58205 | lr 0.00026215 | gnorm 0.187 | clip 1.000 | oom 0.000 | loss_scale 16.000 | wall 12946 | train_wall 10952
| epoch 071 | valid on 'valid' subset | loss 5.801 | nll_loss 3.304 | ppl 9.88 | num_updates 58205 | best_loss 5.77578
| epoch 072 | loss 4.194 | nll_loss 1.542 | ppl 2.91 | wps 64099 | ups 5 | wpb 14178.483 | bsz 687.243 | num_updates 59025 | lr 0.000260323 | gnorm 0.186 | clip 1.000 | oom 0.000 | loss_scale 16.000 | wall 13128 | train_wall 11105
| epoch 072 | valid on 'valid' subset | loss 5.785 | nll_loss 3.286 | ppl 9.76 | num_updates 59025 | best_loss 5.77578
| epoch 073 | loss 4.191 | nll_loss 1.538 | ppl 2.9 | wps 64087 | ups 5 | wpb 14178.483 | bsz 687.243 | num_updates 59845 | lr 0.000258533 | gnorm 0.185 | clip 1.000 | oom 0.000 | loss_scale 16.000 | wall 13310 | train_wall 11260
| epoch 073 | valid on 'valid' subset | loss 5.792 | nll_loss 3.296 | ppl 9.82 | num_updates 59845 | best_loss 5.77578
| epoch 074 | loss 4.190 | nll_loss 1.537 | ppl 2.9 | wps 64154 | ups 5 | wpb 14178.483 | bsz 687.243 | num_updates 60665 | lr 0.00025678 | gnorm 0.186 | clip 1.000 | oom 0.000 | loss_scale 16.000 | wall 13492 | train_wall 11415
| epoch 074 | valid on 'valid' subset | loss 5.783 | nll_loss 3.283 | ppl 9.73 | num_updates 60665 | best_loss 5.77578
| epoch 075 | loss 4.188 | nll_loss 1.534 | ppl 2.9 | wps 63888 | ups 5 | wpb 14178.483 | bsz 687.243 | num_updates 61485 | lr 0.000255062 | gnorm 0.186 | clip 1.000 | oom 0.000 | loss_scale 16.000 | wall 13675 | train_wall 11569
| epoch 075 | valid on 'valid' subset | loss 5.775 | nll_loss 3.273 | ppl 9.67 | num_updates 61485 | best_loss 5.77503
| epoch 076 | loss 4.186 | nll_loss 1.532 | ppl 2.89 | wps 64072 | ups 5 | wpb 14178.483 | bsz 687.243 | num_updates 62305 | lr 0.000253378 | gnorm 0.186 | clip 1.000 | oom 0.000 | loss_scale 32.000 | wall 13858 | train_wall 11724
| epoch 076 | valid on 'valid' subset | loss 5.790 | nll_loss 3.291 | ppl 9.79 | num_updates 62305 | best_loss 5.77578
| epoch 077 | loss 4.185 | nll_loss 1.531 | ppl 2.89 | wps 64199 | ups 5 | wpb 14178.483 | bsz 687.243 | num_updates 63125 | lr 0.000251727 | gnorm 0.187 | clip 1.000 | oom 0.000 | loss_scale 32.000 | wall 14040 | train_wall 11878
| epoch 077 | valid on 'valid' subset | loss 5.788 | nll_loss 3.291 | ppl 9.79 | num_updates 63125 | best_loss 5.77578
| epoch 078 | loss 4.182 | nll_loss 1.528 | ppl 2.88 | wps 64174 | ups 5 | wpb 14178.483 | bsz 687.243 | num_updates 63945 | lr 0.000250107 | gnorm 0.186 | clip 1.000 | oom 0.000 | loss_scale 32.000 | wall 14222 | train_wall 12032
| epoch 078 | valid on 'valid' subset | loss 5.788 | nll_loss 3.289 | ppl 9.77 | num_updates 63945 | best_loss 5.77578
| epoch 079 | loss 4.181 | nll_loss 1.526 | ppl 2.88 | wps 64190 | ups 5 | wpb 14178.483 | bsz 687.243 | num_updates 64765 | lr 0.000248519 | gnorm 0.187 | clip 1.000 | oom 0.000 | loss_scale 32.000 | wall 14404 | train_wall 12186
| epoch 079 | valid on 'valid' subset | loss 5.802 | nll_loss 3.304 | ppl 9.88 | num_updates 64765 | best_loss 5.77578
| epoch 080 | loss 4.179 | nll_loss 1.524 | ppl 2.88 | wps 63569 | ups 4 | wpb 14178.483 | bsz 687.243 | num_updates 65585 | lr 0.000246961 | gnorm 0.187 | clip 1.000 | oom 0.000 | loss_scale 32.000 | wall 14587 | train_wall 12341
| epoch 080 | valid on 'valid' subset | loss 5.786 | nll_loss 3.285 | ppl 9.75 | num_updates 65585 | best_loss 5.77578
| saved checkpoint ./checkpoints/2020-05-24T08-05-04-00-exp27-bpe5000-ne-051920-seed17-nonjoint/checkpoints_ne_en/checkpoint80.pt (epoch 80 @ 65585 updates) (writing took 0.6756296157836914 seconds)
| WARNING: overflow detected, setting loss scale to: 32.0
| epoch 081 | loss 4.177 | nll_loss 1.522 | ppl 2.87 | wps 63935 | ups 5 | wpb 14178.100 | bsz 685.806 | num_updates 66404 | lr 0.000245433 | gnorm 0.187 | clip 1.000 | oom 0.000 | loss_scale 32.000 | wall 14771 | train_wall 12496
| epoch 081 | valid on 'valid' subset | loss 5.770 | nll_loss 3.264 | ppl 9.61 | num_updates 66404 | best_loss 5.77032
| epoch 082 | loss 4.176 | nll_loss 1.520 | ppl 2.87 | wps 63625 | ups 4 | wpb 14178.483 | bsz 687.243 | num_updates 67224 | lr 0.000243931 | gnorm 0.187 | clip 1.000 | oom 0.000 | loss_scale 32.000 | wall 14954 | train_wall 12651
| epoch 082 | valid on 'valid' subset | loss 5.793 | nll_loss 3.295 | ppl 9.81 | num_updates 67224 | best_loss 5.77578
| epoch 083 | loss 4.174 | nll_loss 1.518 | ppl 2.86 | wps 64111 | ups 5 | wpb 14178.483 | bsz 687.243 | num_updates 68044 | lr 0.000242457 | gnorm 0.188 | clip 1.000 | oom 0.000 | loss_scale 32.000 | wall 15136 | train_wall 12805
| epoch 083 | valid on 'valid' subset | loss 5.779 | nll_loss 3.278 | ppl 9.7 | num_updates 68044 | best_loss 5.77578
| epoch 084 | loss 4.173 | nll_loss 1.516 | ppl 2.86 | wps 64210 | ups 5 | wpb 14178.483 | bsz 687.243 | num_updates 68864 | lr 0.000241009 | gnorm 0.187 | clip 1.000 | oom 0.000 | loss_scale 32.000 | wall 15318 | train_wall 12959
| epoch 084 | valid on 'valid' subset | loss 5.778 | nll_loss 3.272 | ppl 9.66 | num_updates 68864 | best_loss 5.77578
| epoch 085 | loss 4.171 | nll_loss 1.514 | ppl 2.86 | wps 63653 | ups 4 | wpb 14178.483 | bsz 687.243 | num_updates 69684 | lr 0.000239587 | gnorm 0.188 | clip 1.000 | oom 0.000 | loss_scale 32.000 | wall 15502 | train_wall 13114
| epoch 085 | valid on 'valid' subset | loss 5.776 | nll_loss 3.274 | ppl 9.67 | num_updates 69684 | best_loss 5.77578
| WARNING: overflow detected, setting loss scale to: 32.0
| epoch 086 | loss 4.169 | nll_loss 1.512 | ppl 2.85 | wps 64185 | ups 5 | wpb 14178.416 | bsz 687.066 | num_updates 70503 | lr 0.000238191 | gnorm 0.188 | clip 1.000 | oom 0.000 | loss_scale 32.000 | wall 15684 | train_wall 13268
| epoch 086 | valid on 'valid' subset | loss 5.793 | nll_loss 3.294 | ppl 9.81 | num_updates 70503 | best_loss 5.77578
| epoch 087 | loss 4.168 | nll_loss 1.511 | ppl 2.85 | wps 64144 | ups 5 | wpb 14178.483 | bsz 687.243 | num_updates 71323 | lr 0.000236818 | gnorm 0.188 | clip 1.000 | oom 0.000 | loss_scale 32.000 | wall 15866 | train_wall 13422
| epoch 087 | valid on 'valid' subset | loss 5.775 | nll_loss 3.269 | ppl 9.64 | num_updates 71323 | best_loss 5.77537
| epoch 088 | loss 4.166 | nll_loss 1.508 | ppl 2.84 | wps 63753 | ups 4 | wpb 14178.483 | bsz 687.243 | num_updates 72143 | lr 0.000235469 | gnorm 0.188 | clip 1.000 | oom 0.000 | loss_scale 32.000 | wall 16049 | train_wall 13577
| epoch 088 | valid on 'valid' subset | loss 5.777 | nll_loss 3.275 | ppl 9.68 | num_updates 72143 | best_loss 5.77578
| epoch 089 | loss 4.165 | nll_loss 1.507 | ppl 2.84 | wps 64248 | ups 5 | wpb 14178.483 | bsz 687.243 | num_updates 72963 | lr 0.000234142 | gnorm 0.188 | clip 1.000 | oom 0.000 | loss_scale 32.000 | wall 16231 | train_wall 13732
| epoch 089 | valid on 'valid' subset | loss 5.780 | nll_loss 3.277 | ppl 9.69 | num_updates 72963 | best_loss 5.77578
| epoch 090 | loss 4.164 | nll_loss 1.505 | ppl 2.84 | wps 63977 | ups 5 | wpb 14178.483 | bsz 687.243 | num_updates 73783 | lr 0.000232837 | gnorm 0.188 | clip 1.000 | oom 0.000 | loss_scale 32.000 | wall 16414 | train_wall 13886
| epoch 090 | valid on 'valid' subset | loss 5.791 | nll_loss 3.291 | ppl 9.79 | num_updates 73783 | best_loss 5.77578
| saved checkpoint ./checkpoints/2020-05-24T08-05-04-00-exp27-bpe5000-ne-051920-seed17-nonjoint/checkpoints_ne_en/checkpoint90.pt (epoch 90 @ 73783 updates) (writing took 0.6520333290100098 seconds)
| WARNING: overflow detected, setting loss scale to: 32.0
| epoch 091 | loss 4.162 | nll_loss 1.503 | ppl 2.83 | wps 63842 | ups 5 | wpb 14182.656 | bsz 686.822 | num_updates 74602 | lr 0.000231555 | gnorm 0.188 | clip 1.000 | oom 0.000 | loss_scale 32.000 | wall 16597 | train_wall 14041
| epoch 091 | valid on 'valid' subset | loss 5.803 | nll_loss 3.303 | ppl 9.87 | num_updates 74602 | best_loss 5.77578
| epoch 092 | loss 4.161 | nll_loss 1.502 | ppl 2.83 | wps 64282 | ups 5 | wpb 14178.483 | bsz 687.243 | num_updates 75422 | lr 0.000230293 | gnorm 0.190 | clip 1.000 | oom 0.000 | loss_scale 32.000 | wall 16779 | train_wall 14194
| epoch 092 | valid on 'valid' subset | loss 5.782 | nll_loss 3.276 | ppl 9.69 | num_updates 75422 | best_loss 5.77578
| epoch 093 | loss 4.159 | nll_loss 1.500 | ppl 2.83 | wps 63914 | ups 5 | wpb 14178.483 | bsz 687.243 | num_updates 76242 | lr 0.000229051 | gnorm 0.189 | clip 1.000 | oom 0.000 | loss_scale 32.000 | wall 16962 | train_wall 14349
| epoch 093 | valid on 'valid' subset | loss 5.775 | nll_loss 3.270 | ppl 9.65 | num_updates 76242 | best_loss 5.77478
| epoch 094 | loss 4.158 | nll_loss 1.498 | ppl 2.83 | wps 64315 | ups 5 | wpb 14178.483 | bsz 687.243 | num_updates 77062 | lr 0.000227829 | gnorm 0.189 | clip 1.000 | oom 0.000 | loss_scale 32.000 | wall 17143 | train_wall 14503
| epoch 094 | valid on 'valid' subset | loss 5.780 | nll_loss 3.274 | ppl 9.67 | num_updates 77062 | best_loss 5.77578
| epoch 095 | loss 4.157 | nll_loss 1.497 | ppl 2.82 | wps 64066 | ups 5 | wpb 14178.483 | bsz 687.243 | num_updates 77882 | lr 0.000226627 | gnorm 0.188 | clip 1.000 | oom 0.000 | loss_scale 32.000 | wall 17326 | train_wall 14656
| epoch 095 | valid on 'valid' subset | loss 5.790 | nll_loss 3.284 | ppl 9.74 | num_updates 77882 | best_loss 5.77578
| WARNING: overflow detected, setting loss scale to: 32.0
| epoch 096 | loss 4.156 | nll_loss 1.496 | ppl 2.82 | wps 63870 | ups 5 | wpb 14178.343 | bsz 685.728 | num_updates 78701 | lr 0.000225445 | gnorm 0.189 | clip 1.000 | oom 0.000 | loss_scale 32.000 | wall 17508 | train_wall 14811
| epoch 096 | valid on 'valid' subset | loss 5.771 | nll_loss 3.264 | ppl 9.6 | num_updates 78701 | best_loss 5.77089
| WARNING: overflow detected, setting loss scale to: 16.0
| epoch 097 | loss 4.155 | nll_loss 1.494 | ppl 2.82 | wps 64003 | ups 5 | wpb 14176.396 | bsz 685.347 | num_updates 79520 | lr 0.000224281 | gnorm 0.189 | clip 1.000 | oom 0.000 | loss_scale 16.000 | wall 17691 | train_wall 14965
| epoch 097 | valid on 'valid' subset | loss 5.796 | nll_loss 3.293 | ppl 9.8 | num_updates 79520 | best_loss 5.77578
| epoch 098 | loss 4.153 | nll_loss 1.492 | ppl 2.81 | wps 64120 | ups 5 | wpb 14178.483 | bsz 687.243 | num_updates 80340 | lr 0.000223133 | gnorm 0.189 | clip 1.000 | oom 0.000 | loss_scale 16.000 | wall 17873 | train_wall 15119
| epoch 098 | valid on 'valid' subset | loss 5.782 | nll_loss 3.274 | ppl 9.67 | num_updates 80340 | best_loss 5.77578
| epoch 099 | loss 4.152 | nll_loss 1.491 | ppl 2.81 | wps 64303 | ups 5 | wpb 14178.483 | bsz 687.243 | num_updates 81160 | lr 0.000222003 | gnorm 0.189 | clip 1.000 | oom 0.000 | loss_scale 16.000 | wall 18055 | train_wall 15273
| epoch 099 | valid on 'valid' subset | loss 5.774 | nll_loss 3.268 | ppl 9.63 | num_updates 81160 | best_loss 5.77448
| epoch 100 | loss 4.150 | nll_loss 1.489 | ppl 2.81 | wps 63908 | ups 5 | wpb 14178.483 | bsz 687.243 | num_updates 81980 | lr 0.00022089 | gnorm 0.190 | clip 1.000 | oom 0.000 | loss_scale 16.000 | wall 18237 | train_wall 15427
| epoch 100 | valid on 'valid' subset | loss 5.779 | nll_loss 3.272 | ppl 9.66 | num_updates 81980 | best_loss 5.77578
| saved checkpoint ./checkpoints/2020-05-24T08-05-04-00-exp27-bpe5000-ne-051920-seed17-nonjoint/checkpoints_ne_en/checkpoint100.pt (epoch 100 @ 81980 updates) (writing took 0.6589663028717041 seconds)
| done training in 18234.7 seconds
Done training.
Time at end: Sun May 24 13:09:24 EDT 2020
