================ FLORES BASELINE WITH CLIP_NORM=0.1, BPE=5000 AND SEED=12 USING MORSEL ================
About to train the supervised for the following language pair: EN-SI
CHECKPOINT_DIR is set to './checkpoints/2020-07-14T02-49-04-00-exp444-morsel-si-seed12/checkpoints_en_si'
Creating checkpoint directory if it doesn't exist...
Data folder is: data-bin/wiki_si_en_morsel/
Beginning training...
Time at beginning: Tue Jul 14 06:35:51 EDT 2020
Namespace(activation_dropout=0.2, activation_fn='relu', adam_betas='(0.9, 0.98)', adam_eps=1e-08, adaptive_input=False, adaptive_softmax_cutoff=None, adaptive_softmax_dropout=0, arch='transformer', attention_dropout=0.2, best_checkpoint_metric='loss', bpe=None, bucket_cap_mb=25, clip_norm=0.1, cpu=False, criterion='label_smoothed_cross_entropy', cross_self_attention=False, curriculum=0, data='data-bin/wiki_si_en_morsel/', dataset_impl=None, ddp_backend='c10d', decoder_attention_heads=2, decoder_embed_dim=512, decoder_embed_path=None, decoder_ffn_embed_dim=2048, decoder_input_dim=512, decoder_layerdrop=0, decoder_layers=5, decoder_layers_to_keep=None, decoder_learned_pos=False, decoder_normalize_before=True, decoder_output_dim=512, device_id=0, disable_validation=False, distributed_backend='nccl', distributed_init_method=None, distributed_no_spawn=False, distributed_port=-1, distributed_rank=0, distributed_world_size=1, dropout=0.4, empty_cache_freq=0, encoder_attention_heads=2, encoder_embed_dim=512, encoder_embed_path=None, encoder_ffn_embed_dim=2048, encoder_layerdrop=0, encoder_layers=5, encoder_layers_to_keep=None, encoder_learned_pos=False, encoder_normalize_before=True, fast_stat_sync=False, find_unused_parameters=False, fix_batches_to_gpus=False, fixed_validation_seed=None, fp16=True, fp16_init_scale=128, fp16_scale_tolerance=0.0, fp16_scale_window=None, keep_interval_updates=-1, keep_last_epochs=-1, label_smoothing=0.2, layer_wise_attention=False, layernorm_embedding=False, lazy_load=False, left_pad_source='True', left_pad_target='False', load_alignments=False, log_format=None, log_interval=1000, lr=[0.001], lr_scheduler='inverse_sqrt', max_epoch=100, max_sentences=None, max_sentences_valid=None, max_source_positions=1024, max_target_positions=1024, max_tokens=4000, max_tokens_valid=4000, max_update=0, maximize_best_checkpoint_metric=False, memory_efficient_fp16=False, min_loss_scale=0.0001, min_lr=1e-09, no_cross_attention=False, no_epoch_checkpoints=False, no_last_checkpoints=False, no_progress_bar=False, no_save=False, no_save_optimizer_state=False, no_scale_embedding=False, no_token_positional_embeddings=False, num_workers=1, optimizer='adam', optimizer_overrides='{}', raw_text=False, required_batch_size_multiple=8, reset_dataloader=False, reset_lr_scheduler=False, reset_meters=False, reset_optimizer=False, restore_file='checkpoint_last.pt', save_dir='./checkpoints/2020-07-14T02-49-04-00-exp444-morsel-si-seed12/checkpoints_en_si', save_interval=10, save_interval_updates=0, seed=12, sentence_avg=False, share_all_embeddings=True, share_decoder_input_output_embed=False, skip_invalid_size_inputs_valid_test=False, source_lang='en', target_lang='si', task='translation', tensorboard_logdir='', threshold_loss_scale=None, tokenizer=None, train_subset='train', truncate_source=False, update_freq=[4], upsample_primary=1, use_bmuf=False, user_dir=None, valid_subset='valid', validate_interval=1, warmup_init_lr=1e-07, warmup_updates=4000, weight_decay=0.0001)
| [en] dictionary: 4672 types
| [si] dictionary: 4672 types
| loaded 2898 examples from: data-bin/wiki_si_en_morsel/valid.si-en.en
| loaded 2898 examples from: data-bin/wiki_si_en_morsel/valid.si-en.si
| data-bin/wiki_si_en_morsel/ valid en-si 2898 examples
TransformerModel(
  (encoder): TransformerEncoder(
    (embed_tokens): Embedding(4672, 512, padding_idx=1)
    (embed_positions): SinusoidalPositionalEmbedding()
    (layers): ModuleList(
      (0): TransformerEncoderLayer(
        (self_attn): MultiheadAttention(
          (k_proj): Linear(in_features=512, out_features=512, bias=True)
          (v_proj): Linear(in_features=512, out_features=512, bias=True)
          (q_proj): Linear(in_features=512, out_features=512, bias=True)
          (out_proj): Linear(in_features=512, out_features=512, bias=True)
        )
        (self_attn_layer_norm): LayerNorm((512,), eps=1e-05, elementwise_affine=True)
        (fc1): Linear(in_features=512, out_features=2048, bias=True)
        (fc2): Linear(in_features=2048, out_features=512, bias=True)
        (final_layer_norm): LayerNorm((512,), eps=1e-05, elementwise_affine=True)
      )
      (1): TransformerEncoderLayer(
        (self_attn): MultiheadAttention(
          (k_proj): Linear(in_features=512, out_features=512, bias=True)
          (v_proj): Linear(in_features=512, out_features=512, bias=True)
          (q_proj): Linear(in_features=512, out_features=512, bias=True)
          (out_proj): Linear(in_features=512, out_features=512, bias=True)
        )
        (self_attn_layer_norm): LayerNorm((512,), eps=1e-05, elementwise_affine=True)
        (fc1): Linear(in_features=512, out_features=2048, bias=True)
        (fc2): Linear(in_features=2048, out_features=512, bias=True)
        (final_layer_norm): LayerNorm((512,), eps=1e-05, elementwise_affine=True)
      )
      (2): TransformerEncoderLayer(
        (self_attn): MultiheadAttention(
          (k_proj): Linear(in_features=512, out_features=512, bias=True)
          (v_proj): Linear(in_features=512, out_features=512, bias=True)
          (q_proj): Linear(in_features=512, out_features=512, bias=True)
          (out_proj): Linear(in_features=512, out_features=512, bias=True)
        )
        (self_attn_layer_norm): LayerNorm((512,), eps=1e-05, elementwise_affine=True)
        (fc1): Linear(in_features=512, out_features=2048, bias=True)
        (fc2): Linear(in_features=2048, out_features=512, bias=True)
        (final_layer_norm): LayerNorm((512,), eps=1e-05, elementwise_affine=True)
      )
      (3): TransformerEncoderLayer(
        (self_attn): MultiheadAttention(
          (k_proj): Linear(in_features=512, out_features=512, bias=True)
          (v_proj): Linear(in_features=512, out_features=512, bias=True)
          (q_proj): Linear(in_features=512, out_features=512, bias=True)
          (out_proj): Linear(in_features=512, out_features=512, bias=True)
        )
        (self_attn_layer_norm): LayerNorm((512,), eps=1e-05, elementwise_affine=True)
        (fc1): Linear(in_features=512, out_features=2048, bias=True)
        (fc2): Linear(in_features=2048, out_features=512, bias=True)
        (final_layer_norm): LayerNorm((512,), eps=1e-05, elementwise_affine=True)
      )
      (4): TransformerEncoderLayer(
        (self_attn): MultiheadAttention(
          (k_proj): Linear(in_features=512, out_features=512, bias=True)
          (v_proj): Linear(in_features=512, out_features=512, bias=True)
          (q_proj): Linear(in_features=512, out_features=512, bias=True)
          (out_proj): Linear(in_features=512, out_features=512, bias=True)
        )
        (self_attn_layer_norm): LayerNorm((512,), eps=1e-05, elementwise_affine=True)
        (fc1): Linear(in_features=512, out_features=2048, bias=True)
        (fc2): Linear(in_features=2048, out_features=512, bias=True)
        (final_layer_norm): LayerNorm((512,), eps=1e-05, elementwise_affine=True)
      )
    )
    (layer_norm): LayerNorm((512,), eps=1e-05, elementwise_affine=True)
  )
  (decoder): TransformerDecoder(
    (embed_tokens): Embedding(4672, 512, padding_idx=1)
    (embed_positions): SinusoidalPositionalEmbedding()
    (layers): ModuleList(
      (0): TransformerDecoderLayer(
        (self_attn): MultiheadAttention(
          (k_proj): Linear(in_features=512, out_features=512, bias=True)
          (v_proj): Linear(in_features=512, out_features=512, bias=True)
          (q_proj): Linear(in_features=512, out_features=512, bias=True)
          (out_proj): Linear(in_features=512, out_features=512, bias=True)
        )
        (self_attn_layer_norm): LayerNorm((512,), eps=1e-05, elementwise_affine=True)
        (encoder_attn): MultiheadAttention(
          (k_proj): Linear(in_features=512, out_features=512, bias=True)
          (v_proj): Linear(in_features=512, out_features=512, bias=True)
          (q_proj): Linear(in_features=512, out_features=512, bias=True)
          (out_proj): Linear(in_features=512, out_features=512, bias=True)
        )
        (encoder_attn_layer_norm): LayerNorm((512,), eps=1e-05, elementwise_affine=True)
        (fc1): Linear(in_features=512, out_features=2048, bias=True)
        (fc2): Linear(in_features=2048, out_features=512, bias=True)
        (final_layer_norm): LayerNorm((512,), eps=1e-05, elementwise_affine=True)
      )
      (1): TransformerDecoderLayer(
        (self_attn): MultiheadAttention(
          (k_proj): Linear(in_features=512, out_features=512, bias=True)
          (v_proj): Linear(in_features=512, out_features=512, bias=True)
          (q_proj): Linear(in_features=512, out_features=512, bias=True)
          (out_proj): Linear(in_features=512, out_features=512, bias=True)
        )
        (self_attn_layer_norm): LayerNorm((512,), eps=1e-05, elementwise_affine=True)
        (encoder_attn): MultiheadAttention(
          (k_proj): Linear(in_features=512, out_features=512, bias=True)
          (v_proj): Linear(in_features=512, out_features=512, bias=True)
          (q_proj): Linear(in_features=512, out_features=512, bias=True)
          (out_proj): Linear(in_features=512, out_features=512, bias=True)
        )
        (encoder_attn_layer_norm): LayerNorm((512,), eps=1e-05, elementwise_affine=True)
        (fc1): Linear(in_features=512, out_features=2048, bias=True)
        (fc2): Linear(in_features=2048, out_features=512, bias=True)
        (final_layer_norm): LayerNorm((512,), eps=1e-05, elementwise_affine=True)
      )
      (2): TransformerDecoderLayer(
        (self_attn): MultiheadAttention(
          (k_proj): Linear(in_features=512, out_features=512, bias=True)
          (v_proj): Linear(in_features=512, out_features=512, bias=True)
          (q_proj): Linear(in_features=512, out_features=512, bias=True)
          (out_proj): Linear(in_features=512, out_features=512, bias=True)
        )
        (self_attn_layer_norm): LayerNorm((512,), eps=1e-05, elementwise_affine=True)
        (encoder_attn): MultiheadAttention(
          (k_proj): Linear(in_features=512, out_features=512, bias=True)
          (v_proj): Linear(in_features=512, out_features=512, bias=True)
          (q_proj): Linear(in_features=512, out_features=512, bias=True)
          (out_proj): Linear(in_features=512, out_features=512, bias=True)
        )
        (encoder_attn_layer_norm): LayerNorm((512,), eps=1e-05, elementwise_affine=True)
        (fc1): Linear(in_features=512, out_features=2048, bias=True)
        (fc2): Linear(in_features=2048, out_features=512, bias=True)
        (final_layer_norm): LayerNorm((512,), eps=1e-05, elementwise_affine=True)
      )
      (3): TransformerDecoderLayer(
        (self_attn): MultiheadAttention(
          (k_proj): Linear(in_features=512, out_features=512, bias=True)
          (v_proj): Linear(in_features=512, out_features=512, bias=True)
          (q_proj): Linear(in_features=512, out_features=512, bias=True)
          (out_proj): Linear(in_features=512, out_features=512, bias=True)
        )
        (self_attn_layer_norm): LayerNorm((512,), eps=1e-05, elementwise_affine=True)
        (encoder_attn): MultiheadAttention(
          (k_proj): Linear(in_features=512, out_features=512, bias=True)
          (v_proj): Linear(in_features=512, out_features=512, bias=True)
          (q_proj): Linear(in_features=512, out_features=512, bias=True)
          (out_proj): Linear(in_features=512, out_features=512, bias=True)
        )
        (encoder_attn_layer_norm): LayerNorm((512,), eps=1e-05, elementwise_affine=True)
        (fc1): Linear(in_features=512, out_features=2048, bias=True)
        (fc2): Linear(in_features=2048, out_features=512, bias=True)
        (final_layer_norm): LayerNorm((512,), eps=1e-05, elementwise_affine=True)
      )
      (4): TransformerDecoderLayer(
        (self_attn): MultiheadAttention(
          (k_proj): Linear(in_features=512, out_features=512, bias=True)
          (v_proj): Linear(in_features=512, out_features=512, bias=True)
          (q_proj): Linear(in_features=512, out_features=512, bias=True)
          (out_proj): Linear(in_features=512, out_features=512, bias=True)
        )
        (self_attn_layer_norm): LayerNorm((512,), eps=1e-05, elementwise_affine=True)
        (encoder_attn): MultiheadAttention(
          (k_proj): Linear(in_features=512, out_features=512, bias=True)
          (v_proj): Linear(in_features=512, out_features=512, bias=True)
          (q_proj): Linear(in_features=512, out_features=512, bias=True)
          (out_proj): Linear(in_features=512, out_features=512, bias=True)
        )
        (encoder_attn_layer_norm): LayerNorm((512,), eps=1e-05, elementwise_affine=True)
        (fc1): Linear(in_features=512, out_features=2048, bias=True)
        (fc2): Linear(in_features=2048, out_features=512, bias=True)
        (final_layer_norm): LayerNorm((512,), eps=1e-05, elementwise_affine=True)
      )
    )
    (layer_norm): LayerNorm((512,), eps=1e-05, elementwise_affine=True)
  )
)
| model transformer, criterion LabelSmoothedCrossEntropyCriterion
| num. model params: 39176192 (num. trained: 39176192)
| training on 1 GPUs
| max tokens per GPU = 4000 and max sentences per GPU = None
| no existing checkpoint found ./checkpoints/2020-07-14T02-49-04-00-exp444-morsel-si-seed12/checkpoints_en_si/checkpoint_last.pt
| loading train data for epoch 0
| loaded 646781 examples from: data-bin/wiki_si_en_morsel/train.si-en.en
| loaded 646781 examples from: data-bin/wiki_si_en_morsel/train.si-en.si
| data-bin/wiki_si_en_morsel/ train en-si 646781 examples
| WARNING: 1 samples have invalid sizes and will be skipped, max_positions=(1024, 1024), first few sample ids=[23048]
| WARNING: overflow detected, setting loss scale to: 64.0
| WARNING: overflow detected, setting loss scale to: 32.0
| WARNING: overflow detected, setting loss scale to: 16.0
| epoch 001 | loss 9.620 | nll_loss 8.608 | ppl 390.24 | wps 56827 | ups 4 | wpb 14141.598 | bsz 1120.510 | num_updates 572 | lr 0.000143086 | gnorm 0.773 | clip 1.000 | oom 0.000 | loss_scale 16.000 | wall 142 | train_wall 106
| epoch 001 | valid on 'valid' subset | loss 9.817 | nll_loss 8.743 | ppl 428.55 | num_updates 572
| epoch 002 | loss 7.771 | nll_loss 6.151 | ppl 71.06 | wps 60268 | ups 4 | wpb 14145.155 | bsz 1124.835 | num_updates 1147 | lr 0.000286821 | gnorm 0.492 | clip 1.000 | oom 0.000 | loss_scale 16.000 | wall 278 | train_wall 210
| epoch 002 | valid on 'valid' subset | loss 8.960 | nll_loss 7.503 | ppl 181.42 | num_updates 1147
| epoch 003 | loss 7.102 | nll_loss 5.275 | ppl 38.73 | wps 60795 | ups 4 | wpb 14145.155 | bsz 1124.835 | num_updates 1722 | lr 0.000430557 | gnorm 0.414 | clip 1.000 | oom 0.000 | loss_scale 16.000 | wall 413 | train_wall 314
| epoch 003 | valid on 'valid' subset | loss 8.550 | nll_loss 6.959 | ppl 124.45 | num_updates 1722
| epoch 004 | loss 6.720 | nll_loss 4.779 | ppl 27.45 | wps 60369 | ups 4 | wpb 14145.155 | bsz 1124.835 | num_updates 2297 | lr 0.000574293 | gnorm 0.374 | clip 1.000 | oom 0.000 | loss_scale 16.000 | wall 548 | train_wall 418
| epoch 004 | valid on 'valid' subset | loss 8.199 | nll_loss 6.481 | ppl 89.34 | num_updates 2297
| epoch 005 | loss 6.454 | nll_loss 4.432 | ppl 21.59 | wps 60421 | ups 4 | wpb 14145.155 | bsz 1124.835 | num_updates 2872 | lr 0.000718028 | gnorm 0.340 | clip 1.000 | oom 0.000 | loss_scale 16.000 | wall 684 | train_wall 522
| epoch 005 | valid on 'valid' subset | loss 7.976 | nll_loss 6.149 | ppl 70.95 | num_updates 2872
| epoch 006 | loss 6.272 | nll_loss 4.197 | ppl 18.34 | wps 60370 | ups 4 | wpb 14145.155 | bsz 1124.835 | num_updates 3447 | lr 0.000861764 | gnorm 0.330 | clip 1.000 | oom 0.000 | loss_scale 16.000 | wall 819 | train_wall 627
| epoch 006 | valid on 'valid' subset | loss 7.821 | nll_loss 5.931 | ppl 61.02 | num_updates 3447
| epoch 007 | loss 6.144 | nll_loss 4.032 | ppl 16.36 | wps 60327 | ups 4 | wpb 14145.155 | bsz 1124.835 | num_updates 4022 | lr 0.000997261 | gnorm 0.304 | clip 1.000 | oom 0.000 | loss_scale 16.000 | wall 955 | train_wall 731
| epoch 007 | valid on 'valid' subset | loss 7.662 | nll_loss 5.708 | ppl 52.26 | num_updates 4022
| WARNING: overflow detected, setting loss scale to: 16.0
| epoch 008 | loss 6.036 | nll_loss 3.895 | ppl 14.87 | wps 60137 | ups 4 | wpb 14144.436 | bsz 1122.334 | num_updates 4596 | lr 0.000932911 | gnorm 0.280 | clip 1.000 | oom 0.000 | loss_scale 16.000 | wall 1091 | train_wall 835
| epoch 008 | valid on 'valid' subset | loss 7.504 | nll_loss 5.480 | ppl 44.62 | num_updates 4596
| epoch 009 | loss 5.936 | nll_loss 3.766 | ppl 13.61 | wps 60405 | ups 4 | wpb 14145.155 | bsz 1124.835 | num_updates 5171 | lr 0.000879514 | gnorm 0.258 | clip 1.000 | oom 0.000 | loss_scale 16.000 | wall 1227 | train_wall 940
| epoch 009 | valid on 'valid' subset | loss 7.422 | nll_loss 5.369 | ppl 41.34 | num_updates 5171
| WARNING: overflow detected, setting loss scale to: 8.0
| epoch 010 | loss 5.861 | nll_loss 3.671 | ppl 12.74 | wps 61253 | ups 4 | wpb 14144.117 | bsz 1122.753 | num_updates 5745 | lr 0.000834421 | gnorm 0.245 | clip 1.000 | oom 0.000 | loss_scale 8.000 | wall 1360 | train_wall 1043
| epoch 010 | valid on 'valid' subset | loss 7.394 | nll_loss 5.301 | ppl 39.43 | num_updates 5745
| saved checkpoint ./checkpoints/2020-07-14T02-49-04-00-exp444-morsel-si-seed12/checkpoints_en_si/checkpoint10.pt (epoch 10 @ 5745 updates) (writing took 0.7168340682983398 seconds)
| epoch 011 | loss 5.801 | nll_loss 3.595 | ppl 12.08 | wps 60112 | ups 4 | wpb 14145.155 | bsz 1124.835 | num_updates 6320 | lr 0.000795557 | gnorm 0.237 | clip 1.000 | oom 0.000 | loss_scale 8.000 | wall 1497 | train_wall 1148
| epoch 011 | valid on 'valid' subset | loss 7.277 | nll_loss 5.147 | ppl 35.42 | num_updates 6320 | best_loss 7.27669
| epoch 012 | loss 5.751 | nll_loss 3.531 | ppl 11.56 | wps 59274 | ups 4 | wpb 14145.155 | bsz 1124.835 | num_updates 6895 | lr 0.000761663 | gnorm 0.227 | clip 1.000 | oom 0.000 | loss_scale 8.000 | wall 1635 | train_wall 1253
| epoch 012 | valid on 'valid' subset | loss 7.193 | nll_loss 5.029 | ppl 32.64 | num_updates 6895 | best_loss 7.19316
| epoch 013 | loss 5.710 | nll_loss 3.479 | ppl 11.15 | wps 60726 | ups 4 | wpb 14145.155 | bsz 1124.835 | num_updates 7470 | lr 0.000731762 | gnorm 0.221 | clip 1.000 | oom 0.000 | loss_scale 8.000 | wall 1770 | train_wall 1356
| epoch 013 | valid on 'valid' subset | loss 7.149 | nll_loss 4.963 | ppl 31.18 | num_updates 7470 | best_loss 7.14891
| epoch 014 | loss 5.674 | nll_loss 3.433 | ppl 10.8 | wps 60132 | ups 4 | wpb 14145.155 | bsz 1124.835 | num_updates 8045 | lr 0.000705126 | gnorm 0.216 | clip 1.000 | oom 0.000 | loss_scale 8.000 | wall 1906 | train_wall 1461
| epoch 014 | valid on 'valid' subset | loss 7.093 | nll_loss 4.898 | ppl 29.81 | num_updates 8045 | best_loss 7.09313
| epoch 015 | loss 5.644 | nll_loss 3.395 | ppl 10.52 | wps 60759 | ups 4 | wpb 14145.155 | bsz 1124.835 | num_updates 8620 | lr 0.000681203 | gnorm 0.216 | clip 1.000 | oom 0.000 | loss_scale 8.000 | wall 2041 | train_wall 1565
| epoch 015 | valid on 'valid' subset | loss 7.110 | nll_loss 4.912 | ppl 30.11 | num_updates 8620 | best_loss 7.10997
| epoch 016 | loss 5.617 | nll_loss 3.360 | ppl 10.27 | wps 60253 | ups 4 | wpb 14145.155 | bsz 1124.835 | num_updates 9195 | lr 0.00065956 | gnorm 0.209 | clip 1.000 | oom 0.000 | loss_scale 8.000 | wall 2176 | train_wall 1669
| epoch 016 | valid on 'valid' subset | loss 7.053 | nll_loss 4.832 | ppl 28.48 | num_updates 9195 | best_loss 7.0526
| epoch 017 | loss 5.593 | nll_loss 3.329 | ppl 10.05 | wps 60506 | ups 4 | wpb 14145.155 | bsz 1124.835 | num_updates 9770 | lr 0.000639857 | gnorm 0.205 | clip 1.000 | oom 0.000 | loss_scale 8.000 | wall 2312 | train_wall 1773
| epoch 017 | valid on 'valid' subset | loss 7.017 | nll_loss 4.779 | ppl 27.46 | num_updates 9770 | best_loss 7.01702
| epoch 018 | loss 5.572 | nll_loss 3.303 | ppl 9.87 | wps 59944 | ups 4 | wpb 14145.155 | bsz 1124.835 | num_updates 10345 | lr 0.00062182 | gnorm 0.204 | clip 1.000 | oom 0.000 | loss_scale 16.000 | wall 2448 | train_wall 1878
| epoch 018 | valid on 'valid' subset | loss 7.006 | nll_loss 4.757 | ppl 27.04 | num_updates 10345 | best_loss 7.00618
| epoch 019 | loss 5.553 | nll_loss 3.279 | ppl 9.71 | wps 60367 | ups 4 | wpb 14145.155 | bsz 1124.835 | num_updates 10920 | lr 0.000605228 | gnorm 0.203 | clip 1.000 | oom 0.000 | loss_scale 16.000 | wall 2584 | train_wall 1982
| epoch 019 | valid on 'valid' subset | loss 6.969 | nll_loss 4.731 | ppl 26.56 | num_updates 10920 | best_loss 6.96881
| epoch 020 | loss 5.535 | nll_loss 3.255 | ppl 9.55 | wps 60889 | ups 4 | wpb 14145.155 | bsz 1124.835 | num_updates 11495 | lr 0.000589896 | gnorm 0.201 | clip 1.000 | oom 0.000 | loss_scale 16.000 | wall 2718 | train_wall 2085
| epoch 020 | valid on 'valid' subset | loss 6.954 | nll_loss 4.690 | ppl 25.81 | num_updates 11495 | best_loss 6.95432
| saved checkpoint ./checkpoints/2020-07-14T02-49-04-00-exp444-morsel-si-seed12/checkpoints_en_si/checkpoint20.pt (epoch 20 @ 11495 updates) (writing took 1.0033893585205078 seconds)
| epoch 021 | loss 5.518 | nll_loss 3.234 | ppl 9.41 | wps 60613 | ups 4 | wpb 14145.155 | bsz 1124.835 | num_updates 12070 | lr 0.000575674 | gnorm 0.199 | clip 1.000 | oom 0.000 | loss_scale 16.000 | wall 2854 | train_wall 2189
| epoch 021 | valid on 'valid' subset | loss 6.933 | nll_loss 4.675 | ppl 25.55 | num_updates 12070 | best_loss 6.93332
| epoch 022 | loss 5.504 | nll_loss 3.216 | ppl 9.29 | wps 60097 | ups 4 | wpb 14145.155 | bsz 1124.835 | num_updates 12645 | lr 0.000562433 | gnorm 0.197 | clip 1.000 | oom 0.000 | loss_scale 16.000 | wall 2990 | train_wall 2294
| epoch 022 | valid on 'valid' subset | loss 6.896 | nll_loss 4.621 | ppl 24.6 | num_updates 12645 | best_loss 6.89647
| epoch 023 | loss 5.489 | nll_loss 3.198 | ppl 9.18 | wps 61598 | ups 4 | wpb 14145.155 | bsz 1124.835 | num_updates 13220 | lr 0.000550065 | gnorm 0.197 | clip 1.000 | oom 0.000 | loss_scale 16.000 | wall 3123 | train_wall 2397
| epoch 023 | valid on 'valid' subset | loss 6.908 | nll_loss 4.656 | ppl 25.22 | num_updates 13220 | best_loss 6.90798
| epoch 024 | loss 5.477 | nll_loss 3.182 | ppl 9.08 | wps 61423 | ups 4 | wpb 14145.155 | bsz 1124.835 | num_updates 13795 | lr 0.000538479 | gnorm 0.195 | clip 1.000 | oom 0.000 | loss_scale 16.000 | wall 3257 | train_wall 2499
| epoch 024 | valid on 'valid' subset | loss 6.855 | nll_loss 4.569 | ppl 23.74 | num_updates 13795 | best_loss 6.85542
| epoch 025 | loss 5.465 | nll_loss 3.167 | ppl 8.98 | wps 61835 | ups 4 | wpb 14145.155 | bsz 1124.835 | num_updates 14370 | lr 0.000527596 | gnorm 0.195 | clip 1.000 | oom 0.000 | loss_scale 32.000 | wall 3389 | train_wall 2601
| epoch 025 | valid on 'valid' subset | loss 6.867 | nll_loss 4.577 | ppl 23.87 | num_updates 14370 | best_loss 6.86727
| WARNING: overflow detected, setting loss scale to: 16.0
| epoch 026 | loss 5.454 | nll_loss 3.153 | ppl 8.9 | wps 61870 | ups 4 | wpb 14144.293 | bsz 1123.199 | num_updates 14944 | lr 0.000517364 | gnorm 0.194 | clip 1.000 | oom 0.000 | loss_scale 16.000 | wall 3521 | train_wall 2704
| epoch 026 | valid on 'valid' subset | loss 6.843 | nll_loss 4.545 | ppl 23.34 | num_updates 14944 | best_loss 6.84335
| epoch 027 | loss 5.443 | nll_loss 3.139 | ppl 8.81 | wps 61399 | ups 4 | wpb 14145.155 | bsz 1124.835 | num_updates 15519 | lr 0.000507689 | gnorm 0.194 | clip 1.000 | oom 0.000 | loss_scale 16.000 | wall 3654 | train_wall 2807
| epoch 027 | valid on 'valid' subset | loss 6.857 | nll_loss 4.575 | ppl 23.84 | num_updates 15519 | best_loss 6.85689
| epoch 028 | loss 5.433 | nll_loss 3.126 | ppl 8.73 | wps 62068 | ups 4 | wpb 14145.155 | bsz 1124.835 | num_updates 16094 | lr 0.000498538 | gnorm 0.192 | clip 1.000 | oom 0.000 | loss_scale 16.000 | wall 3786 | train_wall 2909
| epoch 028 | valid on 'valid' subset | loss 6.834 | nll_loss 4.523 | ppl 22.99 | num_updates 16094 | best_loss 6.83442
| epoch 029 | loss 5.424 | nll_loss 3.114 | ppl 8.66 | wps 61368 | ups 4 | wpb 14145.155 | bsz 1124.835 | num_updates 16669 | lr 0.000489864 | gnorm 0.193 | clip 1.000 | oom 0.000 | loss_scale 16.000 | wall 3920 | train_wall 3012
| epoch 029 | valid on 'valid' subset | loss 6.820 | nll_loss 4.504 | ppl 22.68 | num_updates 16669 | best_loss 6.82009
| epoch 030 | loss 5.416 | nll_loss 3.104 | ppl 8.6 | wps 60672 | ups 4 | wpb 14145.155 | bsz 1124.835 | num_updates 17244 | lr 0.000481627 | gnorm 0.193 | clip 1.000 | oom 0.000 | loss_scale 16.000 | wall 4055 | train_wall 3116
| epoch 030 | valid on 'valid' subset | loss 6.796 | nll_loss 4.476 | ppl 22.26 | num_updates 17244 | best_loss 6.79645
| saved checkpoint ./checkpoints/2020-07-14T02-49-04-00-exp444-morsel-si-seed12/checkpoints_en_si/checkpoint30.pt (epoch 30 @ 17244 updates) (writing took 0.9841351509094238 seconds)
| epoch 031 | loss 5.406 | nll_loss 3.092 | ppl 8.53 | wps 61703 | ups 4 | wpb 14145.155 | bsz 1124.835 | num_updates 17819 | lr 0.000473793 | gnorm 0.192 | clip 1.000 | oom 0.000 | loss_scale 16.000 | wall 4188 | train_wall 3218
| epoch 031 | valid on 'valid' subset | loss 6.812 | nll_loss 4.492 | ppl 22.5 | num_updates 17819 | best_loss 6.79645
| epoch 032 | loss 5.399 | nll_loss 3.083 | ppl 8.47 | wps 61373 | ups 4 | wpb 14145.155 | bsz 1124.835 | num_updates 18394 | lr 0.000466328 | gnorm 0.190 | clip 1.000 | oom 0.000 | loss_scale 16.000 | wall 4322 | train_wall 3322
| epoch 032 | valid on 'valid' subset | loss 6.762 | nll_loss 4.437 | ppl 21.65 | num_updates 18394 | best_loss 6.76213
| epoch 033 | loss 5.392 | nll_loss 3.074 | ppl 8.42 | wps 61595 | ups 4 | wpb 14145.155 | bsz 1124.835 | num_updates 18969 | lr 0.000459206 | gnorm 0.191 | clip 1.000 | oom 0.000 | loss_scale 32.000 | wall 4455 | train_wall 3424
| epoch 033 | valid on 'valid' subset | loss 6.766 | nll_loss 4.436 | ppl 21.64 | num_updates 18969 | best_loss 6.76613
| WARNING: overflow detected, setting loss scale to: 16.0
| epoch 034 | loss 5.383 | nll_loss 3.063 | ppl 8.36 | wps 61229 | ups 4 | wpb 14147.742 | bsz 1123.909 | num_updates 19543 | lr 0.000452412 | gnorm 0.188 | clip 1.000 | oom 0.000 | loss_scale 16.000 | wall 4588 | train_wall 3528
| epoch 034 | valid on 'valid' subset | loss 6.755 | nll_loss 4.424 | ppl 21.46 | num_updates 19543 | best_loss 6.75451
| epoch 035 | loss 5.377 | nll_loss 3.056 | ppl 8.31 | wps 59834 | ups 4 | wpb 14145.155 | bsz 1124.835 | num_updates 20118 | lr 0.0004459 | gnorm 0.189 | clip 1.000 | oom 0.000 | loss_scale 16.000 | wall 4725 | train_wall 3632
| epoch 035 | valid on 'valid' subset | loss 6.752 | nll_loss 4.427 | ppl 21.51 | num_updates 20118 | best_loss 6.75168
| epoch 036 | loss 5.370 | nll_loss 3.046 | ppl 8.26 | wps 59331 | ups 4 | wpb 14145.155 | bsz 1124.835 | num_updates 20693 | lr 0.000439661 | gnorm 0.189 | clip 1.000 | oom 0.000 | loss_scale 16.000 | wall 4863 | train_wall 3738
| epoch 036 | valid on 'valid' subset | loss 6.747 | nll_loss 4.415 | ppl 21.33 | num_updates 20693 | best_loss 6.74739
| epoch 037 | loss 5.364 | nll_loss 3.039 | ppl 8.22 | wps 59107 | ups 4 | wpb 14145.155 | bsz 1124.835 | num_updates 21268 | lr 0.000433677 | gnorm 0.190 | clip 1.000 | oom 0.000 | loss_scale 16.000 | wall 5001 | train_wall 3844
| epoch 037 | valid on 'valid' subset | loss 6.751 | nll_loss 4.426 | ppl 21.5 | num_updates 21268 | best_loss 6.75138
| epoch 038 | loss 5.359 | nll_loss 3.032 | ppl 8.18 | wps 58652 | ups 4 | wpb 14145.155 | bsz 1124.835 | num_updates 21843 | lr 0.000427931 | gnorm 0.189 | clip 1.000 | oom 0.000 | loss_scale 16.000 | wall 5141 | train_wall 3950
| epoch 038 | valid on 'valid' subset | loss 6.757 | nll_loss 4.421 | ppl 21.42 | num_updates 21843 | best_loss 6.75706
| epoch 039 | loss 5.351 | nll_loss 3.022 | ppl 8.12 | wps 58593 | ups 4 | wpb 14145.155 | bsz 1124.835 | num_updates 22418 | lr 0.000422407 | gnorm 0.188 | clip 1.000 | oom 0.000 | loss_scale 16.000 | wall 5280 | train_wall 4056
| epoch 039 | valid on 'valid' subset | loss 6.704 | nll_loss 4.362 | ppl 20.56 | num_updates 22418 | best_loss 6.70368
| epoch 040 | loss 5.347 | nll_loss 3.017 | ppl 8.09 | wps 58998 | ups 4 | wpb 14145.155 | bsz 1124.835 | num_updates 22993 | lr 0.000417092 | gnorm 0.189 | clip 1.000 | oom 0.000 | loss_scale 16.000 | wall 5419 | train_wall 4162
| epoch 040 | valid on 'valid' subset | loss 6.721 | nll_loss 4.383 | ppl 20.87 | num_updates 22993 | best_loss 6.72102
| saved checkpoint ./checkpoints/2020-07-14T02-49-04-00-exp444-morsel-si-seed12/checkpoints_en_si/checkpoint40.pt (epoch 40 @ 22993 updates) (writing took 1.0239660739898682 seconds)
| epoch 041 | loss 5.342 | nll_loss 3.010 | ppl 8.06 | wps 58743 | ups 4 | wpb 14145.155 | bsz 1124.835 | num_updates 23568 | lr 0.000411973 | gnorm 0.188 | clip 1.000 | oom 0.000 | loss_scale 32.000 | wall 5559 | train_wall 4268
| epoch 041 | valid on 'valid' subset | loss 6.713 | nll_loss 4.374 | ppl 20.73 | num_updates 23568 | best_loss 6.71347
| WARNING: overflow detected, setting loss scale to: 16.0
| epoch 042 | loss 5.337 | nll_loss 3.004 | ppl 8.02 | wps 59219 | ups 4 | wpb 14143.620 | bsz 1122.265 | num_updates 24142 | lr 0.000407046 | gnorm 0.188 | clip 1.000 | oom 0.000 | loss_scale 16.000 | wall 5697 | train_wall 4374
| epoch 042 | valid on 'valid' subset | loss 6.706 | nll_loss 4.357 | ppl 20.49 | num_updates 24142 | best_loss 6.7056
| epoch 043 | loss 5.331 | nll_loss 2.997 | ppl 7.98 | wps 59205 | ups 4 | wpb 14145.155 | bsz 1124.835 | num_updates 24717 | lr 0.000402283 | gnorm 0.189 | clip 1.000 | oom 0.000 | loss_scale 16.000 | wall 5836 | train_wall 4479
| epoch 043 | valid on 'valid' subset | loss 6.692 | nll_loss 4.353 | ppl 20.43 | num_updates 24717 | best_loss 6.69167
| epoch 044 | loss 5.326 | nll_loss 2.990 | ppl 7.95 | wps 59289 | ups 4 | wpb 14145.155 | bsz 1124.835 | num_updates 25292 | lr 0.000397684 | gnorm 0.189 | clip 1.000 | oom 0.000 | loss_scale 16.000 | wall 5974 | train_wall 4585
| epoch 044 | valid on 'valid' subset | loss 6.706 | nll_loss 4.363 | ppl 20.58 | num_updates 25292 | best_loss 6.70552
| epoch 045 | loss 5.321 | nll_loss 2.984 | ppl 7.91 | wps 59046 | ups 4 | wpb 14145.155 | bsz 1124.835 | num_updates 25867 | lr 0.000393239 | gnorm 0.188 | clip 1.000 | oom 0.000 | loss_scale 16.000 | wall 6112 | train_wall 4690
| epoch 045 | valid on 'valid' subset | loss 6.677 | nll_loss 4.328 | ppl 20.09 | num_updates 25867 | best_loss 6.6766
| epoch 046 | loss 5.317 | nll_loss 2.978 | ppl 7.88 | wps 59049 | ups 4 | wpb 14145.155 | bsz 1124.835 | num_updates 26442 | lr 0.00038894 | gnorm 0.188 | clip 1.000 | oom 0.000 | loss_scale 16.000 | wall 6251 | train_wall 4796
| epoch 046 | valid on 'valid' subset | loss 6.663 | nll_loss 4.312 | ppl 19.86 | num_updates 26442 | best_loss 6.66261
| epoch 047 | loss 5.313 | nll_loss 2.973 | ppl 7.85 | wps 59107 | ups 4 | wpb 14145.155 | bsz 1124.835 | num_updates 27017 | lr 0.000384779 | gnorm 0.188 | clip 1.000 | oom 0.000 | loss_scale 16.000 | wall 6389 | train_wall 4902
| epoch 047 | valid on 'valid' subset | loss 6.684 | nll_loss 4.339 | ppl 20.24 | num_updates 27017 | best_loss 6.68399
| epoch 048 | loss 5.308 | nll_loss 2.968 | ppl 7.82 | wps 59065 | ups 4 | wpb 14145.155 | bsz 1124.835 | num_updates 27592 | lr 0.000380749 | gnorm 0.189 | clip 1.000 | oom 0.000 | loss_scale 16.000 | wall 6528 | train_wall 5008
| epoch 048 | valid on 'valid' subset | loss 6.667 | nll_loss 4.314 | ppl 19.89 | num_updates 27592 | best_loss 6.66676
| epoch 049 | loss 5.305 | nll_loss 2.963 | ppl 7.8 | wps 59119 | ups 4 | wpb 14145.155 | bsz 1124.835 | num_updates 28167 | lr 0.000376842 | gnorm 0.188 | clip 1.000 | oom 0.000 | loss_scale 16.000 | wall 6666 | train_wall 5114
| epoch 049 | valid on 'valid' subset | loss 6.659 | nll_loss 4.309 | ppl 19.82 | num_updates 28167 | best_loss 6.65878
| WARNING: overflow detected, setting loss scale to: 16.0
| epoch 050 | loss 5.300 | nll_loss 2.957 | ppl 7.76 | wps 58657 | ups 4 | wpb 14145.584 | bsz 1122.822 | num_updates 28741 | lr 0.00037306 | gnorm 0.186 | clip 1.000 | oom 0.000 | loss_scale 16.000 | wall 6806 | train_wall 5221
| epoch 050 | valid on 'valid' subset | loss 6.660 | nll_loss 4.306 | ppl 19.78 | num_updates 28741 | best_loss 6.66029
| saved checkpoint ./checkpoints/2020-07-14T02-49-04-00-exp444-morsel-si-seed12/checkpoints_en_si/checkpoint50.pt (epoch 50 @ 28741 updates) (writing took 1.147326946258545 seconds)
| epoch 051 | loss 5.296 | nll_loss 2.952 | ppl 7.74 | wps 59176 | ups 4 | wpb 14145.155 | bsz 1124.835 | num_updates 29316 | lr 0.000369384 | gnorm 0.186 | clip 1.000 | oom 0.000 | loss_scale 16.000 | wall 6945 | train_wall 5326
| epoch 051 | valid on 'valid' subset | loss 6.650 | nll_loss 4.293 | ppl 19.61 | num_updates 29316 | best_loss 6.65022
| epoch 052 | loss 5.293 | nll_loss 2.948 | ppl 7.72 | wps 59600 | ups 4 | wpb 14145.155 | bsz 1124.835 | num_updates 29891 | lr 0.000365814 | gnorm 0.187 | clip 1.000 | oom 0.000 | loss_scale 16.000 | wall 7083 | train_wall 5431
| epoch 052 | valid on 'valid' subset | loss 6.649 | nll_loss 4.280 | ppl 19.43 | num_updates 29891 | best_loss 6.64865
| epoch 053 | loss 5.289 | nll_loss 2.943 | ppl 7.69 | wps 59251 | ups 4 | wpb 14145.155 | bsz 1124.835 | num_updates 30466 | lr 0.000362345 | gnorm 0.185 | clip 1.000 | oom 0.000 | loss_scale 16.000 | wall 7221 | train_wall 5537
| epoch 053 | valid on 'valid' subset | loss 6.638 | nll_loss 4.272 | ppl 19.32 | num_updates 30466 | best_loss 6.63814
| epoch 054 | loss 5.285 | nll_loss 2.938 | ppl 7.67 | wps 59398 | ups 4 | wpb 14145.155 | bsz 1124.835 | num_updates 31041 | lr 0.000358973 | gnorm 0.187 | clip 1.000 | oom 0.000 | loss_scale 16.000 | wall 7359 | train_wall 5643
| epoch 054 | valid on 'valid' subset | loss 6.653 | nll_loss 4.294 | ppl 19.62 | num_updates 31041 | best_loss 6.6532
| epoch 055 | loss 5.282 | nll_loss 2.935 | ppl 7.65 | wps 58652 | ups 4 | wpb 14145.155 | bsz 1124.835 | num_updates 31616 | lr 0.000355694 | gnorm 0.188 | clip 1.000 | oom 0.000 | loss_scale 16.000 | wall 7498 | train_wall 5750
| epoch 055 | valid on 'valid' subset | loss 6.636 | nll_loss 4.277 | ppl 19.38 | num_updates 31616 | best_loss 6.63575
| epoch 056 | loss 5.279 | nll_loss 2.931 | ppl 7.62 | wps 59347 | ups 4 | wpb 14145.155 | bsz 1124.835 | num_updates 32191 | lr 0.000352503 | gnorm 0.188 | clip 1.000 | oom 0.000 | loss_scale 16.000 | wall 7636 | train_wall 5855
| epoch 056 | valid on 'valid' subset | loss 6.635 | nll_loss 4.275 | ppl 19.36 | num_updates 32191 | best_loss 6.63546
| epoch 057 | loss 5.275 | nll_loss 2.925 | ppl 7.6 | wps 59010 | ups 4 | wpb 14145.155 | bsz 1124.835 | num_updates 32766 | lr 0.000349396 | gnorm 0.187 | clip 1.000 | oom 0.000 | loss_scale 16.000 | wall 7775 | train_wall 5961
| epoch 057 | valid on 'valid' subset | loss 6.593 | nll_loss 4.215 | ppl 18.57 | num_updates 32766 | best_loss 6.59332
| WARNING: overflow detected, setting loss scale to: 16.0
| epoch 058 | loss 5.273 | nll_loss 2.922 | ppl 7.58 | wps 59098 | ups 4 | wpb 14145.613 | bsz 1121.345 | num_updates 33340 | lr 0.000346376 | gnorm 0.185 | clip 1.000 | oom 0.000 | loss_scale 16.000 | wall 7913 | train_wall 6067
| epoch 058 | valid on 'valid' subset | loss 6.647 | nll_loss 4.299 | ppl 19.69 | num_updates 33340 | best_loss 6.64656
| epoch 059 | loss 5.269 | nll_loss 2.918 | ppl 7.56 | wps 59056 | ups 4 | wpb 14145.155 | bsz 1124.835 | num_updates 33915 | lr 0.000343427 | gnorm 0.186 | clip 1.000 | oom 0.000 | loss_scale 16.000 | wall 8051 | train_wall 6173
| epoch 059 | valid on 'valid' subset | loss 6.640 | nll_loss 4.281 | ppl 19.44 | num_updates 33915 | best_loss 6.6401
| epoch 060 | loss 5.266 | nll_loss 2.914 | ppl 7.53 | wps 58600 | ups 4 | wpb 14145.155 | bsz 1124.835 | num_updates 34490 | lr 0.000340552 | gnorm 0.190 | clip 1.000 | oom 0.000 | loss_scale 16.000 | wall 8191 | train_wall 6280
| epoch 060 | valid on 'valid' subset | loss 6.626 | nll_loss 4.264 | ppl 19.21 | num_updates 34490 | best_loss 6.62647
| saved checkpoint ./checkpoints/2020-07-14T02-49-04-00-exp444-morsel-si-seed12/checkpoints_en_si/checkpoint60.pt (epoch 60 @ 34490 updates) (writing took 1.015864372253418 seconds)
| epoch 061 | loss 5.263 | nll_loss 2.910 | ppl 7.51 | wps 59100 | ups 4 | wpb 14145.155 | bsz 1124.835 | num_updates 35065 | lr 0.000337748 | gnorm 0.187 | clip 1.000 | oom 0.000 | loss_scale 16.000 | wall 8331 | train_wall 6385
| epoch 061 | valid on 'valid' subset | loss 6.595 | nll_loss 4.227 | ppl 18.72 | num_updates 35065 | best_loss 6.59521
| epoch 062 | loss 5.260 | nll_loss 2.906 | ppl 7.5 | wps 58980 | ups 4 | wpb 14145.155 | bsz 1124.835 | num_updates 35640 | lr 0.000335013 | gnorm 0.187 | clip 1.000 | oom 0.000 | loss_scale 16.000 | wall 8469 | train_wall 6492
| epoch 062 | valid on 'valid' subset | loss 6.606 | nll_loss 4.233 | ppl 18.81 | num_updates 35640 | best_loss 6.60578
| epoch 063 | loss 5.258 | nll_loss 2.903 | ppl 7.48 | wps 59361 | ups 4 | wpb 14145.155 | bsz 1124.835 | num_updates 36215 | lr 0.000332342 | gnorm 0.188 | clip 1.000 | oom 0.000 | loss_scale 16.000 | wall 8607 | train_wall 6598
| epoch 063 | valid on 'valid' subset | loss 6.606 | nll_loss 4.241 | ppl 18.91 | num_updates 36215 | best_loss 6.60576
| epoch 064 | loss 5.255 | nll_loss 2.900 | ppl 7.46 | wps 58860 | ups 4 | wpb 14145.155 | bsz 1124.835 | num_updates 36790 | lr 0.000329735 | gnorm 0.187 | clip 1.000 | oom 0.000 | loss_scale 16.000 | wall 8746 | train_wall 6704
| epoch 064 | valid on 'valid' subset | loss 6.617 | nll_loss 4.254 | ppl 19.07 | num_updates 36790 | best_loss 6.61699
| epoch 065 | loss 5.252 | nll_loss 2.896 | ppl 7.44 | wps 59618 | ups 4 | wpb 14145.155 | bsz 1124.835 | num_updates 37365 | lr 0.000327188 | gnorm 0.185 | clip 1.000 | oom 0.000 | loss_scale 32.000 | wall 8884 | train_wall 6809
| epoch 065 | valid on 'valid' subset | loss 6.582 | nll_loss 4.208 | ppl 18.48 | num_updates 37365 | best_loss 6.58155
| WARNING: overflow detected, setting loss scale to: 16.0
| epoch 066 | loss 5.249 | nll_loss 2.892 | ppl 7.42 | wps 58936 | ups 4 | wpb 14143.690 | bsz 1122.195 | num_updates 37939 | lr 0.000324704 | gnorm 0.185 | clip 1.000 | oom 0.000 | loss_scale 16.000 | wall 9022 | train_wall 6915
| epoch 066 | valid on 'valid' subset | loss 6.594 | nll_loss 4.224 | ppl 18.69 | num_updates 37939 | best_loss 6.59412
| epoch 067 | loss 5.247 | nll_loss 2.889 | ppl 7.41 | wps 59081 | ups 4 | wpb 14145.155 | bsz 1124.835 | num_updates 38514 | lr 0.000322271 | gnorm 0.189 | clip 1.000 | oom 0.000 | loss_scale 16.000 | wall 9161 | train_wall 7021
| epoch 067 | valid on 'valid' subset | loss 6.609 | nll_loss 4.242 | ppl 18.92 | num_updates 38514 | best_loss 6.60944
| epoch 068 | loss 5.244 | nll_loss 2.886 | ppl 7.39 | wps 58672 | ups 4 | wpb 14145.155 | bsz 1124.835 | num_updates 39089 | lr 0.000319892 | gnorm 0.187 | clip 1.000 | oom 0.000 | loss_scale 16.000 | wall 9300 | train_wall 7128
| epoch 068 | valid on 'valid' subset | loss 6.602 | nll_loss 4.235 | ppl 18.83 | num_updates 39089 | best_loss 6.60232
| epoch 069 | loss 5.242 | nll_loss 2.883 | ppl 7.37 | wps 58940 | ups 4 | wpb 14145.155 | bsz 1124.835 | num_updates 39664 | lr 0.000317564 | gnorm 0.190 | clip 1.000 | oom 0.000 | loss_scale 16.000 | wall 9439 | train_wall 7234
| epoch 069 | valid on 'valid' subset | loss 6.587 | nll_loss 4.204 | ppl 18.44 | num_updates 39664 | best_loss 6.58663
| epoch 070 | loss 5.239 | nll_loss 2.880 | ppl 7.36 | wps 59532 | ups 4 | wpb 14145.155 | bsz 1124.835 | num_updates 40239 | lr 0.000315287 | gnorm 0.188 | clip 1.000 | oom 0.000 | loss_scale 16.000 | wall 9577 | train_wall 7339
| epoch 070 | valid on 'valid' subset | loss 6.581 | nll_loss 4.207 | ppl 18.47 | num_updates 40239 | best_loss 6.58125
| saved checkpoint ./checkpoints/2020-07-14T02-49-04-00-exp444-morsel-si-seed12/checkpoints_en_si/checkpoint70.pt (epoch 70 @ 40239 updates) (writing took 1.041839599609375 seconds)
| epoch 071 | loss 5.237 | nll_loss 2.876 | ppl 7.34 | wps 58987 | ups 4 | wpb 14145.155 | bsz 1124.835 | num_updates 40814 | lr 0.000313058 | gnorm 0.188 | clip 1.000 | oom 0.000 | loss_scale 16.000 | wall 9717 | train_wall 7445
| epoch 071 | valid on 'valid' subset | loss 6.573 | nll_loss 4.195 | ppl 18.31 | num_updates 40814 | best_loss 6.57286
| epoch 072 | loss 5.234 | nll_loss 2.873 | ppl 7.33 | wps 59484 | ups 4 | wpb 14145.155 | bsz 1124.835 | num_updates 41389 | lr 0.000310876 | gnorm 0.188 | clip 1.000 | oom 0.000 | loss_scale 16.000 | wall 9854 | train_wall 7551
| epoch 072 | valid on 'valid' subset | loss 6.580 | nll_loss 4.205 | ppl 18.45 | num_updates 41389 | best_loss 6.58029
| epoch 073 | loss 5.232 | nll_loss 2.870 | ppl 7.31 | wps 59306 | ups 4 | wpb 14145.155 | bsz 1124.835 | num_updates 41964 | lr 0.000308739 | gnorm 0.188 | clip 1.000 | oom 0.000 | loss_scale 32.000 | wall 9992 | train_wall 7656
| epoch 073 | valid on 'valid' subset | loss 6.576 | nll_loss 4.198 | ppl 18.36 | num_updates 41964 | best_loss 6.5758
| WARNING: overflow detected, setting loss scale to: 16.0
| epoch 074 | loss 5.230 | nll_loss 2.867 | ppl 7.3 | wps 59546 | ups 4 | wpb 14143.885 | bsz 1123.143 | num_updates 42538 | lr 0.000306649 | gnorm 0.188 | clip 1.000 | oom 0.000 | loss_scale 16.000 | wall 10129 | train_wall 7761
| epoch 074 | valid on 'valid' subset | loss 6.579 | nll_loss 4.203 | ppl 18.42 | num_updates 42538 | best_loss 6.57888
| epoch 075 | loss 5.228 | nll_loss 2.865 | ppl 7.28 | wps 59838 | ups 4 | wpb 14145.155 | bsz 1124.835 | num_updates 43113 | lr 0.000304597 | gnorm 0.188 | clip 1.000 | oom 0.000 | loss_scale 16.000 | wall 10266 | train_wall 7867
| epoch 075 | valid on 'valid' subset | loss 6.568 | nll_loss 4.187 | ppl 18.22 | num_updates 43113 | best_loss 6.56776
| epoch 076 | loss 5.226 | nll_loss 2.862 | ppl 7.27 | wps 59389 | ups 4 | wpb 14145.155 | bsz 1124.835 | num_updates 43688 | lr 0.000302586 | gnorm 0.189 | clip 1.000 | oom 0.000 | loss_scale 16.000 | wall 10404 | train_wall 7973
| epoch 076 | valid on 'valid' subset | loss 6.570 | nll_loss 4.188 | ppl 18.23 | num_updates 43688 | best_loss 6.56986
| epoch 077 | loss 5.223 | nll_loss 2.859 | ppl 7.26 | wps 58847 | ups 4 | wpb 14145.155 | bsz 1124.835 | num_updates 44263 | lr 0.000300614 | gnorm 0.188 | clip 1.000 | oom 0.000 | loss_scale 16.000 | wall 10543 | train_wall 8079
| epoch 077 | valid on 'valid' subset | loss 6.578 | nll_loss 4.206 | ppl 18.46 | num_updates 44263 | best_loss 6.57785
| epoch 078 | loss 5.221 | nll_loss 2.856 | ppl 7.24 | wps 58792 | ups 4 | wpb 14145.155 | bsz 1124.835 | num_updates 44838 | lr 0.000298681 | gnorm 0.190 | clip 1.000 | oom 0.000 | loss_scale 16.000 | wall 10682 | train_wall 8186
| epoch 078 | valid on 'valid' subset | loss 6.571 | nll_loss 4.194 | ppl 18.3 | num_updates 44838 | best_loss 6.57123
| epoch 079 | loss 5.220 | nll_loss 2.855 | ppl 7.23 | wps 58809 | ups 4 | wpb 14145.155 | bsz 1124.835 | num_updates 45413 | lr 0.000296784 | gnorm 0.188 | clip 1.000 | oom 0.000 | loss_scale 16.000 | wall 10821 | train_wall 8292
| epoch 079 | valid on 'valid' subset | loss 6.549 | nll_loss 4.166 | ppl 17.95 | num_updates 45413 | best_loss 6.5492
| epoch 080 | loss 5.217 | nll_loss 2.851 | ppl 7.22 | wps 58595 | ups 4 | wpb 14145.155 | bsz 1124.835 | num_updates 45988 | lr 0.000294922 | gnorm 0.188 | clip 1.000 | oom 0.000 | loss_scale 16.000 | wall 10961 | train_wall 8399
| epoch 080 | valid on 'valid' subset | loss 6.559 | nll_loss 4.180 | ppl 18.12 | num_updates 45988 | best_loss 6.55912
| saved checkpoint ./checkpoints/2020-07-14T02-49-04-00-exp444-morsel-si-seed12/checkpoints_en_si/checkpoint80.pt (epoch 80 @ 45988 updates) (writing took 0.9978017807006836 seconds)
| epoch 081 | loss 5.215 | nll_loss 2.849 | ppl 7.2 | wps 59191 | ups 4 | wpb 14145.155 | bsz 1124.835 | num_updates 46563 | lr 0.000293096 | gnorm 0.190 | clip 1.000 | oom 0.000 | loss_scale 32.000 | wall 11100 | train_wall 8505
| epoch 081 | valid on 'valid' subset | loss 6.550 | nll_loss 4.161 | ppl 17.89 | num_updates 46563 | best_loss 6.54974
| WARNING: overflow detected, setting loss scale to: 16.0
| epoch 082 | loss 5.213 | nll_loss 2.846 | ppl 7.19 | wps 58997 | ups 4 | wpb 14144.080 | bsz 1123.408 | num_updates 47137 | lr 0.000291306 | gnorm 0.189 | clip 1.000 | oom 0.000 | loss_scale 16.000 | wall 11239 | train_wall 8611
| epoch 082 | valid on 'valid' subset | loss 6.550 | nll_loss 4.168 | ppl 17.97 | num_updates 47137 | best_loss 6.55002
| epoch 083 | loss 5.211 | nll_loss 2.844 | ppl 7.18 | wps 58894 | ups 4 | wpb 14145.155 | bsz 1124.835 | num_updates 47712 | lr 0.000289545 | gnorm 0.188 | clip 1.000 | oom 0.000 | loss_scale 16.000 | wall 11378 | train_wall 8717
| epoch 083 | valid on 'valid' subset | loss 6.565 | nll_loss 4.185 | ppl 18.18 | num_updates 47712 | best_loss 6.55912
| epoch 084 | loss 5.209 | nll_loss 2.841 | ppl 7.17 | wps 59109 | ups 4 | wpb 14145.155 | bsz 1124.835 | num_updates 48287 | lr 0.000287816 | gnorm 0.189 | clip 1.000 | oom 0.000 | loss_scale 16.000 | wall 11516 | train_wall 8823
| epoch 084 | valid on 'valid' subset | loss 6.550 | nll_loss 4.166 | ppl 17.95 | num_updates 48287 | best_loss 6.54974
| epoch 085 | loss 5.208 | nll_loss 2.839 | ppl 7.16 | wps 58414 | ups 4 | wpb 14145.155 | bsz 1124.835 | num_updates 48862 | lr 0.000286117 | gnorm 0.190 | clip 1.000 | oom 0.000 | loss_scale 16.000 | wall 11656 | train_wall 8930
| epoch 085 | valid on 'valid' subset | loss 6.559 | nll_loss 4.179 | ppl 18.11 | num_updates 48862 | best_loss 6.55885
| epoch 086 | loss 5.206 | nll_loss 2.837 | ppl 7.14 | wps 59109 | ups 4 | wpb 14145.155 | bsz 1124.835 | num_updates 49437 | lr 0.000284449 | gnorm 0.188 | clip 1.000 | oom 0.000 | loss_scale 16.000 | wall 11795 | train_wall 9035
| epoch 086 | valid on 'valid' subset | loss 6.561 | nll_loss 4.188 | ppl 18.22 | num_updates 49437 | best_loss 6.55912
| epoch 087 | loss 5.204 | nll_loss 2.835 | ppl 7.14 | wps 59024 | ups 4 | wpb 14145.155 | bsz 1124.835 | num_updates 50012 | lr 0.000282809 | gnorm 0.189 | clip 1.000 | oom 0.000 | loss_scale 16.000 | wall 11934 | train_wall 9141
| epoch 087 | valid on 'valid' subset | loss 6.540 | nll_loss 4.153 | ppl 17.8 | num_updates 50012 | best_loss 6.53996
| epoch 088 | loss 5.202 | nll_loss 2.832 | ppl 7.12 | wps 59765 | ups 4 | wpb 14145.155 | bsz 1124.835 | num_updates 50587 | lr 0.000281197 | gnorm 0.187 | clip 1.000 | oom 0.000 | loss_scale 16.000 | wall 12070 | train_wall 9246
| epoch 088 | valid on 'valid' subset | loss 6.540 | nll_loss 4.156 | ppl 17.82 | num_updates 50587 | best_loss 6.54024
| epoch 089 | loss 5.201 | nll_loss 2.831 | ppl 7.12 | wps 59230 | ups 4 | wpb 14145.155 | bsz 1124.835 | num_updates 51162 | lr 0.000279612 | gnorm 0.190 | clip 1.000 | oom 0.000 | loss_scale 32.000 | wall 12209 | train_wall 9351
| epoch 089 | valid on 'valid' subset | loss 6.535 | nll_loss 4.150 | ppl 17.75 | num_updates 51162 | best_loss 6.53529
| epoch 090 | loss 5.198 | nll_loss 2.827 | ppl 7.1 | wps 58847 | ups 4 | wpb 14145.155 | bsz 1124.835 | num_updates 51737 | lr 0.000278054 | gnorm 0.190 | clip 1.000 | oom 0.000 | loss_scale 32.000 | wall 12348 | train_wall 9458
| epoch 090 | valid on 'valid' subset | loss 6.524 | nll_loss 4.140 | ppl 17.64 | num_updates 51737 | best_loss 6.52357
| saved checkpoint ./checkpoints/2020-07-14T02-49-04-00-exp444-morsel-si-seed12/checkpoints_en_si/checkpoint90.pt (epoch 90 @ 51737 updates) (writing took 1.0759735107421875 seconds)
| WARNING: overflow detected, setting loss scale to: 16.0
| epoch 091 | loss 5.198 | nll_loss 2.827 | ppl 7.09 | wps 58942 | ups 4 | wpb 14143.704 | bsz 1122.293 | num_updates 52311 | lr 0.000276524 | gnorm 0.189 | clip 1.000 | oom 0.000 | loss_scale 16.000 | wall 12487 | train_wall 9564
| epoch 091 | valid on 'valid' subset | loss 6.551 | nll_loss 4.170 | ppl 18 | num_updates 52311 | best_loss 6.52357
| epoch 092 | loss 5.195 | nll_loss 2.823 | ppl 7.08 | wps 59318 | ups 4 | wpb 14145.155 | bsz 1124.835 | num_updates 52886 | lr 0.000275017 | gnorm 0.188 | clip 1.000 | oom 0.000 | loss_scale 16.000 | wall 12625 | train_wall 9669
| epoch 092 | valid on 'valid' subset | loss 6.549 | nll_loss 4.167 | ppl 17.97 | num_updates 52886 | best_loss 6.52357
| epoch 093 | loss 5.194 | nll_loss 2.822 | ppl 7.07 | wps 59118 | ups 4 | wpb 14145.155 | bsz 1124.835 | num_updates 53461 | lr 0.000273534 | gnorm 0.190 | clip 1.000 | oom 0.000 | loss_scale 16.000 | wall 12764 | train_wall 9775
| epoch 093 | valid on 'valid' subset | loss 6.552 | nll_loss 4.171 | ppl 18.01 | num_updates 53461 | best_loss 6.52357
| epoch 094 | loss 5.192 | nll_loss 2.819 | ppl 7.06 | wps 58916 | ups 4 | wpb 14145.155 | bsz 1124.835 | num_updates 54036 | lr 0.000272075 | gnorm 0.189 | clip 1.000 | oom 0.000 | loss_scale 16.000 | wall 12903 | train_wall 9880
| epoch 094 | valid on 'valid' subset | loss 6.538 | nll_loss 4.149 | ppl 17.74 | num_updates 54036 | best_loss 6.52357
| epoch 095 | loss 5.190 | nll_loss 2.817 | ppl 7.05 | wps 59225 | ups 4 | wpb 14145.155 | bsz 1124.835 | num_updates 54611 | lr 0.000270639 | gnorm 0.189 | clip 1.000 | oom 0.000 | loss_scale 16.000 | wall 13041 | train_wall 9986
| epoch 095 | valid on 'valid' subset | loss 6.532 | nll_loss 4.144 | ppl 17.67 | num_updates 54611 | best_loss 6.52357
| epoch 096 | loss 5.189 | nll_loss 2.815 | ppl 7.04 | wps 59461 | ups 4 | wpb 14145.155 | bsz 1124.835 | num_updates 55186 | lr 0.000269225 | gnorm 0.190 | clip 1.000 | oom 0.000 | loss_scale 16.000 | wall 13179 | train_wall 10091
| epoch 096 | valid on 'valid' subset | loss 6.539 | nll_loss 4.153 | ppl 17.79 | num_updates 55186 | best_loss 6.52357
| epoch 097 | loss 5.188 | nll_loss 2.814 | ppl 7.03 | wps 59497 | ups 4 | wpb 14145.155 | bsz 1124.835 | num_updates 55761 | lr 0.000267833 | gnorm 0.190 | clip 1.000 | oom 0.000 | loss_scale 16.000 | wall 13316 | train_wall 10196
| epoch 097 | valid on 'valid' subset | loss 6.530 | nll_loss 4.141 | ppl 17.65 | num_updates 55761 | best_loss 6.52357
| epoch 098 | loss 5.186 | nll_loss 2.812 | ppl 7.02 | wps 58414 | ups 4 | wpb 14145.155 | bsz 1124.835 | num_updates 56336 | lr 0.000266463 | gnorm 0.189 | clip 1.000 | oom 0.000 | loss_scale 32.000 | wall 13456 | train_wall 10303
| epoch 098 | valid on 'valid' subset | loss 6.545 | nll_loss 4.166 | ppl 17.96 | num_updates 56336 | best_loss 6.52357
| WARNING: overflow detected, setting loss scale to: 16.0
| epoch 099 | loss 5.184 | nll_loss 2.809 | ppl 7.01 | wps 59619 | ups 4 | wpb 14144.749 | bsz 1122.948 | num_updates 56910 | lr 0.000265116 | gnorm 0.191 | clip 1.000 | oom 0.000 | loss_scale 16.000 | wall 13593 | train_wall 10409
| epoch 099 | valid on 'valid' subset | loss 6.531 | nll_loss 4.142 | ppl 17.65 | num_updates 56910 | best_loss 6.52357
| epoch 100 | loss 5.184 | nll_loss 2.809 | ppl 7.01 | wps 59521 | ups 4 | wpb 14145.155 | bsz 1124.835 | num_updates 57485 | lr 0.000263787 | gnorm 0.190 | clip 1.000 | oom 0.000 | loss_scale 16.000 | wall 13731 | train_wall 10514
| epoch 100 | valid on 'valid' subset | loss 6.541 | nll_loss 4.154 | ppl 17.81 | num_updates 57485 | best_loss 6.52357
| saved checkpoint ./checkpoints/2020-07-14T02-49-04-00-exp444-morsel-si-seed12/checkpoints_en_si/checkpoint100.pt (epoch 100 @ 57485 updates) (writing took 0.7377252578735352 seconds)
| done training in 13726.7 seconds
Done training.
Time at end: Tue Jul 14 10:24:47 EDT 2020
