================ FLORES BASELINE WITH CLIP_NORM=0.1, BPE=5000 AND SEED=14  ================
About to train the supervised for the following language pair: EN-SI
CHECKPOINT_DIR is set to './checkpoints/2020-05-23T00-43-04-00-exp27-bpe5000-si-051920-seed14-nonjoint/checkpoints_en_si'
Creating checkpoint directory if it doesn't exist...
Data folder is: data-bin/wiki_si_en_bpe5000_nonjoint/
Beginning training...
Time at beginning: Sat May 23 05:36:52 EDT 2020
This is train_fairseq
Namespace(activation_dropout=0.2, activation_fn='relu', adam_betas='(0.9, 0.98)', adam_eps=1e-08, adaptive_input=False, adaptive_softmax_cutoff=None, adaptive_softmax_dropout=0, arch='transformer', attention_dropout=0.2, best_checkpoint_metric='loss', bpe=None, bucket_cap_mb=25, clip_norm=0.1, cpu=False, criterion='label_smoothed_cross_entropy', cross_self_attention=False, curriculum=0, data='data-bin/wiki_si_en_bpe5000_nonjoint/', dataset_impl=None, ddp_backend='c10d', decoder_attention_heads=2, decoder_embed_dim=512, decoder_embed_path=None, decoder_ffn_embed_dim=2048, decoder_input_dim=512, decoder_layerdrop=0, decoder_layers=5, decoder_layers_to_keep=None, decoder_learned_pos=False, decoder_normalize_before=True, decoder_output_dim=512, device_id=0, disable_validation=False, distributed_backend='nccl', distributed_init_method=None, distributed_no_spawn=False, distributed_port=-1, distributed_rank=0, distributed_world_size=1, dropout=0.4, empty_cache_freq=0, encoder_attention_heads=2, encoder_embed_dim=512, encoder_embed_path=None, encoder_ffn_embed_dim=2048, encoder_layerdrop=0, encoder_layers=5, encoder_layers_to_keep=None, encoder_learned_pos=False, encoder_normalize_before=True, fast_stat_sync=False, find_unused_parameters=False, fix_batches_to_gpus=False, fixed_validation_seed=None, fp16=True, fp16_init_scale=128, fp16_scale_tolerance=0.0, fp16_scale_window=None, keep_interval_updates=-1, keep_last_epochs=-1, label_smoothing=0.2, layer_wise_attention=False, layernorm_embedding=False, lazy_load=False, left_pad_source='True', left_pad_target='False', load_alignments=False, log_format=None, log_interval=1000, lr=[0.001], lr_scheduler='inverse_sqrt', max_epoch=100, max_sentences=None, max_sentences_valid=None, max_source_positions=1024, max_target_positions=1024, max_tokens=4000, max_tokens_valid=4000, max_update=0, maximize_best_checkpoint_metric=False, memory_efficient_fp16=False, min_loss_scale=0.0001, min_lr=1e-09, no_cross_attention=False, no_epoch_checkpoints=False, no_last_checkpoints=False, no_progress_bar=False, no_save=False, no_save_optimizer_state=False, no_scale_embedding=False, no_token_positional_embeddings=False, num_workers=1, optimizer='adam', optimizer_overrides='{}', raw_text=False, required_batch_size_multiple=8, reset_dataloader=False, reset_lr_scheduler=False, reset_meters=False, reset_optimizer=False, restore_file='checkpoint_last.pt', save_dir='./checkpoints/2020-05-23T00-43-04-00-exp27-bpe5000-si-051920-seed14-nonjoint/checkpoints_en_si', save_interval=10, save_interval_updates=0, seed=14, sentence_avg=False, share_all_embeddings=True, share_decoder_input_output_embed=False, skip_invalid_size_inputs_valid_test=False, source_lang='en', target_lang='si', task='translation', tensorboard_logdir='', threshold_loss_scale=None, tokenizer=None, train_subset='train', truncate_source=False, update_freq=[4], upsample_primary=1, use_bmuf=False, user_dir=None, valid_subset='valid', validate_interval=1, warmup_init_lr=1e-07, warmup_updates=4000, weight_decay=0.0001)
| [en] dictionary: 5128 types
| [si] dictionary: 5128 types
| loaded 2898 examples from: data-bin/wiki_si_en_bpe5000_nonjoint/valid.si-en.en
| loaded 2898 examples from: data-bin/wiki_si_en_bpe5000_nonjoint/valid.si-en.si
| data-bin/wiki_si_en_bpe5000_nonjoint/ valid en-si 2898 examples
TransformerModel(
  (encoder): TransformerEncoder(
    (embed_tokens): Embedding(5128, 512, padding_idx=1)
    (embed_positions): SinusoidalPositionalEmbedding()
    (layers): ModuleList(
      (0): TransformerEncoderLayer(
        (self_attn): MultiheadAttention(
          (k_proj): Linear(in_features=512, out_features=512, bias=True)
          (v_proj): Linear(in_features=512, out_features=512, bias=True)
          (q_proj): Linear(in_features=512, out_features=512, bias=True)
          (out_proj): Linear(in_features=512, out_features=512, bias=True)
        )
        (self_attn_layer_norm): LayerNorm((512,), eps=1e-05, elementwise_affine=True)
        (fc1): Linear(in_features=512, out_features=2048, bias=True)
        (fc2): Linear(in_features=2048, out_features=512, bias=True)
        (final_layer_norm): LayerNorm((512,), eps=1e-05, elementwise_affine=True)
      )
      (1): TransformerEncoderLayer(
        (self_attn): MultiheadAttention(
          (k_proj): Linear(in_features=512, out_features=512, bias=True)
          (v_proj): Linear(in_features=512, out_features=512, bias=True)
          (q_proj): Linear(in_features=512, out_features=512, bias=True)
          (out_proj): Linear(in_features=512, out_features=512, bias=True)
        )
        (self_attn_layer_norm): LayerNorm((512,), eps=1e-05, elementwise_affine=True)
        (fc1): Linear(in_features=512, out_features=2048, bias=True)
        (fc2): Linear(in_features=2048, out_features=512, bias=True)
        (final_layer_norm): LayerNorm((512,), eps=1e-05, elementwise_affine=True)
      )
      (2): TransformerEncoderLayer(
        (self_attn): MultiheadAttention(
          (k_proj): Linear(in_features=512, out_features=512, bias=True)
          (v_proj): Linear(in_features=512, out_features=512, bias=True)
          (q_proj): Linear(in_features=512, out_features=512, bias=True)
          (out_proj): Linear(in_features=512, out_features=512, bias=True)
        )
        (self_attn_layer_norm): LayerNorm((512,), eps=1e-05, elementwise_affine=True)
        (fc1): Linear(in_features=512, out_features=2048, bias=True)
        (fc2): Linear(in_features=2048, out_features=512, bias=True)
        (final_layer_norm): LayerNorm((512,), eps=1e-05, elementwise_affine=True)
      )
      (3): TransformerEncoderLayer(
        (self_attn): MultiheadAttention(
          (k_proj): Linear(in_features=512, out_features=512, bias=True)
          (v_proj): Linear(in_features=512, out_features=512, bias=True)
          (q_proj): Linear(in_features=512, out_features=512, bias=True)
          (out_proj): Linear(in_features=512, out_features=512, bias=True)
        )
        (self_attn_layer_norm): LayerNorm((512,), eps=1e-05, elementwise_affine=True)
        (fc1): Linear(in_features=512, out_features=2048, bias=True)
        (fc2): Linear(in_features=2048, out_features=512, bias=True)
        (final_layer_norm): LayerNorm((512,), eps=1e-05, elementwise_affine=True)
      )
      (4): TransformerEncoderLayer(
        (self_attn): MultiheadAttention(
          (k_proj): Linear(in_features=512, out_features=512, bias=True)
          (v_proj): Linear(in_features=512, out_features=512, bias=True)
          (q_proj): Linear(in_features=512, out_features=512, bias=True)
          (out_proj): Linear(in_features=512, out_features=512, bias=True)
        )
        (self_attn_layer_norm): LayerNorm((512,), eps=1e-05, elementwise_affine=True)
        (fc1): Linear(in_features=512, out_features=2048, bias=True)
        (fc2): Linear(in_features=2048, out_features=512, bias=True)
        (final_layer_norm): LayerNorm((512,), eps=1e-05, elementwise_affine=True)
      )
    )
    (layer_norm): LayerNorm((512,), eps=1e-05, elementwise_affine=True)
  )
  (decoder): TransformerDecoder(
    (embed_tokens): Embedding(5128, 512, padding_idx=1)
    (embed_positions): SinusoidalPositionalEmbedding()
    (layers): ModuleList(
      (0): TransformerDecoderLayer(
        (self_attn): MultiheadAttention(
          (k_proj): Linear(in_features=512, out_features=512, bias=True)
          (v_proj): Linear(in_features=512, out_features=512, bias=True)
          (q_proj): Linear(in_features=512, out_features=512, bias=True)
          (out_proj): Linear(in_features=512, out_features=512, bias=True)
        )
        (self_attn_layer_norm): LayerNorm((512,), eps=1e-05, elementwise_affine=True)
        (encoder_attn): MultiheadAttention(
          (k_proj): Linear(in_features=512, out_features=512, bias=True)
          (v_proj): Linear(in_features=512, out_features=512, bias=True)
          (q_proj): Linear(in_features=512, out_features=512, bias=True)
          (out_proj): Linear(in_features=512, out_features=512, bias=True)
        )
        (encoder_attn_layer_norm): LayerNorm((512,), eps=1e-05, elementwise_affine=True)
        (fc1): Linear(in_features=512, out_features=2048, bias=True)
        (fc2): Linear(in_features=2048, out_features=512, bias=True)
        (final_layer_norm): LayerNorm((512,), eps=1e-05, elementwise_affine=True)
      )
      (1): TransformerDecoderLayer(
        (self_attn): MultiheadAttention(
          (k_proj): Linear(in_features=512, out_features=512, bias=True)
          (v_proj): Linear(in_features=512, out_features=512, bias=True)
          (q_proj): Linear(in_features=512, out_features=512, bias=True)
          (out_proj): Linear(in_features=512, out_features=512, bias=True)
        )
        (self_attn_layer_norm): LayerNorm((512,), eps=1e-05, elementwise_affine=True)
        (encoder_attn): MultiheadAttention(
          (k_proj): Linear(in_features=512, out_features=512, bias=True)
          (v_proj): Linear(in_features=512, out_features=512, bias=True)
          (q_proj): Linear(in_features=512, out_features=512, bias=True)
          (out_proj): Linear(in_features=512, out_features=512, bias=True)
        )
        (encoder_attn_layer_norm): LayerNorm((512,), eps=1e-05, elementwise_affine=True)
        (fc1): Linear(in_features=512, out_features=2048, bias=True)
        (fc2): Linear(in_features=2048, out_features=512, bias=True)
        (final_layer_norm): LayerNorm((512,), eps=1e-05, elementwise_affine=True)
      )
      (2): TransformerDecoderLayer(
        (self_attn): MultiheadAttention(
          (k_proj): Linear(in_features=512, out_features=512, bias=True)
          (v_proj): Linear(in_features=512, out_features=512, bias=True)
          (q_proj): Linear(in_features=512, out_features=512, bias=True)
          (out_proj): Linear(in_features=512, out_features=512, bias=True)
        )
        (self_attn_layer_norm): LayerNorm((512,), eps=1e-05, elementwise_affine=True)
        (encoder_attn): MultiheadAttention(
          (k_proj): Linear(in_features=512, out_features=512, bias=True)
          (v_proj): Linear(in_features=512, out_features=512, bias=True)
          (q_proj): Linear(in_features=512, out_features=512, bias=True)
          (out_proj): Linear(in_features=512, out_features=512, bias=True)
        )
        (encoder_attn_layer_norm): LayerNorm((512,), eps=1e-05, elementwise_affine=True)
        (fc1): Linear(in_features=512, out_features=2048, bias=True)
        (fc2): Linear(in_features=2048, out_features=512, bias=True)
        (final_layer_norm): LayerNorm((512,), eps=1e-05, elementwise_affine=True)
      )
      (3): TransformerDecoderLayer(
        (self_attn): MultiheadAttention(
          (k_proj): Linear(in_features=512, out_features=512, bias=True)
          (v_proj): Linear(in_features=512, out_features=512, bias=True)
          (q_proj): Linear(in_features=512, out_features=512, bias=True)
          (out_proj): Linear(in_features=512, out_features=512, bias=True)
        )
        (self_attn_layer_norm): LayerNorm((512,), eps=1e-05, elementwise_affine=True)
        (encoder_attn): MultiheadAttention(
          (k_proj): Linear(in_features=512, out_features=512, bias=True)
          (v_proj): Linear(in_features=512, out_features=512, bias=True)
          (q_proj): Linear(in_features=512, out_features=512, bias=True)
          (out_proj): Linear(in_features=512, out_features=512, bias=True)
        )
        (encoder_attn_layer_norm): LayerNorm((512,), eps=1e-05, elementwise_affine=True)
        (fc1): Linear(in_features=512, out_features=2048, bias=True)
        (fc2): Linear(in_features=2048, out_features=512, bias=True)
        (final_layer_norm): LayerNorm((512,), eps=1e-05, elementwise_affine=True)
      )
      (4): TransformerDecoderLayer(
        (self_attn): MultiheadAttention(
          (k_proj): Linear(in_features=512, out_features=512, bias=True)
          (v_proj): Linear(in_features=512, out_features=512, bias=True)
          (q_proj): Linear(in_features=512, out_features=512, bias=True)
          (out_proj): Linear(in_features=512, out_features=512, bias=True)
        )
        (self_attn_layer_norm): LayerNorm((512,), eps=1e-05, elementwise_affine=True)
        (encoder_attn): MultiheadAttention(
          (k_proj): Linear(in_features=512, out_features=512, bias=True)
          (v_proj): Linear(in_features=512, out_features=512, bias=True)
          (q_proj): Linear(in_features=512, out_features=512, bias=True)
          (out_proj): Linear(in_features=512, out_features=512, bias=True)
        )
        (encoder_attn_layer_norm): LayerNorm((512,), eps=1e-05, elementwise_affine=True)
        (fc1): Linear(in_features=512, out_features=2048, bias=True)
        (fc2): Linear(in_features=2048, out_features=512, bias=True)
        (final_layer_norm): LayerNorm((512,), eps=1e-05, elementwise_affine=True)
      )
    )
    (layer_norm): LayerNorm((512,), eps=1e-05, elementwise_affine=True)
  )
)
| model transformer, criterion LabelSmoothedCrossEntropyCriterion
| num. model params: 39409664 (num. trained: 39409664)
| training on 1 GPUs
| max tokens per GPU = 4000 and max sentences per GPU = None
| no existing checkpoint found ./checkpoints/2020-05-23T00-43-04-00-exp27-bpe5000-si-051920-seed14-nonjoint/checkpoints_en_si/checkpoint_last.pt
| loading train data for epoch 0
| loaded 646722 examples from: data-bin/wiki_si_en_bpe5000_nonjoint/train.si-en.en
| loaded 646722 examples from: data-bin/wiki_si_en_bpe5000_nonjoint/train.si-en.si
| data-bin/wiki_si_en_bpe5000_nonjoint/ train en-si 646722 examples
| WARNING: overflow detected, setting loss scale to: 64.0
| WARNING: overflow detected, setting loss scale to: 32.0
| WARNING: overflow detected, setting loss scale to: 16.0
| epoch 001 | loss 9.972 | nll_loss 9.089 | ppl 544.59 | wps 35838 | ups 4 | wpb 8647.657 | bsz 884.889 | num_updates 727 | lr 0.000181832 | gnorm 0.854 | clip 1.000 | oom 0.000 | loss_scale 16.000 | wall 175 | train_wall 140
| epoch 001 | valid on 'valid' subset | loss 10.819 | nll_loss 10.145 | ppl 1132.09 | num_updates 727
| epoch 002 | loss 8.642 | nll_loss 7.293 | ppl 156.8 | wps 37192 | ups 4 | wpb 8647.808 | bsz 885.921 | num_updates 1457 | lr 0.000364314 | gnorm 0.577 | clip 1.000 | oom 0.000 | loss_scale 16.000 | wall 346 | train_wall 280
| epoch 002 | valid on 'valid' subset | loss 10.026 | nll_loss 8.952 | ppl 495.37 | num_updates 1457
| epoch 003 | loss 7.843 | nll_loss 6.211 | ppl 74.08 | wps 37464 | ups 4 | wpb 8647.808 | bsz 885.921 | num_updates 2187 | lr 0.000546795 | gnorm 0.479 | clip 1.000 | oom 0.000 | loss_scale 16.000 | wall 515 | train_wall 418
| epoch 003 | valid on 'valid' subset | loss 9.457 | nll_loss 8.125 | ppl 279.24 | num_updates 2187
| epoch 004 | loss 7.366 | nll_loss 5.571 | ppl 47.54 | wps 37230 | ups 4 | wpb 8647.808 | bsz 885.921 | num_updates 2917 | lr 0.000729277 | gnorm 0.432 | clip 1.000 | oom 0.000 | loss_scale 16.000 | wall 686 | train_wall 557
| epoch 004 | valid on 'valid' subset | loss 9.085 | nll_loss 7.613 | ppl 195.79 | num_updates 2917
| epoch 005 | loss 7.066 | nll_loss 5.172 | ppl 36.06 | wps 37209 | ups 4 | wpb 8647.808 | bsz 885.921 | num_updates 3647 | lr 0.000911759 | gnorm 0.399 | clip 1.000 | oom 0.000 | loss_scale 16.000 | wall 856 | train_wall 697
| epoch 005 | valid on 'valid' subset | loss 8.959 | nll_loss 7.404 | ppl 169.41 | num_updates 3647
| epoch 006 | loss 6.860 | nll_loss 4.902 | ppl 29.9 | wps 37412 | ups 4 | wpb 8647.808 | bsz 885.921 | num_updates 4377 | lr 0.000955964 | gnorm 0.357 | clip 1.000 | oom 0.000 | loss_scale 32.000 | wall 1026 | train_wall 836
| epoch 006 | valid on 'valid' subset | loss 8.715 | nll_loss 7.073 | ppl 134.62 | num_updates 4377
| WARNING: overflow detected, setting loss scale to: 16.0
| epoch 007 | loss 6.675 | nll_loss 4.660 | ppl 25.28 | wps 37360 | ups 4 | wpb 8651.822 | bsz 885.391 | num_updates 5106 | lr 0.000885094 | gnorm 0.325 | clip 1.000 | oom 0.000 | loss_scale 16.000 | wall 1196 | train_wall 974
| epoch 007 | valid on 'valid' subset | loss 8.445 | nll_loss 6.722 | ppl 105.57 | num_updates 5106
| epoch 008 | loss 6.539 | nll_loss 4.484 | ppl 22.37 | wps 37228 | ups 4 | wpb 8647.808 | bsz 885.921 | num_updates 5836 | lr 0.000827889 | gnorm 0.306 | clip 1.000 | oom 0.000 | loss_scale 16.000 | wall 1366 | train_wall 1114
| epoch 008 | valid on 'valid' subset | loss 8.296 | nll_loss 6.506 | ppl 90.87 | num_updates 5836
| epoch 009 | loss 6.437 | nll_loss 4.351 | ppl 20.4 | wps 37128 | ups 4 | wpb 8647.808 | bsz 885.921 | num_updates 6566 | lr 0.000780512 | gnorm 0.294 | clip 1.000 | oom 0.000 | loss_scale 16.000 | wall 1537 | train_wall 1253
| epoch 009 | valid on 'valid' subset | loss 8.235 | nll_loss 6.410 | ppl 85.02 | num_updates 6566
| epoch 010 | loss 6.357 | nll_loss 4.247 | ppl 18.99 | wps 37157 | ups 4 | wpb 8647.808 | bsz 885.921 | num_updates 7296 | lr 0.000740436 | gnorm 0.283 | clip 1.000 | oom 0.000 | loss_scale 16.000 | wall 1708 | train_wall 1392
| epoch 010 | valid on 'valid' subset | loss 8.126 | nll_loss 6.256 | ppl 76.42 | num_updates 7296
| saved checkpoint ./checkpoints/2020-05-23T00-43-04-00-exp27-bpe5000-si-051920-seed14-nonjoint/checkpoints_en_si/checkpoint10.pt (epoch 10 @ 7296 updates) (writing took 0.7207028865814209 seconds)
| epoch 011 | loss 6.291 | nll_loss 4.162 | ppl 17.9 | wps 37518 | ups 4 | wpb 8647.808 | bsz 885.921 | num_updates 8026 | lr 0.000705961 | gnorm 0.275 | clip 1.000 | oom 0.000 | loss_scale 16.000 | wall 1878 | train_wall 1531
| epoch 011 | valid on 'valid' subset | loss 8.043 | nll_loss 6.138 | ppl 70.43 | num_updates 8026 | best_loss 8.04343
| epoch 012 | loss 6.239 | nll_loss 4.094 | ppl 17.08 | wps 37266 | ups 4 | wpb 8647.808 | bsz 885.921 | num_updates 8756 | lr 0.000675892 | gnorm 0.271 | clip 1.000 | oom 0.000 | loss_scale 16.000 | wall 2048 | train_wall 1670
| epoch 012 | valid on 'valid' subset | loss 7.997 | nll_loss 6.056 | ppl 66.54 | num_updates 8756 | best_loss 7.99699
| epoch 013 | loss 6.195 | nll_loss 4.037 | ppl 16.42 | wps 37533 | ups 4 | wpb 8647.808 | bsz 885.921 | num_updates 9486 | lr 0.000649364 | gnorm 0.267 | clip 1.000 | oom 0.000 | loss_scale 32.000 | wall 2217 | train_wall 1808
| epoch 013 | valid on 'valid' subset | loss 7.911 | nll_loss 5.957 | ppl 62.11 | num_updates 9486 | best_loss 7.91106
| epoch 014 | loss 6.156 | nll_loss 3.987 | ppl 15.85 | wps 37360 | ups 4 | wpb 8647.808 | bsz 885.921 | num_updates 10216 | lr 0.000625734 | gnorm 0.262 | clip 1.000 | oom 0.000 | loss_scale 32.000 | wall 2387 | train_wall 1946
| epoch 014 | valid on 'valid' subset | loss 7.841 | nll_loss 5.840 | ppl 57.29 | num_updates 10216 | best_loss 7.84079
| epoch 015 | loss 6.122 | nll_loss 3.943 | ppl 15.38 | wps 37274 | ups 4 | wpb 8647.808 | bsz 885.921 | num_updates 10946 | lr 0.000604508 | gnorm 0.259 | clip 1.000 | oom 0.000 | loss_scale 32.000 | wall 2557 | train_wall 2086
| epoch 015 | valid on 'valid' subset | loss 7.839 | nll_loss 5.837 | ppl 57.15 | num_updates 10946 | best_loss 7.83907
| WARNING: overflow detected, setting loss scale to: 16.0
| epoch 016 | loss 6.090 | nll_loss 3.901 | ppl 14.94 | wps 37270 | ups 4 | wpb 8648.159 | bsz 884.228 | num_updates 11675 | lr 0.000585331 | gnorm 0.256 | clip 1.000 | oom 0.000 | loss_scale 16.000 | wall 2727 | train_wall 2225
| epoch 016 | valid on 'valid' subset | loss 7.782 | nll_loss 5.759 | ppl 54.14 | num_updates 11675 | best_loss 7.78192
| epoch 017 | loss 6.063 | nll_loss 3.866 | ppl 14.58 | wps 37173 | ups 4 | wpb 8647.808 | bsz 885.921 | num_updates 12405 | lr 0.000567847 | gnorm 0.254 | clip 1.000 | oom 0.000 | loss_scale 16.000 | wall 2898 | train_wall 2365
| epoch 017 | valid on 'valid' subset | loss 7.767 | nll_loss 5.739 | ppl 53.4 | num_updates 12405 | best_loss 7.76652
| epoch 018 | loss 6.041 | nll_loss 3.837 | ppl 14.29 | wps 37022 | ups 4 | wpb 8647.808 | bsz 885.921 | num_updates 13135 | lr 0.000551842 | gnorm 0.255 | clip 1.000 | oom 0.000 | loss_scale 16.000 | wall 3069 | train_wall 2504
| epoch 018 | valid on 'valid' subset | loss 7.681 | nll_loss 5.614 | ppl 48.98 | num_updates 13135 | best_loss 7.68078
| epoch 019 | loss 6.017 | nll_loss 3.806 | ppl 13.99 | wps 36857 | ups 4 | wpb 8647.808 | bsz 885.921 | num_updates 13865 | lr 0.000537118 | gnorm 0.251 | clip 1.000 | oom 0.000 | loss_scale 16.000 | wall 3241 | train_wall 2644
| epoch 019 | valid on 'valid' subset | loss 7.706 | nll_loss 5.650 | ppl 50.21 | num_updates 13865 | best_loss 7.70637
| epoch 020 | loss 5.997 | nll_loss 3.780 | ppl 13.74 | wps 37156 | ups 4 | wpb 8647.808 | bsz 885.921 | num_updates 14595 | lr 0.000523514 | gnorm 0.252 | clip 1.000 | oom 0.000 | loss_scale 16.000 | wall 3412 | train_wall 2783
| epoch 020 | valid on 'valid' subset | loss 7.647 | nll_loss 5.558 | ppl 47.12 | num_updates 14595 | best_loss 7.64735
| saved checkpoint ./checkpoints/2020-05-23T00-43-04-00-exp27-bpe5000-si-051920-seed14-nonjoint/checkpoints_en_si/checkpoint20.pt (epoch 20 @ 14595 updates) (writing took 0.9980258941650391 seconds)
| epoch 021 | loss 5.979 | nll_loss 3.757 | ppl 13.52 | wps 37174 | ups 4 | wpb 8647.808 | bsz 885.921 | num_updates 15325 | lr 0.000510893 | gnorm 0.251 | clip 1.000 | oom 0.000 | loss_scale 16.000 | wall 3584 | train_wall 2923
| epoch 021 | valid on 'valid' subset | loss 7.643 | nll_loss 5.569 | ppl 47.47 | num_updates 15325 | best_loss 7.64291
| epoch 022 | loss 5.961 | nll_loss 3.734 | ppl 13.31 | wps 37116 | ups 4 | wpb 8647.808 | bsz 885.921 | num_updates 16055 | lr 0.000499143 | gnorm 0.249 | clip 1.000 | oom 0.000 | loss_scale 32.000 | wall 3755 | train_wall 3063
| epoch 022 | valid on 'valid' subset | loss 7.655 | nll_loss 5.573 | ppl 47.61 | num_updates 16055 | best_loss 7.64735
| epoch 023 | loss 5.946 | nll_loss 3.714 | ppl 13.13 | wps 37106 | ups 4 | wpb 8647.808 | bsz 885.921 | num_updates 16785 | lr 0.000488168 | gnorm 0.249 | clip 1.000 | oom 0.000 | loss_scale 32.000 | wall 3926 | train_wall 3202
| epoch 023 | valid on 'valid' subset | loss 7.617 | nll_loss 5.525 | ppl 46.06 | num_updates 16785 | best_loss 7.61695
| epoch 024 | loss 5.931 | nll_loss 3.695 | ppl 12.95 | wps 37557 | ups 4 | wpb 8647.808 | bsz 885.921 | num_updates 17515 | lr 0.000477887 | gnorm 0.247 | clip 1.000 | oom 0.000 | loss_scale 32.000 | wall 4095 | train_wall 3341
| epoch 024 | valid on 'valid' subset | loss 7.617 | nll_loss 5.518 | ppl 45.82 | num_updates 17515 | best_loss 7.61702
| epoch 025 | loss 5.916 | nll_loss 3.676 | ppl 12.78 | wps 37279 | ups 4 | wpb 8647.808 | bsz 885.921 | num_updates 18245 | lr 0.000468229 | gnorm 0.246 | clip 1.000 | oom 0.000 | loss_scale 32.000 | wall 4265 | train_wall 3480
| epoch 025 | valid on 'valid' subset | loss 7.586 | nll_loss 5.490 | ppl 44.95 | num_updates 18245 | best_loss 7.58639
| epoch 026 | loss 5.903 | nll_loss 3.659 | ppl 12.64 | wps 37294 | ups 4 | wpb 8647.808 | bsz 885.921 | num_updates 18975 | lr 0.000459134 | gnorm 0.247 | clip 1.000 | oom 0.000 | loss_scale 32.000 | wall 4435 | train_wall 3619
| epoch 026 | valid on 'valid' subset | loss 7.557 | nll_loss 5.440 | ppl 43.42 | num_updates 18975 | best_loss 7.55681
| WARNING: overflow detected, setting loss scale to: 32.0
| epoch 027 | loss 5.890 | nll_loss 3.641 | ppl 12.48 | wps 37225 | ups 4 | wpb 8648.516 | bsz 885.556 | num_updates 19704 | lr 0.00045056 | gnorm 0.244 | clip 1.000 | oom 0.000 | loss_scale 32.000 | wall 4605 | train_wall 3758
| epoch 027 | valid on 'valid' subset | loss 7.561 | nll_loss 5.442 | ppl 43.49 | num_updates 19704 | best_loss 7.56095
| epoch 028 | loss 5.880 | nll_loss 3.630 | ppl 12.38 | wps 37141 | ups 4 | wpb 8647.808 | bsz 885.921 | num_updates 20434 | lr 0.000442439 | gnorm 0.247 | clip 1.000 | oom 0.000 | loss_scale 32.000 | wall 4776 | train_wall 3897
| epoch 028 | valid on 'valid' subset | loss 7.541 | nll_loss 5.410 | ppl 42.52 | num_updates 20434 | best_loss 7.54136
| epoch 029 | loss 5.868 | nll_loss 3.614 | ppl 12.24 | wps 37073 | ups 4 | wpb 8647.808 | bsz 885.921 | num_updates 21164 | lr 0.000434742 | gnorm 0.245 | clip 1.000 | oom 0.000 | loss_scale 32.000 | wall 4947 | train_wall 4036
| epoch 029 | valid on 'valid' subset | loss 7.515 | nll_loss 5.369 | ppl 41.33 | num_updates 21164 | best_loss 7.51465
| epoch 030 | loss 5.858 | nll_loss 3.600 | ppl 12.12 | wps 37419 | ups 4 | wpb 8647.808 | bsz 885.921 | num_updates 21894 | lr 0.000427432 | gnorm 0.244 | clip 1.000 | oom 0.000 | loss_scale 32.000 | wall 5117 | train_wall 4175
| epoch 030 | valid on 'valid' subset | loss 7.502 | nll_loss 5.350 | ppl 40.8 | num_updates 21894 | best_loss 7.5017
| saved checkpoint ./checkpoints/2020-05-23T00-43-04-00-exp27-bpe5000-si-051920-seed14-nonjoint/checkpoints_en_si/checkpoint30.pt (epoch 30 @ 21894 updates) (writing took 1.0020034313201904 seconds)
| epoch 031 | loss 5.848 | nll_loss 3.587 | ppl 12.02 | wps 37141 | ups 4 | wpb 8647.808 | bsz 885.921 | num_updates 22624 | lr 0.00042048 | gnorm 0.245 | clip 1.000 | oom 0.000 | loss_scale 32.000 | wall 5289 | train_wall 4314
| epoch 031 | valid on 'valid' subset | loss 7.543 | nll_loss 5.414 | ppl 42.64 | num_updates 22624 | best_loss 7.5017
| epoch 032 | loss 5.840 | nll_loss 3.576 | ppl 11.93 | wps 37473 | ups 4 | wpb 8647.808 | bsz 885.921 | num_updates 23354 | lr 0.000413856 | gnorm 0.246 | clip 1.000 | oom 0.000 | loss_scale 32.000 | wall 5458 | train_wall 4453
| epoch 032 | valid on 'valid' subset | loss 7.498 | nll_loss 5.350 | ppl 40.79 | num_updates 23354 | best_loss 7.49791
| epoch 033 | loss 5.830 | nll_loss 3.564 | ppl 11.83 | wps 37588 | ups 4 | wpb 8647.808 | bsz 885.921 | num_updates 24084 | lr 0.000407536 | gnorm 0.246 | clip 1.000 | oom 0.000 | loss_scale 64.000 | wall 5627 | train_wall 4591
| epoch 033 | valid on 'valid' subset | loss 7.469 | nll_loss 5.316 | ppl 39.84 | num_updates 24084 | best_loss 7.46914
| WARNING: overflow detected, setting loss scale to: 32.0
| epoch 034 | loss 5.822 | nll_loss 3.554 | ppl 11.75 | wps 37363 | ups 4 | wpb 8643.594 | bsz 884.316 | num_updates 24813 | lr 0.000401504 | gnorm 0.245 | clip 1.000 | oom 0.000 | loss_scale 32.000 | wall 5796 | train_wall 4730
| epoch 034 | valid on 'valid' subset | loss 7.481 | nll_loss 5.325 | ppl 40.1 | num_updates 24813 | best_loss 7.48107
| epoch 035 | loss 5.813 | nll_loss 3.542 | ppl 11.65 | wps 37343 | ups 4 | wpb 8647.808 | bsz 885.921 | num_updates 25543 | lr 0.000395726 | gnorm 0.244 | clip 1.000 | oom 0.000 | loss_scale 32.000 | wall 5966 | train_wall 4869
| epoch 035 | valid on 'valid' subset | loss 7.468 | nll_loss 5.306 | ppl 39.55 | num_updates 25543 | best_loss 7.468
| epoch 036 | loss 5.806 | nll_loss 3.532 | ppl 11.57 | wps 37310 | ups 4 | wpb 8647.808 | bsz 885.921 | num_updates 26273 | lr 0.000390189 | gnorm 0.245 | clip 1.000 | oom 0.000 | loss_scale 32.000 | wall 6136 | train_wall 5008
| epoch 036 | valid on 'valid' subset | loss 7.457 | nll_loss 5.295 | ppl 39.25 | num_updates 26273 | best_loss 7.45714
| epoch 037 | loss 5.799 | nll_loss 3.524 | ppl 11.5 | wps 37012 | ups 4 | wpb 8647.808 | bsz 885.921 | num_updates 27003 | lr 0.000384879 | gnorm 0.246 | clip 1.000 | oom 0.000 | loss_scale 32.000 | wall 6308 | train_wall 5147
| epoch 037 | valid on 'valid' subset | loss 7.467 | nll_loss 5.294 | ppl 39.24 | num_updates 27003 | best_loss 7.46739
| WARNING: overflow detected, setting loss scale to: 16.0
| epoch 038 | loss 5.790 | nll_loss 3.513 | ppl 11.41 | wps 36950 | ups 4 | wpb 8648.171 | bsz 885.863 | num_updates 27732 | lr 0.000379786 | gnorm 0.244 | clip 1.000 | oom 0.000 | loss_scale 16.000 | wall 6479 | train_wall 5286
| epoch 038 | valid on 'valid' subset | loss 7.434 | nll_loss 5.256 | ppl 38.21 | num_updates 27732 | best_loss 7.43408
| epoch 039 | loss 5.784 | nll_loss 3.504 | ppl 11.35 | wps 37423 | ups 4 | wpb 8647.808 | bsz 885.921 | num_updates 28462 | lr 0.000374884 | gnorm 0.247 | clip 1.000 | oom 0.000 | loss_scale 16.000 | wall 6649 | train_wall 5425
| epoch 039 | valid on 'valid' subset | loss 7.422 | nll_loss 5.246 | ppl 37.94 | num_updates 28462 | best_loss 7.42174
| epoch 040 | loss 5.778 | nll_loss 3.496 | ppl 11.29 | wps 37607 | ups 4 | wpb 8647.808 | bsz 885.921 | num_updates 29192 | lr 0.000370167 | gnorm 0.246 | clip 1.000 | oom 0.000 | loss_scale 16.000 | wall 6818 | train_wall 5564
| epoch 040 | valid on 'valid' subset | loss 7.414 | nll_loss 5.230 | ppl 37.52 | num_updates 29192 | best_loss 7.4141
| saved checkpoint ./checkpoints/2020-05-23T00-43-04-00-exp27-bpe5000-si-051920-seed14-nonjoint/checkpoints_en_si/checkpoint40.pt (epoch 40 @ 29192 updates) (writing took 1.0288498401641846 seconds)
| epoch 041 | loss 5.771 | nll_loss 3.487 | ppl 11.21 | wps 37144 | ups 4 | wpb 8647.808 | bsz 885.921 | num_updates 29922 | lr 0.000365624 | gnorm 0.245 | clip 1.000 | oom 0.000 | loss_scale 16.000 | wall 6990 | train_wall 5703
| epoch 041 | valid on 'valid' subset | loss 7.415 | nll_loss 5.230 | ppl 37.53 | num_updates 29922 | best_loss 7.4141
| epoch 042 | loss 5.765 | nll_loss 3.479 | ppl 11.15 | wps 37236 | ups 4 | wpb 8647.808 | bsz 885.921 | num_updates 30652 | lr 0.000361244 | gnorm 0.245 | clip 1.000 | oom 0.000 | loss_scale 16.000 | wall 7160 | train_wall 5842
| epoch 042 | valid on 'valid' subset | loss 7.438 | nll_loss 5.257 | ppl 38.25 | num_updates 30652 | best_loss 7.4141
| epoch 043 | loss 5.758 | nll_loss 3.471 | ppl 11.09 | wps 37534 | ups 4 | wpb 8647.808 | bsz 885.921 | num_updates 31382 | lr 0.000357018 | gnorm 0.245 | clip 1.000 | oom 0.000 | loss_scale 16.000 | wall 7329 | train_wall 5981
| epoch 043 | valid on 'valid' subset | loss 7.420 | nll_loss 5.234 | ppl 37.62 | num_updates 31382 | best_loss 7.4141
| epoch 044 | loss 5.754 | nll_loss 3.465 | ppl 11.04 | wps 37324 | ups 4 | wpb 8647.808 | bsz 885.921 | num_updates 32112 | lr 0.000352936 | gnorm 0.247 | clip 1.000 | oom 0.000 | loss_scale 32.000 | wall 7499 | train_wall 6120
| epoch 044 | valid on 'valid' subset | loss 7.422 | nll_loss 5.239 | ppl 37.75 | num_updates 32112 | best_loss 7.4141
| epoch 045 | loss 5.748 | nll_loss 3.458 | ppl 10.99 | wps 37598 | ups 4 | wpb 8647.808 | bsz 885.921 | num_updates 32842 | lr 0.000348992 | gnorm 0.245 | clip 1.000 | oom 0.000 | loss_scale 32.000 | wall 7668 | train_wall 6259
| epoch 045 | valid on 'valid' subset | loss 7.393 | nll_loss 5.204 | ppl 36.86 | num_updates 32842 | best_loss 7.3932
| epoch 046 | loss 5.742 | nll_loss 3.449 | ppl 10.92 | wps 37494 | ups 4 | wpb 8647.808 | bsz 885.921 | num_updates 33572 | lr 0.000345177 | gnorm 0.246 | clip 1.000 | oom 0.000 | loss_scale 32.000 | wall 7837 | train_wall 6397
| epoch 046 | valid on 'valid' subset | loss 7.393 | nll_loss 5.204 | ppl 36.86 | num_updates 33572 | best_loss 7.39348
| epoch 047 | loss 5.737 | nll_loss 3.443 | ppl 10.87 | wps 37455 | ups 4 | wpb 8647.808 | bsz 885.921 | num_updates 34302 | lr 0.000341484 | gnorm 0.247 | clip 1.000 | oom 0.000 | loss_scale 32.000 | wall 8006 | train_wall 6537
| epoch 047 | valid on 'valid' subset | loss 7.387 | nll_loss 5.187 | ppl 36.42 | num_updates 34302 | best_loss 7.38704
| epoch 048 | loss 5.732 | nll_loss 3.437 | ppl 10.83 | wps 37160 | ups 4 | wpb 8647.808 | bsz 885.921 | num_updates 35032 | lr 0.000337907 | gnorm 0.247 | clip 1.000 | oom 0.000 | loss_scale 32.000 | wall 8177 | train_wall 6675
| epoch 048 | valid on 'valid' subset | loss 7.376 | nll_loss 5.181 | ppl 36.27 | num_updates 35032 | best_loss 7.37555
| epoch 049 | loss 5.727 | nll_loss 3.429 | ppl 10.77 | wps 37291 | ups 4 | wpb 8647.808 | bsz 885.921 | num_updates 35762 | lr 0.000334441 | gnorm 0.248 | clip 1.000 | oom 0.000 | loss_scale 32.000 | wall 8347 | train_wall 6814
| epoch 049 | valid on 'valid' subset | loss 7.388 | nll_loss 5.186 | ppl 36.39 | num_updates 35762 | best_loss 7.38803
| WARNING: overflow detected, setting loss scale to: 32.0
| epoch 050 | loss 5.722 | nll_loss 3.424 | ppl 10.73 | wps 37016 | ups 4 | wpb 8647.632 | bsz 884.809 | num_updates 36491 | lr 0.000331083 | gnorm 0.248 | clip 1.000 | oom 0.000 | loss_scale 32.000 | wall 8518 | train_wall 6954
| epoch 050 | valid on 'valid' subset | loss 7.357 | nll_loss 5.159 | ppl 35.73 | num_updates 36491 | best_loss 7.35692
| saved checkpoint ./checkpoints/2020-05-23T00-43-04-00-exp27-bpe5000-si-051920-seed14-nonjoint/checkpoints_en_si/checkpoint50.pt (epoch 50 @ 36491 updates) (writing took 1.0093634128570557 seconds)
| epoch 051 | loss 5.717 | nll_loss 3.417 | ppl 10.68 | wps 37336 | ups 4 | wpb 8647.808 | bsz 885.921 | num_updates 37221 | lr 0.00032782 | gnorm 0.247 | clip 1.000 | oom 0.000 | loss_scale 32.000 | wall 8689 | train_wall 7093
| epoch 051 | valid on 'valid' subset | loss 7.360 | nll_loss 5.159 | ppl 35.73 | num_updates 37221 | best_loss 7.35692
| epoch 052 | loss 5.713 | nll_loss 3.411 | ppl 10.64 | wps 37592 | ups 4 | wpb 8647.808 | bsz 885.921 | num_updates 37951 | lr 0.000324652 | gnorm 0.249 | clip 1.000 | oom 0.000 | loss_scale 32.000 | wall 8858 | train_wall 7232
| epoch 052 | valid on 'valid' subset | loss 7.360 | nll_loss 5.166 | ppl 35.9 | num_updates 37951 | best_loss 7.35692
| epoch 053 | loss 5.709 | nll_loss 3.407 | ppl 10.61 | wps 37185 | ups 4 | wpb 8647.808 | bsz 885.921 | num_updates 38681 | lr 0.000321574 | gnorm 0.248 | clip 1.000 | oom 0.000 | loss_scale 32.000 | wall 9029 | train_wall 7371
| epoch 053 | valid on 'valid' subset | loss 7.364 | nll_loss 5.162 | ppl 35.8 | num_updates 38681 | best_loss 7.35692
| epoch 054 | loss 5.704 | nll_loss 3.400 | ppl 10.55 | wps 37232 | ups 4 | wpb 8647.808 | bsz 885.921 | num_updates 39411 | lr 0.000318582 | gnorm 0.247 | clip 1.000 | oom 0.000 | loss_scale 32.000 | wall 9199 | train_wall 7510
| epoch 054 | valid on 'valid' subset | loss 7.351 | nll_loss 5.147 | ppl 35.43 | num_updates 39411 | best_loss 7.35067
| epoch 055 | loss 5.700 | nll_loss 3.395 | ppl 10.52 | wps 37115 | ups 4 | wpb 8647.808 | bsz 885.921 | num_updates 40141 | lr 0.000315672 | gnorm 0.248 | clip 1.000 | oom 0.000 | loss_scale 32.000 | wall 9370 | train_wall 7649
| epoch 055 | valid on 'valid' subset | loss 7.343 | nll_loss 5.133 | ppl 35.08 | num_updates 40141 | best_loss 7.34323
| WARNING: overflow detected, setting loss scale to: 32.0
| epoch 056 | loss 5.696 | nll_loss 3.390 | ppl 10.48 | wps 37291 | ups 4 | wpb 8647.266 | bsz 884.743 | num_updates 40870 | lr 0.000312844 | gnorm 0.247 | clip 1.000 | oom 0.000 | loss_scale 32.000 | wall 9540 | train_wall 7788
| epoch 056 | valid on 'valid' subset | loss 7.348 | nll_loss 5.142 | ppl 35.32 | num_updates 40870 | best_loss 7.34819
| epoch 057 | loss 5.692 | nll_loss 3.384 | ppl 10.44 | wps 37358 | ups 4 | wpb 8647.808 | bsz 885.921 | num_updates 41600 | lr 0.000310087 | gnorm 0.249 | clip 1.000 | oom 0.000 | loss_scale 32.000 | wall 9710 | train_wall 7927
| epoch 057 | valid on 'valid' subset | loss 7.327 | nll_loss 5.108 | ppl 34.49 | num_updates 41600 | best_loss 7.32671
| epoch 058 | loss 5.689 | nll_loss 3.380 | ppl 10.41 | wps 37405 | ups 4 | wpb 8647.808 | bsz 885.921 | num_updates 42330 | lr 0.000307401 | gnorm 0.249 | clip 1.000 | oom 0.000 | loss_scale 32.000 | wall 9879 | train_wall 8066
| epoch 058 | valid on 'valid' subset | loss 7.335 | nll_loss 5.119 | ppl 34.74 | num_updates 42330 | best_loss 7.33535
| epoch 059 | loss 5.685 | nll_loss 3.375 | ppl 10.38 | wps 37406 | ups 4 | wpb 8647.808 | bsz 885.921 | num_updates 43060 | lr 0.000304785 | gnorm 0.250 | clip 1.000 | oom 0.000 | loss_scale 32.000 | wall 10049 | train_wall 8205
| epoch 059 | valid on 'valid' subset | loss 7.360 | nll_loss 5.148 | ppl 35.46 | num_updates 43060 | best_loss 7.35692
| epoch 060 | loss 5.681 | nll_loss 3.370 | ppl 10.34 | wps 37028 | ups 4 | wpb 8647.808 | bsz 885.921 | num_updates 43790 | lr 0.000302233 | gnorm 0.250 | clip 1.000 | oom 0.000 | loss_scale 32.000 | wall 10220 | train_wall 8345
| epoch 060 | valid on 'valid' subset | loss 7.323 | nll_loss 5.107 | ppl 34.46 | num_updates 43790 | best_loss 7.32261
| saved checkpoint ./checkpoints/2020-05-23T00-43-04-00-exp27-bpe5000-si-051920-seed14-nonjoint/checkpoints_en_si/checkpoint60.pt (epoch 60 @ 43790 updates) (writing took 1.0012102127075195 seconds)
| epoch 061 | loss 5.677 | nll_loss 3.365 | ppl 10.3 | wps 37356 | ups 4 | wpb 8647.808 | bsz 885.921 | num_updates 44520 | lr 0.000299745 | gnorm 0.249 | clip 1.000 | oom 0.000 | loss_scale 32.000 | wall 10391 | train_wall 8484
| epoch 061 | valid on 'valid' subset | loss 7.332 | nll_loss 5.115 | ppl 34.65 | num_updates 44520 | best_loss 7.32261
| epoch 062 | loss 5.674 | nll_loss 3.361 | ppl 10.28 | wps 37617 | ups 4 | wpb 8647.808 | bsz 885.921 | num_updates 45250 | lr 0.000297318 | gnorm 0.250 | clip 1.000 | oom 0.000 | loss_scale 64.000 | wall 10560 | train_wall 8622
| epoch 062 | valid on 'valid' subset | loss 7.348 | nll_loss 5.141 | ppl 35.28 | num_updates 45250 | best_loss 7.32261
| WARNING: overflow detected, setting loss scale to: 32.0
| epoch 063 | loss 5.671 | nll_loss 3.357 | ppl 10.25 | wps 37973 | ups 4 | wpb 8649.717 | bsz 884.985 | num_updates 45979 | lr 0.000294951 | gnorm 0.250 | clip 1.000 | oom 0.000 | loss_scale 32.000 | wall 10727 | train_wall 8759
| epoch 063 | valid on 'valid' subset | loss 7.302 | nll_loss 5.071 | ppl 33.61 | num_updates 45979 | best_loss 7.3017
| epoch 064 | loss 5.667 | nll_loss 3.352 | ppl 10.21 | wps 37063 | ups 4 | wpb 8647.808 | bsz 885.921 | num_updates 46709 | lr 0.000292637 | gnorm 0.250 | clip 1.000 | oom 0.000 | loss_scale 32.000 | wall 10898 | train_wall 8899
| epoch 064 | valid on 'valid' subset | loss 7.315 | nll_loss 5.097 | ppl 34.23 | num_updates 46709 | best_loss 7.31454
| epoch 065 | loss 5.664 | nll_loss 3.347 | ppl 10.18 | wps 36841 | ups 4 | wpb 8647.808 | bsz 885.921 | num_updates 47439 | lr 0.000290377 | gnorm 0.251 | clip 1.000 | oom 0.000 | loss_scale 32.000 | wall 11070 | train_wall 9039
| epoch 065 | valid on 'valid' subset | loss 7.351 | nll_loss 5.149 | ppl 35.48 | num_updates 47439 | best_loss 7.32261
| epoch 066 | loss 5.661 | nll_loss 3.343 | ppl 10.15 | wps 37170 | ups 4 | wpb 8647.808 | bsz 885.921 | num_updates 48169 | lr 0.000288168 | gnorm 0.250 | clip 1.000 | oom 0.000 | loss_scale 32.000 | wall 11241 | train_wall 9179
| epoch 066 | valid on 'valid' subset | loss 7.315 | nll_loss 5.092 | ppl 34.1 | num_updates 48169 | best_loss 7.31517
| epoch 067 | loss 5.657 | nll_loss 3.339 | ppl 10.12 | wps 37345 | ups 4 | wpb 8647.808 | bsz 885.921 | num_updates 48899 | lr 0.000286009 | gnorm 0.250 | clip 1.000 | oom 0.000 | loss_scale 32.000 | wall 11411 | train_wall 9318
| epoch 067 | valid on 'valid' subset | loss 7.313 | nll_loss 5.096 | ppl 34.21 | num_updates 48899 | best_loss 7.31251
| WARNING: overflow detected, setting loss scale to: 32.0
| epoch 068 | loss 5.654 | nll_loss 3.335 | ppl 10.09 | wps 37125 | ups 4 | wpb 8651.229 | bsz 885.369 | num_updates 49628 | lr 0.000283901 | gnorm 0.253 | clip 1.000 | oom 0.000 | loss_scale 32.000 | wall 11582 | train_wall 9457
| epoch 068 | valid on 'valid' subset | loss 7.301 | nll_loss 5.082 | ppl 33.87 | num_updates 49628 | best_loss 7.30104
| epoch 069 | loss 5.651 | nll_loss 3.331 | ppl 10.06 | wps 37260 | ups 4 | wpb 8647.808 | bsz 885.921 | num_updates 50358 | lr 0.000281836 | gnorm 0.251 | clip 1.000 | oom 0.000 | loss_scale 32.000 | wall 11752 | train_wall 9596
| epoch 069 | valid on 'valid' subset | loss 7.312 | nll_loss 5.094 | ppl 34.15 | num_updates 50358 | best_loss 7.31179
| epoch 070 | loss 5.649 | nll_loss 3.328 | ppl 10.04 | wps 37275 | ups 4 | wpb 8647.808 | bsz 885.921 | num_updates 51088 | lr 0.000279815 | gnorm 0.252 | clip 1.000 | oom 0.000 | loss_scale 32.000 | wall 11922 | train_wall 9735
| epoch 070 | valid on 'valid' subset | loss 7.297 | nll_loss 5.071 | ppl 33.62 | num_updates 51088 | best_loss 7.29701
| saved checkpoint ./checkpoints/2020-05-23T00-43-04-00-exp27-bpe5000-si-051920-seed14-nonjoint/checkpoints_en_si/checkpoint70.pt (epoch 70 @ 51088 updates) (writing took 0.9973104000091553 seconds)
| epoch 071 | loss 5.645 | nll_loss 3.323 | ppl 10.01 | wps 37577 | ups 4 | wpb 8647.808 | bsz 885.921 | num_updates 51818 | lr 0.000277837 | gnorm 0.252 | clip 1.000 | oom 0.000 | loss_scale 32.000 | wall 12092 | train_wall 9874
| epoch 071 | valid on 'valid' subset | loss 7.287 | nll_loss 5.061 | ppl 33.38 | num_updates 51818 | best_loss 7.28709
| epoch 072 | loss 5.644 | nll_loss 3.321 | ppl 9.99 | wps 37230 | ups 4 | wpb 8647.808 | bsz 885.921 | num_updates 52548 | lr 0.0002759 | gnorm 0.253 | clip 1.000 | oom 0.000 | loss_scale 32.000 | wall 12263 | train_wall 10013
| epoch 072 | valid on 'valid' subset | loss 7.299 | nll_loss 5.073 | ppl 33.65 | num_updates 52548 | best_loss 7.29701
| epoch 073 | loss 5.640 | nll_loss 3.317 | ppl 9.96 | wps 37227 | ups 4 | wpb 8647.808 | bsz 885.921 | num_updates 53278 | lr 0.000274003 | gnorm 0.254 | clip 1.000 | oom 0.000 | loss_scale 32.000 | wall 12433 | train_wall 10152
| epoch 073 | valid on 'valid' subset | loss 7.287 | nll_loss 5.058 | ppl 33.3 | num_updates 53278 | best_loss 7.28679
| WARNING: overflow detected, setting loss scale to: 32.0
| epoch 074 | loss 5.637 | nll_loss 3.312 | ppl 9.93 | wps 37173 | ups 4 | wpb 8649.849 | bsz 885.062 | num_updates 54007 | lr 0.000272148 | gnorm 0.253 | clip 1.000 | oom 0.000 | loss_scale 32.000 | wall 12603 | train_wall 10291
| epoch 074 | valid on 'valid' subset | loss 7.301 | nll_loss 5.075 | ppl 33.72 | num_updates 54007 | best_loss 7.29701
| epoch 075 | loss 5.634 | nll_loss 3.309 | ppl 9.91 | wps 37285 | ups 4 | wpb 8647.808 | bsz 885.921 | num_updates 54737 | lr 0.000270327 | gnorm 0.256 | clip 1.000 | oom 0.000 | loss_scale 32.000 | wall 12774 | train_wall 10431
| epoch 075 | valid on 'valid' subset | loss 7.298 | nll_loss 5.068 | ppl 33.54 | num_updates 54737 | best_loss 7.29701
| epoch 076 | loss 5.632 | nll_loss 3.306 | ppl 9.89 | wps 37160 | ups 4 | wpb 8647.808 | bsz 885.921 | num_updates 55467 | lr 0.000268542 | gnorm 0.254 | clip 1.000 | oom 0.000 | loss_scale 32.000 | wall 12944 | train_wall 10570
| epoch 076 | valid on 'valid' subset | loss 7.289 | nll_loss 5.065 | ppl 33.48 | num_updates 55467 | best_loss 7.2894
| epoch 077 | loss 5.630 | nll_loss 3.303 | ppl 9.87 | wps 37167 | ups 4 | wpb 8647.808 | bsz 885.921 | num_updates 56197 | lr 0.000266792 | gnorm 0.253 | clip 1.000 | oom 0.000 | loss_scale 32.000 | wall 13115 | train_wall 10709
| epoch 077 | valid on 'valid' subset | loss 7.301 | nll_loss 5.073 | ppl 33.66 | num_updates 56197 | best_loss 7.29701
| epoch 078 | loss 5.627 | nll_loss 3.300 | ppl 9.85 | wps 37193 | ups 4 | wpb 8647.808 | bsz 885.921 | num_updates 56927 | lr 0.000265076 | gnorm 0.255 | clip 1.000 | oom 0.000 | loss_scale 32.000 | wall 13286 | train_wall 10849
| epoch 078 | valid on 'valid' subset | loss 7.288 | nll_loss 5.065 | ppl 33.46 | num_updates 56927 | best_loss 7.28828
| epoch 079 | loss 5.624 | nll_loss 3.295 | ppl 9.82 | wps 37283 | ups 4 | wpb 8647.808 | bsz 885.921 | num_updates 57657 | lr 0.000263393 | gnorm 0.253 | clip 1.000 | oom 0.000 | loss_scale 32.000 | wall 13456 | train_wall 10988
| epoch 079 | valid on 'valid' subset | loss 7.288 | nll_loss 5.052 | ppl 33.17 | num_updates 57657 | best_loss 7.28816
| WARNING: overflow detected, setting loss scale to: 32.0
| epoch 080 | loss 5.622 | nll_loss 3.293 | ppl 9.8 | wps 37549 | ups 4 | wpb 8647.370 | bsz 884.458 | num_updates 58386 | lr 0.000261743 | gnorm 0.255 | clip 1.000 | oom 0.000 | loss_scale 32.000 | wall 13625 | train_wall 11126
| epoch 080 | valid on 'valid' subset | loss 7.273 | nll_loss 5.038 | ppl 32.85 | num_updates 58386 | best_loss 7.2734
| saved checkpoint ./checkpoints/2020-05-23T00-43-04-00-exp27-bpe5000-si-051920-seed14-nonjoint/checkpoints_en_si/checkpoint80.pt (epoch 80 @ 58386 updates) (writing took 0.9984848499298096 seconds)
| epoch 081 | loss 5.620 | nll_loss 3.290 | ppl 9.78 | wps 37439 | ups 4 | wpb 8647.808 | bsz 885.921 | num_updates 59116 | lr 0.000260122 | gnorm 0.255 | clip 1.000 | oom 0.000 | loss_scale 32.000 | wall 13795 | train_wall 11265
| epoch 081 | valid on 'valid' subset | loss 7.284 | nll_loss 5.054 | ppl 33.21 | num_updates 59116 | best_loss 7.2734
| epoch 082 | loss 5.617 | nll_loss 3.287 | ppl 9.76 | wps 37216 | ups 4 | wpb 8647.808 | bsz 885.921 | num_updates 59846 | lr 0.000258531 | gnorm 0.256 | clip 1.000 | oom 0.000 | loss_scale 32.000 | wall 13966 | train_wall 11405
| epoch 082 | valid on 'valid' subset | loss 7.289 | nll_loss 5.050 | ppl 33.14 | num_updates 59846 | best_loss 7.2734
| epoch 083 | loss 5.615 | nll_loss 3.284 | ppl 9.74 | wps 37115 | ups 4 | wpb 8647.808 | bsz 885.921 | num_updates 60576 | lr 0.000256968 | gnorm 0.256 | clip 1.000 | oom 0.000 | loss_scale 32.000 | wall 14137 | train_wall 11544
| epoch 083 | valid on 'valid' subset | loss 7.293 | nll_loss 5.077 | ppl 33.76 | num_updates 60576 | best_loss 7.2734
| epoch 084 | loss 5.613 | nll_loss 3.282 | ppl 9.73 | wps 37376 | ups 4 | wpb 8647.808 | bsz 885.921 | num_updates 61306 | lr 0.000255434 | gnorm 0.255 | clip 1.000 | oom 0.000 | loss_scale 32.000 | wall 14306 | train_wall 11683
| epoch 084 | valid on 'valid' subset | loss 7.298 | nll_loss 5.081 | ppl 33.85 | num_updates 61306 | best_loss 7.2734
| epoch 085 | loss 5.611 | nll_loss 3.279 | ppl 9.71 | wps 37277 | ups 4 | wpb 8647.808 | bsz 885.921 | num_updates 62036 | lr 0.000253927 | gnorm 0.257 | clip 1.000 | oom 0.000 | loss_scale 32.000 | wall 14477 | train_wall 11822
| epoch 085 | valid on 'valid' subset | loss 7.283 | nll_loss 5.048 | ppl 33.08 | num_updates 62036 | best_loss 7.2734
| WARNING: overflow detected, setting loss scale to: 32.0
| epoch 086 | loss 5.609 | nll_loss 3.276 | ppl 9.69 | wps 37151 | ups 4 | wpb 8649.235 | bsz 884.842 | num_updates 62765 | lr 0.000252448 | gnorm 0.257 | clip 1.000 | oom 0.000 | loss_scale 32.000 | wall 14647 | train_wall 11962
| epoch 086 | valid on 'valid' subset | loss 7.312 | nll_loss 5.087 | ppl 34 | num_updates 62765 | best_loss 7.2734
| epoch 087 | loss 5.606 | nll_loss 3.272 | ppl 9.66 | wps 37476 | ups 4 | wpb 8647.808 | bsz 885.921 | num_updates 63495 | lr 0.000250992 | gnorm 0.257 | clip 1.000 | oom 0.000 | loss_scale 32.000 | wall 14816 | train_wall 12100
| epoch 087 | valid on 'valid' subset | loss 7.272 | nll_loss 5.028 | ppl 32.63 | num_updates 63495 | best_loss 7.27211
| epoch 088 | loss 5.604 | nll_loss 3.270 | ppl 9.65 | wps 37516 | ups 4 | wpb 8647.808 | bsz 885.921 | num_updates 64225 | lr 0.000249562 | gnorm 0.260 | clip 1.000 | oom 0.000 | loss_scale 32.000 | wall 14986 | train_wall 12239
| epoch 088 | valid on 'valid' subset | loss 7.283 | nll_loss 5.054 | ppl 33.22 | num_updates 64225 | best_loss 7.2734
| epoch 089 | loss 5.603 | nll_loss 3.268 | ppl 9.63 | wps 37235 | ups 4 | wpb 8647.808 | bsz 885.921 | num_updates 64955 | lr 0.000248155 | gnorm 0.260 | clip 1.000 | oom 0.000 | loss_scale 32.000 | wall 15156 | train_wall 12378
| epoch 089 | valid on 'valid' subset | loss 7.275 | nll_loss 5.046 | ppl 33.04 | num_updates 64955 | best_loss 7.2734
| epoch 090 | loss 5.600 | nll_loss 3.264 | ppl 9.61 | wps 37244 | ups 4 | wpb 8647.808 | bsz 885.921 | num_updates 65685 | lr 0.000246773 | gnorm 0.258 | clip 1.000 | oom 0.000 | loss_scale 32.000 | wall 15326 | train_wall 12517
| epoch 090 | valid on 'valid' subset | loss 7.262 | nll_loss 5.024 | ppl 32.54 | num_updates 65685 | best_loss 7.26219
| saved checkpoint ./checkpoints/2020-05-23T00-43-04-00-exp27-bpe5000-si-051920-seed14-nonjoint/checkpoints_en_si/checkpoint90.pt (epoch 90 @ 65685 updates) (writing took 1.0353689193725586 seconds)
| epoch 091 | loss 5.598 | nll_loss 3.262 | ppl 9.59 | wps 37185 | ups 4 | wpb 8647.808 | bsz 885.921 | num_updates 66415 | lr 0.000245413 | gnorm 0.258 | clip 1.000 | oom 0.000 | loss_scale 32.000 | wall 15498 | train_wall 12656
| epoch 091 | valid on 'valid' subset | loss 7.268 | nll_loss 5.035 | ppl 32.78 | num_updates 66415 | best_loss 7.26219
| epoch 092 | loss 5.596 | nll_loss 3.259 | ppl 9.58 | wps 37225 | ups 4 | wpb 8647.808 | bsz 885.921 | num_updates 67145 | lr 0.000244075 | gnorm 0.258 | clip 1.000 | oom 0.000 | loss_scale 64.000 | wall 15668 | train_wall 12795
| epoch 092 | valid on 'valid' subset | loss 7.265 | nll_loss 5.028 | ppl 32.62 | num_updates 67145 | best_loss 7.26219
| WARNING: overflow detected, setting loss scale to: 32.0
| epoch 093 | loss 5.593 | nll_loss 3.256 | ppl 9.55 | wps 37560 | ups 4 | wpb 8649.209 | bsz 885.292 | num_updates 67874 | lr 0.000242761 | gnorm 0.257 | clip 1.000 | oom 0.000 | loss_scale 32.000 | wall 15837 | train_wall 12933
| epoch 093 | valid on 'valid' subset | loss 7.255 | nll_loss 5.012 | ppl 32.28 | num_updates 67874 | best_loss 7.25507
| epoch 094 | loss 5.592 | nll_loss 3.253 | ppl 9.54 | wps 37377 | ups 4 | wpb 8647.808 | bsz 885.921 | num_updates 68604 | lr 0.000241466 | gnorm 0.259 | clip 1.000 | oom 0.000 | loss_scale 32.000 | wall 16007 | train_wall 13072
| epoch 094 | valid on 'valid' subset | loss 7.254 | nll_loss 5.012 | ppl 32.26 | num_updates 68604 | best_loss 7.25407
| epoch 095 | loss 5.590 | nll_loss 3.251 | ppl 9.52 | wps 37348 | ups 4 | wpb 8647.808 | bsz 885.921 | num_updates 69334 | lr 0.000240191 | gnorm 0.259 | clip 1.000 | oom 0.000 | loss_scale 32.000 | wall 16177 | train_wall 13212
| epoch 095 | valid on 'valid' subset | loss 7.263 | nll_loss 5.027 | ppl 32.61 | num_updates 69334 | best_loss 7.26219
| epoch 096 | loss 5.588 | nll_loss 3.249 | ppl 9.51 | wps 37515 | ups 4 | wpb 8647.808 | bsz 885.921 | num_updates 70064 | lr 0.000238937 | gnorm 0.259 | clip 1.000 | oom 0.000 | loss_scale 32.000 | wall 16346 | train_wall 13350
| epoch 096 | valid on 'valid' subset | loss 7.275 | nll_loss 5.052 | ppl 33.17 | num_updates 70064 | best_loss 7.26219
| epoch 097 | loss 5.587 | nll_loss 3.248 | ppl 9.5 | wps 37261 | ups 4 | wpb 8647.808 | bsz 885.921 | num_updates 70794 | lr 0.000237701 | gnorm 0.260 | clip 1.000 | oom 0.000 | loss_scale 32.000 | wall 16516 | train_wall 13490
| epoch 097 | valid on 'valid' subset | loss 7.261 | nll_loss 5.027 | ppl 32.59 | num_updates 70794 | best_loss 7.26061
| epoch 098 | loss 5.584 | nll_loss 3.244 | ppl 9.47 | wps 37487 | ups 4 | wpb 8647.808 | bsz 885.921 | num_updates 71524 | lr 0.000236485 | gnorm 0.260 | clip 1.000 | oom 0.000 | loss_scale 32.000 | wall 16685 | train_wall 13628
| epoch 098 | valid on 'valid' subset | loss 7.223 | nll_loss 4.977 | ppl 31.5 | num_updates 71524 | best_loss 7.22346
| WARNING: overflow detected, setting loss scale to: 32.0
| epoch 099 | loss 5.582 | nll_loss 3.241 | ppl 9.46 | wps 37283 | ups 4 | wpb 8645.726 | bsz 884.689 | num_updates 72253 | lr 0.000235289 | gnorm 0.262 | clip 1.000 | oom 0.000 | loss_scale 32.000 | wall 16855 | train_wall 13767
| epoch 099 | valid on 'valid' subset | loss 7.257 | nll_loss 5.020 | ppl 32.44 | num_updates 72253 | best_loss 7.25746
| epoch 100 | loss 5.581 | nll_loss 3.239 | ppl 9.44 | wps 37402 | ups 4 | wpb 8647.808 | bsz 885.921 | num_updates 72983 | lr 0.00023411 | gnorm 0.261 | clip 1.000 | oom 0.000 | loss_scale 32.000 | wall 17025 | train_wall 13906
| epoch 100 | valid on 'valid' subset | loss 7.252 | nll_loss 5.013 | ppl 32.29 | num_updates 72983 | best_loss 7.25171
| saved checkpoint ./checkpoints/2020-05-23T00-43-04-00-exp27-bpe5000-si-051920-seed14-nonjoint/checkpoints_en_si/checkpoint100.pt (epoch 100 @ 72983 updates) (writing took 1.0153396129608154 seconds)
| done training in 17021.8 seconds
Done training.
Time at end: Sat May 23 10:20:42 EDT 2020
