================ FLORES BASELINE WITH BPE=5000 & SEED=13 & LOWERCASED ================
About to train the supervised for the following language pair: SI-EN
CHECKPOINT_DIR is set to './checkpoints/2020-06-19T04-54-04-00-exp28-bpe5000-lowercase-si-seed13-lowercase/checkpoints_si_en'
Creating checkpoint directory if it doesn't exist...
Data folder is: data-bin/wiki_si_en_bpe5000_lowercase/
Beginning training...
Time at beginning: Fri Jun 19 04:54:15 EDT 2020
Namespace(activation_dropout=0.2, activation_fn='relu', adam_betas='(0.9, 0.98)', adam_eps=1e-08, adaptive_input=False, adaptive_softmax_cutoff=None, adaptive_softmax_dropout=0, arch='transformer', attention_dropout=0.2, best_checkpoint_metric='loss', bpe=None, bucket_cap_mb=25, clip_norm=0.0, cpu=False, criterion='label_smoothed_cross_entropy', cross_self_attention=False, curriculum=0, data='data-bin/wiki_si_en_bpe5000_lowercase/', dataset_impl=None, ddp_backend='c10d', decoder_attention_heads=2, decoder_embed_dim=512, decoder_embed_path=None, decoder_ffn_embed_dim=2048, decoder_input_dim=512, decoder_layerdrop=0, decoder_layers=5, decoder_layers_to_keep=None, decoder_learned_pos=False, decoder_normalize_before=True, decoder_output_dim=512, device_id=0, disable_validation=False, distributed_backend='nccl', distributed_init_method=None, distributed_no_spawn=False, distributed_port=-1, distributed_rank=0, distributed_world_size=1, dropout=0.4, empty_cache_freq=0, encoder_attention_heads=2, encoder_embed_dim=512, encoder_embed_path=None, encoder_ffn_embed_dim=2048, encoder_layerdrop=0, encoder_layers=5, encoder_layers_to_keep=None, encoder_learned_pos=False, encoder_normalize_before=True, fast_stat_sync=False, find_unused_parameters=False, fix_batches_to_gpus=False, fixed_validation_seed=None, fp16=False, fp16_init_scale=128, fp16_scale_tolerance=0.0, fp16_scale_window=None, keep_interval_updates=-1, keep_last_epochs=-1, label_smoothing=0.2, layer_wise_attention=False, layernorm_embedding=False, lazy_load=False, left_pad_source='True', left_pad_target='False', load_alignments=False, log_format=None, log_interval=1000, lr=[0.001], lr_scheduler='inverse_sqrt', max_epoch=100, max_sentences=None, max_sentences_valid=None, max_source_positions=1024, max_target_positions=1024, max_tokens=4000, max_tokens_valid=4000, max_update=0, maximize_best_checkpoint_metric=False, memory_efficient_fp16=False, min_loss_scale=0.0001, min_lr=1e-09, no_cross_attention=False, no_epoch_checkpoints=False, no_last_checkpoints=False, no_progress_bar=False, no_save=False, no_save_optimizer_state=False, no_scale_embedding=False, no_token_positional_embeddings=False, num_workers=1, optimizer='adam', optimizer_overrides='{}', raw_text=False, required_batch_size_multiple=8, reset_dataloader=False, reset_lr_scheduler=False, reset_meters=False, reset_optimizer=False, restore_file='checkpoint_last.pt', save_dir='./checkpoints/2020-06-19T04-54-04-00-exp28-bpe5000-lowercase-si-seed13-lowercase/checkpoints_si_en', save_interval=30, save_interval_updates=0, seed=13, sentence_avg=False, share_all_embeddings=True, share_decoder_input_output_embed=False, skip_invalid_size_inputs_valid_test=False, source_lang='si', target_lang='en', task='translation', tensorboard_logdir='', threshold_loss_scale=None, tokenizer=None, train_subset='train', truncate_source=False, update_freq=[4], upsample_primary=1, use_bmuf=False, user_dir=None, valid_subset='valid', validate_interval=1, warmup_init_lr=1e-07, warmup_updates=4000, weight_decay=0.0001)
| [si] dictionary: 4984 types
| [en] dictionary: 4984 types
| loaded 2898 examples from: data-bin/wiki_si_en_bpe5000_lowercase/valid.si-en.si
| loaded 2898 examples from: data-bin/wiki_si_en_bpe5000_lowercase/valid.si-en.en
| data-bin/wiki_si_en_bpe5000_lowercase/ valid si-en 2898 examples
TransformerModel(
  (encoder): TransformerEncoder(
    (embed_tokens): Embedding(4984, 512, padding_idx=1)
    (embed_positions): SinusoidalPositionalEmbedding()
    (layers): ModuleList(
      (0): TransformerEncoderLayer(
        (self_attn): MultiheadAttention(
          (k_proj): Linear(in_features=512, out_features=512, bias=True)
          (v_proj): Linear(in_features=512, out_features=512, bias=True)
          (q_proj): Linear(in_features=512, out_features=512, bias=True)
          (out_proj): Linear(in_features=512, out_features=512, bias=True)
        )
        (self_attn_layer_norm): LayerNorm((512,), eps=1e-05, elementwise_affine=True)
        (fc1): Linear(in_features=512, out_features=2048, bias=True)
        (fc2): Linear(in_features=2048, out_features=512, bias=True)
        (final_layer_norm): LayerNorm((512,), eps=1e-05, elementwise_affine=True)
      )
      (1): TransformerEncoderLayer(
        (self_attn): MultiheadAttention(
          (k_proj): Linear(in_features=512, out_features=512, bias=True)
          (v_proj): Linear(in_features=512, out_features=512, bias=True)
          (q_proj): Linear(in_features=512, out_features=512, bias=True)
          (out_proj): Linear(in_features=512, out_features=512, bias=True)
        )
        (self_attn_layer_norm): LayerNorm((512,), eps=1e-05, elementwise_affine=True)
        (fc1): Linear(in_features=512, out_features=2048, bias=True)
        (fc2): Linear(in_features=2048, out_features=512, bias=True)
        (final_layer_norm): LayerNorm((512,), eps=1e-05, elementwise_affine=True)
      )
      (2): TransformerEncoderLayer(
        (self_attn): MultiheadAttention(
          (k_proj): Linear(in_features=512, out_features=512, bias=True)
          (v_proj): Linear(in_features=512, out_features=512, bias=True)
          (q_proj): Linear(in_features=512, out_features=512, bias=True)
          (out_proj): Linear(in_features=512, out_features=512, bias=True)
        )
        (self_attn_layer_norm): LayerNorm((512,), eps=1e-05, elementwise_affine=True)
        (fc1): Linear(in_features=512, out_features=2048, bias=True)
        (fc2): Linear(in_features=2048, out_features=512, bias=True)
        (final_layer_norm): LayerNorm((512,), eps=1e-05, elementwise_affine=True)
      )
      (3): TransformerEncoderLayer(
        (self_attn): MultiheadAttention(
          (k_proj): Linear(in_features=512, out_features=512, bias=True)
          (v_proj): Linear(in_features=512, out_features=512, bias=True)
          (q_proj): Linear(in_features=512, out_features=512, bias=True)
          (out_proj): Linear(in_features=512, out_features=512, bias=True)
        )
        (self_attn_layer_norm): LayerNorm((512,), eps=1e-05, elementwise_affine=True)
        (fc1): Linear(in_features=512, out_features=2048, bias=True)
        (fc2): Linear(in_features=2048, out_features=512, bias=True)
        (final_layer_norm): LayerNorm((512,), eps=1e-05, elementwise_affine=True)
      )
      (4): TransformerEncoderLayer(
        (self_attn): MultiheadAttention(
          (k_proj): Linear(in_features=512, out_features=512, bias=True)
          (v_proj): Linear(in_features=512, out_features=512, bias=True)
          (q_proj): Linear(in_features=512, out_features=512, bias=True)
          (out_proj): Linear(in_features=512, out_features=512, bias=True)
        )
        (self_attn_layer_norm): LayerNorm((512,), eps=1e-05, elementwise_affine=True)
        (fc1): Linear(in_features=512, out_features=2048, bias=True)
        (fc2): Linear(in_features=2048, out_features=512, bias=True)
        (final_layer_norm): LayerNorm((512,), eps=1e-05, elementwise_affine=True)
      )
    )
    (layer_norm): LayerNorm((512,), eps=1e-05, elementwise_affine=True)
  )
  (decoder): TransformerDecoder(
    (embed_tokens): Embedding(4984, 512, padding_idx=1)
    (embed_positions): SinusoidalPositionalEmbedding()
    (layers): ModuleList(
      (0): TransformerDecoderLayer(
        (self_attn): MultiheadAttention(
          (k_proj): Linear(in_features=512, out_features=512, bias=True)
          (v_proj): Linear(in_features=512, out_features=512, bias=True)
          (q_proj): Linear(in_features=512, out_features=512, bias=True)
          (out_proj): Linear(in_features=512, out_features=512, bias=True)
        )
        (self_attn_layer_norm): LayerNorm((512,), eps=1e-05, elementwise_affine=True)
        (encoder_attn): MultiheadAttention(
          (k_proj): Linear(in_features=512, out_features=512, bias=True)
          (v_proj): Linear(in_features=512, out_features=512, bias=True)
          (q_proj): Linear(in_features=512, out_features=512, bias=True)
          (out_proj): Linear(in_features=512, out_features=512, bias=True)
        )
        (encoder_attn_layer_norm): LayerNorm((512,), eps=1e-05, elementwise_affine=True)
        (fc1): Linear(in_features=512, out_features=2048, bias=True)
        (fc2): Linear(in_features=2048, out_features=512, bias=True)
        (final_layer_norm): LayerNorm((512,), eps=1e-05, elementwise_affine=True)
      )
      (1): TransformerDecoderLayer(
        (self_attn): MultiheadAttention(
          (k_proj): Linear(in_features=512, out_features=512, bias=True)
          (v_proj): Linear(in_features=512, out_features=512, bias=True)
          (q_proj): Linear(in_features=512, out_features=512, bias=True)
          (out_proj): Linear(in_features=512, out_features=512, bias=True)
        )
        (self_attn_layer_norm): LayerNorm((512,), eps=1e-05, elementwise_affine=True)
        (encoder_attn): MultiheadAttention(
          (k_proj): Linear(in_features=512, out_features=512, bias=True)
          (v_proj): Linear(in_features=512, out_features=512, bias=True)
          (q_proj): Linear(in_features=512, out_features=512, bias=True)
          (out_proj): Linear(in_features=512, out_features=512, bias=True)
        )
        (encoder_attn_layer_norm): LayerNorm((512,), eps=1e-05, elementwise_affine=True)
        (fc1): Linear(in_features=512, out_features=2048, bias=True)
        (fc2): Linear(in_features=2048, out_features=512, bias=True)
        (final_layer_norm): LayerNorm((512,), eps=1e-05, elementwise_affine=True)
      )
      (2): TransformerDecoderLayer(
        (self_attn): MultiheadAttention(
          (k_proj): Linear(in_features=512, out_features=512, bias=True)
          (v_proj): Linear(in_features=512, out_features=512, bias=True)
          (q_proj): Linear(in_features=512, out_features=512, bias=True)
          (out_proj): Linear(in_features=512, out_features=512, bias=True)
        )
        (self_attn_layer_norm): LayerNorm((512,), eps=1e-05, elementwise_affine=True)
        (encoder_attn): MultiheadAttention(
          (k_proj): Linear(in_features=512, out_features=512, bias=True)
          (v_proj): Linear(in_features=512, out_features=512, bias=True)
          (q_proj): Linear(in_features=512, out_features=512, bias=True)
          (out_proj): Linear(in_features=512, out_features=512, bias=True)
        )
        (encoder_attn_layer_norm): LayerNorm((512,), eps=1e-05, elementwise_affine=True)
        (fc1): Linear(in_features=512, out_features=2048, bias=True)
        (fc2): Linear(in_features=2048, out_features=512, bias=True)
        (final_layer_norm): LayerNorm((512,), eps=1e-05, elementwise_affine=True)
      )
      (3): TransformerDecoderLayer(
        (self_attn): MultiheadAttention(
          (k_proj): Linear(in_features=512, out_features=512, bias=True)
          (v_proj): Linear(in_features=512, out_features=512, bias=True)
          (q_proj): Linear(in_features=512, out_features=512, bias=True)
          (out_proj): Linear(in_features=512, out_features=512, bias=True)
        )
        (self_attn_layer_norm): LayerNorm((512,), eps=1e-05, elementwise_affine=True)
        (encoder_attn): MultiheadAttention(
          (k_proj): Linear(in_features=512, out_features=512, bias=True)
          (v_proj): Linear(in_features=512, out_features=512, bias=True)
          (q_proj): Linear(in_features=512, out_features=512, bias=True)
          (out_proj): Linear(in_features=512, out_features=512, bias=True)
        )
        (encoder_attn_layer_norm): LayerNorm((512,), eps=1e-05, elementwise_affine=True)
        (fc1): Linear(in_features=512, out_features=2048, bias=True)
        (fc2): Linear(in_features=2048, out_features=512, bias=True)
        (final_layer_norm): LayerNorm((512,), eps=1e-05, elementwise_affine=True)
      )
      (4): TransformerDecoderLayer(
        (self_attn): MultiheadAttention(
          (k_proj): Linear(in_features=512, out_features=512, bias=True)
          (v_proj): Linear(in_features=512, out_features=512, bias=True)
          (q_proj): Linear(in_features=512, out_features=512, bias=True)
          (out_proj): Linear(in_features=512, out_features=512, bias=True)
        )
        (self_attn_layer_norm): LayerNorm((512,), eps=1e-05, elementwise_affine=True)
        (encoder_attn): MultiheadAttention(
          (k_proj): Linear(in_features=512, out_features=512, bias=True)
          (v_proj): Linear(in_features=512, out_features=512, bias=True)
          (q_proj): Linear(in_features=512, out_features=512, bias=True)
          (out_proj): Linear(in_features=512, out_features=512, bias=True)
        )
        (encoder_attn_layer_norm): LayerNorm((512,), eps=1e-05, elementwise_affine=True)
        (fc1): Linear(in_features=512, out_features=2048, bias=True)
        (fc2): Linear(in_features=2048, out_features=512, bias=True)
        (final_layer_norm): LayerNorm((512,), eps=1e-05, elementwise_affine=True)
      )
    )
    (layer_norm): LayerNorm((512,), eps=1e-05, elementwise_affine=True)
  )
)
| model transformer, criterion LabelSmoothedCrossEntropyCriterion
| num. model params: 39335936 (num. trained: 39335936)
| training on 1 GPUs
| max tokens per GPU = 4000 and max sentences per GPU = None
| no existing checkpoint found ./checkpoints/2020-06-19T04-54-04-00-exp28-bpe5000-lowercase-si-seed13-lowercase/checkpoints_si_en/checkpoint_last.pt
| loading train data for epoch 0
| loaded 396379 examples from: data-bin/wiki_si_en_bpe5000_lowercase/train.si-en.si
| loaded 396379 examples from: data-bin/wiki_si_en_bpe5000_lowercase/train.si-en.en
| data-bin/wiki_si_en_bpe5000_lowercase/ train si-en 396379 examples
| NOTICE: your device may support faster training with --fp16
| epoch 001 | loss 10.004 | nll_loss 9.105 | ppl 550.64 | wps 25941 | ups 2 | wpb 13799.390 | bsz 990.947 | num_updates 400 | lr 0.00010009 | gnorm 0.788 | clip 0.000 | oom 0.000 | wall 216 | train_wall 195
| epoch 001 | valid on 'valid' subset | loss 10.037 | nll_loss 9.111 | ppl 553.07 | num_updates 400
| epoch 002 | loss 8.314 | nll_loss 6.854 | ppl 115.66 | wps 25864 | ups 2 | wpb 13799.390 | bsz 990.947 | num_updates 800 | lr 0.00020008 | gnorm 0.515 | clip 0.000 | oom 0.000 | wall 431 | train_wall 390
| epoch 002 | valid on 'valid' subset | loss 9.239 | nll_loss 7.965 | ppl 249.83 | num_updates 800
| epoch 003 | loss 7.637 | nll_loss 5.954 | ppl 61.97 | wps 25877 | ups 2 | wpb 13799.390 | bsz 990.947 | num_updates 1200 | lr 0.00030007 | gnorm 0.441 | clip 0.000 | oom 0.000 | wall 646 | train_wall 586
| epoch 003 | valid on 'valid' subset | loss 8.653 | nll_loss 7.125 | ppl 139.54 | num_updates 1200
| epoch 004 | loss 7.184 | nll_loss 5.355 | ppl 40.92 | wps 25984 | ups 2 | wpb 13799.390 | bsz 990.947 | num_updates 1600 | lr 0.00040006 | gnorm 0.417 | clip 0.000 | oom 0.000 | wall 860 | train_wall 780
| epoch 004 | valid on 'valid' subset | loss 8.318 | nll_loss 6.649 | ppl 100.33 | num_updates 1600
| epoch 005 | loss 6.872 | nll_loss 4.943 | ppl 30.76 | wps 25990 | ups 2 | wpb 13799.390 | bsz 990.947 | num_updates 2000 | lr 0.00050005 | gnorm 0.382 | clip 0.000 | oom 0.000 | wall 1075 | train_wall 975
| epoch 005 | valid on 'valid' subset | loss 8.134 | nll_loss 6.384 | ppl 83.52 | num_updates 2000
| epoch 006 | loss 6.642 | nll_loss 4.641 | ppl 24.96 | wps 26049 | ups 2 | wpb 13799.390 | bsz 990.947 | num_updates 2400 | lr 0.00060004 | gnorm 0.353 | clip 0.000 | oom 0.000 | wall 1288 | train_wall 1169
| epoch 006 | valid on 'valid' subset | loss 7.924 | nll_loss 6.083 | ppl 67.81 | num_updates 2400
| epoch 007 | loss 6.466 | nll_loss 4.413 | ppl 21.3 | wps 25896 | ups 2 | wpb 13799.390 | bsz 990.947 | num_updates 2800 | lr 0.00070003 | gnorm 0.344 | clip 0.000 | oom 0.000 | wall 1503 | train_wall 1364
| epoch 007 | valid on 'valid' subset | loss 7.723 | nll_loss 5.807 | ppl 55.97 | num_updates 2800
| epoch 008 | loss 6.322 | nll_loss 4.226 | ppl 18.71 | wps 25884 | ups 2 | wpb 13799.390 | bsz 990.947 | num_updates 3200 | lr 0.00080002 | gnorm 0.329 | clip 0.000 | oom 0.000 | wall 1718 | train_wall 1559
| epoch 008 | valid on 'valid' subset | loss 7.591 | nll_loss 5.635 | ppl 49.7 | num_updates 3200
| epoch 009 | loss 6.215 | nll_loss 4.086 | ppl 16.99 | wps 25896 | ups 2 | wpb 13799.390 | bsz 990.947 | num_updates 3600 | lr 0.00090001 | gnorm 0.317 | clip 0.000 | oom 0.000 | wall 1933 | train_wall 1754
| epoch 009 | valid on 'valid' subset | loss 7.449 | nll_loss 5.435 | ppl 43.26 | num_updates 3600
| epoch 010 | loss 6.128 | nll_loss 3.974 | ppl 15.71 | wps 25940 | ups 2 | wpb 13799.390 | bsz 990.947 | num_updates 4000 | lr 0.001 | gnorm 0.300 | clip 0.000 | oom 0.000 | wall 2147 | train_wall 1949
| epoch 010 | valid on 'valid' subset | loss 7.400 | nll_loss 5.336 | ppl 40.39 | num_updates 4000
| epoch 011 | loss 6.051 | nll_loss 3.876 | ppl 14.68 | wps 25873 | ups 2 | wpb 13799.390 | bsz 990.947 | num_updates 4400 | lr 0.000953463 | gnorm 0.287 | clip 0.000 | oom 0.000 | wall 2362 | train_wall 2143
| epoch 011 | valid on 'valid' subset | loss 7.296 | nll_loss 5.224 | ppl 37.37 | num_updates 4400
| epoch 012 | loss 5.970 | nll_loss 3.772 | ppl 13.66 | wps 25888 | ups 2 | wpb 13799.390 | bsz 990.947 | num_updates 4800 | lr 0.000912871 | gnorm 0.266 | clip 0.000 | oom 0.000 | wall 2577 | train_wall 2338
| epoch 012 | valid on 'valid' subset | loss 7.198 | nll_loss 5.068 | ppl 33.54 | num_updates 4800
| epoch 013 | loss 5.906 | nll_loss 3.689 | ppl 12.9 | wps 25965 | ups 2 | wpb 13799.390 | bsz 990.947 | num_updates 5200 | lr 0.000877058 | gnorm 0.251 | clip 0.000 | oom 0.000 | wall 2791 | train_wall 2532
| epoch 013 | valid on 'valid' subset | loss 7.130 | nll_loss 4.972 | ppl 31.39 | num_updates 5200
| epoch 014 | loss 5.853 | nll_loss 3.623 | ppl 12.32 | wps 26045 | ups 2 | wpb 13799.390 | bsz 990.947 | num_updates 5600 | lr 0.000845154 | gnorm 0.246 | clip 0.000 | oom 0.000 | wall 3005 | train_wall 2726
| epoch 014 | valid on 'valid' subset | loss 7.091 | nll_loss 4.915 | ppl 30.18 | num_updates 5600
| epoch 015 | loss 5.806 | nll_loss 3.563 | ppl 11.82 | wps 25921 | ups 2 | wpb 13799.390 | bsz 990.947 | num_updates 6000 | lr 0.000816497 | gnorm 0.240 | clip 0.000 | oom 0.000 | wall 3219 | train_wall 2921
| epoch 015 | valid on 'valid' subset | loss 6.997 | nll_loss 4.797 | ppl 27.8 | num_updates 6000
| epoch 016 | loss 5.766 | nll_loss 3.512 | ppl 11.41 | wps 26001 | ups 2 | wpb 13799.390 | bsz 990.947 | num_updates 6400 | lr 0.000790569 | gnorm 0.235 | clip 0.000 | oom 0.000 | wall 3433 | train_wall 3115
| epoch 016 | valid on 'valid' subset | loss 6.972 | nll_loss 4.744 | ppl 26.79 | num_updates 6400
| epoch 017 | loss 5.730 | nll_loss 3.465 | ppl 11.05 | wps 26060 | ups 2 | wpb 13799.390 | bsz 990.947 | num_updates 6800 | lr 0.000766965 | gnorm 0.227 | clip 0.000 | oom 0.000 | wall 3647 | train_wall 3309
| epoch 017 | valid on 'valid' subset | loss 6.915 | nll_loss 4.661 | ppl 25.29 | num_updates 6800
| epoch 018 | loss 5.700 | nll_loss 3.427 | ppl 10.76 | wps 25757 | ups 2 | wpb 13799.390 | bsz 990.947 | num_updates 7200 | lr 0.000745356 | gnorm 0.224 | clip 0.000 | oom 0.000 | wall 3862 | train_wall 3505
| epoch 018 | valid on 'valid' subset | loss 6.923 | nll_loss 4.676 | ppl 25.57 | num_updates 7200
| epoch 019 | loss 5.670 | nll_loss 3.390 | ppl 10.48 | wps 25915 | ups 2 | wpb 13799.390 | bsz 990.947 | num_updates 7600 | lr 0.000725476 | gnorm 0.218 | clip 0.000 | oom 0.000 | wall 4077 | train_wall 3699
| epoch 019 | valid on 'valid' subset | loss 6.849 | nll_loss 4.588 | ppl 24.05 | num_updates 7600
| epoch 020 | loss 5.646 | nll_loss 3.359 | ppl 10.26 | wps 26082 | ups 2 | wpb 13799.390 | bsz 990.947 | num_updates 8000 | lr 0.000707107 | gnorm 0.217 | clip 0.000 | oom 0.000 | wall 4290 | train_wall 3893
| epoch 020 | valid on 'valid' subset | loss 6.830 | nll_loss 4.549 | ppl 23.41 | num_updates 8000
| epoch 021 | loss 5.622 | nll_loss 3.328 | ppl 10.04 | wps 25991 | ups 2 | wpb 13799.390 | bsz 990.947 | num_updates 8400 | lr 0.000690066 | gnorm 0.214 | clip 0.000 | oom 0.000 | wall 4505 | train_wall 4088
| epoch 021 | valid on 'valid' subset | loss 6.798 | nll_loss 4.499 | ppl 22.62 | num_updates 8400
| epoch 022 | loss 5.601 | nll_loss 3.302 | ppl 9.86 | wps 25887 | ups 2 | wpb 13799.390 | bsz 990.947 | num_updates 8800 | lr 0.0006742 | gnorm 0.210 | clip 0.000 | oom 0.000 | wall 4719 | train_wall 4282
| epoch 022 | valid on 'valid' subset | loss 6.758 | nll_loss 4.458 | ppl 21.98 | num_updates 8800
| epoch 023 | loss 5.581 | nll_loss 3.276 | ppl 9.69 | wps 25841 | ups 2 | wpb 13799.390 | bsz 990.947 | num_updates 9200 | lr 0.00065938 | gnorm 0.209 | clip 0.000 | oom 0.000 | wall 4935 | train_wall 4477
| epoch 023 | valid on 'valid' subset | loss 6.739 | nll_loss 4.425 | ppl 21.49 | num_updates 9200
| epoch 024 | loss 5.565 | nll_loss 3.255 | ppl 9.55 | wps 25938 | ups 2 | wpb 13799.390 | bsz 990.947 | num_updates 9600 | lr 0.000645497 | gnorm 0.209 | clip 0.000 | oom 0.000 | wall 5149 | train_wall 4672
| epoch 024 | valid on 'valid' subset | loss 6.723 | nll_loss 4.405 | ppl 21.19 | num_updates 9600
| epoch 025 | loss 5.546 | nll_loss 3.231 | ppl 9.39 | wps 25834 | ups 2 | wpb 13799.390 | bsz 990.947 | num_updates 10000 | lr 0.000632456 | gnorm 0.206 | clip 0.000 | oom 0.000 | wall 5364 | train_wall 4867
| epoch 025 | valid on 'valid' subset | loss 6.751 | nll_loss 4.433 | ppl 21.6 | num_updates 10000
| epoch 026 | loss 5.531 | nll_loss 3.212 | ppl 9.26 | wps 26038 | ups 2 | wpb 13799.390 | bsz 990.947 | num_updates 10400 | lr 0.000620174 | gnorm 0.203 | clip 0.000 | oom 0.000 | wall 5578 | train_wall 5062
| epoch 026 | valid on 'valid' subset | loss 6.703 | nll_loss 4.361 | ppl 20.55 | num_updates 10400
| epoch 027 | loss 5.516 | nll_loss 3.192 | ppl 9.14 | wps 25820 | ups 2 | wpb 13799.390 | bsz 990.947 | num_updates 10800 | lr 0.000608581 | gnorm 0.203 | clip 0.000 | oom 0.000 | wall 5793 | train_wall 5257
| epoch 027 | valid on 'valid' subset | loss 6.711 | nll_loss 4.380 | ppl 20.82 | num_updates 10800
| epoch 028 | loss 5.503 | nll_loss 3.176 | ppl 9.04 | wps 25936 | ups 2 | wpb 13799.390 | bsz 990.947 | num_updates 11200 | lr 0.000597614 | gnorm 0.203 | clip 0.000 | oom 0.000 | wall 6008 | train_wall 5451
| epoch 028 | valid on 'valid' subset | loss 6.670 | nll_loss 4.321 | ppl 19.99 | num_updates 11200
| epoch 029 | loss 5.490 | nll_loss 3.160 | ppl 8.94 | wps 26005 | ups 2 | wpb 13799.390 | bsz 990.947 | num_updates 11600 | lr 0.00058722 | gnorm 0.201 | clip 0.000 | oom 0.000 | wall 6222 | train_wall 5645
| epoch 029 | valid on 'valid' subset | loss 6.661 | nll_loss 4.310 | ppl 19.84 | num_updates 11600
| epoch 030 | loss 5.477 | nll_loss 3.143 | ppl 8.83 | wps 25983 | ups 2 | wpb 13799.390 | bsz 990.947 | num_updates 12000 | lr 0.00057735 | gnorm 0.199 | clip 0.000 | oom 0.000 | wall 6436 | train_wall 5839
| epoch 030 | valid on 'valid' subset | loss 6.635 | nll_loss 4.278 | ppl 19.4 | num_updates 12000
| saved checkpoint ./checkpoints/2020-06-19T04-54-04-00-exp28-bpe5000-lowercase-si-seed13-lowercase/checkpoints_si_en/checkpoint30.pt (epoch 30 @ 12000 updates) (writing took 0.8940966129302979 seconds)
| epoch 031 | loss 5.466 | nll_loss 3.129 | ppl 8.75 | wps 25865 | ups 2 | wpb 13799.390 | bsz 990.947 | num_updates 12400 | lr 0.000567962 | gnorm 0.200 | clip 0.000 | oom 0.000 | wall 6652 | train_wall 6034
| epoch 031 | valid on 'valid' subset | loss 6.635 | nll_loss 4.274 | ppl 19.35 | num_updates 12400 | best_loss 6.63469
| epoch 032 | loss 5.455 | nll_loss 3.115 | ppl 8.67 | wps 25816 | ups 2 | wpb 13799.390 | bsz 990.947 | num_updates 12800 | lr 0.000559017 | gnorm 0.198 | clip 0.000 | oom 0.000 | wall 6867 | train_wall 6229
| epoch 032 | valid on 'valid' subset | loss 6.638 | nll_loss 4.277 | ppl 19.39 | num_updates 12800 | best_loss 6.63469
| epoch 033 | loss 5.444 | nll_loss 3.102 | ppl 8.59 | wps 25883 | ups 2 | wpb 13799.390 | bsz 990.947 | num_updates 13200 | lr 0.000550482 | gnorm 0.198 | clip 0.000 | oom 0.000 | wall 7082 | train_wall 6424
| epoch 033 | valid on 'valid' subset | loss 6.591 | nll_loss 4.223 | ppl 18.67 | num_updates 13200 | best_loss 6.59069
| epoch 034 | loss 5.433 | nll_loss 3.087 | ppl 8.5 | wps 26054 | ups 2 | wpb 13799.390 | bsz 990.947 | num_updates 13600 | lr 0.000542326 | gnorm 0.198 | clip 0.000 | oom 0.000 | wall 7296 | train_wall 6618
| epoch 034 | valid on 'valid' subset | loss 6.625 | nll_loss 4.268 | ppl 19.27 | num_updates 13600 | best_loss 6.62505
| epoch 035 | loss 5.424 | nll_loss 3.076 | ppl 8.43 | wps 26025 | ups 2 | wpb 13799.390 | bsz 990.947 | num_updates 14000 | lr 0.000534522 | gnorm 0.196 | clip 0.000 | oom 0.000 | wall 7509 | train_wall 6812
| epoch 035 | valid on 'valid' subset | loss 6.594 | nll_loss 4.210 | ppl 18.51 | num_updates 14000 | best_loss 6.59428
| epoch 036 | loss 5.415 | nll_loss 3.064 | ppl 8.36 | wps 25853 | ups 2 | wpb 13799.390 | bsz 990.947 | num_updates 14400 | lr 0.000527046 | gnorm 0.195 | clip 0.000 | oom 0.000 | wall 7725 | train_wall 7008
| epoch 036 | valid on 'valid' subset | loss 6.573 | nll_loss 4.188 | ppl 18.22 | num_updates 14400 | best_loss 6.57295
| epoch 037 | loss 5.407 | nll_loss 3.053 | ppl 8.3 | wps 25884 | ups 2 | wpb 13799.390 | bsz 990.947 | num_updates 14800 | lr 0.000519875 | gnorm 0.196 | clip 0.000 | oom 0.000 | wall 7940 | train_wall 7202
| epoch 037 | valid on 'valid' subset | loss 6.546 | nll_loss 4.164 | ppl 17.93 | num_updates 14800 | best_loss 6.54618
| epoch 038 | loss 5.398 | nll_loss 3.043 | ppl 8.24 | wps 25993 | ups 2 | wpb 13799.390 | bsz 990.947 | num_updates 15200 | lr 0.000512989 | gnorm 0.194 | clip 0.000 | oom 0.000 | wall 8154 | train_wall 7397
| epoch 038 | valid on 'valid' subset | loss 6.586 | nll_loss 4.219 | ppl 18.63 | num_updates 15200 | best_loss 6.58619
| epoch 039 | loss 5.390 | nll_loss 3.033 | ppl 8.18 | wps 25999 | ups 2 | wpb 13799.390 | bsz 990.947 | num_updates 15600 | lr 0.00050637 | gnorm 0.195 | clip 0.000 | oom 0.000 | wall 8368 | train_wall 7591
| epoch 039 | valid on 'valid' subset | loss 6.544 | nll_loss 4.153 | ppl 17.79 | num_updates 15600 | best_loss 6.54434
| epoch 040 | loss 5.383 | nll_loss 3.023 | ppl 8.13 | wps 25822 | ups 2 | wpb 13799.390 | bsz 990.947 | num_updates 16000 | lr 0.0005 | gnorm 0.194 | clip 0.000 | oom 0.000 | wall 8583 | train_wall 7786
| epoch 040 | valid on 'valid' subset | loss 6.561 | nll_loss 4.173 | ppl 18.04 | num_updates 16000 | best_loss 6.5612
| epoch 041 | loss 5.376 | nll_loss 3.014 | ppl 8.08 | wps 25907 | ups 2 | wpb 13799.390 | bsz 990.947 | num_updates 16400 | lr 0.000493865 | gnorm 0.194 | clip 0.000 | oom 0.000 | wall 8798 | train_wall 7981
| epoch 041 | valid on 'valid' subset | loss 6.556 | nll_loss 4.163 | ppl 17.91 | num_updates 16400 | best_loss 6.55634
| epoch 042 | loss 5.368 | nll_loss 3.003 | ppl 8.02 | wps 26051 | ups 2 | wpb 13799.390 | bsz 990.947 | num_updates 16800 | lr 0.00048795 | gnorm 0.195 | clip 0.000 | oom 0.000 | wall 9011 | train_wall 8175
| epoch 042 | valid on 'valid' subset | loss 6.544 | nll_loss 4.140 | ppl 17.63 | num_updates 16800 | best_loss 6.54355
| epoch 043 | loss 5.361 | nll_loss 2.995 | ppl 7.97 | wps 26048 | ups 2 | wpb 13799.390 | bsz 990.947 | num_updates 17200 | lr 0.000482243 | gnorm 0.193 | clip 0.000 | oom 0.000 | wall 9225 | train_wall 8369
| epoch 043 | valid on 'valid' subset | loss 6.511 | nll_loss 4.113 | ppl 17.31 | num_updates 17200 | best_loss 6.51147
| epoch 044 | loss 5.356 | nll_loss 2.988 | ppl 7.94 | wps 25933 | ups 2 | wpb 13799.390 | bsz 990.947 | num_updates 17600 | lr 0.000476731 | gnorm 0.193 | clip 0.000 | oom 0.000 | wall 9439 | train_wall 8563
| epoch 044 | valid on 'valid' subset | loss 6.496 | nll_loss 4.092 | ppl 17.06 | num_updates 17600 | best_loss 6.4955
| epoch 045 | loss 5.349 | nll_loss 2.980 | ppl 7.89 | wps 26040 | ups 2 | wpb 13799.390 | bsz 990.947 | num_updates 18000 | lr 0.000471405 | gnorm 0.195 | clip 0.000 | oom 0.000 | wall 9653 | train_wall 8757
| epoch 045 | valid on 'valid' subset | loss 6.518 | nll_loss 4.115 | ppl 17.33 | num_updates 18000 | best_loss 6.51784
| epoch 046 | loss 5.342 | nll_loss 2.970 | ppl 7.84 | wps 25953 | ups 2 | wpb 13799.390 | bsz 990.947 | num_updates 18400 | lr 0.000466252 | gnorm 0.194 | clip 0.000 | oom 0.000 | wall 9867 | train_wall 8952
| epoch 046 | valid on 'valid' subset | loss 6.505 | nll_loss 4.102 | ppl 17.17 | num_updates 18400 | best_loss 6.50504
| epoch 047 | loss 5.336 | nll_loss 2.963 | ppl 7.8 | wps 25944 | ups 2 | wpb 13799.390 | bsz 990.947 | num_updates 18800 | lr 0.000461266 | gnorm 0.193 | clip 0.000 | oom 0.000 | wall 10082 | train_wall 9146
| epoch 047 | valid on 'valid' subset | loss 6.487 | nll_loss 4.077 | ppl 16.88 | num_updates 18800 | best_loss 6.48673
| epoch 048 | loss 5.332 | nll_loss 2.958 | ppl 7.77 | wps 26058 | ups 2 | wpb 13799.390 | bsz 990.947 | num_updates 19200 | lr 0.000456435 | gnorm 0.194 | clip 0.000 | oom 0.000 | wall 10295 | train_wall 9341
| epoch 048 | valid on 'valid' subset | loss 6.492 | nll_loss 4.076 | ppl 16.86 | num_updates 19200 | best_loss 6.49171
| epoch 049 | loss 5.325 | nll_loss 2.949 | ppl 7.72 | wps 25958 | ups 2 | wpb 13799.390 | bsz 990.947 | num_updates 19600 | lr 0.000451754 | gnorm 0.192 | clip 0.000 | oom 0.000 | wall 10509 | train_wall 9535
| epoch 049 | valid on 'valid' subset | loss 6.458 | nll_loss 4.042 | ppl 16.47 | num_updates 19600 | best_loss 6.45839
| epoch 050 | loss 5.319 | nll_loss 2.942 | ppl 7.68 | wps 25887 | ups 2 | wpb 13799.390 | bsz 990.947 | num_updates 20000 | lr 0.000447214 | gnorm 0.193 | clip 0.000 | oom 0.000 | wall 10724 | train_wall 9730
| epoch 050 | valid on 'valid' subset | loss 6.492 | nll_loss 4.079 | ppl 16.9 | num_updates 20000 | best_loss 6.49224
| epoch 051 | loss 5.315 | nll_loss 2.936 | ppl 7.65 | wps 25910 | ups 2 | wpb 13799.390 | bsz 990.947 | num_updates 20400 | lr 0.000442807 | gnorm 0.193 | clip 0.000 | oom 0.000 | wall 10939 | train_wall 9924
| epoch 051 | valid on 'valid' subset | loss 6.498 | nll_loss 4.077 | ppl 16.88 | num_updates 20400 | best_loss 6.49813
| epoch 052 | loss 5.308 | nll_loss 2.927 | ppl 7.61 | wps 25852 | ups 2 | wpb 13799.390 | bsz 990.947 | num_updates 20800 | lr 0.000438529 | gnorm 0.192 | clip 0.000 | oom 0.000 | wall 11154 | train_wall 10119
| epoch 052 | valid on 'valid' subset | loss 6.464 | nll_loss 4.044 | ppl 16.49 | num_updates 20800 | best_loss 6.46375
| epoch 053 | loss 5.305 | nll_loss 2.924 | ppl 7.59 | wps 25803 | ups 2 | wpb 13799.390 | bsz 990.947 | num_updates 21200 | lr 0.000434372 | gnorm 0.192 | clip 0.000 | oom 0.000 | wall 11370 | train_wall 10315
| epoch 053 | valid on 'valid' subset | loss 6.477 | nll_loss 4.062 | ppl 16.7 | num_updates 21200 | best_loss 6.47714
| epoch 054 | loss 5.299 | nll_loss 2.915 | ppl 7.54 | wps 25795 | ups 2 | wpb 13799.390 | bsz 990.947 | num_updates 21600 | lr 0.000430331 | gnorm 0.192 | clip 0.000 | oom 0.000 | wall 11585 | train_wall 10510
| epoch 054 | valid on 'valid' subset | loss 6.474 | nll_loss 4.052 | ppl 16.59 | num_updates 21600 | best_loss 6.47404
| epoch 055 | loss 5.294 | nll_loss 2.909 | ppl 7.51 | wps 26039 | ups 2 | wpb 13799.390 | bsz 990.947 | num_updates 22000 | lr 0.000426401 | gnorm 0.192 | clip 0.000 | oom 0.000 | wall 11799 | train_wall 10704
| epoch 055 | valid on 'valid' subset | loss 6.463 | nll_loss 4.039 | ppl 16.43 | num_updates 22000 | best_loss 6.46341
| epoch 056 | loss 5.291 | nll_loss 2.905 | ppl 7.49 | wps 26043 | ups 2 | wpb 13799.390 | bsz 990.947 | num_updates 22400 | lr 0.000422577 | gnorm 0.192 | clip 0.000 | oom 0.000 | wall 12013 | train_wall 10898
| epoch 056 | valid on 'valid' subset | loss 6.439 | nll_loss 4.012 | ppl 16.14 | num_updates 22400 | best_loss 6.43871
| epoch 057 | loss 5.287 | nll_loss 2.900 | ppl 7.46 | wps 25934 | ups 2 | wpb 13799.390 | bsz 990.947 | num_updates 22800 | lr 0.000418854 | gnorm 0.195 | clip 0.000 | oom 0.000 | wall 12227 | train_wall 11093
| epoch 057 | valid on 'valid' subset | loss 6.464 | nll_loss 4.043 | ppl 16.49 | num_updates 22800 | best_loss 6.46356
| epoch 058 | loss 5.281 | nll_loss 2.892 | ppl 7.43 | wps 25986 | ups 2 | wpb 13799.390 | bsz 990.947 | num_updates 23200 | lr 0.000415227 | gnorm 0.192 | clip 0.000 | oom 0.000 | wall 12441 | train_wall 11287
| epoch 058 | valid on 'valid' subset | loss 6.434 | nll_loss 4.004 | ppl 16.04 | num_updates 23200 | best_loss 6.43353
| epoch 059 | loss 5.277 | nll_loss 2.888 | ppl 7.4 | wps 25950 | ups 2 | wpb 13799.390 | bsz 990.947 | num_updates 23600 | lr 0.000411693 | gnorm 0.191 | clip 0.000 | oom 0.000 | wall 12655 | train_wall 11481
| epoch 059 | valid on 'valid' subset | loss 6.430 | nll_loss 3.998 | ppl 15.97 | num_updates 23600 | best_loss 6.43044
| epoch 060 | loss 5.273 | nll_loss 2.882 | ppl 7.37 | wps 25973 | ups 2 | wpb 13799.390 | bsz 990.947 | num_updates 24000 | lr 0.000408248 | gnorm 0.191 | clip 0.000 | oom 0.000 | wall 12870 | train_wall 11676
| epoch 060 | valid on 'valid' subset | loss 6.472 | nll_loss 4.041 | ppl 16.46 | num_updates 24000 | best_loss 6.47164
| saved checkpoint ./checkpoints/2020-06-19T04-54-04-00-exp28-bpe5000-lowercase-si-seed13-lowercase/checkpoints_si_en/checkpoint60.pt (epoch 60 @ 24000 updates) (writing took 1.3837780952453613 seconds)
| epoch 061 | loss 5.269 | nll_loss 2.877 | ppl 7.35 | wps 25994 | ups 2 | wpb 13799.390 | bsz 990.947 | num_updates 24400 | lr 0.000404888 | gnorm 0.191 | clip 0.000 | oom 0.000 | wall 13085 | train_wall 11870
| epoch 061 | valid on 'valid' subset | loss 6.430 | nll_loss 3.993 | ppl 15.92 | num_updates 24400 | best_loss 6.42989
| epoch 062 | loss 5.266 | nll_loss 2.874 | ppl 7.33 | wps 25860 | ups 2 | wpb 13799.390 | bsz 990.947 | num_updates 24800 | lr 0.00040161 | gnorm 0.194 | clip 0.000 | oom 0.000 | wall 13300 | train_wall 12065
| epoch 062 | valid on 'valid' subset | loss 6.460 | nll_loss 4.031 | ppl 16.35 | num_updates 24800 | best_loss 6.46025
| epoch 063 | loss 5.261 | nll_loss 2.868 | ppl 7.3 | wps 25945 | ups 2 | wpb 13799.390 | bsz 990.947 | num_updates 25200 | lr 0.00039841 | gnorm 0.192 | clip 0.000 | oom 0.000 | wall 13514 | train_wall 12259
| epoch 063 | valid on 'valid' subset | loss 6.456 | nll_loss 4.015 | ppl 16.16 | num_updates 25200 | best_loss 6.4559
| epoch 064 | loss 5.259 | nll_loss 2.865 | ppl 7.28 | wps 25998 | ups 2 | wpb 13799.390 | bsz 990.947 | num_updates 25600 | lr 0.000395285 | gnorm 0.194 | clip 0.000 | oom 0.000 | wall 13728 | train_wall 12454
| epoch 064 | valid on 'valid' subset | loss 6.429 | nll_loss 3.996 | ppl 15.96 | num_updates 25600 | best_loss 6.42904
| epoch 065 | loss 5.255 | nll_loss 2.859 | ppl 7.25 | wps 26050 | ups 2 | wpb 13799.390 | bsz 990.947 | num_updates 26000 | lr 0.000392232 | gnorm 0.192 | clip 0.000 | oom 0.000 | wall 13942 | train_wall 12648
| epoch 065 | valid on 'valid' subset | loss 6.415 | nll_loss 3.968 | ppl 15.65 | num_updates 26000 | best_loss 6.41545
| epoch 066 | loss 5.251 | nll_loss 2.854 | ppl 7.23 | wps 26067 | ups 2 | wpb 13799.390 | bsz 990.947 | num_updates 26400 | lr 0.000389249 | gnorm 0.193 | clip 0.000 | oom 0.000 | wall 14155 | train_wall 12842
| epoch 066 | valid on 'valid' subset | loss 6.421 | nll_loss 3.986 | ppl 15.84 | num_updates 26400 | best_loss 6.42115
| epoch 067 | loss 5.248 | nll_loss 2.850 | ppl 7.21 | wps 26085 | ups 2 | wpb 13799.390 | bsz 990.947 | num_updates 26800 | lr 0.000386334 | gnorm 0.191 | clip 0.000 | oom 0.000 | wall 14369 | train_wall 13036
| epoch 067 | valid on 'valid' subset | loss 6.397 | nll_loss 3.960 | ppl 15.57 | num_updates 26800 | best_loss 6.39744
| epoch 068 | loss 5.245 | nll_loss 2.846 | ppl 7.19 | wps 25875 | ups 2 | wpb 13799.390 | bsz 990.947 | num_updates 27200 | lr 0.000383482 | gnorm 0.194 | clip 0.000 | oom 0.000 | wall 14584 | train_wall 13231
| epoch 068 | valid on 'valid' subset | loss 6.402 | nll_loss 3.964 | ppl 15.61 | num_updates 27200 | best_loss 6.40244
| epoch 069 | loss 5.241 | nll_loss 2.842 | ppl 7.17 | wps 25872 | ups 2 | wpb 13799.390 | bsz 990.947 | num_updates 27600 | lr 0.000380693 | gnorm 0.191 | clip 0.000 | oom 0.000 | wall 14798 | train_wall 13425
| epoch 069 | valid on 'valid' subset | loss 6.414 | nll_loss 3.975 | ppl 15.72 | num_updates 27600 | best_loss 6.41388
| epoch 070 | loss 5.237 | nll_loss 2.837 | ppl 7.14 | wps 25872 | ups 2 | wpb 13799.390 | bsz 990.947 | num_updates 28000 | lr 0.000377964 | gnorm 0.192 | clip 0.000 | oom 0.000 | wall 15013 | train_wall 13620
| epoch 070 | valid on 'valid' subset | loss 6.387 | nll_loss 3.939 | ppl 15.34 | num_updates 28000 | best_loss 6.38679
| epoch 071 | loss 5.234 | nll_loss 2.833 | ppl 7.13 | wps 26077 | ups 2 | wpb 13799.390 | bsz 990.947 | num_updates 28400 | lr 0.000375293 | gnorm 0.194 | clip 0.000 | oom 0.000 | wall 15227 | train_wall 13814
| epoch 071 | valid on 'valid' subset | loss 6.394 | nll_loss 3.954 | ppl 15.49 | num_updates 28400 | best_loss 6.39399
| epoch 072 | loss 5.232 | nll_loss 2.830 | ppl 7.11 | wps 26057 | ups 2 | wpb 13799.390 | bsz 990.947 | num_updates 28800 | lr 0.000372678 | gnorm 0.193 | clip 0.000 | oom 0.000 | wall 15440 | train_wall 14008
| epoch 072 | valid on 'valid' subset | loss 6.411 | nll_loss 3.972 | ppl 15.69 | num_updates 28800 | best_loss 6.41063
| epoch 073 | loss 5.229 | nll_loss 2.825 | ppl 7.09 | wps 26064 | ups 2 | wpb 13799.390 | bsz 990.947 | num_updates 29200 | lr 0.000370117 | gnorm 0.193 | clip 0.000 | oom 0.000 | wall 15654 | train_wall 14202
| epoch 073 | valid on 'valid' subset | loss 6.373 | nll_loss 3.925 | ppl 15.19 | num_updates 29200 | best_loss 6.37302
| epoch 074 | loss 5.225 | nll_loss 2.821 | ppl 7.07 | wps 25998 | ups 2 | wpb 13799.390 | bsz 990.947 | num_updates 29600 | lr 0.000367607 | gnorm 0.193 | clip 0.000 | oom 0.000 | wall 15868 | train_wall 14397
| epoch 074 | valid on 'valid' subset | loss 6.404 | nll_loss 3.962 | ppl 15.58 | num_updates 29600 | best_loss 6.40432
| epoch 075 | loss 5.223 | nll_loss 2.819 | ppl 7.06 | wps 25753 | ups 2 | wpb 13799.390 | bsz 990.947 | num_updates 30000 | lr 0.000365148 | gnorm 0.193 | clip 0.000 | oom 0.000 | wall 16084 | train_wall 14593
| epoch 075 | valid on 'valid' subset | loss 6.407 | nll_loss 3.964 | ppl 15.6 | num_updates 30000 | best_loss 6.40746
| epoch 076 | loss 5.220 | nll_loss 2.814 | ppl 7.03 | wps 25762 | ups 2 | wpb 13799.390 | bsz 990.947 | num_updates 30400 | lr 0.000362738 | gnorm 0.191 | clip 0.000 | oom 0.000 | wall 16300 | train_wall 14788
| epoch 076 | valid on 'valid' subset | loss 6.386 | nll_loss 3.935 | ppl 15.29 | num_updates 30400 | best_loss 6.38632
| epoch 077 | loss 5.217 | nll_loss 2.811 | ppl 7.02 | wps 25793 | ups 2 | wpb 13799.390 | bsz 990.947 | num_updates 30800 | lr 0.000360375 | gnorm 0.195 | clip 0.000 | oom 0.000 | wall 16515 | train_wall 14984
| epoch 077 | valid on 'valid' subset | loss 6.412 | nll_loss 3.962 | ppl 15.58 | num_updates 30800 | best_loss 6.41167
| epoch 078 | loss 5.214 | nll_loss 2.807 | ppl 7 | wps 25575 | ups 2 | wpb 13799.390 | bsz 990.947 | num_updates 31200 | lr 0.000358057 | gnorm 0.192 | clip 0.000 | oom 0.000 | wall 16733 | train_wall 15180
| epoch 078 | valid on 'valid' subset | loss 6.409 | nll_loss 3.963 | ppl 15.6 | num_updates 31200 | best_loss 6.40943
| epoch 079 | loss 5.212 | nll_loss 2.804 | ppl 6.98 | wps 25702 | ups 2 | wpb 13799.390 | bsz 990.947 | num_updates 31600 | lr 0.000355784 | gnorm 0.193 | clip 0.000 | oom 0.000 | wall 16949 | train_wall 15376
| epoch 079 | valid on 'valid' subset | loss 6.377 | nll_loss 3.930 | ppl 15.24 | num_updates 31600 | best_loss 6.37678
| epoch 080 | loss 5.208 | nll_loss 2.799 | ppl 6.96 | wps 25623 | ups 2 | wpb 13799.390 | bsz 990.947 | num_updates 32000 | lr 0.000353553 | gnorm 0.194 | clip 0.000 | oom 0.000 | wall 17166 | train_wall 15572
| epoch 080 | valid on 'valid' subset | loss 6.370 | nll_loss 3.917 | ppl 15.11 | num_updates 32000 | best_loss 6.3703
| epoch 081 | loss 5.206 | nll_loss 2.797 | ppl 6.95 | wps 25655 | ups 2 | wpb 13799.390 | bsz 990.947 | num_updates 32400 | lr 0.000351364 | gnorm 0.192 | clip 0.000 | oom 0.000 | wall 17383 | train_wall 15768
| epoch 081 | valid on 'valid' subset | loss 6.365 | nll_loss 3.914 | ppl 15.07 | num_updates 32400 | best_loss 6.36527
| epoch 082 | loss 5.203 | nll_loss 2.792 | ppl 6.93 | wps 25770 | ups 2 | wpb 13799.390 | bsz 990.947 | num_updates 32800 | lr 0.000349215 | gnorm 0.192 | clip 0.000 | oom 0.000 | wall 17599 | train_wall 15964
| epoch 082 | valid on 'valid' subset | loss 6.388 | nll_loss 3.932 | ppl 15.27 | num_updates 32800 | best_loss 6.38821
| epoch 083 | loss 5.201 | nll_loss 2.790 | ppl 6.92 | wps 25625 | ups 2 | wpb 13799.390 | bsz 990.947 | num_updates 33200 | lr 0.000347105 | gnorm 0.193 | clip 0.000 | oom 0.000 | wall 17816 | train_wall 16160
| epoch 083 | valid on 'valid' subset | loss 6.372 | nll_loss 3.922 | ppl 15.15 | num_updates 33200 | best_loss 6.37215
| epoch 084 | loss 5.199 | nll_loss 2.787 | ppl 6.9 | wps 25657 | ups 2 | wpb 13799.390 | bsz 990.947 | num_updates 33600 | lr 0.000345033 | gnorm 0.193 | clip 0.000 | oom 0.000 | wall 18033 | train_wall 16356
| epoch 084 | valid on 'valid' subset | loss 6.379 | nll_loss 3.934 | ppl 15.28 | num_updates 33600 | best_loss 6.37945
| epoch 085 | loss 5.196 | nll_loss 2.784 | ppl 6.89 | wps 25776 | ups 2 | wpb 13799.390 | bsz 990.947 | num_updates 34000 | lr 0.000342997 | gnorm 0.194 | clip 0.000 | oom 0.000 | wall 18248 | train_wall 16551
| epoch 085 | valid on 'valid' subset | loss 6.390 | nll_loss 3.942 | ppl 15.37 | num_updates 34000 | best_loss 6.39005
| epoch 086 | loss 5.193 | nll_loss 2.780 | ppl 6.87 | wps 25559 | ups 2 | wpb 13799.390 | bsz 990.947 | num_updates 34400 | lr 0.000340997 | gnorm 0.193 | clip 0.000 | oom 0.000 | wall 18466 | train_wall 16748
| epoch 086 | valid on 'valid' subset | loss 6.403 | nll_loss 3.958 | ppl 15.54 | num_updates 34400 | best_loss 6.40341
| epoch 087 | loss 5.191 | nll_loss 2.777 | ppl 6.85 | wps 25584 | ups 2 | wpb 13799.390 | bsz 990.947 | num_updates 34800 | lr 0.000339032 | gnorm 0.193 | clip 0.000 | oom 0.000 | wall 18684 | train_wall 16944
| epoch 087 | valid on 'valid' subset | loss 6.361 | nll_loss 3.913 | ppl 15.07 | num_updates 34800 | best_loss 6.36098
| epoch 088 | loss 5.189 | nll_loss 2.774 | ppl 6.84 | wps 25597 | ups 2 | wpb 13799.390 | bsz 990.947 | num_updates 35200 | lr 0.0003371 | gnorm 0.193 | clip 0.000 | oom 0.000 | wall 18901 | train_wall 17140
| epoch 088 | valid on 'valid' subset | loss 6.388 | nll_loss 3.941 | ppl 15.36 | num_updates 35200 | best_loss 6.38834
| epoch 089 | loss 5.187 | nll_loss 2.772 | ppl 6.83 | wps 25530 | ups 2 | wpb 13799.390 | bsz 990.947 | num_updates 35600 | lr 0.000335201 | gnorm 0.193 | clip 0.000 | oom 0.000 | wall 19119 | train_wall 17337
| epoch 089 | valid on 'valid' subset | loss 6.397 | nll_loss 3.947 | ppl 15.42 | num_updates 35600 | best_loss 6.39659
| epoch 090 | loss 5.184 | nll_loss 2.769 | ppl 6.82 | wps 25516 | ups 2 | wpb 13799.390 | bsz 990.947 | num_updates 36000 | lr 0.000333333 | gnorm 0.194 | clip 0.000 | oom 0.000 | wall 19337 | train_wall 17534
| epoch 090 | valid on 'valid' subset | loss 6.368 | nll_loss 3.925 | ppl 15.19 | num_updates 36000 | best_loss 6.36827
| saved checkpoint ./checkpoints/2020-06-19T04-54-04-00-exp28-bpe5000-lowercase-si-seed13-lowercase/checkpoints_si_en/checkpoint90.pt (epoch 90 @ 36000 updates) (writing took 1.3054745197296143 seconds)
| epoch 091 | loss 5.182 | nll_loss 2.765 | ppl 6.8 | wps 25540 | ups 2 | wpb 13799.390 | bsz 990.947 | num_updates 36400 | lr 0.000331497 | gnorm 0.194 | clip 0.000 | oom 0.000 | wall 19556 | train_wall 17731
| epoch 091 | valid on 'valid' subset | loss 6.357 | nll_loss 3.911 | ppl 15.04 | num_updates 36400 | best_loss 6.35744
| epoch 092 | loss 5.180 | nll_loss 2.763 | ppl 6.79 | wps 25632 | ups 2 | wpb 13799.390 | bsz 990.947 | num_updates 36800 | lr 0.00032969 | gnorm 0.191 | clip 0.000 | oom 0.000 | wall 19773 | train_wall 17927
| epoch 092 | valid on 'valid' subset | loss 6.379 | nll_loss 3.931 | ppl 15.25 | num_updates 36800 | best_loss 6.36827
| epoch 093 | loss 5.177 | nll_loss 2.760 | ppl 6.77 | wps 25550 | ups 2 | wpb 13799.390 | bsz 990.947 | num_updates 37200 | lr 0.000327913 | gnorm 0.194 | clip 0.000 | oom 0.000 | wall 19991 | train_wall 18123
| epoch 093 | valid on 'valid' subset | loss 6.363 | nll_loss 3.912 | ppl 15.06 | num_updates 37200 | best_loss 6.36304
| epoch 094 | loss 5.175 | nll_loss 2.756 | ppl 6.76 | wps 25548 | ups 2 | wpb 13799.390 | bsz 990.947 | num_updates 37600 | lr 0.000326164 | gnorm 0.192 | clip 0.000 | oom 0.000 | wall 20208 | train_wall 18320
| epoch 094 | valid on 'valid' subset | loss 6.393 | nll_loss 3.940 | ppl 15.35 | num_updates 37600 | best_loss 6.36827
| epoch 095 | loss 5.173 | nll_loss 2.754 | ppl 6.75 | wps 25681 | ups 2 | wpb 13799.390 | bsz 990.947 | num_updates 38000 | lr 0.000324443 | gnorm 0.195 | clip 0.000 | oom 0.000 | wall 20425 | train_wall 18516
| epoch 095 | valid on 'valid' subset | loss 6.370 | nll_loss 3.923 | ppl 15.17 | num_updates 38000 | best_loss 6.36827
| epoch 096 | loss 5.172 | nll_loss 2.753 | ppl 6.74 | wps 25662 | ups 2 | wpb 13799.390 | bsz 990.947 | num_updates 38400 | lr 0.000322749 | gnorm 0.195 | clip 0.000 | oom 0.000 | wall 20642 | train_wall 18712
| epoch 096 | valid on 'valid' subset | loss 6.352 | nll_loss 3.897 | ppl 14.9 | num_updates 38400 | best_loss 6.35163
| epoch 097 | loss 5.169 | nll_loss 2.749 | ppl 6.72 | wps 25717 | ups 2 | wpb 13799.390 | bsz 990.947 | num_updates 38800 | lr 0.000321081 | gnorm 0.193 | clip 0.000 | oom 0.000 | wall 20858 | train_wall 18908
| epoch 097 | valid on 'valid' subset | loss 6.358 | nll_loss 3.906 | ppl 14.99 | num_updates 38800 | best_loss 6.35811
| epoch 098 | loss 5.167 | nll_loss 2.746 | ppl 6.71 | wps 25553 | ups 2 | wpb 13799.390 | bsz 990.947 | num_updates 39200 | lr 0.000319438 | gnorm 0.193 | clip 0.000 | oom 0.000 | wall 21076 | train_wall 19105
| epoch 098 | valid on 'valid' subset | loss 6.364 | nll_loss 3.909 | ppl 15.02 | num_updates 39200 | best_loss 6.36382
| epoch 099 | loss 5.166 | nll_loss 2.745 | ppl 6.7 | wps 25822 | ups 2 | wpb 13799.390 | bsz 990.947 | num_updates 39600 | lr 0.000317821 | gnorm 0.195 | clip 0.000 | oom 0.000 | wall 21291 | train_wall 19300
| epoch 099 | valid on 'valid' subset | loss 6.349 | nll_loss 3.894 | ppl 14.87 | num_updates 39600 | best_loss 6.34944
| epoch 100 | loss 5.163 | nll_loss 2.741 | ppl 6.69 | wps 25575 | ups 2 | wpb 13799.390 | bsz 990.947 | num_updates 40000 | lr 0.000316228 | gnorm 0.194 | clip 0.000 | oom 0.000 | wall 21509 | train_wall 19496
| epoch 100 | valid on 'valid' subset | loss 6.378 | nll_loss 3.930 | ppl 15.25 | num_updates 40000 | best_loss 6.36827
| done training in 21507.1 seconds
Done training.
Time at end: Fri Jun 19 10:52:49 EDT 2020
