================ FLORES BASELINE WITH CLIP_NORM=0.1, BPE=7500 AND SEED=15  ================
About to train the supervised for the following language pair: NE-EN
Checkpoint directory unset! Setting to default value...
CHECKPOINT_DIR is set to './checkpoints/2020-04-09T01-03-04-00-exp25-bpe7500-seed15/checkpoints_ne_en'
Creating checkpoint directory if it doesn't exist...
Data folder is: data-bin/wiki_ne_en_bpe7500/
Beginning training...
Time at beginning: Thu Apr 9 01:03:18 EDT 2020
Namespace(activation_dropout=0.2, activation_fn='relu', adam_betas='(0.9, 0.98)', adam_eps=1e-08, adaptive_input=False, adaptive_softmax_cutoff=None, adaptive_softmax_dropout=0, arch='transformer', attention_dropout=0.2, best_checkpoint_metric='loss', bpe=None, bucket_cap_mb=25, clip_norm=0.1, cpu=False, criterion='label_smoothed_cross_entropy', cross_self_attention=False, curriculum=0, data='data-bin/wiki_ne_en_bpe7500/', dataset_impl=None, ddp_backend='c10d', decoder_attention_heads=2, decoder_embed_dim=512, decoder_embed_path=None, decoder_ffn_embed_dim=2048, decoder_input_dim=512, decoder_layerdrop=0, decoder_layers=5, decoder_layers_to_keep=None, decoder_learned_pos=False, decoder_normalize_before=True, decoder_output_dim=512, device_id=0, disable_validation=False, distributed_backend='nccl', distributed_init_method=None, distributed_no_spawn=False, distributed_port=-1, distributed_rank=0, distributed_world_size=1, dropout=0.4, empty_cache_freq=0, encoder_attention_heads=2, encoder_embed_dim=512, encoder_embed_path=None, encoder_ffn_embed_dim=2048, encoder_layerdrop=0, encoder_layers=5, encoder_layers_to_keep=None, encoder_learned_pos=False, encoder_normalize_before=True, fast_stat_sync=False, find_unused_parameters=False, fix_batches_to_gpus=False, fixed_validation_seed=None, fp16=True, fp16_init_scale=128, fp16_scale_tolerance=0.0, fp16_scale_window=None, keep_interval_updates=-1, keep_last_epochs=-1, label_smoothing=0.2, layer_wise_attention=False, layernorm_embedding=False, lazy_load=False, left_pad_source='True', left_pad_target='False', load_alignments=False, log_format=None, log_interval=1000, lr=[0.001], lr_scheduler='inverse_sqrt', max_epoch=100, max_sentences=None, max_sentences_valid=None, max_source_positions=1024, max_target_positions=1024, max_tokens=4000, max_tokens_valid=4000, max_update=0, maximize_best_checkpoint_metric=False, memory_efficient_fp16=False, min_loss_scale=0.0001, min_lr=1e-09, no_cross_attention=False, no_epoch_checkpoints=False, no_last_checkpoints=False, no_progress_bar=False, no_save=False, no_save_optimizer_state=False, no_scale_embedding=False, no_token_positional_embeddings=False, num_workers=1, optimizer='adam', optimizer_overrides='{}', raw_text=False, required_batch_size_multiple=8, reset_dataloader=False, reset_lr_scheduler=False, reset_meters=False, reset_optimizer=False, restore_file='checkpoint_last.pt', save_dir='./checkpoints/2020-04-09T01-03-04-00-exp25-bpe7500-seed15/checkpoints_ne_en', save_interval=10, save_interval_updates=0, seed=15, sentence_avg=False, share_all_embeddings=True, share_decoder_input_output_embed=False, skip_invalid_size_inputs_valid_test=False, source_lang='ne', target_lang='en', task='translation', tensorboard_logdir='', threshold_loss_scale=None, tokenizer=None, train_subset='train', truncate_source=False, update_freq=[4], upsample_primary=1, use_bmuf=False, user_dir=None, valid_subset='valid', validate_interval=1, warmup_init_lr=1e-07, warmup_updates=4000, weight_decay=0.0001)
| [ne] dictionary: 7496 types
| [en] dictionary: 7496 types
| loaded 2559 examples from: data-bin/wiki_ne_en_bpe7500/valid.ne-en.ne
| loaded 2559 examples from: data-bin/wiki_ne_en_bpe7500/valid.ne-en.en
| data-bin/wiki_ne_en_bpe7500/ valid ne-en 2559 examples
TransformerModel(
  (encoder): TransformerEncoder(
    (embed_tokens): Embedding(7496, 512, padding_idx=1)
    (embed_positions): SinusoidalPositionalEmbedding()
    (layers): ModuleList(
      (0): TransformerEncoderLayer(
        (self_attn): MultiheadAttention(
          (k_proj): Linear(in_features=512, out_features=512, bias=True)
          (v_proj): Linear(in_features=512, out_features=512, bias=True)
          (q_proj): Linear(in_features=512, out_features=512, bias=True)
          (out_proj): Linear(in_features=512, out_features=512, bias=True)
        )
        (self_attn_layer_norm): LayerNorm((512,), eps=1e-05, elementwise_affine=True)
        (fc1): Linear(in_features=512, out_features=2048, bias=True)
        (fc2): Linear(in_features=2048, out_features=512, bias=True)
        (final_layer_norm): LayerNorm((512,), eps=1e-05, elementwise_affine=True)
      )
      (1): TransformerEncoderLayer(
        (self_attn): MultiheadAttention(
          (k_proj): Linear(in_features=512, out_features=512, bias=True)
          (v_proj): Linear(in_features=512, out_features=512, bias=True)
          (q_proj): Linear(in_features=512, out_features=512, bias=True)
          (out_proj): Linear(in_features=512, out_features=512, bias=True)
        )
        (self_attn_layer_norm): LayerNorm((512,), eps=1e-05, elementwise_affine=True)
        (fc1): Linear(in_features=512, out_features=2048, bias=True)
        (fc2): Linear(in_features=2048, out_features=512, bias=True)
        (final_layer_norm): LayerNorm((512,), eps=1e-05, elementwise_affine=True)
      )
      (2): TransformerEncoderLayer(
        (self_attn): MultiheadAttention(
          (k_proj): Linear(in_features=512, out_features=512, bias=True)
          (v_proj): Linear(in_features=512, out_features=512, bias=True)
          (q_proj): Linear(in_features=512, out_features=512, bias=True)
          (out_proj): Linear(in_features=512, out_features=512, bias=True)
        )
        (self_attn_layer_norm): LayerNorm((512,), eps=1e-05, elementwise_affine=True)
        (fc1): Linear(in_features=512, out_features=2048, bias=True)
        (fc2): Linear(in_features=2048, out_features=512, bias=True)
        (final_layer_norm): LayerNorm((512,), eps=1e-05, elementwise_affine=True)
      )
      (3): TransformerEncoderLayer(
        (self_attn): MultiheadAttention(
          (k_proj): Linear(in_features=512, out_features=512, bias=True)
          (v_proj): Linear(in_features=512, out_features=512, bias=True)
          (q_proj): Linear(in_features=512, out_features=512, bias=True)
          (out_proj): Linear(in_features=512, out_features=512, bias=True)
        )
        (self_attn_layer_norm): LayerNorm((512,), eps=1e-05, elementwise_affine=True)
        (fc1): Linear(in_features=512, out_features=2048, bias=True)
        (fc2): Linear(in_features=2048, out_features=512, bias=True)
        (final_layer_norm): LayerNorm((512,), eps=1e-05, elementwise_affine=True)
      )
      (4): TransformerEncoderLayer(
        (self_attn): MultiheadAttention(
          (k_proj): Linear(in_features=512, out_features=512, bias=True)
          (v_proj): Linear(in_features=512, out_features=512, bias=True)
          (q_proj): Linear(in_features=512, out_features=512, bias=True)
          (out_proj): Linear(in_features=512, out_features=512, bias=True)
        )
        (self_attn_layer_norm): LayerNorm((512,), eps=1e-05, elementwise_affine=True)
        (fc1): Linear(in_features=512, out_features=2048, bias=True)
        (fc2): Linear(in_features=2048, out_features=512, bias=True)
        (final_layer_norm): LayerNorm((512,), eps=1e-05, elementwise_affine=True)
      )
    )
    (layer_norm): LayerNorm((512,), eps=1e-05, elementwise_affine=True)
  )
  (decoder): TransformerDecoder(
    (embed_tokens): Embedding(7496, 512, padding_idx=1)
    (embed_positions): SinusoidalPositionalEmbedding()
    (layers): ModuleList(
      (0): TransformerDecoderLayer(
        (self_attn): MultiheadAttention(
          (k_proj): Linear(in_features=512, out_features=512, bias=True)
          (v_proj): Linear(in_features=512, out_features=512, bias=True)
          (q_proj): Linear(in_features=512, out_features=512, bias=True)
          (out_proj): Linear(in_features=512, out_features=512, bias=True)
        )
        (self_attn_layer_norm): LayerNorm((512,), eps=1e-05, elementwise_affine=True)
        (encoder_attn): MultiheadAttention(
          (k_proj): Linear(in_features=512, out_features=512, bias=True)
          (v_proj): Linear(in_features=512, out_features=512, bias=True)
          (q_proj): Linear(in_features=512, out_features=512, bias=True)
          (out_proj): Linear(in_features=512, out_features=512, bias=True)
        )
        (encoder_attn_layer_norm): LayerNorm((512,), eps=1e-05, elementwise_affine=True)
        (fc1): Linear(in_features=512, out_features=2048, bias=True)
        (fc2): Linear(in_features=2048, out_features=512, bias=True)
        (final_layer_norm): LayerNorm((512,), eps=1e-05, elementwise_affine=True)
      )
      (1): TransformerDecoderLayer(
        (self_attn): MultiheadAttention(
          (k_proj): Linear(in_features=512, out_features=512, bias=True)
          (v_proj): Linear(in_features=512, out_features=512, bias=True)
          (q_proj): Linear(in_features=512, out_features=512, bias=True)
          (out_proj): Linear(in_features=512, out_features=512, bias=True)
        )
        (self_attn_layer_norm): LayerNorm((512,), eps=1e-05, elementwise_affine=True)
        (encoder_attn): MultiheadAttention(
          (k_proj): Linear(in_features=512, out_features=512, bias=True)
          (v_proj): Linear(in_features=512, out_features=512, bias=True)
          (q_proj): Linear(in_features=512, out_features=512, bias=True)
          (out_proj): Linear(in_features=512, out_features=512, bias=True)
        )
        (encoder_attn_layer_norm): LayerNorm((512,), eps=1e-05, elementwise_affine=True)
        (fc1): Linear(in_features=512, out_features=2048, bias=True)
        (fc2): Linear(in_features=2048, out_features=512, bias=True)
        (final_layer_norm): LayerNorm((512,), eps=1e-05, elementwise_affine=True)
      )
      (2): TransformerDecoderLayer(
        (self_attn): MultiheadAttention(
          (k_proj): Linear(in_features=512, out_features=512, bias=True)
          (v_proj): Linear(in_features=512, out_features=512, bias=True)
          (q_proj): Linear(in_features=512, out_features=512, bias=True)
          (out_proj): Linear(in_features=512, out_features=512, bias=True)
        )
        (self_attn_layer_norm): LayerNorm((512,), eps=1e-05, elementwise_affine=True)
        (encoder_attn): MultiheadAttention(
          (k_proj): Linear(in_features=512, out_features=512, bias=True)
          (v_proj): Linear(in_features=512, out_features=512, bias=True)
          (q_proj): Linear(in_features=512, out_features=512, bias=True)
          (out_proj): Linear(in_features=512, out_features=512, bias=True)
        )
        (encoder_attn_layer_norm): LayerNorm((512,), eps=1e-05, elementwise_affine=True)
        (fc1): Linear(in_features=512, out_features=2048, bias=True)
        (fc2): Linear(in_features=2048, out_features=512, bias=True)
        (final_layer_norm): LayerNorm((512,), eps=1e-05, elementwise_affine=True)
      )
      (3): TransformerDecoderLayer(
        (self_attn): MultiheadAttention(
          (k_proj): Linear(in_features=512, out_features=512, bias=True)
          (v_proj): Linear(in_features=512, out_features=512, bias=True)
          (q_proj): Linear(in_features=512, out_features=512, bias=True)
          (out_proj): Linear(in_features=512, out_features=512, bias=True)
        )
        (self_attn_layer_norm): LayerNorm((512,), eps=1e-05, elementwise_affine=True)
        (encoder_attn): MultiheadAttention(
          (k_proj): Linear(in_features=512, out_features=512, bias=True)
          (v_proj): Linear(in_features=512, out_features=512, bias=True)
          (q_proj): Linear(in_features=512, out_features=512, bias=True)
          (out_proj): Linear(in_features=512, out_features=512, bias=True)
        )
        (encoder_attn_layer_norm): LayerNorm((512,), eps=1e-05, elementwise_affine=True)
        (fc1): Linear(in_features=512, out_features=2048, bias=True)
        (fc2): Linear(in_features=2048, out_features=512, bias=True)
        (final_layer_norm): LayerNorm((512,), eps=1e-05, elementwise_affine=True)
      )
      (4): TransformerDecoderLayer(
        (self_attn): MultiheadAttention(
          (k_proj): Linear(in_features=512, out_features=512, bias=True)
          (v_proj): Linear(in_features=512, out_features=512, bias=True)
          (q_proj): Linear(in_features=512, out_features=512, bias=True)
          (out_proj): Linear(in_features=512, out_features=512, bias=True)
        )
        (self_attn_layer_norm): LayerNorm((512,), eps=1e-05, elementwise_affine=True)
        (encoder_attn): MultiheadAttention(
          (k_proj): Linear(in_features=512, out_features=512, bias=True)
          (v_proj): Linear(in_features=512, out_features=512, bias=True)
          (q_proj): Linear(in_features=512, out_features=512, bias=True)
          (out_proj): Linear(in_features=512, out_features=512, bias=True)
        )
        (encoder_attn_layer_norm): LayerNorm((512,), eps=1e-05, elementwise_affine=True)
        (fc1): Linear(in_features=512, out_features=2048, bias=True)
        (fc2): Linear(in_features=2048, out_features=512, bias=True)
        (final_layer_norm): LayerNorm((512,), eps=1e-05, elementwise_affine=True)
      )
    )
    (layer_norm): LayerNorm((512,), eps=1e-05, elementwise_affine=True)
  )
)
| model transformer, criterion LabelSmoothedCrossEntropyCriterion
| num. model params: 40622080 (num. trained: 40622080)
| training on 1 GPUs
| max tokens per GPU = 4000 and max sentences per GPU = None
| no existing checkpoint found ./checkpoints/2020-04-09T01-03-04-00-exp25-bpe7500-seed15/checkpoints_ne_en/checkpoint_last.pt
| loading train data for epoch 0
| loaded 563820 examples from: data-bin/wiki_ne_en_bpe7500/train.ne-en.ne
| loaded 563820 examples from: data-bin/wiki_ne_en_bpe7500/train.ne-en.en
| data-bin/wiki_ne_en_bpe7500/ train ne-en 563820 examples
| WARNING: overflow detected, setting loss scale to: 64.0
| WARNING: overflow detected, setting loss scale to: 32.0
| WARNING: overflow detected, setting loss scale to: 16.0
| WARNING: overflow detected, setting loss scale to: 8.0
| epoch 001 | loss 10.719 | nll_loss 9.862 | ppl 930.78 | wps 52817 | ups 4 | wpb 12968.809 | bsz 1081.710 | num_updates 517 | lr 0.000129337 | gnorm 1.012 | clip 1.000 | oom 0.000 | loss_scale 8.000 | wall 127 | train_wall 95
| epoch 001 | valid on 'valid' subset | loss 10.146 | nll_loss 9.027 | ppl 521.71 | num_updates 517
| epoch 002 | loss 8.946 | nll_loss 7.483 | ppl 178.84 | wps 55666 | ups 4 | wpb 12977.226 | bsz 1082.188 | num_updates 1038 | lr 0.000259574 | gnorm 0.716 | clip 1.000 | oom 0.000 | loss_scale 8.000 | wall 249 | train_wall 189
| epoch 002 | valid on 'valid' subset | loss 9.473 | nll_loss 8.002 | ppl 256.43 | num_updates 1038
| epoch 003 | loss 7.869 | nll_loss 6.041 | ppl 65.86 | wps 56508 | ups 4 | wpb 12977.226 | bsz 1082.188 | num_updates 1559 | lr 0.000389811 | gnorm 0.596 | clip 1.000 | oom 0.000 | loss_scale 8.000 | wall 369 | train_wall 282
| epoch 003 | valid on 'valid' subset | loss 9.062 | nll_loss 7.393 | ppl 168.09 | num_updates 1559
| epoch 004 | loss 7.172 | nll_loss 5.109 | ppl 34.51 | wps 55412 | ups 4 | wpb 12977.226 | bsz 1082.188 | num_updates 2080 | lr 0.000520048 | gnorm 0.542 | clip 1.000 | oom 0.000 | loss_scale 8.000 | wall 492 | train_wall 378
| epoch 004 | valid on 'valid' subset | loss 8.775 | nll_loss 6.979 | ppl 126.14 | num_updates 2080
| epoch 005 | loss 6.741 | nll_loss 4.539 | ppl 23.26 | wps 54673 | ups 4 | wpb 12977.226 | bsz 1082.188 | num_updates 2601 | lr 0.000650285 | gnorm 0.481 | clip 1.000 | oom 0.000 | loss_scale 8.000 | wall 616 | train_wall 474
| epoch 005 | valid on 'valid' subset | loss 8.667 | nll_loss 6.829 | ppl 113.72 | num_updates 2601
| epoch 006 | loss 6.459 | nll_loss 4.171 | ppl 18.01 | wps 55361 | ups 4 | wpb 12977.226 | bsz 1082.188 | num_updates 3122 | lr 0.000780522 | gnorm 0.456 | clip 1.000 | oom 0.000 | loss_scale 8.000 | wall 739 | train_wall 568
| epoch 006 | valid on 'valid' subset | loss 8.377 | nll_loss 6.464 | ppl 88.31 | num_updates 3122
| epoch 007 | loss 6.240 | nll_loss 3.888 | ppl 14.81 | wps 54953 | ups 4 | wpb 12977.226 | bsz 1082.188 | num_updates 3643 | lr 0.000910759 | gnorm 0.398 | clip 1.000 | oom 0.000 | loss_scale 8.000 | wall 863 | train_wall 665
| epoch 007 | valid on 'valid' subset | loss 8.229 | nll_loss 6.281 | ppl 77.75 | num_updates 3643
| epoch 008 | loss 6.089 | nll_loss 3.693 | ppl 12.93 | wps 54977 | ups 4 | wpb 12977.226 | bsz 1082.188 | num_updates 4164 | lr 0.00098011 | gnorm 0.375 | clip 1.000 | oom 0.000 | loss_scale 8.000 | wall 986 | train_wall 761
| epoch 008 | valid on 'valid' subset | loss 8.087 | nll_loss 6.091 | ppl 68.16 | num_updates 4164
| epoch 009 | loss 5.939 | nll_loss 3.503 | ppl 11.33 | wps 56518 | ups 4 | wpb 12977.226 | bsz 1082.188 | num_updates 4685 | lr 0.000924007 | gnorm 0.342 | clip 1.000 | oom 0.000 | loss_scale 16.000 | wall 1107 | train_wall 853
| epoch 009 | valid on 'valid' subset | loss 7.995 | nll_loss 5.940 | ppl 61.38 | num_updates 4685
| epoch 010 | loss 5.810 | nll_loss 3.338 | ppl 10.11 | wps 54237 | ups 4 | wpb 12977.226 | bsz 1082.188 | num_updates 5206 | lr 0.000876552 | gnorm 0.312 | clip 1.000 | oom 0.000 | loss_scale 16.000 | wall 1232 | train_wall 950
| epoch 010 | valid on 'valid' subset | loss 7.937 | nll_loss 5.850 | ppl 57.67 | num_updates 5206
| saved checkpoint ./checkpoints/2020-04-09T01-03-04-00-exp25-bpe7500-seed15/checkpoints_ne_en/checkpoint10.pt (epoch 10 @ 5206 updates) (writing took 0.7207174301147461 seconds)
| epoch 011 | loss 5.707 | nll_loss 3.207 | ppl 9.24 | wps 54911 | ups 4 | wpb 12977.226 | bsz 1082.188 | num_updates 5727 | lr 0.000835731 | gnorm 0.295 | clip 1.000 | oom 0.000 | loss_scale 16.000 | wall 1356 | train_wall 1044
| epoch 011 | valid on 'valid' subset | loss 7.820 | nll_loss 5.706 | ppl 52.2 | num_updates 5727 | best_loss 7.81957
| epoch 012 | loss 5.628 | nll_loss 3.108 | ppl 8.62 | wps 54952 | ups 4 | wpb 12977.226 | bsz 1082.188 | num_updates 6248 | lr 0.000800128 | gnorm 0.285 | clip 1.000 | oom 0.000 | loss_scale 16.000 | wall 1480 | train_wall 1141
| epoch 012 | valid on 'valid' subset | loss 7.785 | nll_loss 5.684 | ppl 51.4 | num_updates 6248 | best_loss 7.78547
| epoch 013 | loss 5.561 | nll_loss 3.023 | ppl 8.13 | wps 54044 | ups 4 | wpb 12977.226 | bsz 1082.188 | num_updates 6769 | lr 0.000768719 | gnorm 0.274 | clip 1.000 | oom 0.000 | loss_scale 16.000 | wall 1606 | train_wall 1237
| epoch 013 | valid on 'valid' subset | loss 7.736 | nll_loss 5.579 | ppl 47.81 | num_updates 6769 | best_loss 7.73577
| epoch 014 | loss 5.505 | nll_loss 2.952 | ppl 7.74 | wps 54775 | ups 4 | wpb 12977.226 | bsz 1082.188 | num_updates 7290 | lr 0.000740741 | gnorm 0.266 | clip 1.000 | oom 0.000 | loss_scale 16.000 | wall 1730 | train_wall 1333
| epoch 014 | valid on 'valid' subset | loss 7.669 | nll_loss 5.491 | ppl 44.98 | num_updates 7290 | best_loss 7.6685
| epoch 015 | loss 5.455 | nll_loss 2.889 | ppl 7.41 | wps 54853 | ups 4 | wpb 12977.226 | bsz 1082.188 | num_updates 7811 | lr 0.00071561 | gnorm 0.260 | clip 1.000 | oom 0.000 | loss_scale 16.000 | wall 1854 | train_wall 1429
| epoch 015 | valid on 'valid' subset | loss 7.617 | nll_loss 5.436 | ppl 43.29 | num_updates 7811 | best_loss 7.61668
| epoch 016 | loss 5.413 | nll_loss 2.836 | ppl 7.14 | wps 55163 | ups 4 | wpb 12977.226 | bsz 1082.188 | num_updates 8332 | lr 0.000692876 | gnorm 0.253 | clip 1.000 | oom 0.000 | loss_scale 16.000 | wall 1977 | train_wall 1525
| epoch 016 | valid on 'valid' subset | loss 7.620 | nll_loss 5.424 | ppl 42.94 | num_updates 8332 | best_loss 7.61986
| epoch 017 | loss 5.374 | nll_loss 2.787 | ppl 6.9 | wps 54989 | ups 4 | wpb 12977.226 | bsz 1082.188 | num_updates 8853 | lr 0.000672179 | gnorm 0.248 | clip 1.000 | oom 0.000 | loss_scale 32.000 | wall 2100 | train_wall 1621
| epoch 017 | valid on 'valid' subset | loss 7.587 | nll_loss 5.394 | ppl 42.04 | num_updates 8853 | best_loss 7.58659
| epoch 018 | loss 5.338 | nll_loss 2.742 | ppl 6.69 | wps 55553 | ups 4 | wpb 12977.226 | bsz 1082.188 | num_updates 9374 | lr 0.000653232 | gnorm 0.243 | clip 1.000 | oom 0.000 | loss_scale 32.000 | wall 2223 | train_wall 1715
| epoch 018 | valid on 'valid' subset | loss 7.530 | nll_loss 5.326 | ppl 40.12 | num_updates 9374 | best_loss 7.5297
| WARNING: overflow detected, setting loss scale to: 16.0
| epoch 019 | loss 5.309 | nll_loss 2.705 | ppl 6.52 | wps 55456 | ups 4 | wpb 12973.742 | bsz 1079.731 | num_updates 9894 | lr 0.000635834 | gnorm 0.242 | clip 1.000 | oom 0.000 | loss_scale 16.000 | wall 2345 | train_wall 1809
| epoch 019 | valid on 'valid' subset | loss 7.521 | nll_loss 5.287 | ppl 39.05 | num_updates 9894 | best_loss 7.52133
| epoch 020 | loss 5.282 | nll_loss 2.671 | ppl 6.37 | wps 55615 | ups 4 | wpb 12977.226 | bsz 1082.188 | num_updates 10415 | lr 0.000619727 | gnorm 0.240 | clip 1.000 | oom 0.000 | loss_scale 16.000 | wall 2467 | train_wall 1903
| epoch 020 | valid on 'valid' subset | loss 7.499 | nll_loss 5.282 | ppl 38.92 | num_updates 10415 | best_loss 7.49938
| saved checkpoint ./checkpoints/2020-04-09T01-03-04-00-exp25-bpe7500-seed15/checkpoints_ne_en/checkpoint20.pt (epoch 20 @ 10415 updates) (writing took 1.1310274600982666 seconds)
| epoch 021 | loss 5.258 | nll_loss 2.640 | ppl 6.24 | wps 55371 | ups 4 | wpb 12977.226 | bsz 1082.188 | num_updates 10936 | lr 0.000604785 | gnorm 0.240 | clip 1.000 | oom 0.000 | loss_scale 16.000 | wall 2591 | train_wall 1997
| epoch 021 | valid on 'valid' subset | loss 7.477 | nll_loss 5.241 | ppl 37.82 | num_updates 10936 | best_loss 7.47677
| epoch 022 | loss 5.233 | nll_loss 2.609 | ppl 6.1 | wps 55807 | ups 4 | wpb 12977.226 | bsz 1082.188 | num_updates 11457 | lr 0.000590874 | gnorm 0.237 | clip 1.000 | oom 0.000 | loss_scale 16.000 | wall 2713 | train_wall 2091
| epoch 022 | valid on 'valid' subset | loss 7.463 | nll_loss 5.236 | ppl 37.68 | num_updates 11457 | best_loss 7.46331
| epoch 023 | loss 5.212 | nll_loss 2.583 | ppl 5.99 | wps 56456 | ups 4 | wpb 12977.226 | bsz 1082.188 | num_updates 11978 | lr 0.00057788 | gnorm 0.234 | clip 1.000 | oom 0.000 | loss_scale 16.000 | wall 2833 | train_wall 2184
| epoch 023 | valid on 'valid' subset | loss 7.435 | nll_loss 5.196 | ppl 36.64 | num_updates 11978 | best_loss 7.43494
| epoch 024 | loss 5.194 | nll_loss 2.561 | ppl 5.9 | wps 54918 | ups 4 | wpb 12977.226 | bsz 1082.188 | num_updates 12499 | lr 0.000565708 | gnorm 0.235 | clip 1.000 | oom 0.000 | loss_scale 16.000 | wall 2957 | train_wall 2279
| epoch 024 | valid on 'valid' subset | loss 7.472 | nll_loss 5.237 | ppl 37.72 | num_updates 12499 | best_loss 7.47185
| epoch 025 | loss 5.176 | nll_loss 2.538 | ppl 5.81 | wps 55673 | ups 4 | wpb 12977.226 | bsz 1082.188 | num_updates 13020 | lr 0.000554274 | gnorm 0.232 | clip 1.000 | oom 0.000 | loss_scale 16.000 | wall 3079 | train_wall 2373
| epoch 025 | valid on 'valid' subset | loss 7.420 | nll_loss 5.172 | ppl 36.05 | num_updates 13020 | best_loss 7.4195
| epoch 026 | loss 5.158 | nll_loss 2.515 | ppl 5.72 | wps 54689 | ups 4 | wpb 12977.226 | bsz 1082.188 | num_updates 13541 | lr 0.000543506 | gnorm 0.230 | clip 1.000 | oom 0.000 | loss_scale 16.000 | wall 3203 | train_wall 2469
| epoch 026 | valid on 'valid' subset | loss 7.402 | nll_loss 5.159 | ppl 35.73 | num_updates 13541 | best_loss 7.40164
| epoch 027 | loss 5.143 | nll_loss 2.496 | ppl 5.64 | wps 54594 | ups 4 | wpb 12977.226 | bsz 1082.188 | num_updates 14062 | lr 0.000533343 | gnorm 0.230 | clip 1.000 | oom 0.000 | loss_scale 32.000 | wall 3328 | train_wall 2565
| epoch 027 | valid on 'valid' subset | loss 7.410 | nll_loss 5.170 | ppl 36 | num_updates 14062 | best_loss 7.40961
| epoch 028 | loss 5.129 | nll_loss 2.479 | ppl 5.57 | wps 55475 | ups 4 | wpb 12977.226 | bsz 1082.188 | num_updates 14583 | lr 0.000523729 | gnorm 0.230 | clip 1.000 | oom 0.000 | loss_scale 32.000 | wall 3450 | train_wall 2661
| epoch 028 | valid on 'valid' subset | loss 7.423 | nll_loss 5.171 | ppl 36.02 | num_updates 14583 | best_loss 7.4232
| epoch 029 | loss 5.115 | nll_loss 2.462 | ppl 5.51 | wps 55371 | ups 4 | wpb 12977.226 | bsz 1082.188 | num_updates 15104 | lr 0.000514617 | gnorm 0.228 | clip 1.000 | oom 0.000 | loss_scale 32.000 | wall 3573 | train_wall 2755
| epoch 029 | valid on 'valid' subset | loss 7.385 | nll_loss 5.124 | ppl 34.87 | num_updates 15104 | best_loss 7.38479
| epoch 030 | loss 5.102 | nll_loss 2.445 | ppl 5.45 | wps 55656 | ups 4 | wpb 12977.226 | bsz 1082.188 | num_updates 15625 | lr 0.000505964 | gnorm 0.226 | clip 1.000 | oom 0.000 | loss_scale 32.000 | wall 3695 | train_wall 2850
| epoch 030 | valid on 'valid' subset | loss 7.390 | nll_loss 5.133 | ppl 35.1 | num_updates 15625 | best_loss 7.38969
| saved checkpoint ./checkpoints/2020-04-09T01-03-04-00-exp25-bpe7500-seed15/checkpoints_ne_en/checkpoint30.pt (epoch 30 @ 15625 updates) (writing took 1.0312306880950928 seconds)
| epoch 031 | loss 5.090 | nll_loss 2.430 | ppl 5.39 | wps 55339 | ups 4 | wpb 12977.226 | bsz 1082.188 | num_updates 16146 | lr 0.000497734 | gnorm 0.226 | clip 1.000 | oom 0.000 | loss_scale 32.000 | wall 3819 | train_wall 2945
| epoch 031 | valid on 'valid' subset | loss 7.375 | nll_loss 5.117 | ppl 34.71 | num_updates 16146 | best_loss 7.37523
| epoch 032 | loss 5.079 | nll_loss 2.416 | ppl 5.34 | wps 54792 | ups 4 | wpb 12977.226 | bsz 1082.188 | num_updates 16667 | lr 0.000489893 | gnorm 0.225 | clip 1.000 | oom 0.000 | loss_scale 32.000 | wall 3943 | train_wall 3042
| epoch 032 | valid on 'valid' subset | loss 7.342 | nll_loss 5.074 | ppl 33.69 | num_updates 16667 | best_loss 7.34227
| epoch 033 | loss 5.067 | nll_loss 2.402 | ppl 5.28 | wps 54876 | ups 4 | wpb 12977.226 | bsz 1082.188 | num_updates 17188 | lr 0.000482411 | gnorm 0.225 | clip 1.000 | oom 0.000 | loss_scale 32.000 | wall 4067 | train_wall 3138
| epoch 033 | valid on 'valid' subset | loss 7.347 | nll_loss 5.095 | ppl 34.17 | num_updates 17188 | best_loss 7.34654
| epoch 034 | loss 5.057 | nll_loss 2.389 | ppl 5.24 | wps 54850 | ups 4 | wpb 12977.226 | bsz 1082.188 | num_updates 17709 | lr 0.000475262 | gnorm 0.224 | clip 1.000 | oom 0.000 | loss_scale 32.000 | wall 4191 | train_wall 3234
| epoch 034 | valid on 'valid' subset | loss 7.352 | nll_loss 5.079 | ppl 33.81 | num_updates 17709 | best_loss 7.35176
| WARNING: overflow detected, setting loss scale to: 32.0
| epoch 035 | loss 5.048 | nll_loss 2.377 | ppl 5.19 | wps 55318 | ups 4 | wpb 12977.513 | bsz 1078.731 | num_updates 18229 | lr 0.000468434 | gnorm 0.224 | clip 1.000 | oom 0.000 | loss_scale 32.000 | wall 4313 | train_wall 3328
| epoch 035 | valid on 'valid' subset | loss 7.371 | nll_loss 5.111 | ppl 34.56 | num_updates 18229 | best_loss 7.37069
| epoch 036 | loss 5.038 | nll_loss 2.365 | ppl 5.15 | wps 56387 | ups 4 | wpb 12977.226 | bsz 1082.188 | num_updates 18750 | lr 0.00046188 | gnorm 0.224 | clip 1.000 | oom 0.000 | loss_scale 32.000 | wall 4434 | train_wall 3422
| epoch 036 | valid on 'valid' subset | loss 7.352 | nll_loss 5.091 | ppl 34.08 | num_updates 18750 | best_loss 7.35205
| epoch 037 | loss 5.029 | nll_loss 2.354 | ppl 5.11 | wps 55044 | ups 4 | wpb 12977.226 | bsz 1082.188 | num_updates 19271 | lr 0.000455594 | gnorm 0.225 | clip 1.000 | oom 0.000 | loss_scale 32.000 | wall 4558 | train_wall 3518
| epoch 037 | valid on 'valid' subset | loss 7.361 | nll_loss 5.093 | ppl 34.13 | num_updates 19271 | best_loss 7.36101
| epoch 038 | loss 5.020 | nll_loss 2.342 | ppl 5.07 | wps 55042 | ups 4 | wpb 12977.226 | bsz 1082.188 | num_updates 19792 | lr 0.000449557 | gnorm 0.223 | clip 1.000 | oom 0.000 | loss_scale 32.000 | wall 4681 | train_wall 3614
| epoch 038 | valid on 'valid' subset | loss 7.350 | nll_loss 5.081 | ppl 33.84 | num_updates 19792 | best_loss 7.34975
| epoch 039 | loss 5.012 | nll_loss 2.333 | ppl 5.04 | wps 55573 | ups 4 | wpb 12977.226 | bsz 1082.188 | num_updates 20313 | lr 0.000443755 | gnorm 0.223 | clip 1.000 | oom 0.000 | loss_scale 32.000 | wall 4803 | train_wall 3709
| epoch 039 | valid on 'valid' subset | loss 7.339 | nll_loss 5.059 | ppl 33.34 | num_updates 20313 | best_loss 7.33926
| epoch 040 | loss 5.004 | nll_loss 2.323 | ppl 5 | wps 54369 | ups 4 | wpb 12977.226 | bsz 1082.188 | num_updates 20834 | lr 0.000438171 | gnorm 0.223 | clip 1.000 | oom 0.000 | loss_scale 32.000 | wall 4928 | train_wall 3806
| epoch 040 | valid on 'valid' subset | loss 7.339 | nll_loss 5.062 | ppl 33.4 | num_updates 20834 | best_loss 7.33921
| saved checkpoint ./checkpoints/2020-04-09T01-03-04-00-exp25-bpe7500-seed15/checkpoints_ne_en/checkpoint40.pt (epoch 40 @ 20834 updates) (writing took 1.2159886360168457 seconds)
| epoch 041 | loss 4.997 | nll_loss 2.314 | ppl 4.97 | wps 55134 | ups 4 | wpb 12977.226 | bsz 1082.188 | num_updates 21355 | lr 0.000432793 | gnorm 0.225 | clip 1.000 | oom 0.000 | loss_scale 32.000 | wall 5053 | train_wall 3902
| epoch 041 | valid on 'valid' subset | loss 7.324 | nll_loss 5.043 | ppl 32.98 | num_updates 21355 | best_loss 7.32429
| epoch 042 | loss 4.989 | nll_loss 2.304 | ppl 4.94 | wps 55219 | ups 4 | wpb 12977.226 | bsz 1082.188 | num_updates 21876 | lr 0.000427608 | gnorm 0.223 | clip 1.000 | oom 0.000 | loss_scale 32.000 | wall 5176 | train_wall 3996
| epoch 042 | valid on 'valid' subset | loss 7.317 | nll_loss 5.046 | ppl 33.04 | num_updates 21876 | best_loss 7.31687
| WARNING: overflow detected, setting loss scale to: 32.0
| WARNING: overflow detected, setting loss scale to: 16.0
| epoch 043 | loss 4.979 | nll_loss 2.292 | ppl 4.9 | wps 54622 | ups 4 | wpb 12983.886 | bsz 1082.628 | num_updates 22395 | lr 0.000422624 | gnorm 0.224 | clip 1.000 | oom 0.000 | loss_scale 16.000 | wall 5300 | train_wall 4092
| epoch 043 | valid on 'valid' subset | loss 7.317 | nll_loss 5.045 | ppl 33.01 | num_updates 22395 | best_loss 7.31676
| epoch 044 | loss 4.975 | nll_loss 2.287 | ppl 4.88 | wps 56600 | ups 4 | wpb 12977.226 | bsz 1082.188 | num_updates 22916 | lr 0.000417792 | gnorm 0.223 | clip 1.000 | oom 0.000 | loss_scale 16.000 | wall 5420 | train_wall 4186
| epoch 044 | valid on 'valid' subset | loss 7.280 | nll_loss 5.006 | ppl 32.14 | num_updates 22916 | best_loss 7.28008
| epoch 045 | loss 4.968 | nll_loss 2.278 | ppl 4.85 | wps 54787 | ups 4 | wpb 12977.226 | bsz 1082.188 | num_updates 23437 | lr 0.000413123 | gnorm 0.222 | clip 1.000 | oom 0.000 | loss_scale 16.000 | wall 5544 | train_wall 4282
| epoch 045 | valid on 'valid' subset | loss 7.324 | nll_loss 5.049 | ppl 33.1 | num_updates 23437 | best_loss 7.32419
| epoch 046 | loss 4.962 | nll_loss 2.270 | ppl 4.82 | wps 54536 | ups 4 | wpb 12977.226 | bsz 1082.188 | num_updates 23958 | lr 0.000408606 | gnorm 0.223 | clip 1.000 | oom 0.000 | loss_scale 16.000 | wall 5669 | train_wall 4379
| epoch 046 | valid on 'valid' subset | loss 7.284 | nll_loss 5.019 | ppl 32.42 | num_updates 23958 | best_loss 7.28352
| epoch 047 | loss 4.956 | nll_loss 2.262 | ppl 4.8 | wps 55030 | ups 4 | wpb 12977.226 | bsz 1082.188 | num_updates 24479 | lr 0.000404234 | gnorm 0.222 | clip 1.000 | oom 0.000 | loss_scale 16.000 | wall 5792 | train_wall 4475
| epoch 047 | valid on 'valid' subset | loss 7.286 | nll_loss 5.013 | ppl 32.29 | num_updates 24479 | best_loss 7.28603
| epoch 048 | loss 4.950 | nll_loss 2.255 | ppl 4.77 | wps 55158 | ups 4 | wpb 12977.226 | bsz 1082.188 | num_updates 25000 | lr 0.0004 | gnorm 0.223 | clip 1.000 | oom 0.000 | loss_scale 16.000 | wall 5915 | train_wall 4571
| epoch 048 | valid on 'valid' subset | loss 7.277 | nll_loss 5.010 | ppl 32.23 | num_updates 25000 | best_loss 7.27692
| epoch 049 | loss 4.945 | nll_loss 2.249 | ppl 4.75 | wps 55419 | ups 4 | wpb 12977.226 | bsz 1082.188 | num_updates 25521 | lr 0.000395896 | gnorm 0.224 | clip 1.000 | oom 0.000 | loss_scale 16.000 | wall 6038 | train_wall 4666
| epoch 049 | valid on 'valid' subset | loss 7.291 | nll_loss 5.017 | ppl 32.39 | num_updates 25521 | best_loss 7.29063
| epoch 050 | loss 4.939 | nll_loss 2.242 | ppl 4.73 | wps 54653 | ups 4 | wpb 12977.226 | bsz 1082.188 | num_updates 26042 | lr 0.000391916 | gnorm 0.222 | clip 1.000 | oom 0.000 | loss_scale 16.000 | wall 6162 | train_wall 4762
| epoch 050 | valid on 'valid' subset | loss 7.299 | nll_loss 5.023 | ppl 32.51 | num_updates 26042 | best_loss 7.29856
| saved checkpoint ./checkpoints/2020-04-09T01-03-04-00-exp25-bpe7500-seed15/checkpoints_ne_en/checkpoint50.pt (epoch 50 @ 26042 updates) (writing took 1.4978649616241455 seconds)
| epoch 051 | loss 4.933 | nll_loss 2.233 | ppl 4.7 | wps 55146 | ups 4 | wpb 12977.226 | bsz 1082.188 | num_updates 26563 | lr 0.000388053 | gnorm 0.222 | clip 1.000 | oom 0.000 | loss_scale 32.000 | wall 6287 | train_wall 4858
| epoch 051 | valid on 'valid' subset | loss 7.265 | nll_loss 4.979 | ppl 31.53 | num_updates 26563 | best_loss 7.2655
| epoch 052 | loss 4.928 | nll_loss 2.228 | ppl 4.68 | wps 56129 | ups 4 | wpb 12977.226 | bsz 1082.188 | num_updates 27084 | lr 0.000384303 | gnorm 0.223 | clip 1.000 | oom 0.000 | loss_scale 32.000 | wall 6408 | train_wall 4951
| epoch 052 | valid on 'valid' subset | loss 7.328 | nll_loss 5.055 | ppl 33.25 | num_updates 27084 | best_loss 7.29856
| epoch 053 | loss 4.922 | nll_loss 2.220 | ppl 4.66 | wps 56011 | ups 4 | wpb 12977.226 | bsz 1082.188 | num_updates 27605 | lr 0.000380659 | gnorm 0.222 | clip 1.000 | oom 0.000 | loss_scale 32.000 | wall 6530 | train_wall 5046
| epoch 053 | valid on 'valid' subset | loss 7.289 | nll_loss 5.015 | ppl 32.33 | num_updates 27605 | best_loss 7.28865
| epoch 054 | loss 4.918 | nll_loss 2.216 | ppl 4.65 | wps 55962 | ups 4 | wpb 12977.226 | bsz 1082.188 | num_updates 28126 | lr 0.000377117 | gnorm 0.222 | clip 1.000 | oom 0.000 | loss_scale 32.000 | wall 6651 | train_wall 5140
| epoch 054 | valid on 'valid' subset | loss 7.272 | nll_loss 4.987 | ppl 31.71 | num_updates 28126 | best_loss 7.27233
| epoch 055 | loss 4.912 | nll_loss 2.208 | ppl 4.62 | wps 55246 | ups 4 | wpb 12977.226 | bsz 1082.188 | num_updates 28647 | lr 0.000373672 | gnorm 0.221 | clip 1.000 | oom 0.000 | loss_scale 32.000 | wall 6774 | train_wall 5235
| epoch 055 | valid on 'valid' subset | loss 7.263 | nll_loss 4.988 | ppl 31.74 | num_updates 28647 | best_loss 7.26264
| epoch 056 | loss 4.908 | nll_loss 2.203 | ppl 4.6 | wps 54476 | ups 4 | wpb 12977.226 | bsz 1082.188 | num_updates 29168 | lr 0.00037032 | gnorm 0.222 | clip 1.000 | oom 0.000 | loss_scale 32.000 | wall 6899 | train_wall 5331
| epoch 056 | valid on 'valid' subset | loss 7.290 | nll_loss 5.014 | ppl 32.31 | num_updates 29168 | best_loss 7.29038
| epoch 057 | loss 4.904 | nll_loss 2.198 | ppl 4.59 | wps 55412 | ups 4 | wpb 12977.226 | bsz 1082.188 | num_updates 29689 | lr 0.000367056 | gnorm 0.221 | clip 1.000 | oom 0.000 | loss_scale 32.000 | wall 7021 | train_wall 5427
| epoch 057 | valid on 'valid' subset | loss 7.267 | nll_loss 4.977 | ppl 31.5 | num_updates 29689 | best_loss 7.26717
| epoch 058 | loss 4.899 | nll_loss 2.192 | ppl 4.57 | wps 55371 | ups 4 | wpb 12977.226 | bsz 1082.188 | num_updates 30210 | lr 0.000363877 | gnorm 0.223 | clip 1.000 | oom 0.000 | loss_scale 32.000 | wall 7144 | train_wall 5522
| epoch 058 | valid on 'valid' subset | loss 7.265 | nll_loss 4.985 | ppl 31.66 | num_updates 30210 | best_loss 7.26489
| WARNING: overflow detected, setting loss scale to: 32.0
| epoch 059 | loss 4.894 | nll_loss 2.186 | ppl 4.55 | wps 54691 | ups 4 | wpb 12977.367 | bsz 1080.146 | num_updates 30730 | lr 0.000360785 | gnorm 0.223 | clip 1.000 | oom 0.000 | loss_scale 32.000 | wall 7268 | train_wall 5618
| epoch 059 | valid on 'valid' subset | loss 7.297 | nll_loss 5.015 | ppl 32.33 | num_updates 30730 | best_loss 7.29714
| epoch 060 | loss 4.891 | nll_loss 2.181 | ppl 4.54 | wps 55350 | ups 4 | wpb 12977.226 | bsz 1082.188 | num_updates 31251 | lr 0.000357765 | gnorm 0.223 | clip 1.000 | oom 0.000 | loss_scale 32.000 | wall 7391 | train_wall 5713
| epoch 060 | valid on 'valid' subset | loss 7.261 | nll_loss 4.984 | ppl 31.64 | num_updates 31251 | best_loss 7.26136
| saved checkpoint ./checkpoints/2020-04-09T01-03-04-00-exp25-bpe7500-seed15/checkpoints_ne_en/checkpoint60.pt (epoch 60 @ 31251 updates) (writing took 1.0932731628417969 seconds)
| epoch 061 | loss 4.887 | nll_loss 2.176 | ppl 4.52 | wps 55451 | ups 4 | wpb 12977.226 | bsz 1082.188 | num_updates 31772 | lr 0.00035482 | gnorm 0.224 | clip 1.000 | oom 0.000 | loss_scale 32.000 | wall 7515 | train_wall 5807
| epoch 061 | valid on 'valid' subset | loss 7.247 | nll_loss 4.967 | ppl 31.28 | num_updates 31772 | best_loss 7.24721
| WARNING: overflow detected, setting loss scale to: 16.0
| epoch 062 | loss 4.885 | nll_loss 2.173 | ppl 4.51 | wps 54657 | ups 4 | wpb 12971.783 | bsz 1074.823 | num_updates 32292 | lr 0.000351951 | gnorm 0.224 | clip 1.000 | oom 0.000 | loss_scale 16.000 | wall 7639 | train_wall 5903
| epoch 062 | valid on 'valid' subset | loss 7.297 | nll_loss 5.017 | ppl 32.39 | num_updates 32292 | best_loss 7.26136
| epoch 063 | loss 4.879 | nll_loss 2.166 | ppl 4.49 | wps 54952 | ups 4 | wpb 12977.226 | bsz 1082.188 | num_updates 32813 | lr 0.000349146 | gnorm 0.223 | clip 1.000 | oom 0.000 | loss_scale 16.000 | wall 7762 | train_wall 5998
| epoch 063 | valid on 'valid' subset | loss 7.265 | nll_loss 4.984 | ppl 31.66 | num_updates 32813 | best_loss 7.26136
| epoch 064 | loss 4.875 | nll_loss 2.162 | ppl 4.47 | wps 54776 | ups 4 | wpb 12977.226 | bsz 1082.188 | num_updates 33334 | lr 0.000346407 | gnorm 0.223 | clip 1.000 | oom 0.000 | loss_scale 16.000 | wall 7886 | train_wall 6093
| epoch 064 | valid on 'valid' subset | loss 7.270 | nll_loss 4.992 | ppl 31.82 | num_updates 33334 | best_loss 7.26136
| epoch 065 | loss 4.871 | nll_loss 2.157 | ppl 4.46 | wps 54989 | ups 4 | wpb 12977.226 | bsz 1082.188 | num_updates 33855 | lr 0.000343731 | gnorm 0.224 | clip 1.000 | oom 0.000 | loss_scale 16.000 | wall 8010 | train_wall 6189
| epoch 065 | valid on 'valid' subset | loss 7.263 | nll_loss 4.979 | ppl 31.54 | num_updates 33855 | best_loss 7.26136
| epoch 066 | loss 4.868 | nll_loss 2.152 | ppl 4.45 | wps 55121 | ups 4 | wpb 12977.226 | bsz 1082.188 | num_updates 34376 | lr 0.000341116 | gnorm 0.225 | clip 1.000 | oom 0.000 | loss_scale 16.000 | wall 8133 | train_wall 6284
| epoch 066 | valid on 'valid' subset | loss 7.254 | nll_loss 4.981 | ppl 31.59 | num_updates 34376 | best_loss 7.25439
| epoch 067 | loss 4.865 | nll_loss 2.149 | ppl 4.43 | wps 54396 | ups 4 | wpb 12977.226 | bsz 1082.188 | num_updates 34897 | lr 0.00033856 | gnorm 0.225 | clip 1.000 | oom 0.000 | loss_scale 16.000 | wall 8258 | train_wall 6380
| epoch 067 | valid on 'valid' subset | loss 7.257 | nll_loss 4.984 | ppl 31.66 | num_updates 34897 | best_loss 7.25736
| epoch 068 | loss 4.861 | nll_loss 2.144 | ppl 4.42 | wps 55094 | ups 4 | wpb 12977.226 | bsz 1082.188 | num_updates 35418 | lr 0.000336061 | gnorm 0.225 | clip 1.000 | oom 0.000 | loss_scale 16.000 | wall 8382 | train_wall 6476
| epoch 068 | valid on 'valid' subset | loss 7.253 | nll_loss 4.960 | ppl 31.13 | num_updates 35418 | best_loss 7.25322
| epoch 069 | loss 4.857 | nll_loss 2.140 | ppl 4.41 | wps 54895 | ups 4 | wpb 12977.226 | bsz 1082.188 | num_updates 35939 | lr 0.000333616 | gnorm 0.224 | clip 1.000 | oom 0.000 | loss_scale 16.000 | wall 8505 | train_wall 6573
| epoch 069 | valid on 'valid' subset | loss 7.252 | nll_loss 4.968 | ppl 31.31 | num_updates 35939 | best_loss 7.25154
| epoch 070 | loss 4.853 | nll_loss 2.135 | ppl 4.39 | wps 54615 | ups 4 | wpb 12977.226 | bsz 1082.188 | num_updates 36460 | lr 0.000331224 | gnorm 0.224 | clip 1.000 | oom 0.000 | loss_scale 32.000 | wall 8630 | train_wall 6669
| epoch 070 | valid on 'valid' subset | loss 7.226 | nll_loss 4.942 | ppl 30.74 | num_updates 36460 | best_loss 7.22552
| saved checkpoint ./checkpoints/2020-04-09T01-03-04-00-exp25-bpe7500-seed15/checkpoints_ne_en/checkpoint70.pt (epoch 70 @ 36460 updates) (writing took 1.4239096641540527 seconds)
| epoch 071 | loss 4.850 | nll_loss 2.130 | ppl 4.38 | wps 54071 | ups 4 | wpb 12977.226 | bsz 1082.188 | num_updates 36981 | lr 0.000328882 | gnorm 0.224 | clip 1.000 | oom 0.000 | loss_scale 32.000 | wall 8757 | train_wall 6765
| epoch 071 | valid on 'valid' subset | loss 7.265 | nll_loss 4.978 | ppl 31.53 | num_updates 36981 | best_loss 7.22552
| epoch 072 | loss 4.847 | nll_loss 2.126 | ppl 4.37 | wps 54631 | ups 4 | wpb 12977.226 | bsz 1082.188 | num_updates 37502 | lr 0.00032659 | gnorm 0.224 | clip 1.000 | oom 0.000 | loss_scale 32.000 | wall 8881 | train_wall 6861
| epoch 072 | valid on 'valid' subset | loss 7.255 | nll_loss 4.965 | ppl 31.24 | num_updates 37502 | best_loss 7.22552
| epoch 073 | loss 4.844 | nll_loss 2.122 | ppl 4.35 | wps 54950 | ups 4 | wpb 12977.226 | bsz 1082.188 | num_updates 38023 | lr 0.000324345 | gnorm 0.225 | clip 1.000 | oom 0.000 | loss_scale 32.000 | wall 9005 | train_wall 6957
| epoch 073 | valid on 'valid' subset | loss 7.225 | nll_loss 4.934 | ppl 30.58 | num_updates 38023 | best_loss 7.22544
| epoch 074 | loss 4.841 | nll_loss 2.119 | ppl 4.34 | wps 55405 | ups 4 | wpb 12977.226 | bsz 1082.188 | num_updates 38544 | lr 0.000322145 | gnorm 0.224 | clip 1.000 | oom 0.000 | loss_scale 32.000 | wall 9128 | train_wall 7052
| epoch 074 | valid on 'valid' subset | loss 7.229 | nll_loss 4.945 | ppl 30.81 | num_updates 38544 | best_loss 7.22552
| WARNING: overflow detected, setting loss scale to: 16.0
| epoch 075 | loss 4.838 | nll_loss 2.116 | ppl 4.33 | wps 54032 | ups 4 | wpb 12976.015 | bsz 1078.469 | num_updates 39064 | lr 0.000319994 | gnorm 0.224 | clip 1.000 | oom 0.000 | loss_scale 16.000 | wall 9253 | train_wall 7148
| epoch 075 | valid on 'valid' subset | loss 7.245 | nll_loss 4.971 | ppl 31.36 | num_updates 39064 | best_loss 7.22552
| epoch 076 | loss 4.836 | nll_loss 2.113 | ppl 4.32 | wps 54210 | ups 4 | wpb 12977.226 | bsz 1082.188 | num_updates 39585 | lr 0.000317881 | gnorm 0.226 | clip 1.000 | oom 0.000 | loss_scale 16.000 | wall 9378 | train_wall 7244
| epoch 076 | valid on 'valid' subset | loss 7.260 | nll_loss 4.975 | ppl 31.45 | num_updates 39585 | best_loss 7.22552
| epoch 077 | loss 4.832 | nll_loss 2.108 | ppl 4.31 | wps 55801 | ups 4 | wpb 12977.226 | bsz 1082.188 | num_updates 40106 | lr 0.00031581 | gnorm 0.226 | clip 1.000 | oom 0.000 | loss_scale 16.000 | wall 9500 | train_wall 7338
| epoch 077 | valid on 'valid' subset | loss 7.255 | nll_loss 4.973 | ppl 31.4 | num_updates 40106 | best_loss 7.22552
| epoch 078 | loss 4.829 | nll_loss 2.105 | ppl 4.3 | wps 54821 | ups 4 | wpb 12977.226 | bsz 1082.188 | num_updates 40627 | lr 0.000313778 | gnorm 0.226 | clip 1.000 | oom 0.000 | loss_scale 16.000 | wall 9624 | train_wall 7434
| epoch 078 | valid on 'valid' subset | loss 7.242 | nll_loss 4.964 | ppl 31.22 | num_updates 40627 | best_loss 7.22552
| epoch 079 | loss 4.826 | nll_loss 2.101 | ppl 4.29 | wps 54602 | ups 4 | wpb 12977.226 | bsz 1082.188 | num_updates 41148 | lr 0.000311785 | gnorm 0.226 | clip 1.000 | oom 0.000 | loss_scale 16.000 | wall 9749 | train_wall 7531
| epoch 079 | valid on 'valid' subset | loss 7.236 | nll_loss 4.940 | ppl 30.7 | num_updates 41148 | best_loss 7.22552
| epoch 080 | loss 4.824 | nll_loss 2.098 | ppl 4.28 | wps 55087 | ups 4 | wpb 12977.226 | bsz 1082.188 | num_updates 41669 | lr 0.00030983 | gnorm 0.227 | clip 1.000 | oom 0.000 | loss_scale 16.000 | wall 9872 | train_wall 7627
| epoch 080 | valid on 'valid' subset | loss 7.257 | nll_loss 4.975 | ppl 31.45 | num_updates 41669 | best_loss 7.22552
| saved checkpoint ./checkpoints/2020-04-09T01-03-04-00-exp25-bpe7500-seed15/checkpoints_ne_en/checkpoint80.pt (epoch 80 @ 41669 updates) (writing took 0.6530516147613525 seconds)
| epoch 081 | loss 4.820 | nll_loss 2.093 | ppl 4.27 | wps 55237 | ups 4 | wpb 12977.226 | bsz 1082.188 | num_updates 42190 | lr 0.000307911 | gnorm 0.225 | clip 1.000 | oom 0.000 | loss_scale 16.000 | wall 9996 | train_wall 7721
| epoch 081 | valid on 'valid' subset | loss 7.239 | nll_loss 4.951 | ppl 30.94 | num_updates 42190 | best_loss 7.22552
| epoch 082 | loss 4.818 | nll_loss 2.090 | ppl 4.26 | wps 54553 | ups 4 | wpb 12977.226 | bsz 1082.188 | num_updates 42711 | lr 0.000306027 | gnorm 0.226 | clip 1.000 | oom 0.000 | loss_scale 32.000 | wall 10120 | train_wall 7817
| epoch 082 | valid on 'valid' subset | loss 7.228 | nll_loss 4.945 | ppl 30.81 | num_updates 42711 | best_loss 7.22552
| epoch 083 | loss 4.816 | nll_loss 2.089 | ppl 4.25 | wps 54724 | ups 4 | wpb 12977.226 | bsz 1082.188 | num_updates 43232 | lr 0.000304178 | gnorm 0.228 | clip 1.000 | oom 0.000 | loss_scale 32.000 | wall 10245 | train_wall 7914
| epoch 083 | valid on 'valid' subset | loss 7.253 | nll_loss 4.966 | ppl 31.24 | num_updates 43232 | best_loss 7.22552
| epoch 084 | loss 4.813 | nll_loss 2.084 | ppl 4.24 | wps 55594 | ups 4 | wpb 12977.226 | bsz 1082.188 | num_updates 43753 | lr 0.000302361 | gnorm 0.226 | clip 1.000 | oom 0.000 | loss_scale 32.000 | wall 10367 | train_wall 8007
| epoch 084 | valid on 'valid' subset | loss 7.211 | nll_loss 4.931 | ppl 30.51 | num_updates 43753 | best_loss 7.21074
| epoch 085 | loss 4.811 | nll_loss 2.081 | ppl 4.23 | wps 54754 | ups 4 | wpb 12977.226 | bsz 1082.188 | num_updates 44274 | lr 0.000300577 | gnorm 0.227 | clip 1.000 | oom 0.000 | loss_scale 32.000 | wall 10491 | train_wall 8102
| epoch 085 | valid on 'valid' subset | loss 7.236 | nll_loss 4.945 | ppl 30.79 | num_updates 44274 | best_loss 7.22552
| WARNING: overflow detected, setting loss scale to: 16.0
| epoch 086 | loss 4.808 | nll_loss 2.078 | ppl 4.22 | wps 55129 | ups 4 | wpb 12974.198 | bsz 1077.100 | num_updates 44794 | lr 0.000298827 | gnorm 0.226 | clip 1.000 | oom 0.000 | loss_scale 16.000 | wall 10614 | train_wall 8197
| epoch 086 | valid on 'valid' subset | loss 7.248 | nll_loss 4.968 | ppl 31.29 | num_updates 44794 | best_loss 7.22552
| epoch 087 | loss 4.806 | nll_loss 2.076 | ppl 4.22 | wps 54798 | ups 4 | wpb 12977.226 | bsz 1082.188 | num_updates 45315 | lr 0.000297104 | gnorm 0.227 | clip 1.000 | oom 0.000 | loss_scale 16.000 | wall 10738 | train_wall 8293
| epoch 087 | valid on 'valid' subset | loss 7.234 | nll_loss 4.952 | ppl 30.95 | num_updates 45315 | best_loss 7.22552
| epoch 088 | loss 4.803 | nll_loss 2.071 | ppl 4.2 | wps 54987 | ups 4 | wpb 12977.226 | bsz 1082.188 | num_updates 45836 | lr 0.000295411 | gnorm 0.225 | clip 1.000 | oom 0.000 | loss_scale 16.000 | wall 10861 | train_wall 8387
| epoch 088 | valid on 'valid' subset | loss 7.231 | nll_loss 4.947 | ppl 30.85 | num_updates 45836 | best_loss 7.22552
| epoch 089 | loss 4.801 | nll_loss 2.070 | ppl 4.2 | wps 55199 | ups 4 | wpb 12977.226 | bsz 1082.188 | num_updates 46357 | lr 0.000293746 | gnorm 0.226 | clip 1.000 | oom 0.000 | loss_scale 16.000 | wall 10985 | train_wall 8482
| epoch 089 | valid on 'valid' subset | loss 7.206 | nll_loss 4.918 | ppl 30.23 | num_updates 46357 | best_loss 7.20644
| epoch 090 | loss 4.798 | nll_loss 2.066 | ppl 4.19 | wps 56427 | ups 4 | wpb 12977.226 | bsz 1082.188 | num_updates 46878 | lr 0.000292109 | gnorm 0.228 | clip 1.000 | oom 0.000 | loss_scale 16.000 | wall 11105 | train_wall 8576
| epoch 090 | valid on 'valid' subset | loss 7.237 | nll_loss 4.956 | ppl 31.03 | num_updates 46878 | best_loss 7.22552
| saved checkpoint ./checkpoints/2020-04-09T01-03-04-00-exp25-bpe7500-seed15/checkpoints_ne_en/checkpoint90.pt (epoch 90 @ 46878 updates) (writing took 0.650986909866333 seconds)
| epoch 091 | loss 4.796 | nll_loss 2.063 | ppl 4.18 | wps 55700 | ups 4 | wpb 12977.226 | bsz 1082.188 | num_updates 47399 | lr 0.0002905 | gnorm 0.228 | clip 1.000 | oom 0.000 | loss_scale 16.000 | wall 11228 | train_wall 8670
| epoch 091 | valid on 'valid' subset | loss 7.229 | nll_loss 4.937 | ppl 30.63 | num_updates 47399 | best_loss 7.22552
| epoch 092 | loss 4.793 | nll_loss 2.060 | ppl 4.17 | wps 54575 | ups 4 | wpb 12977.226 | bsz 1082.188 | num_updates 47920 | lr 0.000288916 | gnorm 0.227 | clip 1.000 | oom 0.000 | loss_scale 16.000 | wall 11352 | train_wall 8766
| epoch 092 | valid on 'valid' subset | loss 7.218 | nll_loss 4.929 | ppl 30.47 | num_updates 47920 | best_loss 7.21782
| epoch 093 | loss 4.791 | nll_loss 2.057 | ppl 4.16 | wps 54588 | ups 4 | wpb 12977.226 | bsz 1082.188 | num_updates 48441 | lr 0.000287358 | gnorm 0.228 | clip 1.000 | oom 0.000 | loss_scale 16.000 | wall 11477 | train_wall 8863
| epoch 093 | valid on 'valid' subset | loss 7.245 | nll_loss 4.967 | ppl 31.27 | num_updates 48441 | best_loss 7.22552
| epoch 094 | loss 4.790 | nll_loss 2.055 | ppl 4.16 | wps 54964 | ups 4 | wpb 12977.226 | bsz 1082.188 | num_updates 48962 | lr 0.000285825 | gnorm 0.228 | clip 1.000 | oom 0.000 | loss_scale 32.000 | wall 11600 | train_wall 8959
| epoch 094 | valid on 'valid' subset | loss 7.234 | nll_loss 4.952 | ppl 30.95 | num_updates 48962 | best_loss 7.22552
| epoch 095 | loss 4.787 | nll_loss 2.052 | ppl 4.15 | wps 54689 | ups 4 | wpb 12977.226 | bsz 1082.188 | num_updates 49483 | lr 0.000284316 | gnorm 0.228 | clip 1.000 | oom 0.000 | loss_scale 32.000 | wall 11725 | train_wall 9055
| epoch 095 | valid on 'valid' subset | loss 7.220 | nll_loss 4.932 | ppl 30.52 | num_updates 49483 | best_loss 7.21994
| epoch 096 | loss 4.785 | nll_loss 2.050 | ppl 4.14 | wps 55370 | ups 4 | wpb 12977.226 | bsz 1082.188 | num_updates 50004 | lr 0.000282831 | gnorm 0.227 | clip 1.000 | oom 0.000 | loss_scale 32.000 | wall 11847 | train_wall 9149
| epoch 096 | valid on 'valid' subset | loss 7.218 | nll_loss 4.934 | ppl 30.57 | num_updates 50004 | best_loss 7.21832
| epoch 097 | loss 4.782 | nll_loss 2.046 | ppl 4.13 | wps 54303 | ups 4 | wpb 12977.226 | bsz 1082.188 | num_updates 50525 | lr 0.000281369 | gnorm 0.227 | clip 1.000 | oom 0.000 | loss_scale 32.000 | wall 11973 | train_wall 9246
| epoch 097 | valid on 'valid' subset | loss 7.238 | nll_loss 4.956 | ppl 31.03 | num_updates 50525 | best_loss 7.22552
| WARNING: overflow detected, setting loss scale to: 16.0
| epoch 098 | loss 4.782 | nll_loss 2.045 | ppl 4.13 | wps 56088 | ups 4 | wpb 12976.637 | bsz 1082.592 | num_updates 51045 | lr 0.000279933 | gnorm 0.229 | clip 1.000 | oom 0.000 | loss_scale 16.000 | wall 12094 | train_wall 9340
| epoch 098 | valid on 'valid' subset | loss 7.223 | nll_loss 4.932 | ppl 30.53 | num_updates 51045 | best_loss 7.22304
| epoch 099 | loss 4.779 | nll_loss 2.042 | ppl 4.12 | wps 54789 | ups 4 | wpb 12977.226 | bsz 1082.188 | num_updates 51566 | lr 0.000278515 | gnorm 0.227 | clip 1.000 | oom 0.000 | loss_scale 16.000 | wall 12218 | train_wall 9435
| epoch 099 | valid on 'valid' subset | loss 7.234 | nll_loss 4.954 | ppl 31 | num_updates 51566 | best_loss 7.22552
| epoch 100 | loss 4.777 | nll_loss 2.040 | ppl 4.11 | wps 54915 | ups 4 | wpb 12977.226 | bsz 1082.188 | num_updates 52087 | lr 0.000277118 | gnorm 0.228 | clip 1.000 | oom 0.000 | loss_scale 16.000 | wall 12341 | train_wall 9531
| epoch 100 | valid on 'valid' subset | loss 7.216 | nll_loss 4.934 | ppl 30.57 | num_updates 52087 | best_loss 7.21636
| saved checkpoint ./checkpoints/2020-04-09T01-03-04-00-exp25-bpe7500-seed15/checkpoints_ne_en/checkpoint100.pt (epoch 100 @ 52087 updates) (writing took 1.0676779747009277 seconds)
| done training in 12338.2 seconds
Done training.
Time at end: Thu Apr 9 04:29:05 EDT 2020
