================ FLORES BASELINE WITH CLIP_NORM=0.1, BPE=7500 AND SEED=15  ================
About to train the supervised for the following language pair: EN-SI
Checkpoint directory unset! Setting to default value...
CHECKPOINT_DIR is set to './checkpoints/2020-04-09T01-03-04-00-exp25-bpe7500-seed15/checkpoints_en_si'
Creating checkpoint directory if it doesn't exist...
Data folder is: data-bin/wiki_si_en_bpe7500/
Beginning training...
Time at beginning: Thu Apr 9 10:24:35 EDT 2020
Namespace(activation_dropout=0.2, activation_fn='relu', adam_betas='(0.9, 0.98)', adam_eps=1e-08, adaptive_input=False, adaptive_softmax_cutoff=None, adaptive_softmax_dropout=0, arch='transformer', attention_dropout=0.2, best_checkpoint_metric='loss', bpe=None, bucket_cap_mb=25, clip_norm=0.1, cpu=False, criterion='label_smoothed_cross_entropy', cross_self_attention=False, curriculum=0, data='data-bin/wiki_si_en_bpe7500/', dataset_impl=None, ddp_backend='c10d', decoder_attention_heads=2, decoder_embed_dim=512, decoder_embed_path=None, decoder_ffn_embed_dim=2048, decoder_input_dim=512, decoder_layerdrop=0, decoder_layers=5, decoder_layers_to_keep=None, decoder_learned_pos=False, decoder_normalize_before=True, decoder_output_dim=512, device_id=0, disable_validation=False, distributed_backend='nccl', distributed_init_method=None, distributed_no_spawn=False, distributed_port=-1, distributed_rank=0, distributed_world_size=1, dropout=0.4, empty_cache_freq=0, encoder_attention_heads=2, encoder_embed_dim=512, encoder_embed_path=None, encoder_ffn_embed_dim=2048, encoder_layerdrop=0, encoder_layers=5, encoder_layers_to_keep=None, encoder_learned_pos=False, encoder_normalize_before=True, fast_stat_sync=False, find_unused_parameters=False, fix_batches_to_gpus=False, fixed_validation_seed=None, fp16=True, fp16_init_scale=128, fp16_scale_tolerance=0.0, fp16_scale_window=None, keep_interval_updates=-1, keep_last_epochs=-1, label_smoothing=0.2, layer_wise_attention=False, layernorm_embedding=False, lazy_load=False, left_pad_source='True', left_pad_target='False', load_alignments=False, log_format=None, log_interval=1000, lr=[0.001], lr_scheduler='inverse_sqrt', max_epoch=100, max_sentences=None, max_sentences_valid=None, max_source_positions=1024, max_target_positions=1024, max_tokens=4000, max_tokens_valid=4000, max_update=0, maximize_best_checkpoint_metric=False, memory_efficient_fp16=False, min_loss_scale=0.0001, min_lr=1e-09, no_cross_attention=False, no_epoch_checkpoints=False, no_last_checkpoints=False, no_progress_bar=False, no_save=False, no_save_optimizer_state=False, no_scale_embedding=False, no_token_positional_embeddings=False, num_workers=1, optimizer='adam', optimizer_overrides='{}', raw_text=False, required_batch_size_multiple=8, reset_dataloader=False, reset_lr_scheduler=False, reset_meters=False, reset_optimizer=False, restore_file='checkpoint_last.pt', save_dir='./checkpoints/2020-04-09T01-03-04-00-exp25-bpe7500-seed15/checkpoints_en_si', save_interval=10, save_interval_updates=0, seed=15, sentence_avg=False, share_all_embeddings=True, share_decoder_input_output_embed=False, skip_invalid_size_inputs_valid_test=False, source_lang='en', target_lang='si', task='translation', tensorboard_logdir='', threshold_loss_scale=None, tokenizer=None, train_subset='train', truncate_source=False, update_freq=[4], upsample_primary=1, use_bmuf=False, user_dir=None, valid_subset='valid', validate_interval=1, warmup_init_lr=1e-07, warmup_updates=4000, weight_decay=0.0001)
| [en] dictionary: 7464 types
| [si] dictionary: 7464 types
| loaded 2898 examples from: data-bin/wiki_si_en_bpe7500/valid.si-en.en
| loaded 2898 examples from: data-bin/wiki_si_en_bpe7500/valid.si-en.si
| data-bin/wiki_si_en_bpe7500/ valid en-si 2898 examples
TransformerModel(
  (encoder): TransformerEncoder(
    (embed_tokens): Embedding(7464, 512, padding_idx=1)
    (embed_positions): SinusoidalPositionalEmbedding()
    (layers): ModuleList(
      (0): TransformerEncoderLayer(
        (self_attn): MultiheadAttention(
          (k_proj): Linear(in_features=512, out_features=512, bias=True)
          (v_proj): Linear(in_features=512, out_features=512, bias=True)
          (q_proj): Linear(in_features=512, out_features=512, bias=True)
          (out_proj): Linear(in_features=512, out_features=512, bias=True)
        )
        (self_attn_layer_norm): LayerNorm((512,), eps=1e-05, elementwise_affine=True)
        (fc1): Linear(in_features=512, out_features=2048, bias=True)
        (fc2): Linear(in_features=2048, out_features=512, bias=True)
        (final_layer_norm): LayerNorm((512,), eps=1e-05, elementwise_affine=True)
      )
      (1): TransformerEncoderLayer(
        (self_attn): MultiheadAttention(
          (k_proj): Linear(in_features=512, out_features=512, bias=True)
          (v_proj): Linear(in_features=512, out_features=512, bias=True)
          (q_proj): Linear(in_features=512, out_features=512, bias=True)
          (out_proj): Linear(in_features=512, out_features=512, bias=True)
        )
        (self_attn_layer_norm): LayerNorm((512,), eps=1e-05, elementwise_affine=True)
        (fc1): Linear(in_features=512, out_features=2048, bias=True)
        (fc2): Linear(in_features=2048, out_features=512, bias=True)
        (final_layer_norm): LayerNorm((512,), eps=1e-05, elementwise_affine=True)
      )
      (2): TransformerEncoderLayer(
        (self_attn): MultiheadAttention(
          (k_proj): Linear(in_features=512, out_features=512, bias=True)
          (v_proj): Linear(in_features=512, out_features=512, bias=True)
          (q_proj): Linear(in_features=512, out_features=512, bias=True)
          (out_proj): Linear(in_features=512, out_features=512, bias=True)
        )
        (self_attn_layer_norm): LayerNorm((512,), eps=1e-05, elementwise_affine=True)
        (fc1): Linear(in_features=512, out_features=2048, bias=True)
        (fc2): Linear(in_features=2048, out_features=512, bias=True)
        (final_layer_norm): LayerNorm((512,), eps=1e-05, elementwise_affine=True)
      )
      (3): TransformerEncoderLayer(
        (self_attn): MultiheadAttention(
          (k_proj): Linear(in_features=512, out_features=512, bias=True)
          (v_proj): Linear(in_features=512, out_features=512, bias=True)
          (q_proj): Linear(in_features=512, out_features=512, bias=True)
          (out_proj): Linear(in_features=512, out_features=512, bias=True)
        )
        (self_attn_layer_norm): LayerNorm((512,), eps=1e-05, elementwise_affine=True)
        (fc1): Linear(in_features=512, out_features=2048, bias=True)
        (fc2): Linear(in_features=2048, out_features=512, bias=True)
        (final_layer_norm): LayerNorm((512,), eps=1e-05, elementwise_affine=True)
      )
      (4): TransformerEncoderLayer(
        (self_attn): MultiheadAttention(
          (k_proj): Linear(in_features=512, out_features=512, bias=True)
          (v_proj): Linear(in_features=512, out_features=512, bias=True)
          (q_proj): Linear(in_features=512, out_features=512, bias=True)
          (out_proj): Linear(in_features=512, out_features=512, bias=True)
        )
        (self_attn_layer_norm): LayerNorm((512,), eps=1e-05, elementwise_affine=True)
        (fc1): Linear(in_features=512, out_features=2048, bias=True)
        (fc2): Linear(in_features=2048, out_features=512, bias=True)
        (final_layer_norm): LayerNorm((512,), eps=1e-05, elementwise_affine=True)
      )
    )
    (layer_norm): LayerNorm((512,), eps=1e-05, elementwise_affine=True)
  )
  (decoder): TransformerDecoder(
    (embed_tokens): Embedding(7464, 512, padding_idx=1)
    (embed_positions): SinusoidalPositionalEmbedding()
    (layers): ModuleList(
      (0): TransformerDecoderLayer(
        (self_attn): MultiheadAttention(
          (k_proj): Linear(in_features=512, out_features=512, bias=True)
          (v_proj): Linear(in_features=512, out_features=512, bias=True)
          (q_proj): Linear(in_features=512, out_features=512, bias=True)
          (out_proj): Linear(in_features=512, out_features=512, bias=True)
        )
        (self_attn_layer_norm): LayerNorm((512,), eps=1e-05, elementwise_affine=True)
        (encoder_attn): MultiheadAttention(
          (k_proj): Linear(in_features=512, out_features=512, bias=True)
          (v_proj): Linear(in_features=512, out_features=512, bias=True)
          (q_proj): Linear(in_features=512, out_features=512, bias=True)
          (out_proj): Linear(in_features=512, out_features=512, bias=True)
        )
        (encoder_attn_layer_norm): LayerNorm((512,), eps=1e-05, elementwise_affine=True)
        (fc1): Linear(in_features=512, out_features=2048, bias=True)
        (fc2): Linear(in_features=2048, out_features=512, bias=True)
        (final_layer_norm): LayerNorm((512,), eps=1e-05, elementwise_affine=True)
      )
      (1): TransformerDecoderLayer(
        (self_attn): MultiheadAttention(
          (k_proj): Linear(in_features=512, out_features=512, bias=True)
          (v_proj): Linear(in_features=512, out_features=512, bias=True)
          (q_proj): Linear(in_features=512, out_features=512, bias=True)
          (out_proj): Linear(in_features=512, out_features=512, bias=True)
        )
        (self_attn_layer_norm): LayerNorm((512,), eps=1e-05, elementwise_affine=True)
        (encoder_attn): MultiheadAttention(
          (k_proj): Linear(in_features=512, out_features=512, bias=True)
          (v_proj): Linear(in_features=512, out_features=512, bias=True)
          (q_proj): Linear(in_features=512, out_features=512, bias=True)
          (out_proj): Linear(in_features=512, out_features=512, bias=True)
        )
        (encoder_attn_layer_norm): LayerNorm((512,), eps=1e-05, elementwise_affine=True)
        (fc1): Linear(in_features=512, out_features=2048, bias=True)
        (fc2): Linear(in_features=2048, out_features=512, bias=True)
        (final_layer_norm): LayerNorm((512,), eps=1e-05, elementwise_affine=True)
      )
      (2): TransformerDecoderLayer(
        (self_attn): MultiheadAttention(
          (k_proj): Linear(in_features=512, out_features=512, bias=True)
          (v_proj): Linear(in_features=512, out_features=512, bias=True)
          (q_proj): Linear(in_features=512, out_features=512, bias=True)
          (out_proj): Linear(in_features=512, out_features=512, bias=True)
        )
        (self_attn_layer_norm): LayerNorm((512,), eps=1e-05, elementwise_affine=True)
        (encoder_attn): MultiheadAttention(
          (k_proj): Linear(in_features=512, out_features=512, bias=True)
          (v_proj): Linear(in_features=512, out_features=512, bias=True)
          (q_proj): Linear(in_features=512, out_features=512, bias=True)
          (out_proj): Linear(in_features=512, out_features=512, bias=True)
        )
        (encoder_attn_layer_norm): LayerNorm((512,), eps=1e-05, elementwise_affine=True)
        (fc1): Linear(in_features=512, out_features=2048, bias=True)
        (fc2): Linear(in_features=2048, out_features=512, bias=True)
        (final_layer_norm): LayerNorm((512,), eps=1e-05, elementwise_affine=True)
      )
      (3): TransformerDecoderLayer(
        (self_attn): MultiheadAttention(
          (k_proj): Linear(in_features=512, out_features=512, bias=True)
          (v_proj): Linear(in_features=512, out_features=512, bias=True)
          (q_proj): Linear(in_features=512, out_features=512, bias=True)
          (out_proj): Linear(in_features=512, out_features=512, bias=True)
        )
        (self_attn_layer_norm): LayerNorm((512,), eps=1e-05, elementwise_affine=True)
        (encoder_attn): MultiheadAttention(
          (k_proj): Linear(in_features=512, out_features=512, bias=True)
          (v_proj): Linear(in_features=512, out_features=512, bias=True)
          (q_proj): Linear(in_features=512, out_features=512, bias=True)
          (out_proj): Linear(in_features=512, out_features=512, bias=True)
        )
        (encoder_attn_layer_norm): LayerNorm((512,), eps=1e-05, elementwise_affine=True)
        (fc1): Linear(in_features=512, out_features=2048, bias=True)
        (fc2): Linear(in_features=2048, out_features=512, bias=True)
        (final_layer_norm): LayerNorm((512,), eps=1e-05, elementwise_affine=True)
      )
      (4): TransformerDecoderLayer(
        (self_attn): MultiheadAttention(
          (k_proj): Linear(in_features=512, out_features=512, bias=True)
          (v_proj): Linear(in_features=512, out_features=512, bias=True)
          (q_proj): Linear(in_features=512, out_features=512, bias=True)
          (out_proj): Linear(in_features=512, out_features=512, bias=True)
        )
        (self_attn_layer_norm): LayerNorm((512,), eps=1e-05, elementwise_affine=True)
        (encoder_attn): MultiheadAttention(
          (k_proj): Linear(in_features=512, out_features=512, bias=True)
          (v_proj): Linear(in_features=512, out_features=512, bias=True)
          (q_proj): Linear(in_features=512, out_features=512, bias=True)
          (out_proj): Linear(in_features=512, out_features=512, bias=True)
        )
        (encoder_attn_layer_norm): LayerNorm((512,), eps=1e-05, elementwise_affine=True)
        (fc1): Linear(in_features=512, out_features=2048, bias=True)
        (fc2): Linear(in_features=2048, out_features=512, bias=True)
        (final_layer_norm): LayerNorm((512,), eps=1e-05, elementwise_affine=True)
      )
    )
    (layer_norm): LayerNorm((512,), eps=1e-05, elementwise_affine=True)
  )
)
| model transformer, criterion LabelSmoothedCrossEntropyCriterion
| num. model params: 40605696 (num. trained: 40605696)
| training on 1 GPUs
| max tokens per GPU = 4000 and max sentences per GPU = None
| no existing checkpoint found ./checkpoints/2020-04-09T01-03-04-00-exp25-bpe7500-seed15/checkpoints_en_si/checkpoint_last.pt
| loading train data for epoch 0
| loaded 385319 examples from: data-bin/wiki_si_en_bpe7500/train.si-en.en
| loaded 385319 examples from: data-bin/wiki_si_en_bpe7500/train.si-en.si
| data-bin/wiki_si_en_bpe7500/ train en-si 385319 examples
| WARNING: overflow detected, setting loss scale to: 64.0
| WARNING: overflow detected, setting loss scale to: 32.0
| WARNING: overflow detected, setting loss scale to: 16.0
| epoch 001 | loss 10.946 | nll_loss 10.179 | ppl 1159.65 | wps 54856 | ups 4 | wpb 13267.377 | bsz 1019.056 | num_updates 374 | lr 9.35906e-05 | gnorm 0.788 | clip 1.000 | oom 0.000 | loss_scale 16.000 | wall 90 | train_wall 69
| epoch 001 | valid on 'valid' subset | loss 11.170 | nll_loss 10.438 | ppl 1387.53 | num_updates 374
| epoch 002 | loss 9.763 | nll_loss 8.606 | ppl 389.67 | wps 56951 | ups 4 | wpb 13278.833 | bsz 1022.066 | num_updates 751 | lr 0.000187831 | gnorm 0.591 | clip 1.000 | oom 0.000 | loss_scale 16.000 | wall 179 | train_wall 138
| epoch 002 | valid on 'valid' subset | loss 10.629 | nll_loss 9.661 | ppl 809.46 | num_updates 751
| epoch 003 | loss 9.082 | nll_loss 7.681 | ppl 205.16 | wps 57127 | ups 4 | wpb 13278.833 | bsz 1022.066 | num_updates 1128 | lr 0.000282072 | gnorm 0.475 | clip 1.000 | oom 0.000 | loss_scale 16.000 | wall 267 | train_wall 206
| epoch 003 | valid on 'valid' subset | loss 10.036 | nll_loss 8.792 | ppl 443.25 | num_updates 1128
| epoch 004 | loss 8.453 | nll_loss 6.840 | ppl 114.56 | wps 57026 | ups 4 | wpb 13278.833 | bsz 1022.066 | num_updates 1505 | lr 0.000376312 | gnorm 0.439 | clip 1.000 | oom 0.000 | loss_scale 16.000 | wall 356 | train_wall 275
| epoch 004 | valid on 'valid' subset | loss 9.582 | nll_loss 8.156 | ppl 285.3 | num_updates 1505
| epoch 005 | loss 8.012 | nll_loss 6.249 | ppl 76.05 | wps 56967 | ups 4 | wpb 13278.833 | bsz 1022.066 | num_updates 1882 | lr 0.000470553 | gnorm 0.409 | clip 1.000 | oom 0.000 | loss_scale 16.000 | wall 445 | train_wall 344
| epoch 005 | valid on 'valid' subset | loss 9.285 | nll_loss 7.687 | ppl 206.09 | num_updates 1882
| epoch 006 | loss 7.683 | nll_loss 5.810 | ppl 56.12 | wps 57567 | ups 4 | wpb 13278.833 | bsz 1022.066 | num_updates 2259 | lr 0.000564794 | gnorm 0.387 | clip 1.000 | oom 0.000 | loss_scale 16.000 | wall 532 | train_wall 413
| epoch 006 | valid on 'valid' subset | loss 9.067 | nll_loss 7.394 | ppl 168.21 | num_updates 2259
| epoch 007 | loss 7.436 | nll_loss 5.484 | ppl 44.75 | wps 56952 | ups 4 | wpb 13278.833 | bsz 1022.066 | num_updates 2636 | lr 0.000659034 | gnorm 0.374 | clip 1.000 | oom 0.000 | loss_scale 16.000 | wall 621 | train_wall 482
| epoch 007 | valid on 'valid' subset | loss 8.820 | nll_loss 7.081 | ppl 135.42 | num_updates 2636
| epoch 008 | loss 7.247 | nll_loss 5.236 | ppl 37.69 | wps 56760 | ups 4 | wpb 13278.833 | bsz 1022.066 | num_updates 3013 | lr 0.000753275 | gnorm 0.359 | clip 1.000 | oom 0.000 | loss_scale 16.000 | wall 710 | train_wall 552
| epoch 008 | valid on 'valid' subset | loss 8.602 | nll_loss 6.734 | ppl 106.48 | num_updates 3013
| epoch 009 | loss 7.107 | nll_loss 5.052 | ppl 33.17 | wps 57038 | ups 4 | wpb 13278.833 | bsz 1022.066 | num_updates 3390 | lr 0.000847515 | gnorm 0.343 | clip 1.000 | oom 0.000 | loss_scale 16.000 | wall 798 | train_wall 620
| epoch 009 | valid on 'valid' subset | loss 8.606 | nll_loss 6.742 | ppl 107.04 | num_updates 3390
| epoch 010 | loss 6.996 | nll_loss 4.908 | ppl 30.03 | wps 57723 | ups 4 | wpb 13278.833 | bsz 1022.066 | num_updates 3767 | lr 0.000941756 | gnorm 0.327 | clip 1.000 | oom 0.000 | loss_scale 16.000 | wall 886 | train_wall 689
| epoch 010 | valid on 'valid' subset | loss 8.420 | nll_loss 6.486 | ppl 89.63 | num_updates 3767
| saved checkpoint ./checkpoints/2020-04-09T01-03-04-00-exp25-bpe7500-seed15/checkpoints_en_si/checkpoint10.pt (epoch 10 @ 3767 updates) (writing took 0.7343595027923584 seconds)
| epoch 011 | loss 6.907 | nll_loss 4.793 | ppl 27.72 | wps 56827 | ups 4 | wpb 13278.833 | bsz 1022.066 | num_updates 4144 | lr 0.000982472 | gnorm 0.310 | clip 1.000 | oom 0.000 | loss_scale 32.000 | wall 975 | train_wall 758
| epoch 011 | valid on 'valid' subset | loss 8.275 | nll_loss 6.274 | ppl 77.39 | num_updates 4144 | best_loss 8.27508
| epoch 012 | loss 6.818 | nll_loss 4.677 | ppl 25.59 | wps 57514 | ups 4 | wpb 13278.833 | bsz 1022.066 | num_updates 4521 | lr 0.000940617 | gnorm 0.290 | clip 1.000 | oom 0.000 | loss_scale 32.000 | wall 1063 | train_wall 826
| epoch 012 | valid on 'valid' subset | loss 8.185 | nll_loss 6.157 | ppl 71.38 | num_updates 4521 | best_loss 8.18461
| epoch 013 | loss 6.734 | nll_loss 4.569 | ppl 23.74 | wps 56687 | ups 4 | wpb 13278.833 | bsz 1022.066 | num_updates 4898 | lr 0.000903692 | gnorm 0.279 | clip 1.000 | oom 0.000 | loss_scale 32.000 | wall 1152 | train_wall 896
| epoch 013 | valid on 'valid' subset | loss 8.132 | nll_loss 6.060 | ppl 66.71 | num_updates 4898 | best_loss 8.13189
| epoch 014 | loss 6.665 | nll_loss 4.480 | ppl 22.31 | wps 56890 | ups 4 | wpb 13278.833 | bsz 1022.066 | num_updates 5275 | lr 0.000870801 | gnorm 0.264 | clip 1.000 | oom 0.000 | loss_scale 32.000 | wall 1241 | train_wall 965
| epoch 014 | valid on 'valid' subset | loss 8.077 | nll_loss 5.983 | ppl 63.26 | num_updates 5275 | best_loss 8.07717
| epoch 015 | loss 6.609 | nll_loss 4.407 | ppl 21.22 | wps 56767 | ups 4 | wpb 13278.833 | bsz 1022.066 | num_updates 5652 | lr 0.000841257 | gnorm 0.259 | clip 1.000 | oom 0.000 | loss_scale 32.000 | wall 1330 | train_wall 1035
| epoch 015 | valid on 'valid' subset | loss 8.013 | nll_loss 5.896 | ppl 59.55 | num_updates 5652 | best_loss 8.01308
| epoch 016 | loss 6.560 | nll_loss 4.343 | ppl 20.3 | wps 56686 | ups 4 | wpb 13278.833 | bsz 1022.066 | num_updates 6029 | lr 0.000814531 | gnorm 0.252 | clip 1.000 | oom 0.000 | loss_scale 32.000 | wall 1419 | train_wall 1105
| epoch 016 | valid on 'valid' subset | loss 7.923 | nll_loss 5.796 | ppl 55.57 | num_updates 6029 | best_loss 7.92288
| epoch 017 | loss 6.516 | nll_loss 4.288 | ppl 19.53 | wps 56360 | ups 4 | wpb 13278.833 | bsz 1022.066 | num_updates 6406 | lr 0.000790199 | gnorm 0.245 | clip 1.000 | oom 0.000 | loss_scale 32.000 | wall 1508 | train_wall 1175
| epoch 017 | valid on 'valid' subset | loss 7.913 | nll_loss 5.753 | ppl 53.94 | num_updates 6406 | best_loss 7.91335
| epoch 018 | loss 6.478 | nll_loss 4.238 | ppl 18.88 | wps 56739 | ups 4 | wpb 13278.833 | bsz 1022.066 | num_updates 6783 | lr 0.000767925 | gnorm 0.242 | clip 1.000 | oom 0.000 | loss_scale 32.000 | wall 1597 | train_wall 1245
| epoch 018 | valid on 'valid' subset | loss 7.831 | nll_loss 5.658 | ppl 50.49 | num_updates 6783 | best_loss 7.831
| epoch 019 | loss 6.446 | nll_loss 4.197 | ppl 18.34 | wps 56527 | ups 4 | wpb 13278.833 | bsz 1022.066 | num_updates 7160 | lr 0.000747435 | gnorm 0.238 | clip 1.000 | oom 0.000 | loss_scale 32.000 | wall 1687 | train_wall 1315
| epoch 019 | valid on 'valid' subset | loss 7.855 | nll_loss 5.688 | ppl 51.55 | num_updates 7160 | best_loss 7.85481
| epoch 020 | loss 6.412 | nll_loss 4.154 | ppl 17.8 | wps 56279 | ups 4 | wpb 13278.833 | bsz 1022.066 | num_updates 7537 | lr 0.000728502 | gnorm 0.234 | clip 1.000 | oom 0.000 | loss_scale 32.000 | wall 1776 | train_wall 1385
| epoch 020 | valid on 'valid' subset | loss 7.816 | nll_loss 5.626 | ppl 49.39 | num_updates 7537 | best_loss 7.81552
| saved checkpoint ./checkpoints/2020-04-09T01-03-04-00-exp25-bpe7500-seed15/checkpoints_en_si/checkpoint20.pt (epoch 20 @ 7537 updates) (writing took 1.4433741569519043 seconds)
| epoch 021 | loss 6.384 | nll_loss 4.117 | ppl 17.35 | wps 56277 | ups 4 | wpb 13278.833 | bsz 1022.066 | num_updates 7914 | lr 0.000710938 | gnorm 0.230 | clip 1.000 | oom 0.000 | loss_scale 32.000 | wall 1867 | train_wall 1455
| epoch 021 | valid on 'valid' subset | loss 7.735 | nll_loss 5.524 | ppl 46.02 | num_updates 7914 | best_loss 7.7355
| epoch 022 | loss 6.360 | nll_loss 4.086 | ppl 16.98 | wps 56975 | ups 4 | wpb 13278.833 | bsz 1022.066 | num_updates 8291 | lr 0.000694587 | gnorm 0.233 | clip 1.000 | oom 0.000 | loss_scale 64.000 | wall 1956 | train_wall 1525
| epoch 022 | valid on 'valid' subset | loss 7.776 | nll_loss 5.557 | ppl 47.07 | num_updates 8291 | best_loss 7.77574
| epoch 023 | loss 6.338 | nll_loss 4.058 | ppl 16.66 | wps 56450 | ups 4 | wpb 13278.833 | bsz 1022.066 | num_updates 8668 | lr 0.000679314 | gnorm 0.227 | clip 1.000 | oom 0.000 | loss_scale 64.000 | wall 2045 | train_wall 1595
| epoch 023 | valid on 'valid' subset | loss 7.729 | nll_loss 5.501 | ppl 45.28 | num_updates 8668 | best_loss 7.72877
| epoch 024 | loss 6.315 | nll_loss 4.028 | ppl 16.31 | wps 56549 | ups 4 | wpb 13278.833 | bsz 1022.066 | num_updates 9045 | lr 0.000665006 | gnorm 0.221 | clip 1.000 | oom 0.000 | loss_scale 64.000 | wall 2135 | train_wall 1665
| epoch 024 | valid on 'valid' subset | loss 7.705 | nll_loss 5.449 | ppl 43.69 | num_updates 9045 | best_loss 7.70509
| epoch 025 | loss 6.295 | nll_loss 4.002 | ppl 16.02 | wps 57002 | ups 4 | wpb 13278.833 | bsz 1022.066 | num_updates 9422 | lr 0.000651566 | gnorm 0.223 | clip 1.000 | oom 0.000 | loss_scale 64.000 | wall 2223 | train_wall 1734
| epoch 025 | valid on 'valid' subset | loss 7.751 | nll_loss 5.531 | ppl 46.24 | num_updates 9422 | best_loss 7.75094
| epoch 026 | loss 6.277 | nll_loss 3.979 | ppl 15.77 | wps 56661 | ups 4 | wpb 13278.833 | bsz 1022.066 | num_updates 9799 | lr 0.000638909 | gnorm 0.223 | clip 1.000 | oom 0.000 | loss_scale 64.000 | wall 2312 | train_wall 1804
| epoch 026 | valid on 'valid' subset | loss 7.638 | nll_loss 5.376 | ppl 41.53 | num_updates 9799 | best_loss 7.63826
| epoch 027 | loss 6.259 | nll_loss 3.956 | ppl 15.52 | wps 56697 | ups 4 | wpb 13278.833 | bsz 1022.066 | num_updates 10176 | lr 0.000626962 | gnorm 0.218 | clip 1.000 | oom 0.000 | loss_scale 64.000 | wall 2401 | train_wall 1874
| epoch 027 | valid on 'valid' subset | loss 7.686 | nll_loss 5.423 | ppl 42.9 | num_updates 10176 | best_loss 7.68553
| epoch 028 | loss 6.243 | nll_loss 3.935 | ppl 15.29 | wps 56449 | ups 4 | wpb 13278.833 | bsz 1022.066 | num_updates 10553 | lr 0.000615662 | gnorm 0.220 | clip 1.000 | oom 0.000 | loss_scale 64.000 | wall 2491 | train_wall 1944
| epoch 028 | valid on 'valid' subset | loss 7.606 | nll_loss 5.330 | ppl 40.23 | num_updates 10553 | best_loss 7.60572
| epoch 029 | loss 6.228 | nll_loss 3.915 | ppl 15.09 | wps 56625 | ups 4 | wpb 13278.833 | bsz 1022.066 | num_updates 10930 | lr 0.000604951 | gnorm 0.215 | clip 1.000 | oom 0.000 | loss_scale 64.000 | wall 2580 | train_wall 2015
| epoch 029 | valid on 'valid' subset | loss 7.651 | nll_loss 5.387 | ppl 41.85 | num_updates 10930 | best_loss 7.65125
| epoch 030 | loss 6.214 | nll_loss 3.898 | ppl 14.9 | wps 56410 | ups 4 | wpb 13278.833 | bsz 1022.066 | num_updates 11307 | lr 0.00059478 | gnorm 0.218 | clip 1.000 | oom 0.000 | loss_scale 64.000 | wall 2669 | train_wall 2085
| epoch 030 | valid on 'valid' subset | loss 7.707 | nll_loss 5.464 | ppl 44.15 | num_updates 11307 | best_loss 7.70734
| saved checkpoint ./checkpoints/2020-04-09T01-03-04-00-exp25-bpe7500-seed15/checkpoints_en_si/checkpoint30.pt (epoch 30 @ 11307 updates) (writing took 1.0262694358825684 seconds)
| epoch 031 | loss 6.202 | nll_loss 3.882 | ppl 14.74 | wps 56523 | ups 4 | wpb 13278.833 | bsz 1022.066 | num_updates 11684 | lr 0.000585106 | gnorm 0.215 | clip 1.000 | oom 0.000 | loss_scale 64.000 | wall 2759 | train_wall 2155
| epoch 031 | valid on 'valid' subset | loss 7.626 | nll_loss 5.347 | ppl 40.7 | num_updates 11684 | best_loss 7.62616
| epoch 032 | loss 6.188 | nll_loss 3.864 | ppl 14.56 | wps 57327 | ups 4 | wpb 13278.833 | bsz 1022.066 | num_updates 12061 | lr 0.000575888 | gnorm 0.214 | clip 1.000 | oom 0.000 | loss_scale 64.000 | wall 2847 | train_wall 2223
| epoch 032 | valid on 'valid' subset | loss 7.593 | nll_loss 5.301 | ppl 39.43 | num_updates 12061 | best_loss 7.59336
| epoch 033 | loss 6.175 | nll_loss 3.848 | ppl 14.4 | wps 56931 | ups 4 | wpb 13278.833 | bsz 1022.066 | num_updates 12438 | lr 0.000567094 | gnorm 0.212 | clip 1.000 | oom 0.000 | loss_scale 128.000 | wall 2936 | train_wall 2292
| epoch 033 | valid on 'valid' subset | loss 7.570 | nll_loss 5.279 | ppl 38.84 | num_updates 12438 | best_loss 7.56958
| WARNING: overflow detected, setting loss scale to: 64.0
| epoch 034 | loss 6.163 | nll_loss 3.832 | ppl 14.24 | wps 56759 | ups 4 | wpb 13277.710 | bsz 1022.231 | num_updates 12814 | lr 0.000558712 | gnorm 0.213 | clip 1.000 | oom 0.000 | loss_scale 64.000 | wall 3025 | train_wall 2361
| epoch 034 | valid on 'valid' subset | loss 7.552 | nll_loss 5.257 | ppl 38.23 | num_updates 12814 | best_loss 7.55242
| epoch 035 | loss 6.153 | nll_loss 3.819 | ppl 14.11 | wps 57133 | ups 4 | wpb 13278.833 | bsz 1022.066 | num_updates 13191 | lr 0.00055067 | gnorm 0.212 | clip 1.000 | oom 0.000 | loss_scale 64.000 | wall 3113 | train_wall 2430
| epoch 035 | valid on 'valid' subset | loss 7.575 | nll_loss 5.283 | ppl 38.93 | num_updates 13191 | best_loss 7.5746
| epoch 036 | loss 6.142 | nll_loss 3.805 | ppl 13.98 | wps 56455 | ups 4 | wpb 13278.833 | bsz 1022.066 | num_updates 13568 | lr 0.000542965 | gnorm 0.211 | clip 1.000 | oom 0.000 | loss_scale 64.000 | wall 3203 | train_wall 2500
| epoch 036 | valid on 'valid' subset | loss 7.535 | nll_loss 5.230 | ppl 37.52 | num_updates 13568 | best_loss 7.53471
| epoch 037 | loss 6.131 | nll_loss 3.791 | ppl 13.84 | wps 56512 | ups 4 | wpb 13278.833 | bsz 1022.066 | num_updates 13945 | lr 0.000535576 | gnorm 0.210 | clip 1.000 | oom 0.000 | loss_scale 64.000 | wall 3292 | train_wall 2570
| epoch 037 | valid on 'valid' subset | loss 7.541 | nll_loss 5.251 | ppl 38.08 | num_updates 13945 | best_loss 7.54121
| WARNING: overflow detected, setting loss scale to: 32.0
| epoch 038 | loss 6.124 | nll_loss 3.781 | ppl 13.75 | wps 56696 | ups 4 | wpb 13276.500 | bsz 1021.827 | num_updates 14321 | lr 0.000528498 | gnorm 0.209 | clip 1.000 | oom 0.000 | loss_scale 32.000 | wall 3381 | train_wall 2639
| epoch 038 | valid on 'valid' subset | loss 7.532 | nll_loss 5.234 | ppl 37.64 | num_updates 14321 | best_loss 7.53241
| epoch 039 | loss 6.115 | nll_loss 3.770 | ppl 13.64 | wps 56603 | ups 4 | wpb 13278.833 | bsz 1022.066 | num_updates 14698 | lr 0.000521676 | gnorm 0.210 | clip 1.000 | oom 0.000 | loss_scale 32.000 | wall 3470 | train_wall 2709
| epoch 039 | valid on 'valid' subset | loss 7.504 | nll_loss 5.195 | ppl 36.64 | num_updates 14698 | best_loss 7.50378
| epoch 040 | loss 6.105 | nll_loss 3.757 | ppl 13.52 | wps 56763 | ups 4 | wpb 13278.833 | bsz 1022.066 | num_updates 15075 | lr 0.000515112 | gnorm 0.208 | clip 1.000 | oom 0.000 | loss_scale 32.000 | wall 3559 | train_wall 2779
| epoch 040 | valid on 'valid' subset | loss 7.535 | nll_loss 5.226 | ppl 37.43 | num_updates 15075 | best_loss 7.53461
| saved checkpoint ./checkpoints/2020-04-09T01-03-04-00-exp25-bpe7500-seed15/checkpoints_en_si/checkpoint40.pt (epoch 40 @ 15075 updates) (writing took 1.3238730430603027 seconds)
| epoch 041 | loss 6.096 | nll_loss 3.745 | ppl 13.41 | wps 57228 | ups 4 | wpb 13278.833 | bsz 1022.066 | num_updates 15452 | lr 0.000508789 | gnorm 0.210 | clip 1.000 | oom 0.000 | loss_scale 32.000 | wall 3648 | train_wall 2847
| epoch 041 | valid on 'valid' subset | loss 7.480 | nll_loss 5.168 | ppl 35.94 | num_updates 15452 | best_loss 7.48008
| epoch 042 | loss 6.087 | nll_loss 3.734 | ppl 13.31 | wps 57120 | ups 4 | wpb 13278.833 | bsz 1022.066 | num_updates 15829 | lr 0.000502693 | gnorm 0.208 | clip 1.000 | oom 0.000 | loss_scale 32.000 | wall 3737 | train_wall 2916
| epoch 042 | valid on 'valid' subset | loss 7.499 | nll_loss 5.186 | ppl 36.41 | num_updates 15829 | best_loss 7.49895
| epoch 043 | loss 6.080 | nll_loss 3.725 | ppl 13.22 | wps 57885 | ups 4 | wpb 13278.833 | bsz 1022.066 | num_updates 16206 | lr 0.000496812 | gnorm 0.209 | clip 1.000 | oom 0.000 | loss_scale 32.000 | wall 3824 | train_wall 2984
| epoch 043 | valid on 'valid' subset | loss 7.516 | nll_loss 5.203 | ppl 36.85 | num_updates 16206 | best_loss 7.51556
| epoch 044 | loss 6.074 | nll_loss 3.716 | ppl 13.14 | wps 57089 | ups 4 | wpb 13278.833 | bsz 1022.066 | num_updates 16583 | lr 0.000491132 | gnorm 0.209 | clip 1.000 | oom 0.000 | loss_scale 32.000 | wall 3912 | train_wall 3053
| epoch 044 | valid on 'valid' subset | loss 7.509 | nll_loss 5.191 | ppl 36.53 | num_updates 16583 | best_loss 7.50899
| epoch 045 | loss 6.065 | nll_loss 3.705 | ppl 13.04 | wps 57496 | ups 4 | wpb 13278.833 | bsz 1022.066 | num_updates 16960 | lr 0.000485643 | gnorm 0.207 | clip 1.000 | oom 0.000 | loss_scale 32.000 | wall 4000 | train_wall 3122
| epoch 045 | valid on 'valid' subset | loss 7.510 | nll_loss 5.191 | ppl 36.53 | num_updates 16960 | best_loss 7.50988
| epoch 046 | loss 6.059 | nll_loss 3.697 | ppl 12.97 | wps 56813 | ups 4 | wpb 13278.833 | bsz 1022.066 | num_updates 17337 | lr 0.000480334 | gnorm 0.208 | clip 1.000 | oom 0.000 | loss_scale 32.000 | wall 4089 | train_wall 3192
| epoch 046 | valid on 'valid' subset | loss 7.484 | nll_loss 5.159 | ppl 35.73 | num_updates 17337 | best_loss 7.48377
| epoch 047 | loss 6.053 | nll_loss 3.689 | ppl 12.9 | wps 57290 | ups 4 | wpb 13278.833 | bsz 1022.066 | num_updates 17714 | lr 0.000475195 | gnorm 0.208 | clip 1.000 | oom 0.000 | loss_scale 32.000 | wall 4177 | train_wall 3261
| epoch 047 | valid on 'valid' subset | loss 7.461 | nll_loss 5.123 | ppl 34.84 | num_updates 17714 | best_loss 7.46109
| epoch 048 | loss 6.045 | nll_loss 3.679 | ppl 12.81 | wps 57272 | ups 4 | wpb 13278.833 | bsz 1022.066 | num_updates 18091 | lr 0.000470217 | gnorm 0.207 | clip 1.000 | oom 0.000 | loss_scale 32.000 | wall 4265 | train_wall 3330
| epoch 048 | valid on 'valid' subset | loss 7.461 | nll_loss 5.126 | ppl 34.91 | num_updates 18091 | best_loss 7.46078
| epoch 049 | loss 6.039 | nll_loss 3.672 | ppl 12.74 | wps 56223 | ups 4 | wpb 13278.833 | bsz 1022.066 | num_updates 18468 | lr 0.000465393 | gnorm 0.208 | clip 1.000 | oom 0.000 | loss_scale 64.000 | wall 4355 | train_wall 3400
| epoch 049 | valid on 'valid' subset | loss 7.443 | nll_loss 5.107 | ppl 34.47 | num_updates 18468 | best_loss 7.44295
| epoch 050 | loss 6.033 | nll_loss 3.664 | ppl 12.68 | wps 56686 | ups 4 | wpb 13278.833 | bsz 1022.066 | num_updates 18845 | lr 0.000460715 | gnorm 0.208 | clip 1.000 | oom 0.000 | loss_scale 64.000 | wall 4444 | train_wall 3469
| epoch 050 | valid on 'valid' subset | loss 7.446 | nll_loss 5.103 | ppl 34.37 | num_updates 18845 | best_loss 7.44632
| saved checkpoint ./checkpoints/2020-04-09T01-03-04-00-exp25-bpe7500-seed15/checkpoints_en_si/checkpoint50.pt (epoch 50 @ 18845 updates) (writing took 1.2585508823394775 seconds)
| epoch 051 | loss 6.026 | nll_loss 3.655 | ppl 12.59 | wps 56686 | ups 4 | wpb 13278.833 | bsz 1022.066 | num_updates 19222 | lr 0.000456174 | gnorm 0.207 | clip 1.000 | oom 0.000 | loss_scale 64.000 | wall 4534 | train_wall 3538
| epoch 051 | valid on 'valid' subset | loss 7.430 | nll_loss 5.099 | ppl 34.27 | num_updates 19222 | best_loss 7.43009
| epoch 052 | loss 6.021 | nll_loss 3.648 | ppl 12.53 | wps 56752 | ups 4 | wpb 13278.833 | bsz 1022.066 | num_updates 19599 | lr 0.000451765 | gnorm 0.207 | clip 1.000 | oom 0.000 | loss_scale 64.000 | wall 4623 | train_wall 3608
| epoch 052 | valid on 'valid' subset | loss 7.437 | nll_loss 5.103 | ppl 34.36 | num_updates 19599 | best_loss 7.43701
| epoch 053 | loss 6.015 | nll_loss 3.640 | ppl 12.46 | wps 56463 | ups 4 | wpb 13278.833 | bsz 1022.066 | num_updates 19976 | lr 0.000447482 | gnorm 0.207 | clip 1.000 | oom 0.000 | loss_scale 64.000 | wall 4712 | train_wall 3678
| epoch 053 | valid on 'valid' subset | loss 7.433 | nll_loss 5.100 | ppl 34.29 | num_updates 19976 | best_loss 7.43349
| epoch 054 | loss 6.010 | nll_loss 3.634 | ppl 12.42 | wps 56168 | ups 4 | wpb 13278.833 | bsz 1022.066 | num_updates 20353 | lr 0.000443318 | gnorm 0.208 | clip 1.000 | oom 0.000 | loss_scale 64.000 | wall 4802 | train_wall 3748
| epoch 054 | valid on 'valid' subset | loss 7.441 | nll_loss 5.106 | ppl 34.44 | num_updates 20353 | best_loss 7.44054
| epoch 055 | loss 6.005 | nll_loss 3.627 | ppl 12.35 | wps 57389 | ups 4 | wpb 13278.833 | bsz 1022.066 | num_updates 20730 | lr 0.000439269 | gnorm 0.208 | clip 1.000 | oom 0.000 | loss_scale 64.000 | wall 4890 | train_wall 3818
| epoch 055 | valid on 'valid' subset | loss 7.424 | nll_loss 5.084 | ppl 33.91 | num_updates 20730 | best_loss 7.4238
| epoch 056 | loss 6.001 | nll_loss 3.621 | ppl 12.31 | wps 57427 | ups 4 | wpb 13278.833 | bsz 1022.066 | num_updates 21107 | lr 0.000435328 | gnorm 0.207 | clip 1.000 | oom 0.000 | loss_scale 64.000 | wall 4978 | train_wall 3886
| epoch 056 | valid on 'valid' subset | loss 7.441 | nll_loss 5.110 | ppl 34.54 | num_updates 21107 | best_loss 7.44083
| epoch 057 | loss 5.994 | nll_loss 3.613 | ppl 12.24 | wps 56771 | ups 4 | wpb 13278.833 | bsz 1022.066 | num_updates 21484 | lr 0.000431492 | gnorm 0.207 | clip 1.000 | oom 0.000 | loss_scale 64.000 | wall 5067 | train_wall 3955
| epoch 057 | valid on 'valid' subset | loss 7.392 | nll_loss 5.049 | ppl 33.11 | num_updates 21484 | best_loss 7.3918
| WARNING: overflow detected, setting loss scale to: 32.0
| epoch 058 | loss 5.990 | nll_loss 3.608 | ppl 12.19 | wps 56315 | ups 4 | wpb 13280.904 | bsz 1023.082 | num_updates 21860 | lr 0.000427765 | gnorm 0.208 | clip 1.000 | oom 0.000 | loss_scale 32.000 | wall 5156 | train_wall 4025
| epoch 058 | valid on 'valid' subset | loss 7.402 | nll_loss 5.063 | ppl 33.43 | num_updates 21860 | best_loss 7.40236
| epoch 059 | loss 5.984 | nll_loss 3.600 | ppl 12.13 | wps 56141 | ups 4 | wpb 13278.833 | bsz 1022.066 | num_updates 22237 | lr 0.000424123 | gnorm 0.205 | clip 1.000 | oom 0.000 | loss_scale 32.000 | wall 5246 | train_wall 4095
| epoch 059 | valid on 'valid' subset | loss 7.403 | nll_loss 5.051 | ppl 33.15 | num_updates 22237 | best_loss 7.40294
| epoch 060 | loss 5.980 | nll_loss 3.595 | ppl 12.08 | wps 56784 | ups 4 | wpb 13278.833 | bsz 1022.066 | num_updates 22614 | lr 0.000420573 | gnorm 0.209 | clip 1.000 | oom 0.000 | loss_scale 32.000 | wall 5335 | train_wall 4165
| epoch 060 | valid on 'valid' subset | loss 7.405 | nll_loss 5.066 | ppl 33.5 | num_updates 22614 | best_loss 7.40535
| saved checkpoint ./checkpoints/2020-04-09T01-03-04-00-exp25-bpe7500-seed15/checkpoints_en_si/checkpoint60.pt (epoch 60 @ 22614 updates) (writing took 1.3015251159667969 seconds)
| epoch 061 | loss 5.976 | nll_loss 3.589 | ppl 12.04 | wps 56718 | ups 4 | wpb 13278.833 | bsz 1022.066 | num_updates 22991 | lr 0.00041711 | gnorm 0.206 | clip 1.000 | oom 0.000 | loss_scale 32.000 | wall 5425 | train_wall 4234
| epoch 061 | valid on 'valid' subset | loss 7.413 | nll_loss 5.065 | ppl 33.46 | num_updates 22991 | best_loss 7.40535
| epoch 062 | loss 5.972 | nll_loss 3.584 | ppl 11.99 | wps 56840 | ups 4 | wpb 13278.833 | bsz 1022.066 | num_updates 23368 | lr 0.000413732 | gnorm 0.208 | clip 1.000 | oom 0.000 | loss_scale 32.000 | wall 5514 | train_wall 4303
| epoch 062 | valid on 'valid' subset | loss 7.399 | nll_loss 5.042 | ppl 32.94 | num_updates 23368 | best_loss 7.39898
| epoch 063 | loss 5.967 | nll_loss 3.578 | ppl 11.94 | wps 56763 | ups 4 | wpb 13278.833 | bsz 1022.066 | num_updates 23745 | lr 0.000410435 | gnorm 0.208 | clip 1.000 | oom 0.000 | loss_scale 32.000 | wall 5603 | train_wall 4373
| epoch 063 | valid on 'valid' subset | loss 7.394 | nll_loss 5.040 | ppl 32.89 | num_updates 23745 | best_loss 7.39412
| epoch 064 | loss 5.962 | nll_loss 3.571 | ppl 11.89 | wps 56178 | ups 4 | wpb 13278.833 | bsz 1022.066 | num_updates 24122 | lr 0.000407215 | gnorm 0.206 | clip 1.000 | oom 0.000 | loss_scale 32.000 | wall 5693 | train_wall 4444
| epoch 064 | valid on 'valid' subset | loss 7.396 | nll_loss 5.054 | ppl 33.22 | num_updates 24122 | best_loss 7.39632
| epoch 065 | loss 5.958 | nll_loss 3.566 | ppl 11.84 | wps 56414 | ups 4 | wpb 13278.833 | bsz 1022.066 | num_updates 24499 | lr 0.000404069 | gnorm 0.205 | clip 1.000 | oom 0.000 | loss_scale 32.000 | wall 5782 | train_wall 4514
| epoch 065 | valid on 'valid' subset | loss 7.357 | nll_loss 4.998 | ppl 31.96 | num_updates 24499 | best_loss 7.35724
| epoch 066 | loss 5.954 | nll_loss 3.560 | ppl 11.79 | wps 56469 | ups 4 | wpb 13278.833 | bsz 1022.066 | num_updates 24876 | lr 0.000400996 | gnorm 0.206 | clip 1.000 | oom 0.000 | loss_scale 32.000 | wall 5872 | train_wall 4583
| epoch 066 | valid on 'valid' subset | loss 7.405 | nll_loss 5.064 | ppl 33.45 | num_updates 24876 | best_loss 7.40467
| epoch 067 | loss 5.950 | nll_loss 3.556 | ppl 11.76 | wps 56965 | ups 4 | wpb 13278.833 | bsz 1022.066 | num_updates 25253 | lr 0.000397991 | gnorm 0.206 | clip 1.000 | oom 0.000 | loss_scale 32.000 | wall 5960 | train_wall 4653
| epoch 067 | valid on 'valid' subset | loss 7.369 | nll_loss 5.013 | ppl 32.3 | num_updates 25253 | best_loss 7.36899
| epoch 068 | loss 5.946 | nll_loss 3.550 | ppl 11.72 | wps 56520 | ups 4 | wpb 13278.833 | bsz 1022.066 | num_updates 25630 | lr 0.000395053 | gnorm 0.206 | clip 1.000 | oom 0.000 | loss_scale 32.000 | wall 6049 | train_wall 4723
| epoch 068 | valid on 'valid' subset | loss 7.362 | nll_loss 5.009 | ppl 32.2 | num_updates 25630 | best_loss 7.36215
| epoch 069 | loss 5.943 | nll_loss 3.546 | ppl 11.68 | wps 56937 | ups 4 | wpb 13278.833 | bsz 1022.066 | num_updates 26007 | lr 0.000392179 | gnorm 0.205 | clip 1.000 | oom 0.000 | loss_scale 64.000 | wall 6138 | train_wall 4792
| epoch 069 | valid on 'valid' subset | loss 7.363 | nll_loss 5.012 | ppl 32.26 | num_updates 26007 | best_loss 7.36304
| WARNING: overflow detected, setting loss scale to: 32.0
| epoch 070 | loss 5.940 | nll_loss 3.543 | ppl 11.65 | wps 56810 | ups 4 | wpb 13276.285 | bsz 1021.231 | num_updates 26383 | lr 0.000389375 | gnorm 0.209 | clip 1.000 | oom 0.000 | loss_scale 32.000 | wall 6227 | train_wall 4862
| epoch 070 | valid on 'valid' subset | loss 7.357 | nll_loss 5.010 | ppl 32.22 | num_updates 26383 | best_loss 7.35725
| saved checkpoint ./checkpoints/2020-04-09T01-03-04-00-exp25-bpe7500-seed15/checkpoints_en_si/checkpoint70.pt (epoch 70 @ 26383 updates) (writing took 1.3646717071533203 seconds)
| epoch 071 | loss 5.935 | nll_loss 3.536 | ppl 11.6 | wps 56309 | ups 4 | wpb 13278.833 | bsz 1022.066 | num_updates 26760 | lr 0.000386622 | gnorm 0.207 | clip 1.000 | oom 0.000 | loss_scale 32.000 | wall 6318 | train_wall 4932
| epoch 071 | valid on 'valid' subset | loss 7.362 | nll_loss 4.995 | ppl 31.9 | num_updates 26760 | best_loss 7.35725
| epoch 072 | loss 5.932 | nll_loss 3.531 | ppl 11.56 | wps 56320 | ups 4 | wpb 13278.833 | bsz 1022.066 | num_updates 27137 | lr 0.000383927 | gnorm 0.208 | clip 1.000 | oom 0.000 | loss_scale 32.000 | wall 6407 | train_wall 5002
| epoch 072 | valid on 'valid' subset | loss 7.366 | nll_loss 5.010 | ppl 32.22 | num_updates 27137 | best_loss 7.35725
| epoch 073 | loss 5.928 | nll_loss 3.527 | ppl 11.53 | wps 56500 | ups 4 | wpb 13278.833 | bsz 1022.066 | num_updates 27514 | lr 0.000381288 | gnorm 0.208 | clip 1.000 | oom 0.000 | loss_scale 32.000 | wall 6497 | train_wall 5072
| epoch 073 | valid on 'valid' subset | loss 7.377 | nll_loss 5.024 | ppl 32.53 | num_updates 27514 | best_loss 7.35725
| epoch 074 | loss 5.925 | nll_loss 3.523 | ppl 11.5 | wps 57485 | ups 4 | wpb 13278.833 | bsz 1022.066 | num_updates 27891 | lr 0.000378702 | gnorm 0.208 | clip 1.000 | oom 0.000 | loss_scale 32.000 | wall 6584 | train_wall 5140
| epoch 074 | valid on 'valid' subset | loss 7.353 | nll_loss 4.993 | ppl 31.84 | num_updates 27891 | best_loss 7.35336
| epoch 075 | loss 5.922 | nll_loss 3.519 | ppl 11.46 | wps 57465 | ups 4 | wpb 13278.833 | bsz 1022.066 | num_updates 28268 | lr 0.000376169 | gnorm 0.207 | clip 1.000 | oom 0.000 | loss_scale 32.000 | wall 6672 | train_wall 5208
| epoch 075 | valid on 'valid' subset | loss 7.373 | nll_loss 5.006 | ppl 32.14 | num_updates 28268 | best_loss 7.35725
| epoch 076 | loss 5.918 | nll_loss 3.514 | ppl 11.42 | wps 56658 | ups 4 | wpb 13278.833 | bsz 1022.066 | num_updates 28645 | lr 0.000373685 | gnorm 0.206 | clip 1.000 | oom 0.000 | loss_scale 32.000 | wall 6761 | train_wall 5277
| epoch 076 | valid on 'valid' subset | loss 7.361 | nll_loss 5.004 | ppl 32.09 | num_updates 28645 | best_loss 7.35725
| epoch 077 | loss 5.915 | nll_loss 3.510 | ppl 11.4 | wps 56436 | ups 4 | wpb 13278.833 | bsz 1022.066 | num_updates 29022 | lr 0.00037125 | gnorm 0.208 | clip 1.000 | oom 0.000 | loss_scale 32.000 | wall 6851 | train_wall 5347
| epoch 077 | valid on 'valid' subset | loss 7.366 | nll_loss 5.010 | ppl 32.22 | num_updates 29022 | best_loss 7.35725
| epoch 078 | loss 5.911 | nll_loss 3.505 | ppl 11.35 | wps 56347 | ups 4 | wpb 13278.833 | bsz 1022.066 | num_updates 29399 | lr 0.000368862 | gnorm 0.207 | clip 1.000 | oom 0.000 | loss_scale 32.000 | wall 6940 | train_wall 5417
| epoch 078 | valid on 'valid' subset | loss 7.341 | nll_loss 4.979 | ppl 31.55 | num_updates 29399 | best_loss 7.34053
| epoch 079 | loss 5.908 | nll_loss 3.501 | ppl 11.32 | wps 56421 | ups 4 | wpb 13278.833 | bsz 1022.066 | num_updates 29776 | lr 0.000366519 | gnorm 0.206 | clip 1.000 | oom 0.000 | loss_scale 32.000 | wall 7030 | train_wall 5487
| epoch 079 | valid on 'valid' subset | loss 7.365 | nll_loss 5.003 | ppl 32.08 | num_updates 29776 | best_loss 7.35725
| epoch 080 | loss 5.906 | nll_loss 3.498 | ppl 11.3 | wps 56539 | ups 4 | wpb 13278.833 | bsz 1022.066 | num_updates 30153 | lr 0.000364221 | gnorm 0.208 | clip 1.000 | oom 0.000 | loss_scale 32.000 | wall 7119 | train_wall 5557
| epoch 080 | valid on 'valid' subset | loss 7.329 | nll_loss 4.962 | ppl 31.16 | num_updates 30153 | best_loss 7.32881
| saved checkpoint ./checkpoints/2020-04-09T01-03-04-00-exp25-bpe7500-seed15/checkpoints_en_si/checkpoint80.pt (epoch 80 @ 30153 updates) (writing took 1.2881364822387695 seconds)
| epoch 081 | loss 5.903 | nll_loss 3.494 | ppl 11.27 | wps 57514 | ups 4 | wpb 13278.833 | bsz 1022.066 | num_updates 30530 | lr 0.000361965 | gnorm 0.208 | clip 1.000 | oom 0.000 | loss_scale 64.000 | wall 7208 | train_wall 5626
| epoch 081 | valid on 'valid' subset | loss 7.343 | nll_loss 4.982 | ppl 31.61 | num_updates 30530 | best_loss 7.32881
| epoch 082 | loss 5.900 | nll_loss 3.491 | ppl 11.24 | wps 57391 | ups 4 | wpb 13278.833 | bsz 1022.066 | num_updates 30907 | lr 0.000359751 | gnorm 0.207 | clip 1.000 | oom 0.000 | loss_scale 64.000 | wall 7296 | train_wall 5694
| epoch 082 | valid on 'valid' subset | loss 7.349 | nll_loss 4.977 | ppl 31.5 | num_updates 30907 | best_loss 7.32881
| epoch 083 | loss 5.897 | nll_loss 3.487 | ppl 11.21 | wps 56371 | ups 4 | wpb 13278.833 | bsz 1022.066 | num_updates 31284 | lr 0.000357576 | gnorm 0.208 | clip 1.000 | oom 0.000 | loss_scale 64.000 | wall 7386 | train_wall 5764
| epoch 083 | valid on 'valid' subset | loss 7.362 | nll_loss 5.001 | ppl 32.03 | num_updates 31284 | best_loss 7.32881
| epoch 084 | loss 5.894 | nll_loss 3.482 | ppl 11.18 | wps 56869 | ups 4 | wpb 13278.833 | bsz 1022.066 | num_updates 31661 | lr 0.000355441 | gnorm 0.207 | clip 1.000 | oom 0.000 | loss_scale 64.000 | wall 7474 | train_wall 5834
| epoch 084 | valid on 'valid' subset | loss 7.335 | nll_loss 4.967 | ppl 31.29 | num_updates 31661 | best_loss 7.32881
| epoch 085 | loss 5.891 | nll_loss 3.478 | ppl 11.15 | wps 56722 | ups 4 | wpb 13278.833 | bsz 1022.066 | num_updates 32038 | lr 0.000353344 | gnorm 0.207 | clip 1.000 | oom 0.000 | loss_scale 64.000 | wall 7563 | train_wall 5903
| epoch 085 | valid on 'valid' subset | loss 7.324 | nll_loss 4.962 | ppl 31.16 | num_updates 32038 | best_loss 7.32419
| epoch 086 | loss 5.889 | nll_loss 3.476 | ppl 11.12 | wps 56406 | ups 4 | wpb 13278.833 | bsz 1022.066 | num_updates 32415 | lr 0.000351283 | gnorm 0.207 | clip 1.000 | oom 0.000 | loss_scale 64.000 | wall 7653 | train_wall 5974
| epoch 086 | valid on 'valid' subset | loss 7.336 | nll_loss 4.969 | ppl 31.31 | num_updates 32415 | best_loss 7.32881
| epoch 087 | loss 5.886 | nll_loss 3.472 | ppl 11.1 | wps 56814 | ups 4 | wpb 13278.833 | bsz 1022.066 | num_updates 32792 | lr 0.000349258 | gnorm 0.208 | clip 1.000 | oom 0.000 | loss_scale 64.000 | wall 7742 | train_wall 6044
| epoch 087 | valid on 'valid' subset | loss 7.363 | nll_loss 5.013 | ppl 32.29 | num_updates 32792 | best_loss 7.32881
| epoch 088 | loss 5.883 | nll_loss 3.468 | ppl 11.07 | wps 56680 | ups 4 | wpb 13278.833 | bsz 1022.066 | num_updates 33169 | lr 0.000347267 | gnorm 0.207 | clip 1.000 | oom 0.000 | loss_scale 64.000 | wall 7831 | train_wall 6114
| epoch 088 | valid on 'valid' subset | loss 7.350 | nll_loss 4.976 | ppl 31.47 | num_updates 33169 | best_loss 7.32881
| epoch 089 | loss 5.880 | nll_loss 3.465 | ppl 11.04 | wps 56674 | ups 4 | wpb 13278.833 | bsz 1022.066 | num_updates 33546 | lr 0.00034531 | gnorm 0.207 | clip 1.000 | oom 0.000 | loss_scale 64.000 | wall 7920 | train_wall 6183
| epoch 089 | valid on 'valid' subset | loss 7.324 | nll_loss 4.956 | ppl 31.05 | num_updates 33546 | best_loss 7.32382
| epoch 090 | loss 5.878 | nll_loss 3.462 | ppl 11.02 | wps 56816 | ups 4 | wpb 13278.833 | bsz 1022.066 | num_updates 33923 | lr 0.000343386 | gnorm 0.207 | clip 1.000 | oom 0.000 | loss_scale 64.000 | wall 8009 | train_wall 6252
| epoch 090 | valid on 'valid' subset | loss 7.334 | nll_loss 4.969 | ppl 31.33 | num_updates 33923 | best_loss 7.32881
| saved checkpoint ./checkpoints/2020-04-09T01-03-04-00-exp25-bpe7500-seed15/checkpoints_en_si/checkpoint90.pt (epoch 90 @ 33923 updates) (writing took 0.6516678333282471 seconds)
| WARNING: overflow detected, setting loss scale to: 64.0
| epoch 091 | loss 5.874 | nll_loss 3.457 | ppl 10.98 | wps 56711 | ups 4 | wpb 13278.481 | bsz 1023.104 | num_updates 34299 | lr 0.000341499 | gnorm 0.207 | clip 1.000 | oom 0.000 | loss_scale 64.000 | wall 8098 | train_wall 6321
| epoch 091 | valid on 'valid' subset | loss 7.322 | nll_loss 4.950 | ppl 30.91 | num_updates 34299 | best_loss 7.32175
| epoch 092 | loss 5.873 | nll_loss 3.455 | ppl 10.97 | wps 56625 | ups 4 | wpb 13278.833 | bsz 1022.066 | num_updates 34676 | lr 0.000339637 | gnorm 0.209 | clip 1.000 | oom 0.000 | loss_scale 64.000 | wall 8187 | train_wall 6392
| epoch 092 | valid on 'valid' subset | loss 7.319 | nll_loss 4.956 | ppl 31.04 | num_updates 34676 | best_loss 7.3192
| WARNING: overflow detected, setting loss scale to: 32.0
| epoch 093 | loss 5.869 | nll_loss 3.450 | ppl 10.93 | wps 56822 | ups 4 | wpb 13280.609 | bsz 1022.253 | num_updates 35052 | lr 0.000337811 | gnorm 0.209 | clip 1.000 | oom 0.000 | loss_scale 32.000 | wall 8276 | train_wall 6461
| epoch 093 | valid on 'valid' subset | loss 7.298 | nll_loss 4.920 | ppl 30.27 | num_updates 35052 | best_loss 7.29753
| epoch 094 | loss 5.868 | nll_loss 3.449 | ppl 10.92 | wps 56203 | ups 4 | wpb 13278.833 | bsz 1022.066 | num_updates 35429 | lr 0.000336009 | gnorm 0.209 | clip 1.000 | oom 0.000 | loss_scale 32.000 | wall 8366 | train_wall 6532
| epoch 094 | valid on 'valid' subset | loss 7.319 | nll_loss 4.951 | ppl 30.93 | num_updates 35429 | best_loss 7.31932
| epoch 095 | loss 5.865 | nll_loss 3.445 | ppl 10.89 | wps 56689 | ups 4 | wpb 13278.833 | bsz 1022.066 | num_updates 35806 | lr 0.000334235 | gnorm 0.208 | clip 1.000 | oom 0.000 | loss_scale 32.000 | wall 8455 | train_wall 6601
| epoch 095 | valid on 'valid' subset | loss 7.322 | nll_loss 4.956 | ppl 31.04 | num_updates 35806 | best_loss 7.32198
| epoch 096 | loss 5.864 | nll_loss 3.443 | ppl 10.88 | wps 56903 | ups 4 | wpb 13278.833 | bsz 1022.066 | num_updates 36183 | lr 0.000332489 | gnorm 0.209 | clip 1.000 | oom 0.000 | loss_scale 32.000 | wall 8543 | train_wall 6670
| epoch 096 | valid on 'valid' subset | loss 7.292 | nll_loss 4.922 | ppl 30.31 | num_updates 36183 | best_loss 7.29224
| epoch 097 | loss 5.861 | nll_loss 3.439 | ppl 10.85 | wps 56268 | ups 4 | wpb 13278.833 | bsz 1022.066 | num_updates 36560 | lr 0.000330771 | gnorm 0.207 | clip 1.000 | oom 0.000 | loss_scale 32.000 | wall 8633 | train_wall 6740
| epoch 097 | valid on 'valid' subset | loss 7.314 | nll_loss 4.940 | ppl 30.7 | num_updates 36560 | best_loss 7.31386
| epoch 098 | loss 5.859 | nll_loss 3.436 | ppl 10.83 | wps 57259 | ups 4 | wpb 13278.833 | bsz 1022.066 | num_updates 36937 | lr 0.000329078 | gnorm 0.212 | clip 1.000 | oom 0.000 | loss_scale 32.000 | wall 8721 | train_wall 6809
| epoch 098 | valid on 'valid' subset | loss 7.315 | nll_loss 4.944 | ppl 30.79 | num_updates 36937 | best_loss 7.31493
| epoch 099 | loss 5.857 | nll_loss 3.434 | ppl 10.81 | wps 57698 | ups 4 | wpb 13278.833 | bsz 1022.066 | num_updates 37314 | lr 0.000327412 | gnorm 0.209 | clip 1.000 | oom 0.000 | loss_scale 32.000 | wall 8808 | train_wall 6877
| epoch 099 | valid on 'valid' subset | loss 7.321 | nll_loss 4.953 | ppl 30.97 | num_updates 37314 | best_loss 7.32098
| epoch 100 | loss 5.854 | nll_loss 3.431 | ppl 10.78 | wps 56111 | ups 4 | wpb 13278.833 | bsz 1022.066 | num_updates 37691 | lr 0.00032577 | gnorm 0.209 | clip 1.000 | oom 0.000 | loss_scale 32.000 | wall 8898 | train_wall 6947
| epoch 100 | valid on 'valid' subset | loss 7.303 | nll_loss 4.931 | ppl 30.51 | num_updates 37691 | best_loss 7.30263
| saved checkpoint ./checkpoints/2020-04-09T01-03-04-00-exp25-bpe7500-seed15/checkpoints_en_si/checkpoint100.pt (epoch 100 @ 37691 updates) (writing took 1.1393680572509766 seconds)
| done training in 8896.9 seconds
Done training.
Time at end: Thu Apr 9 12:52:58 EDT 2020
