================ FLORES BASELINE WITH BPE=5000 & SEED=13 & LOWERCASED ================
About to train the supervised for the following language pair: EN-NE
CHECKPOINT_DIR is set to './checkpoints/2020-07-12T01-29-04-00-exp333-bpe5000-lowercase-ne-seed13-lowercase/checkpoints_en_ne'
Creating checkpoint directory if it doesn't exist...
Data folder is: data-bin/wiki_ne_en_bpe5000_lowercase/
Beginning training...
Time at beginning: Sun Jul 12 09:25:44 EDT 2020
Namespace(activation_dropout=0.2, activation_fn='relu', adam_betas='(0.9, 0.98)', adam_eps=1e-08, adaptive_input=False, adaptive_softmax_cutoff=None, adaptive_softmax_dropout=0, arch='transformer', attention_dropout=0.2, best_checkpoint_metric='loss', bpe=None, bucket_cap_mb=25, clip_norm=0.0, cpu=False, criterion='label_smoothed_cross_entropy', cross_self_attention=False, curriculum=0, data='data-bin/wiki_ne_en_bpe5000_lowercase/', dataset_impl=None, ddp_backend='c10d', decoder_attention_heads=2, decoder_embed_dim=512, decoder_embed_path=None, decoder_ffn_embed_dim=2048, decoder_input_dim=512, decoder_layerdrop=0, decoder_layers=5, decoder_layers_to_keep=None, decoder_learned_pos=False, decoder_normalize_before=True, decoder_output_dim=512, device_id=0, disable_validation=False, distributed_backend='nccl', distributed_init_method=None, distributed_no_spawn=False, distributed_port=-1, distributed_rank=0, distributed_world_size=1, dropout=0.4, empty_cache_freq=0, encoder_attention_heads=2, encoder_embed_dim=512, encoder_embed_path=None, encoder_ffn_embed_dim=2048, encoder_layerdrop=0, encoder_layers=5, encoder_layers_to_keep=None, encoder_learned_pos=False, encoder_normalize_before=True, fast_stat_sync=False, find_unused_parameters=False, fix_batches_to_gpus=False, fixed_validation_seed=None, fp16=False, fp16_init_scale=128, fp16_scale_tolerance=0.0, fp16_scale_window=None, keep_interval_updates=-1, keep_last_epochs=-1, label_smoothing=0.2, layer_wise_attention=False, layernorm_embedding=False, lazy_load=False, left_pad_source='True', left_pad_target='False', load_alignments=False, log_format=None, log_interval=1000, lr=[0.001], lr_scheduler='inverse_sqrt', max_epoch=100, max_sentences=None, max_sentences_valid=None, max_source_positions=1024, max_target_positions=1024, max_tokens=4000, max_tokens_valid=4000, max_update=0, maximize_best_checkpoint_metric=False, memory_efficient_fp16=False, min_loss_scale=0.0001, min_lr=1e-09, no_cross_attention=False, no_epoch_checkpoints=False, no_last_checkpoints=False, no_progress_bar=False, no_save=False, no_save_optimizer_state=False, no_scale_embedding=False, no_token_positional_embeddings=False, num_workers=1, optimizer='adam', optimizer_overrides='{}', raw_text=False, required_batch_size_multiple=8, reset_dataloader=False, reset_lr_scheduler=False, reset_meters=False, reset_optimizer=False, restore_file='checkpoint_last.pt', save_dir='./checkpoints/2020-07-12T01-29-04-00-exp333-bpe5000-lowercase-ne-seed13-lowercase/checkpoints_en_ne', save_interval=30, save_interval_updates=0, seed=13, sentence_avg=False, share_all_embeddings=True, share_decoder_input_output_embed=False, skip_invalid_size_inputs_valid_test=False, source_lang='en', target_lang='ne', task='translation', tensorboard_logdir='', threshold_loss_scale=None, tokenizer=None, train_subset='train', truncate_source=False, update_freq=[4], upsample_primary=1, use_bmuf=False, user_dir=None, valid_subset='valid', validate_interval=1, warmup_init_lr=1e-07, warmup_updates=4000, weight_decay=0.0001)
| [en] dictionary: 5000 types
| [ne] dictionary: 5000 types
| loaded 2559 examples from: data-bin/wiki_ne_en_bpe5000_lowercase/valid.ne-en.en
| loaded 2559 examples from: data-bin/wiki_ne_en_bpe5000_lowercase/valid.ne-en.ne
| data-bin/wiki_ne_en_bpe5000_lowercase/ valid en-ne 2559 examples
TransformerModel(
  (encoder): TransformerEncoder(
    (embed_tokens): Embedding(5000, 512, padding_idx=1)
    (embed_positions): SinusoidalPositionalEmbedding()
    (layers): ModuleList(
      (0): TransformerEncoderLayer(
        (self_attn): MultiheadAttention(
          (k_proj): Linear(in_features=512, out_features=512, bias=True)
          (v_proj): Linear(in_features=512, out_features=512, bias=True)
          (q_proj): Linear(in_features=512, out_features=512, bias=True)
          (out_proj): Linear(in_features=512, out_features=512, bias=True)
        )
        (self_attn_layer_norm): LayerNorm((512,), eps=1e-05, elementwise_affine=True)
        (fc1): Linear(in_features=512, out_features=2048, bias=True)
        (fc2): Linear(in_features=2048, out_features=512, bias=True)
        (final_layer_norm): LayerNorm((512,), eps=1e-05, elementwise_affine=True)
      )
      (1): TransformerEncoderLayer(
        (self_attn): MultiheadAttention(
          (k_proj): Linear(in_features=512, out_features=512, bias=True)
          (v_proj): Linear(in_features=512, out_features=512, bias=True)
          (q_proj): Linear(in_features=512, out_features=512, bias=True)
          (out_proj): Linear(in_features=512, out_features=512, bias=True)
        )
        (self_attn_layer_norm): LayerNorm((512,), eps=1e-05, elementwise_affine=True)
        (fc1): Linear(in_features=512, out_features=2048, bias=True)
        (fc2): Linear(in_features=2048, out_features=512, bias=True)
        (final_layer_norm): LayerNorm((512,), eps=1e-05, elementwise_affine=True)
      )
      (2): TransformerEncoderLayer(
        (self_attn): MultiheadAttention(
          (k_proj): Linear(in_features=512, out_features=512, bias=True)
          (v_proj): Linear(in_features=512, out_features=512, bias=True)
          (q_proj): Linear(in_features=512, out_features=512, bias=True)
          (out_proj): Linear(in_features=512, out_features=512, bias=True)
        )
        (self_attn_layer_norm): LayerNorm((512,), eps=1e-05, elementwise_affine=True)
        (fc1): Linear(in_features=512, out_features=2048, bias=True)
        (fc2): Linear(in_features=2048, out_features=512, bias=True)
        (final_layer_norm): LayerNorm((512,), eps=1e-05, elementwise_affine=True)
      )
      (3): TransformerEncoderLayer(
        (self_attn): MultiheadAttention(
          (k_proj): Linear(in_features=512, out_features=512, bias=True)
          (v_proj): Linear(in_features=512, out_features=512, bias=True)
          (q_proj): Linear(in_features=512, out_features=512, bias=True)
          (out_proj): Linear(in_features=512, out_features=512, bias=True)
        )
        (self_attn_layer_norm): LayerNorm((512,), eps=1e-05, elementwise_affine=True)
        (fc1): Linear(in_features=512, out_features=2048, bias=True)
        (fc2): Linear(in_features=2048, out_features=512, bias=True)
        (final_layer_norm): LayerNorm((512,), eps=1e-05, elementwise_affine=True)
      )
      (4): TransformerEncoderLayer(
        (self_attn): MultiheadAttention(
          (k_proj): Linear(in_features=512, out_features=512, bias=True)
          (v_proj): Linear(in_features=512, out_features=512, bias=True)
          (q_proj): Linear(in_features=512, out_features=512, bias=True)
          (out_proj): Linear(in_features=512, out_features=512, bias=True)
        )
        (self_attn_layer_norm): LayerNorm((512,), eps=1e-05, elementwise_affine=True)
        (fc1): Linear(in_features=512, out_features=2048, bias=True)
        (fc2): Linear(in_features=2048, out_features=512, bias=True)
        (final_layer_norm): LayerNorm((512,), eps=1e-05, elementwise_affine=True)
      )
    )
    (layer_norm): LayerNorm((512,), eps=1e-05, elementwise_affine=True)
  )
  (decoder): TransformerDecoder(
    (embed_tokens): Embedding(5000, 512, padding_idx=1)
    (embed_positions): SinusoidalPositionalEmbedding()
    (layers): ModuleList(
      (0): TransformerDecoderLayer(
        (self_attn): MultiheadAttention(
          (k_proj): Linear(in_features=512, out_features=512, bias=True)
          (v_proj): Linear(in_features=512, out_features=512, bias=True)
          (q_proj): Linear(in_features=512, out_features=512, bias=True)
          (out_proj): Linear(in_features=512, out_features=512, bias=True)
        )
        (self_attn_layer_norm): LayerNorm((512,), eps=1e-05, elementwise_affine=True)
        (encoder_attn): MultiheadAttention(
          (k_proj): Linear(in_features=512, out_features=512, bias=True)
          (v_proj): Linear(in_features=512, out_features=512, bias=True)
          (q_proj): Linear(in_features=512, out_features=512, bias=True)
          (out_proj): Linear(in_features=512, out_features=512, bias=True)
        )
        (encoder_attn_layer_norm): LayerNorm((512,), eps=1e-05, elementwise_affine=True)
        (fc1): Linear(in_features=512, out_features=2048, bias=True)
        (fc2): Linear(in_features=2048, out_features=512, bias=True)
        (final_layer_norm): LayerNorm((512,), eps=1e-05, elementwise_affine=True)
      )
      (1): TransformerDecoderLayer(
        (self_attn): MultiheadAttention(
          (k_proj): Linear(in_features=512, out_features=512, bias=True)
          (v_proj): Linear(in_features=512, out_features=512, bias=True)
          (q_proj): Linear(in_features=512, out_features=512, bias=True)
          (out_proj): Linear(in_features=512, out_features=512, bias=True)
        )
        (self_attn_layer_norm): LayerNorm((512,), eps=1e-05, elementwise_affine=True)
        (encoder_attn): MultiheadAttention(
          (k_proj): Linear(in_features=512, out_features=512, bias=True)
          (v_proj): Linear(in_features=512, out_features=512, bias=True)
          (q_proj): Linear(in_features=512, out_features=512, bias=True)
          (out_proj): Linear(in_features=512, out_features=512, bias=True)
        )
        (encoder_attn_layer_norm): LayerNorm((512,), eps=1e-05, elementwise_affine=True)
        (fc1): Linear(in_features=512, out_features=2048, bias=True)
        (fc2): Linear(in_features=2048, out_features=512, bias=True)
        (final_layer_norm): LayerNorm((512,), eps=1e-05, elementwise_affine=True)
      )
      (2): TransformerDecoderLayer(
        (self_attn): MultiheadAttention(
          (k_proj): Linear(in_features=512, out_features=512, bias=True)
          (v_proj): Linear(in_features=512, out_features=512, bias=True)
          (q_proj): Linear(in_features=512, out_features=512, bias=True)
          (out_proj): Linear(in_features=512, out_features=512, bias=True)
        )
        (self_attn_layer_norm): LayerNorm((512,), eps=1e-05, elementwise_affine=True)
        (encoder_attn): MultiheadAttention(
          (k_proj): Linear(in_features=512, out_features=512, bias=True)
          (v_proj): Linear(in_features=512, out_features=512, bias=True)
          (q_proj): Linear(in_features=512, out_features=512, bias=True)
          (out_proj): Linear(in_features=512, out_features=512, bias=True)
        )
        (encoder_attn_layer_norm): LayerNorm((512,), eps=1e-05, elementwise_affine=True)
        (fc1): Linear(in_features=512, out_features=2048, bias=True)
        (fc2): Linear(in_features=2048, out_features=512, bias=True)
        (final_layer_norm): LayerNorm((512,), eps=1e-05, elementwise_affine=True)
      )
      (3): TransformerDecoderLayer(
        (self_attn): MultiheadAttention(
          (k_proj): Linear(in_features=512, out_features=512, bias=True)
          (v_proj): Linear(in_features=512, out_features=512, bias=True)
          (q_proj): Linear(in_features=512, out_features=512, bias=True)
          (out_proj): Linear(in_features=512, out_features=512, bias=True)
        )
        (self_attn_layer_norm): LayerNorm((512,), eps=1e-05, elementwise_affine=True)
        (encoder_attn): MultiheadAttention(
          (k_proj): Linear(in_features=512, out_features=512, bias=True)
          (v_proj): Linear(in_features=512, out_features=512, bias=True)
          (q_proj): Linear(in_features=512, out_features=512, bias=True)
          (out_proj): Linear(in_features=512, out_features=512, bias=True)
        )
        (encoder_attn_layer_norm): LayerNorm((512,), eps=1e-05, elementwise_affine=True)
        (fc1): Linear(in_features=512, out_features=2048, bias=True)
        (fc2): Linear(in_features=2048, out_features=512, bias=True)
        (final_layer_norm): LayerNorm((512,), eps=1e-05, elementwise_affine=True)
      )
      (4): TransformerDecoderLayer(
        (self_attn): MultiheadAttention(
          (k_proj): Linear(in_features=512, out_features=512, bias=True)
          (v_proj): Linear(in_features=512, out_features=512, bias=True)
          (q_proj): Linear(in_features=512, out_features=512, bias=True)
          (out_proj): Linear(in_features=512, out_features=512, bias=True)
        )
        (self_attn_layer_norm): LayerNorm((512,), eps=1e-05, elementwise_affine=True)
        (encoder_attn): MultiheadAttention(
          (k_proj): Linear(in_features=512, out_features=512, bias=True)
          (v_proj): Linear(in_features=512, out_features=512, bias=True)
          (q_proj): Linear(in_features=512, out_features=512, bias=True)
          (out_proj): Linear(in_features=512, out_features=512, bias=True)
        )
        (encoder_attn_layer_norm): LayerNorm((512,), eps=1e-05, elementwise_affine=True)
        (fc1): Linear(in_features=512, out_features=2048, bias=True)
        (fc2): Linear(in_features=2048, out_features=512, bias=True)
        (final_layer_norm): LayerNorm((512,), eps=1e-05, elementwise_affine=True)
      )
    )
    (layer_norm): LayerNorm((512,), eps=1e-05, elementwise_affine=True)
  )
)
| model transformer, criterion LabelSmoothedCrossEntropyCriterion
| num. model params: 39344128 (num. trained: 39344128)
| training on 1 GPUs
| max tokens per GPU = 4000 and max sentences per GPU = None
| no existing checkpoint found ./checkpoints/2020-07-12T01-29-04-00-exp333-bpe5000-lowercase-ne-seed13-lowercase/checkpoints_en_ne/checkpoint_last.pt
| loading train data for epoch 0
| loaded 563808 examples from: data-bin/wiki_ne_en_bpe5000_lowercase/train.ne-en.en
| loaded 563808 examples from: data-bin/wiki_ne_en_bpe5000_lowercase/train.ne-en.ne
| data-bin/wiki_ne_en_bpe5000_lowercase/ train en-ne 563808 examples
| NOTICE: your device may support faster training with --fp16
| epoch 001 | loss 10.713 | nll_loss 10.038 | ppl 1051.16 | wps 26017 | ups 2 | wpb 13434.072 | bsz 1017.704 | num_updates 554 | lr 0.000138586 | gnorm 0.897 | clip 0.000 | oom 0.000 | wall 291 | train_wall 260
| epoch 001 | valid on 'valid' subset | loss 10.224 | nll_loss 9.282 | ppl 622.66 | num_updates 554
| epoch 002 | loss 8.846 | nll_loss 7.520 | ppl 183.57 | wps 26055 | ups 2 | wpb 13434.072 | bsz 1017.704 | num_updates 1108 | lr 0.000277072 | gnorm 0.625 | clip 0.000 | oom 0.000 | wall 578 | train_wall 519
| epoch 002 | valid on 'valid' subset | loss 9.511 | nll_loss 8.181 | ppl 290.29 | num_updates 1108
| epoch 003 | loss 7.718 | nll_loss 6.008 | ppl 64.36 | wps 26059 | ups 2 | wpb 13434.072 | bsz 1017.704 | num_updates 1662 | lr 0.000415558 | gnorm 0.543 | clip 0.000 | oom 0.000 | wall 865 | train_wall 778
| epoch 003 | valid on 'valid' subset | loss 9.086 | nll_loss 7.580 | ppl 191.3 | num_updates 1662
| epoch 004 | loss 7.117 | nll_loss 5.209 | ppl 37 | wps 26130 | ups 2 | wpb 13434.072 | bsz 1017.704 | num_updates 2216 | lr 0.000554045 | gnorm 0.479 | clip 0.000 | oom 0.000 | wall 1151 | train_wall 1037
| epoch 004 | valid on 'valid' subset | loss 8.859 | nll_loss 7.262 | ppl 153.54 | num_updates 2216
| epoch 005 | loss 6.736 | nll_loss 4.708 | ppl 26.14 | wps 26032 | ups 2 | wpb 13434.072 | bsz 1017.704 | num_updates 2770 | lr 0.000692531 | gnorm 0.435 | clip 0.000 | oom 0.000 | wall 1439 | train_wall 1296
| epoch 005 | valid on 'valid' subset | loss 8.724 | nll_loss 7.078 | ppl 135.15 | num_updates 2770
| epoch 006 | loss 6.480 | nll_loss 4.374 | ppl 20.73 | wps 26106 | ups 2 | wpb 13434.072 | bsz 1017.704 | num_updates 3324 | lr 0.000831017 | gnorm 0.404 | clip 0.000 | oom 0.000 | wall 1725 | train_wall 1555
| epoch 006 | valid on 'valid' subset | loss 8.514 | nll_loss 6.804 | ppl 111.78 | num_updates 3324
| epoch 007 | loss 6.299 | nll_loss 4.139 | ppl 17.62 | wps 26044 | ups 2 | wpb 13434.072 | bsz 1017.704 | num_updates 3878 | lr 0.000969503 | gnorm 0.377 | clip 0.000 | oom 0.000 | wall 2013 | train_wall 1814
| epoch 007 | valid on 'valid' subset | loss 8.405 | nll_loss 6.673 | ppl 102.04 | num_updates 3878
| epoch 008 | loss 6.155 | nll_loss 3.953 | ppl 15.48 | wps 26263 | ups 2 | wpb 13434.072 | bsz 1017.704 | num_updates 4432 | lr 0.000950014 | gnorm 0.345 | clip 0.000 | oom 0.000 | wall 2298 | train_wall 2072
| epoch 008 | valid on 'valid' subset | loss 8.356 | nll_loss 6.554 | ppl 93.98 | num_updates 4432
| epoch 009 | loss 5.999 | nll_loss 3.753 | ppl 13.49 | wps 26163 | ups 2 | wpb 13434.072 | bsz 1017.704 | num_updates 4986 | lr 0.000895682 | gnorm 0.313 | clip 0.000 | oom 0.000 | wall 2583 | train_wall 2330
| epoch 009 | valid on 'valid' subset | loss 8.202 | nll_loss 6.373 | ppl 82.88 | num_updates 4986
| epoch 010 | loss 5.887 | nll_loss 3.608 | ppl 12.2 | wps 26181 | ups 2 | wpb 13434.072 | bsz 1017.704 | num_updates 5540 | lr 0.000849719 | gnorm 0.297 | clip 0.000 | oom 0.000 | wall 2869 | train_wall 2588
| epoch 010 | valid on 'valid' subset | loss 8.080 | nll_loss 6.211 | ppl 74.1 | num_updates 5540
| epoch 011 | loss 5.796 | nll_loss 3.493 | ppl 11.26 | wps 26118 | ups 2 | wpb 13434.072 | bsz 1017.704 | num_updates 6094 | lr 0.000810175 | gnorm 0.283 | clip 0.000 | oom 0.000 | wall 3156 | train_wall 2847
| epoch 011 | valid on 'valid' subset | loss 8.081 | nll_loss 6.187 | ppl 72.84 | num_updates 6094
| epoch 012 | loss 5.720 | nll_loss 3.394 | ppl 10.52 | wps 26168 | ups 2 | wpb 13434.072 | bsz 1017.704 | num_updates 6648 | lr 0.000775683 | gnorm 0.271 | clip 0.000 | oom 0.000 | wall 3441 | train_wall 3105
| epoch 012 | valid on 'valid' subset | loss 8.021 | nll_loss 6.103 | ppl 68.72 | num_updates 6648
| epoch 013 | loss 5.658 | nll_loss 3.315 | ppl 9.95 | wps 26277 | ups 2 | wpb 13434.072 | bsz 1017.704 | num_updates 7202 | lr 0.000745252 | gnorm 0.262 | clip 0.000 | oom 0.000 | wall 3726 | train_wall 3363
| epoch 013 | valid on 'valid' subset | loss 7.976 | nll_loss 6.051 | ppl 66.31 | num_updates 7202
| epoch 014 | loss 5.605 | nll_loss 3.247 | ppl 9.5 | wps 26104 | ups 2 | wpb 13434.072 | bsz 1017.704 | num_updates 7756 | lr 0.000718143 | gnorm 0.258 | clip 0.000 | oom 0.000 | wall 4013 | train_wall 3621
| epoch 014 | valid on 'valid' subset | loss 7.887 | nll_loss 5.967 | ppl 62.57 | num_updates 7756
| epoch 015 | loss 5.558 | nll_loss 3.188 | ppl 9.11 | wps 26288 | ups 2 | wpb 13434.072 | bsz 1017.704 | num_updates 8310 | lr 0.000693792 | gnorm 0.252 | clip 0.000 | oom 0.000 | wall 4297 | train_wall 3879
| epoch 015 | valid on 'valid' subset | loss 7.868 | nll_loss 5.911 | ppl 60.19 | num_updates 8310
| epoch 016 | loss 5.520 | nll_loss 3.139 | ppl 8.81 | wps 26295 | ups 2 | wpb 13434.072 | bsz 1017.704 | num_updates 8864 | lr 0.000671762 | gnorm 0.250 | clip 0.000 | oom 0.000 | wall 4582 | train_wall 4136
| epoch 016 | valid on 'valid' subset | loss 7.836 | nll_loss 5.890 | ppl 59.28 | num_updates 8864
| epoch 017 | loss 5.483 | nll_loss 3.092 | ppl 8.53 | wps 26280 | ups 2 | wpb 13434.072 | bsz 1017.704 | num_updates 9418 | lr 0.000651704 | gnorm 0.246 | clip 0.000 | oom 0.000 | wall 4866 | train_wall 4394
| epoch 017 | valid on 'valid' subset | loss 7.813 | nll_loss 5.836 | ppl 57.14 | num_updates 9418
| epoch 018 | loss 5.452 | nll_loss 3.051 | ppl 8.29 | wps 26185 | ups 2 | wpb 13434.072 | bsz 1017.704 | num_updates 9972 | lr 0.000633343 | gnorm 0.243 | clip 0.000 | oom 0.000 | wall 5152 | train_wall 4652
| epoch 018 | valid on 'valid' subset | loss 7.787 | nll_loss 5.807 | ppl 55.99 | num_updates 9972
| epoch 019 | loss 5.422 | nll_loss 3.013 | ppl 8.07 | wps 26155 | ups 2 | wpb 13434.072 | bsz 1017.704 | num_updates 10526 | lr 0.000616451 | gnorm 0.241 | clip 0.000 | oom 0.000 | wall 5438 | train_wall 4910
| epoch 019 | valid on 'valid' subset | loss 7.753 | nll_loss 5.767 | ppl 54.45 | num_updates 10526
| epoch 020 | loss 5.397 | nll_loss 2.980 | ppl 7.89 | wps 26253 | ups 2 | wpb 13434.072 | bsz 1017.704 | num_updates 11080 | lr 0.000600842 | gnorm 0.241 | clip 0.000 | oom 0.000 | wall 5723 | train_wall 5167
| epoch 020 | valid on 'valid' subset | loss 7.749 | nll_loss 5.755 | ppl 54.02 | num_updates 11080
| epoch 021 | loss 5.370 | nll_loss 2.947 | ppl 7.71 | wps 26271 | ups 2 | wpb 13434.072 | bsz 1017.704 | num_updates 11634 | lr 0.000586362 | gnorm 0.236 | clip 0.000 | oom 0.000 | wall 6007 | train_wall 5424
| epoch 021 | valid on 'valid' subset | loss 7.731 | nll_loss 5.717 | ppl 52.61 | num_updates 11634
| epoch 022 | loss 5.348 | nll_loss 2.919 | ppl 7.56 | wps 26225 | ups 2 | wpb 13434.072 | bsz 1017.704 | num_updates 12188 | lr 0.00057288 | gnorm 0.236 | clip 0.000 | oom 0.000 | wall 6293 | train_wall 5682
| epoch 022 | valid on 'valid' subset | loss 7.713 | nll_loss 5.706 | ppl 52.21 | num_updates 12188
| epoch 023 | loss 5.328 | nll_loss 2.893 | ppl 7.43 | wps 26174 | ups 2 | wpb 13434.072 | bsz 1017.704 | num_updates 12742 | lr 0.000560288 | gnorm 0.235 | clip 0.000 | oom 0.000 | wall 6579 | train_wall 5940
| epoch 023 | valid on 'valid' subset | loss 7.735 | nll_loss 5.710 | ppl 52.35 | num_updates 12742
| epoch 024 | loss 5.309 | nll_loss 2.868 | ppl 7.3 | wps 26118 | ups 2 | wpb 13434.072 | bsz 1017.704 | num_updates 13296 | lr 0.000548491 | gnorm 0.234 | clip 0.000 | oom 0.000 | wall 6865 | train_wall 6198
| epoch 024 | valid on 'valid' subset | loss 7.685 | nll_loss 5.664 | ppl 50.71 | num_updates 13296
| epoch 025 | loss 5.292 | nll_loss 2.847 | ppl 7.2 | wps 26348 | ups 2 | wpb 13434.072 | bsz 1017.704 | num_updates 13850 | lr 0.000537409 | gnorm 0.232 | clip 0.000 | oom 0.000 | wall 7149 | train_wall 6456
| epoch 025 | valid on 'valid' subset | loss 7.687 | nll_loss 5.663 | ppl 50.68 | num_updates 13850
| epoch 026 | loss 5.276 | nll_loss 2.826 | ppl 7.09 | wps 26194 | ups 2 | wpb 13434.072 | bsz 1017.704 | num_updates 14404 | lr 0.000526973 | gnorm 0.231 | clip 0.000 | oom 0.000 | wall 7435 | train_wall 6714
| epoch 026 | valid on 'valid' subset | loss 7.694 | nll_loss 5.667 | ppl 50.82 | num_updates 14404
| epoch 027 | loss 5.259 | nll_loss 2.804 | ppl 6.98 | wps 26304 | ups 2 | wpb 13434.072 | bsz 1017.704 | num_updates 14958 | lr 0.000517122 | gnorm 0.230 | clip 0.000 | oom 0.000 | wall 7719 | train_wall 6971
| epoch 027 | valid on 'valid' subset | loss 7.630 | nll_loss 5.604 | ppl 48.64 | num_updates 14958
| epoch 028 | loss 5.247 | nll_loss 2.789 | ppl 6.91 | wps 26195 | ups 2 | wpb 13434.072 | bsz 1017.704 | num_updates 15512 | lr 0.000507804 | gnorm 0.231 | clip 0.000 | oom 0.000 | wall 8005 | train_wall 7229
| epoch 028 | valid on 'valid' subset | loss 7.651 | nll_loss 5.608 | ppl 48.77 | num_updates 15512
| epoch 029 | loss 5.233 | nll_loss 2.772 | ppl 6.83 | wps 26265 | ups 2 | wpb 13434.072 | bsz 1017.704 | num_updates 16066 | lr 0.000498972 | gnorm 0.229 | clip 0.000 | oom 0.000 | wall 8289 | train_wall 7486
| epoch 029 | valid on 'valid' subset | loss 7.642 | nll_loss 5.600 | ppl 48.5 | num_updates 16066
| epoch 030 | loss 5.219 | nll_loss 2.754 | ppl 6.75 | wps 26245 | ups 2 | wpb 13434.072 | bsz 1017.704 | num_updates 16620 | lr 0.000490585 | gnorm 0.228 | clip 0.000 | oom 0.000 | wall 8574 | train_wall 7744
| epoch 030 | valid on 'valid' subset | loss 7.664 | nll_loss 5.622 | ppl 49.24 | num_updates 16620
| saved checkpoint ./checkpoints/2020-07-12T01-29-04-00-exp333-bpe5000-lowercase-ne-seed13-lowercase/checkpoints_en_ne/checkpoint30.pt (epoch 30 @ 16620 updates) (writing took 0.879126787185669 seconds)
| epoch 031 | loss 5.207 | nll_loss 2.738 | ppl 6.67 | wps 26157 | ups 2 | wpb 13434.072 | bsz 1017.704 | num_updates 17174 | lr 0.000482608 | gnorm 0.227 | clip 0.000 | oom 0.000 | wall 8861 | train_wall 8002
| epoch 031 | valid on 'valid' subset | loss 7.650 | nll_loss 5.605 | ppl 48.68 | num_updates 17174 | best_loss 7.65028
| epoch 032 | loss 5.196 | nll_loss 2.724 | ppl 6.61 | wps 26270 | ups 2 | wpb 13434.072 | bsz 1017.704 | num_updates 17728 | lr 0.000475007 | gnorm 0.228 | clip 0.000 | oom 0.000 | wall 9146 | train_wall 8260
| epoch 032 | valid on 'valid' subset | loss 7.593 | nll_loss 5.550 | ppl 46.86 | num_updates 17728 | best_loss 7.59299
| epoch 033 | loss 5.184 | nll_loss 2.709 | ppl 6.54 | wps 26173 | ups 2 | wpb 13434.072 | bsz 1017.704 | num_updates 18282 | lr 0.000467755 | gnorm 0.227 | clip 0.000 | oom 0.000 | wall 9432 | train_wall 8518
| epoch 033 | valid on 'valid' subset | loss 7.612 | nll_loss 5.567 | ppl 47.42 | num_updates 18282 | best_loss 7.61185
| epoch 034 | loss 5.174 | nll_loss 2.696 | ppl 6.48 | wps 26273 | ups 2 | wpb 13434.072 | bsz 1017.704 | num_updates 18836 | lr 0.000460825 | gnorm 0.227 | clip 0.000 | oom 0.000 | wall 9716 | train_wall 8776
| epoch 034 | valid on 'valid' subset | loss 7.610 | nll_loss 5.562 | ppl 47.25 | num_updates 18836 | best_loss 7.60953
| epoch 035 | loss 5.164 | nll_loss 2.684 | ppl 6.42 | wps 26149 | ups 2 | wpb 13434.072 | bsz 1017.704 | num_updates 19390 | lr 0.000454194 | gnorm 0.227 | clip 0.000 | oom 0.000 | wall 10002 | train_wall 9034
| epoch 035 | valid on 'valid' subset | loss 7.626 | nll_loss 5.577 | ppl 47.75 | num_updates 19390 | best_loss 7.6262
| epoch 036 | loss 5.155 | nll_loss 2.671 | ppl 6.37 | wps 26162 | ups 2 | wpb 13434.072 | bsz 1017.704 | num_updates 19944 | lr 0.000447841 | gnorm 0.225 | clip 0.000 | oom 0.000 | wall 10288 | train_wall 9292
| epoch 036 | valid on 'valid' subset | loss 7.581 | nll_loss 5.525 | ppl 46.05 | num_updates 19944 | best_loss 7.58099
| epoch 037 | loss 5.146 | nll_loss 2.660 | ppl 6.32 | wps 26174 | ups 2 | wpb 13434.072 | bsz 1017.704 | num_updates 20498 | lr 0.000441748 | gnorm 0.226 | clip 0.000 | oom 0.000 | wall 10574 | train_wall 9550
| epoch 037 | valid on 'valid' subset | loss 7.584 | nll_loss 5.530 | ppl 46.21 | num_updates 20498 | best_loss 7.58365
| epoch 038 | loss 5.137 | nll_loss 2.649 | ppl 6.27 | wps 26259 | ups 2 | wpb 13434.072 | bsz 1017.704 | num_updates 21052 | lr 0.000435896 | gnorm 0.226 | clip 0.000 | oom 0.000 | wall 10859 | train_wall 9808
| epoch 038 | valid on 'valid' subset | loss 7.589 | nll_loss 5.533 | ppl 46.3 | num_updates 21052 | best_loss 7.58866
| epoch 039 | loss 5.129 | nll_loss 2.638 | ppl 6.22 | wps 26220 | ups 2 | wpb 13434.072 | bsz 1017.704 | num_updates 21606 | lr 0.000430272 | gnorm 0.225 | clip 0.000 | oom 0.000 | wall 11144 | train_wall 10065
| epoch 039 | valid on 'valid' subset | loss 7.579 | nll_loss 5.523 | ppl 45.99 | num_updates 21606 | best_loss 7.57894
| epoch 040 | loss 5.119 | nll_loss 2.626 | ppl 6.17 | wps 26277 | ups 2 | wpb 13434.072 | bsz 1017.704 | num_updates 22160 | lr 0.000424859 | gnorm 0.223 | clip 0.000 | oom 0.000 | wall 11429 | train_wall 10323
| epoch 040 | valid on 'valid' subset | loss 7.575 | nll_loss 5.528 | ppl 46.13 | num_updates 22160 | best_loss 7.57487
| epoch 041 | loss 5.114 | nll_loss 2.619 | ppl 6.14 | wps 26271 | ups 2 | wpb 13434.072 | bsz 1017.704 | num_updates 22714 | lr 0.000419646 | gnorm 0.226 | clip 0.000 | oom 0.000 | wall 11714 | train_wall 10580
| epoch 041 | valid on 'valid' subset | loss 7.580 | nll_loss 5.517 | ppl 45.79 | num_updates 22714 | best_loss 7.58003
| epoch 042 | loss 5.107 | nll_loss 2.610 | ppl 6.1 | wps 26152 | ups 2 | wpb 13434.072 | bsz 1017.704 | num_updates 23268 | lr 0.00041462 | gnorm 0.226 | clip 0.000 | oom 0.000 | wall 12000 | train_wall 10838
| epoch 042 | valid on 'valid' subset | loss 7.563 | nll_loss 5.507 | ppl 45.46 | num_updates 23268 | best_loss 7.56265
| epoch 043 | loss 5.099 | nll_loss 2.600 | ppl 6.06 | wps 26306 | ups 2 | wpb 13434.072 | bsz 1017.704 | num_updates 23822 | lr 0.000409771 | gnorm 0.226 | clip 0.000 | oom 0.000 | wall 12284 | train_wall 11096
| epoch 043 | valid on 'valid' subset | loss 7.562 | nll_loss 5.502 | ppl 45.31 | num_updates 23822 | best_loss 7.56221
| epoch 044 | loss 5.092 | nll_loss 2.591 | ppl 6.02 | wps 26247 | ups 2 | wpb 13434.072 | bsz 1017.704 | num_updates 24376 | lr 0.000405087 | gnorm 0.226 | clip 0.000 | oom 0.000 | wall 12569 | train_wall 11353
| epoch 044 | valid on 'valid' subset | loss 7.534 | nll_loss 5.477 | ppl 44.55 | num_updates 24376 | best_loss 7.53443
| epoch 045 | loss 5.085 | nll_loss 2.582 | ppl 5.99 | wps 26254 | ups 2 | wpb 13434.072 | bsz 1017.704 | num_updates 24930 | lr 0.000400561 | gnorm 0.227 | clip 0.000 | oom 0.000 | wall 12854 | train_wall 11611
| epoch 045 | valid on 'valid' subset | loss 7.517 | nll_loss 5.457 | ppl 43.93 | num_updates 24930 | best_loss 7.51681
| epoch 046 | loss 5.079 | nll_loss 2.574 | ppl 5.96 | wps 26170 | ups 2 | wpb 13434.072 | bsz 1017.704 | num_updates 25484 | lr 0.000396183 | gnorm 0.226 | clip 0.000 | oom 0.000 | wall 13140 | train_wall 11869
| epoch 046 | valid on 'valid' subset | loss 7.541 | nll_loss 5.477 | ppl 44.55 | num_updates 25484 | best_loss 7.54116
| epoch 047 | loss 5.073 | nll_loss 2.566 | ppl 5.92 | wps 26207 | ups 2 | wpb 13434.072 | bsz 1017.704 | num_updates 26038 | lr 0.000391946 | gnorm 0.226 | clip 0.000 | oom 0.000 | wall 13426 | train_wall 12127
| epoch 047 | valid on 'valid' subset | loss 7.539 | nll_loss 5.481 | ppl 44.68 | num_updates 26038 | best_loss 7.53915
| epoch 048 | loss 5.067 | nll_loss 2.559 | ppl 5.89 | wps 26299 | ups 2 | wpb 13434.072 | bsz 1017.704 | num_updates 26592 | lr 0.000387842 | gnorm 0.227 | clip 0.000 | oom 0.000 | wall 13710 | train_wall 12384
| epoch 048 | valid on 'valid' subset | loss 7.557 | nll_loss 5.487 | ppl 44.84 | num_updates 26592 | best_loss 7.55655
| epoch 049 | loss 5.060 | nll_loss 2.550 | ppl 5.86 | wps 26276 | ups 2 | wpb 13434.072 | bsz 1017.704 | num_updates 27146 | lr 0.000383864 | gnorm 0.225 | clip 0.000 | oom 0.000 | wall 13995 | train_wall 12642
| epoch 049 | valid on 'valid' subset | loss 7.551 | nll_loss 5.480 | ppl 44.64 | num_updates 27146 | best_loss 7.55097
| epoch 050 | loss 5.055 | nll_loss 2.543 | ppl 5.83 | wps 26276 | ups 2 | wpb 13434.072 | bsz 1017.704 | num_updates 27700 | lr 0.000380006 | gnorm 0.227 | clip 0.000 | oom 0.000 | wall 14279 | train_wall 12900
| epoch 050 | valid on 'valid' subset | loss 7.505 | nll_loss 5.442 | ppl 43.47 | num_updates 27700 | best_loss 7.50481
| epoch 051 | loss 5.050 | nll_loss 2.537 | ppl 5.8 | wps 26186 | ups 2 | wpb 13434.072 | bsz 1017.704 | num_updates 28254 | lr 0.000376262 | gnorm 0.225 | clip 0.000 | oom 0.000 | wall 14565 | train_wall 13158
| epoch 051 | valid on 'valid' subset | loss 7.537 | nll_loss 5.468 | ppl 44.25 | num_updates 28254 | best_loss 7.53697
| epoch 052 | loss 5.044 | nll_loss 2.529 | ppl 5.77 | wps 26121 | ups 2 | wpb 13434.072 | bsz 1017.704 | num_updates 28808 | lr 0.000372626 | gnorm 0.226 | clip 0.000 | oom 0.000 | wall 14852 | train_wall 13416
| epoch 052 | valid on 'valid' subset | loss 7.511 | nll_loss 5.443 | ppl 43.49 | num_updates 28808 | best_loss 7.51068
| epoch 053 | loss 5.040 | nll_loss 2.524 | ppl 5.75 | wps 26158 | ups 2 | wpb 13434.072 | bsz 1017.704 | num_updates 29362 | lr 0.000369094 | gnorm 0.228 | clip 0.000 | oom 0.000 | wall 15138 | train_wall 13674
| epoch 053 | valid on 'valid' subset | loss 7.511 | nll_loss 5.437 | ppl 43.33 | num_updates 29362 | best_loss 7.51067
| epoch 054 | loss 5.034 | nll_loss 2.517 | ppl 5.72 | wps 26272 | ups 2 | wpb 13434.072 | bsz 1017.704 | num_updates 29916 | lr 0.000365661 | gnorm 0.225 | clip 0.000 | oom 0.000 | wall 15422 | train_wall 13932
| epoch 054 | valid on 'valid' subset | loss 7.507 | nll_loss 5.430 | ppl 43.11 | num_updates 29916 | best_loss 7.50677
| epoch 055 | loss 5.029 | nll_loss 2.510 | ppl 5.7 | wps 26206 | ups 2 | wpb 13434.072 | bsz 1017.704 | num_updates 30470 | lr 0.000362321 | gnorm 0.225 | clip 0.000 | oom 0.000 | wall 15708 | train_wall 14190
| epoch 055 | valid on 'valid' subset | loss 7.544 | nll_loss 5.471 | ppl 44.35 | num_updates 30470 | best_loss 7.54369
| epoch 056 | loss 5.025 | nll_loss 2.506 | ppl 5.68 | wps 26066 | ups 2 | wpb 13434.072 | bsz 1017.704 | num_updates 31024 | lr 0.000359072 | gnorm 0.225 | clip 0.000 | oom 0.000 | wall 15995 | train_wall 14448
| epoch 056 | valid on 'valid' subset | loss 7.508 | nll_loss 5.432 | ppl 43.16 | num_updates 31024 | best_loss 7.50797
| epoch 057 | loss 5.019 | nll_loss 2.498 | ppl 5.65 | wps 26162 | ups 2 | wpb 13434.072 | bsz 1017.704 | num_updates 31578 | lr 0.000355908 | gnorm 0.225 | clip 0.000 | oom 0.000 | wall 16281 | train_wall 14706
| epoch 057 | valid on 'valid' subset | loss 7.503 | nll_loss 5.429 | ppl 43.07 | num_updates 31578 | best_loss 7.50326
| epoch 058 | loss 5.015 | nll_loss 2.493 | ppl 5.63 | wps 26067 | ups 2 | wpb 13434.072 | bsz 1017.704 | num_updates 32132 | lr 0.000352826 | gnorm 0.227 | clip 0.000 | oom 0.000 | wall 16568 | train_wall 14965
| epoch 058 | valid on 'valid' subset | loss 7.518 | nll_loss 5.450 | ppl 43.7 | num_updates 32132 | best_loss 7.5182
| epoch 059 | loss 5.011 | nll_loss 2.487 | ppl 5.61 | wps 26148 | ups 2 | wpb 13434.072 | bsz 1017.704 | num_updates 32686 | lr 0.000349824 | gnorm 0.227 | clip 0.000 | oom 0.000 | wall 16854 | train_wall 15223
| epoch 059 | valid on 'valid' subset | loss 7.527 | nll_loss 5.454 | ppl 43.84 | num_updates 32686 | best_loss 7.52689
| epoch 060 | loss 5.007 | nll_loss 2.483 | ppl 5.59 | wps 26116 | ups 2 | wpb 13434.072 | bsz 1017.704 | num_updates 33240 | lr 0.000346896 | gnorm 0.227 | clip 0.000 | oom 0.000 | wall 17140 | train_wall 15481
| epoch 060 | valid on 'valid' subset | loss 7.503 | nll_loss 5.431 | ppl 43.15 | num_updates 33240 | best_loss 7.50344
| saved checkpoint ./checkpoints/2020-07-12T01-29-04-00-exp333-bpe5000-lowercase-ne-seed13-lowercase/checkpoints_en_ne/checkpoint60.pt (epoch 60 @ 33240 updates) (writing took 1.2247841358184814 seconds)
| epoch 061 | loss 5.003 | nll_loss 2.477 | ppl 5.57 | wps 26137 | ups 2 | wpb 13434.072 | bsz 1017.704 | num_updates 33794 | lr 0.000344041 | gnorm 0.227 | clip 0.000 | oom 0.000 | wall 17428 | train_wall 15739
| epoch 061 | valid on 'valid' subset | loss 7.509 | nll_loss 5.439 | ppl 43.38 | num_updates 33794 | best_loss 7.50344
| epoch 062 | loss 4.999 | nll_loss 2.472 | ppl 5.55 | wps 26096 | ups 2 | wpb 13434.072 | bsz 1017.704 | num_updates 34348 | lr 0.000341255 | gnorm 0.226 | clip 0.000 | oom 0.000 | wall 17714 | train_wall 15998
| epoch 062 | valid on 'valid' subset | loss 7.513 | nll_loss 5.433 | ppl 43.21 | num_updates 34348 | best_loss 7.50344
| epoch 063 | loss 4.994 | nll_loss 2.466 | ppl 5.52 | wps 26196 | ups 2 | wpb 13434.072 | bsz 1017.704 | num_updates 34902 | lr 0.000338536 | gnorm 0.226 | clip 0.000 | oom 0.000 | wall 18000 | train_wall 16256
| epoch 063 | valid on 'valid' subset | loss 7.487 | nll_loss 5.411 | ppl 42.55 | num_updates 34902 | best_loss 7.4872
| epoch 064 | loss 4.991 | nll_loss 2.462 | ppl 5.51 | wps 26143 | ups 2 | wpb 13434.072 | bsz 1017.704 | num_updates 35456 | lr 0.000335881 | gnorm 0.227 | clip 0.000 | oom 0.000 | wall 18286 | train_wall 16514
| epoch 064 | valid on 'valid' subset | loss 7.500 | nll_loss 5.422 | ppl 42.89 | num_updates 35456 | best_loss 7.50006
| epoch 065 | loss 4.986 | nll_loss 2.456 | ppl 5.49 | wps 26074 | ups 2 | wpb 13434.072 | bsz 1017.704 | num_updates 36010 | lr 0.000333287 | gnorm 0.227 | clip 0.000 | oom 0.000 | wall 18573 | train_wall 16772
| epoch 065 | valid on 'valid' subset | loss 7.470 | nll_loss 5.401 | ppl 42.26 | num_updates 36010 | best_loss 7.46983
| epoch 066 | loss 4.982 | nll_loss 2.451 | ppl 5.47 | wps 26292 | ups 2 | wpb 13434.072 | bsz 1017.704 | num_updates 36564 | lr 0.000330753 | gnorm 0.228 | clip 0.000 | oom 0.000 | wall 18858 | train_wall 17030
| epoch 066 | valid on 'valid' subset | loss 7.501 | nll_loss 5.421 | ppl 42.85 | num_updates 36564 | best_loss 7.50108
| epoch 067 | loss 4.978 | nll_loss 2.446 | ppl 5.45 | wps 26204 | ups 2 | wpb 13434.072 | bsz 1017.704 | num_updates 37118 | lr 0.000328275 | gnorm 0.225 | clip 0.000 | oom 0.000 | wall 19143 | train_wall 17288
| epoch 067 | valid on 'valid' subset | loss 7.455 | nll_loss 5.382 | ppl 41.69 | num_updates 37118 | best_loss 7.45548
| epoch 068 | loss 4.976 | nll_loss 2.442 | ppl 5.43 | wps 26302 | ups 2 | wpb 13434.072 | bsz 1017.704 | num_updates 37672 | lr 0.000325852 | gnorm 0.228 | clip 0.000 | oom 0.000 | wall 19427 | train_wall 17546
| epoch 068 | valid on 'valid' subset | loss 7.471 | nll_loss 5.398 | ppl 42.16 | num_updates 37672 | best_loss 7.47143
| epoch 069 | loss 4.972 | nll_loss 2.438 | ppl 5.42 | wps 26209 | ups 2 | wpb 13434.072 | bsz 1017.704 | num_updates 38226 | lr 0.000323482 | gnorm 0.227 | clip 0.000 | oom 0.000 | wall 19713 | train_wall 17804
| epoch 069 | valid on 'valid' subset | loss 7.481 | nll_loss 5.400 | ppl 42.23 | num_updates 38226 | best_loss 7.48123
| epoch 070 | loss 4.968 | nll_loss 2.433 | ppl 5.4 | wps 26219 | ups 2 | wpb 13434.072 | bsz 1017.704 | num_updates 38780 | lr 0.000321163 | gnorm 0.227 | clip 0.000 | oom 0.000 | wall 19998 | train_wall 18062
| epoch 070 | valid on 'valid' subset | loss 7.466 | nll_loss 5.390 | ppl 41.93 | num_updates 38780 | best_loss 7.46644
| epoch 071 | loss 4.965 | nll_loss 2.429 | ppl 5.39 | wps 26203 | ups 2 | wpb 13434.072 | bsz 1017.704 | num_updates 39334 | lr 0.000318894 | gnorm 0.227 | clip 0.000 | oom 0.000 | wall 20284 | train_wall 18320
| epoch 071 | valid on 'valid' subset | loss 7.458 | nll_loss 5.381 | ppl 41.67 | num_updates 39334 | best_loss 7.45842
| epoch 072 | loss 4.962 | nll_loss 2.424 | ppl 5.37 | wps 26283 | ups 2 | wpb 13434.072 | bsz 1017.704 | num_updates 39888 | lr 0.000316671 | gnorm 0.229 | clip 0.000 | oom 0.000 | wall 20568 | train_wall 18578
| epoch 072 | valid on 'valid' subset | loss 7.472 | nll_loss 5.392 | ppl 41.99 | num_updates 39888 | best_loss 7.47207
| epoch 073 | loss 4.958 | nll_loss 2.420 | ppl 5.35 | wps 26155 | ups 2 | wpb 13434.072 | bsz 1017.704 | num_updates 40442 | lr 0.000314495 | gnorm 0.228 | clip 0.000 | oom 0.000 | wall 20854 | train_wall 18836
| epoch 073 | valid on 'valid' subset | loss 7.474 | nll_loss 5.397 | ppl 42.12 | num_updates 40442 | best_loss 7.47432
| epoch 074 | loss 4.955 | nll_loss 2.417 | ppl 5.34 | wps 26320 | ups 2 | wpb 13434.072 | bsz 1017.704 | num_updates 40996 | lr 0.000312363 | gnorm 0.228 | clip 0.000 | oom 0.000 | wall 21138 | train_wall 19094
| epoch 074 | valid on 'valid' subset | loss 7.461 | nll_loss 5.383 | ppl 41.74 | num_updates 40996 | best_loss 7.46122
| epoch 075 | loss 4.952 | nll_loss 2.413 | ppl 5.32 | wps 26217 | ups 2 | wpb 13434.072 | bsz 1017.704 | num_updates 41550 | lr 0.000310273 | gnorm 0.226 | clip 0.000 | oom 0.000 | wall 21424 | train_wall 19352
| epoch 075 | valid on 'valid' subset | loss 7.464 | nll_loss 5.391 | ppl 41.95 | num_updates 41550 | best_loss 7.46366
| epoch 076 | loss 4.950 | nll_loss 2.410 | ppl 5.31 | wps 26210 | ups 2 | wpb 13434.072 | bsz 1017.704 | num_updates 42104 | lr 0.000308225 | gnorm 0.229 | clip 0.000 | oom 0.000 | wall 21709 | train_wall 19609
| epoch 076 | valid on 'valid' subset | loss 7.453 | nll_loss 5.377 | ppl 41.55 | num_updates 42104 | best_loss 7.45345
| epoch 077 | loss 4.947 | nll_loss 2.405 | ppl 5.3 | wps 26253 | ups 2 | wpb 13434.072 | bsz 1017.704 | num_updates 42658 | lr 0.000306217 | gnorm 0.228 | clip 0.000 | oom 0.000 | wall 21994 | train_wall 19867
| epoch 077 | valid on 'valid' subset | loss 7.472 | nll_loss 5.395 | ppl 42.09 | num_updates 42658 | best_loss 7.47209
| epoch 078 | loss 4.944 | nll_loss 2.402 | ppl 5.28 | wps 26184 | ups 2 | wpb 13434.072 | bsz 1017.704 | num_updates 43212 | lr 0.000304248 | gnorm 0.229 | clip 0.000 | oom 0.000 | wall 22280 | train_wall 20125
| epoch 078 | valid on 'valid' subset | loss 7.478 | nll_loss 5.399 | ppl 42.2 | num_updates 43212 | best_loss 7.4776
| epoch 079 | loss 4.941 | nll_loss 2.398 | ppl 5.27 | wps 26240 | ups 2 | wpb 13434.072 | bsz 1017.704 | num_updates 43766 | lr 0.000302316 | gnorm 0.230 | clip 0.000 | oom 0.000 | wall 22565 | train_wall 20382
| epoch 079 | valid on 'valid' subset | loss 7.468 | nll_loss 5.390 | ppl 41.94 | num_updates 43766 | best_loss 7.46778
| epoch 080 | loss 4.938 | nll_loss 2.394 | ppl 5.26 | wps 26240 | ups 2 | wpb 13434.072 | bsz 1017.704 | num_updates 44320 | lr 0.000300421 | gnorm 0.230 | clip 0.000 | oom 0.000 | wall 22850 | train_wall 20640
| epoch 080 | valid on 'valid' subset | loss 7.463 | nll_loss 5.385 | ppl 41.8 | num_updates 44320 | best_loss 7.46322
| epoch 081 | loss 4.935 | nll_loss 2.391 | ppl 5.24 | wps 26267 | ups 2 | wpb 13434.072 | bsz 1017.704 | num_updates 44874 | lr 0.000298561 | gnorm 0.229 | clip 0.000 | oom 0.000 | wall 23135 | train_wall 20898
| epoch 081 | valid on 'valid' subset | loss 7.469 | nll_loss 5.390 | ppl 41.94 | num_updates 44874 | best_loss 7.46857
| epoch 082 | loss 4.932 | nll_loss 2.387 | ppl 5.23 | wps 26241 | ups 2 | wpb 13434.072 | bsz 1017.704 | num_updates 45428 | lr 0.000296735 | gnorm 0.229 | clip 0.000 | oom 0.000 | wall 23420 | train_wall 21156
| epoch 082 | valid on 'valid' subset | loss 7.453 | nll_loss 5.374 | ppl 41.47 | num_updates 45428 | best_loss 7.45257
| epoch 083 | loss 4.930 | nll_loss 2.384 | ppl 5.22 | wps 26244 | ups 2 | wpb 13434.072 | bsz 1017.704 | num_updates 45982 | lr 0.000294942 | gnorm 0.230 | clip 0.000 | oom 0.000 | wall 23705 | train_wall 21414
| epoch 083 | valid on 'valid' subset | loss 7.459 | nll_loss 5.382 | ppl 41.7 | num_updates 45982 | best_loss 7.45893
| epoch 084 | loss 4.927 | nll_loss 2.380 | ppl 5.21 | wps 26311 | ups 2 | wpb 13434.072 | bsz 1017.704 | num_updates 46536 | lr 0.000293181 | gnorm 0.235 | clip 0.000 | oom 0.000 | wall 23989 | train_wall 21671
| epoch 084 | valid on 'valid' subset | loss 7.449 | nll_loss 5.365 | ppl 41.22 | num_updates 46536 | best_loss 7.44851
| epoch 085 | loss 4.925 | nll_loss 2.377 | ppl 5.2 | wps 26160 | ups 2 | wpb 13434.072 | bsz 1017.704 | num_updates 47090 | lr 0.000291451 | gnorm 0.230 | clip 0.000 | oom 0.000 | wall 24275 | train_wall 21929
| epoch 085 | valid on 'valid' subset | loss 7.460 | nll_loss 5.380 | ppl 41.63 | num_updates 47090 | best_loss 7.4601
| epoch 086 | loss 4.922 | nll_loss 2.374 | ppl 5.18 | wps 26031 | ups 2 | wpb 13434.072 | bsz 1017.704 | num_updates 47644 | lr 0.000289752 | gnorm 0.230 | clip 0.000 | oom 0.000 | wall 24562 | train_wall 22189
| epoch 086 | valid on 'valid' subset | loss 7.452 | nll_loss 5.374 | ppl 41.47 | num_updates 47644 | best_loss 7.45237
| epoch 087 | loss 4.919 | nll_loss 2.370 | ppl 5.17 | wps 26024 | ups 2 | wpb 13434.072 | bsz 1017.704 | num_updates 48198 | lr 0.000288082 | gnorm 0.230 | clip 0.000 | oom 0.000 | wall 24850 | train_wall 22447
| epoch 087 | valid on 'valid' subset | loss 7.435 | nll_loss 5.354 | ppl 40.89 | num_updates 48198 | best_loss 7.4345
| epoch 088 | loss 4.917 | nll_loss 2.367 | ppl 5.16 | wps 26044 | ups 2 | wpb 13434.072 | bsz 1017.704 | num_updates 48752 | lr 0.00028644 | gnorm 0.230 | clip 0.000 | oom 0.000 | wall 25137 | train_wall 22706
| epoch 088 | valid on 'valid' subset | loss 7.451 | nll_loss 5.369 | ppl 41.34 | num_updates 48752 | best_loss 7.45138
| epoch 089 | loss 4.914 | nll_loss 2.364 | ppl 5.15 | wps 25947 | ups 2 | wpb 13434.072 | bsz 1017.704 | num_updates 49306 | lr 0.000284826 | gnorm 0.230 | clip 0.000 | oom 0.000 | wall 25425 | train_wall 22965
| epoch 089 | valid on 'valid' subset | loss 7.439 | nll_loss 5.358 | ppl 41 | num_updates 49306 | best_loss 7.43946
| epoch 090 | loss 4.913 | nll_loss 2.362 | ppl 5.14 | wps 25857 | ups 2 | wpb 13434.072 | bsz 1017.704 | num_updates 49860 | lr 0.00028324 | gnorm 0.233 | clip 0.000 | oom 0.000 | wall 25715 | train_wall 23225
| epoch 090 | valid on 'valid' subset | loss 7.454 | nll_loss 5.375 | ppl 41.5 | num_updates 49860 | best_loss 7.45443
| saved checkpoint ./checkpoints/2020-07-12T01-29-04-00-exp333-bpe5000-lowercase-ne-seed13-lowercase/checkpoints_en_ne/checkpoint90.pt (epoch 90 @ 49860 updates) (writing took 1.2875151634216309 seconds)
| epoch 091 | loss 4.910 | nll_loss 2.359 | ppl 5.13 | wps 26072 | ups 2 | wpb 13434.072 | bsz 1017.704 | num_updates 50414 | lr 0.000281679 | gnorm 0.231 | clip 0.000 | oom 0.000 | wall 26003 | train_wall 23484
| epoch 091 | valid on 'valid' subset | loss 7.463 | nll_loss 5.387 | ppl 41.86 | num_updates 50414 | best_loss 7.45443
| epoch 092 | loss 4.907 | nll_loss 2.356 | ppl 5.12 | wps 26164 | ups 2 | wpb 13434.072 | bsz 1017.704 | num_updates 50968 | lr 0.000280144 | gnorm 0.230 | clip 0.000 | oom 0.000 | wall 26289 | train_wall 23742
| epoch 092 | valid on 'valid' subset | loss 7.453 | nll_loss 5.376 | ppl 41.54 | num_updates 50968 | best_loss 7.4526
| epoch 093 | loss 4.904 | nll_loss 2.352 | ppl 5.1 | wps 26251 | ups 2 | wpb 13434.072 | bsz 1017.704 | num_updates 51522 | lr 0.000278634 | gnorm 0.234 | clip 0.000 | oom 0.000 | wall 26574 | train_wall 23999
| epoch 093 | valid on 'valid' subset | loss 7.443 | nll_loss 5.356 | ppl 40.97 | num_updates 51522 | best_loss 7.4429
| epoch 094 | loss 4.902 | nll_loss 2.349 | ppl 5.09 | wps 26314 | ups 2 | wpb 13434.072 | bsz 1017.704 | num_updates 52076 | lr 0.000277148 | gnorm 0.232 | clip 0.000 | oom 0.000 | wall 26858 | train_wall 24257
| epoch 094 | valid on 'valid' subset | loss 7.426 | nll_loss 5.340 | ppl 40.51 | num_updates 52076 | best_loss 7.4258
| epoch 095 | loss 4.901 | nll_loss 2.347 | ppl 5.09 | wps 26021 | ups 2 | wpb 13434.072 | bsz 1017.704 | num_updates 52630 | lr 0.000275685 | gnorm 0.231 | clip 0.000 | oom 0.000 | wall 27145 | train_wall 24516
| epoch 095 | valid on 'valid' subset | loss 7.450 | nll_loss 5.358 | ppl 41.02 | num_updates 52630 | best_loss 7.44961
| epoch 096 | loss 4.898 | nll_loss 2.344 | ppl 5.08 | wps 26244 | ups 2 | wpb 13434.072 | bsz 1017.704 | num_updates 53184 | lr 0.000274245 | gnorm 0.231 | clip 0.000 | oom 0.000 | wall 27430 | train_wall 24773
| epoch 096 | valid on 'valid' subset | loss 7.418 | nll_loss 5.336 | ppl 40.39 | num_updates 53184 | best_loss 7.41804
| epoch 097 | loss 4.896 | nll_loss 2.341 | ppl 5.07 | wps 26125 | ups 2 | wpb 13434.072 | bsz 1017.704 | num_updates 53738 | lr 0.000272828 | gnorm 0.233 | clip 0.000 | oom 0.000 | wall 27716 | train_wall 25032
| epoch 097 | valid on 'valid' subset | loss 7.450 | nll_loss 5.372 | ppl 41.41 | num_updates 53738 | best_loss 7.44983
| epoch 098 | loss 4.895 | nll_loss 2.339 | ppl 5.06 | wps 26255 | ups 2 | wpb 13434.072 | bsz 1017.704 | num_updates 54292 | lr 0.000271433 | gnorm 0.232 | clip 0.000 | oom 0.000 | wall 28001 | train_wall 25289
| epoch 098 | valid on 'valid' subset | loss 7.488 | nll_loss 5.404 | ppl 42.35 | num_updates 54292 | best_loss 7.45443
| epoch 099 | loss 4.893 | nll_loss 2.337 | ppl 5.05 | wps 26102 | ups 2 | wpb 13434.072 | bsz 1017.704 | num_updates 54846 | lr 0.000270058 | gnorm 0.232 | clip 0.000 | oom 0.000 | wall 28288 | train_wall 25548
| epoch 099 | valid on 'valid' subset | loss 7.445 | nll_loss 5.358 | ppl 41.01 | num_updates 54846 | best_loss 7.44507
| epoch 100 | loss 4.889 | nll_loss 2.332 | ppl 5.04 | wps 26322 | ups 2 | wpb 13434.072 | bsz 1017.704 | num_updates 55400 | lr 0.000268705 | gnorm 0.232 | clip 0.000 | oom 0.000 | wall 28572 | train_wall 25805
| epoch 100 | valid on 'valid' subset | loss 7.437 | nll_loss 5.359 | ppl 41.04 | num_updates 55400 | best_loss 7.43673
| done training in 28568.6 seconds
Done training.
Time at end: Sun Jul 12 17:22:01 EDT 2020
