================ FLORES BASELINE WITH CLIP_NORM=0.1, BPE=7500 AND SEED=12  ================
About to train the supervised for the following language pair: NE-EN
Checkpoint directory unset! Setting to default value...
CHECKPOINT_DIR is set to './checkpoints/2020-04-07T11-15-04-00-exp25-bpe7500-seed12/checkpoints_ne_en'
Creating checkpoint directory if it doesn't exist...
Data folder is: data-bin/wiki_ne_en_bpe7500/
Beginning training...
Time at beginning: Tue Apr 7 11:15:58 EDT 2020
Namespace(activation_dropout=0.2, activation_fn='relu', adam_betas='(0.9, 0.98)', adam_eps=1e-08, adaptive_input=False, adaptive_softmax_cutoff=None, adaptive_softmax_dropout=0, arch='transformer', attention_dropout=0.2, best_checkpoint_metric='loss', bpe=None, bucket_cap_mb=25, clip_norm=0.1, cpu=False, criterion='label_smoothed_cross_entropy', cross_self_attention=False, curriculum=0, data='data-bin/wiki_ne_en_bpe7500/', dataset_impl=None, ddp_backend='c10d', decoder_attention_heads=2, decoder_embed_dim=512, decoder_embed_path=None, decoder_ffn_embed_dim=2048, decoder_input_dim=512, decoder_layerdrop=0, decoder_layers=5, decoder_layers_to_keep=None, decoder_learned_pos=False, decoder_normalize_before=True, decoder_output_dim=512, device_id=0, disable_validation=False, distributed_backend='nccl', distributed_init_method=None, distributed_no_spawn=False, distributed_port=-1, distributed_rank=0, distributed_world_size=1, dropout=0.4, empty_cache_freq=0, encoder_attention_heads=2, encoder_embed_dim=512, encoder_embed_path=None, encoder_ffn_embed_dim=2048, encoder_layerdrop=0, encoder_layers=5, encoder_layers_to_keep=None, encoder_learned_pos=False, encoder_normalize_before=True, fast_stat_sync=False, find_unused_parameters=False, fix_batches_to_gpus=False, fixed_validation_seed=None, fp16=True, fp16_init_scale=128, fp16_scale_tolerance=0.0, fp16_scale_window=None, keep_interval_updates=-1, keep_last_epochs=-1, label_smoothing=0.2, layer_wise_attention=False, layernorm_embedding=False, lazy_load=False, left_pad_source='True', left_pad_target='False', load_alignments=False, log_format=None, log_interval=1000, lr=[0.001], lr_scheduler='inverse_sqrt', max_epoch=100, max_sentences=None, max_sentences_valid=None, max_source_positions=1024, max_target_positions=1024, max_tokens=4000, max_tokens_valid=4000, max_update=0, maximize_best_checkpoint_metric=False, memory_efficient_fp16=False, min_loss_scale=0.0001, min_lr=1e-09, no_cross_attention=False, no_epoch_checkpoints=False, no_last_checkpoints=False, no_progress_bar=False, no_save=False, no_save_optimizer_state=False, no_scale_embedding=False, no_token_positional_embeddings=False, num_workers=1, optimizer='adam', optimizer_overrides='{}', raw_text=False, required_batch_size_multiple=8, reset_dataloader=False, reset_lr_scheduler=False, reset_meters=False, reset_optimizer=False, restore_file='checkpoint_last.pt', save_dir='./checkpoints/2020-04-07T11-15-04-00-exp25-bpe7500-seed12/checkpoints_ne_en', save_interval=10, save_interval_updates=0, seed=12, sentence_avg=False, share_all_embeddings=True, share_decoder_input_output_embed=False, skip_invalid_size_inputs_valid_test=False, source_lang='ne', target_lang='en', task='translation', tensorboard_logdir='', threshold_loss_scale=None, tokenizer=None, train_subset='train', truncate_source=False, update_freq=[4], upsample_primary=1, use_bmuf=False, user_dir=None, valid_subset='valid', validate_interval=1, warmup_init_lr=1e-07, warmup_updates=4000, weight_decay=0.0001)
| [ne] dictionary: 7496 types
| [en] dictionary: 7496 types
| loaded 2559 examples from: data-bin/wiki_ne_en_bpe7500/valid.ne-en.ne
| loaded 2559 examples from: data-bin/wiki_ne_en_bpe7500/valid.ne-en.en
| data-bin/wiki_ne_en_bpe7500/ valid ne-en 2559 examples
TransformerModel(
  (encoder): TransformerEncoder(
    (embed_tokens): Embedding(7496, 512, padding_idx=1)
    (embed_positions): SinusoidalPositionalEmbedding()
    (layers): ModuleList(
      (0): TransformerEncoderLayer(
        (self_attn): MultiheadAttention(
          (k_proj): Linear(in_features=512, out_features=512, bias=True)
          (v_proj): Linear(in_features=512, out_features=512, bias=True)
          (q_proj): Linear(in_features=512, out_features=512, bias=True)
          (out_proj): Linear(in_features=512, out_features=512, bias=True)
        )
        (self_attn_layer_norm): LayerNorm((512,), eps=1e-05, elementwise_affine=True)
        (fc1): Linear(in_features=512, out_features=2048, bias=True)
        (fc2): Linear(in_features=2048, out_features=512, bias=True)
        (final_layer_norm): LayerNorm((512,), eps=1e-05, elementwise_affine=True)
      )
      (1): TransformerEncoderLayer(
        (self_attn): MultiheadAttention(
          (k_proj): Linear(in_features=512, out_features=512, bias=True)
          (v_proj): Linear(in_features=512, out_features=512, bias=True)
          (q_proj): Linear(in_features=512, out_features=512, bias=True)
          (out_proj): Linear(in_features=512, out_features=512, bias=True)
        )
        (self_attn_layer_norm): LayerNorm((512,), eps=1e-05, elementwise_affine=True)
        (fc1): Linear(in_features=512, out_features=2048, bias=True)
        (fc2): Linear(in_features=2048, out_features=512, bias=True)
        (final_layer_norm): LayerNorm((512,), eps=1e-05, elementwise_affine=True)
      )
      (2): TransformerEncoderLayer(
        (self_attn): MultiheadAttention(
          (k_proj): Linear(in_features=512, out_features=512, bias=True)
          (v_proj): Linear(in_features=512, out_features=512, bias=True)
          (q_proj): Linear(in_features=512, out_features=512, bias=True)
          (out_proj): Linear(in_features=512, out_features=512, bias=True)
        )
        (self_attn_layer_norm): LayerNorm((512,), eps=1e-05, elementwise_affine=True)
        (fc1): Linear(in_features=512, out_features=2048, bias=True)
        (fc2): Linear(in_features=2048, out_features=512, bias=True)
        (final_layer_norm): LayerNorm((512,), eps=1e-05, elementwise_affine=True)
      )
      (3): TransformerEncoderLayer(
        (self_attn): MultiheadAttention(
          (k_proj): Linear(in_features=512, out_features=512, bias=True)
          (v_proj): Linear(in_features=512, out_features=512, bias=True)
          (q_proj): Linear(in_features=512, out_features=512, bias=True)
          (out_proj): Linear(in_features=512, out_features=512, bias=True)
        )
        (self_attn_layer_norm): LayerNorm((512,), eps=1e-05, elementwise_affine=True)
        (fc1): Linear(in_features=512, out_features=2048, bias=True)
        (fc2): Linear(in_features=2048, out_features=512, bias=True)
        (final_layer_norm): LayerNorm((512,), eps=1e-05, elementwise_affine=True)
      )
      (4): TransformerEncoderLayer(
        (self_attn): MultiheadAttention(
          (k_proj): Linear(in_features=512, out_features=512, bias=True)
          (v_proj): Linear(in_features=512, out_features=512, bias=True)
          (q_proj): Linear(in_features=512, out_features=512, bias=True)
          (out_proj): Linear(in_features=512, out_features=512, bias=True)
        )
        (self_attn_layer_norm): LayerNorm((512,), eps=1e-05, elementwise_affine=True)
        (fc1): Linear(in_features=512, out_features=2048, bias=True)
        (fc2): Linear(in_features=2048, out_features=512, bias=True)
        (final_layer_norm): LayerNorm((512,), eps=1e-05, elementwise_affine=True)
      )
    )
    (layer_norm): LayerNorm((512,), eps=1e-05, elementwise_affine=True)
  )
  (decoder): TransformerDecoder(
    (embed_tokens): Embedding(7496, 512, padding_idx=1)
    (embed_positions): SinusoidalPositionalEmbedding()
    (layers): ModuleList(
      (0): TransformerDecoderLayer(
        (self_attn): MultiheadAttention(
          (k_proj): Linear(in_features=512, out_features=512, bias=True)
          (v_proj): Linear(in_features=512, out_features=512, bias=True)
          (q_proj): Linear(in_features=512, out_features=512, bias=True)
          (out_proj): Linear(in_features=512, out_features=512, bias=True)
        )
        (self_attn_layer_norm): LayerNorm((512,), eps=1e-05, elementwise_affine=True)
        (encoder_attn): MultiheadAttention(
          (k_proj): Linear(in_features=512, out_features=512, bias=True)
          (v_proj): Linear(in_features=512, out_features=512, bias=True)
          (q_proj): Linear(in_features=512, out_features=512, bias=True)
          (out_proj): Linear(in_features=512, out_features=512, bias=True)
        )
        (encoder_attn_layer_norm): LayerNorm((512,), eps=1e-05, elementwise_affine=True)
        (fc1): Linear(in_features=512, out_features=2048, bias=True)
        (fc2): Linear(in_features=2048, out_features=512, bias=True)
        (final_layer_norm): LayerNorm((512,), eps=1e-05, elementwise_affine=True)
      )
      (1): TransformerDecoderLayer(
        (self_attn): MultiheadAttention(
          (k_proj): Linear(in_features=512, out_features=512, bias=True)
          (v_proj): Linear(in_features=512, out_features=512, bias=True)
          (q_proj): Linear(in_features=512, out_features=512, bias=True)
          (out_proj): Linear(in_features=512, out_features=512, bias=True)
        )
        (self_attn_layer_norm): LayerNorm((512,), eps=1e-05, elementwise_affine=True)
        (encoder_attn): MultiheadAttention(
          (k_proj): Linear(in_features=512, out_features=512, bias=True)
          (v_proj): Linear(in_features=512, out_features=512, bias=True)
          (q_proj): Linear(in_features=512, out_features=512, bias=True)
          (out_proj): Linear(in_features=512, out_features=512, bias=True)
        )
        (encoder_attn_layer_norm): LayerNorm((512,), eps=1e-05, elementwise_affine=True)
        (fc1): Linear(in_features=512, out_features=2048, bias=True)
        (fc2): Linear(in_features=2048, out_features=512, bias=True)
        (final_layer_norm): LayerNorm((512,), eps=1e-05, elementwise_affine=True)
      )
      (2): TransformerDecoderLayer(
        (self_attn): MultiheadAttention(
          (k_proj): Linear(in_features=512, out_features=512, bias=True)
          (v_proj): Linear(in_features=512, out_features=512, bias=True)
          (q_proj): Linear(in_features=512, out_features=512, bias=True)
          (out_proj): Linear(in_features=512, out_features=512, bias=True)
        )
        (self_attn_layer_norm): LayerNorm((512,), eps=1e-05, elementwise_affine=True)
        (encoder_attn): MultiheadAttention(
          (k_proj): Linear(in_features=512, out_features=512, bias=True)
          (v_proj): Linear(in_features=512, out_features=512, bias=True)
          (q_proj): Linear(in_features=512, out_features=512, bias=True)
          (out_proj): Linear(in_features=512, out_features=512, bias=True)
        )
        (encoder_attn_layer_norm): LayerNorm((512,), eps=1e-05, elementwise_affine=True)
        (fc1): Linear(in_features=512, out_features=2048, bias=True)
        (fc2): Linear(in_features=2048, out_features=512, bias=True)
        (final_layer_norm): LayerNorm((512,), eps=1e-05, elementwise_affine=True)
      )
      (3): TransformerDecoderLayer(
        (self_attn): MultiheadAttention(
          (k_proj): Linear(in_features=512, out_features=512, bias=True)
          (v_proj): Linear(in_features=512, out_features=512, bias=True)
          (q_proj): Linear(in_features=512, out_features=512, bias=True)
          (out_proj): Linear(in_features=512, out_features=512, bias=True)
        )
        (self_attn_layer_norm): LayerNorm((512,), eps=1e-05, elementwise_affine=True)
        (encoder_attn): MultiheadAttention(
          (k_proj): Linear(in_features=512, out_features=512, bias=True)
          (v_proj): Linear(in_features=512, out_features=512, bias=True)
          (q_proj): Linear(in_features=512, out_features=512, bias=True)
          (out_proj): Linear(in_features=512, out_features=512, bias=True)
        )
        (encoder_attn_layer_norm): LayerNorm((512,), eps=1e-05, elementwise_affine=True)
        (fc1): Linear(in_features=512, out_features=2048, bias=True)
        (fc2): Linear(in_features=2048, out_features=512, bias=True)
        (final_layer_norm): LayerNorm((512,), eps=1e-05, elementwise_affine=True)
      )
      (4): TransformerDecoderLayer(
        (self_attn): MultiheadAttention(
          (k_proj): Linear(in_features=512, out_features=512, bias=True)
          (v_proj): Linear(in_features=512, out_features=512, bias=True)
          (q_proj): Linear(in_features=512, out_features=512, bias=True)
          (out_proj): Linear(in_features=512, out_features=512, bias=True)
        )
        (self_attn_layer_norm): LayerNorm((512,), eps=1e-05, elementwise_affine=True)
        (encoder_attn): MultiheadAttention(
          (k_proj): Linear(in_features=512, out_features=512, bias=True)
          (v_proj): Linear(in_features=512, out_features=512, bias=True)
          (q_proj): Linear(in_features=512, out_features=512, bias=True)
          (out_proj): Linear(in_features=512, out_features=512, bias=True)
        )
        (encoder_attn_layer_norm): LayerNorm((512,), eps=1e-05, elementwise_affine=True)
        (fc1): Linear(in_features=512, out_features=2048, bias=True)
        (fc2): Linear(in_features=2048, out_features=512, bias=True)
        (final_layer_norm): LayerNorm((512,), eps=1e-05, elementwise_affine=True)
      )
    )
    (layer_norm): LayerNorm((512,), eps=1e-05, elementwise_affine=True)
  )
)
| model transformer, criterion LabelSmoothedCrossEntropyCriterion
| num. model params: 40622080 (num. trained: 40622080)
| training on 1 GPUs
| max tokens per GPU = 4000 and max sentences per GPU = None
| no existing checkpoint found ./checkpoints/2020-04-07T11-15-04-00-exp25-bpe7500-seed12/checkpoints_ne_en/checkpoint_last.pt
| loading train data for epoch 0
| loaded 563820 examples from: data-bin/wiki_ne_en_bpe7500/train.ne-en.ne
| loaded 563820 examples from: data-bin/wiki_ne_en_bpe7500/train.ne-en.en
| data-bin/wiki_ne_en_bpe7500/ train ne-en 563820 examples
| WARNING: overflow detected, setting loss scale to: 64.0
| WARNING: overflow detected, setting loss scale to: 32.0
| WARNING: overflow detected, setting loss scale to: 16.0
| WARNING: overflow detected, setting loss scale to: 8.0
| epoch 001 | loss 10.707 | nll_loss 9.846 | ppl 920.54 | wps 52004 | ups 4 | wpb 12975.267 | bsz 1075.381 | num_updates 517 | lr 0.000129337 | gnorm 0.990 | clip 1.000 | oom 0.000 | loss_scale 8.000 | wall 129 | train_wall 96
| epoch 001 | valid on 'valid' subset | loss 10.355 | nll_loss 9.260 | ppl 613.02 | num_updates 517
| epoch 002 | loss 8.940 | nll_loss 7.473 | ppl 177.62 | wps 54924 | ups 4 | wpb 12977.226 | bsz 1082.188 | num_updates 1038 | lr 0.000259574 | gnorm 0.720 | clip 1.000 | oom 0.000 | loss_scale 8.000 | wall 253 | train_wall 192
| epoch 002 | valid on 'valid' subset | loss 9.401 | nll_loss 7.910 | ppl 240.56 | num_updates 1038
| epoch 003 | loss 7.879 | nll_loss 6.053 | ppl 66.4 | wps 55641 | ups 4 | wpb 12977.226 | bsz 1082.188 | num_updates 1559 | lr 0.000389811 | gnorm 0.602 | clip 1.000 | oom 0.000 | loss_scale 8.000 | wall 375 | train_wall 288
| epoch 003 | valid on 'valid' subset | loss 9.031 | nll_loss 7.365 | ppl 164.89 | num_updates 1559
| epoch 004 | loss 7.174 | nll_loss 5.111 | ppl 34.56 | wps 54514 | ups 4 | wpb 12977.226 | bsz 1082.188 | num_updates 2080 | lr 0.000520048 | gnorm 0.551 | clip 1.000 | oom 0.000 | loss_scale 8.000 | wall 500 | train_wall 384
| epoch 004 | valid on 'valid' subset | loss 8.745 | nll_loss 6.960 | ppl 124.47 | num_updates 2080
| epoch 005 | loss 6.737 | nll_loss 4.534 | ppl 23.16 | wps 54987 | ups 4 | wpb 12977.226 | bsz 1082.188 | num_updates 2601 | lr 0.000650285 | gnorm 0.491 | clip 1.000 | oom 0.000 | loss_scale 8.000 | wall 623 | train_wall 480
| epoch 005 | valid on 'valid' subset | loss 8.520 | nll_loss 6.677 | ppl 102.34 | num_updates 2601
| epoch 006 | loss 6.435 | nll_loss 4.141 | ppl 17.64 | wps 55050 | ups 4 | wpb 12977.226 | bsz 1082.188 | num_updates 3122 | lr 0.000780522 | gnorm 0.444 | clip 1.000 | oom 0.000 | loss_scale 8.000 | wall 747 | train_wall 576
| epoch 006 | valid on 'valid' subset | loss 8.425 | nll_loss 6.498 | ppl 90.37 | num_updates 3122
| epoch 007 | loss 6.226 | nll_loss 3.870 | ppl 14.62 | wps 54064 | ups 4 | wpb 12977.226 | bsz 1082.188 | num_updates 3643 | lr 0.000910759 | gnorm 0.411 | clip 1.000 | oom 0.000 | loss_scale 8.000 | wall 872 | train_wall 673
| epoch 007 | valid on 'valid' subset | loss 8.215 | nll_loss 6.233 | ppl 75.24 | num_updates 3643
| epoch 008 | loss 6.071 | nll_loss 3.670 | ppl 12.73 | wps 54432 | ups 4 | wpb 12977.226 | bsz 1082.188 | num_updates 4164 | lr 0.00098011 | gnorm 0.374 | clip 1.000 | oom 0.000 | loss_scale 8.000 | wall 997 | train_wall 770
| epoch 008 | valid on 'valid' subset | loss 8.085 | nll_loss 6.066 | ppl 66.98 | num_updates 4164
| WARNING: overflow detected, setting loss scale to: 8.0
| epoch 009 | loss 5.920 | nll_loss 3.478 | ppl 11.14 | wps 54568 | ups 4 | wpb 12979.521 | bsz 1076.300 | num_updates 4684 | lr 0.000924105 | gnorm 0.343 | clip 1.000 | oom 0.000 | loss_scale 8.000 | wall 1121 | train_wall 867
| epoch 009 | valid on 'valid' subset | loss 7.945 | nll_loss 5.891 | ppl 59.36 | num_updates 4684
| epoch 010 | loss 5.783 | nll_loss 3.304 | ppl 9.87 | wps 55115 | ups 4 | wpb 12977.226 | bsz 1082.188 | num_updates 5205 | lr 0.000876637 | gnorm 0.309 | clip 1.000 | oom 0.000 | loss_scale 8.000 | wall 1245 | train_wall 963
| epoch 010 | valid on 'valid' subset | loss 7.836 | nll_loss 5.732 | ppl 53.17 | num_updates 5205
| saved checkpoint ./checkpoints/2020-04-07T11-15-04-00-exp25-bpe7500-seed12/checkpoints_ne_en/checkpoint10.pt (epoch 10 @ 5205 updates) (writing took 0.744426965713501 seconds)
| epoch 011 | loss 5.681 | nll_loss 3.175 | ppl 9.03 | wps 54654 | ups 4 | wpb 12977.226 | bsz 1082.188 | num_updates 5726 | lr 0.000835804 | gnorm 0.295 | clip 1.000 | oom 0.000 | loss_scale 8.000 | wall 1370 | train_wall 1060
| epoch 011 | valid on 'valid' subset | loss 7.711 | nll_loss 5.586 | ppl 48.02 | num_updates 5726 | best_loss 7.71137
| epoch 012 | loss 5.600 | nll_loss 3.073 | ppl 8.42 | wps 54876 | ups 4 | wpb 12977.226 | bsz 1082.188 | num_updates 6247 | lr 0.000800192 | gnorm 0.283 | clip 1.000 | oom 0.000 | loss_scale 8.000 | wall 1494 | train_wall 1156
| epoch 012 | valid on 'valid' subset | loss 7.682 | nll_loss 5.517 | ppl 45.81 | num_updates 6247 | best_loss 7.68219
| epoch 013 | loss 5.534 | nll_loss 2.989 | ppl 7.94 | wps 54327 | ups 4 | wpb 12977.226 | bsz 1082.188 | num_updates 6768 | lr 0.000768776 | gnorm 0.270 | clip 1.000 | oom 0.000 | loss_scale 8.000 | wall 1619 | train_wall 1252
| epoch 013 | valid on 'valid' subset | loss 7.644 | nll_loss 5.465 | ppl 44.16 | num_updates 6768 | best_loss 7.64425
| epoch 014 | loss 5.476 | nll_loss 2.916 | ppl 7.55 | wps 55014 | ups 4 | wpb 12977.226 | bsz 1082.188 | num_updates 7289 | lr 0.000740792 | gnorm 0.264 | clip 1.000 | oom 0.000 | loss_scale 8.000 | wall 1742 | train_wall 1348
| epoch 014 | valid on 'valid' subset | loss 7.619 | nll_loss 5.434 | ppl 43.23 | num_updates 7289 | best_loss 7.61869
| epoch 015 | loss 5.430 | nll_loss 2.858 | ppl 7.25 | wps 54559 | ups 4 | wpb 12977.226 | bsz 1082.188 | num_updates 7810 | lr 0.000715656 | gnorm 0.259 | clip 1.000 | oom 0.000 | loss_scale 8.000 | wall 1867 | train_wall 1445
| epoch 015 | valid on 'valid' subset | loss 7.557 | nll_loss 5.380 | ppl 41.65 | num_updates 7810 | best_loss 7.55712
| epoch 016 | loss 5.388 | nll_loss 2.804 | ppl 6.99 | wps 55646 | ups 4 | wpb 12977.226 | bsz 1082.188 | num_updates 8331 | lr 0.000692917 | gnorm 0.254 | clip 1.000 | oom 0.000 | loss_scale 8.000 | wall 1989 | train_wall 1541
| epoch 016 | valid on 'valid' subset | loss 7.530 | nll_loss 5.327 | ppl 40.15 | num_updates 8331 | best_loss 7.52999
| epoch 017 | loss 5.352 | nll_loss 2.760 | ppl 6.77 | wps 54913 | ups 4 | wpb 12977.226 | bsz 1082.188 | num_updates 8852 | lr 0.000672217 | gnorm 0.250 | clip 1.000 | oom 0.000 | loss_scale 16.000 | wall 2113 | train_wall 1638
| epoch 017 | valid on 'valid' subset | loss 7.531 | nll_loss 5.310 | ppl 39.68 | num_updates 8852 | best_loss 7.53096
| epoch 018 | loss 5.319 | nll_loss 2.718 | ppl 6.58 | wps 55264 | ups 4 | wpb 12977.226 | bsz 1082.188 | num_updates 9373 | lr 0.000653267 | gnorm 0.248 | clip 1.000 | oom 0.000 | loss_scale 16.000 | wall 2236 | train_wall 1733
| epoch 018 | valid on 'valid' subset | loss 7.460 | nll_loss 5.243 | ppl 37.88 | num_updates 9373 | best_loss 7.45956
| epoch 019 | loss 5.291 | nll_loss 2.682 | ppl 6.42 | wps 55237 | ups 4 | wpb 12977.226 | bsz 1082.188 | num_updates 9894 | lr 0.000635834 | gnorm 0.243 | clip 1.000 | oom 0.000 | loss_scale 16.000 | wall 2359 | train_wall 1830
| epoch 019 | valid on 'valid' subset | loss 7.513 | nll_loss 5.289 | ppl 39.08 | num_updates 9894 | best_loss 7.51329
| epoch 020 | loss 5.263 | nll_loss 2.648 | ppl 6.27 | wps 55363 | ups 4 | wpb 12977.226 | bsz 1082.188 | num_updates 10415 | lr 0.000619727 | gnorm 0.239 | clip 1.000 | oom 0.000 | loss_scale 16.000 | wall 2481 | train_wall 1925
| epoch 020 | valid on 'valid' subset | loss 7.474 | nll_loss 5.242 | ppl 37.85 | num_updates 10415 | best_loss 7.47444
| saved checkpoint ./checkpoints/2020-04-07T11-15-04-00-exp25-bpe7500-seed12/checkpoints_ne_en/checkpoint20.pt (epoch 20 @ 10415 updates) (writing took 1.0371267795562744 seconds)
| epoch 021 | loss 5.239 | nll_loss 2.616 | ppl 6.13 | wps 54509 | ups 4 | wpb 12977.226 | bsz 1082.188 | num_updates 10936 | lr 0.000604785 | gnorm 0.236 | clip 1.000 | oom 0.000 | loss_scale 16.000 | wall 2607 | train_wall 2022
| epoch 021 | valid on 'valid' subset | loss 7.423 | nll_loss 5.183 | ppl 36.34 | num_updates 10936 | best_loss 7.42298
| epoch 022 | loss 5.216 | nll_loss 2.589 | ppl 6.02 | wps 54924 | ups 4 | wpb 12977.226 | bsz 1082.188 | num_updates 11457 | lr 0.000590874 | gnorm 0.236 | clip 1.000 | oom 0.000 | loss_scale 16.000 | wall 2731 | train_wall 2118
| epoch 022 | valid on 'valid' subset | loss 7.427 | nll_loss 5.168 | ppl 35.95 | num_updates 11457 | best_loss 7.42733
| epoch 023 | loss 5.196 | nll_loss 2.563 | ppl 5.91 | wps 54672 | ups 4 | wpb 12977.226 | bsz 1082.188 | num_updates 11978 | lr 0.00057788 | gnorm 0.234 | clip 1.000 | oom 0.000 | loss_scale 16.000 | wall 2855 | train_wall 2214
| epoch 023 | valid on 'valid' subset | loss 7.388 | nll_loss 5.144 | ppl 35.37 | num_updates 11978 | best_loss 7.38812
| epoch 024 | loss 5.178 | nll_loss 2.540 | ppl 5.82 | wps 55188 | ups 4 | wpb 12977.226 | bsz 1082.188 | num_updates 12499 | lr 0.000565708 | gnorm 0.234 | clip 1.000 | oom 0.000 | loss_scale 16.000 | wall 2978 | train_wall 2310
| epoch 024 | valid on 'valid' subset | loss 7.398 | nll_loss 5.142 | ppl 35.31 | num_updates 12499 | best_loss 7.3979
| WARNING: overflow detected, setting loss scale to: 16.0
| epoch 025 | loss 5.162 | nll_loss 2.520 | ppl 5.74 | wps 55180 | ups 4 | wpb 12972.912 | bsz 1078.054 | num_updates 13019 | lr 0.000554295 | gnorm 0.231 | clip 1.000 | oom 0.000 | loss_scale 16.000 | wall 3101 | train_wall 2406
| epoch 025 | valid on 'valid' subset | loss 7.377 | nll_loss 5.123 | ppl 34.85 | num_updates 13019 | best_loss 7.37676
| epoch 026 | loss 5.144 | nll_loss 2.497 | ppl 5.65 | wps 54641 | ups 4 | wpb 12977.226 | bsz 1082.188 | num_updates 13540 | lr 0.000543526 | gnorm 0.229 | clip 1.000 | oom 0.000 | loss_scale 16.000 | wall 3225 | train_wall 2503
| epoch 026 | valid on 'valid' subset | loss 7.390 | nll_loss 5.128 | ppl 34.98 | num_updates 13540 | best_loss 7.39043
| epoch 027 | loss 5.129 | nll_loss 2.479 | ppl 5.58 | wps 55464 | ups 4 | wpb 12977.226 | bsz 1082.188 | num_updates 14061 | lr 0.000533362 | gnorm 0.231 | clip 1.000 | oom 0.000 | loss_scale 16.000 | wall 3348 | train_wall 2599
| epoch 027 | valid on 'valid' subset | loss 7.399 | nll_loss 5.127 | ppl 34.95 | num_updates 14061 | best_loss 7.39903
| epoch 028 | loss 5.115 | nll_loss 2.461 | ppl 5.51 | wps 54845 | ups 4 | wpb 12977.226 | bsz 1082.188 | num_updates 14582 | lr 0.000523747 | gnorm 0.228 | clip 1.000 | oom 0.000 | loss_scale 16.000 | wall 3472 | train_wall 2695
| epoch 028 | valid on 'valid' subset | loss 7.361 | nll_loss 5.096 | ppl 34.19 | num_updates 14582 | best_loss 7.36075
| epoch 029 | loss 5.101 | nll_loss 2.444 | ppl 5.44 | wps 54806 | ups 4 | wpb 12977.226 | bsz 1082.188 | num_updates 15103 | lr 0.000514634 | gnorm 0.226 | clip 1.000 | oom 0.000 | loss_scale 16.000 | wall 3596 | train_wall 2792
| epoch 029 | valid on 'valid' subset | loss 7.348 | nll_loss 5.077 | ppl 33.75 | num_updates 15103 | best_loss 7.34758
| epoch 030 | loss 5.088 | nll_loss 2.428 | ppl 5.38 | wps 54427 | ups 4 | wpb 12977.226 | bsz 1082.188 | num_updates 15624 | lr 0.000505981 | gnorm 0.226 | clip 1.000 | oom 0.000 | loss_scale 16.000 | wall 3720 | train_wall 2888
| epoch 030 | valid on 'valid' subset | loss 7.329 | nll_loss 5.065 | ppl 33.48 | num_updates 15624 | best_loss 7.32855
| saved checkpoint ./checkpoints/2020-04-07T11-15-04-00-exp25-bpe7500-seed12/checkpoints_ne_en/checkpoint30.pt (epoch 30 @ 15624 updates) (writing took 1.030188798904419 seconds)
| epoch 031 | loss 5.077 | nll_loss 2.414 | ppl 5.33 | wps 55038 | ups 4 | wpb 12977.226 | bsz 1082.188 | num_updates 16145 | lr 0.00049775 | gnorm 0.227 | clip 1.000 | oom 0.000 | loss_scale 16.000 | wall 3845 | train_wall 2985
| epoch 031 | valid on 'valid' subset | loss 7.334 | nll_loss 5.069 | ppl 33.56 | num_updates 16145 | best_loss 7.32855
| epoch 032 | loss 5.066 | nll_loss 2.400 | ppl 5.28 | wps 54961 | ups 4 | wpb 12977.226 | bsz 1082.188 | num_updates 16666 | lr 0.000489908 | gnorm 0.225 | clip 1.000 | oom 0.000 | loss_scale 16.000 | wall 3968 | train_wall 3081
| epoch 032 | valid on 'valid' subset | loss 7.352 | nll_loss 5.078 | ppl 33.78 | num_updates 16666 | best_loss 7.32855
| epoch 033 | loss 5.055 | nll_loss 2.385 | ppl 5.23 | wps 54811 | ups 4 | wpb 12977.226 | bsz 1082.188 | num_updates 17187 | lr 0.000482425 | gnorm 0.223 | clip 1.000 | oom 0.000 | loss_scale 32.000 | wall 4092 | train_wall 3178
| epoch 033 | valid on 'valid' subset | loss 7.351 | nll_loss 5.080 | ppl 33.84 | num_updates 17187 | best_loss 7.32855
| epoch 034 | loss 5.045 | nll_loss 2.373 | ppl 5.18 | wps 54193 | ups 4 | wpb 12977.226 | bsz 1082.188 | num_updates 17708 | lr 0.000475275 | gnorm 0.224 | clip 1.000 | oom 0.000 | loss_scale 32.000 | wall 4218 | train_wall 3275
| epoch 034 | valid on 'valid' subset | loss 7.327 | nll_loss 5.050 | ppl 33.12 | num_updates 17708 | best_loss 7.32718
| epoch 035 | loss 5.035 | nll_loss 2.361 | ppl 5.14 | wps 55291 | ups 4 | wpb 12977.226 | bsz 1082.188 | num_updates 18229 | lr 0.000468434 | gnorm 0.223 | clip 1.000 | oom 0.000 | loss_scale 32.000 | wall 4341 | train_wall 3371
| epoch 035 | valid on 'valid' subset | loss 7.303 | nll_loss 5.015 | ppl 32.35 | num_updates 18229 | best_loss 7.3028
| epoch 036 | loss 5.025 | nll_loss 2.349 | ppl 5.09 | wps 54560 | ups 4 | wpb 12977.226 | bsz 1082.188 | num_updates 18750 | lr 0.00046188 | gnorm 0.222 | clip 1.000 | oom 0.000 | loss_scale 32.000 | wall 4465 | train_wall 3467
| epoch 036 | valid on 'valid' subset | loss 7.293 | nll_loss 5.019 | ppl 32.41 | num_updates 18750 | best_loss 7.29331
| epoch 037 | loss 5.017 | nll_loss 2.338 | ppl 5.06 | wps 54973 | ups 4 | wpb 12977.226 | bsz 1082.188 | num_updates 19271 | lr 0.000455594 | gnorm 0.222 | clip 1.000 | oom 0.000 | loss_scale 32.000 | wall 4589 | train_wall 3563
| epoch 037 | valid on 'valid' subset | loss 7.292 | nll_loss 5.010 | ppl 32.23 | num_updates 19271 | best_loss 7.29222
| WARNING: overflow detected, setting loss scale to: 16.0
| epoch 038 | loss 5.007 | nll_loss 2.326 | ppl 5.01 | wps 54515 | ups 4 | wpb 12973.329 | bsz 1078.885 | num_updates 19791 | lr 0.000449569 | gnorm 0.224 | clip 1.000 | oom 0.000 | loss_scale 16.000 | wall 4713 | train_wall 3659
| epoch 038 | valid on 'valid' subset | loss 7.310 | nll_loss 5.039 | ppl 32.89 | num_updates 19791 | best_loss 7.30984
| epoch 039 | loss 5.000 | nll_loss 2.317 | ppl 4.98 | wps 55004 | ups 4 | wpb 12977.226 | bsz 1082.188 | num_updates 20312 | lr 0.000443766 | gnorm 0.222 | clip 1.000 | oom 0.000 | loss_scale 16.000 | wall 4837 | train_wall 3755
| epoch 039 | valid on 'valid' subset | loss 7.301 | nll_loss 5.019 | ppl 32.42 | num_updates 20312 | best_loss 7.30082
| epoch 040 | loss 4.992 | nll_loss 2.308 | ppl 4.95 | wps 54966 | ups 4 | wpb 12977.226 | bsz 1082.188 | num_updates 20833 | lr 0.000438182 | gnorm 0.222 | clip 1.000 | oom 0.000 | loss_scale 16.000 | wall 4961 | train_wall 3852
| epoch 040 | valid on 'valid' subset | loss 7.323 | nll_loss 5.044 | ppl 32.98 | num_updates 20833 | best_loss 7.32342
| saved checkpoint ./checkpoints/2020-04-07T11-15-04-00-exp25-bpe7500-seed12/checkpoints_ne_en/checkpoint40.pt (epoch 40 @ 20833 updates) (writing took 1.0432422161102295 seconds)
| epoch 041 | loss 4.984 | nll_loss 2.297 | ppl 4.91 | wps 55206 | ups 4 | wpb 12977.226 | bsz 1082.188 | num_updates 21354 | lr 0.000432803 | gnorm 0.221 | clip 1.000 | oom 0.000 | loss_scale 16.000 | wall 5085 | train_wall 3948
| epoch 041 | valid on 'valid' subset | loss 7.305 | nll_loss 5.016 | ppl 32.37 | num_updates 21354 | best_loss 7.30508
| epoch 042 | loss 4.977 | nll_loss 2.289 | ppl 4.89 | wps 54981 | ups 4 | wpb 12977.226 | bsz 1082.188 | num_updates 21875 | lr 0.000427618 | gnorm 0.221 | clip 1.000 | oom 0.000 | loss_scale 16.000 | wall 5208 | train_wall 4044
| epoch 042 | valid on 'valid' subset | loss 7.298 | nll_loss 5.000 | ppl 32 | num_updates 21875 | best_loss 7.29811
| epoch 043 | loss 4.971 | nll_loss 2.281 | ppl 4.86 | wps 54414 | ups 4 | wpb 12977.226 | bsz 1082.188 | num_updates 22396 | lr 0.000422615 | gnorm 0.221 | clip 1.000 | oom 0.000 | loss_scale 16.000 | wall 5333 | train_wall 4141
| epoch 043 | valid on 'valid' subset | loss 7.286 | nll_loss 5.003 | ppl 32.07 | num_updates 22396 | best_loss 7.28599
| epoch 044 | loss 4.964 | nll_loss 2.272 | ppl 4.83 | wps 55228 | ups 4 | wpb 12977.226 | bsz 1082.188 | num_updates 22917 | lr 0.000417783 | gnorm 0.222 | clip 1.000 | oom 0.000 | loss_scale 16.000 | wall 5456 | train_wall 4237
| epoch 044 | valid on 'valid' subset | loss 7.286 | nll_loss 4.996 | ppl 31.92 | num_updates 22917 | best_loss 7.28605
| epoch 045 | loss 4.957 | nll_loss 2.264 | ppl 4.8 | wps 55071 | ups 4 | wpb 12977.226 | bsz 1082.188 | num_updates 23438 | lr 0.000413114 | gnorm 0.221 | clip 1.000 | oom 0.000 | loss_scale 32.000 | wall 5580 | train_wall 4333
| epoch 045 | valid on 'valid' subset | loss 7.276 | nll_loss 4.992 | ppl 31.83 | num_updates 23438 | best_loss 7.27613
| WARNING: overflow detected, setting loss scale to: 16.0
| epoch 046 | loss 4.951 | nll_loss 2.256 | ppl 4.78 | wps 54556 | ups 4 | wpb 12983.913 | bsz 1079.623 | num_updates 23958 | lr 0.000408606 | gnorm 0.220 | clip 1.000 | oom 0.000 | loss_scale 16.000 | wall 5704 | train_wall 4429
| epoch 046 | valid on 'valid' subset | loss 7.272 | nll_loss 4.979 | ppl 31.55 | num_updates 23958 | best_loss 7.27165
| epoch 047 | loss 4.946 | nll_loss 2.250 | ppl 4.76 | wps 55068 | ups 4 | wpb 12977.226 | bsz 1082.188 | num_updates 24479 | lr 0.000404234 | gnorm 0.221 | clip 1.000 | oom 0.000 | loss_scale 16.000 | wall 5828 | train_wall 4525
| epoch 047 | valid on 'valid' subset | loss 7.254 | nll_loss 4.960 | ppl 31.12 | num_updates 24479 | best_loss 7.25394
| epoch 048 | loss 4.939 | nll_loss 2.241 | ppl 4.73 | wps 54825 | ups 4 | wpb 12977.226 | bsz 1082.188 | num_updates 25000 | lr 0.0004 | gnorm 0.221 | clip 1.000 | oom 0.000 | loss_scale 16.000 | wall 5952 | train_wall 4621
| epoch 048 | valid on 'valid' subset | loss 7.261 | nll_loss 4.964 | ppl 31.2 | num_updates 25000 | best_loss 7.26071
| epoch 049 | loss 4.933 | nll_loss 2.234 | ppl 4.7 | wps 55373 | ups 4 | wpb 12977.226 | bsz 1082.188 | num_updates 25521 | lr 0.000395896 | gnorm 0.221 | clip 1.000 | oom 0.000 | loss_scale 16.000 | wall 6074 | train_wall 4716
| epoch 049 | valid on 'valid' subset | loss 7.235 | nll_loss 4.947 | ppl 30.86 | num_updates 25521 | best_loss 7.23539
| epoch 050 | loss 4.928 | nll_loss 2.227 | ppl 4.68 | wps 55470 | ups 4 | wpb 12977.226 | bsz 1082.188 | num_updates 26042 | lr 0.000391916 | gnorm 0.220 | clip 1.000 | oom 0.000 | loss_scale 16.000 | wall 6197 | train_wall 4811
| epoch 050 | valid on 'valid' subset | loss 7.232 | nll_loss 4.940 | ppl 30.7 | num_updates 26042 | best_loss 7.23197
| saved checkpoint ./checkpoints/2020-04-07T11-15-04-00-exp25-bpe7500-seed12/checkpoints_ne_en/checkpoint50.pt (epoch 50 @ 26042 updates) (writing took 1.02726411819458 seconds)
| epoch 051 | loss 4.923 | nll_loss 2.221 | ppl 4.66 | wps 55682 | ups 4 | wpb 12977.226 | bsz 1082.188 | num_updates 26563 | lr 0.000388053 | gnorm 0.221 | clip 1.000 | oom 0.000 | loss_scale 16.000 | wall 6320 | train_wall 4907
| epoch 051 | valid on 'valid' subset | loss 7.223 | nll_loss 4.942 | ppl 30.73 | num_updates 26563 | best_loss 7.22344
| epoch 052 | loss 4.918 | nll_loss 2.215 | ppl 4.64 | wps 53951 | ups 4 | wpb 12977.226 | bsz 1082.188 | num_updates 27084 | lr 0.000384303 | gnorm 0.221 | clip 1.000 | oom 0.000 | loss_scale 16.000 | wall 6446 | train_wall 5004
| epoch 052 | valid on 'valid' subset | loss 7.261 | nll_loss 4.973 | ppl 31.41 | num_updates 27084 | best_loss 7.23197
| epoch 053 | loss 4.912 | nll_loss 2.207 | ppl 4.62 | wps 54957 | ups 4 | wpb 12977.226 | bsz 1082.188 | num_updates 27605 | lr 0.000380659 | gnorm 0.220 | clip 1.000 | oom 0.000 | loss_scale 16.000 | wall 6570 | train_wall 5099
| epoch 053 | valid on 'valid' subset | loss 7.232 | nll_loss 4.939 | ppl 30.67 | num_updates 27605 | best_loss 7.23197
| epoch 054 | loss 4.907 | nll_loss 2.201 | ppl 4.6 | wps 54830 | ups 4 | wpb 12977.226 | bsz 1082.188 | num_updates 28126 | lr 0.000377117 | gnorm 0.221 | clip 1.000 | oom 0.000 | loss_scale 32.000 | wall 6693 | train_wall 5196
| epoch 054 | valid on 'valid' subset | loss 7.250 | nll_loss 4.954 | ppl 31 | num_updates 28126 | best_loss 7.23197
| epoch 055 | loss 4.903 | nll_loss 2.196 | ppl 4.58 | wps 55425 | ups 4 | wpb 12977.226 | bsz 1082.188 | num_updates 28647 | lr 0.000373672 | gnorm 0.221 | clip 1.000 | oom 0.000 | loss_scale 32.000 | wall 6816 | train_wall 5292
| epoch 055 | valid on 'valid' subset | loss 7.274 | nll_loss 4.982 | ppl 31.59 | num_updates 28647 | best_loss 7.23197
| epoch 056 | loss 4.898 | nll_loss 2.189 | ppl 4.56 | wps 55341 | ups 4 | wpb 12977.226 | bsz 1082.188 | num_updates 29168 | lr 0.00037032 | gnorm 0.220 | clip 1.000 | oom 0.000 | loss_scale 32.000 | wall 6939 | train_wall 5388
| epoch 056 | valid on 'valid' subset | loss 7.250 | nll_loss 4.955 | ppl 31.01 | num_updates 29168 | best_loss 7.23197
| epoch 057 | loss 4.893 | nll_loss 2.184 | ppl 4.54 | wps 54057 | ups 4 | wpb 12977.226 | bsz 1082.188 | num_updates 29689 | lr 0.000367056 | gnorm 0.220 | clip 1.000 | oom 0.000 | loss_scale 32.000 | wall 7064 | train_wall 5485
| epoch 057 | valid on 'valid' subset | loss 7.235 | nll_loss 4.945 | ppl 30.8 | num_updates 29689 | best_loss 7.23197
| epoch 058 | loss 4.889 | nll_loss 2.178 | ppl 4.53 | wps 54750 | ups 4 | wpb 12977.226 | bsz 1082.188 | num_updates 30210 | lr 0.000363877 | gnorm 0.221 | clip 1.000 | oom 0.000 | loss_scale 32.000 | wall 7189 | train_wall 5581
| epoch 058 | valid on 'valid' subset | loss 7.227 | nll_loss 4.941 | ppl 30.72 | num_updates 30210 | best_loss 7.22744
| epoch 059 | loss 4.884 | nll_loss 2.173 | ppl 4.51 | wps 54314 | ups 4 | wpb 12977.226 | bsz 1082.188 | num_updates 30731 | lr 0.000360779 | gnorm 0.220 | clip 1.000 | oom 0.000 | loss_scale 32.000 | wall 7314 | train_wall 5678
| epoch 059 | valid on 'valid' subset | loss 7.230 | nll_loss 4.937 | ppl 30.62 | num_updates 30731 | best_loss 7.22983
| epoch 060 | loss 4.880 | nll_loss 2.168 | ppl 4.49 | wps 55116 | ups 4 | wpb 12977.226 | bsz 1082.188 | num_updates 31252 | lr 0.000357759 | gnorm 0.220 | clip 1.000 | oom 0.000 | loss_scale 32.000 | wall 7437 | train_wall 5775
| epoch 060 | valid on 'valid' subset | loss 7.232 | nll_loss 4.931 | ppl 30.5 | num_updates 31252 | best_loss 7.23157
| saved checkpoint ./checkpoints/2020-04-07T11-15-04-00-exp25-bpe7500-seed12/checkpoints_ne_en/checkpoint60.pt (epoch 60 @ 31252 updates) (writing took 1.0275261402130127 seconds)
| WARNING: overflow detected, setting loss scale to: 16.0
| epoch 061 | loss 4.876 | nll_loss 2.163 | ppl 4.48 | wps 54560 | ups 4 | wpb 12973.554 | bsz 1082.838 | num_updates 31772 | lr 0.00035482 | gnorm 0.221 | clip 1.000 | oom 0.000 | loss_scale 16.000 | wall 7562 | train_wall 5871
| epoch 061 | valid on 'valid' subset | loss 7.210 | nll_loss 4.904 | ppl 29.95 | num_updates 31772 | best_loss 7.20986
| epoch 062 | loss 4.873 | nll_loss 2.158 | ppl 4.46 | wps 54200 | ups 4 | wpb 12977.226 | bsz 1082.188 | num_updates 32293 | lr 0.000351946 | gnorm 0.221 | clip 1.000 | oom 0.000 | loss_scale 16.000 | wall 7688 | train_wall 5968
| epoch 062 | valid on 'valid' subset | loss 7.243 | nll_loss 4.942 | ppl 30.73 | num_updates 32293 | best_loss 7.23157
| epoch 063 | loss 4.869 | nll_loss 2.153 | ppl 4.45 | wps 54393 | ups 4 | wpb 12977.226 | bsz 1082.188 | num_updates 32814 | lr 0.000349141 | gnorm 0.221 | clip 1.000 | oom 0.000 | loss_scale 16.000 | wall 7812 | train_wall 6065
| epoch 063 | valid on 'valid' subset | loss 7.204 | nll_loss 4.907 | ppl 30.01 | num_updates 32814 | best_loss 7.20356
| epoch 064 | loss 4.865 | nll_loss 2.149 | ppl 4.44 | wps 54709 | ups 4 | wpb 12977.226 | bsz 1082.188 | num_updates 33335 | lr 0.000346402 | gnorm 0.221 | clip 1.000 | oom 0.000 | loss_scale 16.000 | wall 7937 | train_wall 6162
| epoch 064 | valid on 'valid' subset | loss 7.227 | nll_loss 4.930 | ppl 30.49 | num_updates 33335 | best_loss 7.22691
| epoch 065 | loss 4.861 | nll_loss 2.144 | ppl 4.42 | wps 54762 | ups 4 | wpb 12977.226 | bsz 1082.188 | num_updates 33856 | lr 0.000343726 | gnorm 0.222 | clip 1.000 | oom 0.000 | loss_scale 16.000 | wall 8061 | train_wall 6258
| epoch 065 | valid on 'valid' subset | loss 7.237 | nll_loss 4.944 | ppl 30.77 | num_updates 33856 | best_loss 7.23157
| epoch 066 | loss 4.857 | nll_loss 2.139 | ppl 4.4 | wps 54629 | ups 4 | wpb 12977.226 | bsz 1082.188 | num_updates 34377 | lr 0.000341111 | gnorm 0.221 | clip 1.000 | oom 0.000 | loss_scale 16.000 | wall 8185 | train_wall 6355
| epoch 066 | valid on 'valid' subset | loss 7.221 | nll_loss 4.918 | ppl 30.23 | num_updates 34377 | best_loss 7.22138
| epoch 067 | loss 4.854 | nll_loss 2.135 | ppl 4.39 | wps 54928 | ups 4 | wpb 12977.226 | bsz 1082.188 | num_updates 34898 | lr 0.000338555 | gnorm 0.222 | clip 1.000 | oom 0.000 | loss_scale 16.000 | wall 8309 | train_wall 6451
| epoch 067 | valid on 'valid' subset | loss 7.218 | nll_loss 4.928 | ppl 30.44 | num_updates 34898 | best_loss 7.21846
| epoch 068 | loss 4.852 | nll_loss 2.132 | ppl 4.38 | wps 55040 | ups 4 | wpb 12977.226 | bsz 1082.188 | num_updates 35419 | lr 0.000336056 | gnorm 0.221 | clip 1.000 | oom 0.000 | loss_scale 16.000 | wall 8432 | train_wall 6548
| epoch 068 | valid on 'valid' subset | loss 7.230 | nll_loss 4.931 | ppl 30.52 | num_updates 35419 | best_loss 7.22992
| epoch 069 | loss 4.847 | nll_loss 2.126 | ppl 4.37 | wps 54816 | ups 4 | wpb 12977.226 | bsz 1082.188 | num_updates 35940 | lr 0.000333611 | gnorm 0.222 | clip 1.000 | oom 0.000 | loss_scale 32.000 | wall 8556 | train_wall 6644
| epoch 069 | valid on 'valid' subset | loss 7.206 | nll_loss 4.916 | ppl 30.19 | num_updates 35940 | best_loss 7.20591
| epoch 070 | loss 4.845 | nll_loss 2.123 | ppl 4.36 | wps 54144 | ups 4 | wpb 12977.226 | bsz 1082.188 | num_updates 36461 | lr 0.000331219 | gnorm 0.222 | clip 1.000 | oom 0.000 | loss_scale 32.000 | wall 8682 | train_wall 6741
| epoch 070 | valid on 'valid' subset | loss 7.203 | nll_loss 4.914 | ppl 30.15 | num_updates 36461 | best_loss 7.20252
| saved checkpoint ./checkpoints/2020-04-07T11-15-04-00-exp25-bpe7500-seed12/checkpoints_ne_en/checkpoint70.pt (epoch 70 @ 36461 updates) (writing took 1.029670238494873 seconds)
| epoch 071 | loss 4.842 | nll_loss 2.120 | ppl 4.35 | wps 54096 | ups 4 | wpb 12977.226 | bsz 1082.188 | num_updates 36982 | lr 0.000328878 | gnorm 0.222 | clip 1.000 | oom 0.000 | loss_scale 32.000 | wall 8809 | train_wall 6838
| epoch 071 | valid on 'valid' subset | loss 7.212 | nll_loss 4.902 | ppl 29.9 | num_updates 36982 | best_loss 7.20252
| epoch 072 | loss 4.838 | nll_loss 2.114 | ppl 4.33 | wps 54325 | ups 4 | wpb 12977.226 | bsz 1082.188 | num_updates 37503 | lr 0.000326586 | gnorm 0.222 | clip 1.000 | oom 0.000 | loss_scale 32.000 | wall 8934 | train_wall 6935
| epoch 072 | valid on 'valid' subset | loss 7.203 | nll_loss 4.906 | ppl 29.98 | num_updates 37503 | best_loss 7.20252
| epoch 073 | loss 4.834 | nll_loss 2.111 | ppl 4.32 | wps 54581 | ups 4 | wpb 12977.226 | bsz 1082.188 | num_updates 38024 | lr 0.00032434 | gnorm 0.221 | clip 1.000 | oom 0.000 | loss_scale 32.000 | wall 9058 | train_wall 7031
| epoch 073 | valid on 'valid' subset | loss 7.198 | nll_loss 4.900 | ppl 29.86 | num_updates 38024 | best_loss 7.19788
| epoch 074 | loss 4.832 | nll_loss 2.108 | ppl 4.31 | wps 53738 | ups 4 | wpb 12977.226 | bsz 1082.188 | num_updates 38545 | lr 0.000322141 | gnorm 0.222 | clip 1.000 | oom 0.000 | loss_scale 32.000 | wall 9185 | train_wall 7128
| epoch 074 | valid on 'valid' subset | loss 7.225 | nll_loss 4.924 | ppl 30.36 | num_updates 38545 | best_loss 7.20252
| epoch 075 | loss 4.828 | nll_loss 2.103 | ppl 4.3 | wps 54529 | ups 4 | wpb 12977.226 | bsz 1082.188 | num_updates 39066 | lr 0.000319986 | gnorm 0.222 | clip 1.000 | oom 0.000 | loss_scale 32.000 | wall 9309 | train_wall 7225
| epoch 075 | valid on 'valid' subset | loss 7.203 | nll_loss 4.899 | ppl 29.84 | num_updates 39066 | best_loss 7.20252
| epoch 076 | loss 4.826 | nll_loss 2.100 | ppl 4.29 | wps 54280 | ups 4 | wpb 12977.226 | bsz 1082.188 | num_updates 39587 | lr 0.000317873 | gnorm 0.223 | clip 1.000 | oom 0.000 | loss_scale 32.000 | wall 9434 | train_wall 7321
| epoch 076 | valid on 'valid' subset | loss 7.184 | nll_loss 4.880 | ppl 29.45 | num_updates 39587 | best_loss 7.18392
| WARNING: overflow detected, setting loss scale to: 32.0
| epoch 077 | loss 4.822 | nll_loss 2.095 | ppl 4.27 | wps 54612 | ups 4 | wpb 12978.152 | bsz 1083.808 | num_updates 40107 | lr 0.000315806 | gnorm 0.221 | clip 1.000 | oom 0.000 | loss_scale 32.000 | wall 9558 | train_wall 7418
| epoch 077 | valid on 'valid' subset | loss 7.188 | nll_loss 4.887 | ppl 29.58 | num_updates 40107 | best_loss 7.18845
| epoch 078 | loss 4.820 | nll_loss 2.093 | ppl 4.27 | wps 54934 | ups 4 | wpb 12977.226 | bsz 1082.188 | num_updates 40628 | lr 0.000313774 | gnorm 0.222 | clip 1.000 | oom 0.000 | loss_scale 32.000 | wall 9682 | train_wall 7514
| epoch 078 | valid on 'valid' subset | loss 7.168 | nll_loss 4.873 | ppl 29.31 | num_updates 40628 | best_loss 7.16819
| epoch 079 | loss 4.818 | nll_loss 2.090 | ppl 4.26 | wps 54172 | ups 4 | wpb 12977.226 | bsz 1082.188 | num_updates 41149 | lr 0.000311782 | gnorm 0.224 | clip 1.000 | oom 0.000 | loss_scale 32.000 | wall 9808 | train_wall 7611
| epoch 079 | valid on 'valid' subset | loss 7.195 | nll_loss 4.890 | ppl 29.65 | num_updates 41149 | best_loss 7.19512
| epoch 080 | loss 4.815 | nll_loss 2.086 | ppl 4.25 | wps 54421 | ups 4 | wpb 12977.226 | bsz 1082.188 | num_updates 41670 | lr 0.000309826 | gnorm 0.224 | clip 1.000 | oom 0.000 | loss_scale 32.000 | wall 9932 | train_wall 7707
| epoch 080 | valid on 'valid' subset | loss 7.198 | nll_loss 4.900 | ppl 29.85 | num_updates 41670 | best_loss 7.19844
| saved checkpoint ./checkpoints/2020-04-07T11-15-04-00-exp25-bpe7500-seed12/checkpoints_ne_en/checkpoint80.pt (epoch 80 @ 41670 updates) (writing took 1.0420162677764893 seconds)
| epoch 081 | loss 4.812 | nll_loss 2.083 | ppl 4.24 | wps 54354 | ups 4 | wpb 12977.226 | bsz 1082.188 | num_updates 42191 | lr 0.000307907 | gnorm 0.223 | clip 1.000 | oom 0.000 | loss_scale 32.000 | wall 10058 | train_wall 7804
| epoch 081 | valid on 'valid' subset | loss 7.186 | nll_loss 4.902 | ppl 29.89 | num_updates 42191 | best_loss 7.18628
| epoch 082 | loss 4.810 | nll_loss 2.080 | ppl 4.23 | wps 55053 | ups 4 | wpb 12977.226 | bsz 1082.188 | num_updates 42712 | lr 0.000306024 | gnorm 0.225 | clip 1.000 | oom 0.000 | loss_scale 32.000 | wall 10182 | train_wall 7901
| epoch 082 | valid on 'valid' subset | loss 7.194 | nll_loss 4.889 | ppl 29.63 | num_updates 42712 | best_loss 7.19428
| epoch 083 | loss 4.807 | nll_loss 2.076 | ppl 4.22 | wps 55335 | ups 4 | wpb 12977.226 | bsz 1082.188 | num_updates 43233 | lr 0.000304174 | gnorm 0.225 | clip 1.000 | oom 0.000 | loss_scale 32.000 | wall 10305 | train_wall 7997
| epoch 083 | valid on 'valid' subset | loss 7.201 | nll_loss 4.898 | ppl 29.81 | num_updates 43233 | best_loss 7.19844
| epoch 084 | loss 4.804 | nll_loss 2.073 | ppl 4.21 | wps 55170 | ups 4 | wpb 12977.226 | bsz 1082.188 | num_updates 43754 | lr 0.000302358 | gnorm 0.223 | clip 1.000 | oom 0.000 | loss_scale 32.000 | wall 10428 | train_wall 8094
| epoch 084 | valid on 'valid' subset | loss 7.211 | nll_loss 4.916 | ppl 30.19 | num_updates 43754 | best_loss 7.19844
| WARNING: overflow detected, setting loss scale to: 32.0
| epoch 085 | loss 4.802 | nll_loss 2.070 | ppl 4.2 | wps 55165 | ups 4 | wpb 12974.317 | bsz 1078.115 | num_updates 44274 | lr 0.000300577 | gnorm 0.224 | clip 1.000 | oom 0.000 | loss_scale 32.000 | wall 10551 | train_wall 8190
| epoch 085 | valid on 'valid' subset | loss 7.193 | nll_loss 4.894 | ppl 29.73 | num_updates 44274 | best_loss 7.19313
| WARNING: overflow detected, setting loss scale to: 16.0
| epoch 086 | loss 4.800 | nll_loss 2.067 | ppl 4.19 | wps 54174 | ups 4 | wpb 12974.206 | bsz 1083.438 | num_updates 44794 | lr 0.000298827 | gnorm 0.225 | clip 1.000 | oom 0.000 | loss_scale 16.000 | wall 10676 | train_wall 8287
| epoch 086 | valid on 'valid' subset | loss 7.202 | nll_loss 4.904 | ppl 29.94 | num_updates 44794 | best_loss 7.19844
| epoch 087 | loss 4.797 | nll_loss 2.064 | ppl 4.18 | wps 54858 | ups 4 | wpb 12977.226 | bsz 1082.188 | num_updates 45315 | lr 0.000297104 | gnorm 0.224 | clip 1.000 | oom 0.000 | loss_scale 16.000 | wall 10800 | train_wall 8383
| epoch 087 | valid on 'valid' subset | loss 7.164 | nll_loss 4.864 | ppl 29.12 | num_updates 45315 | best_loss 7.16419
| epoch 088 | loss 4.795 | nll_loss 2.061 | ppl 4.17 | wps 54792 | ups 4 | wpb 12977.226 | bsz 1082.188 | num_updates 45836 | lr 0.000295411 | gnorm 0.224 | clip 1.000 | oom 0.000 | loss_scale 16.000 | wall 10924 | train_wall 8480
| epoch 088 | valid on 'valid' subset | loss 7.184 | nll_loss 4.877 | ppl 29.38 | num_updates 45836 | best_loss 7.18361
| epoch 089 | loss 4.792 | nll_loss 2.058 | ppl 4.16 | wps 54222 | ups 4 | wpb 12977.226 | bsz 1082.188 | num_updates 46357 | lr 0.000293746 | gnorm 0.225 | clip 1.000 | oom 0.000 | loss_scale 16.000 | wall 11049 | train_wall 8576
| epoch 089 | valid on 'valid' subset | loss 7.179 | nll_loss 4.877 | ppl 29.39 | num_updates 46357 | best_loss 7.17909
| epoch 090 | loss 4.790 | nll_loss 2.055 | ppl 4.16 | wps 55262 | ups 4 | wpb 12977.226 | bsz 1082.188 | num_updates 46878 | lr 0.000292109 | gnorm 0.225 | clip 1.000 | oom 0.000 | loss_scale 16.000 | wall 11172 | train_wall 8673
| epoch 090 | valid on 'valid' subset | loss 7.181 | nll_loss 4.884 | ppl 29.53 | num_updates 46878 | best_loss 7.18131
| saved checkpoint ./checkpoints/2020-04-07T11-15-04-00-exp25-bpe7500-seed12/checkpoints_ne_en/checkpoint90.pt (epoch 90 @ 46878 updates) (writing took 1.0449612140655518 seconds)
| epoch 091 | loss 4.788 | nll_loss 2.052 | ppl 4.15 | wps 54153 | ups 4 | wpb 12977.226 | bsz 1082.188 | num_updates 47399 | lr 0.0002905 | gnorm 0.225 | clip 1.000 | oom 0.000 | loss_scale 16.000 | wall 11299 | train_wall 8769
| epoch 091 | valid on 'valid' subset | loss 7.184 | nll_loss 4.884 | ppl 29.53 | num_updates 47399 | best_loss 7.18131
| epoch 092 | loss 4.785 | nll_loss 2.050 | ppl 4.14 | wps 54874 | ups 4 | wpb 12977.226 | bsz 1082.188 | num_updates 47920 | lr 0.000288916 | gnorm 0.225 | clip 1.000 | oom 0.000 | loss_scale 16.000 | wall 11422 | train_wall 8866
| epoch 092 | valid on 'valid' subset | loss 7.182 | nll_loss 4.882 | ppl 29.49 | num_updates 47920 | best_loss 7.18131
| epoch 093 | loss 4.783 | nll_loss 2.047 | ppl 4.13 | wps 55873 | ups 4 | wpb 12977.226 | bsz 1082.188 | num_updates 48441 | lr 0.000287358 | gnorm 0.226 | clip 1.000 | oom 0.000 | loss_scale 16.000 | wall 11544 | train_wall 8961
| epoch 093 | valid on 'valid' subset | loss 7.189 | nll_loss 4.890 | ppl 29.64 | num_updates 48441 | best_loss 7.18131
| epoch 094 | loss 4.781 | nll_loss 2.044 | ppl 4.12 | wps 54740 | ups 4 | wpb 12977.226 | bsz 1082.188 | num_updates 48962 | lr 0.000285825 | gnorm 0.226 | clip 1.000 | oom 0.000 | loss_scale 32.000 | wall 11668 | train_wall 9057
| epoch 094 | valid on 'valid' subset | loss 7.185 | nll_loss 4.884 | ppl 29.53 | num_updates 48962 | best_loss 7.18131
| epoch 095 | loss 4.779 | nll_loss 2.041 | ppl 4.12 | wps 55255 | ups 4 | wpb 12977.226 | bsz 1082.188 | num_updates 49483 | lr 0.000284316 | gnorm 0.225 | clip 1.000 | oom 0.000 | loss_scale 32.000 | wall 11791 | train_wall 9154
| epoch 095 | valid on 'valid' subset | loss 7.187 | nll_loss 4.890 | ppl 29.64 | num_updates 49483 | best_loss 7.18131
| epoch 096 | loss 4.777 | nll_loss 2.039 | ppl 4.11 | wps 55227 | ups 4 | wpb 12977.226 | bsz 1082.188 | num_updates 50004 | lr 0.000282831 | gnorm 0.225 | clip 1.000 | oom 0.000 | loss_scale 32.000 | wall 11914 | train_wall 9249
| epoch 096 | valid on 'valid' subset | loss 7.193 | nll_loss 4.896 | ppl 29.78 | num_updates 50004 | best_loss 7.18131
| epoch 097 | loss 4.775 | nll_loss 2.037 | ppl 4.1 | wps 54752 | ups 4 | wpb 12977.226 | bsz 1082.188 | num_updates 50525 | lr 0.000281369 | gnorm 0.225 | clip 1.000 | oom 0.000 | loss_scale 32.000 | wall 12038 | train_wall 9345
| epoch 097 | valid on 'valid' subset | loss 7.167 | nll_loss 4.865 | ppl 29.14 | num_updates 50525 | best_loss 7.16732
| WARNING: overflow detected, setting loss scale to: 16.0
| epoch 098 | loss 4.774 | nll_loss 2.036 | ppl 4.1 | wps 54433 | ups 4 | wpb 12972.090 | bsz 1082.208 | num_updates 51045 | lr 0.000279933 | gnorm 0.226 | clip 1.000 | oom 0.000 | loss_scale 16.000 | wall 12163 | train_wall 9442
| epoch 098 | valid on 'valid' subset | loss 7.187 | nll_loss 4.886 | ppl 29.56 | num_updates 51045 | best_loss 7.18131
| epoch 099 | loss 4.770 | nll_loss 2.031 | ppl 4.09 | wps 55095 | ups 4 | wpb 12977.226 | bsz 1082.188 | num_updates 51566 | lr 0.000278515 | gnorm 0.226 | clip 1.000 | oom 0.000 | loss_scale 16.000 | wall 12286 | train_wall 9538
| epoch 099 | valid on 'valid' subset | loss 7.174 | nll_loss 4.867 | ppl 29.17 | num_updates 51566 | best_loss 7.17438
| epoch 100 | loss 4.769 | nll_loss 2.029 | ppl 4.08 | wps 54729 | ups 4 | wpb 12977.226 | bsz 1082.188 | num_updates 52087 | lr 0.000277118 | gnorm 0.226 | clip 1.000 | oom 0.000 | loss_scale 16.000 | wall 12410 | train_wall 9634
| epoch 100 | valid on 'valid' subset | loss 7.202 | nll_loss 4.901 | ppl 29.88 | num_updates 52087 | best_loss 7.18131
| saved checkpoint ./checkpoints/2020-04-07T11-15-04-00-exp25-bpe7500-seed12/checkpoints_ne_en/checkpoint100.pt (epoch 100 @ 52087 updates) (writing took 0.660841703414917 seconds)
| done training in 12406.8 seconds
Done training.
Time at end: Tue Apr 7 14:42:52 EDT 2020
================ FLORES BASELINE WITH CLIP_NORM=0.1, BPE=5000 AND SEED=10  ================
About to train the supervised for the following language pair: NE-EN
Checkpoint directory unset! Setting to default value...
CHECKPOINT_DIR is set to './checkpoints//checkpoints_ne_en'
Creating checkpoint directory if it doesn't exist...
Data folder is: data-bin/wiki_ne_en_bpe5000_nonjoint/
Beginning training...
Time at beginning: Wed Apr 8 13:05:30 EDT 2020
CUDA device is: 1
================ FLORES BASELINE WITH CLIP_NORM=0.1, BPE=5000 AND SEED=10  ================
About to train the supervised for the following language pair: NE-EN
Checkpoint directory unset! Setting to default value...
CHECKPOINT_DIR is set to './checkpoints/checkpoints_ne_en/checkpoints_ne_en'
Creating checkpoint directory if it doesn't exist...
Data folder is: data-bin/wiki_ne_en_bpe5000_nonjoint/
Beginning training...
Time at beginning: Wed Apr 8 13:06:37 EDT 2020
This is train_fairseq
CUDA device is: 1
