================ FLORES BASELINE WITH BPE=5000 & SEED=11 & LOWERCASED ================
About to train the supervised for the following language pair: EN-NE
CHECKPOINT_DIR is set to './checkpoints/2020-07-10T17-49-04-00-exp333-bpe5000-lowercase-ne-seed11-lowercase/checkpoints_en_ne'
Creating checkpoint directory if it doesn't exist...
Data folder is: data-bin/wiki_ne_en_bpe5000_lowercase/
Beginning training...
Time at beginning: Sat Jul 11 01:42:07 EDT 2020
Namespace(activation_dropout=0.2, activation_fn='relu', adam_betas='(0.9, 0.98)', adam_eps=1e-08, adaptive_input=False, adaptive_softmax_cutoff=None, adaptive_softmax_dropout=0, arch='transformer', attention_dropout=0.2, best_checkpoint_metric='loss', bpe=None, bucket_cap_mb=25, clip_norm=0.0, cpu=False, criterion='label_smoothed_cross_entropy', cross_self_attention=False, curriculum=0, data='data-bin/wiki_ne_en_bpe5000_lowercase/', dataset_impl=None, ddp_backend='c10d', decoder_attention_heads=2, decoder_embed_dim=512, decoder_embed_path=None, decoder_ffn_embed_dim=2048, decoder_input_dim=512, decoder_layerdrop=0, decoder_layers=5, decoder_layers_to_keep=None, decoder_learned_pos=False, decoder_normalize_before=True, decoder_output_dim=512, device_id=0, disable_validation=False, distributed_backend='nccl', distributed_init_method=None, distributed_no_spawn=False, distributed_port=-1, distributed_rank=0, distributed_world_size=1, dropout=0.4, empty_cache_freq=0, encoder_attention_heads=2, encoder_embed_dim=512, encoder_embed_path=None, encoder_ffn_embed_dim=2048, encoder_layerdrop=0, encoder_layers=5, encoder_layers_to_keep=None, encoder_learned_pos=False, encoder_normalize_before=True, fast_stat_sync=False, find_unused_parameters=False, fix_batches_to_gpus=False, fixed_validation_seed=None, fp16=False, fp16_init_scale=128, fp16_scale_tolerance=0.0, fp16_scale_window=None, keep_interval_updates=-1, keep_last_epochs=-1, label_smoothing=0.2, layer_wise_attention=False, layernorm_embedding=False, lazy_load=False, left_pad_source='True', left_pad_target='False', load_alignments=False, log_format=None, log_interval=1000, lr=[0.001], lr_scheduler='inverse_sqrt', max_epoch=100, max_sentences=None, max_sentences_valid=None, max_source_positions=1024, max_target_positions=1024, max_tokens=4000, max_tokens_valid=4000, max_update=0, maximize_best_checkpoint_metric=False, memory_efficient_fp16=False, min_loss_scale=0.0001, min_lr=1e-09, no_cross_attention=False, no_epoch_checkpoints=False, no_last_checkpoints=False, no_progress_bar=False, no_save=False, no_save_optimizer_state=False, no_scale_embedding=False, no_token_positional_embeddings=False, num_workers=1, optimizer='adam', optimizer_overrides='{}', raw_text=False, required_batch_size_multiple=8, reset_dataloader=False, reset_lr_scheduler=False, reset_meters=False, reset_optimizer=False, restore_file='checkpoint_last.pt', save_dir='./checkpoints/2020-07-10T17-49-04-00-exp333-bpe5000-lowercase-ne-seed11-lowercase/checkpoints_en_ne', save_interval=30, save_interval_updates=0, seed=11, sentence_avg=False, share_all_embeddings=True, share_decoder_input_output_embed=False, skip_invalid_size_inputs_valid_test=False, source_lang='en', target_lang='ne', task='translation', tensorboard_logdir='', threshold_loss_scale=None, tokenizer=None, train_subset='train', truncate_source=False, update_freq=[4], upsample_primary=1, use_bmuf=False, user_dir=None, valid_subset='valid', validate_interval=1, warmup_init_lr=1e-07, warmup_updates=4000, weight_decay=0.0001)
| [en] dictionary: 5000 types
| [ne] dictionary: 5000 types
| loaded 2559 examples from: data-bin/wiki_ne_en_bpe5000_lowercase/valid.ne-en.en
| loaded 2559 examples from: data-bin/wiki_ne_en_bpe5000_lowercase/valid.ne-en.ne
| data-bin/wiki_ne_en_bpe5000_lowercase/ valid en-ne 2559 examples
TransformerModel(
  (encoder): TransformerEncoder(
    (embed_tokens): Embedding(5000, 512, padding_idx=1)
    (embed_positions): SinusoidalPositionalEmbedding()
    (layers): ModuleList(
      (0): TransformerEncoderLayer(
        (self_attn): MultiheadAttention(
          (k_proj): Linear(in_features=512, out_features=512, bias=True)
          (v_proj): Linear(in_features=512, out_features=512, bias=True)
          (q_proj): Linear(in_features=512, out_features=512, bias=True)
          (out_proj): Linear(in_features=512, out_features=512, bias=True)
        )
        (self_attn_layer_norm): LayerNorm((512,), eps=1e-05, elementwise_affine=True)
        (fc1): Linear(in_features=512, out_features=2048, bias=True)
        (fc2): Linear(in_features=2048, out_features=512, bias=True)
        (final_layer_norm): LayerNorm((512,), eps=1e-05, elementwise_affine=True)
      )
      (1): TransformerEncoderLayer(
        (self_attn): MultiheadAttention(
          (k_proj): Linear(in_features=512, out_features=512, bias=True)
          (v_proj): Linear(in_features=512, out_features=512, bias=True)
          (q_proj): Linear(in_features=512, out_features=512, bias=True)
          (out_proj): Linear(in_features=512, out_features=512, bias=True)
        )
        (self_attn_layer_norm): LayerNorm((512,), eps=1e-05, elementwise_affine=True)
        (fc1): Linear(in_features=512, out_features=2048, bias=True)
        (fc2): Linear(in_features=2048, out_features=512, bias=True)
        (final_layer_norm): LayerNorm((512,), eps=1e-05, elementwise_affine=True)
      )
      (2): TransformerEncoderLayer(
        (self_attn): MultiheadAttention(
          (k_proj): Linear(in_features=512, out_features=512, bias=True)
          (v_proj): Linear(in_features=512, out_features=512, bias=True)
          (q_proj): Linear(in_features=512, out_features=512, bias=True)
          (out_proj): Linear(in_features=512, out_features=512, bias=True)
        )
        (self_attn_layer_norm): LayerNorm((512,), eps=1e-05, elementwise_affine=True)
        (fc1): Linear(in_features=512, out_features=2048, bias=True)
        (fc2): Linear(in_features=2048, out_features=512, bias=True)
        (final_layer_norm): LayerNorm((512,), eps=1e-05, elementwise_affine=True)
      )
      (3): TransformerEncoderLayer(
        (self_attn): MultiheadAttention(
          (k_proj): Linear(in_features=512, out_features=512, bias=True)
          (v_proj): Linear(in_features=512, out_features=512, bias=True)
          (q_proj): Linear(in_features=512, out_features=512, bias=True)
          (out_proj): Linear(in_features=512, out_features=512, bias=True)
        )
        (self_attn_layer_norm): LayerNorm((512,), eps=1e-05, elementwise_affine=True)
        (fc1): Linear(in_features=512, out_features=2048, bias=True)
        (fc2): Linear(in_features=2048, out_features=512, bias=True)
        (final_layer_norm): LayerNorm((512,), eps=1e-05, elementwise_affine=True)
      )
      (4): TransformerEncoderLayer(
        (self_attn): MultiheadAttention(
          (k_proj): Linear(in_features=512, out_features=512, bias=True)
          (v_proj): Linear(in_features=512, out_features=512, bias=True)
          (q_proj): Linear(in_features=512, out_features=512, bias=True)
          (out_proj): Linear(in_features=512, out_features=512, bias=True)
        )
        (self_attn_layer_norm): LayerNorm((512,), eps=1e-05, elementwise_affine=True)
        (fc1): Linear(in_features=512, out_features=2048, bias=True)
        (fc2): Linear(in_features=2048, out_features=512, bias=True)
        (final_layer_norm): LayerNorm((512,), eps=1e-05, elementwise_affine=True)
      )
    )
    (layer_norm): LayerNorm((512,), eps=1e-05, elementwise_affine=True)
  )
  (decoder): TransformerDecoder(
    (embed_tokens): Embedding(5000, 512, padding_idx=1)
    (embed_positions): SinusoidalPositionalEmbedding()
    (layers): ModuleList(
      (0): TransformerDecoderLayer(
        (self_attn): MultiheadAttention(
          (k_proj): Linear(in_features=512, out_features=512, bias=True)
          (v_proj): Linear(in_features=512, out_features=512, bias=True)
          (q_proj): Linear(in_features=512, out_features=512, bias=True)
          (out_proj): Linear(in_features=512, out_features=512, bias=True)
        )
        (self_attn_layer_norm): LayerNorm((512,), eps=1e-05, elementwise_affine=True)
        (encoder_attn): MultiheadAttention(
          (k_proj): Linear(in_features=512, out_features=512, bias=True)
          (v_proj): Linear(in_features=512, out_features=512, bias=True)
          (q_proj): Linear(in_features=512, out_features=512, bias=True)
          (out_proj): Linear(in_features=512, out_features=512, bias=True)
        )
        (encoder_attn_layer_norm): LayerNorm((512,), eps=1e-05, elementwise_affine=True)
        (fc1): Linear(in_features=512, out_features=2048, bias=True)
        (fc2): Linear(in_features=2048, out_features=512, bias=True)
        (final_layer_norm): LayerNorm((512,), eps=1e-05, elementwise_affine=True)
      )
      (1): TransformerDecoderLayer(
        (self_attn): MultiheadAttention(
          (k_proj): Linear(in_features=512, out_features=512, bias=True)
          (v_proj): Linear(in_features=512, out_features=512, bias=True)
          (q_proj): Linear(in_features=512, out_features=512, bias=True)
          (out_proj): Linear(in_features=512, out_features=512, bias=True)
        )
        (self_attn_layer_norm): LayerNorm((512,), eps=1e-05, elementwise_affine=True)
        (encoder_attn): MultiheadAttention(
          (k_proj): Linear(in_features=512, out_features=512, bias=True)
          (v_proj): Linear(in_features=512, out_features=512, bias=True)
          (q_proj): Linear(in_features=512, out_features=512, bias=True)
          (out_proj): Linear(in_features=512, out_features=512, bias=True)
        )
        (encoder_attn_layer_norm): LayerNorm((512,), eps=1e-05, elementwise_affine=True)
        (fc1): Linear(in_features=512, out_features=2048, bias=True)
        (fc2): Linear(in_features=2048, out_features=512, bias=True)
        (final_layer_norm): LayerNorm((512,), eps=1e-05, elementwise_affine=True)
      )
      (2): TransformerDecoderLayer(
        (self_attn): MultiheadAttention(
          (k_proj): Linear(in_features=512, out_features=512, bias=True)
          (v_proj): Linear(in_features=512, out_features=512, bias=True)
          (q_proj): Linear(in_features=512, out_features=512, bias=True)
          (out_proj): Linear(in_features=512, out_features=512, bias=True)
        )
        (self_attn_layer_norm): LayerNorm((512,), eps=1e-05, elementwise_affine=True)
        (encoder_attn): MultiheadAttention(
          (k_proj): Linear(in_features=512, out_features=512, bias=True)
          (v_proj): Linear(in_features=512, out_features=512, bias=True)
          (q_proj): Linear(in_features=512, out_features=512, bias=True)
          (out_proj): Linear(in_features=512, out_features=512, bias=True)
        )
        (encoder_attn_layer_norm): LayerNorm((512,), eps=1e-05, elementwise_affine=True)
        (fc1): Linear(in_features=512, out_features=2048, bias=True)
        (fc2): Linear(in_features=2048, out_features=512, bias=True)
        (final_layer_norm): LayerNorm((512,), eps=1e-05, elementwise_affine=True)
      )
      (3): TransformerDecoderLayer(
        (self_attn): MultiheadAttention(
          (k_proj): Linear(in_features=512, out_features=512, bias=True)
          (v_proj): Linear(in_features=512, out_features=512, bias=True)
          (q_proj): Linear(in_features=512, out_features=512, bias=True)
          (out_proj): Linear(in_features=512, out_features=512, bias=True)
        )
        (self_attn_layer_norm): LayerNorm((512,), eps=1e-05, elementwise_affine=True)
        (encoder_attn): MultiheadAttention(
          (k_proj): Linear(in_features=512, out_features=512, bias=True)
          (v_proj): Linear(in_features=512, out_features=512, bias=True)
          (q_proj): Linear(in_features=512, out_features=512, bias=True)
          (out_proj): Linear(in_features=512, out_features=512, bias=True)
        )
        (encoder_attn_layer_norm): LayerNorm((512,), eps=1e-05, elementwise_affine=True)
        (fc1): Linear(in_features=512, out_features=2048, bias=True)
        (fc2): Linear(in_features=2048, out_features=512, bias=True)
        (final_layer_norm): LayerNorm((512,), eps=1e-05, elementwise_affine=True)
      )
      (4): TransformerDecoderLayer(
        (self_attn): MultiheadAttention(
          (k_proj): Linear(in_features=512, out_features=512, bias=True)
          (v_proj): Linear(in_features=512, out_features=512, bias=True)
          (q_proj): Linear(in_features=512, out_features=512, bias=True)
          (out_proj): Linear(in_features=512, out_features=512, bias=True)
        )
        (self_attn_layer_norm): LayerNorm((512,), eps=1e-05, elementwise_affine=True)
        (encoder_attn): MultiheadAttention(
          (k_proj): Linear(in_features=512, out_features=512, bias=True)
          (v_proj): Linear(in_features=512, out_features=512, bias=True)
          (q_proj): Linear(in_features=512, out_features=512, bias=True)
          (out_proj): Linear(in_features=512, out_features=512, bias=True)
        )
        (encoder_attn_layer_norm): LayerNorm((512,), eps=1e-05, elementwise_affine=True)
        (fc1): Linear(in_features=512, out_features=2048, bias=True)
        (fc2): Linear(in_features=2048, out_features=512, bias=True)
        (final_layer_norm): LayerNorm((512,), eps=1e-05, elementwise_affine=True)
      )
    )
    (layer_norm): LayerNorm((512,), eps=1e-05, elementwise_affine=True)
  )
)
| model transformer, criterion LabelSmoothedCrossEntropyCriterion
| num. model params: 39344128 (num. trained: 39344128)
| training on 1 GPUs
| max tokens per GPU = 4000 and max sentences per GPU = None
| no existing checkpoint found ./checkpoints/2020-07-10T17-49-04-00-exp333-bpe5000-lowercase-ne-seed11-lowercase/checkpoints_en_ne/checkpoint_last.pt
| loading train data for epoch 0
| loaded 563808 examples from: data-bin/wiki_ne_en_bpe5000_lowercase/train.ne-en.en
| loaded 563808 examples from: data-bin/wiki_ne_en_bpe5000_lowercase/train.ne-en.ne
| data-bin/wiki_ne_en_bpe5000_lowercase/ train en-ne 563808 examples
| NOTICE: your device may support faster training with --fp16
| epoch 001 | loss 10.695 | nll_loss 10.012 | ppl 1032.41 | wps 25951 | ups 2 | wpb 13434.072 | bsz 1017.704 | num_updates 554 | lr 0.000138586 | gnorm 0.888 | clip 0.000 | oom 0.000 | wall 292 | train_wall 260
| epoch 001 | valid on 'valid' subset | loss 10.217 | nll_loss 9.290 | ppl 625.84 | num_updates 554
| epoch 002 | loss 8.861 | nll_loss 7.540 | ppl 186.11 | wps 25910 | ups 2 | wpb 13434.072 | bsz 1017.704 | num_updates 1108 | lr 0.000277072 | gnorm 0.631 | clip 0.000 | oom 0.000 | wall 580 | train_wall 519
| epoch 002 | valid on 'valid' subset | loss 9.428 | nll_loss 8.108 | ppl 275.93 | num_updates 1108
| epoch 003 | loss 7.717 | nll_loss 6.007 | ppl 64.3 | wps 25993 | ups 2 | wpb 13434.072 | bsz 1017.704 | num_updates 1662 | lr 0.000415558 | gnorm 0.519 | clip 0.000 | oom 0.000 | wall 868 | train_wall 779
| epoch 003 | valid on 'valid' subset | loss 9.171 | nll_loss 7.669 | ppl 203.58 | num_updates 1662
| epoch 004 | loss 7.109 | nll_loss 5.199 | ppl 36.73 | wps 26014 | ups 2 | wpb 13434.072 | bsz 1017.704 | num_updates 2216 | lr 0.000554045 | gnorm 0.472 | clip 0.000 | oom 0.000 | wall 1156 | train_wall 1038
| epoch 004 | valid on 'valid' subset | loss 9.004 | nll_loss 7.453 | ppl 175.21 | num_updates 2216
| epoch 005 | loss 6.734 | nll_loss 4.705 | ppl 26.08 | wps 25977 | ups 2 | wpb 13434.072 | bsz 1017.704 | num_updates 2770 | lr 0.000692531 | gnorm 0.443 | clip 0.000 | oom 0.000 | wall 1444 | train_wall 1297
| epoch 005 | valid on 'valid' subset | loss 8.702 | nll_loss 7.047 | ppl 132.24 | num_updates 2770
| epoch 006 | loss 6.480 | nll_loss 4.373 | ppl 20.72 | wps 25952 | ups 2 | wpb 13434.072 | bsz 1017.704 | num_updates 3324 | lr 0.000831017 | gnorm 0.407 | clip 0.000 | oom 0.000 | wall 1732 | train_wall 1556
| epoch 006 | valid on 'valid' subset | loss 8.546 | nll_loss 6.838 | ppl 114.37 | num_updates 3324
| epoch 007 | loss 6.302 | nll_loss 4.142 | ppl 17.66 | wps 25685 | ups 2 | wpb 13434.072 | bsz 1017.704 | num_updates 3878 | lr 0.000969503 | gnorm 0.374 | clip 0.000 | oom 0.000 | wall 2023 | train_wall 1817
| epoch 007 | valid on 'valid' subset | loss 8.485 | nll_loss 6.736 | ppl 106.62 | num_updates 3878
| epoch 008 | loss 6.158 | nll_loss 3.957 | ppl 15.53 | wps 25872 | ups 2 | wpb 13434.072 | bsz 1017.704 | num_updates 4432 | lr 0.000950014 | gnorm 0.343 | clip 0.000 | oom 0.000 | wall 2312 | train_wall 2077
| epoch 008 | valid on 'valid' subset | loss 8.303 | nll_loss 6.490 | ppl 89.88 | num_updates 4432
| epoch 009 | loss 6.012 | nll_loss 3.769 | ppl 13.63 | wps 25885 | ups 2 | wpb 13434.072 | bsz 1017.704 | num_updates 4986 | lr 0.000895682 | gnorm 0.319 | clip 0.000 | oom 0.000 | wall 2601 | train_wall 2336
| epoch 009 | valid on 'valid' subset | loss 8.191 | nll_loss 6.367 | ppl 82.57 | num_updates 4986
| epoch 010 | loss 5.896 | nll_loss 3.620 | ppl 12.3 | wps 25994 | ups 2 | wpb 13434.072 | bsz 1017.704 | num_updates 5540 | lr 0.000849719 | gnorm 0.298 | clip 0.000 | oom 0.000 | wall 2889 | train_wall 2596
| epoch 010 | valid on 'valid' subset | loss 8.143 | nll_loss 6.292 | ppl 78.37 | num_updates 5540
| epoch 011 | loss 5.805 | nll_loss 3.503 | ppl 11.34 | wps 25826 | ups 2 | wpb 13434.072 | bsz 1017.704 | num_updates 6094 | lr 0.000810175 | gnorm 0.284 | clip 0.000 | oom 0.000 | wall 3179 | train_wall 2856
| epoch 011 | valid on 'valid' subset | loss 8.107 | nll_loss 6.221 | ppl 74.61 | num_updates 6094
| epoch 012 | loss 5.733 | nll_loss 3.410 | ppl 10.63 | wps 25916 | ups 2 | wpb 13434.072 | bsz 1017.704 | num_updates 6648 | lr 0.000775683 | gnorm 0.275 | clip 0.000 | oom 0.000 | wall 3467 | train_wall 3116
| epoch 012 | valid on 'valid' subset | loss 7.993 | nll_loss 6.087 | ppl 67.99 | num_updates 6648
| epoch 013 | loss 5.671 | nll_loss 3.332 | ppl 10.07 | wps 26072 | ups 2 | wpb 13434.072 | bsz 1017.704 | num_updates 7202 | lr 0.000745252 | gnorm 0.267 | clip 0.000 | oom 0.000 | wall 3754 | train_wall 3375
| epoch 013 | valid on 'valid' subset | loss 8.004 | nll_loss 6.084 | ppl 67.83 | num_updates 7202
| epoch 014 | loss 5.618 | nll_loss 3.264 | ppl 9.61 | wps 25810 | ups 2 | wpb 13434.072 | bsz 1017.704 | num_updates 7756 | lr 0.000718143 | gnorm 0.259 | clip 0.000 | oom 0.000 | wall 4044 | train_wall 3635
| epoch 014 | valid on 'valid' subset | loss 7.979 | nll_loss 6.039 | ppl 65.74 | num_updates 7756
| epoch 015 | loss 5.572 | nll_loss 3.205 | ppl 9.22 | wps 25985 | ups 2 | wpb 13434.072 | bsz 1017.704 | num_updates 8310 | lr 0.000693792 | gnorm 0.253 | clip 0.000 | oom 0.000 | wall 4332 | train_wall 3894
| epoch 015 | valid on 'valid' subset | loss 7.920 | nll_loss 5.975 | ppl 62.9 | num_updates 8310
| epoch 016 | loss 5.532 | nll_loss 3.154 | ppl 8.9 | wps 25959 | ups 2 | wpb 13434.072 | bsz 1017.704 | num_updates 8864 | lr 0.000671762 | gnorm 0.251 | clip 0.000 | oom 0.000 | wall 4620 | train_wall 4154
| epoch 016 | valid on 'valid' subset | loss 7.869 | nll_loss 5.914 | ppl 60.28 | num_updates 8864
| epoch 017 | loss 5.496 | nll_loss 3.108 | ppl 8.62 | wps 26095 | ups 2 | wpb 13434.072 | bsz 1017.704 | num_updates 9418 | lr 0.000651704 | gnorm 0.246 | clip 0.000 | oom 0.000 | wall 4907 | train_wall 4413
| epoch 017 | valid on 'valid' subset | loss 7.862 | nll_loss 5.900 | ppl 59.71 | num_updates 9418
| epoch 018 | loss 5.466 | nll_loss 3.070 | ppl 8.4 | wps 25994 | ups 2 | wpb 13434.072 | bsz 1017.704 | num_updates 9972 | lr 0.000633343 | gnorm 0.245 | clip 0.000 | oom 0.000 | wall 5194 | train_wall 4672
| epoch 018 | valid on 'valid' subset | loss 7.826 | nll_loss 5.857 | ppl 57.98 | num_updates 9972
| epoch 019 | loss 5.436 | nll_loss 3.031 | ppl 8.18 | wps 25977 | ups 2 | wpb 13434.072 | bsz 1017.704 | num_updates 10526 | lr 0.000616451 | gnorm 0.242 | clip 0.000 | oom 0.000 | wall 5482 | train_wall 4931
| epoch 019 | valid on 'valid' subset | loss 7.809 | nll_loss 5.814 | ppl 56.24 | num_updates 10526
| epoch 020 | loss 5.412 | nll_loss 3.000 | ppl 8 | wps 25904 | ups 2 | wpb 13434.072 | bsz 1017.704 | num_updates 11080 | lr 0.000600842 | gnorm 0.240 | clip 0.000 | oom 0.000 | wall 5771 | train_wall 5191
| epoch 020 | valid on 'valid' subset | loss 7.818 | nll_loss 5.830 | ppl 56.9 | num_updates 11080
| epoch 021 | loss 5.387 | nll_loss 2.968 | ppl 7.82 | wps 25894 | ups 2 | wpb 13434.072 | bsz 1017.704 | num_updates 11634 | lr 0.000586362 | gnorm 0.238 | clip 0.000 | oom 0.000 | wall 6060 | train_wall 5450
| epoch 021 | valid on 'valid' subset | loss 7.788 | nll_loss 5.792 | ppl 55.42 | num_updates 11634
| epoch 022 | loss 5.365 | nll_loss 2.940 | ppl 7.67 | wps 25713 | ups 2 | wpb 13434.072 | bsz 1017.704 | num_updates 12188 | lr 0.00057288 | gnorm 0.239 | clip 0.000 | oom 0.000 | wall 6351 | train_wall 5711
| epoch 022 | valid on 'valid' subset | loss 7.778 | nll_loss 5.774 | ppl 54.71 | num_updates 12188
| epoch 023 | loss 5.344 | nll_loss 2.913 | ppl 7.53 | wps 25908 | ups 2 | wpb 13434.072 | bsz 1017.704 | num_updates 12742 | lr 0.000560288 | gnorm 0.236 | clip 0.000 | oom 0.000 | wall 6639 | train_wall 5971
| epoch 023 | valid on 'valid' subset | loss 7.775 | nll_loss 5.764 | ppl 54.35 | num_updates 12742
| epoch 024 | loss 5.326 | nll_loss 2.890 | ppl 7.41 | wps 26046 | ups 2 | wpb 13434.072 | bsz 1017.704 | num_updates 13296 | lr 0.000548491 | gnorm 0.235 | clip 0.000 | oom 0.000 | wall 6927 | train_wall 6229
| epoch 024 | valid on 'valid' subset | loss 7.752 | nll_loss 5.737 | ppl 53.35 | num_updates 13296
| epoch 025 | loss 5.308 | nll_loss 2.868 | ppl 7.3 | wps 25867 | ups 2 | wpb 13434.072 | bsz 1017.704 | num_updates 13850 | lr 0.000537409 | gnorm 0.234 | clip 0.000 | oom 0.000 | wall 7216 | train_wall 6489
| epoch 025 | valid on 'valid' subset | loss 7.770 | nll_loss 5.749 | ppl 53.78 | num_updates 13850
| epoch 026 | loss 5.291 | nll_loss 2.845 | ppl 7.19 | wps 25722 | ups 2 | wpb 13434.072 | bsz 1017.704 | num_updates 14404 | lr 0.000526973 | gnorm 0.233 | clip 0.000 | oom 0.000 | wall 7507 | train_wall 6750
| epoch 026 | valid on 'valid' subset | loss 7.709 | nll_loss 5.687 | ppl 51.53 | num_updates 14404
| epoch 027 | loss 5.276 | nll_loss 2.826 | ppl 7.09 | wps 25932 | ups 2 | wpb 13434.072 | bsz 1017.704 | num_updates 14958 | lr 0.000517122 | gnorm 0.232 | clip 0.000 | oom 0.000 | wall 7795 | train_wall 7010
| epoch 027 | valid on 'valid' subset | loss 7.736 | nll_loss 5.707 | ppl 52.23 | num_updates 14958
| epoch 028 | loss 5.261 | nll_loss 2.807 | ppl 7 | wps 25952 | ups 2 | wpb 13434.072 | bsz 1017.704 | num_updates 15512 | lr 0.000507804 | gnorm 0.231 | clip 0.000 | oom 0.000 | wall 8083 | train_wall 7270
| epoch 028 | valid on 'valid' subset | loss 7.718 | nll_loss 5.692 | ppl 51.7 | num_updates 15512
| epoch 029 | loss 5.245 | nll_loss 2.787 | ppl 6.9 | wps 25738 | ups 2 | wpb 13434.072 | bsz 1017.704 | num_updates 16066 | lr 0.000498972 | gnorm 0.231 | clip 0.000 | oom 0.000 | wall 8374 | train_wall 7530
| epoch 029 | valid on 'valid' subset | loss 7.662 | nll_loss 5.636 | ppl 49.73 | num_updates 16066
| epoch 030 | loss 5.234 | nll_loss 2.773 | ppl 6.84 | wps 25714 | ups 2 | wpb 13434.072 | bsz 1017.704 | num_updates 16620 | lr 0.000490585 | gnorm 0.232 | clip 0.000 | oom 0.000 | wall 8665 | train_wall 7791
| epoch 030 | valid on 'valid' subset | loss 7.706 | nll_loss 5.663 | ppl 50.66 | num_updates 16620
| saved checkpoint ./checkpoints/2020-07-10T17-49-04-00-exp333-bpe5000-lowercase-ne-seed11-lowercase/checkpoints_en_ne/checkpoint30.pt (epoch 30 @ 16620 updates) (writing took 1.0117833614349365 seconds)
| epoch 031 | loss 5.222 | nll_loss 2.757 | ppl 6.76 | wps 25914 | ups 2 | wpb 13434.072 | bsz 1017.704 | num_updates 17174 | lr 0.000482608 | gnorm 0.229 | clip 0.000 | oom 0.000 | wall 8955 | train_wall 8051
| epoch 031 | valid on 'valid' subset | loss 7.671 | nll_loss 5.626 | ppl 49.39 | num_updates 17174 | best_loss 7.67068
| epoch 032 | loss 5.209 | nll_loss 2.740 | ppl 6.68 | wps 25862 | ups 2 | wpb 13434.072 | bsz 1017.704 | num_updates 17728 | lr 0.000475007 | gnorm 0.228 | clip 0.000 | oom 0.000 | wall 9245 | train_wall 8311
| epoch 032 | valid on 'valid' subset | loss 7.689 | nll_loss 5.646 | ppl 50.09 | num_updates 17728 | best_loss 7.6893
| epoch 033 | loss 5.198 | nll_loss 2.726 | ppl 6.61 | wps 25952 | ups 2 | wpb 13434.072 | bsz 1017.704 | num_updates 18282 | lr 0.000467755 | gnorm 0.228 | clip 0.000 | oom 0.000 | wall 9533 | train_wall 8570
| epoch 033 | valid on 'valid' subset | loss 7.685 | nll_loss 5.644 | ppl 50.02 | num_updates 18282 | best_loss 7.68493
| epoch 034 | loss 5.187 | nll_loss 2.713 | ppl 6.56 | wps 25765 | ups 2 | wpb 13434.072 | bsz 1017.704 | num_updates 18836 | lr 0.000460825 | gnorm 0.228 | clip 0.000 | oom 0.000 | wall 9823 | train_wall 8830
| epoch 034 | valid on 'valid' subset | loss 7.619 | nll_loss 5.576 | ppl 47.71 | num_updates 18836 | best_loss 7.61879
| epoch 035 | loss 5.176 | nll_loss 2.699 | ppl 6.49 | wps 26120 | ups 2 | wpb 13434.072 | bsz 1017.704 | num_updates 19390 | lr 0.000454194 | gnorm 0.227 | clip 0.000 | oom 0.000 | wall 10109 | train_wall 9089
| epoch 035 | valid on 'valid' subset | loss 7.626 | nll_loss 5.577 | ppl 47.73 | num_updates 19390 | best_loss 7.62562
| epoch 036 | loss 5.167 | nll_loss 2.686 | ppl 6.44 | wps 26188 | ups 2 | wpb 13434.072 | bsz 1017.704 | num_updates 19944 | lr 0.000447841 | gnorm 0.226 | clip 0.000 | oom 0.000 | wall 10395 | train_wall 9347
| epoch 036 | valid on 'valid' subset | loss 7.623 | nll_loss 5.576 | ppl 47.72 | num_updates 19944 | best_loss 7.62294
| epoch 037 | loss 5.158 | nll_loss 2.675 | ppl 6.39 | wps 26186 | ups 2 | wpb 13434.072 | bsz 1017.704 | num_updates 20498 | lr 0.000441748 | gnorm 0.228 | clip 0.000 | oom 0.000 | wall 10681 | train_wall 9604
| epoch 037 | valid on 'valid' subset | loss 7.639 | nll_loss 5.587 | ppl 48.08 | num_updates 20498 | best_loss 7.63922
| epoch 038 | loss 5.148 | nll_loss 2.663 | ppl 6.33 | wps 26149 | ups 2 | wpb 13434.072 | bsz 1017.704 | num_updates 21052 | lr 0.000435896 | gnorm 0.226 | clip 0.000 | oom 0.000 | wall 10967 | train_wall 9862
| epoch 038 | valid on 'valid' subset | loss 7.609 | nll_loss 5.552 | ppl 46.92 | num_updates 21052 | best_loss 7.60919
| epoch 039 | loss 5.139 | nll_loss 2.651 | ppl 6.28 | wps 26171 | ups 2 | wpb 13434.072 | bsz 1017.704 | num_updates 21606 | lr 0.000430272 | gnorm 0.226 | clip 0.000 | oom 0.000 | wall 11253 | train_wall 10120
| epoch 039 | valid on 'valid' subset | loss 7.614 | nll_loss 5.561 | ppl 47.2 | num_updates 21606 | best_loss 7.61367
| epoch 040 | loss 5.131 | nll_loss 2.641 | ppl 6.24 | wps 26146 | ups 2 | wpb 13434.072 | bsz 1017.704 | num_updates 22160 | lr 0.000424859 | gnorm 0.226 | clip 0.000 | oom 0.000 | wall 11539 | train_wall 10379
| epoch 040 | valid on 'valid' subset | loss 7.609 | nll_loss 5.549 | ppl 46.81 | num_updates 22160 | best_loss 7.60879
| epoch 041 | loss 5.124 | nll_loss 2.631 | ppl 6.2 | wps 26234 | ups 2 | wpb 13434.072 | bsz 1017.704 | num_updates 22714 | lr 0.000419646 | gnorm 0.226 | clip 0.000 | oom 0.000 | wall 11824 | train_wall 10636
| epoch 041 | valid on 'valid' subset | loss 7.620 | nll_loss 5.556 | ppl 47.03 | num_updates 22714 | best_loss 7.62029
| epoch 042 | loss 5.114 | nll_loss 2.619 | ppl 6.14 | wps 26264 | ups 2 | wpb 13434.072 | bsz 1017.704 | num_updates 23268 | lr 0.00041462 | gnorm 0.223 | clip 0.000 | oom 0.000 | wall 12109 | train_wall 10893
| epoch 042 | valid on 'valid' subset | loss 7.573 | nll_loss 5.522 | ppl 45.94 | num_updates 23268 | best_loss 7.57289
| epoch 043 | loss 5.108 | nll_loss 2.612 | ppl 6.11 | wps 26230 | ups 2 | wpb 13434.072 | bsz 1017.704 | num_updates 23822 | lr 0.000409771 | gnorm 0.226 | clip 0.000 | oom 0.000 | wall 12394 | train_wall 11151
| epoch 043 | valid on 'valid' subset | loss 7.602 | nll_loss 5.538 | ppl 46.46 | num_updates 23822 | best_loss 7.60203
| epoch 044 | loss 5.102 | nll_loss 2.604 | ppl 6.08 | wps 26210 | ups 2 | wpb 13434.072 | bsz 1017.704 | num_updates 24376 | lr 0.000405087 | gnorm 0.227 | clip 0.000 | oom 0.000 | wall 12679 | train_wall 11408
| epoch 044 | valid on 'valid' subset | loss 7.599 | nll_loss 5.538 | ppl 46.45 | num_updates 24376 | best_loss 7.5988
| epoch 045 | loss 5.095 | nll_loss 2.595 | ppl 6.04 | wps 26163 | ups 2 | wpb 13434.072 | bsz 1017.704 | num_updates 24930 | lr 0.000400561 | gnorm 0.227 | clip 0.000 | oom 0.000 | wall 12965 | train_wall 11666
| epoch 045 | valid on 'valid' subset | loss 7.570 | nll_loss 5.510 | ppl 45.56 | num_updates 24930 | best_loss 7.57034
| epoch 046 | loss 5.087 | nll_loss 2.584 | ppl 6 | wps 26247 | ups 2 | wpb 13434.072 | bsz 1017.704 | num_updates 25484 | lr 0.000396183 | gnorm 0.227 | clip 0.000 | oom 0.000 | wall 13250 | train_wall 11924
| epoch 046 | valid on 'valid' subset | loss 7.561 | nll_loss 5.499 | ppl 45.23 | num_updates 25484 | best_loss 7.56058
| epoch 047 | loss 5.082 | nll_loss 2.578 | ppl 5.97 | wps 26190 | ups 2 | wpb 13434.072 | bsz 1017.704 | num_updates 26038 | lr 0.000391946 | gnorm 0.228 | clip 0.000 | oom 0.000 | wall 13536 | train_wall 12182
| epoch 047 | valid on 'valid' subset | loss 7.575 | nll_loss 5.514 | ppl 45.71 | num_updates 26038 | best_loss 7.57486
| epoch 048 | loss 5.075 | nll_loss 2.569 | ppl 5.93 | wps 26249 | ups 2 | wpb 13434.072 | bsz 1017.704 | num_updates 26592 | lr 0.000387842 | gnorm 0.227 | clip 0.000 | oom 0.000 | wall 13821 | train_wall 12439
| epoch 048 | valid on 'valid' subset | loss 7.583 | nll_loss 5.519 | ppl 45.84 | num_updates 26592 | best_loss 7.58326
| epoch 049 | loss 5.069 | nll_loss 2.562 | ppl 5.9 | wps 26203 | ups 2 | wpb 13434.072 | bsz 1017.704 | num_updates 27146 | lr 0.000383864 | gnorm 0.227 | clip 0.000 | oom 0.000 | wall 14106 | train_wall 12697
| epoch 049 | valid on 'valid' subset | loss 7.559 | nll_loss 5.491 | ppl 44.98 | num_updates 27146 | best_loss 7.55932
| epoch 050 | loss 5.063 | nll_loss 2.555 | ppl 5.87 | wps 26061 | ups 2 | wpb 13434.072 | bsz 1017.704 | num_updates 27700 | lr 0.000380006 | gnorm 0.227 | clip 0.000 | oom 0.000 | wall 14393 | train_wall 12955
| epoch 050 | valid on 'valid' subset | loss 7.568 | nll_loss 5.497 | ppl 45.17 | num_updates 27700 | best_loss 7.56816
| epoch 051 | loss 5.057 | nll_loss 2.546 | ppl 5.84 | wps 26270 | ups 2 | wpb 13434.072 | bsz 1017.704 | num_updates 28254 | lr 0.000376262 | gnorm 0.224 | clip 0.000 | oom 0.000 | wall 14678 | train_wall 13212
| epoch 051 | valid on 'valid' subset | loss 7.576 | nll_loss 5.506 | ppl 45.46 | num_updates 28254 | best_loss 7.57631
| epoch 052 | loss 5.052 | nll_loss 2.541 | ppl 5.82 | wps 26109 | ups 2 | wpb 13434.072 | bsz 1017.704 | num_updates 28808 | lr 0.000372626 | gnorm 0.227 | clip 0.000 | oom 0.000 | wall 14964 | train_wall 13470
| epoch 052 | valid on 'valid' subset | loss 7.524 | nll_loss 5.456 | ppl 43.88 | num_updates 28808 | best_loss 7.52441
| epoch 053 | loss 5.047 | nll_loss 2.533 | ppl 5.79 | wps 26255 | ups 2 | wpb 13434.072 | bsz 1017.704 | num_updates 29362 | lr 0.000369094 | gnorm 0.227 | clip 0.000 | oom 0.000 | wall 15249 | train_wall 13728
| epoch 053 | valid on 'valid' subset | loss 7.538 | nll_loss 5.465 | ppl 44.17 | num_updates 29362 | best_loss 7.5376
| epoch 054 | loss 5.041 | nll_loss 2.525 | ppl 5.76 | wps 26223 | ups 2 | wpb 13434.072 | bsz 1017.704 | num_updates 29916 | lr 0.000365661 | gnorm 0.228 | clip 0.000 | oom 0.000 | wall 15535 | train_wall 13985
| epoch 054 | valid on 'valid' subset | loss 7.523 | nll_loss 5.448 | ppl 43.65 | num_updates 29916 | best_loss 7.52338
| epoch 055 | loss 5.037 | nll_loss 2.521 | ppl 5.74 | wps 26195 | ups 2 | wpb 13434.072 | bsz 1017.704 | num_updates 30470 | lr 0.000362321 | gnorm 0.229 | clip 0.000 | oom 0.000 | wall 15820 | train_wall 14242
| epoch 055 | valid on 'valid' subset | loss 7.526 | nll_loss 5.453 | ppl 43.81 | num_updates 30470 | best_loss 7.52614
| epoch 056 | loss 5.031 | nll_loss 2.513 | ppl 5.71 | wps 26129 | ups 2 | wpb 13434.072 | bsz 1017.704 | num_updates 31024 | lr 0.000359072 | gnorm 0.225 | clip 0.000 | oom 0.000 | wall 16107 | train_wall 14500
| epoch 056 | valid on 'valid' subset | loss 7.526 | nll_loss 5.450 | ppl 43.7 | num_updates 31024 | best_loss 7.52564
| epoch 057 | loss 5.026 | nll_loss 2.507 | ppl 5.68 | wps 26186 | ups 2 | wpb 13434.072 | bsz 1017.704 | num_updates 31578 | lr 0.000355908 | gnorm 0.225 | clip 0.000 | oom 0.000 | wall 16392 | train_wall 14758
| epoch 057 | valid on 'valid' subset | loss 7.557 | nll_loss 5.481 | ppl 44.66 | num_updates 31578 | best_loss 7.55682
| epoch 058 | loss 5.022 | nll_loss 2.502 | ppl 5.66 | wps 26188 | ups 2 | wpb 13434.072 | bsz 1017.704 | num_updates 32132 | lr 0.000352826 | gnorm 0.227 | clip 0.000 | oom 0.000 | wall 16678 | train_wall 15016
| epoch 058 | valid on 'valid' subset | loss 7.547 | nll_loss 5.471 | ppl 44.34 | num_updates 32132 | best_loss 7.54661
| epoch 059 | loss 5.018 | nll_loss 2.496 | ppl 5.64 | wps 26165 | ups 2 | wpb 13434.072 | bsz 1017.704 | num_updates 32686 | lr 0.000349824 | gnorm 0.226 | clip 0.000 | oom 0.000 | wall 16964 | train_wall 15274
| epoch 059 | valid on 'valid' subset | loss 7.510 | nll_loss 5.437 | ppl 43.33 | num_updates 32686 | best_loss 7.50976
| epoch 060 | loss 5.013 | nll_loss 2.490 | ppl 5.62 | wps 26219 | ups 2 | wpb 13434.072 | bsz 1017.704 | num_updates 33240 | lr 0.000346896 | gnorm 0.229 | clip 0.000 | oom 0.000 | wall 17249 | train_wall 15531
| epoch 060 | valid on 'valid' subset | loss 7.537 | nll_loss 5.466 | ppl 44.2 | num_updates 33240 | best_loss 7.53688
| saved checkpoint ./checkpoints/2020-07-10T17-49-04-00-exp333-bpe5000-lowercase-ne-seed11-lowercase/checkpoints_en_ne/checkpoint60.pt (epoch 60 @ 33240 updates) (writing took 1.3410699367523193 seconds)
| epoch 061 | loss 5.008 | nll_loss 2.484 | ppl 5.6 | wps 26188 | ups 2 | wpb 13434.072 | bsz 1017.704 | num_updates 33794 | lr 0.000344041 | gnorm 0.228 | clip 0.000 | oom 0.000 | wall 17536 | train_wall 15789
| epoch 061 | valid on 'valid' subset | loss 7.547 | nll_loss 5.474 | ppl 44.44 | num_updates 33794 | best_loss 7.53688
| epoch 062 | loss 5.004 | nll_loss 2.479 | ppl 5.58 | wps 26101 | ups 2 | wpb 13434.072 | bsz 1017.704 | num_updates 34348 | lr 0.000341255 | gnorm 0.228 | clip 0.000 | oom 0.000 | wall 17823 | train_wall 16047
| epoch 062 | valid on 'valid' subset | loss 7.526 | nll_loss 5.450 | ppl 43.73 | num_updates 34348 | best_loss 7.52551
| epoch 063 | loss 4.999 | nll_loss 2.473 | ppl 5.55 | wps 26184 | ups 2 | wpb 13434.072 | bsz 1017.704 | num_updates 34902 | lr 0.000338536 | gnorm 0.227 | clip 0.000 | oom 0.000 | wall 18108 | train_wall 16304
| epoch 063 | valid on 'valid' subset | loss 7.530 | nll_loss 5.461 | ppl 44.05 | num_updates 34902 | best_loss 7.53036
| epoch 064 | loss 4.997 | nll_loss 2.470 | ppl 5.54 | wps 26215 | ups 2 | wpb 13434.072 | bsz 1017.704 | num_updates 35456 | lr 0.000335881 | gnorm 0.225 | clip 0.000 | oom 0.000 | wall 18394 | train_wall 16562
| epoch 064 | valid on 'valid' subset | loss 7.558 | nll_loss 5.484 | ppl 44.77 | num_updates 35456 | best_loss 7.53688
| epoch 065 | loss 4.991 | nll_loss 2.463 | ppl 5.51 | wps 26170 | ups 2 | wpb 13434.072 | bsz 1017.704 | num_updates 36010 | lr 0.000333287 | gnorm 0.227 | clip 0.000 | oom 0.000 | wall 18679 | train_wall 16820
| epoch 065 | valid on 'valid' subset | loss 7.509 | nll_loss 5.438 | ppl 43.34 | num_updates 36010 | best_loss 7.50859
| epoch 066 | loss 4.988 | nll_loss 2.459 | ppl 5.5 | wps 26163 | ups 2 | wpb 13434.072 | bsz 1017.704 | num_updates 36564 | lr 0.000330753 | gnorm 0.228 | clip 0.000 | oom 0.000 | wall 18965 | train_wall 17077
| epoch 066 | valid on 'valid' subset | loss 7.527 | nll_loss 5.452 | ppl 43.78 | num_updates 36564 | best_loss 7.52682
| epoch 067 | loss 4.985 | nll_loss 2.454 | ppl 5.48 | wps 26220 | ups 2 | wpb 13434.072 | bsz 1017.704 | num_updates 37118 | lr 0.000328275 | gnorm 0.228 | clip 0.000 | oom 0.000 | wall 19251 | train_wall 17335
| epoch 067 | valid on 'valid' subset | loss 7.511 | nll_loss 5.444 | ppl 43.52 | num_updates 37118 | best_loss 7.51084
| epoch 068 | loss 4.981 | nll_loss 2.449 | ppl 5.46 | wps 26235 | ups 2 | wpb 13434.072 | bsz 1017.704 | num_updates 37672 | lr 0.000325852 | gnorm 0.229 | clip 0.000 | oom 0.000 | wall 19536 | train_wall 17592
| epoch 068 | valid on 'valid' subset | loss 7.521 | nll_loss 5.448 | ppl 43.66 | num_updates 37672 | best_loss 7.52119
| epoch 069 | loss 4.977 | nll_loss 2.444 | ppl 5.44 | wps 26075 | ups 2 | wpb 13434.072 | bsz 1017.704 | num_updates 38226 | lr 0.000323482 | gnorm 0.227 | clip 0.000 | oom 0.000 | wall 19823 | train_wall 17850
| epoch 069 | valid on 'valid' subset | loss 7.493 | nll_loss 5.423 | ppl 42.91 | num_updates 38226 | best_loss 7.49338
| epoch 070 | loss 4.974 | nll_loss 2.440 | ppl 5.43 | wps 26208 | ups 2 | wpb 13434.072 | bsz 1017.704 | num_updates 38780 | lr 0.000321163 | gnorm 0.228 | clip 0.000 | oom 0.000 | wall 20108 | train_wall 18108
| epoch 070 | valid on 'valid' subset | loss 7.490 | nll_loss 5.417 | ppl 42.71 | num_updates 38780 | best_loss 7.49026
| epoch 071 | loss 4.970 | nll_loss 2.436 | ppl 5.41 | wps 26180 | ups 2 | wpb 13434.072 | bsz 1017.704 | num_updates 39334 | lr 0.000318894 | gnorm 0.228 | clip 0.000 | oom 0.000 | wall 20394 | train_wall 18366
| epoch 071 | valid on 'valid' subset | loss 7.507 | nll_loss 5.434 | ppl 43.22 | num_updates 39334 | best_loss 7.50703
| epoch 072 | loss 4.966 | nll_loss 2.431 | ppl 5.39 | wps 26140 | ups 2 | wpb 13434.072 | bsz 1017.704 | num_updates 39888 | lr 0.000316671 | gnorm 0.227 | clip 0.000 | oom 0.000 | wall 20680 | train_wall 18624
| epoch 072 | valid on 'valid' subset | loss 7.487 | nll_loss 5.410 | ppl 42.51 | num_updates 39888 | best_loss 7.48678
| epoch 073 | loss 4.963 | nll_loss 2.427 | ppl 5.38 | wps 26185 | ups 2 | wpb 13434.072 | bsz 1017.704 | num_updates 40442 | lr 0.000314495 | gnorm 0.228 | clip 0.000 | oom 0.000 | wall 20966 | train_wall 18882
| epoch 073 | valid on 'valid' subset | loss 7.494 | nll_loss 5.414 | ppl 42.63 | num_updates 40442 | best_loss 7.49355
| epoch 074 | loss 4.960 | nll_loss 2.423 | ppl 5.36 | wps 26090 | ups 2 | wpb 13434.072 | bsz 1017.704 | num_updates 40996 | lr 0.000312363 | gnorm 0.229 | clip 0.000 | oom 0.000 | wall 21252 | train_wall 19140
| epoch 074 | valid on 'valid' subset | loss 7.503 | nll_loss 5.426 | ppl 42.99 | num_updates 40996 | best_loss 7.50326
| epoch 075 | loss 4.958 | nll_loss 2.420 | ppl 5.35 | wps 26181 | ups 2 | wpb 13434.072 | bsz 1017.704 | num_updates 41550 | lr 0.000310273 | gnorm 0.230 | clip 0.000 | oom 0.000 | wall 21538 | train_wall 19398
| epoch 075 | valid on 'valid' subset | loss 7.475 | nll_loss 5.397 | ppl 42.14 | num_updates 41550 | best_loss 7.47512
| epoch 076 | loss 4.953 | nll_loss 2.414 | ppl 5.33 | wps 26270 | ups 2 | wpb 13434.072 | bsz 1017.704 | num_updates 42104 | lr 0.000308225 | gnorm 0.228 | clip 0.000 | oom 0.000 | wall 21823 | train_wall 19655
| epoch 076 | valid on 'valid' subset | loss 7.505 | nll_loss 5.433 | ppl 43.2 | num_updates 42104 | best_loss 7.50457
| epoch 077 | loss 4.951 | nll_loss 2.412 | ppl 5.32 | wps 26110 | ups 2 | wpb 13434.072 | bsz 1017.704 | num_updates 42658 | lr 0.000306217 | gnorm 0.228 | clip 0.000 | oom 0.000 | wall 22109 | train_wall 19913
| epoch 077 | valid on 'valid' subset | loss 7.489 | nll_loss 5.414 | ppl 42.64 | num_updates 42658 | best_loss 7.48876
| epoch 078 | loss 4.948 | nll_loss 2.408 | ppl 5.31 | wps 26249 | ups 2 | wpb 13434.072 | bsz 1017.704 | num_updates 43212 | lr 0.000304248 | gnorm 0.231 | clip 0.000 | oom 0.000 | wall 22394 | train_wall 20170
| epoch 078 | valid on 'valid' subset | loss 7.470 | nll_loss 5.396 | ppl 42.12 | num_updates 43212 | best_loss 7.47013
| epoch 079 | loss 4.944 | nll_loss 2.403 | ppl 5.29 | wps 26254 | ups 2 | wpb 13434.072 | bsz 1017.704 | num_updates 43766 | lr 0.000302316 | gnorm 0.229 | clip 0.000 | oom 0.000 | wall 22679 | train_wall 20428
| epoch 079 | valid on 'valid' subset | loss 7.490 | nll_loss 5.412 | ppl 42.56 | num_updates 43766 | best_loss 7.48958
| epoch 080 | loss 4.942 | nll_loss 2.400 | ppl 5.28 | wps 26099 | ups 2 | wpb 13434.072 | bsz 1017.704 | num_updates 44320 | lr 0.000300421 | gnorm 0.229 | clip 0.000 | oom 0.000 | wall 22966 | train_wall 20686
| epoch 080 | valid on 'valid' subset | loss 7.520 | nll_loss 5.444 | ppl 43.53 | num_updates 44320 | best_loss 7.5196
| epoch 081 | loss 4.938 | nll_loss 2.395 | ppl 5.26 | wps 26178 | ups 2 | wpb 13434.072 | bsz 1017.704 | num_updates 44874 | lr 0.000298561 | gnorm 0.231 | clip 0.000 | oom 0.000 | wall 23251 | train_wall 20943
| epoch 081 | valid on 'valid' subset | loss 7.490 | nll_loss 5.408 | ppl 42.47 | num_updates 44874 | best_loss 7.49047
| epoch 082 | loss 4.936 | nll_loss 2.392 | ppl 5.25 | wps 26215 | ups 2 | wpb 13434.072 | bsz 1017.704 | num_updates 45428 | lr 0.000296735 | gnorm 0.230 | clip 0.000 | oom 0.000 | wall 23537 | train_wall 21201
| epoch 082 | valid on 'valid' subset | loss 7.490 | nll_loss 5.405 | ppl 42.37 | num_updates 45428 | best_loss 7.48991
| epoch 083 | loss 4.934 | nll_loss 2.389 | ppl 5.24 | wps 26080 | ups 2 | wpb 13434.072 | bsz 1017.704 | num_updates 45982 | lr 0.000294942 | gnorm 0.230 | clip 0.000 | oom 0.000 | wall 23823 | train_wall 21460
| epoch 083 | valid on 'valid' subset | loss 7.466 | nll_loss 5.382 | ppl 41.71 | num_updates 45982 | best_loss 7.46557
| epoch 084 | loss 4.931 | nll_loss 2.385 | ppl 5.22 | wps 26152 | ups 2 | wpb 13434.072 | bsz 1017.704 | num_updates 46536 | lr 0.000293181 | gnorm 0.229 | clip 0.000 | oom 0.000 | wall 24109 | train_wall 21717
| epoch 084 | valid on 'valid' subset | loss 7.477 | nll_loss 5.401 | ppl 42.25 | num_updates 46536 | best_loss 7.47718
| epoch 085 | loss 4.928 | nll_loss 2.382 | ppl 5.21 | wps 26241 | ups 2 | wpb 13434.072 | bsz 1017.704 | num_updates 47090 | lr 0.000291451 | gnorm 0.232 | clip 0.000 | oom 0.000 | wall 24394 | train_wall 21975
| epoch 085 | valid on 'valid' subset | loss 7.482 | nll_loss 5.407 | ppl 42.44 | num_updates 47090 | best_loss 7.48187
| epoch 086 | loss 4.925 | nll_loss 2.379 | ppl 5.2 | wps 26165 | ups 2 | wpb 13434.072 | bsz 1017.704 | num_updates 47644 | lr 0.000289752 | gnorm 0.232 | clip 0.000 | oom 0.000 | wall 24680 | train_wall 22233
| epoch 086 | valid on 'valid' subset | loss 7.472 | nll_loss 5.392 | ppl 42 | num_updates 47644 | best_loss 7.47151
| epoch 087 | loss 4.923 | nll_loss 2.375 | ppl 5.19 | wps 26247 | ups 2 | wpb 13434.072 | bsz 1017.704 | num_updates 48198 | lr 0.000288082 | gnorm 0.230 | clip 0.000 | oom 0.000 | wall 24965 | train_wall 22490
| epoch 087 | valid on 'valid' subset | loss 7.468 | nll_loss 5.390 | ppl 41.93 | num_updates 48198 | best_loss 7.46844
| epoch 088 | loss 4.921 | nll_loss 2.373 | ppl 5.18 | wps 26082 | ups 2 | wpb 13434.072 | bsz 1017.704 | num_updates 48752 | lr 0.00028644 | gnorm 0.231 | clip 0.000 | oom 0.000 | wall 25252 | train_wall 22749
| epoch 088 | valid on 'valid' subset | loss 7.476 | nll_loss 5.399 | ppl 42.19 | num_updates 48752 | best_loss 7.47583
| epoch 089 | loss 4.918 | nll_loss 2.369 | ppl 5.17 | wps 26135 | ups 2 | wpb 13434.072 | bsz 1017.704 | num_updates 49306 | lr 0.000284826 | gnorm 0.235 | clip 0.000 | oom 0.000 | wall 25538 | train_wall 23007
| epoch 089 | valid on 'valid' subset | loss 7.469 | nll_loss 5.388 | ppl 41.89 | num_updates 49306 | best_loss 7.46918
| epoch 090 | loss 4.915 | nll_loss 2.365 | ppl 5.15 | wps 26163 | ups 2 | wpb 13434.072 | bsz 1017.704 | num_updates 49860 | lr 0.00028324 | gnorm 0.233 | clip 0.000 | oom 0.000 | wall 25824 | train_wall 23265
| epoch 090 | valid on 'valid' subset | loss 7.497 | nll_loss 5.415 | ppl 42.68 | num_updates 49860 | best_loss 7.49729
| saved checkpoint ./checkpoints/2020-07-10T17-49-04-00-exp333-bpe5000-lowercase-ne-seed11-lowercase/checkpoints_en_ne/checkpoint90.pt (epoch 90 @ 49860 updates) (writing took 1.308767557144165 seconds)
| epoch 091 | loss 4.913 | nll_loss 2.362 | ppl 5.14 | wps 26195 | ups 2 | wpb 13434.072 | bsz 1017.704 | num_updates 50414 | lr 0.000281679 | gnorm 0.231 | clip 0.000 | oom 0.000 | wall 26111 | train_wall 23523
| epoch 091 | valid on 'valid' subset | loss 7.468 | nll_loss 5.393 | ppl 42.03 | num_updates 50414 | best_loss 7.46833
| epoch 092 | loss 4.911 | nll_loss 2.360 | ppl 5.13 | wps 26136 | ups 2 | wpb 13434.072 | bsz 1017.704 | num_updates 50968 | lr 0.000280144 | gnorm 0.233 | clip 0.000 | oom 0.000 | wall 26397 | train_wall 23780
| epoch 092 | valid on 'valid' subset | loss 7.489 | nll_loss 5.410 | ppl 42.51 | num_updates 50968 | best_loss 7.48904
| epoch 093 | loss 4.908 | nll_loss 2.357 | ppl 5.12 | wps 26143 | ups 2 | wpb 13434.072 | bsz 1017.704 | num_updates 51522 | lr 0.000278634 | gnorm 0.232 | clip 0.000 | oom 0.000 | wall 26683 | train_wall 24038
| epoch 093 | valid on 'valid' subset | loss 7.485 | nll_loss 5.413 | ppl 42.62 | num_updates 51522 | best_loss 7.48498
| epoch 094 | loss 4.906 | nll_loss 2.354 | ppl 5.11 | wps 26133 | ups 2 | wpb 13434.072 | bsz 1017.704 | num_updates 52076 | lr 0.000277148 | gnorm 0.231 | clip 0.000 | oom 0.000 | wall 26969 | train_wall 24296
| epoch 094 | valid on 'valid' subset | loss 7.486 | nll_loss 5.402 | ppl 42.29 | num_updates 52076 | best_loss 7.48585
| epoch 095 | loss 4.904 | nll_loss 2.351 | ppl 5.1 | wps 26172 | ups 2 | wpb 13434.072 | bsz 1017.704 | num_updates 52630 | lr 0.000275685 | gnorm 0.233 | clip 0.000 | oom 0.000 | wall 27255 | train_wall 24554
| epoch 095 | valid on 'valid' subset | loss 7.464 | nll_loss 5.386 | ppl 41.81 | num_updates 52630 | best_loss 7.46352
| epoch 096 | loss 4.901 | nll_loss 2.348 | ppl 5.09 | wps 26188 | ups 2 | wpb 13434.072 | bsz 1017.704 | num_updates 53184 | lr 0.000274245 | gnorm 0.232 | clip 0.000 | oom 0.000 | wall 27541 | train_wall 24812
| epoch 096 | valid on 'valid' subset | loss 7.460 | nll_loss 5.380 | ppl 41.64 | num_updates 53184 | best_loss 7.45966
| epoch 097 | loss 4.899 | nll_loss 2.345 | ppl 5.08 | wps 26172 | ups 2 | wpb 13434.072 | bsz 1017.704 | num_updates 53738 | lr 0.000272828 | gnorm 0.232 | clip 0.000 | oom 0.000 | wall 27827 | train_wall 25069
| epoch 097 | valid on 'valid' subset | loss 7.483 | nll_loss 5.400 | ppl 42.24 | num_updates 53738 | best_loss 7.48255
| epoch 098 | loss 4.898 | nll_loss 2.344 | ppl 5.08 | wps 26102 | ups 2 | wpb 13434.072 | bsz 1017.704 | num_updates 54292 | lr 0.000271433 | gnorm 0.232 | clip 0.000 | oom 0.000 | wall 28113 | train_wall 25327
| epoch 098 | valid on 'valid' subset | loss 7.451 | nll_loss 5.370 | ppl 41.36 | num_updates 54292 | best_loss 7.45064
| epoch 099 | loss 4.895 | nll_loss 2.340 | ppl 5.06 | wps 26164 | ups 2 | wpb 13434.072 | bsz 1017.704 | num_updates 54846 | lr 0.000270058 | gnorm 0.235 | clip 0.000 | oom 0.000 | wall 28399 | train_wall 25585
| epoch 099 | valid on 'valid' subset | loss 7.479 | nll_loss 5.401 | ppl 42.25 | num_updates 54846 | best_loss 7.47881
| epoch 100 | loss 4.893 | nll_loss 2.337 | ppl 5.05 | wps 26271 | ups 2 | wpb 13434.072 | bsz 1017.704 | num_updates 55400 | lr 0.000268705 | gnorm 0.233 | clip 0.000 | oom 0.000 | wall 28684 | train_wall 25842
| epoch 100 | valid on 'valid' subset | loss 7.504 | nll_loss 5.420 | ppl 42.8 | num_updates 55400 | best_loss 7.49729
| done training in 28680.2 seconds
Done training.
Time at end: Sat Jul 11 09:40:16 EDT 2020
