================ FLORES BASELINE WITH CLIP_NORM=0.1, BPE=2500 AND SEED=19  ================
About to train the supervised for the following language pair: NE-EN
Checkpoint directory unset! Setting to default value...
CHECKPOINT_DIR is set to './checkpoints/2020-04-05T17-39-04-00-exp24-bpe2500-seed19/checkpoints_ne_en'
Creating checkpoint directory if it doesn't exist...
Data folder is: data-bin/wiki_ne_en_bpe2500/
Beginning training...
Time at beginning: Sun Apr 5 17:39:33 EDT 2020
Namespace(activation_dropout=0.2, activation_fn='relu', adam_betas='(0.9, 0.98)', adam_eps=1e-08, adaptive_input=False, adaptive_softmax_cutoff=None, adaptive_softmax_dropout=0, arch='transformer', attention_dropout=0.2, best_checkpoint_metric='loss', bpe=None, bucket_cap_mb=25, clip_norm=0.1, cpu=False, criterion='label_smoothed_cross_entropy', cross_self_attention=False, curriculum=0, data='data-bin/wiki_ne_en_bpe2500/', dataset_impl=None, ddp_backend='c10d', decoder_attention_heads=2, decoder_embed_dim=512, decoder_embed_path=None, decoder_ffn_embed_dim=2048, decoder_input_dim=512, decoder_layerdrop=0, decoder_layers=5, decoder_layers_to_keep=None, decoder_learned_pos=False, decoder_normalize_before=True, decoder_output_dim=512, device_id=0, disable_validation=False, distributed_backend='nccl', distributed_init_method=None, distributed_no_spawn=False, distributed_port=-1, distributed_rank=0, distributed_world_size=1, dropout=0.4, empty_cache_freq=0, encoder_attention_heads=2, encoder_embed_dim=512, encoder_embed_path=None, encoder_ffn_embed_dim=2048, encoder_layerdrop=0, encoder_layers=5, encoder_layers_to_keep=None, encoder_learned_pos=False, encoder_normalize_before=True, fast_stat_sync=False, find_unused_parameters=False, fix_batches_to_gpus=False, fixed_validation_seed=None, fp16=True, fp16_init_scale=128, fp16_scale_tolerance=0.0, fp16_scale_window=None, keep_interval_updates=-1, keep_last_epochs=-1, label_smoothing=0.2, layer_wise_attention=False, layernorm_embedding=False, lazy_load=False, left_pad_source='True', left_pad_target='False', load_alignments=False, log_format=None, log_interval=1000, lr=[0.001], lr_scheduler='inverse_sqrt', max_epoch=100, max_sentences=None, max_sentences_valid=None, max_source_positions=1024, max_target_positions=1024, max_tokens=4000, max_tokens_valid=4000, max_update=0, maximize_best_checkpoint_metric=False, memory_efficient_fp16=False, min_loss_scale=0.0001, min_lr=1e-09, no_cross_attention=False, no_epoch_checkpoints=False, no_last_checkpoints=False, no_progress_bar=False, no_save=False, no_save_optimizer_state=False, no_scale_embedding=False, no_token_positional_embeddings=False, num_workers=1, optimizer='adam', optimizer_overrides='{}', raw_text=False, required_batch_size_multiple=8, reset_dataloader=False, reset_lr_scheduler=False, reset_meters=False, reset_optimizer=False, restore_file='checkpoint_last.pt', save_dir='./checkpoints/2020-04-05T17-39-04-00-exp24-bpe2500-seed19/checkpoints_ne_en', save_interval=10, save_interval_updates=0, seed=19, sentence_avg=False, share_all_embeddings=True, share_decoder_input_output_embed=False, skip_invalid_size_inputs_valid_test=False, source_lang='ne', target_lang='en', task='translation', tensorboard_logdir='', threshold_loss_scale=None, tokenizer=None, train_subset='train', truncate_source=False, update_freq=[4], upsample_primary=1, use_bmuf=False, user_dir=None, valid_subset='valid', validate_interval=1, warmup_init_lr=1e-07, warmup_updates=4000, weight_decay=0.0001)
| [ne] dictionary: 2504 types
| [en] dictionary: 2504 types
| loaded 2559 examples from: data-bin/wiki_ne_en_bpe2500/valid.ne-en.ne
| loaded 2559 examples from: data-bin/wiki_ne_en_bpe2500/valid.ne-en.en
| data-bin/wiki_ne_en_bpe2500/ valid ne-en 2559 examples
TransformerModel(
  (encoder): TransformerEncoder(
    (embed_tokens): Embedding(2504, 512, padding_idx=1)
    (embed_positions): SinusoidalPositionalEmbedding()
    (layers): ModuleList(
      (0): TransformerEncoderLayer(
        (self_attn): MultiheadAttention(
          (k_proj): Linear(in_features=512, out_features=512, bias=True)
          (v_proj): Linear(in_features=512, out_features=512, bias=True)
          (q_proj): Linear(in_features=512, out_features=512, bias=True)
          (out_proj): Linear(in_features=512, out_features=512, bias=True)
        )
        (self_attn_layer_norm): LayerNorm((512,), eps=1e-05, elementwise_affine=True)
        (fc1): Linear(in_features=512, out_features=2048, bias=True)
        (fc2): Linear(in_features=2048, out_features=512, bias=True)
        (final_layer_norm): LayerNorm((512,), eps=1e-05, elementwise_affine=True)
      )
      (1): TransformerEncoderLayer(
        (self_attn): MultiheadAttention(
          (k_proj): Linear(in_features=512, out_features=512, bias=True)
          (v_proj): Linear(in_features=512, out_features=512, bias=True)
          (q_proj): Linear(in_features=512, out_features=512, bias=True)
          (out_proj): Linear(in_features=512, out_features=512, bias=True)
        )
        (self_attn_layer_norm): LayerNorm((512,), eps=1e-05, elementwise_affine=True)
        (fc1): Linear(in_features=512, out_features=2048, bias=True)
        (fc2): Linear(in_features=2048, out_features=512, bias=True)
        (final_layer_norm): LayerNorm((512,), eps=1e-05, elementwise_affine=True)
      )
      (2): TransformerEncoderLayer(
        (self_attn): MultiheadAttention(
          (k_proj): Linear(in_features=512, out_features=512, bias=True)
          (v_proj): Linear(in_features=512, out_features=512, bias=True)
          (q_proj): Linear(in_features=512, out_features=512, bias=True)
          (out_proj): Linear(in_features=512, out_features=512, bias=True)
        )
        (self_attn_layer_norm): LayerNorm((512,), eps=1e-05, elementwise_affine=True)
        (fc1): Linear(in_features=512, out_features=2048, bias=True)
        (fc2): Linear(in_features=2048, out_features=512, bias=True)
        (final_layer_norm): LayerNorm((512,), eps=1e-05, elementwise_affine=True)
      )
      (3): TransformerEncoderLayer(
        (self_attn): MultiheadAttention(
          (k_proj): Linear(in_features=512, out_features=512, bias=True)
          (v_proj): Linear(in_features=512, out_features=512, bias=True)
          (q_proj): Linear(in_features=512, out_features=512, bias=True)
          (out_proj): Linear(in_features=512, out_features=512, bias=True)
        )
        (self_attn_layer_norm): LayerNorm((512,), eps=1e-05, elementwise_affine=True)
        (fc1): Linear(in_features=512, out_features=2048, bias=True)
        (fc2): Linear(in_features=2048, out_features=512, bias=True)
        (final_layer_norm): LayerNorm((512,), eps=1e-05, elementwise_affine=True)
      )
      (4): TransformerEncoderLayer(
        (self_attn): MultiheadAttention(
          (k_proj): Linear(in_features=512, out_features=512, bias=True)
          (v_proj): Linear(in_features=512, out_features=512, bias=True)
          (q_proj): Linear(in_features=512, out_features=512, bias=True)
          (out_proj): Linear(in_features=512, out_features=512, bias=True)
        )
        (self_attn_layer_norm): LayerNorm((512,), eps=1e-05, elementwise_affine=True)
        (fc1): Linear(in_features=512, out_features=2048, bias=True)
        (fc2): Linear(in_features=2048, out_features=512, bias=True)
        (final_layer_norm): LayerNorm((512,), eps=1e-05, elementwise_affine=True)
      )
    )
    (layer_norm): LayerNorm((512,), eps=1e-05, elementwise_affine=True)
  )
  (decoder): TransformerDecoder(
    (embed_tokens): Embedding(2504, 512, padding_idx=1)
    (embed_positions): SinusoidalPositionalEmbedding()
    (layers): ModuleList(
      (0): TransformerDecoderLayer(
        (self_attn): MultiheadAttention(
          (k_proj): Linear(in_features=512, out_features=512, bias=True)
          (v_proj): Linear(in_features=512, out_features=512, bias=True)
          (q_proj): Linear(in_features=512, out_features=512, bias=True)
          (out_proj): Linear(in_features=512, out_features=512, bias=True)
        )
        (self_attn_layer_norm): LayerNorm((512,), eps=1e-05, elementwise_affine=True)
        (encoder_attn): MultiheadAttention(
          (k_proj): Linear(in_features=512, out_features=512, bias=True)
          (v_proj): Linear(in_features=512, out_features=512, bias=True)
          (q_proj): Linear(in_features=512, out_features=512, bias=True)
          (out_proj): Linear(in_features=512, out_features=512, bias=True)
        )
        (encoder_attn_layer_norm): LayerNorm((512,), eps=1e-05, elementwise_affine=True)
        (fc1): Linear(in_features=512, out_features=2048, bias=True)
        (fc2): Linear(in_features=2048, out_features=512, bias=True)
        (final_layer_norm): LayerNorm((512,), eps=1e-05, elementwise_affine=True)
      )
      (1): TransformerDecoderLayer(
        (self_attn): MultiheadAttention(
          (k_proj): Linear(in_features=512, out_features=512, bias=True)
          (v_proj): Linear(in_features=512, out_features=512, bias=True)
          (q_proj): Linear(in_features=512, out_features=512, bias=True)
          (out_proj): Linear(in_features=512, out_features=512, bias=True)
        )
        (self_attn_layer_norm): LayerNorm((512,), eps=1e-05, elementwise_affine=True)
        (encoder_attn): MultiheadAttention(
          (k_proj): Linear(in_features=512, out_features=512, bias=True)
          (v_proj): Linear(in_features=512, out_features=512, bias=True)
          (q_proj): Linear(in_features=512, out_features=512, bias=True)
          (out_proj): Linear(in_features=512, out_features=512, bias=True)
        )
        (encoder_attn_layer_norm): LayerNorm((512,), eps=1e-05, elementwise_affine=True)
        (fc1): Linear(in_features=512, out_features=2048, bias=True)
        (fc2): Linear(in_features=2048, out_features=512, bias=True)
        (final_layer_norm): LayerNorm((512,), eps=1e-05, elementwise_affine=True)
      )
      (2): TransformerDecoderLayer(
        (self_attn): MultiheadAttention(
          (k_proj): Linear(in_features=512, out_features=512, bias=True)
          (v_proj): Linear(in_features=512, out_features=512, bias=True)
          (q_proj): Linear(in_features=512, out_features=512, bias=True)
          (out_proj): Linear(in_features=512, out_features=512, bias=True)
        )
        (self_attn_layer_norm): LayerNorm((512,), eps=1e-05, elementwise_affine=True)
        (encoder_attn): MultiheadAttention(
          (k_proj): Linear(in_features=512, out_features=512, bias=True)
          (v_proj): Linear(in_features=512, out_features=512, bias=True)
          (q_proj): Linear(in_features=512, out_features=512, bias=True)
          (out_proj): Linear(in_features=512, out_features=512, bias=True)
        )
        (encoder_attn_layer_norm): LayerNorm((512,), eps=1e-05, elementwise_affine=True)
        (fc1): Linear(in_features=512, out_features=2048, bias=True)
        (fc2): Linear(in_features=2048, out_features=512, bias=True)
        (final_layer_norm): LayerNorm((512,), eps=1e-05, elementwise_affine=True)
      )
      (3): TransformerDecoderLayer(
        (self_attn): MultiheadAttention(
          (k_proj): Linear(in_features=512, out_features=512, bias=True)
          (v_proj): Linear(in_features=512, out_features=512, bias=True)
          (q_proj): Linear(in_features=512, out_features=512, bias=True)
          (out_proj): Linear(in_features=512, out_features=512, bias=True)
        )
        (self_attn_layer_norm): LayerNorm((512,), eps=1e-05, elementwise_affine=True)
        (encoder_attn): MultiheadAttention(
          (k_proj): Linear(in_features=512, out_features=512, bias=True)
          (v_proj): Linear(in_features=512, out_features=512, bias=True)
          (q_proj): Linear(in_features=512, out_features=512, bias=True)
          (out_proj): Linear(in_features=512, out_features=512, bias=True)
        )
        (encoder_attn_layer_norm): LayerNorm((512,), eps=1e-05, elementwise_affine=True)
        (fc1): Linear(in_features=512, out_features=2048, bias=True)
        (fc2): Linear(in_features=2048, out_features=512, bias=True)
        (final_layer_norm): LayerNorm((512,), eps=1e-05, elementwise_affine=True)
      )
      (4): TransformerDecoderLayer(
        (self_attn): MultiheadAttention(
          (k_proj): Linear(in_features=512, out_features=512, bias=True)
          (v_proj): Linear(in_features=512, out_features=512, bias=True)
          (q_proj): Linear(in_features=512, out_features=512, bias=True)
          (out_proj): Linear(in_features=512, out_features=512, bias=True)
        )
        (self_attn_layer_norm): LayerNorm((512,), eps=1e-05, elementwise_affine=True)
        (encoder_attn): MultiheadAttention(
          (k_proj): Linear(in_features=512, out_features=512, bias=True)
          (v_proj): Linear(in_features=512, out_features=512, bias=True)
          (q_proj): Linear(in_features=512, out_features=512, bias=True)
          (out_proj): Linear(in_features=512, out_features=512, bias=True)
        )
        (encoder_attn_layer_norm): LayerNorm((512,), eps=1e-05, elementwise_affine=True)
        (fc1): Linear(in_features=512, out_features=2048, bias=True)
        (fc2): Linear(in_features=2048, out_features=512, bias=True)
        (final_layer_norm): LayerNorm((512,), eps=1e-05, elementwise_affine=True)
      )
    )
    (layer_norm): LayerNorm((512,), eps=1e-05, elementwise_affine=True)
  )
)
| model transformer, criterion LabelSmoothedCrossEntropyCriterion
| num. model params: 38066176 (num. trained: 38066176)
| training on 1 GPUs
| max tokens per GPU = 4000 and max sentences per GPU = None
| no existing checkpoint found ./checkpoints/2020-04-05T17-39-04-00-exp24-bpe2500-seed19/checkpoints_ne_en/checkpoint_last.pt
| loading train data for epoch 0
| loaded 563637 examples from: data-bin/wiki_ne_en_bpe2500/train.ne-en.ne
| loaded 563637 examples from: data-bin/wiki_ne_en_bpe2500/train.ne-en.en
| data-bin/wiki_ne_en_bpe2500/ train ne-en 563637 examples
| WARNING: overflow detected, setting loss scale to: 64.0
| WARNING: overflow detected, setting loss scale to: 32.0
| WARNING: overflow detected, setting loss scale to: 16.0
| WARNING: overflow detected, setting loss scale to: 8.0
| epoch 001 | loss 9.183 | nll_loss 8.280 | ppl 310.89 | wps 57448 | ups 4 | wpb 12811.852 | bsz 809.746 | num_updates 690 | lr 0.000172583 | gnorm 0.833 | clip 1.000 | oom 0.000 | loss_scale 8.000 | wall 154 | train_wall 120
| epoch 001 | valid on 'valid' subset | loss 8.417 | nll_loss 7.097 | ppl 136.87 | num_updates 690
| epoch 002 | loss 7.187 | nll_loss 5.614 | ppl 48.96 | wps 59024 | ups 5 | wpb 12806.207 | bsz 812.157 | num_updates 1384 | lr 0.000346065 | gnorm 0.592 | clip 1.000 | oom 0.000 | loss_scale 8.000 | wall 305 | train_wall 242
| epoch 002 | valid on 'valid' subset | loss 7.870 | nll_loss 6.305 | ppl 79.06 | num_updates 1384
| epoch 003 | loss 6.390 | nll_loss 4.564 | ppl 23.66 | wps 58809 | ups 5 | wpb 12806.207 | bsz 812.157 | num_updates 2078 | lr 0.000519548 | gnorm 0.496 | clip 1.000 | oom 0.000 | loss_scale 8.000 | wall 457 | train_wall 364
| epoch 003 | valid on 'valid' subset | loss 7.672 | nll_loss 6.018 | ppl 64.82 | num_updates 2078
| epoch 004 | loss 5.932 | nll_loss 3.968 | ppl 15.65 | wps 58622 | ups 5 | wpb 12806.207 | bsz 812.157 | num_updates 2772 | lr 0.000693031 | gnorm 0.436 | clip 1.000 | oom 0.000 | loss_scale 8.000 | wall 609 | train_wall 486
| epoch 004 | valid on 'valid' subset | loss 7.334 | nll_loss 5.557 | ppl 47.09 | num_updates 2772
| epoch 005 | loss 5.640 | nll_loss 3.592 | ppl 12.06 | wps 58949 | ups 5 | wpb 12806.207 | bsz 812.157 | num_updates 3466 | lr 0.000866513 | gnorm 0.387 | clip 1.000 | oom 0.000 | loss_scale 8.000 | wall 761 | train_wall 608
| epoch 005 | valid on 'valid' subset | loss 7.137 | nll_loss 5.290 | ppl 39.13 | num_updates 3466
| epoch 006 | loss 5.447 | nll_loss 3.346 | ppl 10.17 | wps 59240 | ups 5 | wpb 12806.207 | bsz 812.157 | num_updates 4160 | lr 0.000980581 | gnorm 0.347 | clip 1.000 | oom 0.000 | loss_scale 8.000 | wall 912 | train_wall 729
| epoch 006 | valid on 'valid' subset | loss 7.019 | nll_loss 5.138 | ppl 35.22 | num_updates 4160
| epoch 007 | loss 5.276 | nll_loss 3.130 | ppl 8.75 | wps 58984 | ups 5 | wpb 12806.207 | bsz 812.157 | num_updates 4854 | lr 0.000907779 | gnorm 0.306 | clip 1.000 | oom 0.000 | loss_scale 16.000 | wall 1063 | train_wall 851
| epoch 007 | valid on 'valid' subset | loss 6.843 | nll_loss 4.884 | ppl 29.54 | num_updates 4854
| epoch 008 | loss 5.139 | nll_loss 2.956 | ppl 7.76 | wps 59725 | ups 5 | wpb 12806.207 | bsz 812.157 | num_updates 5548 | lr 0.000849106 | gnorm 0.284 | clip 1.000 | oom 0.000 | loss_scale 16.000 | wall 1213 | train_wall 972
| epoch 008 | valid on 'valid' subset | loss 6.709 | nll_loss 4.727 | ppl 26.48 | num_updates 5548
| epoch 009 | loss 5.034 | nll_loss 2.825 | ppl 7.09 | wps 59099 | ups 5 | wpb 12806.207 | bsz 812.157 | num_updates 6242 | lr 0.000800512 | gnorm 0.267 | clip 1.000 | oom 0.000 | loss_scale 16.000 | wall 1364 | train_wall 1093
| epoch 009 | valid on 'valid' subset | loss 6.630 | nll_loss 4.607 | ppl 24.37 | num_updates 6242
| epoch 010 | loss 4.956 | nll_loss 2.726 | ppl 6.62 | wps 59270 | ups 5 | wpb 12806.207 | bsz 812.157 | num_updates 6936 | lr 0.000759408 | gnorm 0.257 | clip 1.000 | oom 0.000 | loss_scale 16.000 | wall 1514 | train_wall 1214
| epoch 010 | valid on 'valid' subset | loss 6.616 | nll_loss 4.589 | ppl 24.06 | num_updates 6936
| saved checkpoint ./checkpoints/2020-04-05T17-39-04-00-exp24-bpe2500-seed19/checkpoints_ne_en/checkpoint10.pt (epoch 10 @ 6936 updates) (writing took 0.676978588104248 seconds)
| epoch 011 | loss 4.891 | nll_loss 2.644 | ppl 6.25 | wps 59193 | ups 5 | wpb 12806.207 | bsz 812.157 | num_updates 7630 | lr 0.000724049 | gnorm 0.246 | clip 1.000 | oom 0.000 | loss_scale 16.000 | wall 1666 | train_wall 1336
| epoch 011 | valid on 'valid' subset | loss 6.536 | nll_loss 4.488 | ppl 22.44 | num_updates 7630 | best_loss 6.53631
| epoch 012 | loss 4.838 | nll_loss 2.578 | ppl 5.97 | wps 59615 | ups 5 | wpb 12806.207 | bsz 812.157 | num_updates 8324 | lr 0.000693209 | gnorm 0.243 | clip 1.000 | oom 0.000 | loss_scale 16.000 | wall 1816 | train_wall 1457
| epoch 012 | valid on 'valid' subset | loss 6.480 | nll_loss 4.414 | ppl 21.32 | num_updates 8324 | best_loss 6.48008
| epoch 013 | loss 4.793 | nll_loss 2.521 | ppl 5.74 | wps 59313 | ups 5 | wpb 12806.207 | bsz 812.157 | num_updates 9018 | lr 0.000666001 | gnorm 0.237 | clip 1.000 | oom 0.000 | loss_scale 32.000 | wall 1966 | train_wall 1578
| epoch 013 | valid on 'valid' subset | loss 6.468 | nll_loss 4.384 | ppl 20.88 | num_updates 9018 | best_loss 6.46778
| epoch 014 | loss 4.755 | nll_loss 2.473 | ppl 5.55 | wps 58065 | ups 5 | wpb 12806.207 | bsz 812.157 | num_updates 9712 | lr 0.000641764 | gnorm 0.233 | clip 1.000 | oom 0.000 | loss_scale 32.000 | wall 2120 | train_wall 1702
| epoch 014 | valid on 'valid' subset | loss 6.429 | nll_loss 4.346 | ppl 20.34 | num_updates 9712 | best_loss 6.42887
| WARNING: overflow detected, setting loss scale to: 16.0
| epoch 015 | loss 4.721 | nll_loss 2.431 | ppl 5.39 | wps 58652 | ups 5 | wpb 12806.232 | bsz 809.266 | num_updates 10405 | lr 0.000620025 | gnorm 0.230 | clip 1.000 | oom 0.000 | loss_scale 16.000 | wall 2272 | train_wall 1824
| epoch 015 | valid on 'valid' subset | loss 6.409 | nll_loss 4.308 | ppl 19.81 | num_updates 10405 | best_loss 6.40862
| epoch 016 | loss 4.691 | nll_loss 2.393 | ppl 5.25 | wps 59481 | ups 5 | wpb 12806.207 | bsz 812.157 | num_updates 11099 | lr 0.000600327 | gnorm 0.228 | clip 1.000 | oom 0.000 | loss_scale 16.000 | wall 2422 | train_wall 1945
| epoch 016 | valid on 'valid' subset | loss 6.398 | nll_loss 4.311 | ppl 19.84 | num_updates 11099 | best_loss 6.39845
| epoch 017 | loss 4.664 | nll_loss 2.359 | ppl 5.13 | wps 58902 | ups 5 | wpb 12806.207 | bsz 812.157 | num_updates 11793 | lr 0.000582395 | gnorm 0.226 | clip 1.000 | oom 0.000 | loss_scale 16.000 | wall 2574 | train_wall 2066
| epoch 017 | valid on 'valid' subset | loss 6.383 | nll_loss 4.281 | ppl 19.44 | num_updates 11793 | best_loss 6.38344
| epoch 018 | loss 4.640 | nll_loss 2.329 | ppl 5.02 | wps 58879 | ups 5 | wpb 12806.207 | bsz 812.157 | num_updates 12487 | lr 0.00056598 | gnorm 0.223 | clip 1.000 | oom 0.000 | loss_scale 16.000 | wall 2725 | train_wall 2188
| epoch 018 | valid on 'valid' subset | loss 6.353 | nll_loss 4.247 | ppl 18.98 | num_updates 12487 | best_loss 6.35262
| epoch 019 | loss 4.618 | nll_loss 2.302 | ppl 4.93 | wps 59277 | ups 5 | wpb 12806.207 | bsz 812.157 | num_updates 13181 | lr 0.000550878 | gnorm 0.223 | clip 1.000 | oom 0.000 | loss_scale 16.000 | wall 2876 | train_wall 2310
| epoch 019 | valid on 'valid' subset | loss 6.339 | nll_loss 4.229 | ppl 18.76 | num_updates 13181 | best_loss 6.33891
| epoch 020 | loss 4.598 | nll_loss 2.276 | ppl 4.84 | wps 58951 | ups 5 | wpb 12806.207 | bsz 812.157 | num_updates 13875 | lr 0.000536925 | gnorm 0.220 | clip 1.000 | oom 0.000 | loss_scale 16.000 | wall 3028 | train_wall 2431
| epoch 020 | valid on 'valid' subset | loss 6.307 | nll_loss 4.190 | ppl 18.26 | num_updates 13875 | best_loss 6.30719
| saved checkpoint ./checkpoints/2020-04-05T17-39-04-00-exp24-bpe2500-seed19/checkpoints_ne_en/checkpoint20.pt (epoch 20 @ 13875 updates) (writing took 1.003880500793457 seconds)
| epoch 021 | loss 4.580 | nll_loss 2.254 | ppl 4.77 | wps 58433 | ups 5 | wpb 12806.207 | bsz 812.157 | num_updates 14569 | lr 0.00052398 | gnorm 0.221 | clip 1.000 | oom 0.000 | loss_scale 32.000 | wall 3181 | train_wall 2554
| epoch 021 | valid on 'valid' subset | loss 6.300 | nll_loss 4.177 | ppl 18.08 | num_updates 14569 | best_loss 6.29961
| epoch 022 | loss 4.563 | nll_loss 2.232 | ppl 4.7 | wps 57763 | ups 5 | wpb 12806.207 | bsz 812.157 | num_updates 15263 | lr 0.000511929 | gnorm 0.220 | clip 1.000 | oom 0.000 | loss_scale 32.000 | wall 3336 | train_wall 2678
| epoch 022 | valid on 'valid' subset | loss 6.284 | nll_loss 4.169 | ppl 17.99 | num_updates 15263 | best_loss 6.28371
| epoch 023 | loss 4.547 | nll_loss 2.213 | ppl 4.64 | wps 59450 | ups 5 | wpb 12806.207 | bsz 812.157 | num_updates 15957 | lr 0.000500673 | gnorm 0.219 | clip 1.000 | oom 0.000 | loss_scale 32.000 | wall 3486 | train_wall 2798
| epoch 023 | valid on 'valid' subset | loss 6.294 | nll_loss 4.170 | ppl 18 | num_updates 15957 | best_loss 6.29445
| epoch 024 | loss 4.533 | nll_loss 2.195 | ppl 4.58 | wps 57846 | ups 5 | wpb 12806.207 | bsz 812.157 | num_updates 16651 | lr 0.000490128 | gnorm 0.218 | clip 1.000 | oom 0.000 | loss_scale 32.000 | wall 3641 | train_wall 2923
| epoch 024 | valid on 'valid' subset | loss 6.271 | nll_loss 4.153 | ppl 17.78 | num_updates 16651 | best_loss 6.27115
| epoch 025 | loss 4.519 | nll_loss 2.178 | ppl 4.52 | wps 57441 | ups 4 | wpb 12806.207 | bsz 812.157 | num_updates 17345 | lr 0.000480223 | gnorm 0.218 | clip 1.000 | oom 0.000 | loss_scale 32.000 | wall 3796 | train_wall 3048
| epoch 025 | valid on 'valid' subset | loss 6.297 | nll_loss 4.177 | ppl 18.09 | num_updates 17345 | best_loss 6.29681
| epoch 026 | loss 4.505 | nll_loss 2.160 | ppl 4.47 | wps 57813 | ups 5 | wpb 12806.207 | bsz 812.157 | num_updates 18039 | lr 0.000470895 | gnorm 0.216 | clip 1.000 | oom 0.000 | loss_scale 32.000 | wall 3950 | train_wall 3172
| epoch 026 | valid on 'valid' subset | loss 6.246 | nll_loss 4.123 | ppl 17.42 | num_updates 18039 | best_loss 6.24571
| WARNING: overflow detected, setting loss scale to: 32.0
| epoch 027 | loss 4.494 | nll_loss 2.146 | ppl 4.43 | wps 57142 | ups 4 | wpb 12803.726 | bsz 810.201 | num_updates 18732 | lr 0.000462102 | gnorm 0.216 | clip 1.000 | oom 0.000 | loss_scale 32.000 | wall 4107 | train_wall 3298
| epoch 027 | valid on 'valid' subset | loss 6.266 | nll_loss 4.150 | ppl 17.76 | num_updates 18732 | best_loss 6.26594
| epoch 028 | loss 4.482 | nll_loss 2.131 | ppl 4.38 | wps 57381 | ups 4 | wpb 12806.207 | bsz 812.157 | num_updates 19426 | lr 0.000453773 | gnorm 0.216 | clip 1.000 | oom 0.000 | loss_scale 32.000 | wall 4262 | train_wall 3422
| epoch 028 | valid on 'valid' subset | loss 6.237 | nll_loss 4.117 | ppl 17.35 | num_updates 19426 | best_loss 6.2367
| epoch 029 | loss 4.471 | nll_loss 2.118 | ppl 4.34 | wps 57054 | ups 4 | wpb 12806.207 | bsz 812.157 | num_updates 20120 | lr 0.000445878 | gnorm 0.215 | clip 1.000 | oom 0.000 | loss_scale 32.000 | wall 4419 | train_wall 3547
| epoch 029 | valid on 'valid' subset | loss 6.236 | nll_loss 4.104 | ppl 17.19 | num_updates 20120 | best_loss 6.23572
| epoch 030 | loss 4.461 | nll_loss 2.105 | ppl 4.3 | wps 57592 | ups 4 | wpb 12806.207 | bsz 812.157 | num_updates 20814 | lr 0.000438382 | gnorm 0.217 | clip 1.000 | oom 0.000 | loss_scale 32.000 | wall 4574 | train_wall 3671
| epoch 030 | valid on 'valid' subset | loss 6.231 | nll_loss 4.106 | ppl 17.22 | num_updates 20814 | best_loss 6.23109
| saved checkpoint ./checkpoints/2020-04-05T17-39-04-00-exp24-bpe2500-seed19/checkpoints_ne_en/checkpoint30.pt (epoch 30 @ 20814 updates) (writing took 0.9952044486999512 seconds)
| epoch 031 | loss 4.452 | nll_loss 2.094 | ppl 4.27 | wps 57731 | ups 5 | wpb 12806.207 | bsz 812.157 | num_updates 21508 | lr 0.000431251 | gnorm 0.216 | clip 1.000 | oom 0.000 | loss_scale 32.000 | wall 4729 | train_wall 3795
| epoch 031 | valid on 'valid' subset | loss 6.227 | nll_loss 4.093 | ppl 17.07 | num_updates 21508 | best_loss 6.22684
| epoch 032 | loss 4.442 | nll_loss 2.082 | ppl 4.23 | wps 57395 | ups 4 | wpb 12806.207 | bsz 812.157 | num_updates 22202 | lr 0.000424457 | gnorm 0.215 | clip 1.000 | oom 0.000 | loss_scale 32.000 | wall 4885 | train_wall 3919
| epoch 032 | valid on 'valid' subset | loss 6.221 | nll_loss 4.095 | ppl 17.08 | num_updates 22202 | best_loss 6.22115
| epoch 033 | loss 4.434 | nll_loss 2.071 | ppl 4.2 | wps 57831 | ups 5 | wpb 12806.207 | bsz 812.157 | num_updates 22896 | lr 0.000417975 | gnorm 0.214 | clip 1.000 | oom 0.000 | loss_scale 64.000 | wall 5040 | train_wall 4042
| epoch 033 | valid on 'valid' subset | loss 6.221 | nll_loss 4.096 | ppl 17.1 | num_updates 22896 | best_loss 6.22142
| WARNING: overflow detected, setting loss scale to: 32.0
| epoch 034 | loss 4.426 | nll_loss 2.062 | ppl 4.17 | wps 57974 | ups 5 | wpb 12806.079 | bsz 812.694 | num_updates 23589 | lr 0.000411789 | gnorm 0.215 | clip 1.000 | oom 0.000 | loss_scale 32.000 | wall 5193 | train_wall 4167
| epoch 034 | valid on 'valid' subset | loss 6.222 | nll_loss 4.088 | ppl 17.01 | num_updates 23589 | best_loss 6.222
| epoch 035 | loss 4.417 | nll_loss 2.051 | ppl 4.14 | wps 57259 | ups 4 | wpb 12806.207 | bsz 812.157 | num_updates 24283 | lr 0.000405862 | gnorm 0.215 | clip 1.000 | oom 0.000 | loss_scale 32.000 | wall 5349 | train_wall 4292
| epoch 035 | valid on 'valid' subset | loss 6.198 | nll_loss 4.058 | ppl 16.66 | num_updates 24283 | best_loss 6.19755
| epoch 036 | loss 4.410 | nll_loss 2.042 | ppl 4.12 | wps 57388 | ups 4 | wpb 12806.207 | bsz 812.157 | num_updates 24977 | lr 0.000400184 | gnorm 0.215 | clip 1.000 | oom 0.000 | loss_scale 32.000 | wall 5505 | train_wall 4417
| epoch 036 | valid on 'valid' subset | loss 6.164 | nll_loss 4.034 | ppl 16.38 | num_updates 24977 | best_loss 6.1641
| epoch 037 | loss 4.402 | nll_loss 2.032 | ppl 4.09 | wps 57425 | ups 4 | wpb 12806.207 | bsz 812.157 | num_updates 25671 | lr 0.000394738 | gnorm 0.216 | clip 1.000 | oom 0.000 | loss_scale 32.000 | wall 5661 | train_wall 4541
| epoch 037 | valid on 'valid' subset | loss 6.192 | nll_loss 4.061 | ppl 16.7 | num_updates 25671 | best_loss 6.19171
| epoch 038 | loss 4.396 | nll_loss 2.024 | ppl 4.07 | wps 56909 | ups 4 | wpb 12806.207 | bsz 812.157 | num_updates 26365 | lr 0.000389508 | gnorm 0.216 | clip 1.000 | oom 0.000 | loss_scale 32.000 | wall 5817 | train_wall 4666
| epoch 038 | valid on 'valid' subset | loss 6.180 | nll_loss 4.040 | ppl 16.45 | num_updates 26365 | best_loss 6.1796
| WARNING: overflow detected, setting loss scale to: 16.0
| epoch 039 | loss 4.388 | nll_loss 2.014 | ppl 4.04 | wps 57844 | ups 5 | wpb 12805.257 | bsz 812.856 | num_updates 27058 | lr 0.000384487 | gnorm 0.215 | clip 1.000 | oom 0.000 | loss_scale 16.000 | wall 5972 | train_wall 4790
| epoch 039 | valid on 'valid' subset | loss 6.206 | nll_loss 4.074 | ppl 16.84 | num_updates 27058 | best_loss 6.20586
| epoch 040 | loss 4.382 | nll_loss 2.007 | ppl 4.02 | wps 57976 | ups 5 | wpb 12806.207 | bsz 812.157 | num_updates 27752 | lr 0.00037965 | gnorm 0.216 | clip 1.000 | oom 0.000 | loss_scale 16.000 | wall 6126 | train_wall 4914
| epoch 040 | valid on 'valid' subset | loss 6.185 | nll_loss 4.046 | ppl 16.52 | num_updates 27752 | best_loss 6.18514
| saved checkpoint ./checkpoints/2020-04-05T17-39-04-00-exp24-bpe2500-seed19/checkpoints_ne_en/checkpoint40.pt (epoch 40 @ 27752 updates) (writing took 0.984093427658081 seconds)
| epoch 041 | loss 4.376 | nll_loss 1.999 | ppl 4 | wps 58787 | ups 5 | wpb 12806.207 | bsz 812.157 | num_updates 28446 | lr 0.00037499 | gnorm 0.215 | clip 1.000 | oom 0.000 | loss_scale 16.000 | wall 6279 | train_wall 5037
| epoch 041 | valid on 'valid' subset | loss 6.188 | nll_loss 4.054 | ppl 16.61 | num_updates 28446 | best_loss 6.18514
| epoch 042 | loss 4.370 | nll_loss 1.992 | ppl 3.98 | wps 57184 | ups 4 | wpb 12806.207 | bsz 812.157 | num_updates 29140 | lr 0.000370497 | gnorm 0.216 | clip 1.000 | oom 0.000 | loss_scale 16.000 | wall 6435 | train_wall 5161
| epoch 042 | valid on 'valid' subset | loss 6.204 | nll_loss 4.072 | ppl 16.82 | num_updates 29140 | best_loss 6.18514
| epoch 043 | loss 4.364 | nll_loss 1.984 | ppl 3.96 | wps 57881 | ups 5 | wpb 12806.207 | bsz 812.157 | num_updates 29834 | lr 0.000366163 | gnorm 0.216 | clip 1.000 | oom 0.000 | loss_scale 16.000 | wall 6589 | train_wall 5285
| epoch 043 | valid on 'valid' subset | loss 6.169 | nll_loss 4.030 | ppl 16.34 | num_updates 29834 | best_loss 6.16945
| epoch 044 | loss 4.358 | nll_loss 1.977 | ppl 3.94 | wps 57882 | ups 5 | wpb 12806.207 | bsz 812.157 | num_updates 30528 | lr 0.000361977 | gnorm 0.215 | clip 1.000 | oom 0.000 | loss_scale 16.000 | wall 6743 | train_wall 5409
| epoch 044 | valid on 'valid' subset | loss 6.185 | nll_loss 4.055 | ppl 16.62 | num_updates 30528 | best_loss 6.18514
| epoch 045 | loss 4.353 | nll_loss 1.971 | ppl 3.92 | wps 57558 | ups 4 | wpb 12806.207 | bsz 812.157 | num_updates 31222 | lr 0.000357931 | gnorm 0.217 | clip 1.000 | oom 0.000 | loss_scale 32.000 | wall 6898 | train_wall 5534
| epoch 045 | valid on 'valid' subset | loss 6.169 | nll_loss 4.037 | ppl 16.42 | num_updates 31222 | best_loss 6.16923
| epoch 046 | loss 4.348 | nll_loss 1.965 | ppl 3.9 | wps 57974 | ups 5 | wpb 12806.207 | bsz 812.157 | num_updates 31916 | lr 0.000354018 | gnorm 0.216 | clip 1.000 | oom 0.000 | loss_scale 32.000 | wall 7053 | train_wall 5656
| epoch 046 | valid on 'valid' subset | loss 6.169 | nll_loss 4.029 | ppl 16.32 | num_updates 31916 | best_loss 6.16937
| epoch 047 | loss 4.342 | nll_loss 1.958 | ppl 3.89 | wps 58430 | ups 5 | wpb 12806.207 | bsz 812.157 | num_updates 32610 | lr 0.000350231 | gnorm 0.216 | clip 1.000 | oom 0.000 | loss_scale 32.000 | wall 7205 | train_wall 5779
| epoch 047 | valid on 'valid' subset | loss 6.173 | nll_loss 4.037 | ppl 16.41 | num_updates 32610 | best_loss 6.17327
| epoch 048 | loss 4.337 | nll_loss 1.952 | ppl 3.87 | wps 57228 | ups 4 | wpb 12806.207 | bsz 812.157 | num_updates 33304 | lr 0.000346563 | gnorm 0.215 | clip 1.000 | oom 0.000 | loss_scale 32.000 | wall 7361 | train_wall 5904
| epoch 048 | valid on 'valid' subset | loss 6.128 | nll_loss 3.985 | ppl 15.84 | num_updates 33304 | best_loss 6.1278
| epoch 049 | loss 4.333 | nll_loss 1.947 | ppl 3.85 | wps 58773 | ups 5 | wpb 12806.207 | bsz 812.157 | num_updates 33998 | lr 0.000343007 | gnorm 0.217 | clip 1.000 | oom 0.000 | loss_scale 32.000 | wall 7513 | train_wall 6025
| epoch 049 | valid on 'valid' subset | loss 6.173 | nll_loss 4.039 | ppl 16.44 | num_updates 33998 | best_loss 6.17345
| epoch 050 | loss 4.328 | nll_loss 1.940 | ppl 3.84 | wps 58397 | ups 5 | wpb 12806.207 | bsz 812.157 | num_updates 34692 | lr 0.000339559 | gnorm 0.217 | clip 1.000 | oom 0.000 | loss_scale 32.000 | wall 7666 | train_wall 6148
| epoch 050 | valid on 'valid' subset | loss 6.169 | nll_loss 4.032 | ppl 16.36 | num_updates 34692 | best_loss 6.16936
| saved checkpoint ./checkpoints/2020-04-05T17-39-04-00-exp24-bpe2500-seed19/checkpoints_ne_en/checkpoint50.pt (epoch 50 @ 34692 updates) (writing took 0.9810287952423096 seconds)
| WARNING: overflow detected, setting loss scale to: 32.0
| WARNING: overflow detected, setting loss scale to: 16.0
| epoch 051 | loss 4.325 | nll_loss 1.936 | ppl 3.83 | wps 57817 | ups 5 | wpb 12802.325 | bsz 812.227 | num_updates 35384 | lr 0.000336222 | gnorm 0.216 | clip 1.000 | oom 0.000 | loss_scale 16.000 | wall 7821 | train_wall 6272
| epoch 051 | valid on 'valid' subset | loss 6.160 | nll_loss 4.016 | ppl 16.18 | num_updates 35384 | best_loss 6.15992
| epoch 052 | loss 4.320 | nll_loss 1.930 | ppl 3.81 | wps 57293 | ups 4 | wpb 12806.207 | bsz 812.157 | num_updates 36078 | lr 0.000332973 | gnorm 0.217 | clip 1.000 | oom 0.000 | loss_scale 16.000 | wall 7977 | train_wall 6396
| epoch 052 | valid on 'valid' subset | loss 6.171 | nll_loss 4.035 | ppl 16.4 | num_updates 36078 | best_loss 6.16936
| epoch 053 | loss 4.315 | nll_loss 1.925 | ppl 3.8 | wps 57545 | ups 4 | wpb 12806.207 | bsz 812.157 | num_updates 36772 | lr 0.000329816 | gnorm 0.216 | clip 1.000 | oom 0.000 | loss_scale 16.000 | wall 8132 | train_wall 6519
| epoch 053 | valid on 'valid' subset | loss 6.133 | nll_loss 3.996 | ppl 15.96 | num_updates 36772 | best_loss 6.13325
| epoch 054 | loss 4.311 | nll_loss 1.919 | ppl 3.78 | wps 59113 | ups 5 | wpb 12806.207 | bsz 812.157 | num_updates 37466 | lr 0.000326747 | gnorm 0.217 | clip 1.000 | oom 0.000 | loss_scale 16.000 | wall 8284 | train_wall 6641
| epoch 054 | valid on 'valid' subset | loss 6.144 | nll_loss 4.002 | ppl 16.02 | num_updates 37466 | best_loss 6.14367
| epoch 055 | loss 4.308 | nll_loss 1.915 | ppl 3.77 | wps 57636 | ups 5 | wpb 12806.207 | bsz 812.157 | num_updates 38160 | lr 0.000323762 | gnorm 0.217 | clip 1.000 | oom 0.000 | loss_scale 16.000 | wall 8438 | train_wall 6765
| epoch 055 | valid on 'valid' subset | loss 6.155 | nll_loss 4.019 | ppl 16.22 | num_updates 38160 | best_loss 6.15466
| epoch 056 | loss 4.303 | nll_loss 1.909 | ppl 3.76 | wps 57696 | ups 5 | wpb 12806.207 | bsz 812.157 | num_updates 38854 | lr 0.000320857 | gnorm 0.217 | clip 1.000 | oom 0.000 | loss_scale 16.000 | wall 8593 | train_wall 6889
| epoch 056 | valid on 'valid' subset | loss 6.144 | nll_loss 4.003 | ppl 16.03 | num_updates 38854 | best_loss 6.14363
| epoch 057 | loss 4.300 | nll_loss 1.905 | ppl 3.75 | wps 58176 | ups 5 | wpb 12806.207 | bsz 812.157 | num_updates 39548 | lr 0.00031803 | gnorm 0.218 | clip 1.000 | oom 0.000 | loss_scale 32.000 | wall 8747 | train_wall 7013
| epoch 057 | valid on 'valid' subset | loss 6.150 | nll_loss 4.008 | ppl 16.09 | num_updates 39548 | best_loss 6.15013
| epoch 058 | loss 4.295 | nll_loss 1.900 | ppl 3.73 | wps 57045 | ups 4 | wpb 12806.207 | bsz 812.157 | num_updates 40242 | lr 0.000315275 | gnorm 0.217 | clip 1.000 | oom 0.000 | loss_scale 32.000 | wall 8903 | train_wall 7137
| epoch 058 | valid on 'valid' subset | loss 6.168 | nll_loss 4.035 | ppl 16.4 | num_updates 40242 | best_loss 6.1678
| epoch 059 | loss 4.292 | nll_loss 1.895 | ppl 3.72 | wps 57878 | ups 5 | wpb 12806.207 | bsz 812.157 | num_updates 40936 | lr 0.000312592 | gnorm 0.218 | clip 1.000 | oom 0.000 | loss_scale 32.000 | wall 9058 | train_wall 7261
| epoch 059 | valid on 'valid' subset | loss 6.133 | nll_loss 3.988 | ppl 15.87 | num_updates 40936 | best_loss 6.1328
| epoch 060 | loss 4.288 | nll_loss 1.891 | ppl 3.71 | wps 57432 | ups 4 | wpb 12806.207 | bsz 812.157 | num_updates 41630 | lr 0.000309975 | gnorm 0.218 | clip 1.000 | oom 0.000 | loss_scale 32.000 | wall 9213 | train_wall 7384
| epoch 060 | valid on 'valid' subset | loss 6.168 | nll_loss 4.029 | ppl 16.33 | num_updates 41630 | best_loss 6.1685
| saved checkpoint ./checkpoints/2020-04-05T17-39-04-00-exp24-bpe2500-seed19/checkpoints_ne_en/checkpoint60.pt (epoch 60 @ 41630 updates) (writing took 1.031982660293579 seconds)
| epoch 061 | loss 4.284 | nll_loss 1.886 | ppl 3.7 | wps 57284 | ups 4 | wpb 12806.207 | bsz 812.157 | num_updates 42324 | lr 0.000307423 | gnorm 0.219 | clip 1.000 | oom 0.000 | loss_scale 32.000 | wall 9370 | train_wall 7508
| epoch 061 | valid on 'valid' subset | loss 6.148 | nll_loss 4.010 | ppl 16.11 | num_updates 42324 | best_loss 6.1477
| epoch 062 | loss 4.281 | nll_loss 1.883 | ppl 3.69 | wps 57869 | ups 5 | wpb 12806.207 | bsz 812.157 | num_updates 43018 | lr 0.000304933 | gnorm 0.219 | clip 1.000 | oom 0.000 | loss_scale 32.000 | wall 9524 | train_wall 7632
| epoch 062 | valid on 'valid' subset | loss 6.163 | nll_loss 4.034 | ppl 16.39 | num_updates 43018 | best_loss 6.1632
| WARNING: overflow detected, setting loss scale to: 32.0
| epoch 063 | loss 4.279 | nll_loss 1.879 | ppl 3.68 | wps 58644 | ups 5 | wpb 12802.196 | bsz 811.782 | num_updates 43711 | lr 0.000302506 | gnorm 0.218 | clip 1.000 | oom 0.000 | loss_scale 32.000 | wall 9676 | train_wall 7754
| epoch 063 | valid on 'valid' subset | loss 6.136 | nll_loss 4.004 | ppl 16.04 | num_updates 43711 | best_loss 6.13598
| epoch 064 | loss 4.275 | nll_loss 1.874 | ppl 3.67 | wps 57077 | ups 4 | wpb 12806.207 | bsz 812.157 | num_updates 44405 | lr 0.000300133 | gnorm 0.218 | clip 1.000 | oom 0.000 | loss_scale 32.000 | wall 9833 | train_wall 7879
| epoch 064 | valid on 'valid' subset | loss 6.151 | nll_loss 4.018 | ppl 16.2 | num_updates 44405 | best_loss 6.15073
| epoch 065 | loss 4.272 | nll_loss 1.871 | ppl 3.66 | wps 57051 | ups 4 | wpb 12806.207 | bsz 812.157 | num_updates 45099 | lr 0.000297815 | gnorm 0.218 | clip 1.000 | oom 0.000 | loss_scale 32.000 | wall 9989 | train_wall 8003
| epoch 065 | valid on 'valid' subset | loss 6.125 | nll_loss 3.985 | ppl 15.83 | num_updates 45099 | best_loss 6.12497
| epoch 066 | loss 4.269 | nll_loss 1.867 | ppl 3.65 | wps 57262 | ups 4 | wpb 12806.207 | bsz 812.157 | num_updates 45793 | lr 0.00029555 | gnorm 0.218 | clip 1.000 | oom 0.000 | loss_scale 32.000 | wall 10145 | train_wall 8128
| epoch 066 | valid on 'valid' subset | loss 6.135 | nll_loss 3.997 | ppl 15.96 | num_updates 45793 | best_loss 6.13535
| epoch 067 | loss 4.266 | nll_loss 1.864 | ppl 3.64 | wps 58889 | ups 5 | wpb 12806.207 | bsz 812.157 | num_updates 46487 | lr 0.000293335 | gnorm 0.219 | clip 1.000 | oom 0.000 | loss_scale 32.000 | wall 10297 | train_wall 8250
| epoch 067 | valid on 'valid' subset | loss 6.152 | nll_loss 4.011 | ppl 16.13 | num_updates 46487 | best_loss 6.15166
| epoch 068 | loss 4.263 | nll_loss 1.860 | ppl 3.63 | wps 57520 | ups 4 | wpb 12806.207 | bsz 812.157 | num_updates 47181 | lr 0.00029117 | gnorm 0.219 | clip 1.000 | oom 0.000 | loss_scale 32.000 | wall 10452 | train_wall 8374
| epoch 068 | valid on 'valid' subset | loss 6.132 | nll_loss 3.984 | ppl 15.82 | num_updates 47181 | best_loss 6.13209
| WARNING: overflow detected, setting loss scale to: 32.0
| WARNING: overflow detected, setting loss scale to: 16.0
| epoch 069 | loss 4.258 | nll_loss 1.854 | ppl 3.62 | wps 57413 | ups 4 | wpb 12811.863 | bsz 813.579 | num_updates 47873 | lr 0.000289058 | gnorm 0.222 | clip 1.000 | oom 0.000 | loss_scale 16.000 | wall 10607 | train_wall 8499
| epoch 069 | valid on 'valid' subset | loss 6.158 | nll_loss 4.033 | ppl 16.37 | num_updates 47873 | best_loss 6.15779
| epoch 070 | loss 4.257 | nll_loss 1.853 | ppl 3.61 | wps 57327 | ups 4 | wpb 12806.207 | bsz 812.157 | num_updates 48567 | lr 0.000286985 | gnorm 0.220 | clip 1.000 | oom 0.000 | loss_scale 16.000 | wall 10763 | train_wall 8623
| epoch 070 | valid on 'valid' subset | loss 6.126 | nll_loss 3.982 | ppl 15.8 | num_updates 48567 | best_loss 6.12602
| saved checkpoint ./checkpoints/2020-04-05T17-39-04-00-exp24-bpe2500-seed19/checkpoints_ne_en/checkpoint70.pt (epoch 70 @ 48567 updates) (writing took 0.9826509952545166 seconds)
| WARNING: overflow detected, setting loss scale to: 8.0
| epoch 071 | loss 4.254 | nll_loss 1.849 | ppl 3.6 | wps 58362 | ups 5 | wpb 12808.061 | bsz 812.556 | num_updates 49260 | lr 0.000284959 | gnorm 0.220 | clip 1.000 | oom 0.000 | loss_scale 8.000 | wall 10917 | train_wall 8746
| epoch 071 | valid on 'valid' subset | loss 6.138 | nll_loss 4.003 | ppl 16.04 | num_updates 49260 | best_loss 6.12602
| epoch 072 | loss 4.251 | nll_loss 1.846 | ppl 3.59 | wps 58235 | ups 5 | wpb 12806.207 | bsz 812.157 | num_updates 49954 | lr 0.000282973 | gnorm 0.221 | clip 1.000 | oom 0.000 | loss_scale 8.000 | wall 11070 | train_wall 8869
| epoch 072 | valid on 'valid' subset | loss 6.133 | nll_loss 3.995 | ppl 15.94 | num_updates 49954 | best_loss 6.12602
| epoch 073 | loss 4.249 | nll_loss 1.842 | ppl 3.59 | wps 58193 | ups 5 | wpb 12806.207 | bsz 812.157 | num_updates 50648 | lr 0.000281028 | gnorm 0.220 | clip 1.000 | oom 0.000 | loss_scale 8.000 | wall 11224 | train_wall 8992
| epoch 073 | valid on 'valid' subset | loss 6.126 | nll_loss 3.982 | ppl 15.8 | num_updates 50648 | best_loss 6.12602
| WARNING: overflow detected, setting loss scale to: 4.0
| epoch 074 | loss 4.246 | nll_loss 1.839 | ppl 3.58 | wps 57241 | ups 4 | wpb 12807.009 | bsz 812.244 | num_updates 51341 | lr 0.000279124 | gnorm 0.223 | clip 1.000 | oom 0.000 | loss_scale 4.000 | wall 11380 | train_wall 9117
| epoch 074 | valid on 'valid' subset | loss 6.150 | nll_loss 4.005 | ppl 16.06 | num_updates 51341 | best_loss 6.12602
| epoch 075 | loss 4.244 | nll_loss 1.836 | ppl 3.57 | wps 57723 | ups 5 | wpb 12806.207 | bsz 812.157 | num_updates 52035 | lr 0.000277257 | gnorm 0.222 | clip 1.000 | oom 0.000 | loss_scale 4.000 | wall 11534 | train_wall 9241
| epoch 075 | valid on 'valid' subset | loss 6.155 | nll_loss 4.015 | ppl 16.16 | num_updates 52035 | best_loss 6.12602
| epoch 076 | loss 4.241 | nll_loss 1.833 | ppl 3.56 | wps 56929 | ups 4 | wpb 12806.207 | bsz 812.157 | num_updates 52729 | lr 0.000275426 | gnorm 0.222 | clip 1.000 | oom 0.000 | loss_scale 4.000 | wall 11691 | train_wall 9366
| epoch 076 | valid on 'valid' subset | loss 6.138 | nll_loss 3.993 | ppl 15.92 | num_updates 52729 | best_loss 6.12602
| epoch 077 | loss 4.238 | nll_loss 1.830 | ppl 3.55 | wps 57753 | ups 5 | wpb 12806.207 | bsz 812.157 | num_updates 53423 | lr 0.000273631 | gnorm 0.221 | clip 1.000 | oom 0.000 | loss_scale 4.000 | wall 11846 | train_wall 9490
| epoch 077 | valid on 'valid' subset | loss 6.138 | nll_loss 3.995 | ppl 15.94 | num_updates 53423 | best_loss 6.12602
| epoch 078 | loss 4.236 | nll_loss 1.827 | ppl 3.55 | wps 57762 | ups 5 | wpb 12806.207 | bsz 812.157 | num_updates 54117 | lr 0.000271871 | gnorm 0.222 | clip 1.000 | oom 0.000 | loss_scale 4.000 | wall 12001 | train_wall 9614
| epoch 078 | valid on 'valid' subset | loss 6.147 | nll_loss 4.005 | ppl 16.05 | num_updates 54117 | best_loss 6.12602
| epoch 079 | loss 4.233 | nll_loss 1.824 | ppl 3.54 | wps 57703 | ups 5 | wpb 12806.207 | bsz 812.157 | num_updates 54811 | lr 0.000270145 | gnorm 0.221 | clip 1.000 | oom 0.000 | loss_scale 4.000 | wall 12155 | train_wall 9738
| epoch 079 | valid on 'valid' subset | loss 6.138 | nll_loss 3.992 | ppl 15.91 | num_updates 54811 | best_loss 6.12602
| epoch 080 | loss 4.231 | nll_loss 1.821 | ppl 3.53 | wps 57285 | ups 4 | wpb 12806.207 | bsz 812.157 | num_updates 55505 | lr 0.00026845 | gnorm 0.223 | clip 1.000 | oom 0.000 | loss_scale 8.000 | wall 12311 | train_wall 9862
| epoch 080 | valid on 'valid' subset | loss 6.131 | nll_loss 3.992 | ppl 15.91 | num_updates 55505 | best_loss 6.12602
| saved checkpoint ./checkpoints/2020-04-05T17-39-04-00-exp24-bpe2500-seed19/checkpoints_ne_en/checkpoint80.pt (epoch 80 @ 55505 updates) (writing took 0.7628235816955566 seconds)
| epoch 081 | loss 4.229 | nll_loss 1.819 | ppl 3.53 | wps 57738 | ups 5 | wpb 12806.207 | bsz 812.157 | num_updates 56199 | lr 0.000266788 | gnorm 0.223 | clip 1.000 | oom 0.000 | loss_scale 8.000 | wall 12467 | train_wall 9987
| epoch 081 | valid on 'valid' subset | loss 6.149 | nll_loss 4.011 | ppl 16.12 | num_updates 56199 | best_loss 6.12602
| epoch 082 | loss 4.227 | nll_loss 1.816 | ppl 3.52 | wps 58500 | ups 5 | wpb 12806.207 | bsz 812.157 | num_updates 56893 | lr 0.000265155 | gnorm 0.221 | clip 1.000 | oom 0.000 | loss_scale 8.000 | wall 12619 | train_wall 10110
| epoch 082 | valid on 'valid' subset | loss 6.141 | nll_loss 4.004 | ppl 16.04 | num_updates 56893 | best_loss 6.12602
| epoch 083 | loss 4.224 | nll_loss 1.813 | ppl 3.51 | wps 58474 | ups 5 | wpb 12806.207 | bsz 812.157 | num_updates 57587 | lr 0.000263553 | gnorm 0.222 | clip 1.000 | oom 0.000 | loss_scale 8.000 | wall 12772 | train_wall 10233
| epoch 083 | valid on 'valid' subset | loss 6.154 | nll_loss 4.013 | ppl 16.15 | num_updates 57587 | best_loss 6.12602
| epoch 084 | loss 4.223 | nll_loss 1.811 | ppl 3.51 | wps 58206 | ups 5 | wpb 12806.207 | bsz 812.157 | num_updates 58281 | lr 0.000261979 | gnorm 0.223 | clip 1.000 | oom 0.000 | loss_scale 8.000 | wall 12925 | train_wall 10356
| epoch 084 | valid on 'valid' subset | loss 6.141 | nll_loss 4.002 | ppl 16.02 | num_updates 58281 | best_loss 6.12602
| epoch 085 | loss 4.220 | nll_loss 1.808 | ppl 3.5 | wps 57963 | ups 5 | wpb 12806.207 | bsz 812.157 | num_updates 58975 | lr 0.000260433 | gnorm 0.223 | clip 1.000 | oom 0.000 | loss_scale 8.000 | wall 13080 | train_wall 10480
| epoch 085 | valid on 'valid' subset | loss 6.140 | nll_loss 4.002 | ppl 16.02 | num_updates 58975 | best_loss 6.12602
| epoch 086 | loss 4.218 | nll_loss 1.804 | ppl 3.49 | wps 56903 | ups 4 | wpb 12806.207 | bsz 812.157 | num_updates 59669 | lr 0.000258914 | gnorm 0.222 | clip 1.000 | oom 0.000 | loss_scale 16.000 | wall 13236 | train_wall 10606
| epoch 086 | valid on 'valid' subset | loss 6.136 | nll_loss 4.000 | ppl 16 | num_updates 59669 | best_loss 6.12602
| WARNING: overflow detected, setting loss scale to: 8.0
| epoch 087 | loss 4.217 | nll_loss 1.803 | ppl 3.49 | wps 58964 | ups 5 | wpb 12806.416 | bsz 812.440 | num_updates 60362 | lr 0.000257423 | gnorm 0.223 | clip 1.000 | oom 0.000 | loss_scale 8.000 | wall 13388 | train_wall 10728
| epoch 087 | valid on 'valid' subset | loss 6.130 | nll_loss 3.987 | ppl 15.86 | num_updates 60362 | best_loss 6.12602
| epoch 088 | loss 4.214 | nll_loss 1.800 | ppl 3.48 | wps 57636 | ups 5 | wpb 12806.207 | bsz 812.157 | num_updates 61056 | lr 0.000255956 | gnorm 0.224 | clip 1.000 | oom 0.000 | loss_scale 8.000 | wall 13543 | train_wall 10853
| epoch 088 | valid on 'valid' subset | loss 6.146 | nll_loss 4.008 | ppl 16.09 | num_updates 61056 | best_loss 6.12602
| epoch 089 | loss 4.212 | nll_loss 1.798 | ppl 3.48 | wps 58593 | ups 5 | wpb 12806.207 | bsz 812.157 | num_updates 61750 | lr 0.000254514 | gnorm 0.223 | clip 1.000 | oom 0.000 | loss_scale 8.000 | wall 13695 | train_wall 10975
| epoch 089 | valid on 'valid' subset | loss 6.133 | nll_loss 3.993 | ppl 15.93 | num_updates 61750 | best_loss 6.12602
| epoch 090 | loss 4.210 | nll_loss 1.795 | ppl 3.47 | wps 57214 | ups 4 | wpb 12806.207 | bsz 812.157 | num_updates 62444 | lr 0.000253096 | gnorm 0.223 | clip 1.000 | oom 0.000 | loss_scale 8.000 | wall 13851 | train_wall 11099
| epoch 090 | valid on 'valid' subset | loss 6.142 | nll_loss 4.003 | ppl 16.04 | num_updates 62444 | best_loss 6.12602
| saved checkpoint ./checkpoints/2020-04-05T17-39-04-00-exp24-bpe2500-seed19/checkpoints_ne_en/checkpoint90.pt (epoch 90 @ 62444 updates) (writing took 0.6184389591217041 seconds)
| epoch 091 | loss 4.208 | nll_loss 1.792 | ppl 3.46 | wps 57325 | ups 4 | wpb 12806.207 | bsz 812.157 | num_updates 63138 | lr 0.000251701 | gnorm 0.225 | clip 1.000 | oom 0.000 | loss_scale 8.000 | wall 14008 | train_wall 11223
| epoch 091 | valid on 'valid' subset | loss 6.119 | nll_loss 3.973 | ppl 15.7 | num_updates 63138 | best_loss 6.11872
| epoch 092 | loss 4.206 | nll_loss 1.790 | ppl 3.46 | wps 58155 | ups 5 | wpb 12806.207 | bsz 812.157 | num_updates 63832 | lr 0.000250329 | gnorm 0.223 | clip 1.000 | oom 0.000 | loss_scale 8.000 | wall 14161 | train_wall 11345
| epoch 092 | valid on 'valid' subset | loss 6.172 | nll_loss 4.039 | ppl 16.44 | num_updates 63832 | best_loss 6.12602
| epoch 093 | loss 4.204 | nll_loss 1.788 | ppl 3.45 | wps 57144 | ups 4 | wpb 12806.207 | bsz 812.157 | num_updates 64526 | lr 0.000248979 | gnorm 0.224 | clip 1.000 | oom 0.000 | loss_scale 16.000 | wall 14317 | train_wall 11469
| epoch 093 | valid on 'valid' subset | loss 6.139 | nll_loss 3.999 | ppl 15.99 | num_updates 64526 | best_loss 6.12602
| epoch 094 | loss 4.202 | nll_loss 1.785 | ppl 3.45 | wps 57939 | ups 5 | wpb 12806.207 | bsz 812.157 | num_updates 65220 | lr 0.000247651 | gnorm 0.224 | clip 1.000 | oom 0.000 | loss_scale 16.000 | wall 14472 | train_wall 11593
| epoch 094 | valid on 'valid' subset | loss 6.144 | nll_loss 4.007 | ppl 16.07 | num_updates 65220 | best_loss 6.12602
| epoch 095 | loss 4.200 | nll_loss 1.783 | ppl 3.44 | wps 57139 | ups 4 | wpb 12806.207 | bsz 812.157 | num_updates 65914 | lr 0.000246344 | gnorm 0.225 | clip 1.000 | oom 0.000 | loss_scale 16.000 | wall 14628 | train_wall 11717
| epoch 095 | valid on 'valid' subset | loss 6.166 | nll_loss 4.030 | ppl 16.34 | num_updates 65914 | best_loss 6.12602
| epoch 096 | loss 4.198 | nll_loss 1.781 | ppl 3.44 | wps 58204 | ups 5 | wpb 12806.207 | bsz 812.157 | num_updates 66608 | lr 0.000245057 | gnorm 0.227 | clip 1.000 | oom 0.000 | loss_scale 16.000 | wall 14781 | train_wall 11840
| epoch 096 | valid on 'valid' subset | loss 6.149 | nll_loss 4.013 | ppl 16.14 | num_updates 66608 | best_loss 6.12602
| epoch 097 | loss 4.196 | nll_loss 1.778 | ppl 3.43 | wps 57781 | ups 5 | wpb 12806.207 | bsz 812.157 | num_updates 67302 | lr 0.00024379 | gnorm 0.226 | clip 1.000 | oom 0.000 | loss_scale 16.000 | wall 14936 | train_wall 11964
| epoch 097 | valid on 'valid' subset | loss 6.105 | nll_loss 3.961 | ppl 15.58 | num_updates 67302 | best_loss 6.10492
| epoch 098 | loss 4.195 | nll_loss 1.776 | ppl 3.43 | wps 59336 | ups 5 | wpb 12806.207 | bsz 812.157 | num_updates 67996 | lr 0.000242543 | gnorm 0.226 | clip 1.000 | oom 0.000 | loss_scale 16.000 | wall 15086 | train_wall 12086
| epoch 098 | valid on 'valid' subset | loss 6.122 | nll_loss 3.980 | ppl 15.77 | num_updates 67996 | best_loss 6.12156
| WARNING: overflow detected, setting loss scale to: 8.0
| epoch 099 | loss 4.193 | nll_loss 1.774 | ppl 3.42 | wps 58933 | ups 5 | wpb 12806.392 | bsz 812.983 | num_updates 68689 | lr 0.000241316 | gnorm 0.226 | clip 1.000 | oom 0.000 | loss_scale 8.000 | wall 15238 | train_wall 12208
| epoch 099 | valid on 'valid' subset | loss 6.130 | nll_loss 3.990 | ppl 15.89 | num_updates 68689 | best_loss 6.12602
| epoch 100 | loss 4.191 | nll_loss 1.772 | ppl 3.42 | wps 57106 | ups 4 | wpb 12806.207 | bsz 812.157 | num_updates 69383 | lr 0.000240106 | gnorm 0.227 | clip 1.000 | oom 0.000 | loss_scale 8.000 | wall 15394 | train_wall 12332
| epoch 100 | valid on 'valid' subset | loss 6.125 | nll_loss 3.983 | ppl 15.82 | num_updates 69383 | best_loss 6.12474
| saved checkpoint ./checkpoints/2020-04-05T17-39-04-00-exp24-bpe2500-seed19/checkpoints_ne_en/checkpoint100.pt (epoch 100 @ 69383 updates) (writing took 1.1031959056854248 seconds)
| done training in 15391.1 seconds
Done training.
Time at end: Sun Apr 5 21:56:12 EDT 2020
