================ FLORES BASELINE WITH BPE=5000 & SEED=11 & LOWERCASED ================
About to train the supervised for the following language pair: SI-EN
CHECKPOINT_DIR is set to './checkpoints/2020-06-18T16-53-04-00-exp28-bpe5000-lowercase-si-seed11-lowercase/checkpoints_si_en'
Creating checkpoint directory if it doesn't exist...
Data folder is: data-bin/wiki_si_en_bpe5000_lowercase/
Beginning training...
Time at beginning: Thu Jun 18 16:53:10 EDT 2020
Namespace(activation_dropout=0.2, activation_fn='relu', adam_betas='(0.9, 0.98)', adam_eps=1e-08, adaptive_input=False, adaptive_softmax_cutoff=None, adaptive_softmax_dropout=0, arch='transformer', attention_dropout=0.2, best_checkpoint_metric='loss', bpe=None, bucket_cap_mb=25, clip_norm=0.0, cpu=False, criterion='label_smoothed_cross_entropy', cross_self_attention=False, curriculum=0, data='data-bin/wiki_si_en_bpe5000_lowercase/', dataset_impl=None, ddp_backend='c10d', decoder_attention_heads=2, decoder_embed_dim=512, decoder_embed_path=None, decoder_ffn_embed_dim=2048, decoder_input_dim=512, decoder_layerdrop=0, decoder_layers=5, decoder_layers_to_keep=None, decoder_learned_pos=False, decoder_normalize_before=True, decoder_output_dim=512, device_id=0, disable_validation=False, distributed_backend='nccl', distributed_init_method=None, distributed_no_spawn=False, distributed_port=-1, distributed_rank=0, distributed_world_size=1, dropout=0.4, empty_cache_freq=0, encoder_attention_heads=2, encoder_embed_dim=512, encoder_embed_path=None, encoder_ffn_embed_dim=2048, encoder_layerdrop=0, encoder_layers=5, encoder_layers_to_keep=None, encoder_learned_pos=False, encoder_normalize_before=True, fast_stat_sync=False, find_unused_parameters=False, fix_batches_to_gpus=False, fixed_validation_seed=None, fp16=False, fp16_init_scale=128, fp16_scale_tolerance=0.0, fp16_scale_window=None, keep_interval_updates=-1, keep_last_epochs=-1, label_smoothing=0.2, layer_wise_attention=False, layernorm_embedding=False, lazy_load=False, left_pad_source='True', left_pad_target='False', load_alignments=False, log_format=None, log_interval=1000, lr=[0.001], lr_scheduler='inverse_sqrt', max_epoch=100, max_sentences=None, max_sentences_valid=None, max_source_positions=1024, max_target_positions=1024, max_tokens=4000, max_tokens_valid=4000, max_update=0, maximize_best_checkpoint_metric=False, memory_efficient_fp16=False, min_loss_scale=0.0001, min_lr=1e-09, no_cross_attention=False, no_epoch_checkpoints=False, no_last_checkpoints=False, no_progress_bar=False, no_save=False, no_save_optimizer_state=False, no_scale_embedding=False, no_token_positional_embeddings=False, num_workers=1, optimizer='adam', optimizer_overrides='{}', raw_text=False, required_batch_size_multiple=8, reset_dataloader=False, reset_lr_scheduler=False, reset_meters=False, reset_optimizer=False, restore_file='checkpoint_last.pt', save_dir='./checkpoints/2020-06-18T16-53-04-00-exp28-bpe5000-lowercase-si-seed11-lowercase/checkpoints_si_en', save_interval=30, save_interval_updates=0, seed=11, sentence_avg=False, share_all_embeddings=True, share_decoder_input_output_embed=False, skip_invalid_size_inputs_valid_test=False, source_lang='si', target_lang='en', task='translation', tensorboard_logdir='', threshold_loss_scale=None, tokenizer=None, train_subset='train', truncate_source=False, update_freq=[4], upsample_primary=1, use_bmuf=False, user_dir=None, valid_subset='valid', validate_interval=1, warmup_init_lr=1e-07, warmup_updates=4000, weight_decay=0.0001)
| [si] dictionary: 4984 types
| [en] dictionary: 4984 types
| loaded 2898 examples from: data-bin/wiki_si_en_bpe5000_lowercase/valid.si-en.si
| loaded 2898 examples from: data-bin/wiki_si_en_bpe5000_lowercase/valid.si-en.en
| data-bin/wiki_si_en_bpe5000_lowercase/ valid si-en 2898 examples
TransformerModel(
  (encoder): TransformerEncoder(
    (embed_tokens): Embedding(4984, 512, padding_idx=1)
    (embed_positions): SinusoidalPositionalEmbedding()
    (layers): ModuleList(
      (0): TransformerEncoderLayer(
        (self_attn): MultiheadAttention(
          (k_proj): Linear(in_features=512, out_features=512, bias=True)
          (v_proj): Linear(in_features=512, out_features=512, bias=True)
          (q_proj): Linear(in_features=512, out_features=512, bias=True)
          (out_proj): Linear(in_features=512, out_features=512, bias=True)
        )
        (self_attn_layer_norm): LayerNorm((512,), eps=1e-05, elementwise_affine=True)
        (fc1): Linear(in_features=512, out_features=2048, bias=True)
        (fc2): Linear(in_features=2048, out_features=512, bias=True)
        (final_layer_norm): LayerNorm((512,), eps=1e-05, elementwise_affine=True)
      )
      (1): TransformerEncoderLayer(
        (self_attn): MultiheadAttention(
          (k_proj): Linear(in_features=512, out_features=512, bias=True)
          (v_proj): Linear(in_features=512, out_features=512, bias=True)
          (q_proj): Linear(in_features=512, out_features=512, bias=True)
          (out_proj): Linear(in_features=512, out_features=512, bias=True)
        )
        (self_attn_layer_norm): LayerNorm((512,), eps=1e-05, elementwise_affine=True)
        (fc1): Linear(in_features=512, out_features=2048, bias=True)
        (fc2): Linear(in_features=2048, out_features=512, bias=True)
        (final_layer_norm): LayerNorm((512,), eps=1e-05, elementwise_affine=True)
      )
      (2): TransformerEncoderLayer(
        (self_attn): MultiheadAttention(
          (k_proj): Linear(in_features=512, out_features=512, bias=True)
          (v_proj): Linear(in_features=512, out_features=512, bias=True)
          (q_proj): Linear(in_features=512, out_features=512, bias=True)
          (out_proj): Linear(in_features=512, out_features=512, bias=True)
        )
        (self_attn_layer_norm): LayerNorm((512,), eps=1e-05, elementwise_affine=True)
        (fc1): Linear(in_features=512, out_features=2048, bias=True)
        (fc2): Linear(in_features=2048, out_features=512, bias=True)
        (final_layer_norm): LayerNorm((512,), eps=1e-05, elementwise_affine=True)
      )
      (3): TransformerEncoderLayer(
        (self_attn): MultiheadAttention(
          (k_proj): Linear(in_features=512, out_features=512, bias=True)
          (v_proj): Linear(in_features=512, out_features=512, bias=True)
          (q_proj): Linear(in_features=512, out_features=512, bias=True)
          (out_proj): Linear(in_features=512, out_features=512, bias=True)
        )
        (self_attn_layer_norm): LayerNorm((512,), eps=1e-05, elementwise_affine=True)
        (fc1): Linear(in_features=512, out_features=2048, bias=True)
        (fc2): Linear(in_features=2048, out_features=512, bias=True)
        (final_layer_norm): LayerNorm((512,), eps=1e-05, elementwise_affine=True)
      )
      (4): TransformerEncoderLayer(
        (self_attn): MultiheadAttention(
          (k_proj): Linear(in_features=512, out_features=512, bias=True)
          (v_proj): Linear(in_features=512, out_features=512, bias=True)
          (q_proj): Linear(in_features=512, out_features=512, bias=True)
          (out_proj): Linear(in_features=512, out_features=512, bias=True)
        )
        (self_attn_layer_norm): LayerNorm((512,), eps=1e-05, elementwise_affine=True)
        (fc1): Linear(in_features=512, out_features=2048, bias=True)
        (fc2): Linear(in_features=2048, out_features=512, bias=True)
        (final_layer_norm): LayerNorm((512,), eps=1e-05, elementwise_affine=True)
      )
    )
    (layer_norm): LayerNorm((512,), eps=1e-05, elementwise_affine=True)
  )
  (decoder): TransformerDecoder(
    (embed_tokens): Embedding(4984, 512, padding_idx=1)
    (embed_positions): SinusoidalPositionalEmbedding()
    (layers): ModuleList(
      (0): TransformerDecoderLayer(
        (self_attn): MultiheadAttention(
          (k_proj): Linear(in_features=512, out_features=512, bias=True)
          (v_proj): Linear(in_features=512, out_features=512, bias=True)
          (q_proj): Linear(in_features=512, out_features=512, bias=True)
          (out_proj): Linear(in_features=512, out_features=512, bias=True)
        )
        (self_attn_layer_norm): LayerNorm((512,), eps=1e-05, elementwise_affine=True)
        (encoder_attn): MultiheadAttention(
          (k_proj): Linear(in_features=512, out_features=512, bias=True)
          (v_proj): Linear(in_features=512, out_features=512, bias=True)
          (q_proj): Linear(in_features=512, out_features=512, bias=True)
          (out_proj): Linear(in_features=512, out_features=512, bias=True)
        )
        (encoder_attn_layer_norm): LayerNorm((512,), eps=1e-05, elementwise_affine=True)
        (fc1): Linear(in_features=512, out_features=2048, bias=True)
        (fc2): Linear(in_features=2048, out_features=512, bias=True)
        (final_layer_norm): LayerNorm((512,), eps=1e-05, elementwise_affine=True)
      )
      (1): TransformerDecoderLayer(
        (self_attn): MultiheadAttention(
          (k_proj): Linear(in_features=512, out_features=512, bias=True)
          (v_proj): Linear(in_features=512, out_features=512, bias=True)
          (q_proj): Linear(in_features=512, out_features=512, bias=True)
          (out_proj): Linear(in_features=512, out_features=512, bias=True)
        )
        (self_attn_layer_norm): LayerNorm((512,), eps=1e-05, elementwise_affine=True)
        (encoder_attn): MultiheadAttention(
          (k_proj): Linear(in_features=512, out_features=512, bias=True)
          (v_proj): Linear(in_features=512, out_features=512, bias=True)
          (q_proj): Linear(in_features=512, out_features=512, bias=True)
          (out_proj): Linear(in_features=512, out_features=512, bias=True)
        )
        (encoder_attn_layer_norm): LayerNorm((512,), eps=1e-05, elementwise_affine=True)
        (fc1): Linear(in_features=512, out_features=2048, bias=True)
        (fc2): Linear(in_features=2048, out_features=512, bias=True)
        (final_layer_norm): LayerNorm((512,), eps=1e-05, elementwise_affine=True)
      )
      (2): TransformerDecoderLayer(
        (self_attn): MultiheadAttention(
          (k_proj): Linear(in_features=512, out_features=512, bias=True)
          (v_proj): Linear(in_features=512, out_features=512, bias=True)
          (q_proj): Linear(in_features=512, out_features=512, bias=True)
          (out_proj): Linear(in_features=512, out_features=512, bias=True)
        )
        (self_attn_layer_norm): LayerNorm((512,), eps=1e-05, elementwise_affine=True)
        (encoder_attn): MultiheadAttention(
          (k_proj): Linear(in_features=512, out_features=512, bias=True)
          (v_proj): Linear(in_features=512, out_features=512, bias=True)
          (q_proj): Linear(in_features=512, out_features=512, bias=True)
          (out_proj): Linear(in_features=512, out_features=512, bias=True)
        )
        (encoder_attn_layer_norm): LayerNorm((512,), eps=1e-05, elementwise_affine=True)
        (fc1): Linear(in_features=512, out_features=2048, bias=True)
        (fc2): Linear(in_features=2048, out_features=512, bias=True)
        (final_layer_norm): LayerNorm((512,), eps=1e-05, elementwise_affine=True)
      )
      (3): TransformerDecoderLayer(
        (self_attn): MultiheadAttention(
          (k_proj): Linear(in_features=512, out_features=512, bias=True)
          (v_proj): Linear(in_features=512, out_features=512, bias=True)
          (q_proj): Linear(in_features=512, out_features=512, bias=True)
          (out_proj): Linear(in_features=512, out_features=512, bias=True)
        )
        (self_attn_layer_norm): LayerNorm((512,), eps=1e-05, elementwise_affine=True)
        (encoder_attn): MultiheadAttention(
          (k_proj): Linear(in_features=512, out_features=512, bias=True)
          (v_proj): Linear(in_features=512, out_features=512, bias=True)
          (q_proj): Linear(in_features=512, out_features=512, bias=True)
          (out_proj): Linear(in_features=512, out_features=512, bias=True)
        )
        (encoder_attn_layer_norm): LayerNorm((512,), eps=1e-05, elementwise_affine=True)
        (fc1): Linear(in_features=512, out_features=2048, bias=True)
        (fc2): Linear(in_features=2048, out_features=512, bias=True)
        (final_layer_norm): LayerNorm((512,), eps=1e-05, elementwise_affine=True)
      )
      (4): TransformerDecoderLayer(
        (self_attn): MultiheadAttention(
          (k_proj): Linear(in_features=512, out_features=512, bias=True)
          (v_proj): Linear(in_features=512, out_features=512, bias=True)
          (q_proj): Linear(in_features=512, out_features=512, bias=True)
          (out_proj): Linear(in_features=512, out_features=512, bias=True)
        )
        (self_attn_layer_norm): LayerNorm((512,), eps=1e-05, elementwise_affine=True)
        (encoder_attn): MultiheadAttention(
          (k_proj): Linear(in_features=512, out_features=512, bias=True)
          (v_proj): Linear(in_features=512, out_features=512, bias=True)
          (q_proj): Linear(in_features=512, out_features=512, bias=True)
          (out_proj): Linear(in_features=512, out_features=512, bias=True)
        )
        (encoder_attn_layer_norm): LayerNorm((512,), eps=1e-05, elementwise_affine=True)
        (fc1): Linear(in_features=512, out_features=2048, bias=True)
        (fc2): Linear(in_features=2048, out_features=512, bias=True)
        (final_layer_norm): LayerNorm((512,), eps=1e-05, elementwise_affine=True)
      )
    )
    (layer_norm): LayerNorm((512,), eps=1e-05, elementwise_affine=True)
  )
)
| model transformer, criterion LabelSmoothedCrossEntropyCriterion
| num. model params: 39335936 (num. trained: 39335936)
| training on 1 GPUs
| max tokens per GPU = 4000 and max sentences per GPU = None
| no existing checkpoint found ./checkpoints/2020-06-18T16-53-04-00-exp28-bpe5000-lowercase-si-seed11-lowercase/checkpoints_si_en/checkpoint_last.pt
| loading train data for epoch 0
| loaded 396379 examples from: data-bin/wiki_si_en_bpe5000_lowercase/train.si-en.si
| loaded 396379 examples from: data-bin/wiki_si_en_bpe5000_lowercase/train.si-en.en
| data-bin/wiki_si_en_bpe5000_lowercase/ train si-en 396379 examples
| NOTICE: your device may support faster training with --fp16
| epoch 001 | loss 9.996 | nll_loss 9.093 | ppl 546.21 | wps 25545 | ups 2 | wpb 13799.390 | bsz 990.947 | num_updates 400 | lr 0.00010009 | gnorm 0.785 | clip 0.000 | oom 0.000 | wall 220 | train_wall 197
| epoch 001 | valid on 'valid' subset | loss 10.022 | nll_loss 9.087 | ppl 543.87 | num_updates 400
| epoch 002 | loss 8.317 | nll_loss 6.858 | ppl 115.96 | wps 25760 | ups 2 | wpb 13799.390 | bsz 990.947 | num_updates 800 | lr 0.00020008 | gnorm 0.507 | clip 0.000 | oom 0.000 | wall 435 | train_wall 393
| epoch 002 | valid on 'valid' subset | loss 9.223 | nll_loss 7.953 | ppl 247.72 | num_updates 800
| epoch 003 | loss 7.641 | nll_loss 5.959 | ppl 62.19 | wps 25648 | ups 2 | wpb 13799.390 | bsz 990.947 | num_updates 1200 | lr 0.00030007 | gnorm 0.447 | clip 0.000 | oom 0.000 | wall 652 | train_wall 589
| epoch 003 | valid on 'valid' subset | loss 8.663 | nll_loss 7.107 | ppl 137.86 | num_updates 1200
| epoch 004 | loss 7.180 | nll_loss 5.349 | ppl 40.75 | wps 25716 | ups 2 | wpb 13799.390 | bsz 990.947 | num_updates 1600 | lr 0.00040006 | gnorm 0.408 | clip 0.000 | oom 0.000 | wall 869 | train_wall 785
| epoch 004 | valid on 'valid' subset | loss 8.334 | nll_loss 6.665 | ppl 101.46 | num_updates 1600
| epoch 005 | loss 6.869 | nll_loss 4.939 | ppl 30.68 | wps 25846 | ups 2 | wpb 13799.390 | bsz 990.947 | num_updates 2000 | lr 0.00050005 | gnorm 0.375 | clip 0.000 | oom 0.000 | wall 1084 | train_wall 980
| epoch 005 | valid on 'valid' subset | loss 8.078 | nll_loss 6.305 | ppl 79.05 | num_updates 2000
| epoch 006 | loss 6.637 | nll_loss 4.635 | ppl 24.84 | wps 25769 | ups 2 | wpb 13799.390 | bsz 990.947 | num_updates 2400 | lr 0.00060004 | gnorm 0.365 | clip 0.000 | oom 0.000 | wall 1300 | train_wall 1176
| epoch 006 | valid on 'valid' subset | loss 7.875 | nll_loss 6.029 | ppl 65.31 | num_updates 2400
| epoch 007 | loss 6.454 | nll_loss 4.396 | ppl 21.06 | wps 25869 | ups 2 | wpb 13799.390 | bsz 990.947 | num_updates 2800 | lr 0.00070003 | gnorm 0.344 | clip 0.000 | oom 0.000 | wall 1515 | train_wall 1371
| epoch 007 | valid on 'valid' subset | loss 7.781 | nll_loss 5.886 | ppl 59.15 | num_updates 2800
| epoch 008 | loss 6.313 | nll_loss 4.212 | ppl 18.53 | wps 25836 | ups 2 | wpb 13799.390 | bsz 990.947 | num_updates 3200 | lr 0.00080002 | gnorm 0.326 | clip 0.000 | oom 0.000 | wall 1730 | train_wall 1567
| epoch 008 | valid on 'valid' subset | loss 7.590 | nll_loss 5.625 | ppl 49.33 | num_updates 3200
| epoch 009 | loss 6.211 | nll_loss 4.081 | ppl 16.92 | wps 25827 | ups 2 | wpb 13799.390 | bsz 990.947 | num_updates 3600 | lr 0.00090001 | gnorm 0.316 | clip 0.000 | oom 0.000 | wall 1945 | train_wall 1762
| epoch 009 | valid on 'valid' subset | loss 7.470 | nll_loss 5.445 | ppl 43.57 | num_updates 3600
| epoch 010 | loss 6.129 | nll_loss 3.975 | ppl 15.73 | wps 25783 | ups 2 | wpb 13799.390 | bsz 990.947 | num_updates 4000 | lr 0.001 | gnorm 0.300 | clip 0.000 | oom 0.000 | wall 2161 | train_wall 1957
| epoch 010 | valid on 'valid' subset | loss 7.393 | nll_loss 5.349 | ppl 40.76 | num_updates 4000
| epoch 011 | loss 6.055 | nll_loss 3.879 | ppl 14.71 | wps 25902 | ups 2 | wpb 13799.390 | bsz 990.947 | num_updates 4400 | lr 0.000953463 | gnorm 0.283 | clip 0.000 | oom 0.000 | wall 2376 | train_wall 2152
| epoch 011 | valid on 'valid' subset | loss 7.270 | nll_loss 5.167 | ppl 35.93 | num_updates 4400
| epoch 012 | loss 5.974 | nll_loss 3.776 | ppl 13.7 | wps 25875 | ups 2 | wpb 13799.390 | bsz 990.947 | num_updates 4800 | lr 0.000912871 | gnorm 0.264 | clip 0.000 | oom 0.000 | wall 2591 | train_wall 2347
| epoch 012 | valid on 'valid' subset | loss 7.195 | nll_loss 5.058 | ppl 33.31 | num_updates 4800
| epoch 013 | loss 5.908 | nll_loss 3.692 | ppl 12.93 | wps 25784 | ups 2 | wpb 13799.390 | bsz 990.947 | num_updates 5200 | lr 0.000877058 | gnorm 0.254 | clip 0.000 | oom 0.000 | wall 2806 | train_wall 2543
| epoch 013 | valid on 'valid' subset | loss 7.159 | nll_loss 5.022 | ppl 32.5 | num_updates 5200
| epoch 014 | loss 5.852 | nll_loss 3.621 | ppl 12.3 | wps 25830 | ups 2 | wpb 13799.390 | bsz 990.947 | num_updates 5600 | lr 0.000845154 | gnorm 0.241 | clip 0.000 | oom 0.000 | wall 3022 | train_wall 2738
| epoch 014 | valid on 'valid' subset | loss 7.077 | nll_loss 4.890 | ppl 29.66 | num_updates 5600
| epoch 015 | loss 5.806 | nll_loss 3.562 | ppl 11.81 | wps 25820 | ups 2 | wpb 13799.390 | bsz 990.947 | num_updates 6000 | lr 0.000816497 | gnorm 0.234 | clip 0.000 | oom 0.000 | wall 3237 | train_wall 2933
| epoch 015 | valid on 'valid' subset | loss 7.015 | nll_loss 4.805 | ppl 27.96 | num_updates 6000
| epoch 016 | loss 5.766 | nll_loss 3.511 | ppl 11.4 | wps 25762 | ups 2 | wpb 13799.390 | bsz 990.947 | num_updates 6400 | lr 0.000790569 | gnorm 0.231 | clip 0.000 | oom 0.000 | wall 3453 | train_wall 3129
| epoch 016 | valid on 'valid' subset | loss 6.988 | nll_loss 4.763 | ppl 27.15 | num_updates 6400
| epoch 017 | loss 5.730 | nll_loss 3.465 | ppl 11.05 | wps 25837 | ups 2 | wpb 13799.390 | bsz 990.947 | num_updates 6800 | lr 0.000766965 | gnorm 0.226 | clip 0.000 | oom 0.000 | wall 3668 | train_wall 3324
| epoch 017 | valid on 'valid' subset | loss 6.909 | nll_loss 4.668 | ppl 25.42 | num_updates 6800
| epoch 018 | loss 5.700 | nll_loss 3.427 | ppl 10.75 | wps 25913 | ups 2 | wpb 13799.390 | bsz 990.947 | num_updates 7200 | lr 0.000745356 | gnorm 0.224 | clip 0.000 | oom 0.000 | wall 3883 | train_wall 3519
| epoch 018 | valid on 'valid' subset | loss 6.878 | nll_loss 4.612 | ppl 24.45 | num_updates 7200
| epoch 019 | loss 5.670 | nll_loss 3.389 | ppl 10.48 | wps 25830 | ups 2 | wpb 13799.390 | bsz 990.947 | num_updates 7600 | lr 0.000725476 | gnorm 0.218 | clip 0.000 | oom 0.000 | wall 4098 | train_wall 3715
| epoch 019 | valid on 'valid' subset | loss 6.838 | nll_loss 4.560 | ppl 23.58 | num_updates 7600
| epoch 020 | loss 5.645 | nll_loss 3.357 | ppl 10.25 | wps 25789 | ups 2 | wpb 13799.390 | bsz 990.947 | num_updates 8000 | lr 0.000707107 | gnorm 0.216 | clip 0.000 | oom 0.000 | wall 4314 | train_wall 3910
| epoch 020 | valid on 'valid' subset | loss 6.865 | nll_loss 4.594 | ppl 24.15 | num_updates 8000
| epoch 021 | loss 5.620 | nll_loss 3.326 | ppl 10.03 | wps 25645 | ups 2 | wpb 13799.390 | bsz 990.947 | num_updates 8400 | lr 0.000690066 | gnorm 0.211 | clip 0.000 | oom 0.000 | wall 4530 | train_wall 4106
| epoch 021 | valid on 'valid' subset | loss 6.797 | nll_loss 4.505 | ppl 22.71 | num_updates 8400
| epoch 022 | loss 5.600 | nll_loss 3.300 | ppl 9.85 | wps 25823 | ups 2 | wpb 13799.390 | bsz 990.947 | num_updates 8800 | lr 0.0006742 | gnorm 0.211 | clip 0.000 | oom 0.000 | wall 4746 | train_wall 4301
| epoch 022 | valid on 'valid' subset | loss 6.786 | nll_loss 4.469 | ppl 22.15 | num_updates 8800
| epoch 023 | loss 5.580 | nll_loss 3.274 | ppl 9.67 | wps 25742 | ups 2 | wpb 13799.390 | bsz 990.947 | num_updates 9200 | lr 0.00065938 | gnorm 0.208 | clip 0.000 | oom 0.000 | wall 4962 | train_wall 4497
| epoch 023 | valid on 'valid' subset | loss 6.773 | nll_loss 4.453 | ppl 21.9 | num_updates 9200
| epoch 024 | loss 5.561 | nll_loss 3.250 | ppl 9.51 | wps 25734 | ups 2 | wpb 13799.390 | bsz 990.947 | num_updates 9600 | lr 0.000645497 | gnorm 0.205 | clip 0.000 | oom 0.000 | wall 5178 | train_wall 4692
| epoch 024 | valid on 'valid' subset | loss 6.722 | nll_loss 4.401 | ppl 21.13 | num_updates 9600
| epoch 025 | loss 5.545 | nll_loss 3.230 | ppl 9.38 | wps 25755 | ups 2 | wpb 13799.390 | bsz 990.947 | num_updates 10000 | lr 0.000632456 | gnorm 0.204 | clip 0.000 | oom 0.000 | wall 5394 | train_wall 4888
| epoch 025 | valid on 'valid' subset | loss 6.679 | nll_loss 4.347 | ppl 20.35 | num_updates 10000
| epoch 026 | loss 5.529 | nll_loss 3.209 | ppl 9.25 | wps 25789 | ups 2 | wpb 13799.390 | bsz 990.947 | num_updates 10400 | lr 0.000620174 | gnorm 0.205 | clip 0.000 | oom 0.000 | wall 5610 | train_wall 5084
| epoch 026 | valid on 'valid' subset | loss 6.675 | nll_loss 4.338 | ppl 20.23 | num_updates 10400
| epoch 027 | loss 5.514 | nll_loss 3.190 | ppl 9.12 | wps 25784 | ups 2 | wpb 13799.390 | bsz 990.947 | num_updates 10800 | lr 0.000608581 | gnorm 0.203 | clip 0.000 | oom 0.000 | wall 5825 | train_wall 5279
| epoch 027 | valid on 'valid' subset | loss 6.709 | nll_loss 4.369 | ppl 20.67 | num_updates 10800
| epoch 028 | loss 5.500 | nll_loss 3.172 | ppl 9.01 | wps 25900 | ups 2 | wpb 13799.390 | bsz 990.947 | num_updates 11200 | lr 0.000597614 | gnorm 0.201 | clip 0.000 | oom 0.000 | wall 6040 | train_wall 5474
| epoch 028 | valid on 'valid' subset | loss 6.658 | nll_loss 4.302 | ppl 19.72 | num_updates 11200
| epoch 029 | loss 5.487 | nll_loss 3.156 | ppl 8.91 | wps 25748 | ups 2 | wpb 13799.390 | bsz 990.947 | num_updates 11600 | lr 0.00058722 | gnorm 0.200 | clip 0.000 | oom 0.000 | wall 6256 | train_wall 5670
| epoch 029 | valid on 'valid' subset | loss 6.671 | nll_loss 4.317 | ppl 19.94 | num_updates 11600
| epoch 030 | loss 5.474 | nll_loss 3.138 | ppl 8.81 | wps 25677 | ups 2 | wpb 13799.390 | bsz 990.947 | num_updates 12000 | lr 0.00057735 | gnorm 0.199 | clip 0.000 | oom 0.000 | wall 6473 | train_wall 5865
| epoch 030 | valid on 'valid' subset | loss 6.619 | nll_loss 4.248 | ppl 19.01 | num_updates 12000
| saved checkpoint ./checkpoints/2020-06-18T16-53-04-00-exp28-bpe5000-lowercase-si-seed11-lowercase/checkpoints_si_en/checkpoint30.pt (epoch 30 @ 12000 updates) (writing took 0.8392195701599121 seconds)
| epoch 031 | loss 5.463 | nll_loss 3.125 | ppl 8.73 | wps 25851 | ups 2 | wpb 13799.390 | bsz 990.947 | num_updates 12400 | lr 0.000567962 | gnorm 0.198 | clip 0.000 | oom 0.000 | wall 6689 | train_wall 6060
| epoch 031 | valid on 'valid' subset | loss 6.613 | nll_loss 4.249 | ppl 19.01 | num_updates 12400 | best_loss 6.61262
| epoch 032 | loss 5.451 | nll_loss 3.110 | ppl 8.63 | wps 25801 | ups 2 | wpb 13799.390 | bsz 990.947 | num_updates 12800 | lr 0.000559017 | gnorm 0.197 | clip 0.000 | oom 0.000 | wall 6904 | train_wall 6256
| epoch 032 | valid on 'valid' subset | loss 6.611 | nll_loss 4.239 | ppl 18.88 | num_updates 12800 | best_loss 6.61099
| epoch 033 | loss 5.442 | nll_loss 3.098 | ppl 8.56 | wps 25906 | ups 2 | wpb 13799.390 | bsz 990.947 | num_updates 13200 | lr 0.000550482 | gnorm 0.198 | clip 0.000 | oom 0.000 | wall 7119 | train_wall 6451
| epoch 033 | valid on 'valid' subset | loss 6.610 | nll_loss 4.232 | ppl 18.79 | num_updates 13200 | best_loss 6.61025
| epoch 034 | loss 5.431 | nll_loss 3.085 | ppl 8.48 | wps 25799 | ups 2 | wpb 13799.390 | bsz 990.947 | num_updates 13600 | lr 0.000542326 | gnorm 0.196 | clip 0.000 | oom 0.000 | wall 7334 | train_wall 6646
| epoch 034 | valid on 'valid' subset | loss 6.600 | nll_loss 4.230 | ppl 18.76 | num_updates 13600 | best_loss 6.60023
| epoch 035 | loss 5.421 | nll_loss 3.072 | ppl 8.41 | wps 25868 | ups 2 | wpb 13799.390 | bsz 990.947 | num_updates 14000 | lr 0.000534522 | gnorm 0.196 | clip 0.000 | oom 0.000 | wall 7549 | train_wall 6841
| epoch 035 | valid on 'valid' subset | loss 6.548 | nll_loss 4.162 | ppl 17.9 | num_updates 14000 | best_loss 6.54832
| epoch 036 | loss 5.413 | nll_loss 3.061 | ppl 8.34 | wps 25914 | ups 2 | wpb 13799.390 | bsz 990.947 | num_updates 14400 | lr 0.000527046 | gnorm 0.196 | clip 0.000 | oom 0.000 | wall 7764 | train_wall 7036
| epoch 036 | valid on 'valid' subset | loss 6.592 | nll_loss 4.210 | ppl 18.51 | num_updates 14400 | best_loss 6.59213
| epoch 037 | loss 5.404 | nll_loss 3.050 | ppl 8.28 | wps 25854 | ups 2 | wpb 13799.390 | bsz 990.947 | num_updates 14800 | lr 0.000519875 | gnorm 0.194 | clip 0.000 | oom 0.000 | wall 7979 | train_wall 7231
| epoch 037 | valid on 'valid' subset | loss 6.557 | nll_loss 4.157 | ppl 17.84 | num_updates 14800 | best_loss 6.55663
| epoch 038 | loss 5.394 | nll_loss 3.037 | ppl 8.21 | wps 25856 | ups 2 | wpb 13799.390 | bsz 990.947 | num_updates 15200 | lr 0.000512989 | gnorm 0.193 | clip 0.000 | oom 0.000 | wall 8194 | train_wall 7426
| epoch 038 | valid on 'valid' subset | loss 6.550 | nll_loss 4.148 | ppl 17.72 | num_updates 15200 | best_loss 6.54956
| epoch 039 | loss 5.388 | nll_loss 3.029 | ppl 8.16 | wps 25796 | ups 2 | wpb 13799.390 | bsz 990.947 | num_updates 15600 | lr 0.00050637 | gnorm 0.194 | clip 0.000 | oom 0.000 | wall 8410 | train_wall 7622
| epoch 039 | valid on 'valid' subset | loss 6.520 | nll_loss 4.119 | ppl 17.37 | num_updates 15600 | best_loss 6.5202
| epoch 040 | loss 5.379 | nll_loss 3.018 | ppl 8.1 | wps 25885 | ups 2 | wpb 13799.390 | bsz 990.947 | num_updates 16000 | lr 0.0005 | gnorm 0.193 | clip 0.000 | oom 0.000 | wall 8625 | train_wall 7817
| epoch 040 | valid on 'valid' subset | loss 6.563 | nll_loss 4.170 | ppl 18 | num_updates 16000 | best_loss 6.56348
| epoch 041 | loss 5.372 | nll_loss 3.009 | ppl 8.05 | wps 25862 | ups 2 | wpb 13799.390 | bsz 990.947 | num_updates 16400 | lr 0.000493865 | gnorm 0.194 | clip 0.000 | oom 0.000 | wall 8840 | train_wall 8012
| epoch 041 | valid on 'valid' subset | loss 6.530 | nll_loss 4.120 | ppl 17.39 | num_updates 16400 | best_loss 6.52968
| epoch 042 | loss 5.365 | nll_loss 2.999 | ppl 8 | wps 25851 | ups 2 | wpb 13799.390 | bsz 990.947 | num_updates 16800 | lr 0.00048795 | gnorm 0.193 | clip 0.000 | oom 0.000 | wall 9055 | train_wall 8207
| epoch 042 | valid on 'valid' subset | loss 6.523 | nll_loss 4.118 | ppl 17.37 | num_updates 16800 | best_loss 6.52283
| epoch 043 | loss 5.358 | nll_loss 2.991 | ppl 7.95 | wps 25855 | ups 2 | wpb 13799.390 | bsz 990.947 | num_updates 17200 | lr 0.000482243 | gnorm 0.193 | clip 0.000 | oom 0.000 | wall 9270 | train_wall 8402
| epoch 043 | valid on 'valid' subset | loss 6.537 | nll_loss 4.135 | ppl 17.57 | num_updates 17200 | best_loss 6.53714
| epoch 044 | loss 5.352 | nll_loss 2.983 | ppl 7.91 | wps 25799 | ups 2 | wpb 13799.390 | bsz 990.947 | num_updates 17600 | lr 0.000476731 | gnorm 0.193 | clip 0.000 | oom 0.000 | wall 9486 | train_wall 8597
| epoch 044 | valid on 'valid' subset | loss 6.510 | nll_loss 4.093 | ppl 17.07 | num_updates 17600 | best_loss 6.51001
| epoch 045 | loss 5.345 | nll_loss 2.974 | ppl 7.86 | wps 25765 | ups 2 | wpb 13799.390 | bsz 990.947 | num_updates 18000 | lr 0.000471405 | gnorm 0.192 | clip 0.000 | oom 0.000 | wall 9702 | train_wall 8793
| epoch 045 | valid on 'valid' subset | loss 6.484 | nll_loss 4.063 | ppl 16.71 | num_updates 18000 | best_loss 6.48424
| epoch 046 | loss 5.339 | nll_loss 2.967 | ppl 7.82 | wps 25884 | ups 2 | wpb 13799.390 | bsz 990.947 | num_updates 18400 | lr 0.000466252 | gnorm 0.192 | clip 0.000 | oom 0.000 | wall 9917 | train_wall 8988
| epoch 046 | valid on 'valid' subset | loss 6.465 | nll_loss 4.047 | ppl 16.53 | num_updates 18400 | best_loss 6.46464
| epoch 047 | loss 5.334 | nll_loss 2.960 | ppl 7.78 | wps 26030 | ups 2 | wpb 13799.390 | bsz 990.947 | num_updates 18800 | lr 0.000461266 | gnorm 0.194 | clip 0.000 | oom 0.000 | wall 10130 | train_wall 9182
| epoch 047 | valid on 'valid' subset | loss 6.494 | nll_loss 4.079 | ppl 16.9 | num_updates 18800 | best_loss 6.49366
| epoch 048 | loss 5.328 | nll_loss 2.952 | ppl 7.74 | wps 25827 | ups 2 | wpb 13799.390 | bsz 990.947 | num_updates 19200 | lr 0.000456435 | gnorm 0.192 | clip 0.000 | oom 0.000 | wall 10346 | train_wall 9377
| epoch 048 | valid on 'valid' subset | loss 6.495 | nll_loss 4.083 | ppl 16.94 | num_updates 19200 | best_loss 6.49493
| epoch 049 | loss 5.322 | nll_loss 2.945 | ppl 7.7 | wps 25898 | ups 2 | wpb 13799.390 | bsz 990.947 | num_updates 19600 | lr 0.000451754 | gnorm 0.192 | clip 0.000 | oom 0.000 | wall 10560 | train_wall 9572
| epoch 049 | valid on 'valid' subset | loss 6.464 | nll_loss 4.037 | ppl 16.42 | num_updates 19600 | best_loss 6.46441
| epoch 050 | loss 5.317 | nll_loss 2.939 | ppl 7.67 | wps 25536 | ups 2 | wpb 13799.390 | bsz 990.947 | num_updates 20000 | lr 0.000447214 | gnorm 0.194 | clip 0.000 | oom 0.000 | wall 10778 | train_wall 9769
| epoch 050 | valid on 'valid' subset | loss 6.461 | nll_loss 4.036 | ppl 16.4 | num_updates 20000 | best_loss 6.46064
| epoch 051 | loss 5.312 | nll_loss 2.932 | ppl 7.63 | wps 25346 | ups 2 | wpb 13799.390 | bsz 990.947 | num_updates 20400 | lr 0.000442807 | gnorm 0.191 | clip 0.000 | oom 0.000 | wall 10997 | train_wall 9966
| epoch 051 | valid on 'valid' subset | loss 6.431 | nll_loss 4.000 | ppl 16 | num_updates 20400 | best_loss 6.43149
| epoch 052 | loss 5.307 | nll_loss 2.926 | ppl 7.6 | wps 25523 | ups 2 | wpb 13799.390 | bsz 990.947 | num_updates 20800 | lr 0.000438529 | gnorm 0.192 | clip 0.000 | oom 0.000 | wall 11215 | train_wall 10162
| epoch 052 | valid on 'valid' subset | loss 6.462 | nll_loss 4.038 | ppl 16.43 | num_updates 20800 | best_loss 6.4623
| epoch 053 | loss 5.301 | nll_loss 2.918 | ppl 7.56 | wps 25892 | ups 2 | wpb 13799.390 | bsz 990.947 | num_updates 21200 | lr 0.000434372 | gnorm 0.192 | clip 0.000 | oom 0.000 | wall 11430 | train_wall 10357
| epoch 053 | valid on 'valid' subset | loss 6.480 | nll_loss 4.054 | ppl 16.6 | num_updates 21200 | best_loss 6.48044
| epoch 054 | loss 5.297 | nll_loss 2.913 | ppl 7.53 | wps 25810 | ups 2 | wpb 13799.390 | bsz 990.947 | num_updates 21600 | lr 0.000430331 | gnorm 0.191 | clip 0.000 | oom 0.000 | wall 11646 | train_wall 10553
| epoch 054 | valid on 'valid' subset | loss 6.454 | nll_loss 4.025 | ppl 16.28 | num_updates 21600 | best_loss 6.45387
| epoch 055 | loss 5.291 | nll_loss 2.906 | ppl 7.49 | wps 25808 | ups 2 | wpb 13799.390 | bsz 990.947 | num_updates 22000 | lr 0.000426401 | gnorm 0.191 | clip 0.000 | oom 0.000 | wall 11861 | train_wall 10748
| epoch 055 | valid on 'valid' subset | loss 6.455 | nll_loss 4.019 | ppl 16.22 | num_updates 22000 | best_loss 6.45474
| epoch 056 | loss 5.287 | nll_loss 2.900 | ppl 7.46 | wps 25532 | ups 2 | wpb 13799.390 | bsz 990.947 | num_updates 22400 | lr 0.000422577 | gnorm 0.191 | clip 0.000 | oom 0.000 | wall 12079 | train_wall 10945
| epoch 056 | valid on 'valid' subset | loss 6.443 | nll_loss 4.004 | ppl 16.04 | num_updates 22400 | best_loss 6.44349
| epoch 057 | loss 5.283 | nll_loss 2.895 | ppl 7.44 | wps 25576 | ups 2 | wpb 13799.390 | bsz 990.947 | num_updates 22800 | lr 0.000418854 | gnorm 0.190 | clip 0.000 | oom 0.000 | wall 12297 | train_wall 11141
| epoch 057 | valid on 'valid' subset | loss 6.441 | nll_loss 4.003 | ppl 16.04 | num_updates 22800 | best_loss 6.44076
| epoch 058 | loss 5.279 | nll_loss 2.890 | ppl 7.41 | wps 25524 | ups 2 | wpb 13799.390 | bsz 990.947 | num_updates 23200 | lr 0.000415227 | gnorm 0.190 | clip 0.000 | oom 0.000 | wall 12514 | train_wall 11338
| epoch 058 | valid on 'valid' subset | loss 6.406 | nll_loss 3.970 | ppl 15.67 | num_updates 23200 | best_loss 6.40619
| epoch 059 | loss 5.275 | nll_loss 2.885 | ppl 7.39 | wps 25689 | ups 2 | wpb 13799.390 | bsz 990.947 | num_updates 23600 | lr 0.000411693 | gnorm 0.193 | clip 0.000 | oom 0.000 | wall 12731 | train_wall 11534
| epoch 059 | valid on 'valid' subset | loss 6.426 | nll_loss 3.986 | ppl 15.85 | num_updates 23600 | best_loss 6.42596
| epoch 060 | loss 5.271 | nll_loss 2.879 | ppl 7.36 | wps 25737 | ups 2 | wpb 13799.390 | bsz 990.947 | num_updates 24000 | lr 0.000408248 | gnorm 0.191 | clip 0.000 | oom 0.000 | wall 12947 | train_wall 11730
| epoch 060 | valid on 'valid' subset | loss 6.408 | nll_loss 3.967 | ppl 15.64 | num_updates 24000 | best_loss 6.4083
| saved checkpoint ./checkpoints/2020-06-18T16-53-04-00-exp28-bpe5000-lowercase-si-seed11-lowercase/checkpoints_si_en/checkpoint60.pt (epoch 60 @ 24000 updates) (writing took 1.2201600074768066 seconds)
| epoch 061 | loss 5.266 | nll_loss 2.873 | ppl 7.33 | wps 25644 | ups 2 | wpb 13799.390 | bsz 990.947 | num_updates 24400 | lr 0.000404888 | gnorm 0.191 | clip 0.000 | oom 0.000 | wall 13165 | train_wall 11926
| epoch 061 | valid on 'valid' subset | loss 6.405 | nll_loss 3.965 | ppl 15.62 | num_updates 24400 | best_loss 6.4053
| epoch 062 | loss 5.262 | nll_loss 2.869 | ppl 7.3 | wps 25613 | ups 2 | wpb 13799.390 | bsz 990.947 | num_updates 24800 | lr 0.00040161 | gnorm 0.191 | clip 0.000 | oom 0.000 | wall 13382 | train_wall 12122
| epoch 062 | valid on 'valid' subset | loss 6.455 | nll_loss 4.013 | ppl 16.15 | num_updates 24800 | best_loss 6.4083
| epoch 063 | loss 5.258 | nll_loss 2.863 | ppl 7.28 | wps 25532 | ups 2 | wpb 13799.390 | bsz 990.947 | num_updates 25200 | lr 0.00039841 | gnorm 0.192 | clip 0.000 | oom 0.000 | wall 13600 | train_wall 12318
| epoch 063 | valid on 'valid' subset | loss 6.411 | nll_loss 3.960 | ppl 15.56 | num_updates 25200 | best_loss 6.4083
| epoch 064 | loss 5.256 | nll_loss 2.861 | ppl 7.27 | wps 25498 | ups 2 | wpb 13799.390 | bsz 990.947 | num_updates 25600 | lr 0.000395285 | gnorm 0.194 | clip 0.000 | oom 0.000 | wall 13818 | train_wall 12515
| epoch 064 | valid on 'valid' subset | loss 6.439 | nll_loss 3.994 | ppl 15.93 | num_updates 25600 | best_loss 6.4083
| epoch 065 | loss 5.251 | nll_loss 2.855 | ppl 7.23 | wps 25367 | ups 2 | wpb 13799.390 | bsz 990.947 | num_updates 26000 | lr 0.000392232 | gnorm 0.191 | clip 0.000 | oom 0.000 | wall 14037 | train_wall 12712
| epoch 065 | valid on 'valid' subset | loss 6.413 | nll_loss 3.960 | ppl 15.56 | num_updates 26000 | best_loss 6.4083
| epoch 066 | loss 5.248 | nll_loss 2.851 | ppl 7.21 | wps 25468 | ups 2 | wpb 13799.390 | bsz 990.947 | num_updates 26400 | lr 0.000389249 | gnorm 0.192 | clip 0.000 | oom 0.000 | wall 14256 | train_wall 12909
| epoch 066 | valid on 'valid' subset | loss 6.398 | nll_loss 3.952 | ppl 15.48 | num_updates 26400 | best_loss 6.39764
| epoch 067 | loss 5.245 | nll_loss 2.847 | ppl 7.19 | wps 25699 | ups 2 | wpb 13799.390 | bsz 990.947 | num_updates 26800 | lr 0.000386334 | gnorm 0.191 | clip 0.000 | oom 0.000 | wall 14472 | train_wall 13105
| epoch 067 | valid on 'valid' subset | loss 6.387 | nll_loss 3.932 | ppl 15.26 | num_updates 26800 | best_loss 6.38724
| epoch 068 | loss 5.241 | nll_loss 2.841 | ppl 7.17 | wps 25566 | ups 2 | wpb 13799.390 | bsz 990.947 | num_updates 27200 | lr 0.000383482 | gnorm 0.192 | clip 0.000 | oom 0.000 | wall 14689 | train_wall 13301
| epoch 068 | valid on 'valid' subset | loss 6.394 | nll_loss 3.947 | ppl 15.43 | num_updates 27200 | best_loss 6.39366
| epoch 069 | loss 5.238 | nll_loss 2.838 | ppl 7.15 | wps 25637 | ups 2 | wpb 13799.390 | bsz 990.947 | num_updates 27600 | lr 0.000380693 | gnorm 0.191 | clip 0.000 | oom 0.000 | wall 14906 | train_wall 13497
| epoch 069 | valid on 'valid' subset | loss 6.363 | nll_loss 3.906 | ppl 14.99 | num_updates 27600 | best_loss 6.36278
| epoch 070 | loss 5.236 | nll_loss 2.835 | ppl 7.13 | wps 25828 | ups 2 | wpb 13799.390 | bsz 990.947 | num_updates 28000 | lr 0.000377964 | gnorm 0.194 | clip 0.000 | oom 0.000 | wall 15122 | train_wall 13692
| epoch 070 | valid on 'valid' subset | loss 6.379 | nll_loss 3.935 | ppl 15.3 | num_updates 28000 | best_loss 6.3791
| epoch 071 | loss 5.231 | nll_loss 2.828 | ppl 7.1 | wps 25540 | ups 2 | wpb 13799.390 | bsz 990.947 | num_updates 28400 | lr 0.000375293 | gnorm 0.191 | clip 0.000 | oom 0.000 | wall 15339 | train_wall 13888
| epoch 071 | valid on 'valid' subset | loss 6.400 | nll_loss 3.955 | ppl 15.51 | num_updates 28400 | best_loss 6.39978
| epoch 072 | loss 5.228 | nll_loss 2.825 | ppl 7.08 | wps 25535 | ups 2 | wpb 13799.390 | bsz 990.947 | num_updates 28800 | lr 0.000372678 | gnorm 0.191 | clip 0.000 | oom 0.000 | wall 15557 | train_wall 14085
| epoch 072 | valid on 'valid' subset | loss 6.369 | nll_loss 3.913 | ppl 15.06 | num_updates 28800 | best_loss 6.36928
| epoch 073 | loss 5.225 | nll_loss 2.821 | ppl 7.07 | wps 25608 | ups 2 | wpb 13799.390 | bsz 990.947 | num_updates 29200 | lr 0.000370117 | gnorm 0.193 | clip 0.000 | oom 0.000 | wall 15774 | train_wall 14281
| epoch 073 | valid on 'valid' subset | loss 6.371 | nll_loss 3.926 | ppl 15.2 | num_updates 29200 | best_loss 6.3707
| epoch 074 | loss 5.223 | nll_loss 2.818 | ppl 7.05 | wps 25607 | ups 2 | wpb 13799.390 | bsz 990.947 | num_updates 29600 | lr 0.000367607 | gnorm 0.192 | clip 0.000 | oom 0.000 | wall 15991 | train_wall 14477
| epoch 074 | valid on 'valid' subset | loss 6.387 | nll_loss 3.934 | ppl 15.28 | num_updates 29600 | best_loss 6.387
| epoch 075 | loss 5.220 | nll_loss 2.814 | ppl 7.03 | wps 25914 | ups 2 | wpb 13799.390 | bsz 990.947 | num_updates 30000 | lr 0.000365148 | gnorm 0.192 | clip 0.000 | oom 0.000 | wall 16206 | train_wall 14672
| epoch 075 | valid on 'valid' subset | loss 6.362 | nll_loss 3.905 | ppl 14.98 | num_updates 30000 | best_loss 6.36249
| epoch 076 | loss 5.216 | nll_loss 2.809 | ppl 7.01 | wps 25737 | ups 2 | wpb 13799.390 | bsz 990.947 | num_updates 30400 | lr 0.000362738 | gnorm 0.192 | clip 0.000 | oom 0.000 | wall 16422 | train_wall 14868
| epoch 076 | valid on 'valid' subset | loss 6.406 | nll_loss 3.961 | ppl 15.58 | num_updates 30400 | best_loss 6.40639
| epoch 077 | loss 5.214 | nll_loss 2.806 | ppl 6.99 | wps 25843 | ups 2 | wpb 13799.390 | bsz 990.947 | num_updates 30800 | lr 0.000360375 | gnorm 0.191 | clip 0.000 | oom 0.000 | wall 16637 | train_wall 15063
| epoch 077 | valid on 'valid' subset | loss 6.390 | nll_loss 3.934 | ppl 15.28 | num_updates 30800 | best_loss 6.39008
| epoch 078 | loss 5.211 | nll_loss 2.802 | ppl 6.98 | wps 25937 | ups 2 | wpb 13799.390 | bsz 990.947 | num_updates 31200 | lr 0.000358057 | gnorm 0.190 | clip 0.000 | oom 0.000 | wall 16852 | train_wall 15258
| epoch 078 | valid on 'valid' subset | loss 6.366 | nll_loss 3.909 | ppl 15.02 | num_updates 31200 | best_loss 6.3657
| epoch 079 | loss 5.208 | nll_loss 2.799 | ppl 6.96 | wps 25915 | ups 2 | wpb 13799.390 | bsz 990.947 | num_updates 31600 | lr 0.000355784 | gnorm 0.193 | clip 0.000 | oom 0.000 | wall 17067 | train_wall 15452
| epoch 079 | valid on 'valid' subset | loss 6.385 | nll_loss 3.921 | ppl 15.15 | num_updates 31600 | best_loss 6.38513
| epoch 080 | loss 5.205 | nll_loss 2.796 | ppl 6.94 | wps 25899 | ups 2 | wpb 13799.390 | bsz 990.947 | num_updates 32000 | lr 0.000353553 | gnorm 0.191 | clip 0.000 | oom 0.000 | wall 17281 | train_wall 15647
| epoch 080 | valid on 'valid' subset | loss 6.378 | nll_loss 3.917 | ppl 15.11 | num_updates 32000 | best_loss 6.37828
| epoch 081 | loss 5.203 | nll_loss 2.793 | ppl 6.93 | wps 25961 | ups 2 | wpb 13799.390 | bsz 990.947 | num_updates 32400 | lr 0.000351364 | gnorm 0.193 | clip 0.000 | oom 0.000 | wall 17495 | train_wall 15842
| epoch 081 | valid on 'valid' subset | loss 6.356 | nll_loss 3.901 | ppl 14.94 | num_updates 32400 | best_loss 6.35572
| epoch 082 | loss 5.201 | nll_loss 2.789 | ppl 6.91 | wps 25771 | ups 2 | wpb 13799.390 | bsz 990.947 | num_updates 32800 | lr 0.000349215 | gnorm 0.193 | clip 0.000 | oom 0.000 | wall 17711 | train_wall 16038
| epoch 082 | valid on 'valid' subset | loss 6.358 | nll_loss 3.901 | ppl 14.94 | num_updates 32800 | best_loss 6.35847
| epoch 083 | loss 5.197 | nll_loss 2.785 | ppl 6.89 | wps 25841 | ups 2 | wpb 13799.390 | bsz 990.947 | num_updates 33200 | lr 0.000347105 | gnorm 0.191 | clip 0.000 | oom 0.000 | wall 17926 | train_wall 16233
| epoch 083 | valid on 'valid' subset | loss 6.347 | nll_loss 3.887 | ppl 14.8 | num_updates 33200 | best_loss 6.34684
| epoch 084 | loss 5.194 | nll_loss 2.781 | ppl 6.87 | wps 25840 | ups 2 | wpb 13799.390 | bsz 990.947 | num_updates 33600 | lr 0.000345033 | gnorm 0.192 | clip 0.000 | oom 0.000 | wall 18142 | train_wall 16428
| epoch 084 | valid on 'valid' subset | loss 6.370 | nll_loss 3.910 | ppl 15.03 | num_updates 33600 | best_loss 6.37044
| epoch 085 | loss 5.193 | nll_loss 2.779 | ppl 6.87 | wps 25751 | ups 2 | wpb 13799.390 | bsz 990.947 | num_updates 34000 | lr 0.000342997 | gnorm 0.192 | clip 0.000 | oom 0.000 | wall 18358 | train_wall 16624
| epoch 085 | valid on 'valid' subset | loss 6.349 | nll_loss 3.890 | ppl 14.82 | num_updates 34000 | best_loss 6.34927
| epoch 086 | loss 5.191 | nll_loss 2.777 | ppl 6.85 | wps 25910 | ups 2 | wpb 13799.390 | bsz 990.947 | num_updates 34400 | lr 0.000340997 | gnorm 0.191 | clip 0.000 | oom 0.000 | wall 18572 | train_wall 16818
| epoch 086 | valid on 'valid' subset | loss 6.353 | nll_loss 3.895 | ppl 14.88 | num_updates 34400 | best_loss 6.35316
| epoch 087 | loss 5.188 | nll_loss 2.774 | ppl 6.84 | wps 25748 | ups 2 | wpb 13799.390 | bsz 990.947 | num_updates 34800 | lr 0.000339032 | gnorm 0.192 | clip 0.000 | oom 0.000 | wall 18788 | train_wall 17014
| epoch 087 | valid on 'valid' subset | loss 6.360 | nll_loss 3.894 | ppl 14.87 | num_updates 34800 | best_loss 6.35986
| epoch 088 | loss 5.186 | nll_loss 2.771 | ppl 6.82 | wps 25789 | ups 2 | wpb 13799.390 | bsz 990.947 | num_updates 35200 | lr 0.0003371 | gnorm 0.193 | clip 0.000 | oom 0.000 | wall 19004 | train_wall 17209
| epoch 088 | valid on 'valid' subset | loss 6.385 | nll_loss 3.936 | ppl 15.31 | num_updates 35200 | best_loss 6.38503
| epoch 089 | loss 5.183 | nll_loss 2.767 | ppl 6.81 | wps 25769 | ups 2 | wpb 13799.390 | bsz 990.947 | num_updates 35600 | lr 0.000335201 | gnorm 0.192 | clip 0.000 | oom 0.000 | wall 19220 | train_wall 17405
| epoch 089 | valid on 'valid' subset | loss 6.330 | nll_loss 3.873 | ppl 14.65 | num_updates 35600 | best_loss 6.33022
| epoch 090 | loss 5.182 | nll_loss 2.765 | ppl 6.8 | wps 25796 | ups 2 | wpb 13799.390 | bsz 990.947 | num_updates 36000 | lr 0.000333333 | gnorm 0.192 | clip 0.000 | oom 0.000 | wall 19436 | train_wall 17600
| epoch 090 | valid on 'valid' subset | loss 6.367 | nll_loss 3.911 | ppl 15.05 | num_updates 36000 | best_loss 6.36681
| saved checkpoint ./checkpoints/2020-06-18T16-53-04-00-exp28-bpe5000-lowercase-si-seed11-lowercase/checkpoints_si_en/checkpoint90.pt (epoch 90 @ 36000 updates) (writing took 1.21134352684021 seconds)
| epoch 091 | loss 5.179 | nll_loss 2.761 | ppl 6.78 | wps 25906 | ups 2 | wpb 13799.390 | bsz 990.947 | num_updates 36400 | lr 0.000331497 | gnorm 0.192 | clip 0.000 | oom 0.000 | wall 19651 | train_wall 17795
| epoch 091 | valid on 'valid' subset | loss 6.373 | nll_loss 3.917 | ppl 15.11 | num_updates 36400 | best_loss 6.36681
| epoch 092 | loss 5.177 | nll_loss 2.759 | ppl 6.77 | wps 25844 | ups 2 | wpb 13799.390 | bsz 990.947 | num_updates 36800 | lr 0.00032969 | gnorm 0.193 | clip 0.000 | oom 0.000 | wall 19867 | train_wall 17990
| epoch 092 | valid on 'valid' subset | loss 6.353 | nll_loss 3.895 | ppl 14.87 | num_updates 36800 | best_loss 6.35313
| epoch 093 | loss 5.175 | nll_loss 2.756 | ppl 6.75 | wps 25742 | ups 2 | wpb 13799.390 | bsz 990.947 | num_updates 37200 | lr 0.000327913 | gnorm 0.193 | clip 0.000 | oom 0.000 | wall 20083 | train_wall 18186
| epoch 093 | valid on 'valid' subset | loss 6.332 | nll_loss 3.873 | ppl 14.65 | num_updates 37200 | best_loss 6.33158
| epoch 094 | loss 5.172 | nll_loss 2.753 | ppl 6.74 | wps 25953 | ups 2 | wpb 13799.390 | bsz 990.947 | num_updates 37600 | lr 0.000326164 | gnorm 0.191 | clip 0.000 | oom 0.000 | wall 20297 | train_wall 18380
| epoch 094 | valid on 'valid' subset | loss 6.350 | nll_loss 3.889 | ppl 14.82 | num_updates 37600 | best_loss 6.34985
| epoch 095 | loss 5.170 | nll_loss 2.750 | ppl 6.73 | wps 25817 | ups 2 | wpb 13799.390 | bsz 990.947 | num_updates 38000 | lr 0.000324443 | gnorm 0.192 | clip 0.000 | oom 0.000 | wall 20512 | train_wall 18576
| epoch 095 | valid on 'valid' subset | loss 6.340 | nll_loss 3.878 | ppl 14.7 | num_updates 38000 | best_loss 6.34029
| epoch 096 | loss 5.167 | nll_loss 2.747 | ppl 6.71 | wps 25884 | ups 2 | wpb 13799.390 | bsz 990.947 | num_updates 38400 | lr 0.000322749 | gnorm 0.191 | clip 0.000 | oom 0.000 | wall 20727 | train_wall 18771
| epoch 096 | valid on 'valid' subset | loss 6.351 | nll_loss 3.876 | ppl 14.68 | num_updates 38400 | best_loss 6.35068
| epoch 097 | loss 5.166 | nll_loss 2.745 | ppl 6.7 | wps 25814 | ups 2 | wpb 13799.390 | bsz 990.947 | num_updates 38800 | lr 0.000321081 | gnorm 0.193 | clip 0.000 | oom 0.000 | wall 20943 | train_wall 18966
| epoch 097 | valid on 'valid' subset | loss 6.338 | nll_loss 3.878 | ppl 14.7 | num_updates 38800 | best_loss 6.3383
| epoch 098 | loss 5.164 | nll_loss 2.743 | ppl 6.69 | wps 25846 | ups 2 | wpb 13799.390 | bsz 990.947 | num_updates 39200 | lr 0.000319438 | gnorm 0.193 | clip 0.000 | oom 0.000 | wall 21158 | train_wall 19161
| epoch 098 | valid on 'valid' subset | loss 6.331 | nll_loss 3.863 | ppl 14.55 | num_updates 39200 | best_loss 6.33105
| epoch 099 | loss 5.162 | nll_loss 2.740 | ppl 6.68 | wps 25841 | ups 2 | wpb 13799.390 | bsz 990.947 | num_updates 39600 | lr 0.000317821 | gnorm 0.192 | clip 0.000 | oom 0.000 | wall 21373 | train_wall 19356
| epoch 099 | valid on 'valid' subset | loss 6.335 | nll_loss 3.877 | ppl 14.69 | num_updates 39600 | best_loss 6.33513
| epoch 100 | loss 5.160 | nll_loss 2.738 | ppl 6.67 | wps 25746 | ups 2 | wpb 13799.390 | bsz 990.947 | num_updates 40000 | lr 0.000316228 | gnorm 0.193 | clip 0.000 | oom 0.000 | wall 21589 | train_wall 19552
| epoch 100 | valid on 'valid' subset | loss 6.334 | nll_loss 3.870 | ppl 14.62 | num_updates 40000 | best_loss 6.33408
| done training in 21587.5 seconds
Done training.
Time at end: Thu Jun 18 22:53:04 EDT 2020
