================ FLORES BASELINE WITH BPE=5000 & SEED=12 & LOWERCASED ================
About to train the supervised for the following language pair: EN-SI
CHECKPOINT_DIR is set to './checkpoints/2020-07-11T01-50-04-00-exp333-bpe5000-lowercase-si-seed12-lowercase/checkpoints_en_si'
Creating checkpoint directory if it doesn't exist...
Data folder is: data-bin/wiki_si_en_bpe5000_lowercase/
Beginning training...
Time at beginning: Sat Jul 11 07:51:44 EDT 2020
Namespace(activation_dropout=0.2, activation_fn='relu', adam_betas='(0.9, 0.98)', adam_eps=1e-08, adaptive_input=False, adaptive_softmax_cutoff=None, adaptive_softmax_dropout=0, arch='transformer', attention_dropout=0.2, best_checkpoint_metric='loss', bpe=None, bucket_cap_mb=25, clip_norm=0.0, cpu=False, criterion='label_smoothed_cross_entropy', cross_self_attention=False, curriculum=0, data='data-bin/wiki_si_en_bpe5000_lowercase/', dataset_impl=None, ddp_backend='c10d', decoder_attention_heads=2, decoder_embed_dim=512, decoder_embed_path=None, decoder_ffn_embed_dim=2048, decoder_input_dim=512, decoder_layerdrop=0, decoder_layers=5, decoder_layers_to_keep=None, decoder_learned_pos=False, decoder_normalize_before=True, decoder_output_dim=512, device_id=0, disable_validation=False, distributed_backend='nccl', distributed_init_method=None, distributed_no_spawn=False, distributed_port=-1, distributed_rank=0, distributed_world_size=1, dropout=0.4, empty_cache_freq=0, encoder_attention_heads=2, encoder_embed_dim=512, encoder_embed_path=None, encoder_ffn_embed_dim=2048, encoder_layerdrop=0, encoder_layers=5, encoder_layers_to_keep=None, encoder_learned_pos=False, encoder_normalize_before=True, fast_stat_sync=False, find_unused_parameters=False, fix_batches_to_gpus=False, fixed_validation_seed=None, fp16=False, fp16_init_scale=128, fp16_scale_tolerance=0.0, fp16_scale_window=None, keep_interval_updates=-1, keep_last_epochs=-1, label_smoothing=0.2, layer_wise_attention=False, layernorm_embedding=False, lazy_load=False, left_pad_source='True', left_pad_target='False', load_alignments=False, log_format=None, log_interval=1000, lr=[0.001], lr_scheduler='inverse_sqrt', max_epoch=100, max_sentences=None, max_sentences_valid=None, max_source_positions=1024, max_target_positions=1024, max_tokens=4000, max_tokens_valid=4000, max_update=0, maximize_best_checkpoint_metric=False, memory_efficient_fp16=False, min_loss_scale=0.0001, min_lr=1e-09, no_cross_attention=False, no_epoch_checkpoints=False, no_last_checkpoints=False, no_progress_bar=False, no_save=False, no_save_optimizer_state=False, no_scale_embedding=False, no_token_positional_embeddings=False, num_workers=1, optimizer='adam', optimizer_overrides='{}', raw_text=False, required_batch_size_multiple=8, reset_dataloader=False, reset_lr_scheduler=False, reset_meters=False, reset_optimizer=False, restore_file='checkpoint_last.pt', save_dir='./checkpoints/2020-07-11T01-50-04-00-exp333-bpe5000-lowercase-si-seed12-lowercase/checkpoints_en_si', save_interval=30, save_interval_updates=0, seed=12, sentence_avg=False, share_all_embeddings=True, share_decoder_input_output_embed=False, skip_invalid_size_inputs_valid_test=False, source_lang='en', target_lang='si', task='translation', tensorboard_logdir='', threshold_loss_scale=None, tokenizer=None, train_subset='train', truncate_source=False, update_freq=[4], upsample_primary=1, use_bmuf=False, user_dir=None, valid_subset='valid', validate_interval=1, warmup_init_lr=1e-07, warmup_updates=4000, weight_decay=0.0001)
| [en] dictionary: 4976 types
| [si] dictionary: 4976 types
| loaded 2898 examples from: data-bin/wiki_si_en_bpe5000_lowercase/valid.si-en.en
| loaded 2898 examples from: data-bin/wiki_si_en_bpe5000_lowercase/valid.si-en.si
| data-bin/wiki_si_en_bpe5000_lowercase/ valid en-si 2898 examples
TransformerModel(
  (encoder): TransformerEncoder(
    (embed_tokens): Embedding(4976, 512, padding_idx=1)
    (embed_positions): SinusoidalPositionalEmbedding()
    (layers): ModuleList(
      (0): TransformerEncoderLayer(
        (self_attn): MultiheadAttention(
          (k_proj): Linear(in_features=512, out_features=512, bias=True)
          (v_proj): Linear(in_features=512, out_features=512, bias=True)
          (q_proj): Linear(in_features=512, out_features=512, bias=True)
          (out_proj): Linear(in_features=512, out_features=512, bias=True)
        )
        (self_attn_layer_norm): LayerNorm((512,), eps=1e-05, elementwise_affine=True)
        (fc1): Linear(in_features=512, out_features=2048, bias=True)
        (fc2): Linear(in_features=2048, out_features=512, bias=True)
        (final_layer_norm): LayerNorm((512,), eps=1e-05, elementwise_affine=True)
      )
      (1): TransformerEncoderLayer(
        (self_attn): MultiheadAttention(
          (k_proj): Linear(in_features=512, out_features=512, bias=True)
          (v_proj): Linear(in_features=512, out_features=512, bias=True)
          (q_proj): Linear(in_features=512, out_features=512, bias=True)
          (out_proj): Linear(in_features=512, out_features=512, bias=True)
        )
        (self_attn_layer_norm): LayerNorm((512,), eps=1e-05, elementwise_affine=True)
        (fc1): Linear(in_features=512, out_features=2048, bias=True)
        (fc2): Linear(in_features=2048, out_features=512, bias=True)
        (final_layer_norm): LayerNorm((512,), eps=1e-05, elementwise_affine=True)
      )
      (2): TransformerEncoderLayer(
        (self_attn): MultiheadAttention(
          (k_proj): Linear(in_features=512, out_features=512, bias=True)
          (v_proj): Linear(in_features=512, out_features=512, bias=True)
          (q_proj): Linear(in_features=512, out_features=512, bias=True)
          (out_proj): Linear(in_features=512, out_features=512, bias=True)
        )
        (self_attn_layer_norm): LayerNorm((512,), eps=1e-05, elementwise_affine=True)
        (fc1): Linear(in_features=512, out_features=2048, bias=True)
        (fc2): Linear(in_features=2048, out_features=512, bias=True)
        (final_layer_norm): LayerNorm((512,), eps=1e-05, elementwise_affine=True)
      )
      (3): TransformerEncoderLayer(
        (self_attn): MultiheadAttention(
          (k_proj): Linear(in_features=512, out_features=512, bias=True)
          (v_proj): Linear(in_features=512, out_features=512, bias=True)
          (q_proj): Linear(in_features=512, out_features=512, bias=True)
          (out_proj): Linear(in_features=512, out_features=512, bias=True)
        )
        (self_attn_layer_norm): LayerNorm((512,), eps=1e-05, elementwise_affine=True)
        (fc1): Linear(in_features=512, out_features=2048, bias=True)
        (fc2): Linear(in_features=2048, out_features=512, bias=True)
        (final_layer_norm): LayerNorm((512,), eps=1e-05, elementwise_affine=True)
      )
      (4): TransformerEncoderLayer(
        (self_attn): MultiheadAttention(
          (k_proj): Linear(in_features=512, out_features=512, bias=True)
          (v_proj): Linear(in_features=512, out_features=512, bias=True)
          (q_proj): Linear(in_features=512, out_features=512, bias=True)
          (out_proj): Linear(in_features=512, out_features=512, bias=True)
        )
        (self_attn_layer_norm): LayerNorm((512,), eps=1e-05, elementwise_affine=True)
        (fc1): Linear(in_features=512, out_features=2048, bias=True)
        (fc2): Linear(in_features=2048, out_features=512, bias=True)
        (final_layer_norm): LayerNorm((512,), eps=1e-05, elementwise_affine=True)
      )
    )
    (layer_norm): LayerNorm((512,), eps=1e-05, elementwise_affine=True)
  )
  (decoder): TransformerDecoder(
    (embed_tokens): Embedding(4976, 512, padding_idx=1)
    (embed_positions): SinusoidalPositionalEmbedding()
    (layers): ModuleList(
      (0): TransformerDecoderLayer(
        (self_attn): MultiheadAttention(
          (k_proj): Linear(in_features=512, out_features=512, bias=True)
          (v_proj): Linear(in_features=512, out_features=512, bias=True)
          (q_proj): Linear(in_features=512, out_features=512, bias=True)
          (out_proj): Linear(in_features=512, out_features=512, bias=True)
        )
        (self_attn_layer_norm): LayerNorm((512,), eps=1e-05, elementwise_affine=True)
        (encoder_attn): MultiheadAttention(
          (k_proj): Linear(in_features=512, out_features=512, bias=True)
          (v_proj): Linear(in_features=512, out_features=512, bias=True)
          (q_proj): Linear(in_features=512, out_features=512, bias=True)
          (out_proj): Linear(in_features=512, out_features=512, bias=True)
        )
        (encoder_attn_layer_norm): LayerNorm((512,), eps=1e-05, elementwise_affine=True)
        (fc1): Linear(in_features=512, out_features=2048, bias=True)
        (fc2): Linear(in_features=2048, out_features=512, bias=True)
        (final_layer_norm): LayerNorm((512,), eps=1e-05, elementwise_affine=True)
      )
      (1): TransformerDecoderLayer(
        (self_attn): MultiheadAttention(
          (k_proj): Linear(in_features=512, out_features=512, bias=True)
          (v_proj): Linear(in_features=512, out_features=512, bias=True)
          (q_proj): Linear(in_features=512, out_features=512, bias=True)
          (out_proj): Linear(in_features=512, out_features=512, bias=True)
        )
        (self_attn_layer_norm): LayerNorm((512,), eps=1e-05, elementwise_affine=True)
        (encoder_attn): MultiheadAttention(
          (k_proj): Linear(in_features=512, out_features=512, bias=True)
          (v_proj): Linear(in_features=512, out_features=512, bias=True)
          (q_proj): Linear(in_features=512, out_features=512, bias=True)
          (out_proj): Linear(in_features=512, out_features=512, bias=True)
        )
        (encoder_attn_layer_norm): LayerNorm((512,), eps=1e-05, elementwise_affine=True)
        (fc1): Linear(in_features=512, out_features=2048, bias=True)
        (fc2): Linear(in_features=2048, out_features=512, bias=True)
        (final_layer_norm): LayerNorm((512,), eps=1e-05, elementwise_affine=True)
      )
      (2): TransformerDecoderLayer(
        (self_attn): MultiheadAttention(
          (k_proj): Linear(in_features=512, out_features=512, bias=True)
          (v_proj): Linear(in_features=512, out_features=512, bias=True)
          (q_proj): Linear(in_features=512, out_features=512, bias=True)
          (out_proj): Linear(in_features=512, out_features=512, bias=True)
        )
        (self_attn_layer_norm): LayerNorm((512,), eps=1e-05, elementwise_affine=True)
        (encoder_attn): MultiheadAttention(
          (k_proj): Linear(in_features=512, out_features=512, bias=True)
          (v_proj): Linear(in_features=512, out_features=512, bias=True)
          (q_proj): Linear(in_features=512, out_features=512, bias=True)
          (out_proj): Linear(in_features=512, out_features=512, bias=True)
        )
        (encoder_attn_layer_norm): LayerNorm((512,), eps=1e-05, elementwise_affine=True)
        (fc1): Linear(in_features=512, out_features=2048, bias=True)
        (fc2): Linear(in_features=2048, out_features=512, bias=True)
        (final_layer_norm): LayerNorm((512,), eps=1e-05, elementwise_affine=True)
      )
      (3): TransformerDecoderLayer(
        (self_attn): MultiheadAttention(
          (k_proj): Linear(in_features=512, out_features=512, bias=True)
          (v_proj): Linear(in_features=512, out_features=512, bias=True)
          (q_proj): Linear(in_features=512, out_features=512, bias=True)
          (out_proj): Linear(in_features=512, out_features=512, bias=True)
        )
        (self_attn_layer_norm): LayerNorm((512,), eps=1e-05, elementwise_affine=True)
        (encoder_attn): MultiheadAttention(
          (k_proj): Linear(in_features=512, out_features=512, bias=True)
          (v_proj): Linear(in_features=512, out_features=512, bias=True)
          (q_proj): Linear(in_features=512, out_features=512, bias=True)
          (out_proj): Linear(in_features=512, out_features=512, bias=True)
        )
        (encoder_attn_layer_norm): LayerNorm((512,), eps=1e-05, elementwise_affine=True)
        (fc1): Linear(in_features=512, out_features=2048, bias=True)
        (fc2): Linear(in_features=2048, out_features=512, bias=True)
        (final_layer_norm): LayerNorm((512,), eps=1e-05, elementwise_affine=True)
      )
      (4): TransformerDecoderLayer(
        (self_attn): MultiheadAttention(
          (k_proj): Linear(in_features=512, out_features=512, bias=True)
          (v_proj): Linear(in_features=512, out_features=512, bias=True)
          (q_proj): Linear(in_features=512, out_features=512, bias=True)
          (out_proj): Linear(in_features=512, out_features=512, bias=True)
        )
        (self_attn_layer_norm): LayerNorm((512,), eps=1e-05, elementwise_affine=True)
        (encoder_attn): MultiheadAttention(
          (k_proj): Linear(in_features=512, out_features=512, bias=True)
          (v_proj): Linear(in_features=512, out_features=512, bias=True)
          (q_proj): Linear(in_features=512, out_features=512, bias=True)
          (out_proj): Linear(in_features=512, out_features=512, bias=True)
        )
        (encoder_attn_layer_norm): LayerNorm((512,), eps=1e-05, elementwise_affine=True)
        (fc1): Linear(in_features=512, out_features=2048, bias=True)
        (fc2): Linear(in_features=2048, out_features=512, bias=True)
        (final_layer_norm): LayerNorm((512,), eps=1e-05, elementwise_affine=True)
      )
    )
    (layer_norm): LayerNorm((512,), eps=1e-05, elementwise_affine=True)
  )
)
| model transformer, criterion LabelSmoothedCrossEntropyCriterion
| num. model params: 39331840 (num. trained: 39331840)
| training on 1 GPUs
| max tokens per GPU = 4000 and max sentences per GPU = None
| no existing checkpoint found ./checkpoints/2020-07-11T01-50-04-00-exp333-bpe5000-lowercase-si-seed12-lowercase/checkpoints_en_si/checkpoint_last.pt
| loading train data for epoch 0
| loaded 395374 examples from: data-bin/wiki_si_en_bpe5000_lowercase/train.si-en.en
| loaded 395374 examples from: data-bin/wiki_si_en_bpe5000_lowercase/train.si-en.si
| data-bin/wiki_si_en_bpe5000_lowercase/ train en-si 395374 examples
| NOTICE: your device may support faster training with --fp16
| epoch 001 | loss 10.610 | nll_loss 9.912 | ppl 963.7 | wps 25175 | ups 2 | wpb 13576.409 | bsz 998.419 | num_updates 396 | lr 9.90901e-05 | gnorm 0.778 | clip 0.000 | oom 0.000 | wall 217 | train_wall 195
| epoch 001 | valid on 'valid' subset | loss 10.617 | nll_loss 9.916 | ppl 965.9 | num_updates 396
| epoch 002 | loss 9.351 | nll_loss 8.236 | ppl 301.59 | wps 25167 | ups 2 | wpb 13576.409 | bsz 998.419 | num_updates 792 | lr 0.00019808 | gnorm 0.504 | clip 0.000 | oom 0.000 | wall 432 | train_wall 390
| epoch 002 | valid on 'valid' subset | loss 9.974 | nll_loss 8.967 | ppl 500.42 | num_updates 792
| epoch 003 | loss 8.566 | nll_loss 7.173 | ppl 144.28 | wps 25240 | ups 2 | wpb 13576.409 | bsz 998.419 | num_updates 1188 | lr 0.00029707 | gnorm 0.455 | clip 0.000 | oom 0.000 | wall 647 | train_wall 585
| epoch 003 | valid on 'valid' subset | loss 9.303 | nll_loss 7.979 | ppl 252.29 | num_updates 1188
| epoch 004 | loss 7.970 | nll_loss 6.374 | ppl 82.93 | wps 25281 | ups 2 | wpb 13576.409 | bsz 998.419 | num_updates 1584 | lr 0.00039606 | gnorm 0.406 | clip 0.000 | oom 0.000 | wall 861 | train_wall 779
| epoch 004 | valid on 'valid' subset | loss 8.916 | nll_loss 7.418 | ppl 171.05 | num_updates 1584
| epoch 005 | loss 7.594 | nll_loss 5.872 | ppl 58.56 | wps 25317 | ups 2 | wpb 13576.409 | bsz 998.419 | num_updates 1980 | lr 0.00049505 | gnorm 0.389 | clip 0.000 | oom 0.000 | wall 1076 | train_wall 974
| epoch 005 | valid on 'valid' subset | loss 8.658 | nll_loss 7.056 | ppl 133.11 | num_updates 1980
| epoch 006 | loss 7.311 | nll_loss 5.498 | ppl 45.18 | wps 25261 | ups 2 | wpb 13576.409 | bsz 998.419 | num_updates 2376 | lr 0.000594041 | gnorm 0.374 | clip 0.000 | oom 0.000 | wall 1290 | train_wall 1168
| epoch 006 | valid on 'valid' subset | loss 8.442 | nll_loss 6.730 | ppl 106.14 | num_updates 2376
| epoch 007 | loss 7.088 | nll_loss 5.205 | ppl 36.88 | wps 25250 | ups 2 | wpb 13576.409 | bsz 998.419 | num_updates 2772 | lr 0.000693031 | gnorm 0.350 | clip 0.000 | oom 0.000 | wall 1505 | train_wall 1363
| epoch 007 | valid on 'valid' subset | loss 8.271 | nll_loss 6.515 | ppl 91.48 | num_updates 2772
| epoch 008 | loss 6.921 | nll_loss 4.985 | ppl 31.66 | wps 25388 | ups 2 | wpb 13576.409 | bsz 998.419 | num_updates 3168 | lr 0.000792021 | gnorm 0.342 | clip 0.000 | oom 0.000 | wall 1718 | train_wall 1557
| epoch 008 | valid on 'valid' subset | loss 8.067 | nll_loss 6.219 | ppl 74.48 | num_updates 3168
| epoch 009 | loss 6.795 | nll_loss 4.821 | ppl 28.26 | wps 25144 | ups 2 | wpb 13576.409 | bsz 998.419 | num_updates 3564 | lr 0.000891011 | gnorm 0.328 | clip 0.000 | oom 0.000 | wall 1934 | train_wall 1752
| epoch 009 | valid on 'valid' subset | loss 7.988 | nll_loss 6.084 | ppl 67.82 | num_updates 3564
| epoch 010 | loss 6.700 | nll_loss 4.698 | ppl 25.95 | wps 25143 | ups 2 | wpb 13576.409 | bsz 998.419 | num_updates 3960 | lr 0.000990001 | gnorm 0.312 | clip 0.000 | oom 0.000 | wall 2149 | train_wall 1947
| epoch 010 | valid on 'valid' subset | loss 7.841 | nll_loss 5.888 | ppl 59.21 | num_updates 3960
| epoch 011 | loss 6.609 | nll_loss 4.580 | ppl 23.91 | wps 25323 | ups 2 | wpb 13576.409 | bsz 998.419 | num_updates 4356 | lr 0.000958266 | gnorm 0.289 | clip 0.000 | oom 0.000 | wall 2363 | train_wall 2142
| epoch 011 | valid on 'valid' subset | loss 7.787 | nll_loss 5.817 | ppl 56.37 | num_updates 4356
| epoch 012 | loss 6.521 | nll_loss 4.466 | ppl 22.1 | wps 25370 | ups 2 | wpb 13576.409 | bsz 998.419 | num_updates 4752 | lr 0.00091747 | gnorm 0.273 | clip 0.000 | oom 0.000 | wall 2577 | train_wall 2335
| epoch 012 | valid on 'valid' subset | loss 7.667 | nll_loss 5.624 | ppl 49.31 | num_updates 4752
| epoch 013 | loss 6.448 | nll_loss 4.372 | ppl 20.71 | wps 25366 | ups 2 | wpb 13576.409 | bsz 998.419 | num_updates 5148 | lr 0.000881476 | gnorm 0.262 | clip 0.000 | oom 0.000 | wall 2791 | train_wall 2529
| epoch 013 | valid on 'valid' subset | loss 7.698 | nll_loss 5.679 | ppl 51.22 | num_updates 5148
| epoch 014 | loss 6.387 | nll_loss 4.293 | ppl 19.6 | wps 25371 | ups 2 | wpb 13576.409 | bsz 998.419 | num_updates 5544 | lr 0.000849412 | gnorm 0.254 | clip 0.000 | oom 0.000 | wall 3004 | train_wall 2723
| epoch 014 | valid on 'valid' subset | loss 7.546 | nll_loss 5.473 | ppl 44.41 | num_updates 5544
| epoch 015 | loss 6.334 | nll_loss 4.225 | ppl 18.7 | wps 25448 | ups 2 | wpb 13576.409 | bsz 998.419 | num_updates 5940 | lr 0.00082061 | gnorm 0.247 | clip 0.000 | oom 0.000 | wall 3217 | train_wall 2917
| epoch 015 | valid on 'valid' subset | loss 7.498 | nll_loss 5.381 | ppl 41.68 | num_updates 5940
| epoch 016 | loss 6.290 | nll_loss 4.168 | ppl 17.97 | wps 25297 | ups 2 | wpb 13576.409 | bsz 998.419 | num_updates 6336 | lr 0.000794552 | gnorm 0.239 | clip 0.000 | oom 0.000 | wall 3431 | train_wall 3111
| epoch 016 | valid on 'valid' subset | loss 7.491 | nll_loss 5.399 | ppl 42.2 | num_updates 6336
| epoch 017 | loss 6.250 | nll_loss 4.117 | ppl 17.35 | wps 25185 | ups 2 | wpb 13576.409 | bsz 998.419 | num_updates 6732 | lr 0.000770829 | gnorm 0.233 | clip 0.000 | oom 0.000 | wall 3647 | train_wall 3306
| epoch 017 | valid on 'valid' subset | loss 7.419 | nll_loss 5.278 | ppl 38.81 | num_updates 6732
| epoch 018 | loss 6.217 | nll_loss 4.074 | ppl 16.84 | wps 25154 | ups 2 | wpb 13576.409 | bsz 998.419 | num_updates 7128 | lr 0.000749111 | gnorm 0.232 | clip 0.000 | oom 0.000 | wall 3862 | train_wall 3501
| epoch 018 | valid on 'valid' subset | loss 7.390 | nll_loss 5.269 | ppl 38.57 | num_updates 7128
| epoch 019 | loss 6.186 | nll_loss 4.034 | ppl 16.39 | wps 25392 | ups 2 | wpb 13576.409 | bsz 998.419 | num_updates 7524 | lr 0.000729131 | gnorm 0.229 | clip 0.000 | oom 0.000 | wall 4075 | train_wall 3695
| epoch 019 | valid on 'valid' subset | loss 7.379 | nll_loss 5.234 | ppl 37.63 | num_updates 7524
| epoch 020 | loss 6.158 | nll_loss 3.998 | ppl 15.98 | wps 25349 | ups 2 | wpb 13576.409 | bsz 998.419 | num_updates 7920 | lr 0.000710669 | gnorm 0.223 | clip 0.000 | oom 0.000 | wall 4289 | train_wall 3889
| epoch 020 | valid on 'valid' subset | loss 7.342 | nll_loss 5.171 | ppl 36.02 | num_updates 7920
| epoch 021 | loss 6.132 | nll_loss 3.965 | ppl 15.61 | wps 25127 | ups 2 | wpb 13576.409 | bsz 998.419 | num_updates 8316 | lr 0.000693542 | gnorm 0.220 | clip 0.000 | oom 0.000 | wall 4505 | train_wall 4084
| epoch 021 | valid on 'valid' subset | loss 7.295 | nll_loss 5.111 | ppl 34.56 | num_updates 8316
| epoch 022 | loss 6.110 | nll_loss 3.936 | ppl 15.31 | wps 25377 | ups 2 | wpb 13576.409 | bsz 998.419 | num_updates 8712 | lr 0.000677596 | gnorm 0.220 | clip 0.000 | oom 0.000 | wall 4718 | train_wall 4277
| epoch 022 | valid on 'valid' subset | loss 7.274 | nll_loss 5.070 | ppl 33.6 | num_updates 8712
| epoch 023 | loss 6.089 | nll_loss 3.909 | ppl 15.02 | wps 25266 | ups 2 | wpb 13576.409 | bsz 998.419 | num_updates 9108 | lr 0.000662702 | gnorm 0.216 | clip 0.000 | oom 0.000 | wall 4933 | train_wall 4471
| epoch 023 | valid on 'valid' subset | loss 7.264 | nll_loss 5.071 | ppl 33.61 | num_updates 9108
| epoch 024 | loss 6.069 | nll_loss 3.883 | ppl 14.75 | wps 25276 | ups 2 | wpb 13576.409 | bsz 998.419 | num_updates 9504 | lr 0.000648749 | gnorm 0.216 | clip 0.000 | oom 0.000 | wall 5147 | train_wall 4666
| epoch 024 | valid on 'valid' subset | loss 7.237 | nll_loss 5.025 | ppl 32.55 | num_updates 9504
| epoch 025 | loss 6.050 | nll_loss 3.860 | ppl 14.52 | wps 25269 | ups 2 | wpb 13576.409 | bsz 998.419 | num_updates 9900 | lr 0.000635642 | gnorm 0.214 | clip 0.000 | oom 0.000 | wall 5362 | train_wall 4860
| epoch 025 | valid on 'valid' subset | loss 7.213 | nll_loss 5.008 | ppl 32.18 | num_updates 9900
| epoch 026 | loss 6.034 | nll_loss 3.839 | ppl 14.31 | wps 25312 | ups 2 | wpb 13576.409 | bsz 998.419 | num_updates 10296 | lr 0.000623298 | gnorm 0.213 | clip 0.000 | oom 0.000 | wall 5576 | train_wall 5054
| epoch 026 | valid on 'valid' subset | loss 7.218 | nll_loss 4.997 | ppl 31.94 | num_updates 10296
| epoch 027 | loss 6.019 | nll_loss 3.819 | ppl 14.11 | wps 25235 | ups 2 | wpb 13576.409 | bsz 998.419 | num_updates 10692 | lr 0.000611647 | gnorm 0.213 | clip 0.000 | oom 0.000 | wall 5791 | train_wall 5249
| epoch 027 | valid on 'valid' subset | loss 7.181 | nll_loss 4.954 | ppl 31 | num_updates 10692
| epoch 028 | loss 6.003 | nll_loss 3.798 | ppl 13.91 | wps 25215 | ups 2 | wpb 13576.409 | bsz 998.419 | num_updates 11088 | lr 0.000600625 | gnorm 0.210 | clip 0.000 | oom 0.000 | wall 6006 | train_wall 5443
| epoch 028 | valid on 'valid' subset | loss 7.160 | nll_loss 4.922 | ppl 30.31 | num_updates 11088
| epoch 029 | loss 5.990 | nll_loss 3.782 | ppl 13.76 | wps 25409 | ups 2 | wpb 13576.409 | bsz 998.419 | num_updates 11484 | lr 0.000590179 | gnorm 0.211 | clip 0.000 | oom 0.000 | wall 6219 | train_wall 5637
| epoch 029 | valid on 'valid' subset | loss 7.152 | nll_loss 4.910 | ppl 30.06 | num_updates 11484
| epoch 030 | loss 5.976 | nll_loss 3.764 | ppl 13.58 | wps 25300 | ups 2 | wpb 13576.409 | bsz 998.419 | num_updates 11880 | lr 0.000580259 | gnorm 0.209 | clip 0.000 | oom 0.000 | wall 6433 | train_wall 5831
| epoch 030 | valid on 'valid' subset | loss 7.154 | nll_loss 4.924 | ppl 30.35 | num_updates 11880
| saved checkpoint ./checkpoints/2020-07-11T01-50-04-00-exp333-bpe5000-lowercase-si-seed12-lowercase/checkpoints_en_si/checkpoint30.pt (epoch 30 @ 11880 updates) (writing took 0.9426901340484619 seconds)
| epoch 031 | loss 5.963 | nll_loss 3.747 | ppl 13.43 | wps 25341 | ups 2 | wpb 13576.409 | bsz 998.419 | num_updates 12276 | lr 0.000570823 | gnorm 0.207 | clip 0.000 | oom 0.000 | wall 6648 | train_wall 6026
| epoch 031 | valid on 'valid' subset | loss 7.135 | nll_loss 4.900 | ppl 29.86 | num_updates 12276 | best_loss 7.1352
| epoch 032 | loss 5.953 | nll_loss 3.734 | ppl 13.3 | wps 25176 | ups 2 | wpb 13576.409 | bsz 998.419 | num_updates 12672 | lr 0.000561833 | gnorm 0.209 | clip 0.000 | oom 0.000 | wall 6863 | train_wall 6220
| epoch 032 | valid on 'valid' subset | loss 7.109 | nll_loss 4.854 | ppl 28.92 | num_updates 12672 | best_loss 7.10884
| epoch 033 | loss 5.940 | nll_loss 3.718 | ppl 13.16 | wps 25374 | ups 2 | wpb 13576.409 | bsz 998.419 | num_updates 13068 | lr 0.000553255 | gnorm 0.206 | clip 0.000 | oom 0.000 | wall 7077 | train_wall 6415
| epoch 033 | valid on 'valid' subset | loss 7.093 | nll_loss 4.836 | ppl 28.56 | num_updates 13068 | best_loss 7.09292
| epoch 034 | loss 5.931 | nll_loss 3.706 | ppl 13.05 | wps 25341 | ups 2 | wpb 13576.409 | bsz 998.419 | num_updates 13464 | lr 0.000545058 | gnorm 0.205 | clip 0.000 | oom 0.000 | wall 7291 | train_wall 6609
| epoch 034 | valid on 'valid' subset | loss 7.108 | nll_loss 4.859 | ppl 29.03 | num_updates 13464 | best_loss 7.10787
| epoch 035 | loss 5.919 | nll_loss 3.690 | ppl 12.9 | wps 25207 | ups 2 | wpb 13576.409 | bsz 998.419 | num_updates 13860 | lr 0.000537215 | gnorm 0.203 | clip 0.000 | oom 0.000 | wall 7506 | train_wall 6803
| epoch 035 | valid on 'valid' subset | loss 7.069 | nll_loss 4.800 | ppl 27.86 | num_updates 13860 | best_loss 7.06886
| epoch 036 | loss 5.911 | nll_loss 3.680 | ppl 12.82 | wps 25270 | ups 2 | wpb 13576.409 | bsz 998.419 | num_updates 14256 | lr 0.000529701 | gnorm 0.206 | clip 0.000 | oom 0.000 | wall 7720 | train_wall 6998
| epoch 036 | valid on 'valid' subset | loss 7.097 | nll_loss 4.830 | ppl 28.45 | num_updates 14256 | best_loss 7.09693
| epoch 037 | loss 5.901 | nll_loss 3.667 | ppl 12.7 | wps 25358 | ups 2 | wpb 13576.409 | bsz 998.419 | num_updates 14652 | lr 0.000522494 | gnorm 0.204 | clip 0.000 | oom 0.000 | wall 7934 | train_wall 7192
| epoch 037 | valid on 'valid' subset | loss 7.082 | nll_loss 4.826 | ppl 28.36 | num_updates 14652 | best_loss 7.08154
| epoch 038 | loss 5.893 | nll_loss 3.656 | ppl 12.61 | wps 25450 | ups 2 | wpb 13576.409 | bsz 998.419 | num_updates 15048 | lr 0.000515574 | gnorm 0.204 | clip 0.000 | oom 0.000 | wall 8147 | train_wall 7386
| epoch 038 | valid on 'valid' subset | loss 7.055 | nll_loss 4.790 | ppl 27.67 | num_updates 15048 | best_loss 7.05503
| epoch 039 | loss 5.884 | nll_loss 3.646 | ppl 12.52 | wps 25180 | ups 2 | wpb 13576.409 | bsz 998.419 | num_updates 15444 | lr 0.000508921 | gnorm 0.204 | clip 0.000 | oom 0.000 | wall 8362 | train_wall 7581
| epoch 039 | valid on 'valid' subset | loss 7.046 | nll_loss 4.762 | ppl 27.13 | num_updates 15444 | best_loss 7.04619
| epoch 040 | loss 5.876 | nll_loss 3.635 | ppl 12.42 | wps 25244 | ups 2 | wpb 13576.409 | bsz 998.419 | num_updates 15840 | lr 0.000502519 | gnorm 0.203 | clip 0.000 | oom 0.000 | wall 8577 | train_wall 7775
| epoch 040 | valid on 'valid' subset | loss 7.056 | nll_loss 4.785 | ppl 27.58 | num_updates 15840 | best_loss 7.05603
| epoch 041 | loss 5.867 | nll_loss 3.624 | ppl 12.33 | wps 25292 | ups 2 | wpb 13576.409 | bsz 998.419 | num_updates 16236 | lr 0.000496353 | gnorm 0.202 | clip 0.000 | oom 0.000 | wall 8791 | train_wall 7970
| epoch 041 | valid on 'valid' subset | loss 7.056 | nll_loss 4.787 | ppl 27.6 | num_updates 16236 | best_loss 7.05554
| epoch 042 | loss 5.862 | nll_loss 3.617 | ppl 12.27 | wps 25297 | ups 2 | wpb 13576.409 | bsz 998.419 | num_updates 16632 | lr 0.000490408 | gnorm 0.204 | clip 0.000 | oom 0.000 | wall 9005 | train_wall 8164
| epoch 042 | valid on 'valid' subset | loss 7.028 | nll_loss 4.744 | ppl 26.8 | num_updates 16632 | best_loss 7.02822
| epoch 043 | loss 5.854 | nll_loss 3.606 | ppl 12.18 | wps 25281 | ups 2 | wpb 13576.409 | bsz 998.419 | num_updates 17028 | lr 0.000484672 | gnorm 0.202 | clip 0.000 | oom 0.000 | wall 9220 | train_wall 8358
| epoch 043 | valid on 'valid' subset | loss 7.040 | nll_loss 4.767 | ppl 27.23 | num_updates 17028 | best_loss 7.04033
| epoch 044 | loss 5.847 | nll_loss 3.598 | ppl 12.11 | wps 25328 | ups 2 | wpb 13576.409 | bsz 998.419 | num_updates 17424 | lr 0.000479133 | gnorm 0.204 | clip 0.000 | oom 0.000 | wall 9434 | train_wall 8553
| epoch 044 | valid on 'valid' subset | loss 7.020 | nll_loss 4.722 | ppl 26.4 | num_updates 17424 | best_loss 7.01996
| epoch 045 | loss 5.840 | nll_loss 3.589 | ppl 12.03 | wps 25072 | ups 2 | wpb 13576.409 | bsz 998.419 | num_updates 17820 | lr 0.000473779 | gnorm 0.203 | clip 0.000 | oom 0.000 | wall 9650 | train_wall 8748
| epoch 045 | valid on 'valid' subset | loss 7.022 | nll_loss 4.738 | ppl 26.68 | num_updates 17820 | best_loss 7.02212
| epoch 046 | loss 5.833 | nll_loss 3.580 | ppl 11.96 | wps 25352 | ups 2 | wpb 13576.409 | bsz 998.419 | num_updates 18216 | lr 0.000468601 | gnorm 0.203 | clip 0.000 | oom 0.000 | wall 9864 | train_wall 8942
| epoch 046 | valid on 'valid' subset | loss 7.013 | nll_loss 4.720 | ppl 26.35 | num_updates 18216 | best_loss 7.01268
| epoch 047 | loss 5.827 | nll_loss 3.572 | ppl 11.89 | wps 25282 | ups 2 | wpb 13576.409 | bsz 998.419 | num_updates 18612 | lr 0.000463589 | gnorm 0.201 | clip 0.000 | oom 0.000 | wall 10078 | train_wall 9136
| epoch 047 | valid on 'valid' subset | loss 7.022 | nll_loss 4.737 | ppl 26.67 | num_updates 18612 | best_loss 7.02246
| epoch 048 | loss 5.821 | nll_loss 3.564 | ppl 11.83 | wps 25292 | ups 2 | wpb 13576.409 | bsz 998.419 | num_updates 19008 | lr 0.000458735 | gnorm 0.203 | clip 0.000 | oom 0.000 | wall 10292 | train_wall 9330
| epoch 048 | valid on 'valid' subset | loss 7.000 | nll_loss 4.706 | ppl 26.1 | num_updates 19008 | best_loss 7.00013
| epoch 049 | loss 5.816 | nll_loss 3.557 | ppl 11.77 | wps 25405 | ups 2 | wpb 13576.409 | bsz 998.419 | num_updates 19404 | lr 0.00045403 | gnorm 0.201 | clip 0.000 | oom 0.000 | wall 10506 | train_wall 9524
| epoch 049 | valid on 'valid' subset | loss 6.993 | nll_loss 4.696 | ppl 25.91 | num_updates 19404 | best_loss 6.99332
| epoch 050 | loss 5.809 | nll_loss 3.549 | ppl 11.7 | wps 25321 | ups 2 | wpb 13576.409 | bsz 998.419 | num_updates 19800 | lr 0.000449467 | gnorm 0.201 | clip 0.000 | oom 0.000 | wall 10720 | train_wall 9718
| epoch 050 | valid on 'valid' subset | loss 6.977 | nll_loss 4.674 | ppl 25.53 | num_updates 19800 | best_loss 6.97744
| epoch 051 | loss 5.803 | nll_loss 3.541 | ppl 11.64 | wps 25340 | ups 2 | wpb 13576.409 | bsz 998.419 | num_updates 20196 | lr 0.000445038 | gnorm 0.201 | clip 0.000 | oom 0.000 | wall 10933 | train_wall 9912
| epoch 051 | valid on 'valid' subset | loss 6.994 | nll_loss 4.699 | ppl 25.98 | num_updates 20196 | best_loss 6.99436
| epoch 052 | loss 5.798 | nll_loss 3.534 | ppl 11.59 | wps 25336 | ups 2 | wpb 13576.409 | bsz 998.419 | num_updates 20592 | lr 0.000440738 | gnorm 0.200 | clip 0.000 | oom 0.000 | wall 11147 | train_wall 10106
| epoch 052 | valid on 'valid' subset | loss 6.983 | nll_loss 4.686 | ppl 25.75 | num_updates 20592 | best_loss 6.98288
| epoch 053 | loss 5.793 | nll_loss 3.528 | ppl 11.53 | wps 25299 | ups 2 | wpb 13576.409 | bsz 998.419 | num_updates 20988 | lr 0.000436561 | gnorm 0.201 | clip 0.000 | oom 0.000 | wall 11362 | train_wall 10301
| epoch 053 | valid on 'valid' subset | loss 6.980 | nll_loss 4.687 | ppl 25.76 | num_updates 20988 | best_loss 6.97969
| epoch 054 | loss 5.789 | nll_loss 3.523 | ppl 11.49 | wps 25397 | ups 2 | wpb 13576.409 | bsz 998.419 | num_updates 21384 | lr 0.000432499 | gnorm 0.203 | clip 0.000 | oom 0.000 | wall 11575 | train_wall 10495
| epoch 054 | valid on 'valid' subset | loss 6.957 | nll_loss 4.643 | ppl 24.98 | num_updates 21384 | best_loss 6.95729
| epoch 055 | loss 5.783 | nll_loss 3.515 | ppl 11.43 | wps 25191 | ups 2 | wpb 13576.409 | bsz 998.419 | num_updates 21780 | lr 0.00042855 | gnorm 0.201 | clip 0.000 | oom 0.000 | wall 11790 | train_wall 10689
| epoch 055 | valid on 'valid' subset | loss 6.964 | nll_loss 4.653 | ppl 25.16 | num_updates 21780 | best_loss 6.96403
| epoch 056 | loss 5.778 | nll_loss 3.509 | ppl 11.38 | wps 25324 | ups 2 | wpb 13576.409 | bsz 998.419 | num_updates 22176 | lr 0.000424706 | gnorm 0.201 | clip 0.000 | oom 0.000 | wall 12004 | train_wall 10884
| epoch 056 | valid on 'valid' subset | loss 6.953 | nll_loss 4.646 | ppl 25.03 | num_updates 22176 | best_loss 6.95282
| epoch 057 | loss 5.775 | nll_loss 3.505 | ppl 11.35 | wps 25296 | ups 2 | wpb 13576.409 | bsz 998.419 | num_updates 22572 | lr 0.000420964 | gnorm 0.201 | clip 0.000 | oom 0.000 | wall 12218 | train_wall 11078
| epoch 057 | valid on 'valid' subset | loss 6.956 | nll_loss 4.645 | ppl 25.02 | num_updates 22572 | best_loss 6.95575
| epoch 058 | loss 5.769 | nll_loss 3.497 | ppl 11.29 | wps 25360 | ups 2 | wpb 13576.409 | bsz 998.419 | num_updates 22968 | lr 0.000417319 | gnorm 0.200 | clip 0.000 | oom 0.000 | wall 12432 | train_wall 11272
| epoch 058 | valid on 'valid' subset | loss 6.987 | nll_loss 4.683 | ppl 25.69 | num_updates 22968 | best_loss 6.98676
| epoch 059 | loss 5.764 | nll_loss 3.491 | ppl 11.24 | wps 25234 | ups 2 | wpb 13576.409 | bsz 998.419 | num_updates 23364 | lr 0.000413768 | gnorm 0.199 | clip 0.000 | oom 0.000 | wall 12647 | train_wall 11466
| epoch 059 | valid on 'valid' subset | loss 6.942 | nll_loss 4.639 | ppl 24.92 | num_updates 23364 | best_loss 6.94164
| epoch 060 | loss 5.760 | nll_loss 3.485 | ppl 11.2 | wps 25256 | ups 2 | wpb 13576.409 | bsz 998.419 | num_updates 23760 | lr 0.000410305 | gnorm 0.200 | clip 0.000 | oom 0.000 | wall 12861 | train_wall 11661
| epoch 060 | valid on 'valid' subset | loss 6.945 | nll_loss 4.635 | ppl 24.85 | num_updates 23760 | best_loss 6.94453
| saved checkpoint ./checkpoints/2020-07-11T01-50-04-00-exp333-bpe5000-lowercase-si-seed12-lowercase/checkpoints_en_si/checkpoint60.pt (epoch 60 @ 23760 updates) (writing took 1.240206003189087 seconds)
| epoch 061 | loss 5.756 | nll_loss 3.480 | ppl 11.16 | wps 25374 | ups 2 | wpb 13576.409 | bsz 998.419 | num_updates 24156 | lr 0.000406928 | gnorm 0.201 | clip 0.000 | oom 0.000 | wall 13076 | train_wall 11855
| epoch 061 | valid on 'valid' subset | loss 6.920 | nll_loss 4.605 | ppl 24.33 | num_updates 24156 | best_loss 6.91992
| epoch 062 | loss 5.752 | nll_loss 3.475 | ppl 11.12 | wps 25326 | ups 2 | wpb 13576.409 | bsz 998.419 | num_updates 24552 | lr 0.000403633 | gnorm 0.202 | clip 0.000 | oom 0.000 | wall 13290 | train_wall 12049
| epoch 062 | valid on 'valid' subset | loss 6.963 | nll_loss 4.659 | ppl 25.27 | num_updates 24552 | best_loss 6.94453
| epoch 063 | loss 5.749 | nll_loss 3.470 | ppl 11.08 | wps 25310 | ups 2 | wpb 13576.409 | bsz 998.419 | num_updates 24948 | lr 0.000400417 | gnorm 0.200 | clip 0.000 | oom 0.000 | wall 13504 | train_wall 12243
| epoch 063 | valid on 'valid' subset | loss 6.954 | nll_loss 4.638 | ppl 24.9 | num_updates 24948 | best_loss 6.94453
| epoch 064 | loss 5.744 | nll_loss 3.465 | ppl 11.04 | wps 25348 | ups 2 | wpb 13576.409 | bsz 998.419 | num_updates 25344 | lr 0.000397276 | gnorm 0.202 | clip 0.000 | oom 0.000 | wall 13718 | train_wall 12437
| epoch 064 | valid on 'valid' subset | loss 6.938 | nll_loss 4.629 | ppl 24.74 | num_updates 25344 | best_loss 6.93819
| epoch 065 | loss 5.741 | nll_loss 3.460 | ppl 11.01 | wps 25396 | ups 2 | wpb 13576.409 | bsz 998.419 | num_updates 25740 | lr 0.000394208 | gnorm 0.200 | clip 0.000 | oom 0.000 | wall 13931 | train_wall 12631
| epoch 065 | valid on 'valid' subset | loss 6.931 | nll_loss 4.613 | ppl 24.47 | num_updates 25740 | best_loss 6.93058
| epoch 066 | loss 5.737 | nll_loss 3.455 | ppl 10.97 | wps 25428 | ups 2 | wpb 13576.409 | bsz 998.419 | num_updates 26136 | lr 0.00039121 | gnorm 0.199 | clip 0.000 | oom 0.000 | wall 14145 | train_wall 12825
| epoch 066 | valid on 'valid' subset | loss 6.944 | nll_loss 4.638 | ppl 24.9 | num_updates 26136 | best_loss 6.94429
| epoch 067 | loss 5.733 | nll_loss 3.450 | ppl 10.93 | wps 25409 | ups 2 | wpb 13576.409 | bsz 998.419 | num_updates 26532 | lr 0.00038828 | gnorm 0.202 | clip 0.000 | oom 0.000 | wall 14358 | train_wall 13019
| epoch 067 | valid on 'valid' subset | loss 6.914 | nll_loss 4.597 | ppl 24.19 | num_updates 26532 | best_loss 6.91351
| epoch 068 | loss 5.730 | nll_loss 3.446 | ppl 10.9 | wps 25423 | ups 2 | wpb 13576.409 | bsz 998.419 | num_updates 26928 | lr 0.000385414 | gnorm 0.201 | clip 0.000 | oom 0.000 | wall 14571 | train_wall 13212
| epoch 068 | valid on 'valid' subset | loss 6.922 | nll_loss 4.610 | ppl 24.42 | num_updates 26928 | best_loss 6.92201
| epoch 069 | loss 5.726 | nll_loss 3.441 | ppl 10.86 | wps 25243 | ups 2 | wpb 13576.409 | bsz 998.419 | num_updates 27324 | lr 0.000382611 | gnorm 0.201 | clip 0.000 | oom 0.000 | wall 14786 | train_wall 13407
| epoch 069 | valid on 'valid' subset | loss 6.931 | nll_loss 4.620 | ppl 24.59 | num_updates 27324 | best_loss 6.93095
| epoch 070 | loss 5.722 | nll_loss 3.436 | ppl 10.83 | wps 25417 | ups 2 | wpb 13576.409 | bsz 998.419 | num_updates 27720 | lr 0.000379869 | gnorm 0.200 | clip 0.000 | oom 0.000 | wall 14999 | train_wall 13600
| epoch 070 | valid on 'valid' subset | loss 6.920 | nll_loss 4.612 | ppl 24.45 | num_updates 27720 | best_loss 6.91986
| epoch 071 | loss 5.719 | nll_loss 3.432 | ppl 10.79 | wps 25389 | ups 2 | wpb 13576.409 | bsz 998.419 | num_updates 28116 | lr 0.000377184 | gnorm 0.201 | clip 0.000 | oom 0.000 | wall 15212 | train_wall 13794
| epoch 071 | valid on 'valid' subset | loss 6.928 | nll_loss 4.620 | ppl 24.59 | num_updates 28116 | best_loss 6.92834
| epoch 072 | loss 5.716 | nll_loss 3.428 | ppl 10.76 | wps 25317 | ups 2 | wpb 13576.409 | bsz 998.419 | num_updates 28512 | lr 0.000374555 | gnorm 0.200 | clip 0.000 | oom 0.000 | wall 15426 | train_wall 13988
| epoch 072 | valid on 'valid' subset | loss 6.911 | nll_loss 4.593 | ppl 24.14 | num_updates 28512 | best_loss 6.91064
| epoch 073 | loss 5.713 | nll_loss 3.424 | ppl 10.74 | wps 25316 | ups 2 | wpb 13576.409 | bsz 998.419 | num_updates 28908 | lr 0.000371981 | gnorm 0.201 | clip 0.000 | oom 0.000 | wall 15641 | train_wall 14183
| epoch 073 | valid on 'valid' subset | loss 6.909 | nll_loss 4.590 | ppl 24.09 | num_updates 28908 | best_loss 6.90925
| epoch 074 | loss 5.708 | nll_loss 3.418 | ppl 10.69 | wps 25369 | ups 2 | wpb 13576.409 | bsz 998.419 | num_updates 29304 | lr 0.000369459 | gnorm 0.199 | clip 0.000 | oom 0.000 | wall 15854 | train_wall 14377
| epoch 074 | valid on 'valid' subset | loss 6.912 | nll_loss 4.600 | ppl 24.25 | num_updates 29304 | best_loss 6.91162
| epoch 075 | loss 5.706 | nll_loss 3.416 | ppl 10.67 | wps 25382 | ups 2 | wpb 13576.409 | bsz 998.419 | num_updates 29700 | lr 0.000366988 | gnorm 0.201 | clip 0.000 | oom 0.000 | wall 16068 | train_wall 14571
| epoch 075 | valid on 'valid' subset | loss 6.896 | nll_loss 4.572 | ppl 23.79 | num_updates 29700 | best_loss 6.89624
| epoch 076 | loss 5.703 | nll_loss 3.411 | ppl 10.63 | wps 25297 | ups 2 | wpb 13576.409 | bsz 998.419 | num_updates 30096 | lr 0.000364566 | gnorm 0.201 | clip 0.000 | oom 0.000 | wall 16282 | train_wall 14765
| epoch 076 | valid on 'valid' subset | loss 6.893 | nll_loss 4.565 | ppl 23.67 | num_updates 30096 | best_loss 6.89324
| epoch 077 | loss 5.700 | nll_loss 3.407 | ppl 10.61 | wps 25295 | ups 2 | wpb 13576.409 | bsz 998.419 | num_updates 30492 | lr 0.00036219 | gnorm 0.201 | clip 0.000 | oom 0.000 | wall 16496 | train_wall 14960
| epoch 077 | valid on 'valid' subset | loss 6.893 | nll_loss 4.582 | ppl 23.95 | num_updates 30492 | best_loss 6.89276
| epoch 078 | loss 5.697 | nll_loss 3.403 | ppl 10.58 | wps 25159 | ups 2 | wpb 13576.409 | bsz 998.419 | num_updates 30888 | lr 0.000359861 | gnorm 0.200 | clip 0.000 | oom 0.000 | wall 16712 | train_wall 15154
| epoch 078 | valid on 'valid' subset | loss 6.901 | nll_loss 4.574 | ppl 23.81 | num_updates 30888 | best_loss 6.90148
| epoch 079 | loss 5.695 | nll_loss 3.401 | ppl 10.56 | wps 25310 | ups 2 | wpb 13576.409 | bsz 998.419 | num_updates 31284 | lr 0.000357576 | gnorm 0.203 | clip 0.000 | oom 0.000 | wall 16926 | train_wall 15348
| epoch 079 | valid on 'valid' subset | loss 6.908 | nll_loss 4.580 | ppl 23.92 | num_updates 31284 | best_loss 6.90813
| epoch 080 | loss 5.692 | nll_loss 3.397 | ppl 10.53 | wps 25320 | ups 2 | wpb 13576.409 | bsz 998.419 | num_updates 31680 | lr 0.000355335 | gnorm 0.202 | clip 0.000 | oom 0.000 | wall 17140 | train_wall 15543
| epoch 080 | valid on 'valid' subset | loss 6.876 | nll_loss 4.553 | ppl 23.47 | num_updates 31680 | best_loss 6.87558
| epoch 081 | loss 5.689 | nll_loss 3.392 | ppl 10.5 | wps 25360 | ups 2 | wpb 13576.409 | bsz 998.419 | num_updates 32076 | lr 0.000353134 | gnorm 0.203 | clip 0.000 | oom 0.000 | wall 17354 | train_wall 15737
| epoch 081 | valid on 'valid' subset | loss 6.889 | nll_loss 4.569 | ppl 23.73 | num_updates 32076 | best_loss 6.88923
| epoch 082 | loss 5.686 | nll_loss 3.389 | ppl 10.48 | wps 25338 | ups 2 | wpb 13576.409 | bsz 998.419 | num_updates 32472 | lr 0.000350974 | gnorm 0.201 | clip 0.000 | oom 0.000 | wall 17568 | train_wall 15931
| epoch 082 | valid on 'valid' subset | loss 6.899 | nll_loss 4.579 | ppl 23.91 | num_updates 32472 | best_loss 6.89906
| epoch 083 | loss 5.683 | nll_loss 3.385 | ppl 10.45 | wps 25230 | ups 2 | wpb 13576.409 | bsz 998.419 | num_updates 32868 | lr 0.000348854 | gnorm 0.202 | clip 0.000 | oom 0.000 | wall 17782 | train_wall 16125
| epoch 083 | valid on 'valid' subset | loss 6.889 | nll_loss 4.558 | ppl 23.55 | num_updates 32868 | best_loss 6.88882
| epoch 084 | loss 5.680 | nll_loss 3.382 | ppl 10.42 | wps 25325 | ups 2 | wpb 13576.409 | bsz 998.419 | num_updates 33264 | lr 0.000346771 | gnorm 0.201 | clip 0.000 | oom 0.000 | wall 17996 | train_wall 16320
| epoch 084 | valid on 'valid' subset | loss 6.895 | nll_loss 4.565 | ppl 23.67 | num_updates 33264 | best_loss 6.89542
| epoch 085 | loss 5.679 | nll_loss 3.379 | ppl 10.41 | wps 25372 | ups 2 | wpb 13576.409 | bsz 998.419 | num_updates 33660 | lr 0.000344725 | gnorm 0.201 | clip 0.000 | oom 0.000 | wall 18210 | train_wall 16514
| epoch 085 | valid on 'valid' subset | loss 6.881 | nll_loss 4.549 | ppl 23.41 | num_updates 33660 | best_loss 6.88119
| epoch 086 | loss 5.677 | nll_loss 3.377 | ppl 10.39 | wps 25326 | ups 2 | wpb 13576.409 | bsz 998.419 | num_updates 34056 | lr 0.000342715 | gnorm 0.201 | clip 0.000 | oom 0.000 | wall 18424 | train_wall 16708
| epoch 086 | valid on 'valid' subset | loss 6.893 | nll_loss 4.575 | ppl 23.83 | num_updates 34056 | best_loss 6.89282
| epoch 087 | loss 5.673 | nll_loss 3.372 | ppl 10.35 | wps 25154 | ups 2 | wpb 13576.409 | bsz 998.419 | num_updates 34452 | lr 0.00034074 | gnorm 0.201 | clip 0.000 | oom 0.000 | wall 18639 | train_wall 16902
| epoch 087 | valid on 'valid' subset | loss 6.872 | nll_loss 4.535 | ppl 23.18 | num_updates 34452 | best_loss 6.87184
| epoch 088 | loss 5.671 | nll_loss 3.369 | ppl 10.33 | wps 25213 | ups 2 | wpb 13576.409 | bsz 998.419 | num_updates 34848 | lr 0.000338798 | gnorm 0.203 | clip 0.000 | oom 0.000 | wall 18854 | train_wall 17097
| epoch 088 | valid on 'valid' subset | loss 6.892 | nll_loss 4.562 | ppl 23.62 | num_updates 34848 | best_loss 6.89201
| epoch 089 | loss 5.669 | nll_loss 3.367 | ppl 10.32 | wps 25218 | ups 2 | wpb 13576.409 | bsz 998.419 | num_updates 35244 | lr 0.000336889 | gnorm 0.202 | clip 0.000 | oom 0.000 | wall 19069 | train_wall 17291
| epoch 089 | valid on 'valid' subset | loss 6.864 | nll_loss 4.536 | ppl 23.2 | num_updates 35244 | best_loss 6.86364
| epoch 090 | loss 5.666 | nll_loss 3.362 | ppl 10.28 | wps 25204 | ups 2 | wpb 13576.409 | bsz 998.419 | num_updates 35640 | lr 0.000335013 | gnorm 0.202 | clip 0.000 | oom 0.000 | wall 19284 | train_wall 17486
| epoch 090 | valid on 'valid' subset | loss 6.837 | nll_loss 4.494 | ppl 22.54 | num_updates 35640 | best_loss 6.83706
| saved checkpoint ./checkpoints/2020-07-11T01-50-04-00-exp333-bpe5000-lowercase-si-seed12-lowercase/checkpoints_en_si/checkpoint90.pt (epoch 90 @ 35640 updates) (writing took 1.2608232498168945 seconds)
| epoch 091 | loss 5.664 | nll_loss 3.360 | ppl 10.27 | wps 25219 | ups 2 | wpb 13576.409 | bsz 998.419 | num_updates 36036 | lr 0.000333167 | gnorm 0.202 | clip 0.000 | oom 0.000 | wall 19500 | train_wall 17681
| epoch 091 | valid on 'valid' subset | loss 6.847 | nll_loss 4.515 | ppl 22.86 | num_updates 36036 | best_loss 6.83706
| epoch 092 | loss 5.661 | nll_loss 3.357 | ppl 10.25 | wps 25251 | ups 2 | wpb 13576.409 | bsz 998.419 | num_updates 36432 | lr 0.000331351 | gnorm 0.203 | clip 0.000 | oom 0.000 | wall 19715 | train_wall 17875
| epoch 092 | valid on 'valid' subset | loss 6.861 | nll_loss 4.539 | ppl 23.24 | num_updates 36432 | best_loss 6.83706
| epoch 093 | loss 5.659 | nll_loss 3.354 | ppl 10.23 | wps 25229 | ups 2 | wpb 13576.409 | bsz 998.419 | num_updates 36828 | lr 0.000329565 | gnorm 0.204 | clip 0.000 | oom 0.000 | wall 19930 | train_wall 18070
| epoch 093 | valid on 'valid' subset | loss 6.848 | nll_loss 4.517 | ppl 22.89 | num_updates 36828 | best_loss 6.83706
| epoch 094 | loss 5.657 | nll_loss 3.351 | ppl 10.2 | wps 25141 | ups 2 | wpb 13576.409 | bsz 998.419 | num_updates 37224 | lr 0.000327807 | gnorm 0.202 | clip 0.000 | oom 0.000 | wall 20145 | train_wall 18265
| epoch 094 | valid on 'valid' subset | loss 6.859 | nll_loss 4.539 | ppl 23.25 | num_updates 37224 | best_loss 6.83706
| epoch 095 | loss 5.654 | nll_loss 3.348 | ppl 10.18 | wps 25376 | ups 2 | wpb 13576.409 | bsz 998.419 | num_updates 37620 | lr 0.000326077 | gnorm 0.201 | clip 0.000 | oom 0.000 | wall 20359 | train_wall 18459
| epoch 095 | valid on 'valid' subset | loss 6.853 | nll_loss 4.516 | ppl 22.88 | num_updates 37620 | best_loss 6.83706
| epoch 096 | loss 5.652 | nll_loss 3.345 | ppl 10.16 | wps 25360 | ups 2 | wpb 13576.409 | bsz 998.419 | num_updates 38016 | lr 0.000324375 | gnorm 0.201 | clip 0.000 | oom 0.000 | wall 20573 | train_wall 18653
| epoch 096 | valid on 'valid' subset | loss 6.874 | nll_loss 4.542 | ppl 23.29 | num_updates 38016 | best_loss 6.83706
| epoch 097 | loss 5.650 | nll_loss 3.342 | ppl 10.14 | wps 25231 | ups 2 | wpb 13576.409 | bsz 998.419 | num_updates 38412 | lr 0.000322698 | gnorm 0.202 | clip 0.000 | oom 0.000 | wall 20788 | train_wall 18847
| epoch 097 | valid on 'valid' subset | loss 6.860 | nll_loss 4.525 | ppl 23.02 | num_updates 38412 | best_loss 6.83706
| epoch 098 | loss 5.648 | nll_loss 3.340 | ppl 10.13 | wps 25327 | ups 2 | wpb 13576.409 | bsz 998.419 | num_updates 38808 | lr 0.000321048 | gnorm 0.202 | clip 0.000 | oom 0.000 | wall 21002 | train_wall 19042
| epoch 098 | valid on 'valid' subset | loss 6.864 | nll_loss 4.534 | ppl 23.16 | num_updates 38808 | best_loss 6.83706
| epoch 099 | loss 5.646 | nll_loss 3.338 | ppl 10.11 | wps 25338 | ups 2 | wpb 13576.409 | bsz 998.419 | num_updates 39204 | lr 0.000319422 | gnorm 0.202 | clip 0.000 | oom 0.000 | wall 21215 | train_wall 19236
| epoch 099 | valid on 'valid' subset | loss 6.866 | nll_loss 4.532 | ppl 23.13 | num_updates 39204 | best_loss 6.83706
| epoch 100 | loss 5.643 | nll_loss 3.333 | ppl 10.08 | wps 25199 | ups 2 | wpb 13576.409 | bsz 998.419 | num_updates 39600 | lr 0.000317821 | gnorm 0.202 | clip 0.000 | oom 0.000 | wall 21430 | train_wall 19431
| epoch 100 | valid on 'valid' subset | loss 6.850 | nll_loss 4.519 | ppl 22.93 | num_updates 39600 | best_loss 6.83706
| done training in 21428.8 seconds
Done training.
Time at end: Sat Jul 11 13:49:00 EDT 2020
