================ FLORES BASELINE WITH CLIP_NORM=0.1 AND SEED=19  ================
About to train the supervised for the following language pair: NE-EN
Checkpoint directory unset! Setting to default value...
CHECKPOINT_DIR is set to './checkpoints/2020-03-27T12-58-04-00-exp23-bpe7500/checkpoints_ne_en'
Creating checkpoint directory if it doesn't exist...
Data folder is: data-bin/wiki_ne_en_bpe7500/
Beginning training...
Time at beginning: Fri Mar 27 12:58:16 EDT 2020
Namespace(activation_dropout=0.2, activation_fn='relu', adam_betas='(0.9, 0.98)', adam_eps=1e-08, adaptive_input=False, adaptive_softmax_cutoff=None, adaptive_softmax_dropout=0, arch='transformer', attention_dropout=0.2, best_checkpoint_metric='loss', bpe=None, bucket_cap_mb=25, clip_norm=0.1, cpu=False, criterion='label_smoothed_cross_entropy', cross_self_attention=False, curriculum=0, data='data-bin/wiki_ne_en_bpe7500/', dataset_impl=None, ddp_backend='c10d', decoder_attention_heads=2, decoder_embed_dim=512, decoder_embed_path=None, decoder_ffn_embed_dim=2048, decoder_input_dim=512, decoder_layerdrop=0, decoder_layers=5, decoder_layers_to_keep=None, decoder_learned_pos=False, decoder_normalize_before=True, decoder_output_dim=512, device_id=0, disable_validation=False, distributed_backend='nccl', distributed_init_method=None, distributed_no_spawn=False, distributed_port=-1, distributed_rank=0, distributed_world_size=1, dropout=0.4, empty_cache_freq=0, encoder_attention_heads=2, encoder_embed_dim=512, encoder_embed_path=None, encoder_ffn_embed_dim=2048, encoder_layerdrop=0, encoder_layers=5, encoder_layers_to_keep=None, encoder_learned_pos=False, encoder_normalize_before=True, fast_stat_sync=False, find_unused_parameters=False, fix_batches_to_gpus=False, fixed_validation_seed=None, fp16=True, fp16_init_scale=128, fp16_scale_tolerance=0.0, fp16_scale_window=None, keep_interval_updates=-1, keep_last_epochs=-1, label_smoothing=0.2, layer_wise_attention=False, layernorm_embedding=False, lazy_load=False, left_pad_source='True', left_pad_target='False', load_alignments=False, log_format=None, log_interval=1000, lr=[0.001], lr_scheduler='inverse_sqrt', max_epoch=100, max_sentences=None, max_sentences_valid=None, max_source_positions=1024, max_target_positions=1024, max_tokens=4000, max_tokens_valid=4000, max_update=0, maximize_best_checkpoint_metric=False, memory_efficient_fp16=False, min_loss_scale=0.0001, min_lr=1e-09, no_cross_attention=False, no_epoch_checkpoints=False, no_last_checkpoints=False, no_progress_bar=False, no_save=False, no_save_optimizer_state=False, no_scale_embedding=False, no_token_positional_embeddings=False, num_workers=1, optimizer='adam', optimizer_overrides='{}', raw_text=False, required_batch_size_multiple=8, reset_dataloader=False, reset_lr_scheduler=False, reset_meters=False, reset_optimizer=False, restore_file='checkpoint_last.pt', save_dir='./checkpoints/2020-03-27T12-58-04-00-exp23-bpe7500/checkpoints_ne_en', save_interval=10, save_interval_updates=0, seed=19, sentence_avg=False, share_all_embeddings=True, share_decoder_input_output_embed=False, skip_invalid_size_inputs_valid_test=False, source_lang='ne', target_lang='en', task='translation', tensorboard_logdir='', threshold_loss_scale=None, tokenizer=None, train_subset='train', truncate_source=False, update_freq=[4], upsample_primary=1, use_bmuf=False, user_dir=None, valid_subset='valid', validate_interval=1, warmup_init_lr=1e-07, warmup_updates=4000, weight_decay=0.0001)
| [ne] dictionary: 7496 types
| [en] dictionary: 7496 types
| loaded 2559 examples from: data-bin/wiki_ne_en_bpe7500/valid.ne-en.ne
| loaded 2559 examples from: data-bin/wiki_ne_en_bpe7500/valid.ne-en.en
| data-bin/wiki_ne_en_bpe7500/ valid ne-en 2559 examples
TransformerModel(
  (encoder): TransformerEncoder(
    (embed_tokens): Embedding(7496, 512, padding_idx=1)
    (embed_positions): SinusoidalPositionalEmbedding()
    (layers): ModuleList(
      (0): TransformerEncoderLayer(
        (self_attn): MultiheadAttention(
          (k_proj): Linear(in_features=512, out_features=512, bias=True)
          (v_proj): Linear(in_features=512, out_features=512, bias=True)
          (q_proj): Linear(in_features=512, out_features=512, bias=True)
          (out_proj): Linear(in_features=512, out_features=512, bias=True)
        )
        (self_attn_layer_norm): LayerNorm((512,), eps=1e-05, elementwise_affine=True)
        (fc1): Linear(in_features=512, out_features=2048, bias=True)
        (fc2): Linear(in_features=2048, out_features=512, bias=True)
        (final_layer_norm): LayerNorm((512,), eps=1e-05, elementwise_affine=True)
      )
      (1): TransformerEncoderLayer(
        (self_attn): MultiheadAttention(
          (k_proj): Linear(in_features=512, out_features=512, bias=True)
          (v_proj): Linear(in_features=512, out_features=512, bias=True)
          (q_proj): Linear(in_features=512, out_features=512, bias=True)
          (out_proj): Linear(in_features=512, out_features=512, bias=True)
        )
        (self_attn_layer_norm): LayerNorm((512,), eps=1e-05, elementwise_affine=True)
        (fc1): Linear(in_features=512, out_features=2048, bias=True)
        (fc2): Linear(in_features=2048, out_features=512, bias=True)
        (final_layer_norm): LayerNorm((512,), eps=1e-05, elementwise_affine=True)
      )
      (2): TransformerEncoderLayer(
        (self_attn): MultiheadAttention(
          (k_proj): Linear(in_features=512, out_features=512, bias=True)
          (v_proj): Linear(in_features=512, out_features=512, bias=True)
          (q_proj): Linear(in_features=512, out_features=512, bias=True)
          (out_proj): Linear(in_features=512, out_features=512, bias=True)
        )
        (self_attn_layer_norm): LayerNorm((512,), eps=1e-05, elementwise_affine=True)
        (fc1): Linear(in_features=512, out_features=2048, bias=True)
        (fc2): Linear(in_features=2048, out_features=512, bias=True)
        (final_layer_norm): LayerNorm((512,), eps=1e-05, elementwise_affine=True)
      )
      (3): TransformerEncoderLayer(
        (self_attn): MultiheadAttention(
          (k_proj): Linear(in_features=512, out_features=512, bias=True)
          (v_proj): Linear(in_features=512, out_features=512, bias=True)
          (q_proj): Linear(in_features=512, out_features=512, bias=True)
          (out_proj): Linear(in_features=512, out_features=512, bias=True)
        )
        (self_attn_layer_norm): LayerNorm((512,), eps=1e-05, elementwise_affine=True)
        (fc1): Linear(in_features=512, out_features=2048, bias=True)
        (fc2): Linear(in_features=2048, out_features=512, bias=True)
        (final_layer_norm): LayerNorm((512,), eps=1e-05, elementwise_affine=True)
      )
      (4): TransformerEncoderLayer(
        (self_attn): MultiheadAttention(
          (k_proj): Linear(in_features=512, out_features=512, bias=True)
          (v_proj): Linear(in_features=512, out_features=512, bias=True)
          (q_proj): Linear(in_features=512, out_features=512, bias=True)
          (out_proj): Linear(in_features=512, out_features=512, bias=True)
        )
        (self_attn_layer_norm): LayerNorm((512,), eps=1e-05, elementwise_affine=True)
        (fc1): Linear(in_features=512, out_features=2048, bias=True)
        (fc2): Linear(in_features=2048, out_features=512, bias=True)
        (final_layer_norm): LayerNorm((512,), eps=1e-05, elementwise_affine=True)
      )
    )
    (layer_norm): LayerNorm((512,), eps=1e-05, elementwise_affine=True)
  )
  (decoder): TransformerDecoder(
    (embed_tokens): Embedding(7496, 512, padding_idx=1)
    (embed_positions): SinusoidalPositionalEmbedding()
    (layers): ModuleList(
      (0): TransformerDecoderLayer(
        (self_attn): MultiheadAttention(
          (k_proj): Linear(in_features=512, out_features=512, bias=True)
          (v_proj): Linear(in_features=512, out_features=512, bias=True)
          (q_proj): Linear(in_features=512, out_features=512, bias=True)
          (out_proj): Linear(in_features=512, out_features=512, bias=True)
        )
        (self_attn_layer_norm): LayerNorm((512,), eps=1e-05, elementwise_affine=True)
        (encoder_attn): MultiheadAttention(
          (k_proj): Linear(in_features=512, out_features=512, bias=True)
          (v_proj): Linear(in_features=512, out_features=512, bias=True)
          (q_proj): Linear(in_features=512, out_features=512, bias=True)
          (out_proj): Linear(in_features=512, out_features=512, bias=True)
        )
        (encoder_attn_layer_norm): LayerNorm((512,), eps=1e-05, elementwise_affine=True)
        (fc1): Linear(in_features=512, out_features=2048, bias=True)
        (fc2): Linear(in_features=2048, out_features=512, bias=True)
        (final_layer_norm): LayerNorm((512,), eps=1e-05, elementwise_affine=True)
      )
      (1): TransformerDecoderLayer(
        (self_attn): MultiheadAttention(
          (k_proj): Linear(in_features=512, out_features=512, bias=True)
          (v_proj): Linear(in_features=512, out_features=512, bias=True)
          (q_proj): Linear(in_features=512, out_features=512, bias=True)
          (out_proj): Linear(in_features=512, out_features=512, bias=True)
        )
        (self_attn_layer_norm): LayerNorm((512,), eps=1e-05, elementwise_affine=True)
        (encoder_attn): MultiheadAttention(
          (k_proj): Linear(in_features=512, out_features=512, bias=True)
          (v_proj): Linear(in_features=512, out_features=512, bias=True)
          (q_proj): Linear(in_features=512, out_features=512, bias=True)
          (out_proj): Linear(in_features=512, out_features=512, bias=True)
        )
        (encoder_attn_layer_norm): LayerNorm((512,), eps=1e-05, elementwise_affine=True)
        (fc1): Linear(in_features=512, out_features=2048, bias=True)
        (fc2): Linear(in_features=2048, out_features=512, bias=True)
        (final_layer_norm): LayerNorm((512,), eps=1e-05, elementwise_affine=True)
      )
      (2): TransformerDecoderLayer(
        (self_attn): MultiheadAttention(
          (k_proj): Linear(in_features=512, out_features=512, bias=True)
          (v_proj): Linear(in_features=512, out_features=512, bias=True)
          (q_proj): Linear(in_features=512, out_features=512, bias=True)
          (out_proj): Linear(in_features=512, out_features=512, bias=True)
        )
        (self_attn_layer_norm): LayerNorm((512,), eps=1e-05, elementwise_affine=True)
        (encoder_attn): MultiheadAttention(
          (k_proj): Linear(in_features=512, out_features=512, bias=True)
          (v_proj): Linear(in_features=512, out_features=512, bias=True)
          (q_proj): Linear(in_features=512, out_features=512, bias=True)
          (out_proj): Linear(in_features=512, out_features=512, bias=True)
        )
        (encoder_attn_layer_norm): LayerNorm((512,), eps=1e-05, elementwise_affine=True)
        (fc1): Linear(in_features=512, out_features=2048, bias=True)
        (fc2): Linear(in_features=2048, out_features=512, bias=True)
        (final_layer_norm): LayerNorm((512,), eps=1e-05, elementwise_affine=True)
      )
      (3): TransformerDecoderLayer(
        (self_attn): MultiheadAttention(
          (k_proj): Linear(in_features=512, out_features=512, bias=True)
          (v_proj): Linear(in_features=512, out_features=512, bias=True)
          (q_proj): Linear(in_features=512, out_features=512, bias=True)
          (out_proj): Linear(in_features=512, out_features=512, bias=True)
        )
        (self_attn_layer_norm): LayerNorm((512,), eps=1e-05, elementwise_affine=True)
        (encoder_attn): MultiheadAttention(
          (k_proj): Linear(in_features=512, out_features=512, bias=True)
          (v_proj): Linear(in_features=512, out_features=512, bias=True)
          (q_proj): Linear(in_features=512, out_features=512, bias=True)
          (out_proj): Linear(in_features=512, out_features=512, bias=True)
        )
        (encoder_attn_layer_norm): LayerNorm((512,), eps=1e-05, elementwise_affine=True)
        (fc1): Linear(in_features=512, out_features=2048, bias=True)
        (fc2): Linear(in_features=2048, out_features=512, bias=True)
        (final_layer_norm): LayerNorm((512,), eps=1e-05, elementwise_affine=True)
      )
      (4): TransformerDecoderLayer(
        (self_attn): MultiheadAttention(
          (k_proj): Linear(in_features=512, out_features=512, bias=True)
          (v_proj): Linear(in_features=512, out_features=512, bias=True)
          (q_proj): Linear(in_features=512, out_features=512, bias=True)
          (out_proj): Linear(in_features=512, out_features=512, bias=True)
        )
        (self_attn_layer_norm): LayerNorm((512,), eps=1e-05, elementwise_affine=True)
        (encoder_attn): MultiheadAttention(
          (k_proj): Linear(in_features=512, out_features=512, bias=True)
          (v_proj): Linear(in_features=512, out_features=512, bias=True)
          (q_proj): Linear(in_features=512, out_features=512, bias=True)
          (out_proj): Linear(in_features=512, out_features=512, bias=True)
        )
        (encoder_attn_layer_norm): LayerNorm((512,), eps=1e-05, elementwise_affine=True)
        (fc1): Linear(in_features=512, out_features=2048, bias=True)
        (fc2): Linear(in_features=2048, out_features=512, bias=True)
        (final_layer_norm): LayerNorm((512,), eps=1e-05, elementwise_affine=True)
      )
    )
    (layer_norm): LayerNorm((512,), eps=1e-05, elementwise_affine=True)
  )
)
| model transformer, criterion LabelSmoothedCrossEntropyCriterion
| num. model params: 40622080 (num. trained: 40622080)
| training on 1 GPUs
| max tokens per GPU = 4000 and max sentences per GPU = None
| no existing checkpoint found ./checkpoints/2020-03-27T12-58-04-00-exp23-bpe7500/checkpoints_ne_en/checkpoint_last.pt
| loading train data for epoch 0
| loaded 563820 examples from: data-bin/wiki_ne_en_bpe7500/train.ne-en.ne
| loaded 563820 examples from: data-bin/wiki_ne_en_bpe7500/train.ne-en.en
| data-bin/wiki_ne_en_bpe7500/ train ne-en 563820 examples
| WARNING: overflow detected, setting loss scale to: 64.0
| WARNING: overflow detected, setting loss scale to: 32.0
| WARNING: overflow detected, setting loss scale to: 16.0
| WARNING: overflow detected, setting loss scale to: 8.0
| epoch 001 | loss 10.710 | nll_loss 9.849 | ppl 922.44 | wps 54282 | ups 4 | wpb 12966.511 | bsz 1080.395 | num_updates 517 | lr 0.000129337 | gnorm 0.982 | clip 1.000 | oom 0.000 | loss_scale 8.000 | wall 123 | train_wall 92
| epoch 001 | valid on 'valid' subset | loss 10.246 | nll_loss 9.156 | ppl 570.53 | num_updates 517
| epoch 002 | loss 8.973 | nll_loss 7.519 | ppl 183.37 | wps 56240 | ups 4 | wpb 12977.226 | bsz 1082.188 | num_updates 1038 | lr 0.000259574 | gnorm 0.735 | clip 1.000 | oom 0.000 | loss_scale 8.000 | wall 244 | train_wall 186
| epoch 002 | valid on 'valid' subset | loss 9.374 | nll_loss 7.889 | ppl 237.08 | num_updates 1038
| epoch 003 | loss 7.889 | nll_loss 6.069 | ppl 67.13 | wps 55992 | ups 4 | wpb 12977.226 | bsz 1082.188 | num_updates 1559 | lr 0.000389811 | gnorm 0.589 | clip 1.000 | oom 0.000 | loss_scale 8.000 | wall 366 | train_wall 280
| epoch 003 | valid on 'valid' subset | loss 9.010 | nll_loss 7.335 | ppl 161.4 | num_updates 1559
| epoch 004 | loss 7.179 | nll_loss 5.118 | ppl 34.73 | wps 55736 | ups 4 | wpb 12977.226 | bsz 1082.188 | num_updates 2080 | lr 0.000520048 | gnorm 0.533 | clip 1.000 | oom 0.000 | loss_scale 8.000 | wall 488 | train_wall 374
| epoch 004 | valid on 'valid' subset | loss 8.775 | nll_loss 6.999 | ppl 127.88 | num_updates 2080
| epoch 005 | loss 6.746 | nll_loss 4.545 | ppl 23.35 | wps 56083 | ups 4 | wpb 12977.226 | bsz 1082.188 | num_updates 2601 | lr 0.000650285 | gnorm 0.494 | clip 1.000 | oom 0.000 | loss_scale 8.000 | wall 609 | train_wall 468
| epoch 005 | valid on 'valid' subset | loss 8.555 | nll_loss 6.718 | ppl 105.31 | num_updates 2601
| epoch 006 | loss 6.450 | nll_loss 4.160 | ppl 17.88 | wps 55480 | ups 4 | wpb 12977.226 | bsz 1082.188 | num_updates 3122 | lr 0.000780522 | gnorm 0.442 | clip 1.000 | oom 0.000 | loss_scale 8.000 | wall 732 | train_wall 562
| epoch 006 | valid on 'valid' subset | loss 8.407 | nll_loss 6.516 | ppl 91.52 | num_updates 3122
| epoch 007 | loss 6.231 | nll_loss 3.876 | ppl 14.69 | wps 56200 | ups 4 | wpb 12977.226 | bsz 1082.188 | num_updates 3643 | lr 0.000910759 | gnorm 0.413 | clip 1.000 | oom 0.000 | loss_scale 8.000 | wall 852 | train_wall 655
| epoch 007 | valid on 'valid' subset | loss 8.233 | nll_loss 6.279 | ppl 77.63 | num_updates 3643
| epoch 008 | loss 6.074 | nll_loss 3.675 | ppl 12.77 | wps 56106 | ups 4 | wpb 12977.226 | bsz 1082.188 | num_updates 4164 | lr 0.00098011 | gnorm 0.378 | clip 1.000 | oom 0.000 | loss_scale 8.000 | wall 974 | train_wall 748
| epoch 008 | valid on 'valid' subset | loss 8.034 | nll_loss 6.045 | ppl 66.03 | num_updates 4164
| epoch 009 | loss 5.917 | nll_loss 3.474 | ppl 11.11 | wps 55158 | ups 4 | wpb 12977.226 | bsz 1082.188 | num_updates 4685 | lr 0.000924007 | gnorm 0.340 | clip 1.000 | oom 0.000 | loss_scale 16.000 | wall 1097 | train_wall 843
| epoch 009 | valid on 'valid' subset | loss 7.927 | nll_loss 5.884 | ppl 59.07 | num_updates 4685
| epoch 010 | loss 5.783 | nll_loss 3.305 | ppl 9.88 | wps 56217 | ups 4 | wpb 12977.226 | bsz 1082.188 | num_updates 5206 | lr 0.000876552 | gnorm 0.314 | clip 1.000 | oom 0.000 | loss_scale 16.000 | wall 1218 | train_wall 936
| epoch 010 | valid on 'valid' subset | loss 7.846 | nll_loss 5.761 | ppl 54.23 | num_updates 5206
| saved checkpoint ./checkpoints/2020-03-27T12-58-04-00-exp23-bpe7500/checkpoints_ne_en/checkpoint10.pt (epoch 10 @ 5206 updates) (writing took 0.7444968223571777 seconds)
| WARNING: overflow detected, setting loss scale to: 8.0
| epoch 011 | loss 5.680 | nll_loss 3.174 | ppl 9.02 | wps 55282 | ups 4 | wpb 12976.542 | bsz 1079.715 | num_updates 5726 | lr 0.000835804 | gnorm 0.298 | clip 1.000 | oom 0.000 | loss_scale 8.000 | wall 1341 | train_wall 1031
| epoch 011 | valid on 'valid' subset | loss 7.735 | nll_loss 5.616 | ppl 49.05 | num_updates 5726 | best_loss 7.73487
| epoch 012 | loss 5.600 | nll_loss 3.072 | ppl 8.41 | wps 56203 | ups 4 | wpb 12977.226 | bsz 1082.188 | num_updates 6247 | lr 0.000800192 | gnorm 0.284 | clip 1.000 | oom 0.000 | loss_scale 8.000 | wall 1462 | train_wall 1124
| epoch 012 | valid on 'valid' subset | loss 7.694 | nll_loss 5.541 | ppl 46.54 | num_updates 6247 | best_loss 7.69365
| epoch 013 | loss 5.533 | nll_loss 2.988 | ppl 7.93 | wps 54679 | ups 4 | wpb 12977.226 | bsz 1082.188 | num_updates 6768 | lr 0.000768776 | gnorm 0.274 | clip 1.000 | oom 0.000 | loss_scale 8.000 | wall 1586 | train_wall 1220
| epoch 013 | valid on 'valid' subset | loss 7.654 | nll_loss 5.486 | ppl 44.81 | num_updates 6768 | best_loss 7.6543
| epoch 014 | loss 5.475 | nll_loss 2.915 | ppl 7.54 | wps 55682 | ups 4 | wpb 12977.226 | bsz 1082.188 | num_updates 7289 | lr 0.000740792 | gnorm 0.264 | clip 1.000 | oom 0.000 | loss_scale 8.000 | wall 1708 | train_wall 1315
| epoch 014 | valid on 'valid' subset | loss 7.581 | nll_loss 5.408 | ppl 42.45 | num_updates 7289 | best_loss 7.58108
| epoch 015 | loss 5.429 | nll_loss 2.857 | ppl 7.24 | wps 54990 | ups 4 | wpb 12977.226 | bsz 1082.188 | num_updates 7810 | lr 0.000715656 | gnorm 0.263 | clip 1.000 | oom 0.000 | loss_scale 8.000 | wall 1832 | train_wall 1411
| epoch 015 | valid on 'valid' subset | loss 7.557 | nll_loss 5.344 | ppl 40.63 | num_updates 7810 | best_loss 7.55742
| epoch 016 | loss 5.387 | nll_loss 2.804 | ppl 6.99 | wps 55685 | ups 4 | wpb 12977.226 | bsz 1082.188 | num_updates 8331 | lr 0.000692917 | gnorm 0.254 | clip 1.000 | oom 0.000 | loss_scale 8.000 | wall 1954 | train_wall 1505
| epoch 016 | valid on 'valid' subset | loss 7.555 | nll_loss 5.355 | ppl 40.94 | num_updates 8331 | best_loss 7.55488
| epoch 017 | loss 5.353 | nll_loss 2.761 | ppl 6.78 | wps 55648 | ups 4 | wpb 12977.226 | bsz 1082.188 | num_updates 8852 | lr 0.000672217 | gnorm 0.254 | clip 1.000 | oom 0.000 | loss_scale 8.000 | wall 2076 | train_wall 1599
| epoch 017 | valid on 'valid' subset | loss 7.501 | nll_loss 5.276 | ppl 38.74 | num_updates 8852 | best_loss 7.50082
| epoch 018 | loss 5.319 | nll_loss 2.718 | ppl 6.58 | wps 55604 | ups 4 | wpb 12977.226 | bsz 1082.188 | num_updates 9373 | lr 0.000653267 | gnorm 0.248 | clip 1.000 | oom 0.000 | loss_scale 8.000 | wall 2198 | train_wall 1693
| epoch 018 | valid on 'valid' subset | loss 7.486 | nll_loss 5.265 | ppl 38.46 | num_updates 9373 | best_loss 7.4859
| epoch 019 | loss 5.290 | nll_loss 2.681 | ppl 6.41 | wps 55898 | ups 4 | wpb 12977.226 | bsz 1082.188 | num_updates 9894 | lr 0.000635834 | gnorm 0.243 | clip 1.000 | oom 0.000 | loss_scale 16.000 | wall 2320 | train_wall 1786
| epoch 019 | valid on 'valid' subset | loss 7.455 | nll_loss 5.211 | ppl 37.04 | num_updates 9894 | best_loss 7.45477
| epoch 020 | loss 5.266 | nll_loss 2.650 | ppl 6.28 | wps 54787 | ups 4 | wpb 12977.226 | bsz 1082.188 | num_updates 10415 | lr 0.000619727 | gnorm 0.244 | clip 1.000 | oom 0.000 | loss_scale 16.000 | wall 2444 | train_wall 1883
| epoch 020 | valid on 'valid' subset | loss 7.462 | nll_loss 5.213 | ppl 37.09 | num_updates 10415 | best_loss 7.46159
| saved checkpoint ./checkpoints/2020-03-27T12-58-04-00-exp23-bpe7500/checkpoints_ne_en/checkpoint20.pt (epoch 20 @ 10415 updates) (writing took 1.0329148769378662 seconds)
| epoch 021 | loss 5.242 | nll_loss 2.620 | ppl 6.15 | wps 55487 | ups 4 | wpb 12977.226 | bsz 1082.188 | num_updates 10936 | lr 0.000604785 | gnorm 0.241 | clip 1.000 | oom 0.000 | loss_scale 16.000 | wall 2568 | train_wall 1977
| epoch 021 | valid on 'valid' subset | loss 7.420 | nll_loss 5.178 | ppl 36.2 | num_updates 10936 | best_loss 7.42026
| epoch 022 | loss 5.219 | nll_loss 2.591 | ppl 6.03 | wps 55253 | ups 4 | wpb 12977.226 | bsz 1082.188 | num_updates 11457 | lr 0.000590874 | gnorm 0.237 | clip 1.000 | oom 0.000 | loss_scale 16.000 | wall 2691 | train_wall 2072
| epoch 022 | valid on 'valid' subset | loss 7.414 | nll_loss 5.166 | ppl 35.91 | num_updates 11457 | best_loss 7.41392
| epoch 023 | loss 5.198 | nll_loss 2.566 | ppl 5.92 | wps 54816 | ups 4 | wpb 12977.226 | bsz 1082.188 | num_updates 11978 | lr 0.00057788 | gnorm 0.236 | clip 1.000 | oom 0.000 | loss_scale 16.000 | wall 2814 | train_wall 2168
| epoch 023 | valid on 'valid' subset | loss 7.407 | nll_loss 5.169 | ppl 35.99 | num_updates 11978 | best_loss 7.40694
| epoch 024 | loss 5.181 | nll_loss 2.544 | ppl 5.83 | wps 55540 | ups 4 | wpb 12977.226 | bsz 1082.188 | num_updates 12499 | lr 0.000565708 | gnorm 0.237 | clip 1.000 | oom 0.000 | loss_scale 16.000 | wall 2937 | train_wall 2264
| epoch 024 | valid on 'valid' subset | loss 7.419 | nll_loss 5.160 | ppl 35.76 | num_updates 12499 | best_loss 7.41864
| epoch 025 | loss 5.164 | nll_loss 2.523 | ppl 5.75 | wps 54488 | ups 4 | wpb 12977.226 | bsz 1082.188 | num_updates 13020 | lr 0.000554274 | gnorm 0.233 | clip 1.000 | oom 0.000 | loss_scale 16.000 | wall 3061 | train_wall 2360
| epoch 025 | valid on 'valid' subset | loss 7.390 | nll_loss 5.125 | ppl 34.89 | num_updates 13020 | best_loss 7.3904
| epoch 026 | loss 5.146 | nll_loss 2.501 | ppl 5.66 | wps 56786 | ups 4 | wpb 12977.226 | bsz 1082.188 | num_updates 13541 | lr 0.000543506 | gnorm 0.230 | clip 1.000 | oom 0.000 | loss_scale 16.000 | wall 3181 | train_wall 2453
| epoch 026 | valid on 'valid' subset | loss 7.396 | nll_loss 5.135 | ppl 35.14 | num_updates 13541 | best_loss 7.39639
| epoch 027 | loss 5.133 | nll_loss 2.484 | ppl 5.59 | wps 55333 | ups 4 | wpb 12977.226 | bsz 1082.188 | num_updates 14062 | lr 0.000533343 | gnorm 0.231 | clip 1.000 | oom 0.000 | loss_scale 32.000 | wall 3304 | train_wall 2549
| epoch 027 | valid on 'valid' subset | loss 7.382 | nll_loss 5.119 | ppl 34.75 | num_updates 14062 | best_loss 7.38214
| epoch 028 | loss 5.118 | nll_loss 2.466 | ppl 5.52 | wps 55472 | ups 4 | wpb 12977.226 | bsz 1082.188 | num_updates 14583 | lr 0.000523729 | gnorm 0.228 | clip 1.000 | oom 0.000 | loss_scale 32.000 | wall 3427 | train_wall 2645
| epoch 028 | valid on 'valid' subset | loss 7.347 | nll_loss 5.073 | ppl 33.66 | num_updates 14583 | best_loss 7.34735
| epoch 029 | loss 5.105 | nll_loss 2.448 | ppl 5.46 | wps 54550 | ups 4 | wpb 12977.226 | bsz 1082.188 | num_updates 15104 | lr 0.000514617 | gnorm 0.228 | clip 1.000 | oom 0.000 | loss_scale 32.000 | wall 3551 | train_wall 2741
| epoch 029 | valid on 'valid' subset | loss 7.330 | nll_loss 5.066 | ppl 33.49 | num_updates 15104 | best_loss 7.32956
| epoch 030 | loss 5.093 | nll_loss 2.434 | ppl 5.4 | wps 57158 | ups 4 | wpb 12977.226 | bsz 1082.188 | num_updates 15625 | lr 0.000505964 | gnorm 0.227 | clip 1.000 | oom 0.000 | loss_scale 32.000 | wall 3670 | train_wall 2834
| epoch 030 | valid on 'valid' subset | loss 7.311 | nll_loss 5.025 | ppl 32.57 | num_updates 15625 | best_loss 7.31136
| saved checkpoint ./checkpoints/2020-03-27T12-58-04-00-exp23-bpe7500/checkpoints_ne_en/checkpoint30.pt (epoch 30 @ 15625 updates) (writing took 1.0258030891418457 seconds)
| WARNING: overflow detected, setting loss scale to: 16.0
| epoch 031 | loss 5.080 | nll_loss 2.418 | ppl 5.34 | wps 55451 | ups 4 | wpb 12973.329 | bsz 1078.885 | num_updates 16145 | lr 0.00049775 | gnorm 0.226 | clip 1.000 | oom 0.000 | loss_scale 16.000 | wall 3794 | train_wall 2928
| epoch 031 | valid on 'valid' subset | loss 7.319 | nll_loss 5.051 | ppl 33.15 | num_updates 16145 | best_loss 7.31136
| epoch 032 | loss 5.070 | nll_loss 2.405 | ppl 5.3 | wps 56198 | ups 4 | wpb 12977.226 | bsz 1082.188 | num_updates 16666 | lr 0.000489908 | gnorm 0.226 | clip 1.000 | oom 0.000 | loss_scale 16.000 | wall 3915 | train_wall 3023
| epoch 032 | valid on 'valid' subset | loss 7.327 | nll_loss 5.051 | ppl 33.15 | num_updates 16666 | best_loss 7.31136
| epoch 033 | loss 5.060 | nll_loss 2.393 | ppl 5.25 | wps 56837 | ups 4 | wpb 12977.226 | bsz 1082.188 | num_updates 17187 | lr 0.000482425 | gnorm 0.227 | clip 1.000 | oom 0.000 | loss_scale 16.000 | wall 4034 | train_wall 3116
| epoch 033 | valid on 'valid' subset | loss 7.342 | nll_loss 5.060 | ppl 33.35 | num_updates 17187 | best_loss 7.31136
| epoch 034 | loss 5.049 | nll_loss 2.379 | ppl 5.2 | wps 55276 | ups 4 | wpb 12977.226 | bsz 1082.188 | num_updates 17708 | lr 0.000475275 | gnorm 0.225 | clip 1.000 | oom 0.000 | loss_scale 16.000 | wall 4157 | train_wall 3212
| epoch 034 | valid on 'valid' subset | loss 7.310 | nll_loss 5.022 | ppl 32.49 | num_updates 17708 | best_loss 7.31017
| epoch 035 | loss 5.040 | nll_loss 2.367 | ppl 5.16 | wps 55226 | ups 4 | wpb 12977.226 | bsz 1082.188 | num_updates 18229 | lr 0.000468434 | gnorm 0.225 | clip 1.000 | oom 0.000 | loss_scale 16.000 | wall 4280 | train_wall 3308
| epoch 035 | valid on 'valid' subset | loss 7.320 | nll_loss 5.027 | ppl 32.61 | num_updates 18229 | best_loss 7.31136
| epoch 036 | loss 5.030 | nll_loss 2.355 | ppl 5.12 | wps 54811 | ups 4 | wpb 12977.226 | bsz 1082.188 | num_updates 18750 | lr 0.00046188 | gnorm 0.224 | clip 1.000 | oom 0.000 | loss_scale 16.000 | wall 4404 | train_wall 3404
| epoch 036 | valid on 'valid' subset | loss 7.307 | nll_loss 5.018 | ppl 32.4 | num_updates 18750 | best_loss 7.30737
| epoch 037 | loss 5.022 | nll_loss 2.345 | ppl 5.08 | wps 55565 | ups 4 | wpb 12977.226 | bsz 1082.188 | num_updates 19271 | lr 0.000455594 | gnorm 0.227 | clip 1.000 | oom 0.000 | loss_scale 16.000 | wall 4527 | train_wall 3498
| epoch 037 | valid on 'valid' subset | loss 7.303 | nll_loss 5.010 | ppl 32.21 | num_updates 19271 | best_loss 7.30279
| epoch 038 | loss 5.013 | nll_loss 2.334 | ppl 5.04 | wps 55542 | ups 4 | wpb 12977.226 | bsz 1082.188 | num_updates 19792 | lr 0.000449557 | gnorm 0.224 | clip 1.000 | oom 0.000 | loss_scale 32.000 | wall 4649 | train_wall 3593
| epoch 038 | valid on 'valid' subset | loss 7.280 | nll_loss 4.991 | ppl 31.79 | num_updates 19792 | best_loss 7.27964
| WARNING: overflow detected, setting loss scale to: 16.0
| epoch 039 | loss 5.004 | nll_loss 2.323 | ppl 5 | wps 55783 | ups 4 | wpb 12983.913 | bsz 1079.623 | num_updates 20312 | lr 0.000443766 | gnorm 0.224 | clip 1.000 | oom 0.000 | loss_scale 16.000 | wall 4771 | train_wall 3687
| epoch 039 | valid on 'valid' subset | loss 7.304 | nll_loss 5.019 | ppl 32.43 | num_updates 20312 | best_loss 7.30378
| epoch 040 | loss 4.998 | nll_loss 2.315 | ppl 4.98 | wps 55259 | ups 4 | wpb 12977.226 | bsz 1082.188 | num_updates 20833 | lr 0.000438182 | gnorm 0.224 | clip 1.000 | oom 0.000 | loss_scale 16.000 | wall 4894 | train_wall 3783
| epoch 040 | valid on 'valid' subset | loss 7.267 | nll_loss 4.972 | ppl 31.39 | num_updates 20833 | best_loss 7.26702
| saved checkpoint ./checkpoints/2020-03-27T12-58-04-00-exp23-bpe7500/checkpoints_ne_en/checkpoint40.pt (epoch 40 @ 20833 updates) (writing took 1.0239722728729248 seconds)
| epoch 041 | loss 4.990 | nll_loss 2.305 | ppl 4.94 | wps 54947 | ups 4 | wpb 12977.226 | bsz 1082.188 | num_updates 21354 | lr 0.000432803 | gnorm 0.223 | clip 1.000 | oom 0.000 | loss_scale 16.000 | wall 5018 | train_wall 3880
| epoch 041 | valid on 'valid' subset | loss 7.284 | nll_loss 4.990 | ppl 31.79 | num_updates 21354 | best_loss 7.26702
| epoch 042 | loss 4.983 | nll_loss 2.297 | ppl 4.91 | wps 55590 | ups 4 | wpb 12977.226 | bsz 1082.188 | num_updates 21875 | lr 0.000427618 | gnorm 0.224 | clip 1.000 | oom 0.000 | loss_scale 16.000 | wall 5141 | train_wall 3975
| epoch 042 | valid on 'valid' subset | loss 7.247 | nll_loss 4.966 | ppl 31.26 | num_updates 21875 | best_loss 7.24749
| epoch 043 | loss 4.976 | nll_loss 2.287 | ppl 4.88 | wps 55069 | ups 4 | wpb 12977.226 | bsz 1082.188 | num_updates 22396 | lr 0.000422615 | gnorm 0.222 | clip 1.000 | oom 0.000 | loss_scale 16.000 | wall 5264 | train_wall 4071
| epoch 043 | valid on 'valid' subset | loss 7.265 | nll_loss 4.974 | ppl 31.43 | num_updates 22396 | best_loss 7.26546
| epoch 044 | loss 4.969 | nll_loss 2.279 | ppl 4.85 | wps 55438 | ups 4 | wpb 12977.226 | bsz 1082.188 | num_updates 22917 | lr 0.000417783 | gnorm 0.223 | clip 1.000 | oom 0.000 | loss_scale 16.000 | wall 5387 | train_wall 4167
| epoch 044 | valid on 'valid' subset | loss 7.261 | nll_loss 4.978 | ppl 31.52 | num_updates 22917 | best_loss 7.26054
| epoch 045 | loss 4.963 | nll_loss 2.272 | ppl 4.83 | wps 56094 | ups 4 | wpb 12977.226 | bsz 1082.188 | num_updates 23438 | lr 0.000413114 | gnorm 0.225 | clip 1.000 | oom 0.000 | loss_scale 16.000 | wall 5508 | train_wall 4261
| epoch 045 | valid on 'valid' subset | loss 7.294 | nll_loss 5.005 | ppl 32.12 | num_updates 23438 | best_loss 7.26702
| epoch 046 | loss 4.957 | nll_loss 2.264 | ppl 4.8 | wps 55436 | ups 4 | wpb 12977.226 | bsz 1082.188 | num_updates 23959 | lr 0.000408597 | gnorm 0.223 | clip 1.000 | oom 0.000 | loss_scale 16.000 | wall 5630 | train_wall 4355
| epoch 046 | valid on 'valid' subset | loss 7.245 | nll_loss 4.950 | ppl 30.91 | num_updates 23959 | best_loss 7.24476
| epoch 047 | loss 4.951 | nll_loss 2.256 | ppl 4.78 | wps 55028 | ups 4 | wpb 12977.226 | bsz 1082.188 | num_updates 24480 | lr 0.000404226 | gnorm 0.222 | clip 1.000 | oom 0.000 | loss_scale 32.000 | wall 5754 | train_wall 4452
| epoch 047 | valid on 'valid' subset | loss 7.234 | nll_loss 4.935 | ppl 30.58 | num_updates 24480 | best_loss 7.23368
| epoch 048 | loss 4.945 | nll_loss 2.249 | ppl 4.75 | wps 54958 | ups 4 | wpb 12977.226 | bsz 1082.188 | num_updates 25001 | lr 0.000399992 | gnorm 0.224 | clip 1.000 | oom 0.000 | loss_scale 32.000 | wall 5878 | train_wall 4547
| epoch 048 | valid on 'valid' subset | loss 7.279 | nll_loss 4.982 | ppl 31.59 | num_updates 25001 | best_loss 7.26702
| epoch 049 | loss 4.939 | nll_loss 2.242 | ppl 4.73 | wps 55580 | ups 4 | wpb 12977.226 | bsz 1082.188 | num_updates 25522 | lr 0.000395888 | gnorm 0.223 | clip 1.000 | oom 0.000 | loss_scale 32.000 | wall 6000 | train_wall 4642
| epoch 049 | valid on 'valid' subset | loss 7.256 | nll_loss 4.961 | ppl 31.15 | num_updates 25522 | best_loss 7.25565
| epoch 050 | loss 4.935 | nll_loss 2.236 | ppl 4.71 | wps 55682 | ups 4 | wpb 12977.226 | bsz 1082.188 | num_updates 26043 | lr 0.000391908 | gnorm 0.222 | clip 1.000 | oom 0.000 | loss_scale 32.000 | wall 6122 | train_wall 4738
| epoch 050 | valid on 'valid' subset | loss 7.250 | nll_loss 4.957 | ppl 31.05 | num_updates 26043 | best_loss 7.25008
| saved checkpoint ./checkpoints/2020-03-27T12-58-04-00-exp23-bpe7500/checkpoints_ne_en/checkpoint50.pt (epoch 50 @ 26043 updates) (writing took 1.0764789581298828 seconds)
| epoch 051 | loss 4.928 | nll_loss 2.227 | ppl 4.68 | wps 56981 | ups 4 | wpb 12977.226 | bsz 1082.188 | num_updates 26564 | lr 0.000388046 | gnorm 0.221 | clip 1.000 | oom 0.000 | loss_scale 32.000 | wall 6242 | train_wall 4830
| epoch 051 | valid on 'valid' subset | loss 7.243 | nll_loss 4.956 | ppl 31.05 | num_updates 26564 | best_loss 7.2435
| epoch 052 | loss 4.924 | nll_loss 2.222 | ppl 4.67 | wps 56552 | ups 4 | wpb 12977.226 | bsz 1082.188 | num_updates 27085 | lr 0.000384296 | gnorm 0.221 | clip 1.000 | oom 0.000 | loss_scale 32.000 | wall 6362 | train_wall 4924
| epoch 052 | valid on 'valid' subset | loss 7.246 | nll_loss 4.950 | ppl 30.9 | num_updates 27085 | best_loss 7.24574
| epoch 053 | loss 4.918 | nll_loss 2.215 | ppl 4.64 | wps 55515 | ups 4 | wpb 12977.226 | bsz 1082.188 | num_updates 27606 | lr 0.000380652 | gnorm 0.221 | clip 1.000 | oom 0.000 | loss_scale 32.000 | wall 6485 | train_wall 5019
| epoch 053 | valid on 'valid' subset | loss 7.255 | nll_loss 4.955 | ppl 31.02 | num_updates 27606 | best_loss 7.25008
| epoch 054 | loss 4.914 | nll_loss 2.210 | ppl 4.63 | wps 55532 | ups 4 | wpb 12977.226 | bsz 1082.188 | num_updates 28127 | lr 0.00037711 | gnorm 0.223 | clip 1.000 | oom 0.000 | loss_scale 32.000 | wall 6607 | train_wall 5114
| epoch 054 | valid on 'valid' subset | loss 7.245 | nll_loss 4.941 | ppl 30.72 | num_updates 28127 | best_loss 7.245
| WARNING: overflow detected, setting loss scale to: 32.0
| epoch 055 | loss 4.910 | nll_loss 2.205 | ppl 4.61 | wps 54289 | ups 4 | wpb 12977.717 | bsz 1078.223 | num_updates 28647 | lr 0.000373672 | gnorm 0.222 | clip 1.000 | oom 0.000 | loss_scale 32.000 | wall 6732 | train_wall 5211
| epoch 055 | valid on 'valid' subset | loss 7.254 | nll_loss 4.955 | ppl 31.02 | num_updates 28647 | best_loss 7.25008
| epoch 056 | loss 4.905 | nll_loss 2.198 | ppl 4.59 | wps 54388 | ups 4 | wpb 12977.226 | bsz 1082.188 | num_updates 29168 | lr 0.00037032 | gnorm 0.222 | clip 1.000 | oom 0.000 | loss_scale 32.000 | wall 6857 | train_wall 5308
| epoch 056 | valid on 'valid' subset | loss 7.212 | nll_loss 4.917 | ppl 30.22 | num_updates 29168 | best_loss 7.21153
| epoch 057 | loss 4.901 | nll_loss 2.194 | ppl 4.58 | wps 54377 | ups 4 | wpb 12977.226 | bsz 1082.188 | num_updates 29689 | lr 0.000367056 | gnorm 0.223 | clip 1.000 | oom 0.000 | loss_scale 32.000 | wall 6982 | train_wall 5405
| epoch 057 | valid on 'valid' subset | loss 7.219 | nll_loss 4.921 | ppl 30.3 | num_updates 29689 | best_loss 7.21908
| WARNING: overflow detected, setting loss scale to: 16.0
| epoch 058 | loss 4.899 | nll_loss 2.191 | ppl 4.57 | wps 55258 | ups 4 | wpb 12971.783 | bsz 1074.823 | num_updates 30209 | lr 0.000363883 | gnorm 0.223 | clip 1.000 | oom 0.000 | loss_scale 16.000 | wall 7105 | train_wall 5500
| epoch 058 | valid on 'valid' subset | loss 7.244 | nll_loss 4.947 | ppl 30.85 | num_updates 30209 | best_loss 7.24386
| epoch 059 | loss 4.892 | nll_loss 2.182 | ppl 4.54 | wps 55362 | ups 4 | wpb 12977.226 | bsz 1082.188 | num_updates 30730 | lr 0.000360785 | gnorm 0.224 | clip 1.000 | oom 0.000 | loss_scale 16.000 | wall 7228 | train_wall 5596
| epoch 059 | valid on 'valid' subset | loss 7.213 | nll_loss 4.905 | ppl 29.96 | num_updates 30730 | best_loss 7.21256
| epoch 060 | loss 4.888 | nll_loss 2.177 | ppl 4.52 | wps 54486 | ups 4 | wpb 12977.226 | bsz 1082.188 | num_updates 31251 | lr 0.000357765 | gnorm 0.222 | clip 1.000 | oom 0.000 | loss_scale 16.000 | wall 7352 | train_wall 5693
| epoch 060 | valid on 'valid' subset | loss 7.235 | nll_loss 4.943 | ppl 30.76 | num_updates 31251 | best_loss 7.23507
| saved checkpoint ./checkpoints/2020-03-27T12-58-04-00-exp23-bpe7500/checkpoints_ne_en/checkpoint60.pt (epoch 60 @ 31251 updates) (writing took 1.039175271987915 seconds)
| epoch 061 | loss 4.884 | nll_loss 2.173 | ppl 4.51 | wps 55979 | ups 4 | wpb 12977.226 | bsz 1082.188 | num_updates 31772 | lr 0.00035482 | gnorm 0.223 | clip 1.000 | oom 0.000 | loss_scale 16.000 | wall 7475 | train_wall 5788
| epoch 061 | valid on 'valid' subset | loss 7.244 | nll_loss 4.947 | ppl 30.84 | num_updates 31772 | best_loss 7.23507
| epoch 062 | loss 4.880 | nll_loss 2.168 | ppl 4.49 | wps 55045 | ups 4 | wpb 12977.226 | bsz 1082.188 | num_updates 32293 | lr 0.000351946 | gnorm 0.223 | clip 1.000 | oom 0.000 | loss_scale 16.000 | wall 7598 | train_wall 5883
| epoch 062 | valid on 'valid' subset | loss 7.203 | nll_loss 4.906 | ppl 29.99 | num_updates 32293 | best_loss 7.20347
| epoch 063 | loss 4.876 | nll_loss 2.163 | ppl 4.48 | wps 55415 | ups 4 | wpb 12977.226 | bsz 1082.188 | num_updates 32814 | lr 0.000349141 | gnorm 0.224 | clip 1.000 | oom 0.000 | loss_scale 16.000 | wall 7721 | train_wall 5978
| epoch 063 | valid on 'valid' subset | loss 7.204 | nll_loss 4.907 | ppl 30.01 | num_updates 32814 | best_loss 7.20353
| epoch 064 | loss 4.873 | nll_loss 2.159 | ppl 4.46 | wps 55086 | ups 4 | wpb 12977.226 | bsz 1082.188 | num_updates 33335 | lr 0.000346402 | gnorm 0.223 | clip 1.000 | oom 0.000 | loss_scale 16.000 | wall 7844 | train_wall 6074
| epoch 064 | valid on 'valid' subset | loss 7.233 | nll_loss 4.925 | ppl 30.39 | num_updates 33335 | best_loss 7.23311
| epoch 065 | loss 4.869 | nll_loss 2.154 | ppl 4.45 | wps 54887 | ups 4 | wpb 12977.226 | bsz 1082.188 | num_updates 33856 | lr 0.000343726 | gnorm 0.223 | clip 1.000 | oom 0.000 | loss_scale 16.000 | wall 7968 | train_wall 6170
| epoch 065 | valid on 'valid' subset | loss 7.200 | nll_loss 4.897 | ppl 29.79 | num_updates 33856 | best_loss 7.20024
| epoch 066 | loss 4.865 | nll_loss 2.149 | ppl 4.44 | wps 55783 | ups 4 | wpb 12977.226 | bsz 1082.188 | num_updates 34377 | lr 0.000341111 | gnorm 0.223 | clip 1.000 | oom 0.000 | loss_scale 32.000 | wall 8090 | train_wall 6265
| epoch 066 | valid on 'valid' subset | loss 7.205 | nll_loss 4.907 | ppl 30 | num_updates 34377 | best_loss 7.20547
| epoch 067 | loss 4.862 | nll_loss 2.144 | ppl 4.42 | wps 54707 | ups 4 | wpb 12977.226 | bsz 1082.188 | num_updates 34898 | lr 0.000338555 | gnorm 0.222 | clip 1.000 | oom 0.000 | loss_scale 32.000 | wall 8215 | train_wall 6360
| epoch 067 | valid on 'valid' subset | loss 7.223 | nll_loss 4.923 | ppl 30.33 | num_updates 34898 | best_loss 7.223
| epoch 068 | loss 4.858 | nll_loss 2.140 | ppl 4.41 | wps 55190 | ups 4 | wpb 12977.226 | bsz 1082.188 | num_updates 35419 | lr 0.000336056 | gnorm 0.223 | clip 1.000 | oom 0.000 | loss_scale 32.000 | wall 8338 | train_wall 6455
| epoch 068 | valid on 'valid' subset | loss 7.208 | nll_loss 4.899 | ppl 29.83 | num_updates 35419 | best_loss 7.20794
| epoch 069 | loss 4.855 | nll_loss 2.136 | ppl 4.4 | wps 55160 | ups 4 | wpb 12977.226 | bsz 1082.188 | num_updates 35940 | lr 0.000333611 | gnorm 0.223 | clip 1.000 | oom 0.000 | loss_scale 32.000 | wall 8461 | train_wall 6551
| epoch 069 | valid on 'valid' subset | loss 7.202 | nll_loss 4.901 | ppl 29.87 | num_updates 35940 | best_loss 7.20195
| epoch 070 | loss 4.852 | nll_loss 2.132 | ppl 4.38 | wps 55474 | ups 4 | wpb 12977.226 | bsz 1082.188 | num_updates 36461 | lr 0.000331219 | gnorm 0.222 | clip 1.000 | oom 0.000 | loss_scale 32.000 | wall 8583 | train_wall 6647
| epoch 070 | valid on 'valid' subset | loss 7.195 | nll_loss 4.896 | ppl 29.78 | num_updates 36461 | best_loss 7.19509
| saved checkpoint ./checkpoints/2020-03-27T12-58-04-00-exp23-bpe7500/checkpoints_ne_en/checkpoint70.pt (epoch 70 @ 36461 updates) (writing took 1.0316276550292969 seconds)
| epoch 071 | loss 4.848 | nll_loss 2.127 | ppl 4.37 | wps 54815 | ups 4 | wpb 12977.226 | bsz 1082.188 | num_updates 36982 | lr 0.000328878 | gnorm 0.223 | clip 1.000 | oom 0.000 | loss_scale 32.000 | wall 8708 | train_wall 6742
| epoch 071 | valid on 'valid' subset | loss 7.183 | nll_loss 4.885 | ppl 29.55 | num_updates 36982 | best_loss 7.18297
| epoch 072 | loss 4.846 | nll_loss 2.126 | ppl 4.36 | wps 55232 | ups 4 | wpb 12977.226 | bsz 1082.188 | num_updates 37503 | lr 0.000326586 | gnorm 0.224 | clip 1.000 | oom 0.000 | loss_scale 32.000 | wall 8831 | train_wall 6838
| epoch 072 | valid on 'valid' subset | loss 7.230 | nll_loss 4.931 | ppl 30.51 | num_updates 37503 | best_loss 7.19509
| epoch 073 | loss 4.843 | nll_loss 2.121 | ppl 4.35 | wps 55609 | ups 4 | wpb 12977.226 | bsz 1082.188 | num_updates 38024 | lr 0.00032434 | gnorm 0.224 | clip 1.000 | oom 0.000 | loss_scale 32.000 | wall 8954 | train_wall 6933
| epoch 073 | valid on 'valid' subset | loss 7.212 | nll_loss 4.914 | ppl 30.14 | num_updates 38024 | best_loss 7.19509
| WARNING: overflow detected, setting loss scale to: 32.0
| epoch 074 | loss 4.840 | nll_loss 2.117 | ppl 4.34 | wps 54870 | ups 4 | wpb 12974.015 | bsz 1078.546 | num_updates 38544 | lr 0.000322145 | gnorm 0.225 | clip 1.000 | oom 0.000 | loss_scale 32.000 | wall 9077 | train_wall 7029
| epoch 074 | valid on 'valid' subset | loss 7.194 | nll_loss 4.904 | ppl 29.94 | num_updates 38544 | best_loss 7.19388
| epoch 075 | loss 4.837 | nll_loss 2.114 | ppl 4.33 | wps 55188 | ups 4 | wpb 12977.226 | bsz 1082.188 | num_updates 39065 | lr 0.00031999 | gnorm 0.224 | clip 1.000 | oom 0.000 | loss_scale 32.000 | wall 9200 | train_wall 7125
| epoch 075 | valid on 'valid' subset | loss 7.204 | nll_loss 4.894 | ppl 29.73 | num_updates 39065 | best_loss 7.19509
| epoch 076 | loss 4.834 | nll_loss 2.110 | ppl 4.32 | wps 55847 | ups 4 | wpb 12977.226 | bsz 1082.188 | num_updates 39586 | lr 0.000317877 | gnorm 0.226 | clip 1.000 | oom 0.000 | loss_scale 32.000 | wall 9322 | train_wall 7221
| epoch 076 | valid on 'valid' subset | loss 7.225 | nll_loss 4.923 | ppl 30.35 | num_updates 39586 | best_loss 7.19509
| epoch 077 | loss 4.830 | nll_loss 2.106 | ppl 4.3 | wps 55655 | ups 4 | wpb 12977.226 | bsz 1082.188 | num_updates 40107 | lr 0.000315806 | gnorm 0.223 | clip 1.000 | oom 0.000 | loss_scale 32.000 | wall 9444 | train_wall 7317
| epoch 077 | valid on 'valid' subset | loss 7.202 | nll_loss 4.897 | ppl 29.8 | num_updates 40107 | best_loss 7.19509
| epoch 078 | loss 4.828 | nll_loss 2.103 | ppl 4.3 | wps 54668 | ups 4 | wpb 12977.226 | bsz 1082.188 | num_updates 40628 | lr 0.000313774 | gnorm 0.226 | clip 1.000 | oom 0.000 | loss_scale 32.000 | wall 9569 | train_wall 7413
| epoch 078 | valid on 'valid' subset | loss 7.188 | nll_loss 4.880 | ppl 29.44 | num_updates 40628 | best_loss 7.1885
| epoch 079 | loss 4.826 | nll_loss 2.100 | ppl 4.29 | wps 54394 | ups 4 | wpb 12977.226 | bsz 1082.188 | num_updates 41149 | lr 0.000311782 | gnorm 0.227 | clip 1.000 | oom 0.000 | loss_scale 32.000 | wall 9694 | train_wall 7509
| epoch 079 | valid on 'valid' subset | loss 7.205 | nll_loss 4.906 | ppl 29.98 | num_updates 41149 | best_loss 7.19509
| epoch 080 | loss 4.823 | nll_loss 2.096 | ppl 4.28 | wps 54610 | ups 4 | wpb 12977.226 | bsz 1082.188 | num_updates 41670 | lr 0.000309826 | gnorm 0.224 | clip 1.000 | oom 0.000 | loss_scale 32.000 | wall 9818 | train_wall 7606
| epoch 080 | valid on 'valid' subset | loss 7.182 | nll_loss 4.880 | ppl 29.46 | num_updates 41670 | best_loss 7.18154
| saved checkpoint ./checkpoints/2020-03-27T12-58-04-00-exp23-bpe7500/checkpoints_ne_en/checkpoint80.pt (epoch 80 @ 41670 updates) (writing took 1.0320122241973877 seconds)
| epoch 081 | loss 4.819 | nll_loss 2.092 | ppl 4.26 | wps 54039 | ups 4 | wpb 12977.226 | bsz 1082.188 | num_updates 42191 | lr 0.000307907 | gnorm 0.226 | clip 1.000 | oom 0.000 | loss_scale 32.000 | wall 9945 | train_wall 7703
| epoch 081 | valid on 'valid' subset | loss 7.190 | nll_loss 4.887 | ppl 29.58 | num_updates 42191 | best_loss 7.18154
| WARNING: overflow detected, setting loss scale to: 32.0
| epoch 082 | loss 4.818 | nll_loss 2.090 | ppl 4.26 | wps 54261 | ups 4 | wpb 12974.198 | bsz 1077.100 | num_updates 42711 | lr 0.000306027 | gnorm 0.225 | clip 1.000 | oom 0.000 | loss_scale 32.000 | wall 10070 | train_wall 7799
| epoch 082 | valid on 'valid' subset | loss 7.204 | nll_loss 4.907 | ppl 30 | num_updates 42711 | best_loss 7.18154
| epoch 083 | loss 4.815 | nll_loss 2.087 | ppl 4.25 | wps 54984 | ups 4 | wpb 12977.226 | bsz 1082.188 | num_updates 43232 | lr 0.000304178 | gnorm 0.225 | clip 1.000 | oom 0.000 | loss_scale 32.000 | wall 10194 | train_wall 7895
| epoch 083 | valid on 'valid' subset | loss 7.187 | nll_loss 4.881 | ppl 29.46 | num_updates 43232 | best_loss 7.18154
| epoch 084 | loss 4.812 | nll_loss 2.083 | ppl 4.24 | wps 55043 | ups 4 | wpb 12977.226 | bsz 1082.188 | num_updates 43753 | lr 0.000302361 | gnorm 0.225 | clip 1.000 | oom 0.000 | loss_scale 32.000 | wall 10317 | train_wall 7992
| epoch 084 | valid on 'valid' subset | loss 7.193 | nll_loss 4.885 | ppl 29.55 | num_updates 43753 | best_loss 7.18154
| epoch 085 | loss 4.810 | nll_loss 2.081 | ppl 4.23 | wps 54424 | ups 4 | wpb 12977.226 | bsz 1082.188 | num_updates 44274 | lr 0.000300577 | gnorm 0.225 | clip 1.000 | oom 0.000 | loss_scale 32.000 | wall 10442 | train_wall 8088
| epoch 085 | valid on 'valid' subset | loss 7.163 | nll_loss 4.860 | ppl 29.04 | num_updates 44274 | best_loss 7.16317
| epoch 086 | loss 4.808 | nll_loss 2.077 | ppl 4.22 | wps 55327 | ups 4 | wpb 12977.226 | bsz 1082.188 | num_updates 44795 | lr 0.000298824 | gnorm 0.227 | clip 1.000 | oom 0.000 | loss_scale 32.000 | wall 10565 | train_wall 8185
| epoch 086 | valid on 'valid' subset | loss 7.195 | nll_loss 4.894 | ppl 29.73 | num_updates 44795 | best_loss 7.18154
| epoch 087 | loss 4.805 | nll_loss 2.075 | ppl 4.21 | wps 54715 | ups 4 | wpb 12977.226 | bsz 1082.188 | num_updates 45316 | lr 0.000297101 | gnorm 0.226 | clip 1.000 | oom 0.000 | loss_scale 32.000 | wall 10689 | train_wall 8281
| epoch 087 | valid on 'valid' subset | loss 7.184 | nll_loss 4.873 | ppl 29.3 | num_updates 45316 | best_loss 7.18154
| epoch 088 | loss 4.802 | nll_loss 2.070 | ppl 4.2 | wps 54506 | ups 4 | wpb 12977.226 | bsz 1082.188 | num_updates 45837 | lr 0.000295408 | gnorm 0.225 | clip 1.000 | oom 0.000 | loss_scale 32.000 | wall 10814 | train_wall 8378
| epoch 088 | valid on 'valid' subset | loss 7.168 | nll_loss 4.860 | ppl 29.05 | num_updates 45837 | best_loss 7.16836
| epoch 089 | loss 4.801 | nll_loss 2.068 | ppl 4.19 | wps 54553 | ups 4 | wpb 12977.226 | bsz 1082.188 | num_updates 46358 | lr 0.000293743 | gnorm 0.226 | clip 1.000 | oom 0.000 | loss_scale 32.000 | wall 10938 | train_wall 8474
| epoch 089 | valid on 'valid' subset | loss 7.194 | nll_loss 4.892 | ppl 29.69 | num_updates 46358 | best_loss 7.18154
| WARNING: overflow detected, setting loss scale to: 32.0
| epoch 090 | loss 4.798 | nll_loss 2.065 | ppl 4.18 | wps 54972 | ups 4 | wpb 12983.627 | bsz 1080.592 | num_updates 46878 | lr 0.000292109 | gnorm 0.225 | clip 1.000 | oom 0.000 | loss_scale 32.000 | wall 11062 | train_wall 8571
| epoch 090 | valid on 'valid' subset | loss 7.171 | nll_loss 4.866 | ppl 29.15 | num_updates 46878 | best_loss 7.17081
| saved checkpoint ./checkpoints/2020-03-27T12-58-04-00-exp23-bpe7500/checkpoints_ne_en/checkpoint90.pt (epoch 90 @ 46878 updates) (writing took 1.0432729721069336 seconds)
| epoch 091 | loss 4.796 | nll_loss 2.063 | ppl 4.18 | wps 55387 | ups 4 | wpb 12977.226 | bsz 1082.188 | num_updates 47399 | lr 0.0002905 | gnorm 0.227 | clip 1.000 | oom 0.000 | loss_scale 32.000 | wall 11186 | train_wall 8667
| epoch 091 | valid on 'valid' subset | loss 7.173 | nll_loss 4.864 | ppl 29.13 | num_updates 47399 | best_loss 7.17081
| epoch 092 | loss 4.794 | nll_loss 2.061 | ppl 4.17 | wps 55526 | ups 4 | wpb 12977.226 | bsz 1082.188 | num_updates 47920 | lr 0.000288916 | gnorm 0.227 | clip 1.000 | oom 0.000 | loss_scale 32.000 | wall 11308 | train_wall 8762
| epoch 092 | valid on 'valid' subset | loss 7.173 | nll_loss 4.865 | ppl 29.14 | num_updates 47920 | best_loss 7.17081
| WARNING: overflow detected, setting loss scale to: 16.0
| epoch 093 | loss 4.793 | nll_loss 2.060 | ppl 4.17 | wps 54874 | ups 4 | wpb 12972.808 | bsz 1079.823 | num_updates 48440 | lr 0.000287361 | gnorm 0.226 | clip 1.000 | oom 0.000 | loss_scale 16.000 | wall 11432 | train_wall 8857
| epoch 093 | valid on 'valid' subset | loss 7.200 | nll_loss 4.895 | ppl 29.76 | num_updates 48440 | best_loss 7.17081
| epoch 094 | loss 4.790 | nll_loss 2.055 | ppl 4.16 | wps 54906 | ups 4 | wpb 12977.226 | bsz 1082.188 | num_updates 48961 | lr 0.000285828 | gnorm 0.228 | clip 1.000 | oom 0.000 | loss_scale 16.000 | wall 11556 | train_wall 8954
| epoch 094 | valid on 'valid' subset | loss 7.167 | nll_loss 4.859 | ppl 29.02 | num_updates 48961 | best_loss 7.16745
| epoch 095 | loss 4.787 | nll_loss 2.052 | ppl 4.15 | wps 54508 | ups 4 | wpb 12977.226 | bsz 1082.188 | num_updates 49482 | lr 0.000284319 | gnorm 0.227 | clip 1.000 | oom 0.000 | loss_scale 16.000 | wall 11680 | train_wall 9051
| epoch 095 | valid on 'valid' subset | loss 7.172 | nll_loss 4.867 | ppl 29.18 | num_updates 49482 | best_loss 7.17081
| epoch 096 | loss 4.785 | nll_loss 2.049 | ppl 4.14 | wps 55603 | ups 4 | wpb 12977.226 | bsz 1082.188 | num_updates 50003 | lr 0.000282834 | gnorm 0.226 | clip 1.000 | oom 0.000 | loss_scale 16.000 | wall 11802 | train_wall 9147
| epoch 096 | valid on 'valid' subset | loss 7.169 | nll_loss 4.863 | ppl 29.1 | num_updates 50003 | best_loss 7.16876
| epoch 097 | loss 4.783 | nll_loss 2.046 | ppl 4.13 | wps 55232 | ups 4 | wpb 12977.226 | bsz 1082.188 | num_updates 50524 | lr 0.000281372 | gnorm 0.228 | clip 1.000 | oom 0.000 | loss_scale 16.000 | wall 11926 | train_wall 9242
| epoch 097 | valid on 'valid' subset | loss 7.176 | nll_loss 4.879 | ppl 29.43 | num_updates 50524 | best_loss 7.17081
| epoch 098 | loss 4.782 | nll_loss 2.045 | ppl 4.13 | wps 54443 | ups 4 | wpb 12977.226 | bsz 1082.188 | num_updates 51045 | lr 0.000279933 | gnorm 0.227 | clip 1.000 | oom 0.000 | loss_scale 16.000 | wall 12050 | train_wall 9338
| epoch 098 | valid on 'valid' subset | loss 7.177 | nll_loss 4.877 | ppl 29.38 | num_updates 51045 | best_loss 7.17081
| epoch 099 | loss 4.779 | nll_loss 2.042 | ppl 4.12 | wps 54865 | ups 4 | wpb 12977.226 | bsz 1082.188 | num_updates 51566 | lr 0.000278515 | gnorm 0.228 | clip 1.000 | oom 0.000 | loss_scale 16.000 | wall 12174 | train_wall 9434
| epoch 099 | valid on 'valid' subset | loss 7.180 | nll_loss 4.877 | ppl 29.39 | num_updates 51566 | best_loss 7.17081
| epoch 100 | loss 4.778 | nll_loss 2.040 | ppl 4.11 | wps 54851 | ups 4 | wpb 12977.226 | bsz 1082.188 | num_updates 52087 | lr 0.000277118 | gnorm 0.228 | clip 1.000 | oom 0.000 | loss_scale 16.000 | wall 12298 | train_wall 9530
| epoch 100 | valid on 'valid' subset | loss 7.161 | nll_loss 4.854 | ppl 28.91 | num_updates 52087 | best_loss 7.16062
| saved checkpoint ./checkpoints/2020-03-27T12-58-04-00-exp23-bpe7500/checkpoints_ne_en/checkpoint100.pt (epoch 100 @ 52087 updates) (writing took 1.0288052558898926 seconds)
| done training in 12295.0 seconds
Done training.
Time at end: Fri Mar 27 16:23:20 EDT 2020
