================ FLORES BASELINE WITH CLIP_NORM=0.1, BPE=2500 AND SEED=15  ================
About to train the supervised for the following language pair: EN-NE
Checkpoint directory unset! Setting to default value...
CHECKPOINT_DIR is set to './checkpoints/2020-04-01T01-19-04-00-exp24-bpe2500-seed15/checkpoints_en_ne'
Creating checkpoint directory if it doesn't exist...
Data folder is: data-bin/wiki_ne_en_bpe2500/
Beginning training...
Time at beginning: Wed Apr 1 05:32:59 EDT 2020
Namespace(activation_dropout=0.2, activation_fn='relu', adam_betas='(0.9, 0.98)', adam_eps=1e-08, adaptive_input=False, adaptive_softmax_cutoff=None, adaptive_softmax_dropout=0, arch='transformer', attention_dropout=0.2, best_checkpoint_metric='loss', bpe=None, bucket_cap_mb=25, clip_norm=0.1, cpu=False, criterion='label_smoothed_cross_entropy', cross_self_attention=False, curriculum=0, data='data-bin/wiki_ne_en_bpe2500/', dataset_impl=None, ddp_backend='c10d', decoder_attention_heads=2, decoder_embed_dim=512, decoder_embed_path=None, decoder_ffn_embed_dim=2048, decoder_input_dim=512, decoder_layerdrop=0, decoder_layers=5, decoder_layers_to_keep=None, decoder_learned_pos=False, decoder_normalize_before=True, decoder_output_dim=512, device_id=0, disable_validation=False, distributed_backend='nccl', distributed_init_method=None, distributed_no_spawn=False, distributed_port=-1, distributed_rank=0, distributed_world_size=1, dropout=0.4, empty_cache_freq=0, encoder_attention_heads=2, encoder_embed_dim=512, encoder_embed_path=None, encoder_ffn_embed_dim=2048, encoder_layerdrop=0, encoder_layers=5, encoder_layers_to_keep=None, encoder_learned_pos=False, encoder_normalize_before=True, fast_stat_sync=False, find_unused_parameters=False, fix_batches_to_gpus=False, fixed_validation_seed=None, fp16=True, fp16_init_scale=128, fp16_scale_tolerance=0.0, fp16_scale_window=None, keep_interval_updates=-1, keep_last_epochs=-1, label_smoothing=0.2, layer_wise_attention=False, layernorm_embedding=False, lazy_load=False, left_pad_source='True', left_pad_target='False', load_alignments=False, log_format=None, log_interval=1000, lr=[0.001], lr_scheduler='inverse_sqrt', max_epoch=100, max_sentences=None, max_sentences_valid=None, max_source_positions=1024, max_target_positions=1024, max_tokens=4000, max_tokens_valid=4000, max_update=0, maximize_best_checkpoint_metric=False, memory_efficient_fp16=False, min_loss_scale=0.0001, min_lr=1e-09, no_cross_attention=False, no_epoch_checkpoints=False, no_last_checkpoints=False, no_progress_bar=False, no_save=False, no_save_optimizer_state=False, no_scale_embedding=False, no_token_positional_embeddings=False, num_workers=1, optimizer='adam', optimizer_overrides='{}', raw_text=False, required_batch_size_multiple=8, reset_dataloader=False, reset_lr_scheduler=False, reset_meters=False, reset_optimizer=False, restore_file='checkpoint_last.pt', save_dir='./checkpoints/2020-04-01T01-19-04-00-exp24-bpe2500-seed15/checkpoints_en_ne', save_interval=10, save_interval_updates=0, seed=15, sentence_avg=False, share_all_embeddings=True, share_decoder_input_output_embed=False, skip_invalid_size_inputs_valid_test=False, source_lang='en', target_lang='ne', task='translation', tensorboard_logdir='', threshold_loss_scale=None, tokenizer=None, train_subset='train', truncate_source=False, update_freq=[4], upsample_primary=1, use_bmuf=False, user_dir=None, valid_subset='valid', validate_interval=1, warmup_init_lr=1e-07, warmup_updates=4000, weight_decay=0.0001)
| [en] dictionary: 2504 types
| [ne] dictionary: 2504 types
| loaded 2559 examples from: data-bin/wiki_ne_en_bpe2500/valid.ne-en.en
| loaded 2559 examples from: data-bin/wiki_ne_en_bpe2500/valid.ne-en.ne
| data-bin/wiki_ne_en_bpe2500/ valid en-ne 2559 examples
TransformerModel(
  (encoder): TransformerEncoder(
    (embed_tokens): Embedding(2504, 512, padding_idx=1)
    (embed_positions): SinusoidalPositionalEmbedding()
    (layers): ModuleList(
      (0): TransformerEncoderLayer(
        (self_attn): MultiheadAttention(
          (k_proj): Linear(in_features=512, out_features=512, bias=True)
          (v_proj): Linear(in_features=512, out_features=512, bias=True)
          (q_proj): Linear(in_features=512, out_features=512, bias=True)
          (out_proj): Linear(in_features=512, out_features=512, bias=True)
        )
        (self_attn_layer_norm): LayerNorm((512,), eps=1e-05, elementwise_affine=True)
        (fc1): Linear(in_features=512, out_features=2048, bias=True)
        (fc2): Linear(in_features=2048, out_features=512, bias=True)
        (final_layer_norm): LayerNorm((512,), eps=1e-05, elementwise_affine=True)
      )
      (1): TransformerEncoderLayer(
        (self_attn): MultiheadAttention(
          (k_proj): Linear(in_features=512, out_features=512, bias=True)
          (v_proj): Linear(in_features=512, out_features=512, bias=True)
          (q_proj): Linear(in_features=512, out_features=512, bias=True)
          (out_proj): Linear(in_features=512, out_features=512, bias=True)
        )
        (self_attn_layer_norm): LayerNorm((512,), eps=1e-05, elementwise_affine=True)
        (fc1): Linear(in_features=512, out_features=2048, bias=True)
        (fc2): Linear(in_features=2048, out_features=512, bias=True)
        (final_layer_norm): LayerNorm((512,), eps=1e-05, elementwise_affine=True)
      )
      (2): TransformerEncoderLayer(
        (self_attn): MultiheadAttention(
          (k_proj): Linear(in_features=512, out_features=512, bias=True)
          (v_proj): Linear(in_features=512, out_features=512, bias=True)
          (q_proj): Linear(in_features=512, out_features=512, bias=True)
          (out_proj): Linear(in_features=512, out_features=512, bias=True)
        )
        (self_attn_layer_norm): LayerNorm((512,), eps=1e-05, elementwise_affine=True)
        (fc1): Linear(in_features=512, out_features=2048, bias=True)
        (fc2): Linear(in_features=2048, out_features=512, bias=True)
        (final_layer_norm): LayerNorm((512,), eps=1e-05, elementwise_affine=True)
      )
      (3): TransformerEncoderLayer(
        (self_attn): MultiheadAttention(
          (k_proj): Linear(in_features=512, out_features=512, bias=True)
          (v_proj): Linear(in_features=512, out_features=512, bias=True)
          (q_proj): Linear(in_features=512, out_features=512, bias=True)
          (out_proj): Linear(in_features=512, out_features=512, bias=True)
        )
        (self_attn_layer_norm): LayerNorm((512,), eps=1e-05, elementwise_affine=True)
        (fc1): Linear(in_features=512, out_features=2048, bias=True)
        (fc2): Linear(in_features=2048, out_features=512, bias=True)
        (final_layer_norm): LayerNorm((512,), eps=1e-05, elementwise_affine=True)
      )
      (4): TransformerEncoderLayer(
        (self_attn): MultiheadAttention(
          (k_proj): Linear(in_features=512, out_features=512, bias=True)
          (v_proj): Linear(in_features=512, out_features=512, bias=True)
          (q_proj): Linear(in_features=512, out_features=512, bias=True)
          (out_proj): Linear(in_features=512, out_features=512, bias=True)
        )
        (self_attn_layer_norm): LayerNorm((512,), eps=1e-05, elementwise_affine=True)
        (fc1): Linear(in_features=512, out_features=2048, bias=True)
        (fc2): Linear(in_features=2048, out_features=512, bias=True)
        (final_layer_norm): LayerNorm((512,), eps=1e-05, elementwise_affine=True)
      )
    )
    (layer_norm): LayerNorm((512,), eps=1e-05, elementwise_affine=True)
  )
  (decoder): TransformerDecoder(
    (embed_tokens): Embedding(2504, 512, padding_idx=1)
    (embed_positions): SinusoidalPositionalEmbedding()
    (layers): ModuleList(
      (0): TransformerDecoderLayer(
        (self_attn): MultiheadAttention(
          (k_proj): Linear(in_features=512, out_features=512, bias=True)
          (v_proj): Linear(in_features=512, out_features=512, bias=True)
          (q_proj): Linear(in_features=512, out_features=512, bias=True)
          (out_proj): Linear(in_features=512, out_features=512, bias=True)
        )
        (self_attn_layer_norm): LayerNorm((512,), eps=1e-05, elementwise_affine=True)
        (encoder_attn): MultiheadAttention(
          (k_proj): Linear(in_features=512, out_features=512, bias=True)
          (v_proj): Linear(in_features=512, out_features=512, bias=True)
          (q_proj): Linear(in_features=512, out_features=512, bias=True)
          (out_proj): Linear(in_features=512, out_features=512, bias=True)
        )
        (encoder_attn_layer_norm): LayerNorm((512,), eps=1e-05, elementwise_affine=True)
        (fc1): Linear(in_features=512, out_features=2048, bias=True)
        (fc2): Linear(in_features=2048, out_features=512, bias=True)
        (final_layer_norm): LayerNorm((512,), eps=1e-05, elementwise_affine=True)
      )
      (1): TransformerDecoderLayer(
        (self_attn): MultiheadAttention(
          (k_proj): Linear(in_features=512, out_features=512, bias=True)
          (v_proj): Linear(in_features=512, out_features=512, bias=True)
          (q_proj): Linear(in_features=512, out_features=512, bias=True)
          (out_proj): Linear(in_features=512, out_features=512, bias=True)
        )
        (self_attn_layer_norm): LayerNorm((512,), eps=1e-05, elementwise_affine=True)
        (encoder_attn): MultiheadAttention(
          (k_proj): Linear(in_features=512, out_features=512, bias=True)
          (v_proj): Linear(in_features=512, out_features=512, bias=True)
          (q_proj): Linear(in_features=512, out_features=512, bias=True)
          (out_proj): Linear(in_features=512, out_features=512, bias=True)
        )
        (encoder_attn_layer_norm): LayerNorm((512,), eps=1e-05, elementwise_affine=True)
        (fc1): Linear(in_features=512, out_features=2048, bias=True)
        (fc2): Linear(in_features=2048, out_features=512, bias=True)
        (final_layer_norm): LayerNorm((512,), eps=1e-05, elementwise_affine=True)
      )
      (2): TransformerDecoderLayer(
        (self_attn): MultiheadAttention(
          (k_proj): Linear(in_features=512, out_features=512, bias=True)
          (v_proj): Linear(in_features=512, out_features=512, bias=True)
          (q_proj): Linear(in_features=512, out_features=512, bias=True)
          (out_proj): Linear(in_features=512, out_features=512, bias=True)
        )
        (self_attn_layer_norm): LayerNorm((512,), eps=1e-05, elementwise_affine=True)
        (encoder_attn): MultiheadAttention(
          (k_proj): Linear(in_features=512, out_features=512, bias=True)
          (v_proj): Linear(in_features=512, out_features=512, bias=True)
          (q_proj): Linear(in_features=512, out_features=512, bias=True)
          (out_proj): Linear(in_features=512, out_features=512, bias=True)
        )
        (encoder_attn_layer_norm): LayerNorm((512,), eps=1e-05, elementwise_affine=True)
        (fc1): Linear(in_features=512, out_features=2048, bias=True)
        (fc2): Linear(in_features=2048, out_features=512, bias=True)
        (final_layer_norm): LayerNorm((512,), eps=1e-05, elementwise_affine=True)
      )
      (3): TransformerDecoderLayer(
        (self_attn): MultiheadAttention(
          (k_proj): Linear(in_features=512, out_features=512, bias=True)
          (v_proj): Linear(in_features=512, out_features=512, bias=True)
          (q_proj): Linear(in_features=512, out_features=512, bias=True)
          (out_proj): Linear(in_features=512, out_features=512, bias=True)
        )
        (self_attn_layer_norm): LayerNorm((512,), eps=1e-05, elementwise_affine=True)
        (encoder_attn): MultiheadAttention(
          (k_proj): Linear(in_features=512, out_features=512, bias=True)
          (v_proj): Linear(in_features=512, out_features=512, bias=True)
          (q_proj): Linear(in_features=512, out_features=512, bias=True)
          (out_proj): Linear(in_features=512, out_features=512, bias=True)
        )
        (encoder_attn_layer_norm): LayerNorm((512,), eps=1e-05, elementwise_affine=True)
        (fc1): Linear(in_features=512, out_features=2048, bias=True)
        (fc2): Linear(in_features=2048, out_features=512, bias=True)
        (final_layer_norm): LayerNorm((512,), eps=1e-05, elementwise_affine=True)
      )
      (4): TransformerDecoderLayer(
        (self_attn): MultiheadAttention(
          (k_proj): Linear(in_features=512, out_features=512, bias=True)
          (v_proj): Linear(in_features=512, out_features=512, bias=True)
          (q_proj): Linear(in_features=512, out_features=512, bias=True)
          (out_proj): Linear(in_features=512, out_features=512, bias=True)
        )
        (self_attn_layer_norm): LayerNorm((512,), eps=1e-05, elementwise_affine=True)
        (encoder_attn): MultiheadAttention(
          (k_proj): Linear(in_features=512, out_features=512, bias=True)
          (v_proj): Linear(in_features=512, out_features=512, bias=True)
          (q_proj): Linear(in_features=512, out_features=512, bias=True)
          (out_proj): Linear(in_features=512, out_features=512, bias=True)
        )
        (encoder_attn_layer_norm): LayerNorm((512,), eps=1e-05, elementwise_affine=True)
        (fc1): Linear(in_features=512, out_features=2048, bias=True)
        (fc2): Linear(in_features=2048, out_features=512, bias=True)
        (final_layer_norm): LayerNorm((512,), eps=1e-05, elementwise_affine=True)
      )
    )
    (layer_norm): LayerNorm((512,), eps=1e-05, elementwise_affine=True)
  )
)
| model transformer, criterion LabelSmoothedCrossEntropyCriterion
| num. model params: 38066176 (num. trained: 38066176)
| training on 1 GPUs
| max tokens per GPU = 4000 and max sentences per GPU = None
| no existing checkpoint found ./checkpoints/2020-04-01T01-19-04-00-exp24-bpe2500-seed15/checkpoints_en_ne/checkpoint_last.pt
| loading train data for epoch 0
| loaded 563637 examples from: data-bin/wiki_ne_en_bpe2500/train.ne-en.en
| loaded 563637 examples from: data-bin/wiki_ne_en_bpe2500/train.ne-en.ne
| data-bin/wiki_ne_en_bpe2500/ train en-ne 563637 examples
| WARNING: overflow detected, setting loss scale to: 64.0
| WARNING: overflow detected, setting loss scale to: 32.0
| WARNING: overflow detected, setting loss scale to: 16.0
| WARNING: overflow detected, setting loss scale to: 8.0
| epoch 001 | loss 9.519 | nll_loss 8.742 | ppl 428.14 | wps 57266 | ups 4 | wpb 13285.119 | bsz 801.837 | num_updates 695 | lr 0.000173833 | gnorm 0.860 | clip 1.000 | oom 0.000 | loss_scale 8.000 | wall 161 | train_wall 125
| epoch 001 | valid on 'valid' subset | loss 8.755 | nll_loss 7.550 | ppl 187.4 | num_updates 695
| epoch 002 | loss 7.441 | nll_loss 5.952 | ppl 61.9 | wps 60005 | ups 5 | wpb 13287.043 | bsz 806.348 | num_updates 1394 | lr 0.000348565 | gnorm 0.553 | clip 1.000 | oom 0.000 | loss_scale 8.000 | wall 317 | train_wall 250
| epoch 002 | valid on 'valid' subset | loss 8.337 | nll_loss 6.875 | ppl 117.35 | num_updates 1394
| epoch 003 | loss 6.634 | nll_loss 4.885 | ppl 29.54 | wps 60073 | ups 5 | wpb 13287.043 | bsz 806.348 | num_updates 2093 | lr 0.000523298 | gnorm 0.466 | clip 1.000 | oom 0.000 | loss_scale 8.000 | wall 472 | train_wall 373
| epoch 003 | valid on 'valid' subset | loss 8.099 | nll_loss 6.546 | ppl 93.47 | num_updates 2093
| epoch 004 | loss 6.196 | nll_loss 4.310 | ppl 19.83 | wps 59418 | ups 4 | wpb 13287.043 | bsz 806.348 | num_updates 2792 | lr 0.00069803 | gnorm 0.413 | clip 1.000 | oom 0.000 | loss_scale 8.000 | wall 629 | train_wall 499
| epoch 004 | valid on 'valid' subset | loss 7.887 | nll_loss 6.274 | ppl 77.37 | num_updates 2792
| epoch 005 | loss 5.922 | nll_loss 3.955 | ppl 15.51 | wps 58949 | ups 4 | wpb 13287.043 | bsz 806.348 | num_updates 3491 | lr 0.000872763 | gnorm 0.377 | clip 1.000 | oom 0.000 | loss_scale 8.000 | wall 787 | train_wall 626
| epoch 005 | valid on 'valid' subset | loss 7.775 | nll_loss 6.094 | ppl 68.32 | num_updates 3491
| epoch 006 | loss 5.733 | nll_loss 3.712 | ppl 13.11 | wps 59660 | ups 4 | wpb 13287.043 | bsz 806.348 | num_updates 4190 | lr 0.000977064 | gnorm 0.338 | clip 1.000 | oom 0.000 | loss_scale 8.000 | wall 944 | train_wall 753
| epoch 006 | valid on 'valid' subset | loss 7.640 | nll_loss 5.932 | ppl 61.07 | num_updates 4190
| epoch 007 | loss 5.562 | nll_loss 3.495 | ppl 11.27 | wps 59890 | ups 5 | wpb 13287.043 | bsz 806.348 | num_updates 4889 | lr 0.000904524 | gnorm 0.307 | clip 1.000 | oom 0.000 | loss_scale 16.000 | wall 1100 | train_wall 879
| epoch 007 | valid on 'valid' subset | loss 7.458 | nll_loss 5.695 | ppl 51.81 | num_updates 4889
| epoch 008 | loss 5.419 | nll_loss 3.312 | ppl 9.93 | wps 59709 | ups 4 | wpb 13287.043 | bsz 806.348 | num_updates 5588 | lr 0.000846061 | gnorm 0.282 | clip 1.000 | oom 0.000 | loss_scale 16.000 | wall 1256 | train_wall 1003
| epoch 008 | valid on 'valid' subset | loss 7.343 | nll_loss 5.541 | ppl 46.55 | num_updates 5588
| epoch 009 | loss 5.312 | nll_loss 3.176 | ppl 9.04 | wps 59812 | ups 5 | wpb 13287.043 | bsz 806.348 | num_updates 6287 | lr 0.000797642 | gnorm 0.266 | clip 1.000 | oom 0.000 | loss_scale 16.000 | wall 1412 | train_wall 1129
| epoch 009 | valid on 'valid' subset | loss 7.278 | nll_loss 5.440 | ppl 43.42 | num_updates 6287
| epoch 010 | loss 5.231 | nll_loss 3.072 | ppl 8.41 | wps 59063 | ups 4 | wpb 13287.043 | bsz 806.348 | num_updates 6986 | lr 0.000756686 | gnorm 0.257 | clip 1.000 | oom 0.000 | loss_scale 16.000 | wall 1570 | train_wall 1254
| epoch 010 | valid on 'valid' subset | loss 7.199 | nll_loss 5.342 | ppl 40.55 | num_updates 6986
| saved checkpoint ./checkpoints/2020-04-01T01-19-04-00-exp24-bpe2500-seed15/checkpoints_en_ne/checkpoint10.pt (epoch 10 @ 6986 updates) (writing took 0.7860903739929199 seconds)
| epoch 011 | loss 5.163 | nll_loss 2.985 | ppl 7.92 | wps 60727 | ups 5 | wpb 13287.043 | bsz 806.348 | num_updates 7685 | lr 0.000721453 | gnorm 0.250 | clip 1.000 | oom 0.000 | loss_scale 16.000 | wall 1724 | train_wall 1378
| epoch 011 | valid on 'valid' subset | loss 7.157 | nll_loss 5.284 | ppl 38.95 | num_updates 7685 | best_loss 7.15712
| epoch 012 | loss 5.106 | nll_loss 2.913 | ppl 7.53 | wps 60641 | ups 5 | wpb 13287.043 | bsz 806.348 | num_updates 8384 | lr 0.000690724 | gnorm 0.246 | clip 1.000 | oom 0.000 | loss_scale 16.000 | wall 1878 | train_wall 1502
| epoch 012 | valid on 'valid' subset | loss 7.105 | nll_loss 5.207 | ppl 36.94 | num_updates 8384 | best_loss 7.10472
| epoch 013 | loss 5.057 | nll_loss 2.851 | ppl 7.21 | wps 62503 | ups 5 | wpb 13287.043 | bsz 806.348 | num_updates 9083 | lr 0.000663614 | gnorm 0.240 | clip 1.000 | oom 0.000 | loss_scale 32.000 | wall 2028 | train_wall 1622
| epoch 013 | valid on 'valid' subset | loss 7.090 | nll_loss 5.189 | ppl 36.49 | num_updates 9083 | best_loss 7.09025
| epoch 014 | loss 5.015 | nll_loss 2.799 | ppl 6.96 | wps 61865 | ups 5 | wpb 13287.043 | bsz 806.348 | num_updates 9782 | lr 0.000639464 | gnorm 0.236 | clip 1.000 | oom 0.000 | loss_scale 32.000 | wall 2178 | train_wall 1742
| epoch 014 | valid on 'valid' subset | loss 7.031 | nll_loss 5.111 | ppl 34.57 | num_updates 9782 | best_loss 7.03106
| epoch 015 | loss 4.978 | nll_loss 2.752 | ppl 6.74 | wps 61833 | ups 5 | wpb 13287.043 | bsz 806.348 | num_updates 10481 | lr 0.000617773 | gnorm 0.234 | clip 1.000 | oom 0.000 | loss_scale 32.000 | wall 2329 | train_wall 1863
| epoch 015 | valid on 'valid' subset | loss 7.031 | nll_loss 5.111 | ppl 34.56 | num_updates 10481 | best_loss 7.03124
| epoch 016 | loss 4.945 | nll_loss 2.709 | ppl 6.54 | wps 60895 | ups 5 | wpb 13287.043 | bsz 806.348 | num_updates 11180 | lr 0.000598149 | gnorm 0.231 | clip 1.000 | oom 0.000 | loss_scale 32.000 | wall 2483 | train_wall 1987
| epoch 016 | valid on 'valid' subset | loss 6.977 | nll_loss 5.047 | ppl 33.05 | num_updates 11180 | best_loss 6.97737
| epoch 017 | loss 4.916 | nll_loss 2.673 | ppl 6.38 | wps 60953 | ups 5 | wpb 13287.043 | bsz 806.348 | num_updates 11879 | lr 0.000580283 | gnorm 0.231 | clip 1.000 | oom 0.000 | loss_scale 32.000 | wall 2636 | train_wall 2110
| epoch 017 | valid on 'valid' subset | loss 6.930 | nll_loss 4.983 | ppl 31.63 | num_updates 11879 | best_loss 6.92963
| epoch 018 | loss 4.890 | nll_loss 2.639 | ppl 6.23 | wps 60788 | ups 5 | wpb 13287.043 | bsz 806.348 | num_updates 12578 | lr 0.000563929 | gnorm 0.230 | clip 1.000 | oom 0.000 | loss_scale 32.000 | wall 2789 | train_wall 2234
| epoch 018 | valid on 'valid' subset | loss 6.958 | nll_loss 5.017 | ppl 32.39 | num_updates 12578 | best_loss 6.95845
| WARNING: overflow detected, setting loss scale to: 32.0
| epoch 019 | loss 4.866 | nll_loss 2.608 | ppl 6.1 | wps 61215 | ups 5 | wpb 13283.734 | bsz 805.807 | num_updates 13276 | lr 0.000548904 | gnorm 0.226 | clip 1.000 | oom 0.000 | loss_scale 32.000 | wall 2941 | train_wall 2356
| epoch 019 | valid on 'valid' subset | loss 6.935 | nll_loss 4.978 | ppl 31.51 | num_updates 13276 | best_loss 6.93497
| epoch 020 | loss 4.844 | nll_loss 2.582 | ppl 5.99 | wps 61004 | ups 5 | wpb 13287.043 | bsz 806.348 | num_updates 13975 | lr 0.000535 | gnorm 0.226 | clip 1.000 | oom 0.000 | loss_scale 32.000 | wall 3094 | train_wall 2479
| epoch 020 | valid on 'valid' subset | loss 6.880 | nll_loss 4.934 | ppl 30.57 | num_updates 13975 | best_loss 6.88018
| saved checkpoint ./checkpoints/2020-04-01T01-19-04-00-exp24-bpe2500-seed15/checkpoints_en_ne/checkpoint20.pt (epoch 20 @ 13975 updates) (writing took 1.205308437347412 seconds)
| epoch 021 | loss 4.824 | nll_loss 2.556 | ppl 5.88 | wps 61181 | ups 5 | wpb 13287.043 | bsz 806.348 | num_updates 14674 | lr 0.000522102 | gnorm 0.224 | clip 1.000 | oom 0.000 | loss_scale 32.000 | wall 3248 | train_wall 2600
| epoch 021 | valid on 'valid' subset | loss 6.932 | nll_loss 4.971 | ppl 31.37 | num_updates 14674 | best_loss 6.88018
| epoch 022 | loss 4.805 | nll_loss 2.532 | ppl 5.79 | wps 60765 | ups 5 | wpb 13287.043 | bsz 806.348 | num_updates 15373 | lr 0.000510095 | gnorm 0.225 | clip 1.000 | oom 0.000 | loss_scale 32.000 | wall 3402 | train_wall 2724
| epoch 022 | valid on 'valid' subset | loss 6.882 | nll_loss 4.919 | ppl 30.25 | num_updates 15373 | best_loss 6.88018
| epoch 023 | loss 4.788 | nll_loss 2.511 | ppl 5.7 | wps 59905 | ups 5 | wpb 13287.043 | bsz 806.348 | num_updates 16072 | lr 0.000498879 | gnorm 0.225 | clip 1.000 | oom 0.000 | loss_scale 32.000 | wall 3558 | train_wall 2849
| epoch 023 | valid on 'valid' subset | loss 6.897 | nll_loss 4.938 | ppl 30.66 | num_updates 16072 | best_loss 6.88018
| epoch 024 | loss 4.774 | nll_loss 2.492 | ppl 5.63 | wps 60791 | ups 5 | wpb 13287.043 | bsz 806.348 | num_updates 16771 | lr 0.000488372 | gnorm 0.224 | clip 1.000 | oom 0.000 | loss_scale 32.000 | wall 3711 | train_wall 2972
| epoch 024 | valid on 'valid' subset | loss 6.858 | nll_loss 4.885 | ppl 29.55 | num_updates 16771 | best_loss 6.85813
| WARNING: overflow detected, setting loss scale to: 32.0
| epoch 025 | loss 4.759 | nll_loss 2.474 | ppl 5.55 | wps 61661 | ups 5 | wpb 13284.021 | bsz 805.990 | num_updates 17469 | lr 0.000478515 | gnorm 0.225 | clip 1.000 | oom 0.000 | loss_scale 32.000 | wall 3862 | train_wall 3094
| epoch 025 | valid on 'valid' subset | loss 6.839 | nll_loss 4.864 | ppl 29.13 | num_updates 17469 | best_loss 6.83897
| epoch 026 | loss 4.745 | nll_loss 2.456 | ppl 5.49 | wps 60452 | ups 5 | wpb 13287.043 | bsz 806.348 | num_updates 18168 | lr 0.00046922 | gnorm 0.223 | clip 1.000 | oom 0.000 | loss_scale 32.000 | wall 4017 | train_wall 3217
| epoch 026 | valid on 'valid' subset | loss 6.858 | nll_loss 4.884 | ppl 29.53 | num_updates 18168 | best_loss 6.85777
| epoch 027 | loss 4.731 | nll_loss 2.438 | ppl 5.42 | wps 60688 | ups 5 | wpb 13287.043 | bsz 806.348 | num_updates 18867 | lr 0.000460446 | gnorm 0.223 | clip 1.000 | oom 0.000 | loss_scale 32.000 | wall 4170 | train_wall 3341
| epoch 027 | valid on 'valid' subset | loss 6.856 | nll_loss 4.877 | ppl 29.39 | num_updates 18867 | best_loss 6.85605
| epoch 028 | loss 4.719 | nll_loss 2.423 | ppl 5.36 | wps 60218 | ups 5 | wpb 13287.043 | bsz 806.348 | num_updates 19566 | lr 0.000452146 | gnorm 0.222 | clip 1.000 | oom 0.000 | loss_scale 32.000 | wall 4325 | train_wall 3465
| epoch 028 | valid on 'valid' subset | loss 6.827 | nll_loss 4.851 | ppl 28.86 | num_updates 19566 | best_loss 6.82679
| epoch 029 | loss 4.708 | nll_loss 2.410 | ppl 5.31 | wps 60590 | ups 5 | wpb 13287.043 | bsz 806.348 | num_updates 20265 | lr 0.00044428 | gnorm 0.222 | clip 1.000 | oom 0.000 | loss_scale 32.000 | wall 4479 | train_wall 3589
| epoch 029 | valid on 'valid' subset | loss 6.844 | nll_loss 4.864 | ppl 29.13 | num_updates 20265 | best_loss 6.84424
| epoch 030 | loss 4.698 | nll_loss 2.397 | ppl 5.27 | wps 61078 | ups 5 | wpb 13287.043 | bsz 806.348 | num_updates 20964 | lr 0.00043681 | gnorm 0.222 | clip 1.000 | oom 0.000 | loss_scale 32.000 | wall 4632 | train_wall 3712
| epoch 030 | valid on 'valid' subset | loss 6.802 | nll_loss 4.822 | ppl 28.29 | num_updates 20964 | best_loss 6.80193
| saved checkpoint ./checkpoints/2020-04-01T01-19-04-00-exp24-bpe2500-seed15/checkpoints_en_ne/checkpoint30.pt (epoch 30 @ 20964 updates) (writing took 1.3191490173339844 seconds)
| WARNING: overflow detected, setting loss scale to: 32.0
| epoch 031 | loss 4.686 | nll_loss 2.382 | ppl 5.21 | wps 60470 | ups 5 | wpb 13293.777 | bsz 805.222 | num_updates 21662 | lr 0.000429715 | gnorm 0.221 | clip 1.000 | oom 0.000 | loss_scale 32.000 | wall 4788 | train_wall 3836
| epoch 031 | valid on 'valid' subset | loss 6.802 | nll_loss 4.814 | ppl 28.12 | num_updates 21662 | best_loss 6.80193
| epoch 032 | loss 4.677 | nll_loss 2.370 | ppl 5.17 | wps 60439 | ups 5 | wpb 13287.043 | bsz 806.348 | num_updates 22361 | lr 0.000422945 | gnorm 0.222 | clip 1.000 | oom 0.000 | loss_scale 32.000 | wall 4942 | train_wall 3961
| epoch 032 | valid on 'valid' subset | loss 6.831 | nll_loss 4.844 | ppl 28.72 | num_updates 22361 | best_loss 6.80193
| epoch 033 | loss 4.668 | nll_loss 2.359 | ppl 5.13 | wps 60424 | ups 5 | wpb 13287.043 | bsz 806.348 | num_updates 23060 | lr 0.000416486 | gnorm 0.221 | clip 1.000 | oom 0.000 | loss_scale 32.000 | wall 5097 | train_wall 4085
| epoch 033 | valid on 'valid' subset | loss 6.806 | nll_loss 4.821 | ppl 28.27 | num_updates 23060 | best_loss 6.80193
| epoch 034 | loss 4.659 | nll_loss 2.347 | ppl 5.09 | wps 61049 | ups 5 | wpb 13287.043 | bsz 806.348 | num_updates 23759 | lr 0.000410314 | gnorm 0.222 | clip 1.000 | oom 0.000 | loss_scale 32.000 | wall 5250 | train_wall 4209
| epoch 034 | valid on 'valid' subset | loss 6.805 | nll_loss 4.813 | ppl 28.1 | num_updates 23759 | best_loss 6.80193
| epoch 035 | loss 4.651 | nll_loss 2.337 | ppl 5.05 | wps 60733 | ups 5 | wpb 13287.043 | bsz 806.348 | num_updates 24458 | lr 0.000404408 | gnorm 0.222 | clip 1.000 | oom 0.000 | loss_scale 32.000 | wall 5403 | train_wall 4332
| epoch 035 | valid on 'valid' subset | loss 6.784 | nll_loss 4.799 | ppl 27.83 | num_updates 24458 | best_loss 6.78424
| epoch 036 | loss 4.643 | nll_loss 2.327 | ppl 5.02 | wps 60433 | ups 5 | wpb 13287.043 | bsz 806.348 | num_updates 25157 | lr 0.00039875 | gnorm 0.222 | clip 1.000 | oom 0.000 | loss_scale 32.000 | wall 5558 | train_wall 4456
| epoch 036 | valid on 'valid' subset | loss 6.777 | nll_loss 4.787 | ppl 27.61 | num_updates 25157 | best_loss 6.77679
| WARNING: overflow detected, setting loss scale to: 32.0
| epoch 037 | loss 4.635 | nll_loss 2.317 | ppl 4.98 | wps 60009 | ups 5 | wpb 13285.391 | bsz 805.830 | num_updates 25855 | lr 0.000393331 | gnorm 0.220 | clip 1.000 | oom 0.000 | loss_scale 32.000 | wall 5713 | train_wall 4581
| epoch 037 | valid on 'valid' subset | loss 6.801 | nll_loss 4.817 | ppl 28.18 | num_updates 25855 | best_loss 6.80104
| epoch 038 | loss 4.627 | nll_loss 2.307 | ppl 4.95 | wps 60325 | ups 5 | wpb 13287.043 | bsz 806.348 | num_updates 26554 | lr 0.000388119 | gnorm 0.221 | clip 1.000 | oom 0.000 | loss_scale 32.000 | wall 5868 | train_wall 4705
| epoch 038 | valid on 'valid' subset | loss 6.786 | nll_loss 4.802 | ppl 27.9 | num_updates 26554 | best_loss 6.78648
| epoch 039 | loss 4.621 | nll_loss 2.299 | ppl 4.92 | wps 61131 | ups 5 | wpb 13287.043 | bsz 806.348 | num_updates 27253 | lr 0.000383109 | gnorm 0.224 | clip 1.000 | oom 0.000 | loss_scale 32.000 | wall 6020 | train_wall 4827
| epoch 039 | valid on 'valid' subset | loss 6.789 | nll_loss 4.799 | ppl 27.84 | num_updates 27253 | best_loss 6.78921
| epoch 040 | loss 4.613 | nll_loss 2.290 | ppl 4.89 | wps 60412 | ups 5 | wpb 13287.043 | bsz 806.348 | num_updates 27952 | lr 0.000378289 | gnorm 0.221 | clip 1.000 | oom 0.000 | loss_scale 32.000 | wall 6175 | train_wall 4952
| epoch 040 | valid on 'valid' subset | loss 6.737 | nll_loss 4.744 | ppl 26.8 | num_updates 27952 | best_loss 6.73714
| saved checkpoint ./checkpoints/2020-04-01T01-19-04-00-exp24-bpe2500-seed15/checkpoints_en_ne/checkpoint40.pt (epoch 40 @ 27952 updates) (writing took 1.3116137981414795 seconds)
| WARNING: overflow detected, setting loss scale to: 16.0
| epoch 041 | loss 4.607 | nll_loss 2.282 | ppl 4.86 | wps 62320 | ups 5 | wpb 13286.016 | bsz 805.852 | num_updates 28650 | lr 0.000373652 | gnorm 0.223 | clip 1.000 | oom 0.000 | loss_scale 16.000 | wall 6326 | train_wall 5071
| epoch 041 | valid on 'valid' subset | loss 6.743 | nll_loss 4.754 | ppl 26.99 | num_updates 28650 | best_loss 6.73714
| epoch 042 | loss 4.601 | nll_loss 2.274 | ppl 4.84 | wps 61434 | ups 5 | wpb 13287.043 | bsz 806.348 | num_updates 29349 | lr 0.000369176 | gnorm 0.222 | clip 1.000 | oom 0.000 | loss_scale 16.000 | wall 6477 | train_wall 5193
| epoch 042 | valid on 'valid' subset | loss 6.740 | nll_loss 4.754 | ppl 26.98 | num_updates 29349 | best_loss 6.73714
| epoch 043 | loss 4.593 | nll_loss 2.265 | ppl 4.81 | wps 60032 | ups 5 | wpb 13287.043 | bsz 806.348 | num_updates 30048 | lr 0.000364857 | gnorm 0.222 | clip 1.000 | oom 0.000 | loss_scale 16.000 | wall 6633 | train_wall 5318
| epoch 043 | valid on 'valid' subset | loss 6.755 | nll_loss 4.757 | ppl 27.04 | num_updates 30048 | best_loss 6.73714
| epoch 044 | loss 4.588 | nll_loss 2.258 | ppl 4.78 | wps 60536 | ups 5 | wpb 13287.043 | bsz 806.348 | num_updates 30747 | lr 0.000360685 | gnorm 0.221 | clip 1.000 | oom 0.000 | loss_scale 16.000 | wall 6787 | train_wall 5442
| epoch 044 | valid on 'valid' subset | loss 6.750 | nll_loss 4.756 | ppl 27.02 | num_updates 30747 | best_loss 6.73714
| epoch 045 | loss 4.583 | nll_loss 2.252 | ppl 4.76 | wps 60460 | ups 5 | wpb 13287.043 | bsz 806.348 | num_updates 31446 | lr 0.000356654 | gnorm 0.223 | clip 1.000 | oom 0.000 | loss_scale 16.000 | wall 6942 | train_wall 5567
| epoch 045 | valid on 'valid' subset | loss 6.753 | nll_loss 4.758 | ppl 27.06 | num_updates 31446 | best_loss 6.73714
| epoch 046 | loss 4.577 | nll_loss 2.244 | ppl 4.74 | wps 60759 | ups 5 | wpb 13287.043 | bsz 806.348 | num_updates 32145 | lr 0.000352755 | gnorm 0.222 | clip 1.000 | oom 0.000 | loss_scale 16.000 | wall 7095 | train_wall 5691
| epoch 046 | valid on 'valid' subset | loss 6.750 | nll_loss 4.754 | ppl 26.99 | num_updates 32145 | best_loss 6.73714
| epoch 047 | loss 4.571 | nll_loss 2.237 | ppl 4.71 | wps 62546 | ups 5 | wpb 13287.043 | bsz 806.348 | num_updates 32844 | lr 0.000348981 | gnorm 0.222 | clip 1.000 | oom 0.000 | loss_scale 32.000 | wall 7244 | train_wall 5810
| epoch 047 | valid on 'valid' subset | loss 6.747 | nll_loss 4.750 | ppl 26.91 | num_updates 32844 | best_loss 6.73714
| epoch 048 | loss 4.566 | nll_loss 2.231 | ppl 4.69 | wps 60311 | ups 5 | wpb 13287.043 | bsz 806.348 | num_updates 33543 | lr 0.000345326 | gnorm 0.223 | clip 1.000 | oom 0.000 | loss_scale 32.000 | wall 7399 | train_wall 5935
| epoch 048 | valid on 'valid' subset | loss 6.745 | nll_loss 4.747 | ppl 26.84 | num_updates 33543 | best_loss 6.73714
| epoch 049 | loss 4.561 | nll_loss 2.224 | ppl 4.67 | wps 60681 | ups 5 | wpb 13287.043 | bsz 806.348 | num_updates 34242 | lr 0.000341783 | gnorm 0.222 | clip 1.000 | oom 0.000 | loss_scale 32.000 | wall 7553 | train_wall 6059
| epoch 049 | valid on 'valid' subset | loss 6.737 | nll_loss 4.737 | ppl 26.67 | num_updates 34242 | best_loss 6.73681
| WARNING: overflow detected, setting loss scale to: 16.0
| epoch 050 | loss 4.555 | nll_loss 2.217 | ppl 4.65 | wps 61085 | ups 5 | wpb 13288.943 | bsz 807.297 | num_updates 34940 | lr 0.000338352 | gnorm 0.222 | clip 1.000 | oom 0.000 | loss_scale 16.000 | wall 7705 | train_wall 6182
| epoch 050 | valid on 'valid' subset | loss 6.756 | nll_loss 4.763 | ppl 27.15 | num_updates 34940 | best_loss 6.73714
| saved checkpoint ./checkpoints/2020-04-01T01-19-04-00-exp24-bpe2500-seed15/checkpoints_en_ne/checkpoint50.pt (epoch 50 @ 34940 updates) (writing took 0.8519201278686523 seconds)
| epoch 051 | loss 4.552 | nll_loss 2.213 | ppl 4.64 | wps 60559 | ups 5 | wpb 13287.043 | bsz 806.348 | num_updates 35639 | lr 0.000335017 | gnorm 0.224 | clip 1.000 | oom 0.000 | loss_scale 16.000 | wall 7860 | train_wall 6306
| epoch 051 | valid on 'valid' subset | loss 6.756 | nll_loss 4.757 | ppl 27.04 | num_updates 35639 | best_loss 6.73714
| epoch 052 | loss 4.547 | nll_loss 2.207 | ppl 4.62 | wps 60529 | ups 5 | wpb 13287.043 | bsz 806.348 | num_updates 36338 | lr 0.000331779 | gnorm 0.225 | clip 1.000 | oom 0.000 | loss_scale 16.000 | wall 8015 | train_wall 6430
| epoch 052 | valid on 'valid' subset | loss 6.751 | nll_loss 4.751 | ppl 26.92 | num_updates 36338 | best_loss 6.73714
| epoch 053 | loss 4.542 | nll_loss 2.201 | ppl 4.6 | wps 60780 | ups 5 | wpb 13287.043 | bsz 806.348 | num_updates 37037 | lr 0.000328634 | gnorm 0.221 | clip 1.000 | oom 0.000 | loss_scale 16.000 | wall 8168 | train_wall 6554
| epoch 053 | valid on 'valid' subset | loss 6.767 | nll_loss 4.770 | ppl 27.28 | num_updates 37037 | best_loss 6.73714
| epoch 054 | loss 4.538 | nll_loss 2.195 | ppl 4.58 | wps 60581 | ups 5 | wpb 13287.043 | bsz 806.348 | num_updates 37736 | lr 0.000325576 | gnorm 0.225 | clip 1.000 | oom 0.000 | loss_scale 16.000 | wall 8322 | train_wall 6677
| epoch 054 | valid on 'valid' subset | loss 6.711 | nll_loss 4.713 | ppl 26.23 | num_updates 37736 | best_loss 6.7114
| epoch 055 | loss 4.534 | nll_loss 2.190 | ppl 4.56 | wps 60055 | ups 5 | wpb 13287.043 | bsz 806.348 | num_updates 38435 | lr 0.000322602 | gnorm 0.225 | clip 1.000 | oom 0.000 | loss_scale 32.000 | wall 8478 | train_wall 6802
| epoch 055 | valid on 'valid' subset | loss 6.761 | nll_loss 4.761 | ppl 27.12 | num_updates 38435 | best_loss 6.73714
| epoch 056 | loss 4.530 | nll_loss 2.185 | ppl 4.55 | wps 60666 | ups 5 | wpb 13287.043 | bsz 806.348 | num_updates 39134 | lr 0.000319708 | gnorm 0.224 | clip 1.000 | oom 0.000 | loss_scale 32.000 | wall 8631 | train_wall 6925
| epoch 056 | valid on 'valid' subset | loss 6.753 | nll_loss 4.755 | ppl 27 | num_updates 39134 | best_loss 6.73714
| epoch 057 | loss 4.526 | nll_loss 2.180 | ppl 4.53 | wps 61240 | ups 5 | wpb 13287.043 | bsz 806.348 | num_updates 39833 | lr 0.00031689 | gnorm 0.224 | clip 1.000 | oom 0.000 | loss_scale 32.000 | wall 8784 | train_wall 7047
| epoch 057 | valid on 'valid' subset | loss 6.720 | nll_loss 4.719 | ppl 26.33 | num_updates 39833 | best_loss 6.71995
| epoch 058 | loss 4.522 | nll_loss 2.175 | ppl 4.52 | wps 61017 | ups 5 | wpb 13287.043 | bsz 806.348 | num_updates 40532 | lr 0.000314146 | gnorm 0.224 | clip 1.000 | oom 0.000 | loss_scale 32.000 | wall 8937 | train_wall 7169
| epoch 058 | valid on 'valid' subset | loss 6.721 | nll_loss 4.717 | ppl 26.3 | num_updates 40532 | best_loss 6.72149
| epoch 059 | loss 4.518 | nll_loss 2.170 | ppl 4.5 | wps 60731 | ups 5 | wpb 13287.043 | bsz 806.348 | num_updates 41231 | lr 0.000311471 | gnorm 0.223 | clip 1.000 | oom 0.000 | loss_scale 32.000 | wall 9090 | train_wall 7293
| epoch 059 | valid on 'valid' subset | loss 6.720 | nll_loss 4.723 | ppl 26.41 | num_updates 41231 | best_loss 6.71951
| epoch 060 | loss 4.514 | nll_loss 2.166 | ppl 4.49 | wps 61802 | ups 5 | wpb 13287.043 | bsz 806.348 | num_updates 41930 | lr 0.000308864 | gnorm 0.225 | clip 1.000 | oom 0.000 | loss_scale 32.000 | wall 9241 | train_wall 7413
| epoch 060 | valid on 'valid' subset | loss 6.700 | nll_loss 4.699 | ppl 25.98 | num_updates 41930 | best_loss 6.70048
| saved checkpoint ./checkpoints/2020-04-01T01-19-04-00-exp24-bpe2500-seed15/checkpoints_en_ne/checkpoint60.pt (epoch 60 @ 41930 updates) (writing took 1.3030967712402344 seconds)
| epoch 061 | loss 4.510 | nll_loss 2.160 | ppl 4.47 | wps 60311 | ups 5 | wpb 13287.043 | bsz 806.348 | num_updates 42629 | lr 0.000306321 | gnorm 0.224 | clip 1.000 | oom 0.000 | loss_scale 64.000 | wall 9398 | train_wall 7538
| epoch 061 | valid on 'valid' subset | loss 6.721 | nll_loss 4.722 | ppl 26.39 | num_updates 42629 | best_loss 6.70048
| WARNING: overflow detected, setting loss scale to: 32.0
| epoch 062 | loss 4.507 | nll_loss 2.157 | ppl 4.46 | wps 60115 | ups 5 | wpb 13285.314 | bsz 805.956 | num_updates 43327 | lr 0.000303844 | gnorm 0.225 | clip 1.000 | oom 0.000 | loss_scale 32.000 | wall 9553 | train_wall 7662
| epoch 062 | valid on 'valid' subset | loss 6.717 | nll_loss 4.719 | ppl 26.33 | num_updates 43327 | best_loss 6.70048
| epoch 063 | loss 4.503 | nll_loss 2.152 | ppl 4.44 | wps 60781 | ups 5 | wpb 13287.043 | bsz 806.348 | num_updates 44026 | lr 0.000301422 | gnorm 0.224 | clip 1.000 | oom 0.000 | loss_scale 32.000 | wall 9706 | train_wall 7785
| epoch 063 | valid on 'valid' subset | loss 6.723 | nll_loss 4.714 | ppl 26.25 | num_updates 44026 | best_loss 6.70048
| epoch 064 | loss 4.500 | nll_loss 2.148 | ppl 4.43 | wps 59293 | ups 4 | wpb 13287.043 | bsz 806.348 | num_updates 44725 | lr 0.000299058 | gnorm 0.225 | clip 1.000 | oom 0.000 | loss_scale 32.000 | wall 9863 | train_wall 7911
| epoch 064 | valid on 'valid' subset | loss 6.720 | nll_loss 4.725 | ppl 26.44 | num_updates 44725 | best_loss 6.70048
| WARNING: overflow detected, setting loss scale to: 16.0
| epoch 065 | loss 4.497 | nll_loss 2.144 | ppl 4.42 | wps 60596 | ups 5 | wpb 13287.426 | bsz 805.176 | num_updates 45423 | lr 0.000296751 | gnorm 0.226 | clip 1.000 | oom 0.000 | loss_scale 16.000 | wall 10017 | train_wall 8035
| epoch 065 | valid on 'valid' subset | loss 6.725 | nll_loss 4.730 | ppl 26.53 | num_updates 45423 | best_loss 6.70048
| epoch 066 | loss 4.494 | nll_loss 2.140 | ppl 4.41 | wps 59681 | ups 4 | wpb 13287.043 | bsz 806.348 | num_updates 46122 | lr 0.000294494 | gnorm 0.229 | clip 1.000 | oom 0.000 | loss_scale 16.000 | wall 10174 | train_wall 8161
| epoch 066 | valid on 'valid' subset | loss 6.718 | nll_loss 4.716 | ppl 26.28 | num_updates 46122 | best_loss 6.70048
| epoch 067 | loss 4.490 | nll_loss 2.135 | ppl 4.39 | wps 60813 | ups 5 | wpb 13287.043 | bsz 806.348 | num_updates 46821 | lr 0.000292287 | gnorm 0.228 | clip 1.000 | oom 0.000 | loss_scale 16.000 | wall 10327 | train_wall 8285
| epoch 067 | valid on 'valid' subset | loss 6.707 | nll_loss 4.704 | ppl 26.06 | num_updates 46821 | best_loss 6.70048
| epoch 068 | loss 4.487 | nll_loss 2.132 | ppl 4.38 | wps 59366 | ups 4 | wpb 13287.043 | bsz 806.348 | num_updates 47520 | lr 0.000290129 | gnorm 0.227 | clip 1.000 | oom 0.000 | loss_scale 16.000 | wall 10484 | train_wall 8411
| epoch 068 | valid on 'valid' subset | loss 6.709 | nll_loss 4.707 | ppl 26.12 | num_updates 47520 | best_loss 6.70048
| epoch 069 | loss 4.484 | nll_loss 2.127 | ppl 4.37 | wps 59657 | ups 4 | wpb 13287.043 | bsz 806.348 | num_updates 48219 | lr 0.000288019 | gnorm 0.226 | clip 1.000 | oom 0.000 | loss_scale 16.000 | wall 10641 | train_wall 8537
| epoch 069 | valid on 'valid' subset | loss 6.741 | nll_loss 4.745 | ppl 26.81 | num_updates 48219 | best_loss 6.70048
| epoch 070 | loss 4.481 | nll_loss 2.124 | ppl 4.36 | wps 59735 | ups 4 | wpb 13287.043 | bsz 806.348 | num_updates 48918 | lr 0.000285954 | gnorm 0.226 | clip 1.000 | oom 0.000 | loss_scale 16.000 | wall 10797 | train_wall 8662
| epoch 070 | valid on 'valid' subset | loss 6.713 | nll_loss 4.710 | ppl 26.17 | num_updates 48918 | best_loss 6.70048
| saved checkpoint ./checkpoints/2020-04-01T01-19-04-00-exp24-bpe2500-seed15/checkpoints_en_ne/checkpoint70.pt (epoch 70 @ 48918 updates) (writing took 0.8280477523803711 seconds)
| epoch 071 | loss 4.478 | nll_loss 2.120 | ppl 4.35 | wps 60079 | ups 5 | wpb 13287.043 | bsz 806.348 | num_updates 49617 | lr 0.000283932 | gnorm 0.227 | clip 1.000 | oom 0.000 | loss_scale 32.000 | wall 10953 | train_wall 8788
| epoch 071 | valid on 'valid' subset | loss 6.676 | nll_loss 4.676 | ppl 25.56 | num_updates 49617 | best_loss 6.67608
| epoch 072 | loss 4.475 | nll_loss 2.117 | ppl 4.34 | wps 59779 | ups 4 | wpb 13287.043 | bsz 806.348 | num_updates 50316 | lr 0.000281953 | gnorm 0.226 | clip 1.000 | oom 0.000 | loss_scale 32.000 | wall 11109 | train_wall 8913
| epoch 072 | valid on 'valid' subset | loss 6.719 | nll_loss 4.720 | ppl 26.36 | num_updates 50316 | best_loss 6.70048
| WARNING: overflow detected, setting loss scale to: 16.0
| epoch 073 | loss 4.474 | nll_loss 2.115 | ppl 4.33 | wps 60896 | ups 5 | wpb 13284.626 | bsz 805.302 | num_updates 51014 | lr 0.000280018 | gnorm 0.227 | clip 1.000 | oom 0.000 | loss_scale 16.000 | wall 11262 | train_wall 9038
| epoch 073 | valid on 'valid' subset | loss 6.704 | nll_loss 4.705 | ppl 26.09 | num_updates 51014 | best_loss 6.70048
| epoch 074 | loss 4.470 | nll_loss 2.110 | ppl 4.32 | wps 60812 | ups 5 | wpb 13287.043 | bsz 806.348 | num_updates 51713 | lr 0.000278119 | gnorm 0.227 | clip 1.000 | oom 0.000 | loss_scale 16.000 | wall 11415 | train_wall 9160
| epoch 074 | valid on 'valid' subset | loss 6.696 | nll_loss 4.697 | ppl 25.94 | num_updates 51713 | best_loss 6.69608
| epoch 075 | loss 4.467 | nll_loss 2.106 | ppl 4.31 | wps 61841 | ups 5 | wpb 13287.043 | bsz 806.348 | num_updates 52412 | lr 0.000276258 | gnorm 0.226 | clip 1.000 | oom 0.000 | loss_scale 16.000 | wall 11566 | train_wall 9282
| epoch 075 | valid on 'valid' subset | loss 6.695 | nll_loss 4.698 | ppl 25.96 | num_updates 52412 | best_loss 6.69527
| epoch 076 | loss 4.464 | nll_loss 2.103 | ppl 4.3 | wps 60159 | ups 5 | wpb 13287.043 | bsz 806.348 | num_updates 53111 | lr 0.000274434 | gnorm 0.228 | clip 1.000 | oom 0.000 | loss_scale 16.000 | wall 11721 | train_wall 9406
| epoch 076 | valid on 'valid' subset | loss 6.710 | nll_loss 4.709 | ppl 26.15 | num_updates 53111 | best_loss 6.70048
| epoch 077 | loss 4.462 | nll_loss 2.100 | ppl 4.29 | wps 59908 | ups 5 | wpb 13287.043 | bsz 806.348 | num_updates 53810 | lr 0.000272646 | gnorm 0.228 | clip 1.000 | oom 0.000 | loss_scale 16.000 | wall 11877 | train_wall 9531
| epoch 077 | valid on 'valid' subset | loss 6.720 | nll_loss 4.724 | ppl 26.43 | num_updates 53810 | best_loss 6.70048
| WARNING: overflow detected, setting loss scale to: 8.0
| epoch 078 | loss 4.459 | nll_loss 2.096 | ppl 4.28 | wps 61088 | ups 5 | wpb 13286.907 | bsz 807.021 | num_updates 54508 | lr 0.000270894 | gnorm 0.228 | clip 1.000 | oom 0.000 | loss_scale 8.000 | wall 12030 | train_wall 9653
| epoch 078 | valid on 'valid' subset | loss 6.682 | nll_loss 4.685 | ppl 25.72 | num_updates 54508 | best_loss 6.68169
| epoch 079 | loss 4.457 | nll_loss 2.094 | ppl 4.27 | wps 59756 | ups 4 | wpb 13287.043 | bsz 806.348 | num_updates 55207 | lr 0.000269174 | gnorm 0.228 | clip 1.000 | oom 0.000 | loss_scale 8.000 | wall 12186 | train_wall 9778
| epoch 079 | valid on 'valid' subset | loss 6.712 | nll_loss 4.710 | ppl 26.17 | num_updates 55207 | best_loss 6.70048
| epoch 080 | loss 4.454 | nll_loss 2.090 | ppl 4.26 | wps 61177 | ups 5 | wpb 13287.043 | bsz 806.348 | num_updates 55906 | lr 0.000267486 | gnorm 0.229 | clip 1.000 | oom 0.000 | loss_scale 8.000 | wall 12338 | train_wall 9901
| epoch 080 | valid on 'valid' subset | loss 6.711 | nll_loss 4.714 | ppl 26.25 | num_updates 55906 | best_loss 6.70048
| saved checkpoint ./checkpoints/2020-04-01T01-19-04-00-exp24-bpe2500-seed15/checkpoints_en_ne/checkpoint80.pt (epoch 80 @ 55906 updates) (writing took 0.8150103092193604 seconds)
| epoch 081 | loss 4.452 | nll_loss 2.088 | ppl 4.25 | wps 61304 | ups 5 | wpb 13287.043 | bsz 806.348 | num_updates 56605 | lr 0.000265829 | gnorm 0.227 | clip 1.000 | oom 0.000 | loss_scale 8.000 | wall 12491 | train_wall 10024
| epoch 081 | valid on 'valid' subset | loss 6.724 | nll_loss 4.729 | ppl 26.53 | num_updates 56605 | best_loss 6.70048
| epoch 082 | loss 4.449 | nll_loss 2.084 | ppl 4.24 | wps 59747 | ups 4 | wpb 13287.043 | bsz 806.348 | num_updates 57304 | lr 0.000264203 | gnorm 0.230 | clip 1.000 | oom 0.000 | loss_scale 8.000 | wall 12648 | train_wall 10148
| epoch 082 | valid on 'valid' subset | loss 6.667 | nll_loss 4.663 | ppl 25.33 | num_updates 57304 | best_loss 6.66669
| WARNING: overflow detected, setting loss scale to: 4.0
| epoch 083 | loss 4.447 | nll_loss 2.081 | ppl 4.23 | wps 61327 | ups 5 | wpb 13287.493 | bsz 806.334 | num_updates 58002 | lr 0.000262608 | gnorm 0.228 | clip 1.000 | oom 0.000 | loss_scale 4.000 | wall 12800 | train_wall 10270
| epoch 083 | valid on 'valid' subset | loss 6.702 | nll_loss 4.702 | ppl 26.04 | num_updates 58002 | best_loss 6.70048
| epoch 084 | loss 4.445 | nll_loss 2.078 | ppl 4.22 | wps 61954 | ups 5 | wpb 13287.043 | bsz 806.348 | num_updates 58701 | lr 0.00026104 | gnorm 0.231 | clip 1.000 | oom 0.000 | loss_scale 4.000 | wall 12950 | train_wall 10392
| epoch 084 | valid on 'valid' subset | loss 6.690 | nll_loss 4.685 | ppl 25.71 | num_updates 58701 | best_loss 6.68998
| epoch 085 | loss 4.442 | nll_loss 2.076 | ppl 4.22 | wps 61380 | ups 5 | wpb 13287.043 | bsz 806.348 | num_updates 59400 | lr 0.0002595 | gnorm 0.232 | clip 1.000 | oom 0.000 | loss_scale 4.000 | wall 13102 | train_wall 10515
| epoch 085 | valid on 'valid' subset | loss 6.665 | nll_loss 4.661 | ppl 25.3 | num_updates 59400 | best_loss 6.66454
| epoch 086 | loss 4.440 | nll_loss 2.072 | ppl 4.2 | wps 59601 | ups 4 | wpb 13287.043 | bsz 806.348 | num_updates 60099 | lr 0.000257986 | gnorm 0.234 | clip 1.000 | oom 0.000 | loss_scale 4.000 | wall 13259 | train_wall 10639
| epoch 086 | valid on 'valid' subset | loss 6.687 | nll_loss 4.686 | ppl 25.75 | num_updates 60099 | best_loss 6.68692
| epoch 087 | loss 4.438 | nll_loss 2.070 | ppl 4.2 | wps 59686 | ups 4 | wpb 13287.043 | bsz 806.348 | num_updates 60798 | lr 0.000256499 | gnorm 0.230 | clip 1.000 | oom 0.000 | loss_scale 4.000 | wall 13415 | train_wall 10764
| epoch 087 | valid on 'valid' subset | loss 6.698 | nll_loss 4.698 | ppl 25.96 | num_updates 60798 | best_loss 6.6984
| epoch 088 | loss 4.436 | nll_loss 2.067 | ppl 4.19 | wps 60887 | ups 5 | wpb 13287.043 | bsz 806.348 | num_updates 61497 | lr 0.000255037 | gnorm 0.231 | clip 1.000 | oom 0.000 | loss_scale 4.000 | wall 13569 | train_wall 10887
| epoch 088 | valid on 'valid' subset | loss 6.688 | nll_loss 4.686 | ppl 25.75 | num_updates 61497 | best_loss 6.68802
| epoch 089 | loss 4.433 | nll_loss 2.064 | ppl 4.18 | wps 60246 | ups 5 | wpb 13287.043 | bsz 806.348 | num_updates 62196 | lr 0.0002536 | gnorm 0.230 | clip 1.000 | oom 0.000 | loss_scale 8.000 | wall 13723 | train_wall 11011
| epoch 089 | valid on 'valid' subset | loss 6.705 | nll_loss 4.705 | ppl 26.08 | num_updates 62196 | best_loss 6.70048
| epoch 090 | loss 4.432 | nll_loss 2.062 | ppl 4.18 | wps 60947 | ups 5 | wpb 13287.043 | bsz 806.348 | num_updates 62895 | lr 0.000252187 | gnorm 0.230 | clip 1.000 | oom 0.000 | loss_scale 8.000 | wall 13877 | train_wall 11135
| epoch 090 | valid on 'valid' subset | loss 6.659 | nll_loss 4.659 | ppl 25.26 | num_updates 62895 | best_loss 6.65854
| saved checkpoint ./checkpoints/2020-04-01T01-19-04-00-exp24-bpe2500-seed15/checkpoints_en_ne/checkpoint90.pt (epoch 90 @ 62895 updates) (writing took 1.0343854427337646 seconds)
| epoch 091 | loss 4.429 | nll_loss 2.060 | ppl 4.17 | wps 60758 | ups 5 | wpb 13287.043 | bsz 806.348 | num_updates 63594 | lr 0.000250797 | gnorm 0.230 | clip 1.000 | oom 0.000 | loss_scale 8.000 | wall 14031 | train_wall 11259
| epoch 091 | valid on 'valid' subset | loss 6.687 | nll_loss 4.685 | ppl 25.72 | num_updates 63594 | best_loss 6.65854
| epoch 092 | loss 4.427 | nll_loss 2.057 | ppl 4.16 | wps 60049 | ups 5 | wpb 13287.043 | bsz 806.348 | num_updates 64293 | lr 0.00024943 | gnorm 0.232 | clip 1.000 | oom 0.000 | loss_scale 8.000 | wall 14187 | train_wall 11384
| epoch 092 | valid on 'valid' subset | loss 6.682 | nll_loss 4.686 | ppl 25.75 | num_updates 64293 | best_loss 6.65854
| epoch 093 | loss 4.426 | nll_loss 2.055 | ppl 4.15 | wps 59955 | ups 5 | wpb 13287.043 | bsz 806.348 | num_updates 64992 | lr 0.000248085 | gnorm 0.232 | clip 1.000 | oom 0.000 | loss_scale 8.000 | wall 14342 | train_wall 11509
| epoch 093 | valid on 'valid' subset | loss 6.675 | nll_loss 4.671 | ppl 25.47 | num_updates 64992 | best_loss 6.65854
| epoch 094 | loss 4.423 | nll_loss 2.052 | ppl 4.15 | wps 59852 | ups 5 | wpb 13287.043 | bsz 806.348 | num_updates 65691 | lr 0.000246761 | gnorm 0.232 | clip 1.000 | oom 0.000 | loss_scale 8.000 | wall 14498 | train_wall 11634
| epoch 094 | valid on 'valid' subset | loss 6.678 | nll_loss 4.677 | ppl 25.58 | num_updates 65691 | best_loss 6.65854
| epoch 095 | loss 4.422 | nll_loss 2.050 | ppl 4.14 | wps 59855 | ups 5 | wpb 13287.043 | bsz 806.348 | num_updates 66390 | lr 0.000245459 | gnorm 0.231 | clip 1.000 | oom 0.000 | loss_scale 16.000 | wall 14654 | train_wall 11759
| epoch 095 | valid on 'valid' subset | loss 6.695 | nll_loss 4.695 | ppl 25.89 | num_updates 66390 | best_loss 6.65854
| WARNING: overflow detected, setting loss scale to: 8.0
| epoch 096 | loss 4.421 | nll_loss 2.049 | ppl 4.14 | wps 60180 | ups 5 | wpb 13285.189 | bsz 806.345 | num_updates 67088 | lr 0.000244179 | gnorm 0.233 | clip 1.000 | oom 0.000 | loss_scale 8.000 | wall 14809 | train_wall 11883
| epoch 096 | valid on 'valid' subset | loss 6.684 | nll_loss 4.680 | ppl 25.64 | num_updates 67088 | best_loss 6.65854
| epoch 097 | loss 4.418 | nll_loss 2.045 | ppl 4.13 | wps 59812 | ups 5 | wpb 13287.043 | bsz 806.348 | num_updates 67787 | lr 0.000242916 | gnorm 0.231 | clip 1.000 | oom 0.000 | loss_scale 8.000 | wall 14965 | train_wall 12008
| epoch 097 | valid on 'valid' subset | loss 6.689 | nll_loss 4.689 | ppl 25.8 | num_updates 67787 | best_loss 6.65854
| epoch 098 | loss 4.416 | nll_loss 2.042 | ppl 4.12 | wps 59532 | ups 4 | wpb 13287.043 | bsz 806.348 | num_updates 68486 | lr 0.000241674 | gnorm 0.232 | clip 1.000 | oom 0.000 | loss_scale 8.000 | wall 15122 | train_wall 12133
| epoch 098 | valid on 'valid' subset | loss 6.673 | nll_loss 4.675 | ppl 25.55 | num_updates 68486 | best_loss 6.65854
| epoch 099 | loss 4.414 | nll_loss 2.040 | ppl 4.11 | wps 60683 | ups 5 | wpb 13287.043 | bsz 806.348 | num_updates 69185 | lr 0.00024045 | gnorm 0.232 | clip 1.000 | oom 0.000 | loss_scale 8.000 | wall 15275 | train_wall 12256
| epoch 099 | valid on 'valid' subset | loss 6.681 | nll_loss 4.676 | ppl 25.57 | num_updates 69185 | best_loss 6.65854
| epoch 100 | loss 4.412 | nll_loss 2.038 | ppl 4.11 | wps 60120 | ups 5 | wpb 13287.043 | bsz 806.348 | num_updates 69884 | lr 0.000239244 | gnorm 0.233 | clip 1.000 | oom 0.000 | loss_scale 8.000 | wall 15431 | train_wall 12381
| epoch 100 | valid on 'valid' subset | loss 6.688 | nll_loss 4.683 | ppl 25.7 | num_updates 69884 | best_loss 6.65854
| saved checkpoint ./checkpoints/2020-04-01T01-19-04-00-exp24-bpe2500-seed15/checkpoints_en_ne/checkpoint100.pt (epoch 100 @ 69884 updates) (writing took 0.789447546005249 seconds)
| done training in 15427.3 seconds
Done training.
Time at end: Wed Apr 1 09:50:14 EDT 2020
