================ FLORES BASELINE WITH CLIP_NORM=0.1, BPE=5000 AND SEED=18  ================
About to train the supervised for the following language pair: EN-SI
CHECKPOINT_DIR is set to './checkpoints/2020-05-24T14-41-04-00-exp27-bpe5000-si-051920-seed18-nonjoint/checkpoints_en_si'
Creating checkpoint directory if it doesn't exist...
Data folder is: data-bin/wiki_si_en_bpe5000_nonjoint/
Beginning training...
Time at beginning: Sun May 24 19:32:59 EDT 2020
This is train_fairseq
Namespace(activation_dropout=0.2, activation_fn='relu', adam_betas='(0.9, 0.98)', adam_eps=1e-08, adaptive_input=False, adaptive_softmax_cutoff=None, adaptive_softmax_dropout=0, arch='transformer', attention_dropout=0.2, best_checkpoint_metric='loss', bpe=None, bucket_cap_mb=25, clip_norm=0.1, cpu=False, criterion='label_smoothed_cross_entropy', cross_self_attention=False, curriculum=0, data='data-bin/wiki_si_en_bpe5000_nonjoint/', dataset_impl=None, ddp_backend='c10d', decoder_attention_heads=2, decoder_embed_dim=512, decoder_embed_path=None, decoder_ffn_embed_dim=2048, decoder_input_dim=512, decoder_layerdrop=0, decoder_layers=5, decoder_layers_to_keep=None, decoder_learned_pos=False, decoder_normalize_before=True, decoder_output_dim=512, device_id=0, disable_validation=False, distributed_backend='nccl', distributed_init_method=None, distributed_no_spawn=False, distributed_port=-1, distributed_rank=0, distributed_world_size=1, dropout=0.4, empty_cache_freq=0, encoder_attention_heads=2, encoder_embed_dim=512, encoder_embed_path=None, encoder_ffn_embed_dim=2048, encoder_layerdrop=0, encoder_layers=5, encoder_layers_to_keep=None, encoder_learned_pos=False, encoder_normalize_before=True, fast_stat_sync=False, find_unused_parameters=False, fix_batches_to_gpus=False, fixed_validation_seed=None, fp16=True, fp16_init_scale=128, fp16_scale_tolerance=0.0, fp16_scale_window=None, keep_interval_updates=-1, keep_last_epochs=-1, label_smoothing=0.2, layer_wise_attention=False, layernorm_embedding=False, lazy_load=False, left_pad_source='True', left_pad_target='False', load_alignments=False, log_format=None, log_interval=1000, lr=[0.001], lr_scheduler='inverse_sqrt', max_epoch=100, max_sentences=None, max_sentences_valid=None, max_source_positions=1024, max_target_positions=1024, max_tokens=4000, max_tokens_valid=4000, max_update=0, maximize_best_checkpoint_metric=False, memory_efficient_fp16=False, min_loss_scale=0.0001, min_lr=1e-09, no_cross_attention=False, no_epoch_checkpoints=False, no_last_checkpoints=False, no_progress_bar=False, no_save=False, no_save_optimizer_state=False, no_scale_embedding=False, no_token_positional_embeddings=False, num_workers=1, optimizer='adam', optimizer_overrides='{}', raw_text=False, required_batch_size_multiple=8, reset_dataloader=False, reset_lr_scheduler=False, reset_meters=False, reset_optimizer=False, restore_file='checkpoint_last.pt', save_dir='./checkpoints/2020-05-24T14-41-04-00-exp27-bpe5000-si-051920-seed18-nonjoint/checkpoints_en_si', save_interval=10, save_interval_updates=0, seed=18, sentence_avg=False, share_all_embeddings=True, share_decoder_input_output_embed=False, skip_invalid_size_inputs_valid_test=False, source_lang='en', target_lang='si', task='translation', tensorboard_logdir='', threshold_loss_scale=None, tokenizer=None, train_subset='train', truncate_source=False, update_freq=[4], upsample_primary=1, use_bmuf=False, user_dir=None, valid_subset='valid', validate_interval=1, warmup_init_lr=1e-07, warmup_updates=4000, weight_decay=0.0001)
| [en] dictionary: 5128 types
| [si] dictionary: 5128 types
| loaded 2898 examples from: data-bin/wiki_si_en_bpe5000_nonjoint/valid.si-en.en
| loaded 2898 examples from: data-bin/wiki_si_en_bpe5000_nonjoint/valid.si-en.si
| data-bin/wiki_si_en_bpe5000_nonjoint/ valid en-si 2898 examples
TransformerModel(
  (encoder): TransformerEncoder(
    (embed_tokens): Embedding(5128, 512, padding_idx=1)
    (embed_positions): SinusoidalPositionalEmbedding()
    (layers): ModuleList(
      (0): TransformerEncoderLayer(
        (self_attn): MultiheadAttention(
          (k_proj): Linear(in_features=512, out_features=512, bias=True)
          (v_proj): Linear(in_features=512, out_features=512, bias=True)
          (q_proj): Linear(in_features=512, out_features=512, bias=True)
          (out_proj): Linear(in_features=512, out_features=512, bias=True)
        )
        (self_attn_layer_norm): LayerNorm((512,), eps=1e-05, elementwise_affine=True)
        (fc1): Linear(in_features=512, out_features=2048, bias=True)
        (fc2): Linear(in_features=2048, out_features=512, bias=True)
        (final_layer_norm): LayerNorm((512,), eps=1e-05, elementwise_affine=True)
      )
      (1): TransformerEncoderLayer(
        (self_attn): MultiheadAttention(
          (k_proj): Linear(in_features=512, out_features=512, bias=True)
          (v_proj): Linear(in_features=512, out_features=512, bias=True)
          (q_proj): Linear(in_features=512, out_features=512, bias=True)
          (out_proj): Linear(in_features=512, out_features=512, bias=True)
        )
        (self_attn_layer_norm): LayerNorm((512,), eps=1e-05, elementwise_affine=True)
        (fc1): Linear(in_features=512, out_features=2048, bias=True)
        (fc2): Linear(in_features=2048, out_features=512, bias=True)
        (final_layer_norm): LayerNorm((512,), eps=1e-05, elementwise_affine=True)
      )
      (2): TransformerEncoderLayer(
        (self_attn): MultiheadAttention(
          (k_proj): Linear(in_features=512, out_features=512, bias=True)
          (v_proj): Linear(in_features=512, out_features=512, bias=True)
          (q_proj): Linear(in_features=512, out_features=512, bias=True)
          (out_proj): Linear(in_features=512, out_features=512, bias=True)
        )
        (self_attn_layer_norm): LayerNorm((512,), eps=1e-05, elementwise_affine=True)
        (fc1): Linear(in_features=512, out_features=2048, bias=True)
        (fc2): Linear(in_features=2048, out_features=512, bias=True)
        (final_layer_norm): LayerNorm((512,), eps=1e-05, elementwise_affine=True)
      )
      (3): TransformerEncoderLayer(
        (self_attn): MultiheadAttention(
          (k_proj): Linear(in_features=512, out_features=512, bias=True)
          (v_proj): Linear(in_features=512, out_features=512, bias=True)
          (q_proj): Linear(in_features=512, out_features=512, bias=True)
          (out_proj): Linear(in_features=512, out_features=512, bias=True)
        )
        (self_attn_layer_norm): LayerNorm((512,), eps=1e-05, elementwise_affine=True)
        (fc1): Linear(in_features=512, out_features=2048, bias=True)
        (fc2): Linear(in_features=2048, out_features=512, bias=True)
        (final_layer_norm): LayerNorm((512,), eps=1e-05, elementwise_affine=True)
      )
      (4): TransformerEncoderLayer(
        (self_attn): MultiheadAttention(
          (k_proj): Linear(in_features=512, out_features=512, bias=True)
          (v_proj): Linear(in_features=512, out_features=512, bias=True)
          (q_proj): Linear(in_features=512, out_features=512, bias=True)
          (out_proj): Linear(in_features=512, out_features=512, bias=True)
        )
        (self_attn_layer_norm): LayerNorm((512,), eps=1e-05, elementwise_affine=True)
        (fc1): Linear(in_features=512, out_features=2048, bias=True)
        (fc2): Linear(in_features=2048, out_features=512, bias=True)
        (final_layer_norm): LayerNorm((512,), eps=1e-05, elementwise_affine=True)
      )
    )
    (layer_norm): LayerNorm((512,), eps=1e-05, elementwise_affine=True)
  )
  (decoder): TransformerDecoder(
    (embed_tokens): Embedding(5128, 512, padding_idx=1)
    (embed_positions): SinusoidalPositionalEmbedding()
    (layers): ModuleList(
      (0): TransformerDecoderLayer(
        (self_attn): MultiheadAttention(
          (k_proj): Linear(in_features=512, out_features=512, bias=True)
          (v_proj): Linear(in_features=512, out_features=512, bias=True)
          (q_proj): Linear(in_features=512, out_features=512, bias=True)
          (out_proj): Linear(in_features=512, out_features=512, bias=True)
        )
        (self_attn_layer_norm): LayerNorm((512,), eps=1e-05, elementwise_affine=True)
        (encoder_attn): MultiheadAttention(
          (k_proj): Linear(in_features=512, out_features=512, bias=True)
          (v_proj): Linear(in_features=512, out_features=512, bias=True)
          (q_proj): Linear(in_features=512, out_features=512, bias=True)
          (out_proj): Linear(in_features=512, out_features=512, bias=True)
        )
        (encoder_attn_layer_norm): LayerNorm((512,), eps=1e-05, elementwise_affine=True)
        (fc1): Linear(in_features=512, out_features=2048, bias=True)
        (fc2): Linear(in_features=2048, out_features=512, bias=True)
        (final_layer_norm): LayerNorm((512,), eps=1e-05, elementwise_affine=True)
      )
      (1): TransformerDecoderLayer(
        (self_attn): MultiheadAttention(
          (k_proj): Linear(in_features=512, out_features=512, bias=True)
          (v_proj): Linear(in_features=512, out_features=512, bias=True)
          (q_proj): Linear(in_features=512, out_features=512, bias=True)
          (out_proj): Linear(in_features=512, out_features=512, bias=True)
        )
        (self_attn_layer_norm): LayerNorm((512,), eps=1e-05, elementwise_affine=True)
        (encoder_attn): MultiheadAttention(
          (k_proj): Linear(in_features=512, out_features=512, bias=True)
          (v_proj): Linear(in_features=512, out_features=512, bias=True)
          (q_proj): Linear(in_features=512, out_features=512, bias=True)
          (out_proj): Linear(in_features=512, out_features=512, bias=True)
        )
        (encoder_attn_layer_norm): LayerNorm((512,), eps=1e-05, elementwise_affine=True)
        (fc1): Linear(in_features=512, out_features=2048, bias=True)
        (fc2): Linear(in_features=2048, out_features=512, bias=True)
        (final_layer_norm): LayerNorm((512,), eps=1e-05, elementwise_affine=True)
      )
      (2): TransformerDecoderLayer(
        (self_attn): MultiheadAttention(
          (k_proj): Linear(in_features=512, out_features=512, bias=True)
          (v_proj): Linear(in_features=512, out_features=512, bias=True)
          (q_proj): Linear(in_features=512, out_features=512, bias=True)
          (out_proj): Linear(in_features=512, out_features=512, bias=True)
        )
        (self_attn_layer_norm): LayerNorm((512,), eps=1e-05, elementwise_affine=True)
        (encoder_attn): MultiheadAttention(
          (k_proj): Linear(in_features=512, out_features=512, bias=True)
          (v_proj): Linear(in_features=512, out_features=512, bias=True)
          (q_proj): Linear(in_features=512, out_features=512, bias=True)
          (out_proj): Linear(in_features=512, out_features=512, bias=True)
        )
        (encoder_attn_layer_norm): LayerNorm((512,), eps=1e-05, elementwise_affine=True)
        (fc1): Linear(in_features=512, out_features=2048, bias=True)
        (fc2): Linear(in_features=2048, out_features=512, bias=True)
        (final_layer_norm): LayerNorm((512,), eps=1e-05, elementwise_affine=True)
      )
      (3): TransformerDecoderLayer(
        (self_attn): MultiheadAttention(
          (k_proj): Linear(in_features=512, out_features=512, bias=True)
          (v_proj): Linear(in_features=512, out_features=512, bias=True)
          (q_proj): Linear(in_features=512, out_features=512, bias=True)
          (out_proj): Linear(in_features=512, out_features=512, bias=True)
        )
        (self_attn_layer_norm): LayerNorm((512,), eps=1e-05, elementwise_affine=True)
        (encoder_attn): MultiheadAttention(
          (k_proj): Linear(in_features=512, out_features=512, bias=True)
          (v_proj): Linear(in_features=512, out_features=512, bias=True)
          (q_proj): Linear(in_features=512, out_features=512, bias=True)
          (out_proj): Linear(in_features=512, out_features=512, bias=True)
        )
        (encoder_attn_layer_norm): LayerNorm((512,), eps=1e-05, elementwise_affine=True)
        (fc1): Linear(in_features=512, out_features=2048, bias=True)
        (fc2): Linear(in_features=2048, out_features=512, bias=True)
        (final_layer_norm): LayerNorm((512,), eps=1e-05, elementwise_affine=True)
      )
      (4): TransformerDecoderLayer(
        (self_attn): MultiheadAttention(
          (k_proj): Linear(in_features=512, out_features=512, bias=True)
          (v_proj): Linear(in_features=512, out_features=512, bias=True)
          (q_proj): Linear(in_features=512, out_features=512, bias=True)
          (out_proj): Linear(in_features=512, out_features=512, bias=True)
        )
        (self_attn_layer_norm): LayerNorm((512,), eps=1e-05, elementwise_affine=True)
        (encoder_attn): MultiheadAttention(
          (k_proj): Linear(in_features=512, out_features=512, bias=True)
          (v_proj): Linear(in_features=512, out_features=512, bias=True)
          (q_proj): Linear(in_features=512, out_features=512, bias=True)
          (out_proj): Linear(in_features=512, out_features=512, bias=True)
        )
        (encoder_attn_layer_norm): LayerNorm((512,), eps=1e-05, elementwise_affine=True)
        (fc1): Linear(in_features=512, out_features=2048, bias=True)
        (fc2): Linear(in_features=2048, out_features=512, bias=True)
        (final_layer_norm): LayerNorm((512,), eps=1e-05, elementwise_affine=True)
      )
    )
    (layer_norm): LayerNorm((512,), eps=1e-05, elementwise_affine=True)
  )
)
| model transformer, criterion LabelSmoothedCrossEntropyCriterion
| num. model params: 39409664 (num. trained: 39409664)
| training on 1 GPUs
| max tokens per GPU = 4000 and max sentences per GPU = None
| no existing checkpoint found ./checkpoints/2020-05-24T14-41-04-00-exp27-bpe5000-si-051920-seed18-nonjoint/checkpoints_en_si/checkpoint_last.pt
| loading train data for epoch 0
| loaded 646722 examples from: data-bin/wiki_si_en_bpe5000_nonjoint/train.si-en.en
| loaded 646722 examples from: data-bin/wiki_si_en_bpe5000_nonjoint/train.si-en.si
| data-bin/wiki_si_en_bpe5000_nonjoint/ train en-si 646722 examples
| WARNING: overflow detected, setting loss scale to: 64.0
| WARNING: overflow detected, setting loss scale to: 32.0
| WARNING: overflow detected, setting loss scale to: 16.0
| WARNING: overflow detected, setting loss scale to: 8.0
| epoch 001 | loss 9.981 | nll_loss 9.100 | ppl 548.83 | wps 36627 | ups 4 | wpb 8639.029 | bsz 885.061 | num_updates 726 | lr 0.000181582 | gnorm 0.887 | clip 1.000 | oom 0.000 | loss_scale 8.000 | wall 171 | train_wall 138
| epoch 001 | valid on 'valid' subset | loss 10.926 | nll_loss 10.233 | ppl 1203.89 | num_updates 726
| epoch 002 | loss 8.641 | nll_loss 7.291 | ppl 156.63 | wps 37822 | ups 4 | wpb 8647.808 | bsz 885.921 | num_updates 1456 | lr 0.000364064 | gnorm 0.561 | clip 1.000 | oom 0.000 | loss_scale 8.000 | wall 339 | train_wall 277
| epoch 002 | valid on 'valid' subset | loss 10.007 | nll_loss 8.939 | ppl 490.66 | num_updates 1456
| epoch 003 | loss 7.843 | nll_loss 6.211 | ppl 74.08 | wps 37699 | ups 4 | wpb 8647.808 | bsz 885.921 | num_updates 2186 | lr 0.000546545 | gnorm 0.491 | clip 1.000 | oom 0.000 | loss_scale 8.000 | wall 507 | train_wall 416
| epoch 003 | valid on 'valid' subset | loss 9.425 | nll_loss 8.084 | ppl 271.42 | num_updates 2186
| epoch 004 | loss 7.373 | nll_loss 5.580 | ppl 47.84 | wps 37622 | ups 4 | wpb 8647.808 | bsz 885.921 | num_updates 2916 | lr 0.000729027 | gnorm 0.433 | clip 1.000 | oom 0.000 | loss_scale 8.000 | wall 676 | train_wall 555
| epoch 004 | valid on 'valid' subset | loss 9.082 | nll_loss 7.604 | ppl 194.52 | num_updates 2916
| epoch 005 | loss 7.073 | nll_loss 5.181 | ppl 36.27 | wps 37694 | ups 4 | wpb 8647.808 | bsz 885.921 | num_updates 3646 | lr 0.000911509 | gnorm 0.401 | clip 1.000 | oom 0.000 | loss_scale 8.000 | wall 844 | train_wall 693
| epoch 005 | valid on 'valid' subset | loss 8.939 | nll_loss 7.364 | ppl 164.7 | num_updates 3646
| epoch 006 | loss 6.863 | nll_loss 4.905 | ppl 29.97 | wps 37713 | ups 4 | wpb 8647.808 | bsz 885.921 | num_updates 4376 | lr 0.000956074 | gnorm 0.361 | clip 1.000 | oom 0.000 | loss_scale 8.000 | wall 1013 | train_wall 832
| epoch 006 | valid on 'valid' subset | loss 8.674 | nll_loss 7.012 | ppl 129.05 | num_updates 4376
| epoch 007 | loss 6.675 | nll_loss 4.660 | ppl 25.28 | wps 37892 | ups 4 | wpb 8647.808 | bsz 885.921 | num_updates 5106 | lr 0.000885094 | gnorm 0.327 | clip 1.000 | oom 0.000 | loss_scale 16.000 | wall 1180 | train_wall 971
| epoch 007 | valid on 'valid' subset | loss 8.452 | nll_loss 6.733 | ppl 106.36 | num_updates 5106
| epoch 008 | loss 6.539 | nll_loss 4.483 | ppl 22.37 | wps 38010 | ups 4 | wpb 8647.808 | bsz 885.921 | num_updates 5836 | lr 0.000827889 | gnorm 0.308 | clip 1.000 | oom 0.000 | loss_scale 16.000 | wall 1347 | train_wall 1108
| epoch 008 | valid on 'valid' subset | loss 8.356 | nll_loss 6.574 | ppl 95.3 | num_updates 5836
| epoch 009 | loss 6.436 | nll_loss 4.350 | ppl 20.39 | wps 37901 | ups 4 | wpb 8647.808 | bsz 885.921 | num_updates 6566 | lr 0.000780512 | gnorm 0.293 | clip 1.000 | oom 0.000 | loss_scale 16.000 | wall 1515 | train_wall 1247
| epoch 009 | valid on 'valid' subset | loss 8.214 | nll_loss 6.372 | ppl 82.85 | num_updates 6566
| epoch 010 | loss 6.358 | nll_loss 4.248 | ppl 19 | wps 37786 | ups 4 | wpb 8647.808 | bsz 885.921 | num_updates 7296 | lr 0.000740436 | gnorm 0.282 | clip 1.000 | oom 0.000 | loss_scale 16.000 | wall 1683 | train_wall 1385
| epoch 010 | valid on 'valid' subset | loss 8.131 | nll_loss 6.229 | ppl 74.99 | num_updates 7296
| saved checkpoint ./checkpoints/2020-05-24T14-41-04-00-exp27-bpe5000-si-051920-seed18-nonjoint/checkpoints_en_si/checkpoint10.pt (epoch 10 @ 7296 updates) (writing took 0.7220089435577393 seconds)
| epoch 011 | loss 6.293 | nll_loss 4.163 | ppl 17.92 | wps 37821 | ups 4 | wpb 8647.808 | bsz 885.921 | num_updates 8026 | lr 0.000705961 | gnorm 0.273 | clip 1.000 | oom 0.000 | loss_scale 16.000 | wall 1851 | train_wall 1524
| epoch 011 | valid on 'valid' subset | loss 8.053 | nll_loss 6.147 | ppl 70.86 | num_updates 8026 | best_loss 8.05274
| epoch 012 | loss 6.239 | nll_loss 4.094 | ppl 17.07 | wps 37703 | ups 4 | wpb 8647.808 | bsz 885.921 | num_updates 8756 | lr 0.000675892 | gnorm 0.269 | clip 1.000 | oom 0.000 | loss_scale 16.000 | wall 2019 | train_wall 1662
| epoch 012 | valid on 'valid' subset | loss 8.007 | nll_loss 6.057 | ppl 66.57 | num_updates 8756 | best_loss 8.00748
| epoch 013 | loss 6.193 | nll_loss 4.034 | ppl 16.38 | wps 37708 | ups 4 | wpb 8647.808 | bsz 885.921 | num_updates 9486 | lr 0.000649364 | gnorm 0.264 | clip 1.000 | oom 0.000 | loss_scale 32.000 | wall 2188 | train_wall 1801
| epoch 013 | valid on 'valid' subset | loss 7.929 | nll_loss 5.968 | ppl 62.58 | num_updates 9486 | best_loss 7.92915
| epoch 014 | loss 6.156 | nll_loss 3.986 | ppl 15.85 | wps 37827 | ups 4 | wpb 8647.808 | bsz 885.921 | num_updates 10216 | lr 0.000625734 | gnorm 0.263 | clip 1.000 | oom 0.000 | loss_scale 32.000 | wall 2355 | train_wall 1940
| epoch 014 | valid on 'valid' subset | loss 7.846 | nll_loss 5.851 | ppl 57.71 | num_updates 10216 | best_loss 7.84567
| epoch 015 | loss 6.119 | nll_loss 3.939 | ppl 15.34 | wps 37402 | ups 4 | wpb 8647.808 | bsz 885.921 | num_updates 10946 | lr 0.000604508 | gnorm 0.259 | clip 1.000 | oom 0.000 | loss_scale 32.000 | wall 2525 | train_wall 2079
| epoch 015 | valid on 'valid' subset | loss 7.819 | nll_loss 5.816 | ppl 56.32 | num_updates 10946 | best_loss 7.81937
| epoch 016 | loss 6.091 | nll_loss 3.902 | ppl 14.95 | wps 37727 | ups 4 | wpb 8647.808 | bsz 885.921 | num_updates 11676 | lr 0.000585306 | gnorm 0.257 | clip 1.000 | oom 0.000 | loss_scale 32.000 | wall 2693 | train_wall 2218
| epoch 016 | valid on 'valid' subset | loss 7.796 | nll_loss 5.765 | ppl 54.38 | num_updates 11676 | best_loss 7.79582
| epoch 017 | loss 6.063 | nll_loss 3.866 | ppl 14.58 | wps 37642 | ups 4 | wpb 8647.808 | bsz 885.921 | num_updates 12406 | lr 0.000567824 | gnorm 0.255 | clip 1.000 | oom 0.000 | loss_scale 32.000 | wall 2862 | train_wall 2357
| epoch 017 | valid on 'valid' subset | loss 7.743 | nll_loss 5.708 | ppl 52.28 | num_updates 12406 | best_loss 7.74269
| WARNING: overflow detected, setting loss scale to: 32.0
| epoch 018 | loss 6.039 | nll_loss 3.834 | ppl 14.26 | wps 37690 | ups 4 | wpb 8647.745 | bsz 884.963 | num_updates 13135 | lr 0.000551842 | gnorm 0.255 | clip 1.000 | oom 0.000 | loss_scale 32.000 | wall 3030 | train_wall 2495
| epoch 018 | valid on 'valid' subset | loss 7.752 | nll_loss 5.710 | ppl 52.35 | num_updates 13135 | best_loss 7.75202
| epoch 019 | loss 6.018 | nll_loss 3.807 | ppl 14 | wps 38155 | ups 4 | wpb 8647.808 | bsz 885.921 | num_updates 13865 | lr 0.000537118 | gnorm 0.252 | clip 1.000 | oom 0.000 | loss_scale 32.000 | wall 3196 | train_wall 2633
| epoch 019 | valid on 'valid' subset | loss 7.707 | nll_loss 5.657 | ppl 50.45 | num_updates 13865 | best_loss 7.70668
| epoch 020 | loss 5.997 | nll_loss 3.780 | ppl 13.74 | wps 37787 | ups 4 | wpb 8647.808 | bsz 885.921 | num_updates 14595 | lr 0.000523514 | gnorm 0.250 | clip 1.000 | oom 0.000 | loss_scale 32.000 | wall 3364 | train_wall 2771
| epoch 020 | valid on 'valid' subset | loss 7.699 | nll_loss 5.627 | ppl 49.43 | num_updates 14595 | best_loss 7.69879
| saved checkpoint ./checkpoints/2020-05-24T14-41-04-00-exp27-bpe5000-si-051920-seed18-nonjoint/checkpoints_en_si/checkpoint20.pt (epoch 20 @ 14595 updates) (writing took 0.994940996170044 seconds)
| epoch 021 | loss 5.978 | nll_loss 3.755 | ppl 13.5 | wps 37705 | ups 4 | wpb 8647.808 | bsz 885.921 | num_updates 15325 | lr 0.000510893 | gnorm 0.248 | clip 1.000 | oom 0.000 | loss_scale 32.000 | wall 3533 | train_wall 2909
| epoch 021 | valid on 'valid' subset | loss 7.672 | nll_loss 5.604 | ppl 48.63 | num_updates 15325 | best_loss 7.67235
| epoch 022 | loss 5.961 | nll_loss 3.733 | ppl 13.3 | wps 37865 | ups 4 | wpb 8647.808 | bsz 885.921 | num_updates 16055 | lr 0.000499143 | gnorm 0.249 | clip 1.000 | oom 0.000 | loss_scale 32.000 | wall 3701 | train_wall 3047
| epoch 022 | valid on 'valid' subset | loss 7.627 | nll_loss 5.531 | ppl 46.25 | num_updates 16055 | best_loss 7.6265
| epoch 023 | loss 5.944 | nll_loss 3.711 | ppl 13.1 | wps 38090 | ups 4 | wpb 8647.808 | bsz 885.921 | num_updates 16785 | lr 0.000488168 | gnorm 0.247 | clip 1.000 | oom 0.000 | loss_scale 32.000 | wall 3868 | train_wall 3185
| epoch 023 | valid on 'valid' subset | loss 7.620 | nll_loss 5.520 | ppl 45.9 | num_updates 16785 | best_loss 7.6198
| WARNING: overflow detected, setting loss scale to: 32.0
| epoch 024 | loss 5.930 | nll_loss 3.694 | ppl 12.94 | wps 37556 | ups 4 | wpb 8647.435 | bsz 885.007 | num_updates 17514 | lr 0.0004779 | gnorm 0.249 | clip 1.000 | oom 0.000 | loss_scale 32.000 | wall 4036 | train_wall 3324
| epoch 024 | valid on 'valid' subset | loss 7.624 | nll_loss 5.517 | ppl 45.81 | num_updates 17514 | best_loss 7.62395
| epoch 025 | loss 5.916 | nll_loss 3.675 | ppl 12.77 | wps 37766 | ups 4 | wpb 8647.808 | bsz 885.921 | num_updates 18244 | lr 0.000468242 | gnorm 0.246 | clip 1.000 | oom 0.000 | loss_scale 32.000 | wall 4204 | train_wall 3462
| epoch 025 | valid on 'valid' subset | loss 7.555 | nll_loss 5.429 | ppl 43.07 | num_updates 18244 | best_loss 7.55486
| epoch 026 | loss 5.903 | nll_loss 3.658 | ppl 12.62 | wps 37893 | ups 4 | wpb 8647.808 | bsz 885.921 | num_updates 18974 | lr 0.000459146 | gnorm 0.245 | clip 1.000 | oom 0.000 | loss_scale 32.000 | wall 4372 | train_wall 3600
| epoch 026 | valid on 'valid' subset | loss 7.553 | nll_loss 5.420 | ppl 42.82 | num_updates 18974 | best_loss 7.55258
| epoch 027 | loss 5.890 | nll_loss 3.641 | ppl 12.48 | wps 38158 | ups 4 | wpb 8647.808 | bsz 885.921 | num_updates 19704 | lr 0.00045056 | gnorm 0.246 | clip 1.000 | oom 0.000 | loss_scale 32.000 | wall 4538 | train_wall 3737
| epoch 027 | valid on 'valid' subset | loss 7.594 | nll_loss 5.483 | ppl 44.71 | num_updates 19704 | best_loss 7.59353
| epoch 028 | loss 5.879 | nll_loss 3.627 | ppl 12.36 | wps 37707 | ups 4 | wpb 8647.808 | bsz 885.921 | num_updates 20434 | lr 0.000442439 | gnorm 0.247 | clip 1.000 | oom 0.000 | loss_scale 32.000 | wall 4706 | train_wall 3876
| epoch 028 | valid on 'valid' subset | loss 7.531 | nll_loss 5.400 | ppl 42.22 | num_updates 20434 | best_loss 7.53146
| epoch 029 | loss 5.868 | nll_loss 3.613 | ppl 12.24 | wps 37596 | ups 4 | wpb 8647.808 | bsz 885.921 | num_updates 21164 | lr 0.000434742 | gnorm 0.247 | clip 1.000 | oom 0.000 | loss_scale 32.000 | wall 4875 | train_wall 4015
| epoch 029 | valid on 'valid' subset | loss 7.531 | nll_loss 5.389 | ppl 41.9 | num_updates 21164 | best_loss 7.53124
| WARNING: overflow detected, setting loss scale to: 32.0
| epoch 030 | loss 5.859 | nll_loss 3.601 | ppl 12.13 | wps 38037 | ups 4 | wpb 8643.594 | bsz 884.316 | num_updates 21893 | lr 0.000427442 | gnorm 0.245 | clip 1.000 | oom 0.000 | loss_scale 32.000 | wall 5042 | train_wall 4153
| epoch 030 | valid on 'valid' subset | loss 7.496 | nll_loss 5.347 | ppl 40.7 | num_updates 21893 | best_loss 7.49609
| saved checkpoint ./checkpoints/2020-05-24T14-41-04-00-exp27-bpe5000-si-051920-seed18-nonjoint/checkpoints_en_si/checkpoint30.pt (epoch 30 @ 21893 updates) (writing took 0.9989261627197266 seconds)
| epoch 031 | loss 5.847 | nll_loss 3.586 | ppl 12.01 | wps 37897 | ups 4 | wpb 8647.808 | bsz 885.921 | num_updates 22623 | lr 0.000420489 | gnorm 0.245 | clip 1.000 | oom 0.000 | loss_scale 32.000 | wall 5210 | train_wall 4291
| epoch 031 | valid on 'valid' subset | loss 7.509 | nll_loss 5.361 | ppl 41.11 | num_updates 22623 | best_loss 7.49609
| epoch 032 | loss 5.838 | nll_loss 3.574 | ppl 11.91 | wps 37911 | ups 4 | wpb 8647.808 | bsz 885.921 | num_updates 23353 | lr 0.000413865 | gnorm 0.245 | clip 1.000 | oom 0.000 | loss_scale 32.000 | wall 5378 | train_wall 4429
| epoch 032 | valid on 'valid' subset | loss 7.496 | nll_loss 5.350 | ppl 40.79 | num_updates 23353 | best_loss 7.49561
| epoch 033 | loss 5.830 | nll_loss 3.564 | ppl 11.82 | wps 37987 | ups 4 | wpb 8647.808 | bsz 885.921 | num_updates 24083 | lr 0.000407544 | gnorm 0.246 | clip 1.000 | oom 0.000 | loss_scale 32.000 | wall 5545 | train_wall 4567
| epoch 033 | valid on 'valid' subset | loss 7.496 | nll_loss 5.339 | ppl 40.47 | num_updates 24083 | best_loss 7.49609
| epoch 034 | loss 5.821 | nll_loss 3.552 | ppl 11.73 | wps 37650 | ups 4 | wpb 8647.808 | bsz 885.921 | num_updates 24813 | lr 0.000401504 | gnorm 0.244 | clip 1.000 | oom 0.000 | loss_scale 32.000 | wall 5713 | train_wall 4705
| epoch 034 | valid on 'valid' subset | loss 7.477 | nll_loss 5.321 | ppl 39.97 | num_updates 24813 | best_loss 7.47657
| epoch 035 | loss 5.812 | nll_loss 3.540 | ppl 11.64 | wps 37748 | ups 4 | wpb 8647.808 | bsz 885.921 | num_updates 25543 | lr 0.000395726 | gnorm 0.247 | clip 1.000 | oom 0.000 | loss_scale 32.000 | wall 5881 | train_wall 4844
| epoch 035 | valid on 'valid' subset | loss 7.456 | nll_loss 5.293 | ppl 39.2 | num_updates 25543 | best_loss 7.45567
| WARNING: overflow detected, setting loss scale to: 32.0
| epoch 036 | loss 5.804 | nll_loss 3.530 | ppl 11.55 | wps 37609 | ups 4 | wpb 8648.309 | bsz 885.369 | num_updates 26272 | lr 0.000390197 | gnorm 0.245 | clip 1.000 | oom 0.000 | loss_scale 32.000 | wall 6050 | train_wall 4983
| epoch 036 | valid on 'valid' subset | loss 7.460 | nll_loss 5.289 | ppl 39.1 | num_updates 26272 | best_loss 7.46047
| epoch 037 | loss 5.798 | nll_loss 3.522 | ppl 11.49 | wps 37663 | ups 4 | wpb 8647.808 | bsz 885.921 | num_updates 27002 | lr 0.000384886 | gnorm 0.245 | clip 1.000 | oom 0.000 | loss_scale 32.000 | wall 6218 | train_wall 5122
| epoch 037 | valid on 'valid' subset | loss 7.448 | nll_loss 5.269 | ppl 38.56 | num_updates 27002 | best_loss 7.44777
| epoch 038 | loss 5.790 | nll_loss 3.512 | ppl 11.41 | wps 37482 | ups 4 | wpb 8647.808 | bsz 885.921 | num_updates 27732 | lr 0.000379786 | gnorm 0.245 | clip 1.000 | oom 0.000 | loss_scale 32.000 | wall 6388 | train_wall 5262
| epoch 038 | valid on 'valid' subset | loss 7.461 | nll_loss 5.291 | ppl 39.15 | num_updates 27732 | best_loss 7.4606
| epoch 039 | loss 5.783 | nll_loss 3.502 | ppl 11.33 | wps 37938 | ups 4 | wpb 8647.808 | bsz 885.921 | num_updates 28462 | lr 0.000374884 | gnorm 0.245 | clip 1.000 | oom 0.000 | loss_scale 32.000 | wall 6555 | train_wall 5401
| epoch 039 | valid on 'valid' subset | loss 7.435 | nll_loss 5.250 | ppl 38.06 | num_updates 28462 | best_loss 7.4355
| epoch 040 | loss 5.777 | nll_loss 3.495 | ppl 11.27 | wps 37593 | ups 4 | wpb 8647.808 | bsz 885.921 | num_updates 29192 | lr 0.000370167 | gnorm 0.247 | clip 1.000 | oom 0.000 | loss_scale 32.000 | wall 6724 | train_wall 5540
| epoch 040 | valid on 'valid' subset | loss 7.434 | nll_loss 5.255 | ppl 38.18 | num_updates 29192 | best_loss 7.43387
| saved checkpoint ./checkpoints/2020-05-24T14-41-04-00-exp27-bpe5000-si-051920-seed18-nonjoint/checkpoints_en_si/checkpoint40.pt (epoch 40 @ 29192 updates) (writing took 1.0410106182098389 seconds)
| epoch 041 | loss 5.771 | nll_loss 3.487 | ppl 11.22 | wps 37754 | ups 4 | wpb 8647.808 | bsz 885.921 | num_updates 29922 | lr 0.000365624 | gnorm 0.246 | clip 1.000 | oom 0.000 | loss_scale 32.000 | wall 6893 | train_wall 5679
| epoch 041 | valid on 'valid' subset | loss 7.417 | nll_loss 5.233 | ppl 37.6 | num_updates 29922 | best_loss 7.41746
| WARNING: overflow detected, setting loss scale to: 32.0
| epoch 042 | loss 5.765 | nll_loss 3.479 | ppl 11.15 | wps 37537 | ups 4 | wpb 8649.233 | bsz 884.985 | num_updates 30651 | lr 0.00036125 | gnorm 0.244 | clip 1.000 | oom 0.000 | loss_scale 32.000 | wall 7062 | train_wall 5818
| epoch 042 | valid on 'valid' subset | loss 7.420 | nll_loss 5.230 | ppl 37.53 | num_updates 30651 | best_loss 7.42009
| epoch 043 | loss 5.758 | nll_loss 3.470 | ppl 11.08 | wps 38110 | ups 4 | wpb 8647.808 | bsz 885.921 | num_updates 31381 | lr 0.000357023 | gnorm 0.246 | clip 1.000 | oom 0.000 | loss_scale 32.000 | wall 7228 | train_wall 5955
| epoch 043 | valid on 'valid' subset | loss 7.399 | nll_loss 5.203 | ppl 36.83 | num_updates 31381 | best_loss 7.39915
| epoch 044 | loss 5.752 | nll_loss 3.463 | ppl 11.03 | wps 37727 | ups 4 | wpb 8647.808 | bsz 885.921 | num_updates 32111 | lr 0.000352942 | gnorm 0.246 | clip 1.000 | oom 0.000 | loss_scale 32.000 | wall 7396 | train_wall 6094
| epoch 044 | valid on 'valid' subset | loss 7.396 | nll_loss 5.204 | ppl 36.85 | num_updates 32111 | best_loss 7.39561
| epoch 045 | loss 5.748 | nll_loss 3.457 | ppl 10.98 | wps 37625 | ups 4 | wpb 8647.808 | bsz 885.921 | num_updates 32841 | lr 0.000348997 | gnorm 0.247 | clip 1.000 | oom 0.000 | loss_scale 32.000 | wall 7565 | train_wall 6233
| epoch 045 | valid on 'valid' subset | loss 7.398 | nll_loss 5.201 | ppl 36.78 | num_updates 32841 | best_loss 7.39837
| epoch 046 | loss 5.741 | nll_loss 3.448 | ppl 10.92 | wps 37692 | ups 4 | wpb 8647.808 | bsz 885.921 | num_updates 33571 | lr 0.000345182 | gnorm 0.248 | clip 1.000 | oom 0.000 | loss_scale 32.000 | wall 7733 | train_wall 6371
| epoch 046 | valid on 'valid' subset | loss 7.381 | nll_loss 5.189 | ppl 36.48 | num_updates 33571 | best_loss 7.38142
| epoch 047 | loss 5.736 | nll_loss 3.441 | ppl 10.86 | wps 37926 | ups 4 | wpb 8647.808 | bsz 885.921 | num_updates 34301 | lr 0.000341489 | gnorm 0.247 | clip 1.000 | oom 0.000 | loss_scale 32.000 | wall 7901 | train_wall 6509
| epoch 047 | valid on 'valid' subset | loss 7.392 | nll_loss 5.194 | ppl 36.59 | num_updates 34301 | best_loss 7.39196
| epoch 048 | loss 5.732 | nll_loss 3.436 | ppl 10.83 | wps 37980 | ups 4 | wpb 8647.808 | bsz 885.921 | num_updates 35031 | lr 0.000337912 | gnorm 0.249 | clip 1.000 | oom 0.000 | loss_scale 64.000 | wall 8068 | train_wall 6648
| epoch 048 | valid on 'valid' subset | loss 7.393 | nll_loss 5.210 | ppl 37 | num_updates 35031 | best_loss 7.39271
| WARNING: overflow detected, setting loss scale to: 32.0
| epoch 049 | loss 5.726 | nll_loss 3.429 | ppl 10.77 | wps 37522 | ups 4 | wpb 8651.036 | bsz 885.248 | num_updates 35760 | lr 0.00033445 | gnorm 0.246 | clip 1.000 | oom 0.000 | loss_scale 32.000 | wall 8237 | train_wall 6787
| epoch 049 | valid on 'valid' subset | loss 7.378 | nll_loss 5.177 | ppl 36.17 | num_updates 35760 | best_loss 7.37779
| epoch 050 | loss 5.722 | nll_loss 3.422 | ppl 10.72 | wps 37695 | ups 4 | wpb 8647.808 | bsz 885.921 | num_updates 36490 | lr 0.000331088 | gnorm 0.246 | clip 1.000 | oom 0.000 | loss_scale 32.000 | wall 8405 | train_wall 6926
| epoch 050 | valid on 'valid' subset | loss 7.404 | nll_loss 5.203 | ppl 36.84 | num_updates 36490 | best_loss 7.40379
| saved checkpoint ./checkpoints/2020-05-24T14-41-04-00-exp27-bpe5000-si-051920-seed18-nonjoint/checkpoints_en_si/checkpoint50.pt (epoch 50 @ 36490 updates) (writing took 1.0105125904083252 seconds)
| epoch 051 | loss 5.718 | nll_loss 3.417 | ppl 10.68 | wps 37741 | ups 4 | wpb 8647.808 | bsz 885.921 | num_updates 37220 | lr 0.000327825 | gnorm 0.247 | clip 1.000 | oom 0.000 | loss_scale 32.000 | wall 8574 | train_wall 7064
| epoch 051 | valid on 'valid' subset | loss 7.389 | nll_loss 5.188 | ppl 36.45 | num_updates 37220 | best_loss 7.38913
| epoch 052 | loss 5.712 | nll_loss 3.410 | ppl 10.63 | wps 37699 | ups 4 | wpb 8647.808 | bsz 885.921 | num_updates 37950 | lr 0.000324657 | gnorm 0.247 | clip 1.000 | oom 0.000 | loss_scale 32.000 | wall 8742 | train_wall 7203
| epoch 052 | valid on 'valid' subset | loss 7.384 | nll_loss 5.184 | ppl 36.36 | num_updates 37950 | best_loss 7.38368
| epoch 053 | loss 5.709 | nll_loss 3.406 | ppl 10.6 | wps 37565 | ups 4 | wpb 8647.808 | bsz 885.921 | num_updates 38680 | lr 0.000321578 | gnorm 0.248 | clip 1.000 | oom 0.000 | loss_scale 32.000 | wall 8911 | train_wall 7342
| epoch 053 | valid on 'valid' subset | loss 7.359 | nll_loss 5.156 | ppl 35.66 | num_updates 38680 | best_loss 7.35898
| WARNING: overflow detected, setting loss scale to: 32.0
| epoch 054 | loss 5.703 | nll_loss 3.399 | ppl 10.55 | wps 37841 | ups 4 | wpb 8650.745 | bsz 885.391 | num_updates 39409 | lr 0.00031859 | gnorm 0.247 | clip 1.000 | oom 0.000 | loss_scale 32.000 | wall 9079 | train_wall 7480
| epoch 054 | valid on 'valid' subset | loss 7.371 | nll_loss 5.159 | ppl 35.73 | num_updates 39409 | best_loss 7.3713
| epoch 055 | loss 5.700 | nll_loss 3.394 | ppl 10.51 | wps 37436 | ups 4 | wpb 8647.808 | bsz 885.921 | num_updates 40139 | lr 0.00031568 | gnorm 0.249 | clip 1.000 | oom 0.000 | loss_scale 32.000 | wall 9248 | train_wall 7619
| epoch 055 | valid on 'valid' subset | loss 7.380 | nll_loss 5.173 | ppl 36.07 | num_updates 40139 | best_loss 7.38009
| epoch 056 | loss 5.696 | nll_loss 3.389 | ppl 10.48 | wps 37890 | ups 4 | wpb 8647.808 | bsz 885.921 | num_updates 40869 | lr 0.000312848 | gnorm 0.249 | clip 1.000 | oom 0.000 | loss_scale 32.000 | wall 9416 | train_wall 7757
| epoch 056 | valid on 'valid' subset | loss 7.340 | nll_loss 5.129 | ppl 34.99 | num_updates 40869 | best_loss 7.34009
| epoch 057 | loss 5.692 | nll_loss 3.384 | ppl 10.44 | wps 37827 | ups 4 | wpb 8647.808 | bsz 885.921 | num_updates 41599 | lr 0.000310091 | gnorm 0.248 | clip 1.000 | oom 0.000 | loss_scale 32.000 | wall 9584 | train_wall 7896
| epoch 057 | valid on 'valid' subset | loss 7.346 | nll_loss 5.135 | ppl 35.13 | num_updates 41599 | best_loss 7.34634
| epoch 058 | loss 5.688 | nll_loss 3.379 | ppl 10.4 | wps 37626 | ups 4 | wpb 8647.808 | bsz 885.921 | num_updates 42329 | lr 0.000307405 | gnorm 0.249 | clip 1.000 | oom 0.000 | loss_scale 32.000 | wall 9752 | train_wall 8035
| epoch 058 | valid on 'valid' subset | loss 7.357 | nll_loss 5.146 | ppl 35.42 | num_updates 42329 | best_loss 7.35682
| epoch 059 | loss 5.684 | nll_loss 3.374 | ppl 10.37 | wps 37637 | ups 4 | wpb 8647.808 | bsz 885.921 | num_updates 43059 | lr 0.000304788 | gnorm 0.251 | clip 1.000 | oom 0.000 | loss_scale 32.000 | wall 9921 | train_wall 8173
| epoch 059 | valid on 'valid' subset | loss 7.317 | nll_loss 5.090 | ppl 34.07 | num_updates 43059 | best_loss 7.317
| epoch 060 | loss 5.681 | nll_loss 3.370 | ppl 10.34 | wps 37528 | ups 4 | wpb 8647.808 | bsz 885.921 | num_updates 43789 | lr 0.000302237 | gnorm 0.249 | clip 1.000 | oom 0.000 | loss_scale 64.000 | wall 10090 | train_wall 8312
| epoch 060 | valid on 'valid' subset | loss 7.338 | nll_loss 5.120 | ppl 34.77 | num_updates 43789 | best_loss 7.33813
| saved checkpoint ./checkpoints/2020-05-24T14-41-04-00-exp27-bpe5000-si-051920-seed18-nonjoint/checkpoints_en_si/checkpoint60.pt (epoch 60 @ 43789 updates) (writing took 0.9962730407714844 seconds)
| WARNING: overflow detected, setting loss scale to: 32.0
| epoch 061 | loss 5.677 | nll_loss 3.364 | ppl 10.3 | wps 38095 | ups 4 | wpb 8650.951 | bsz 885.160 | num_updates 44518 | lr 0.000299752 | gnorm 0.250 | clip 1.000 | oom 0.000 | loss_scale 32.000 | wall 10257 | train_wall 8450
| epoch 061 | valid on 'valid' subset | loss 7.385 | nll_loss 5.188 | ppl 36.45 | num_updates 44518 | best_loss 7.33813
| epoch 062 | loss 5.673 | nll_loss 3.360 | ppl 10.27 | wps 37780 | ups 4 | wpb 8647.808 | bsz 885.921 | num_updates 45248 | lr 0.000297324 | gnorm 0.249 | clip 1.000 | oom 0.000 | loss_scale 32.000 | wall 10425 | train_wall 8588
| epoch 062 | valid on 'valid' subset | loss 7.341 | nll_loss 5.121 | ppl 34.8 | num_updates 45248 | best_loss 7.33813
| epoch 063 | loss 5.670 | nll_loss 3.355 | ppl 10.23 | wps 37840 | ups 4 | wpb 8647.808 | bsz 885.921 | num_updates 45978 | lr 0.000294954 | gnorm 0.250 | clip 1.000 | oom 0.000 | loss_scale 32.000 | wall 10593 | train_wall 8726
| epoch 063 | valid on 'valid' subset | loss 7.345 | nll_loss 5.133 | ppl 35.08 | num_updates 45978 | best_loss 7.33813
| epoch 064 | loss 5.667 | nll_loss 3.351 | ppl 10.2 | wps 37661 | ups 4 | wpb 8647.808 | bsz 885.921 | num_updates 46708 | lr 0.00029264 | gnorm 0.252 | clip 1.000 | oom 0.000 | loss_scale 32.000 | wall 10762 | train_wall 8865
| epoch 064 | valid on 'valid' subset | loss 7.328 | nll_loss 5.106 | ppl 34.44 | num_updates 46708 | best_loss 7.32761
| epoch 065 | loss 5.663 | nll_loss 3.346 | ppl 10.17 | wps 37799 | ups 4 | wpb 8647.808 | bsz 885.921 | num_updates 47438 | lr 0.00029038 | gnorm 0.250 | clip 1.000 | oom 0.000 | loss_scale 32.000 | wall 10929 | train_wall 9003
| epoch 065 | valid on 'valid' subset | loss 7.323 | nll_loss 5.102 | ppl 34.35 | num_updates 47438 | best_loss 7.32322
| epoch 066 | loss 5.661 | nll_loss 3.343 | ppl 10.15 | wps 37794 | ups 4 | wpb 8647.808 | bsz 885.921 | num_updates 48168 | lr 0.000288171 | gnorm 0.251 | clip 1.000 | oom 0.000 | loss_scale 64.000 | wall 11097 | train_wall 9142
| epoch 066 | valid on 'valid' subset | loss 7.329 | nll_loss 5.111 | ppl 34.55 | num_updates 48168 | best_loss 7.32915
| WARNING: overflow detected, setting loss scale to: 32.0
| epoch 067 | loss 5.657 | nll_loss 3.339 | ppl 10.12 | wps 37766 | ups 4 | wpb 8648.038 | bsz 884.831 | num_updates 48897 | lr 0.000286015 | gnorm 0.251 | clip 1.000 | oom 0.000 | loss_scale 32.000 | wall 11265 | train_wall 9280
| epoch 067 | valid on 'valid' subset | loss 7.321 | nll_loss 5.091 | ppl 34.09 | num_updates 48897 | best_loss 7.3214
| epoch 068 | loss 5.654 | nll_loss 3.335 | ppl 10.09 | wps 37837 | ups 4 | wpb 8647.808 | bsz 885.921 | num_updates 49627 | lr 0.000283904 | gnorm 0.251 | clip 1.000 | oom 0.000 | loss_scale 32.000 | wall 11433 | train_wall 9418
| epoch 068 | valid on 'valid' subset | loss 7.312 | nll_loss 5.084 | ppl 33.93 | num_updates 49627 | best_loss 7.31163
| epoch 069 | loss 5.651 | nll_loss 3.331 | ppl 10.06 | wps 37708 | ups 4 | wpb 8647.808 | bsz 885.921 | num_updates 50357 | lr 0.000281838 | gnorm 0.253 | clip 1.000 | oom 0.000 | loss_scale 32.000 | wall 11601 | train_wall 9557
| epoch 069 | valid on 'valid' subset | loss 7.316 | nll_loss 5.093 | ppl 34.12 | num_updates 50357 | best_loss 7.31638
| epoch 070 | loss 5.649 | nll_loss 3.327 | ppl 10.04 | wps 37866 | ups 4 | wpb 8647.808 | bsz 885.921 | num_updates 51087 | lr 0.000279817 | gnorm 0.252 | clip 1.000 | oom 0.000 | loss_scale 32.000 | wall 11769 | train_wall 9695
| epoch 070 | valid on 'valid' subset | loss 7.308 | nll_loss 5.081 | ppl 33.85 | num_updates 51087 | best_loss 7.30789
| saved checkpoint ./checkpoints/2020-05-24T14-41-04-00-exp27-bpe5000-si-051920-seed18-nonjoint/checkpoints_en_si/checkpoint70.pt (epoch 70 @ 51087 updates) (writing took 1.008657693862915 seconds)
| epoch 071 | loss 5.646 | nll_loss 3.324 | ppl 10.01 | wps 37412 | ups 4 | wpb 8647.808 | bsz 885.921 | num_updates 51817 | lr 0.000277839 | gnorm 0.256 | clip 1.000 | oom 0.000 | loss_scale 32.000 | wall 11939 | train_wall 9834
| epoch 071 | valid on 'valid' subset | loss 7.298 | nll_loss 5.068 | ppl 33.53 | num_updates 51817 | best_loss 7.29838
| epoch 072 | loss 5.642 | nll_loss 3.319 | ppl 9.98 | wps 37647 | ups 4 | wpb 8647.808 | bsz 885.921 | num_updates 52547 | lr 0.000275903 | gnorm 0.253 | clip 1.000 | oom 0.000 | loss_scale 32.000 | wall 12108 | train_wall 9973
| epoch 072 | valid on 'valid' subset | loss 7.301 | nll_loss 5.080 | ppl 33.82 | num_updates 52547 | best_loss 7.30084
| WARNING: overflow detected, setting loss scale to: 32.0
| epoch 073 | loss 5.640 | nll_loss 3.316 | ppl 9.96 | wps 37584 | ups 4 | wpb 8648.990 | bsz 886.170 | num_updates 53276 | lr 0.000274009 | gnorm 0.253 | clip 1.000 | oom 0.000 | loss_scale 32.000 | wall 12276 | train_wall 10111
| epoch 073 | valid on 'valid' subset | loss 7.323 | nll_loss 5.098 | ppl 34.25 | num_updates 53276 | best_loss 7.30789
| epoch 074 | loss 5.637 | nll_loss 3.312 | ppl 9.93 | wps 37583 | ups 4 | wpb 8647.808 | bsz 885.921 | num_updates 54006 | lr 0.00027215 | gnorm 0.254 | clip 1.000 | oom 0.000 | loss_scale 32.000 | wall 12445 | train_wall 10250
| epoch 074 | valid on 'valid' subset | loss 7.312 | nll_loss 5.092 | ppl 34.11 | num_updates 54006 | best_loss 7.30789
| epoch 075 | loss 5.634 | nll_loss 3.309 | ppl 9.91 | wps 37806 | ups 4 | wpb 8647.808 | bsz 885.921 | num_updates 54736 | lr 0.00027033 | gnorm 0.252 | clip 1.000 | oom 0.000 | loss_scale 32.000 | wall 12613 | train_wall 10389
| epoch 075 | valid on 'valid' subset | loss 7.318 | nll_loss 5.092 | ppl 34.1 | num_updates 54736 | best_loss 7.30789
| epoch 076 | loss 5.632 | nll_loss 3.305 | ppl 9.89 | wps 37839 | ups 4 | wpb 8647.808 | bsz 885.921 | num_updates 55466 | lr 0.000268545 | gnorm 0.255 | clip 1.000 | oom 0.000 | loss_scale 32.000 | wall 12781 | train_wall 10527
| epoch 076 | valid on 'valid' subset | loss 7.288 | nll_loss 5.054 | ppl 33.23 | num_updates 55466 | best_loss 7.28807
| epoch 077 | loss 5.630 | nll_loss 3.303 | ppl 9.87 | wps 37516 | ups 4 | wpb 8647.808 | bsz 885.921 | num_updates 56196 | lr 0.000266795 | gnorm 0.254 | clip 1.000 | oom 0.000 | loss_scale 32.000 | wall 12950 | train_wall 10665
| epoch 077 | valid on 'valid' subset | loss 7.308 | nll_loss 5.074 | ppl 33.69 | num_updates 56196 | best_loss 7.30782
| epoch 078 | loss 5.626 | nll_loss 3.298 | ppl 9.84 | wps 37462 | ups 4 | wpb 8647.808 | bsz 885.921 | num_updates 56926 | lr 0.000265079 | gnorm 0.256 | clip 1.000 | oom 0.000 | loss_scale 64.000 | wall 13119 | train_wall 10804
| epoch 078 | valid on 'valid' subset | loss 7.294 | nll_loss 5.058 | ppl 33.32 | num_updates 56926 | best_loss 7.29371
| WARNING: overflow detected, setting loss scale to: 32.0
| epoch 079 | loss 5.624 | nll_loss 3.296 | ppl 9.82 | wps 37575 | ups 4 | wpb 8649.801 | bsz 884.831 | num_updates 57655 | lr 0.000263397 | gnorm 0.254 | clip 1.000 | oom 0.000 | loss_scale 32.000 | wall 13288 | train_wall 10943
| epoch 079 | valid on 'valid' subset | loss 7.314 | nll_loss 5.096 | ppl 34.2 | num_updates 57655 | best_loss 7.30789
| epoch 080 | loss 5.622 | nll_loss 3.293 | ppl 9.8 | wps 37469 | ups 4 | wpb 8647.808 | bsz 885.921 | num_updates 58385 | lr 0.000261746 | gnorm 0.255 | clip 1.000 | oom 0.000 | loss_scale 32.000 | wall 13457 | train_wall 11081
| epoch 080 | valid on 'valid' subset | loss 7.313 | nll_loss 5.091 | ppl 34.07 | num_updates 58385 | best_loss 7.30789
| saved checkpoint ./checkpoints/2020-05-24T14-41-04-00-exp27-bpe5000-si-051920-seed18-nonjoint/checkpoints_en_si/checkpoint80.pt (epoch 80 @ 58385 updates) (writing took 0.639664888381958 seconds)
| epoch 081 | loss 5.619 | nll_loss 3.289 | ppl 9.78 | wps 37920 | ups 4 | wpb 8647.808 | bsz 885.921 | num_updates 59115 | lr 0.000260124 | gnorm 0.256 | clip 1.000 | oom 0.000 | loss_scale 32.000 | wall 13625 | train_wall 11219
| epoch 081 | valid on 'valid' subset | loss 7.300 | nll_loss 5.059 | ppl 33.35 | num_updates 59115 | best_loss 7.29996
| epoch 082 | loss 5.617 | nll_loss 3.286 | ppl 9.76 | wps 37401 | ups 4 | wpb 8647.808 | bsz 885.921 | num_updates 59845 | lr 0.000258533 | gnorm 0.256 | clip 1.000 | oom 0.000 | loss_scale 32.000 | wall 13795 | train_wall 11358
| epoch 082 | valid on 'valid' subset | loss 7.327 | nll_loss 5.107 | ppl 34.47 | num_updates 59845 | best_loss 7.30789
| epoch 083 | loss 5.615 | nll_loss 3.283 | ppl 9.74 | wps 37567 | ups 4 | wpb 8647.808 | bsz 885.921 | num_updates 60575 | lr 0.000256971 | gnorm 0.256 | clip 1.000 | oom 0.000 | loss_scale 32.000 | wall 13964 | train_wall 11497
| epoch 083 | valid on 'valid' subset | loss 7.291 | nll_loss 5.049 | ppl 33.11 | num_updates 60575 | best_loss 7.29059
| epoch 084 | loss 5.612 | nll_loss 3.280 | ppl 9.71 | wps 37746 | ups 4 | wpb 8647.808 | bsz 885.921 | num_updates 61305 | lr 0.000255436 | gnorm 0.259 | clip 1.000 | oom 0.000 | loss_scale 32.000 | wall 14132 | train_wall 11636
| epoch 084 | valid on 'valid' subset | loss 7.294 | nll_loss 5.067 | ppl 33.52 | num_updates 61305 | best_loss 7.29425
| WARNING: overflow detected, setting loss scale to: 32.0
| epoch 085 | loss 5.610 | nll_loss 3.276 | ppl 9.69 | wps 37946 | ups 4 | wpb 8645.062 | bsz 886.324 | num_updates 62034 | lr 0.000253931 | gnorm 0.259 | clip 1.000 | oom 0.000 | loss_scale 32.000 | wall 14299 | train_wall 11775
| epoch 085 | valid on 'valid' subset | loss 7.297 | nll_loss 5.067 | ppl 33.53 | num_updates 62034 | best_loss 7.29723
| epoch 086 | loss 5.608 | nll_loss 3.275 | ppl 9.68 | wps 37775 | ups 4 | wpb 8647.808 | bsz 885.921 | num_updates 62764 | lr 0.00025245 | gnorm 0.257 | clip 1.000 | oom 0.000 | loss_scale 32.000 | wall 14467 | train_wall 11913
| epoch 086 | valid on 'valid' subset | loss 7.275 | nll_loss 5.034 | ppl 32.76 | num_updates 62764 | best_loss 7.27491
| epoch 087 | loss 5.606 | nll_loss 3.272 | ppl 9.66 | wps 37421 | ups 4 | wpb 8647.808 | bsz 885.921 | num_updates 63494 | lr 0.000250994 | gnorm 0.257 | clip 1.000 | oom 0.000 | loss_scale 32.000 | wall 14636 | train_wall 12052
| epoch 087 | valid on 'valid' subset | loss 7.277 | nll_loss 5.039 | ppl 32.87 | num_updates 63494 | best_loss 7.27668
| epoch 088 | loss 5.604 | nll_loss 3.269 | ppl 9.64 | wps 37482 | ups 4 | wpb 8647.808 | bsz 885.921 | num_updates 64224 | lr 0.000249564 | gnorm 0.258 | clip 1.000 | oom 0.000 | loss_scale 32.000 | wall 14806 | train_wall 12191
| epoch 088 | valid on 'valid' subset | loss 7.275 | nll_loss 5.040 | ppl 32.91 | num_updates 64224 | best_loss 7.27491
| epoch 089 | loss 5.601 | nll_loss 3.266 | ppl 9.62 | wps 37549 | ups 4 | wpb 8647.808 | bsz 885.921 | num_updates 64954 | lr 0.000248157 | gnorm 0.257 | clip 1.000 | oom 0.000 | loss_scale 32.000 | wall 14975 | train_wall 12331
| epoch 089 | valid on 'valid' subset | loss 7.263 | nll_loss 5.016 | ppl 32.35 | num_updates 64954 | best_loss 7.26332
| epoch 090 | loss 5.600 | nll_loss 3.263 | ppl 9.6 | wps 37642 | ups 4 | wpb 8647.808 | bsz 885.921 | num_updates 65684 | lr 0.000246774 | gnorm 0.258 | clip 1.000 | oom 0.000 | loss_scale 32.000 | wall 15143 | train_wall 12469
| epoch 090 | valid on 'valid' subset | loss 7.278 | nll_loss 5.037 | ppl 32.84 | num_updates 65684 | best_loss 7.27788
| saved checkpoint ./checkpoints/2020-05-24T14-41-04-00-exp27-bpe5000-si-051920-seed18-nonjoint/checkpoints_en_si/checkpoint90.pt (epoch 90 @ 65684 updates) (writing took 1.0149967670440674 seconds)
| WARNING: overflow detected, setting loss scale to: 32.0
| epoch 091 | loss 5.598 | nll_loss 3.261 | ppl 9.59 | wps 37884 | ups 4 | wpb 8649.794 | bsz 885.117 | num_updates 66413 | lr 0.000245416 | gnorm 0.257 | clip 1.000 | oom 0.000 | loss_scale 32.000 | wall 15312 | train_wall 12607
| epoch 091 | valid on 'valid' subset | loss 7.266 | nll_loss 5.026 | ppl 32.59 | num_updates 66413 | best_loss 7.26594
| epoch 092 | loss 5.595 | nll_loss 3.258 | ppl 9.56 | wps 37909 | ups 4 | wpb 8647.808 | bsz 885.921 | num_updates 67143 | lr 0.000244079 | gnorm 0.259 | clip 1.000 | oom 0.000 | loss_scale 32.000 | wall 15479 | train_wall 12746
| epoch 092 | valid on 'valid' subset | loss 7.299 | nll_loss 5.069 | ppl 33.57 | num_updates 67143 | best_loss 7.27788
| epoch 093 | loss 5.594 | nll_loss 3.256 | ppl 9.55 | wps 37434 | ups 4 | wpb 8647.808 | bsz 885.921 | num_updates 67873 | lr 0.000242762 | gnorm 0.259 | clip 1.000 | oom 0.000 | loss_scale 32.000 | wall 15648 | train_wall 12886
| epoch 093 | valid on 'valid' subset | loss 7.259 | nll_loss 5.011 | ppl 32.23 | num_updates 67873 | best_loss 7.2587
| epoch 094 | loss 5.591 | nll_loss 3.253 | ppl 9.53 | wps 37789 | ups 4 | wpb 8647.808 | bsz 885.921 | num_updates 68603 | lr 0.000241467 | gnorm 0.259 | clip 1.000 | oom 0.000 | loss_scale 32.000 | wall 15816 | train_wall 13024
| epoch 094 | valid on 'valid' subset | loss 7.253 | nll_loss 5.014 | ppl 32.32 | num_updates 68603 | best_loss 7.25314
| epoch 095 | loss 5.590 | nll_loss 3.251 | ppl 9.52 | wps 37913 | ups 4 | wpb 8647.808 | bsz 885.921 | num_updates 69333 | lr 0.000240193 | gnorm 0.260 | clip 1.000 | oom 0.000 | loss_scale 32.000 | wall 15984 | train_wall 13161
| epoch 095 | valid on 'valid' subset | loss 7.270 | nll_loss 5.028 | ppl 32.64 | num_updates 69333 | best_loss 7.27023
| epoch 096 | loss 5.588 | nll_loss 3.248 | ppl 9.5 | wps 37715 | ups 4 | wpb 8647.808 | bsz 885.921 | num_updates 70063 | lr 0.000238938 | gnorm 0.260 | clip 1.000 | oom 0.000 | loss_scale 64.000 | wall 16152 | train_wall 13300
| epoch 096 | valid on 'valid' subset | loss 7.264 | nll_loss 5.024 | ppl 32.53 | num_updates 70063 | best_loss 7.26383
| WARNING: overflow detected, setting loss scale to: 32.0
| epoch 097 | loss 5.586 | nll_loss 3.245 | ppl 9.48 | wps 37559 | ups 4 | wpb 8647.204 | bsz 884.722 | num_updates 70792 | lr 0.000237705 | gnorm 0.260 | clip 1.000 | oom 0.000 | loss_scale 32.000 | wall 16321 | train_wall 13439
| epoch 097 | valid on 'valid' subset | loss 7.266 | nll_loss 5.035 | ppl 32.79 | num_updates 70792 | best_loss 7.266
| epoch 098 | loss 5.585 | nll_loss 3.244 | ppl 9.47 | wps 37684 | ups 4 | wpb 8647.808 | bsz 885.921 | num_updates 71522 | lr 0.000236489 | gnorm 0.262 | clip 1.000 | oom 0.000 | loss_scale 32.000 | wall 16489 | train_wall 13578
| epoch 098 | valid on 'valid' subset | loss 7.262 | nll_loss 5.020 | ppl 32.45 | num_updates 71522 | best_loss 7.26156
| epoch 099 | loss 5.583 | nll_loss 3.241 | ppl 9.46 | wps 37943 | ups 4 | wpb 8647.808 | bsz 885.921 | num_updates 72252 | lr 0.000235291 | gnorm 0.262 | clip 1.000 | oom 0.000 | loss_scale 32.000 | wall 16656 | train_wall 13716
| epoch 099 | valid on 'valid' subset | loss 7.297 | nll_loss 5.073 | ppl 33.66 | num_updates 72252 | best_loss 7.27788
| epoch 100 | loss 5.580 | nll_loss 3.238 | ppl 9.44 | wps 38176 | ups 4 | wpb 8647.808 | bsz 885.921 | num_updates 72982 | lr 0.000234111 | gnorm 0.261 | clip 1.000 | oom 0.000 | loss_scale 32.000 | wall 16823 | train_wall 13854
| epoch 100 | valid on 'valid' subset | loss 7.260 | nll_loss 5.023 | ppl 32.51 | num_updates 72982 | best_loss 7.25995
| saved checkpoint ./checkpoints/2020-05-24T14-41-04-00-exp27-bpe5000-si-051920-seed18-nonjoint/checkpoints_en_si/checkpoint100.pt (epoch 100 @ 72982 updates) (writing took 1.033219814300537 seconds)
| done training in 16819.8 seconds
Done training.
Time at end: Mon May 25 00:13:27 EDT 2020
