================ FLORES BASELINE WITH CLIP_NORM=0.1, BPE=2500 AND SEED=13  ================
About to train the supervised for the following language pair: EN-SI
CHECKPOINT_DIR is set to './checkpoints/2020-05-28T20-02-04-00-exp27-bpe2500-si-052720-seed13-nonjoint/checkpoints_en_si'
Creating checkpoint directory if it doesn't exist...
Data folder is: data-bin/wiki_si_en_bpe2500_nonjoint/
Beginning training...
Time at beginning: Fri May 29 01:24:53 EDT 2020
This is train_fairseq
Namespace(activation_dropout=0.2, activation_fn='relu', adam_betas='(0.9, 0.98)', adam_eps=1e-08, adaptive_input=False, adaptive_softmax_cutoff=None, adaptive_softmax_dropout=0, arch='transformer', attention_dropout=0.2, best_checkpoint_metric='loss', bpe=None, bucket_cap_mb=25, clip_norm=0.1, cpu=False, criterion='label_smoothed_cross_entropy', cross_self_attention=False, curriculum=0, data='data-bin/wiki_si_en_bpe2500_nonjoint/', dataset_impl=None, ddp_backend='c10d', decoder_attention_heads=2, decoder_embed_dim=512, decoder_embed_path=None, decoder_ffn_embed_dim=2048, decoder_input_dim=512, decoder_layerdrop=0, decoder_layers=5, decoder_layers_to_keep=None, decoder_learned_pos=False, decoder_normalize_before=True, decoder_output_dim=512, device_id=0, disable_validation=False, distributed_backend='nccl', distributed_init_method=None, distributed_no_spawn=False, distributed_port=-1, distributed_rank=0, distributed_world_size=1, dropout=0.4, empty_cache_freq=0, encoder_attention_heads=2, encoder_embed_dim=512, encoder_embed_path=None, encoder_ffn_embed_dim=2048, encoder_layerdrop=0, encoder_layers=5, encoder_layers_to_keep=None, encoder_learned_pos=False, encoder_normalize_before=True, fast_stat_sync=False, find_unused_parameters=False, fix_batches_to_gpus=False, fixed_validation_seed=None, fp16=True, fp16_init_scale=128, fp16_scale_tolerance=0.0, fp16_scale_window=None, keep_interval_updates=-1, keep_last_epochs=-1, label_smoothing=0.2, layer_wise_attention=False, layernorm_embedding=False, lazy_load=False, left_pad_source='True', left_pad_target='False', load_alignments=False, log_format=None, log_interval=1000, lr=[0.001], lr_scheduler='inverse_sqrt', max_epoch=100, max_sentences=None, max_sentences_valid=None, max_source_positions=1024, max_target_positions=1024, max_tokens=4000, max_tokens_valid=4000, max_update=0, maximize_best_checkpoint_metric=False, memory_efficient_fp16=False, min_loss_scale=0.0001, min_lr=1e-09, no_cross_attention=False, no_epoch_checkpoints=False, no_last_checkpoints=False, no_progress_bar=False, no_save=False, no_save_optimizer_state=False, no_scale_embedding=False, no_token_positional_embeddings=False, num_workers=1, optimizer='adam', optimizer_overrides='{}', raw_text=False, required_batch_size_multiple=8, reset_dataloader=False, reset_lr_scheduler=False, reset_meters=False, reset_optimizer=False, restore_file='checkpoint_last.pt', save_dir='./checkpoints/2020-05-28T20-02-04-00-exp27-bpe2500-si-052720-seed13-nonjoint/checkpoints_en_si', save_interval=10, save_interval_updates=0, seed=13, sentence_avg=False, share_all_embeddings=True, share_decoder_input_output_embed=False, skip_invalid_size_inputs_valid_test=False, source_lang='en', target_lang='si', task='translation', tensorboard_logdir='', threshold_loss_scale=None, tokenizer=None, train_subset='train', truncate_source=False, update_freq=[4], upsample_primary=1, use_bmuf=False, user_dir=None, valid_subset='valid', validate_interval=1, warmup_init_lr=1e-07, warmup_updates=4000, weight_decay=0.0001)
| [en] dictionary: 2632 types
| [si] dictionary: 2632 types
| loaded 2898 examples from: data-bin/wiki_si_en_bpe2500_nonjoint/valid.si-en.en
| loaded 2898 examples from: data-bin/wiki_si_en_bpe2500_nonjoint/valid.si-en.si
| data-bin/wiki_si_en_bpe2500_nonjoint/ valid en-si 2898 examples
TransformerModel(
  (encoder): TransformerEncoder(
    (embed_tokens): Embedding(2632, 512, padding_idx=1)
    (embed_positions): SinusoidalPositionalEmbedding()
    (layers): ModuleList(
      (0): TransformerEncoderLayer(
        (self_attn): MultiheadAttention(
          (k_proj): Linear(in_features=512, out_features=512, bias=True)
          (v_proj): Linear(in_features=512, out_features=512, bias=True)
          (q_proj): Linear(in_features=512, out_features=512, bias=True)
          (out_proj): Linear(in_features=512, out_features=512, bias=True)
        )
        (self_attn_layer_norm): LayerNorm((512,), eps=1e-05, elementwise_affine=True)
        (fc1): Linear(in_features=512, out_features=2048, bias=True)
        (fc2): Linear(in_features=2048, out_features=512, bias=True)
        (final_layer_norm): LayerNorm((512,), eps=1e-05, elementwise_affine=True)
      )
      (1): TransformerEncoderLayer(
        (self_attn): MultiheadAttention(
          (k_proj): Linear(in_features=512, out_features=512, bias=True)
          (v_proj): Linear(in_features=512, out_features=512, bias=True)
          (q_proj): Linear(in_features=512, out_features=512, bias=True)
          (out_proj): Linear(in_features=512, out_features=512, bias=True)
        )
        (self_attn_layer_norm): LayerNorm((512,), eps=1e-05, elementwise_affine=True)
        (fc1): Linear(in_features=512, out_features=2048, bias=True)
        (fc2): Linear(in_features=2048, out_features=512, bias=True)
        (final_layer_norm): LayerNorm((512,), eps=1e-05, elementwise_affine=True)
      )
      (2): TransformerEncoderLayer(
        (self_attn): MultiheadAttention(
          (k_proj): Linear(in_features=512, out_features=512, bias=True)
          (v_proj): Linear(in_features=512, out_features=512, bias=True)
          (q_proj): Linear(in_features=512, out_features=512, bias=True)
          (out_proj): Linear(in_features=512, out_features=512, bias=True)
        )
        (self_attn_layer_norm): LayerNorm((512,), eps=1e-05, elementwise_affine=True)
        (fc1): Linear(in_features=512, out_features=2048, bias=True)
        (fc2): Linear(in_features=2048, out_features=512, bias=True)
        (final_layer_norm): LayerNorm((512,), eps=1e-05, elementwise_affine=True)
      )
      (3): TransformerEncoderLayer(
        (self_attn): MultiheadAttention(
          (k_proj): Linear(in_features=512, out_features=512, bias=True)
          (v_proj): Linear(in_features=512, out_features=512, bias=True)
          (q_proj): Linear(in_features=512, out_features=512, bias=True)
          (out_proj): Linear(in_features=512, out_features=512, bias=True)
        )
        (self_attn_layer_norm): LayerNorm((512,), eps=1e-05, elementwise_affine=True)
        (fc1): Linear(in_features=512, out_features=2048, bias=True)
        (fc2): Linear(in_features=2048, out_features=512, bias=True)
        (final_layer_norm): LayerNorm((512,), eps=1e-05, elementwise_affine=True)
      )
      (4): TransformerEncoderLayer(
        (self_attn): MultiheadAttention(
          (k_proj): Linear(in_features=512, out_features=512, bias=True)
          (v_proj): Linear(in_features=512, out_features=512, bias=True)
          (q_proj): Linear(in_features=512, out_features=512, bias=True)
          (out_proj): Linear(in_features=512, out_features=512, bias=True)
        )
        (self_attn_layer_norm): LayerNorm((512,), eps=1e-05, elementwise_affine=True)
        (fc1): Linear(in_features=512, out_features=2048, bias=True)
        (fc2): Linear(in_features=2048, out_features=512, bias=True)
        (final_layer_norm): LayerNorm((512,), eps=1e-05, elementwise_affine=True)
      )
    )
    (layer_norm): LayerNorm((512,), eps=1e-05, elementwise_affine=True)
  )
  (decoder): TransformerDecoder(
    (embed_tokens): Embedding(2632, 512, padding_idx=1)
    (embed_positions): SinusoidalPositionalEmbedding()
    (layers): ModuleList(
      (0): TransformerDecoderLayer(
        (self_attn): MultiheadAttention(
          (k_proj): Linear(in_features=512, out_features=512, bias=True)
          (v_proj): Linear(in_features=512, out_features=512, bias=True)
          (q_proj): Linear(in_features=512, out_features=512, bias=True)
          (out_proj): Linear(in_features=512, out_features=512, bias=True)
        )
        (self_attn_layer_norm): LayerNorm((512,), eps=1e-05, elementwise_affine=True)
        (encoder_attn): MultiheadAttention(
          (k_proj): Linear(in_features=512, out_features=512, bias=True)
          (v_proj): Linear(in_features=512, out_features=512, bias=True)
          (q_proj): Linear(in_features=512, out_features=512, bias=True)
          (out_proj): Linear(in_features=512, out_features=512, bias=True)
        )
        (encoder_attn_layer_norm): LayerNorm((512,), eps=1e-05, elementwise_affine=True)
        (fc1): Linear(in_features=512, out_features=2048, bias=True)
        (fc2): Linear(in_features=2048, out_features=512, bias=True)
        (final_layer_norm): LayerNorm((512,), eps=1e-05, elementwise_affine=True)
      )
      (1): TransformerDecoderLayer(
        (self_attn): MultiheadAttention(
          (k_proj): Linear(in_features=512, out_features=512, bias=True)
          (v_proj): Linear(in_features=512, out_features=512, bias=True)
          (q_proj): Linear(in_features=512, out_features=512, bias=True)
          (out_proj): Linear(in_features=512, out_features=512, bias=True)
        )
        (self_attn_layer_norm): LayerNorm((512,), eps=1e-05, elementwise_affine=True)
        (encoder_attn): MultiheadAttention(
          (k_proj): Linear(in_features=512, out_features=512, bias=True)
          (v_proj): Linear(in_features=512, out_features=512, bias=True)
          (q_proj): Linear(in_features=512, out_features=512, bias=True)
          (out_proj): Linear(in_features=512, out_features=512, bias=True)
        )
        (encoder_attn_layer_norm): LayerNorm((512,), eps=1e-05, elementwise_affine=True)
        (fc1): Linear(in_features=512, out_features=2048, bias=True)
        (fc2): Linear(in_features=2048, out_features=512, bias=True)
        (final_layer_norm): LayerNorm((512,), eps=1e-05, elementwise_affine=True)
      )
      (2): TransformerDecoderLayer(
        (self_attn): MultiheadAttention(
          (k_proj): Linear(in_features=512, out_features=512, bias=True)
          (v_proj): Linear(in_features=512, out_features=512, bias=True)
          (q_proj): Linear(in_features=512, out_features=512, bias=True)
          (out_proj): Linear(in_features=512, out_features=512, bias=True)
        )
        (self_attn_layer_norm): LayerNorm((512,), eps=1e-05, elementwise_affine=True)
        (encoder_attn): MultiheadAttention(
          (k_proj): Linear(in_features=512, out_features=512, bias=True)
          (v_proj): Linear(in_features=512, out_features=512, bias=True)
          (q_proj): Linear(in_features=512, out_features=512, bias=True)
          (out_proj): Linear(in_features=512, out_features=512, bias=True)
        )
        (encoder_attn_layer_norm): LayerNorm((512,), eps=1e-05, elementwise_affine=True)
        (fc1): Linear(in_features=512, out_features=2048, bias=True)
        (fc2): Linear(in_features=2048, out_features=512, bias=True)
        (final_layer_norm): LayerNorm((512,), eps=1e-05, elementwise_affine=True)
      )
      (3): TransformerDecoderLayer(
        (self_attn): MultiheadAttention(
          (k_proj): Linear(in_features=512, out_features=512, bias=True)
          (v_proj): Linear(in_features=512, out_features=512, bias=True)
          (q_proj): Linear(in_features=512, out_features=512, bias=True)
          (out_proj): Linear(in_features=512, out_features=512, bias=True)
        )
        (self_attn_layer_norm): LayerNorm((512,), eps=1e-05, elementwise_affine=True)
        (encoder_attn): MultiheadAttention(
          (k_proj): Linear(in_features=512, out_features=512, bias=True)
          (v_proj): Linear(in_features=512, out_features=512, bias=True)
          (q_proj): Linear(in_features=512, out_features=512, bias=True)
          (out_proj): Linear(in_features=512, out_features=512, bias=True)
        )
        (encoder_attn_layer_norm): LayerNorm((512,), eps=1e-05, elementwise_affine=True)
        (fc1): Linear(in_features=512, out_features=2048, bias=True)
        (fc2): Linear(in_features=2048, out_features=512, bias=True)
        (final_layer_norm): LayerNorm((512,), eps=1e-05, elementwise_affine=True)
      )
      (4): TransformerDecoderLayer(
        (self_attn): MultiheadAttention(
          (k_proj): Linear(in_features=512, out_features=512, bias=True)
          (v_proj): Linear(in_features=512, out_features=512, bias=True)
          (q_proj): Linear(in_features=512, out_features=512, bias=True)
          (out_proj): Linear(in_features=512, out_features=512, bias=True)
        )
        (self_attn_layer_norm): LayerNorm((512,), eps=1e-05, elementwise_affine=True)
        (encoder_attn): MultiheadAttention(
          (k_proj): Linear(in_features=512, out_features=512, bias=True)
          (v_proj): Linear(in_features=512, out_features=512, bias=True)
          (q_proj): Linear(in_features=512, out_features=512, bias=True)
          (out_proj): Linear(in_features=512, out_features=512, bias=True)
        )
        (encoder_attn_layer_norm): LayerNorm((512,), eps=1e-05, elementwise_affine=True)
        (fc1): Linear(in_features=512, out_features=2048, bias=True)
        (fc2): Linear(in_features=2048, out_features=512, bias=True)
        (final_layer_norm): LayerNorm((512,), eps=1e-05, elementwise_affine=True)
      )
    )
    (layer_norm): LayerNorm((512,), eps=1e-05, elementwise_affine=True)
  )
)
| model transformer, criterion LabelSmoothedCrossEntropyCriterion
| num. model params: 38131712 (num. trained: 38131712)
| training on 1 GPUs
| max tokens per GPU = 4000 and max sentences per GPU = None
| no existing checkpoint found ./checkpoints/2020-05-28T20-02-04-00-exp27-bpe2500-si-052720-seed13-nonjoint/checkpoints_en_si/checkpoint_last.pt
| loading train data for epoch 0
| loaded 646686 examples from: data-bin/wiki_si_en_bpe2500_nonjoint/train.si-en.en
| loaded 646686 examples from: data-bin/wiki_si_en_bpe2500_nonjoint/train.si-en.si
| data-bin/wiki_si_en_bpe2500_nonjoint/ train en-si 646686 examples
| WARNING: overflow detected, setting loss scale to: 64.0
| WARNING: overflow detected, setting loss scale to: 32.0
| WARNING: overflow detected, setting loss scale to: 16.0
| epoch 001 | loss 9.302 | nll_loss 8.487 | ppl 358.75 | wps 36636 | ups 4 | wpb 8342.856 | bsz 762.996 | num_updates 843 | lr 0.000210829 | gnorm 0.790 | clip 1.000 | oom 0.000 | loss_scale 16.000 | wall 192 | train_wall 157
| epoch 001 | valid on 'valid' subset | loss 9.605 | nll_loss 8.784 | ppl 440.71 | num_updates 843
| epoch 002 | loss 7.827 | nll_loss 6.488 | ppl 89.76 | wps 37426 | ups 4 | wpb 8345.820 | bsz 764.404 | num_updates 1689 | lr 0.000422308 | gnorm 0.542 | clip 1.000 | oom 0.000 | loss_scale 16.000 | wall 382 | train_wall 315
| epoch 002 | valid on 'valid' subset | loss 8.726 | nll_loss 7.499 | ppl 180.84 | num_updates 1689
| epoch 003 | loss 7.166 | nll_loss 5.600 | ppl 48.52 | wps 37514 | ups 4 | wpb 8345.820 | bsz 764.404 | num_updates 2535 | lr 0.000633787 | gnorm 0.446 | clip 1.000 | oom 0.000 | loss_scale 16.000 | wall 571 | train_wall 473
| epoch 003 | valid on 'valid' subset | loss 8.458 | nll_loss 7.094 | ppl 136.61 | num_updates 2535
| epoch 004 | loss 6.784 | nll_loss 5.093 | ppl 34.13 | wps 37936 | ups 5 | wpb 8345.820 | bsz 764.404 | num_updates 3381 | lr 0.000845265 | gnorm 0.396 | clip 1.000 | oom 0.000 | loss_scale 16.000 | wall 758 | train_wall 629
| epoch 004 | valid on 'valid' subset | loss 8.197 | nll_loss 6.701 | ppl 104.04 | num_updates 3381
| epoch 005 | loss 6.524 | nll_loss 4.752 | ppl 26.94 | wps 37655 | ups 5 | wpb 8345.820 | bsz 764.404 | num_updates 4227 | lr 0.000972778 | gnorm 0.363 | clip 1.000 | oom 0.000 | loss_scale 32.000 | wall 946 | train_wall 786
| epoch 005 | valid on 'valid' subset | loss 7.909 | nll_loss 6.308 | ppl 79.23 | num_updates 4227
| WARNING: overflow detected, setting loss scale to: 16.0
| epoch 006 | loss 6.316 | nll_loss 4.480 | ppl 22.31 | wps 38077 | ups 5 | wpb 8347.905 | bsz 763.974 | num_updates 5072 | lr 0.000888056 | gnorm 0.328 | clip 1.000 | oom 0.000 | loss_scale 16.000 | wall 1133 | train_wall 942
| epoch 006 | valid on 'valid' subset | loss 7.793 | nll_loss 6.155 | ppl 71.23 | num_updates 5072
| epoch 007 | loss 6.155 | nll_loss 4.271 | ppl 19.3 | wps 37671 | ups 5 | wpb 8345.820 | bsz 764.404 | num_updates 5918 | lr 0.000822134 | gnorm 0.301 | clip 1.000 | oom 0.000 | loss_scale 16.000 | wall 1321 | train_wall 1099
| epoch 007 | valid on 'valid' subset | loss 7.590 | nll_loss 5.865 | ppl 58.27 | num_updates 5918
| epoch 008 | loss 6.043 | nll_loss 4.124 | ppl 17.43 | wps 37842 | ups 5 | wpb 8345.820 | bsz 764.404 | num_updates 6764 | lr 0.000769003 | gnorm 0.288 | clip 1.000 | oom 0.000 | loss_scale 16.000 | wall 1508 | train_wall 1255
| epoch 008 | valid on 'valid' subset | loss 7.453 | nll_loss 5.663 | ppl 50.66 | num_updates 6764
| epoch 009 | loss 5.957 | nll_loss 4.013 | ppl 16.14 | wps 37624 | ups 5 | wpb 8345.820 | bsz 764.404 | num_updates 7610 | lr 0.000724999 | gnorm 0.275 | clip 1.000 | oom 0.000 | loss_scale 16.000 | wall 1697 | train_wall 1412
| epoch 009 | valid on 'valid' subset | loss 7.327 | nll_loss 5.492 | ppl 45.01 | num_updates 7610
| epoch 010 | loss 5.890 | nll_loss 3.927 | ppl 15.21 | wps 37837 | ups 5 | wpb 8345.820 | bsz 764.404 | num_updates 8456 | lr 0.000687777 | gnorm 0.270 | clip 1.000 | oom 0.000 | loss_scale 16.000 | wall 1885 | train_wall 1568
| epoch 010 | valid on 'valid' subset | loss 7.298 | nll_loss 5.424 | ppl 42.94 | num_updates 8456
| saved checkpoint ./checkpoints/2020-05-28T20-02-04-00-exp27-bpe2500-si-052720-seed13-nonjoint/checkpoints_en_si/checkpoint10.pt (epoch 10 @ 8456 updates) (writing took 0.6948158740997314 seconds)
| epoch 011 | loss 5.835 | nll_loss 3.855 | ppl 14.47 | wps 37663 | ups 5 | wpb 8345.820 | bsz 764.404 | num_updates 9302 | lr 0.000655755 | gnorm 0.263 | clip 1.000 | oom 0.000 | loss_scale 32.000 | wall 2074 | train_wall 1725
| epoch 011 | valid on 'valid' subset | loss 7.235 | nll_loss 5.348 | ppl 40.74 | num_updates 9302 | best_loss 7.23466
| epoch 012 | loss 5.789 | nll_loss 3.795 | ppl 13.88 | wps 37426 | ups 4 | wpb 8345.820 | bsz 764.404 | num_updates 10148 | lr 0.000627827 | gnorm 0.259 | clip 1.000 | oom 0.000 | loss_scale 32.000 | wall 2263 | train_wall 1883
| epoch 012 | valid on 'valid' subset | loss 7.170 | nll_loss 5.266 | ppl 38.47 | num_updates 10148 | best_loss 7.16974
| epoch 013 | loss 5.750 | nll_loss 3.745 | ppl 13.41 | wps 37677 | ups 5 | wpb 8345.820 | bsz 764.404 | num_updates 10994 | lr 0.000603187 | gnorm 0.255 | clip 1.000 | oom 0.000 | loss_scale 32.000 | wall 2452 | train_wall 2039
| epoch 013 | valid on 'valid' subset | loss 7.152 | nll_loss 5.223 | ppl 37.36 | num_updates 10994 | best_loss 7.15238
| epoch 014 | loss 5.717 | nll_loss 3.702 | ppl 13.02 | wps 37495 | ups 4 | wpb 8345.820 | bsz 764.404 | num_updates 11840 | lr 0.000581238 | gnorm 0.253 | clip 1.000 | oom 0.000 | loss_scale 32.000 | wall 2641 | train_wall 2197
| epoch 014 | valid on 'valid' subset | loss 7.081 | nll_loss 5.116 | ppl 34.68 | num_updates 11840 | best_loss 7.08077
| epoch 015 | loss 5.686 | nll_loss 3.663 | ppl 12.67 | wps 37793 | ups 5 | wpb 8345.820 | bsz 764.404 | num_updates 12686 | lr 0.000561523 | gnorm 0.250 | clip 1.000 | oom 0.000 | loss_scale 32.000 | wall 2829 | train_wall 2354
| epoch 015 | valid on 'valid' subset | loss 7.049 | nll_loss 5.079 | ppl 33.8 | num_updates 12686 | best_loss 7.04906
| epoch 016 | loss 5.660 | nll_loss 3.628 | ppl 12.37 | wps 37854 | ups 5 | wpb 8345.820 | bsz 764.404 | num_updates 13532 | lr 0.000543687 | gnorm 0.248 | clip 1.000 | oom 0.000 | loss_scale 64.000 | wall 3016 | train_wall 2510
| epoch 016 | valid on 'valid' subset | loss 7.025 | nll_loss 5.033 | ppl 32.74 | num_updates 13532 | best_loss 7.0252
| WARNING: overflow detected, setting loss scale to: 32.0
| epoch 017 | loss 5.637 | nll_loss 3.600 | ppl 12.12 | wps 37444 | ups 4 | wpb 8344.904 | bsz 763.283 | num_updates 14377 | lr 0.000527468 | gnorm 0.247 | clip 1.000 | oom 0.000 | loss_scale 32.000 | wall 3206 | train_wall 2667
| epoch 017 | valid on 'valid' subset | loss 6.999 | nll_loss 4.994 | ppl 31.87 | num_updates 14377 | best_loss 6.9986
| epoch 018 | loss 5.615 | nll_loss 3.571 | ppl 11.88 | wps 38006 | ups 5 | wpb 8345.820 | bsz 764.404 | num_updates 15223 | lr 0.000512601 | gnorm 0.245 | clip 1.000 | oom 0.000 | loss_scale 32.000 | wall 3392 | train_wall 2823
| epoch 018 | valid on 'valid' subset | loss 6.945 | nll_loss 4.934 | ppl 30.56 | num_updates 15223 | best_loss 6.94514
| epoch 019 | loss 5.595 | nll_loss 3.545 | ppl 11.67 | wps 38092 | ups 5 | wpb 8345.820 | bsz 764.404 | num_updates 16069 | lr 0.000498925 | gnorm 0.243 | clip 1.000 | oom 0.000 | loss_scale 32.000 | wall 3579 | train_wall 2979
| epoch 019 | valid on 'valid' subset | loss 6.922 | nll_loss 4.898 | ppl 29.81 | num_updates 16069 | best_loss 6.92185
| epoch 020 | loss 5.576 | nll_loss 3.521 | ppl 11.48 | wps 37693 | ups 5 | wpb 8345.820 | bsz 764.404 | num_updates 16915 | lr 0.000486288 | gnorm 0.242 | clip 1.000 | oom 0.000 | loss_scale 32.000 | wall 3767 | train_wall 3136
| epoch 020 | valid on 'valid' subset | loss 6.907 | nll_loss 4.873 | ppl 29.3 | num_updates 16915 | best_loss 6.90705
| saved checkpoint ./checkpoints/2020-05-28T20-02-04-00-exp27-bpe2500-si-052720-seed13-nonjoint/checkpoints_en_si/checkpoint20.pt (epoch 20 @ 16915 updates) (writing took 0.9572865962982178 seconds)
| epoch 021 | loss 5.561 | nll_loss 3.501 | ppl 11.32 | wps 38241 | ups 5 | wpb 8345.820 | bsz 764.404 | num_updates 17761 | lr 0.000474566 | gnorm 0.243 | clip 1.000 | oom 0.000 | loss_scale 32.000 | wall 3954 | train_wall 3292
| epoch 021 | valid on 'valid' subset | loss 6.897 | nll_loss 4.857 | ppl 28.98 | num_updates 17761 | best_loss 6.89689
| WARNING: overflow detected, setting loss scale to: 32.0
| epoch 022 | loss 5.545 | nll_loss 3.481 | ppl 11.17 | wps 37544 | ups 4 | wpb 8344.457 | bsz 763.150 | num_updates 18606 | lr 0.000463664 | gnorm 0.239 | clip 1.000 | oom 0.000 | loss_scale 32.000 | wall 4142 | train_wall 3449
| epoch 022 | valid on 'valid' subset | loss 6.894 | nll_loss 4.852 | ppl 28.89 | num_updates 18606 | best_loss 6.8944
| epoch 023 | loss 5.531 | nll_loss 3.462 | ppl 11.02 | wps 37517 | ups 4 | wpb 8345.820 | bsz 764.404 | num_updates 19452 | lr 0.000453469 | gnorm 0.241 | clip 1.000 | oom 0.000 | loss_scale 32.000 | wall 4332 | train_wall 3606
| epoch 023 | valid on 'valid' subset | loss 6.862 | nll_loss 4.816 | ppl 28.16 | num_updates 19452 | best_loss 6.86198
| epoch 024 | loss 5.517 | nll_loss 3.445 | ppl 10.89 | wps 37822 | ups 5 | wpb 8345.820 | bsz 764.404 | num_updates 20298 | lr 0.000443919 | gnorm 0.240 | clip 1.000 | oom 0.000 | loss_scale 32.000 | wall 4519 | train_wall 3763
| epoch 024 | valid on 'valid' subset | loss 6.839 | nll_loss 4.791 | ppl 27.69 | num_updates 20298 | best_loss 6.83874
| epoch 025 | loss 5.506 | nll_loss 3.430 | ppl 10.78 | wps 37863 | ups 5 | wpb 8345.820 | bsz 764.404 | num_updates 21144 | lr 0.000434947 | gnorm 0.241 | clip 1.000 | oom 0.000 | loss_scale 32.000 | wall 4707 | train_wall 3920
| epoch 025 | valid on 'valid' subset | loss 6.817 | nll_loss 4.748 | ppl 26.87 | num_updates 21144 | best_loss 6.81745
| epoch 026 | loss 5.494 | nll_loss 3.415 | ppl 10.66 | wps 37499 | ups 4 | wpb 8345.820 | bsz 764.404 | num_updates 21990 | lr 0.000426498 | gnorm 0.240 | clip 1.000 | oom 0.000 | loss_scale 32.000 | wall 4896 | train_wall 4078
| epoch 026 | valid on 'valid' subset | loss 6.804 | nll_loss 4.742 | ppl 26.76 | num_updates 21990 | best_loss 6.80411
| WARNING: overflow detected, setting loss scale to: 32.0
| epoch 027 | loss 5.484 | nll_loss 3.402 | ppl 10.57 | wps 37889 | ups 5 | wpb 8346.286 | bsz 763.482 | num_updates 22835 | lr 0.000418533 | gnorm 0.239 | clip 1.000 | oom 0.000 | loss_scale 32.000 | wall 5083 | train_wall 4234
| epoch 027 | valid on 'valid' subset | loss 6.803 | nll_loss 4.736 | ppl 26.65 | num_updates 22835 | best_loss 6.80309
| epoch 028 | loss 5.472 | nll_loss 3.387 | ppl 10.46 | wps 37771 | ups 5 | wpb 8345.820 | bsz 764.404 | num_updates 23681 | lr 0.000410989 | gnorm 0.238 | clip 1.000 | oom 0.000 | loss_scale 32.000 | wall 5271 | train_wall 4391
| epoch 028 | valid on 'valid' subset | loss 6.784 | nll_loss 4.698 | ppl 25.96 | num_updates 23681 | best_loss 6.78415
| epoch 029 | loss 5.462 | nll_loss 3.374 | ppl 10.37 | wps 37689 | ups 5 | wpb 8345.820 | bsz 764.404 | num_updates 24527 | lr 0.000403839 | gnorm 0.239 | clip 1.000 | oom 0.000 | loss_scale 32.000 | wall 5459 | train_wall 4547
| epoch 029 | valid on 'valid' subset | loss 6.781 | nll_loss 4.698 | ppl 25.95 | num_updates 24527 | best_loss 6.78054
| epoch 030 | loss 5.453 | nll_loss 3.362 | ppl 10.28 | wps 37789 | ups 5 | wpb 8345.820 | bsz 764.404 | num_updates 25373 | lr 0.000397049 | gnorm 0.239 | clip 1.000 | oom 0.000 | loss_scale 32.000 | wall 5647 | train_wall 4704
| epoch 030 | valid on 'valid' subset | loss 6.767 | nll_loss 4.689 | ppl 25.79 | num_updates 25373 | best_loss 6.76741
| saved checkpoint ./checkpoints/2020-05-28T20-02-04-00-exp27-bpe2500-si-052720-seed13-nonjoint/checkpoints_en_si/checkpoint30.pt (epoch 30 @ 25373 updates) (writing took 0.983513593673706 seconds)
| epoch 031 | loss 5.445 | nll_loss 3.351 | ppl 10.2 | wps 37863 | ups 5 | wpb 8345.820 | bsz 764.404 | num_updates 26219 | lr 0.000390591 | gnorm 0.238 | clip 1.000 | oom 0.000 | loss_scale 32.000 | wall 5836 | train_wall 4861
| epoch 031 | valid on 'valid' subset | loss 6.775 | nll_loss 4.685 | ppl 25.73 | num_updates 26219 | best_loss 6.76741
| epoch 032 | loss 5.436 | nll_loss 3.340 | ppl 10.12 | wps 37635 | ups 5 | wpb 8345.820 | bsz 764.404 | num_updates 27065 | lr 0.000384438 | gnorm 0.237 | clip 1.000 | oom 0.000 | loss_scale 64.000 | wall 6024 | train_wall 5018
| epoch 032 | valid on 'valid' subset | loss 6.761 | nll_loss 4.671 | ppl 25.48 | num_updates 27065 | best_loss 6.76102
| WARNING: overflow detected, setting loss scale to: 32.0
| epoch 033 | loss 5.427 | nll_loss 3.329 | ppl 10.05 | wps 37871 | ups 5 | wpb 8346.705 | bsz 763.747 | num_updates 27910 | lr 0.000378573 | gnorm 0.239 | clip 1.000 | oom 0.000 | loss_scale 32.000 | wall 6211 | train_wall 5174
| epoch 033 | valid on 'valid' subset | loss 6.729 | nll_loss 4.624 | ppl 24.67 | num_updates 27910 | best_loss 6.72941
| epoch 034 | loss 5.420 | nll_loss 3.320 | ppl 9.98 | wps 37819 | ups 5 | wpb 8345.820 | bsz 764.404 | num_updates 28756 | lr 0.000372963 | gnorm 0.238 | clip 1.000 | oom 0.000 | loss_scale 32.000 | wall 6399 | train_wall 5330
| epoch 034 | valid on 'valid' subset | loss 6.730 | nll_loss 4.621 | ppl 24.61 | num_updates 28756 | best_loss 6.72987
| epoch 035 | loss 5.412 | nll_loss 3.310 | ppl 9.91 | wps 37831 | ups 5 | wpb 8345.820 | bsz 764.404 | num_updates 29602 | lr 0.000367595 | gnorm 0.238 | clip 1.000 | oom 0.000 | loss_scale 32.000 | wall 6587 | train_wall 5486
| epoch 035 | valid on 'valid' subset | loss 6.727 | nll_loss 4.630 | ppl 24.76 | num_updates 29602 | best_loss 6.72713
| epoch 036 | loss 5.405 | nll_loss 3.300 | ppl 9.85 | wps 37809 | ups 5 | wpb 8345.820 | bsz 764.404 | num_updates 30448 | lr 0.000362452 | gnorm 0.237 | clip 1.000 | oom 0.000 | loss_scale 32.000 | wall 6774 | train_wall 5643
| epoch 036 | valid on 'valid' subset | loss 6.701 | nll_loss 4.599 | ppl 24.24 | num_updates 30448 | best_loss 6.70074
| epoch 037 | loss 5.399 | nll_loss 3.292 | ppl 9.8 | wps 37839 | ups 5 | wpb 8345.820 | bsz 764.404 | num_updates 31294 | lr 0.000357519 | gnorm 0.238 | clip 1.000 | oom 0.000 | loss_scale 32.000 | wall 6962 | train_wall 5799
| epoch 037 | valid on 'valid' subset | loss 6.694 | nll_loss 4.578 | ppl 23.88 | num_updates 31294 | best_loss 6.69384
| epoch 038 | loss 5.392 | nll_loss 3.284 | ppl 9.74 | wps 37795 | ups 5 | wpb 8345.820 | bsz 764.404 | num_updates 32140 | lr 0.000352783 | gnorm 0.238 | clip 1.000 | oom 0.000 | loss_scale 64.000 | wall 7150 | train_wall 5956
| epoch 038 | valid on 'valid' subset | loss 6.712 | nll_loss 4.610 | ppl 24.42 | num_updates 32140 | best_loss 6.71177
| epoch 039 | loss 5.386 | nll_loss 3.275 | ppl 9.68 | wps 37898 | ups 5 | wpb 8345.820 | bsz 764.404 | num_updates 32986 | lr 0.000348229 | gnorm 0.238 | clip 1.000 | oom 0.000 | loss_scale 64.000 | wall 7337 | train_wall 6111
| epoch 039 | valid on 'valid' subset | loss 6.722 | nll_loss 4.618 | ppl 24.55 | num_updates 32986 | best_loss 6.72165
| epoch 040 | loss 5.380 | nll_loss 3.268 | ppl 9.63 | wps 37781 | ups 5 | wpb 8345.820 | bsz 764.404 | num_updates 33832 | lr 0.000343848 | gnorm 0.238 | clip 1.000 | oom 0.000 | loss_scale 64.000 | wall 7525 | train_wall 6268
| epoch 040 | valid on 'valid' subset | loss 6.704 | nll_loss 4.599 | ppl 24.24 | num_updates 33832 | best_loss 6.70394
| saved checkpoint ./checkpoints/2020-05-28T20-02-04-00-exp27-bpe2500-si-052720-seed13-nonjoint/checkpoints_en_si/checkpoint40.pt (epoch 40 @ 33832 updates) (writing took 0.9842209815979004 seconds)
| WARNING: overflow detected, setting loss scale to: 32.0
| epoch 041 | loss 5.374 | nll_loss 3.260 | ppl 9.58 | wps 37944 | ups 5 | wpb 8347.160 | bsz 763.643 | num_updates 34677 | lr 0.000339632 | gnorm 0.238 | clip 1.000 | oom 0.000 | loss_scale 32.000 | wall 7713 | train_wall 6424
| epoch 041 | valid on 'valid' subset | loss 6.672 | nll_loss 4.559 | ppl 23.57 | num_updates 34677 | best_loss 6.67228
| epoch 042 | loss 5.369 | nll_loss 3.254 | ppl 9.54 | wps 37486 | ups 4 | wpb 8345.820 | bsz 764.404 | num_updates 35523 | lr 0.000335564 | gnorm 0.238 | clip 1.000 | oom 0.000 | loss_scale 32.000 | wall 7902 | train_wall 6581
| epoch 042 | valid on 'valid' subset | loss 6.679 | nll_loss 4.560 | ppl 23.59 | num_updates 35523 | best_loss 6.67923
| epoch 043 | loss 5.363 | nll_loss 3.247 | ppl 9.49 | wps 37631 | ups 5 | wpb 8345.820 | bsz 764.404 | num_updates 36369 | lr 0.000331638 | gnorm 0.238 | clip 1.000 | oom 0.000 | loss_scale 32.000 | wall 8091 | train_wall 6738
| epoch 043 | valid on 'valid' subset | loss 6.655 | nll_loss 4.529 | ppl 23.08 | num_updates 36369 | best_loss 6.65462
| epoch 044 | loss 5.358 | nll_loss 3.240 | ppl 9.45 | wps 37696 | ups 5 | wpb 8345.820 | bsz 764.404 | num_updates 37215 | lr 0.000327847 | gnorm 0.240 | clip 1.000 | oom 0.000 | loss_scale 32.000 | wall 8279 | train_wall 6895
| epoch 044 | valid on 'valid' subset | loss 6.689 | nll_loss 4.579 | ppl 23.9 | num_updates 37215 | best_loss 6.68887
| epoch 045 | loss 5.353 | nll_loss 3.233 | ppl 9.4 | wps 37572 | ups 5 | wpb 8345.820 | bsz 764.404 | num_updates 38061 | lr 0.000324183 | gnorm 0.238 | clip 1.000 | oom 0.000 | loss_scale 32.000 | wall 8468 | train_wall 7053
| epoch 045 | valid on 'valid' subset | loss 6.656 | nll_loss 4.538 | ppl 23.23 | num_updates 38061 | best_loss 6.65625
| epoch 046 | loss 5.348 | nll_loss 3.226 | ppl 9.36 | wps 37771 | ups 5 | wpb 8345.820 | bsz 764.404 | num_updates 38907 | lr 0.000320639 | gnorm 0.238 | clip 1.000 | oom 0.000 | loss_scale 64.000 | wall 8656 | train_wall 7210
| epoch 046 | valid on 'valid' subset | loss 6.658 | nll_loss 4.537 | ppl 23.21 | num_updates 38907 | best_loss 6.65796
| epoch 047 | loss 5.343 | nll_loss 3.221 | ppl 9.32 | wps 37575 | ups 5 | wpb 8345.820 | bsz 764.404 | num_updates 39753 | lr 0.000317209 | gnorm 0.239 | clip 1.000 | oom 0.000 | loss_scale 64.000 | wall 8845 | train_wall 7367
| epoch 047 | valid on 'valid' subset | loss 6.657 | nll_loss 4.541 | ppl 23.28 | num_updates 39753 | best_loss 6.65708
| epoch 048 | loss 5.339 | nll_loss 3.215 | ppl 9.29 | wps 37806 | ups 5 | wpb 8345.820 | bsz 764.404 | num_updates 40599 | lr 0.000313886 | gnorm 0.239 | clip 1.000 | oom 0.000 | loss_scale 64.000 | wall 9032 | train_wall 7524
| epoch 048 | valid on 'valid' subset | loss 6.656 | nll_loss 4.536 | ppl 23.2 | num_updates 40599 | best_loss 6.65621
| WARNING: overflow detected, setting loss scale to: 32.0
| epoch 049 | loss 5.335 | nll_loss 3.209 | ppl 9.25 | wps 37678 | ups 5 | wpb 8345.858 | bsz 762.904 | num_updates 41444 | lr 0.00031067 | gnorm 0.239 | clip 1.000 | oom 0.000 | loss_scale 32.000 | wall 9221 | train_wall 7681
| epoch 049 | valid on 'valid' subset | loss 6.633 | nll_loss 4.494 | ppl 22.54 | num_updates 41444 | best_loss 6.63276
| epoch 050 | loss 5.330 | nll_loss 3.204 | ppl 9.22 | wps 37871 | ups 5 | wpb 8345.820 | bsz 764.404 | num_updates 42290 | lr 0.000307547 | gnorm 0.239 | clip 1.000 | oom 0.000 | loss_scale 32.000 | wall 9408 | train_wall 7837
| epoch 050 | valid on 'valid' subset | loss 6.639 | nll_loss 4.504 | ppl 22.68 | num_updates 42290 | best_loss 6.63924
| saved checkpoint ./checkpoints/2020-05-28T20-02-04-00-exp27-bpe2500-si-052720-seed13-nonjoint/checkpoints_en_si/checkpoint50.pt (epoch 50 @ 42290 updates) (writing took 0.9698190689086914 seconds)
| epoch 051 | loss 5.325 | nll_loss 3.197 | ppl 9.17 | wps 37764 | ups 5 | wpb 8345.820 | bsz 764.404 | num_updates 43136 | lr 0.000304516 | gnorm 0.241 | clip 1.000 | oom 0.000 | loss_scale 32.000 | wall 9597 | train_wall 7995
| epoch 051 | valid on 'valid' subset | loss 6.651 | nll_loss 4.525 | ppl 23.03 | num_updates 43136 | best_loss 6.63924
| epoch 052 | loss 5.322 | nll_loss 3.193 | ppl 9.14 | wps 37635 | ups 5 | wpb 8345.820 | bsz 764.404 | num_updates 43982 | lr 0.000301573 | gnorm 0.239 | clip 1.000 | oom 0.000 | loss_scale 32.000 | wall 9785 | train_wall 8152
| epoch 052 | valid on 'valid' subset | loss 6.648 | nll_loss 4.531 | ppl 23.12 | num_updates 43982 | best_loss 6.63924
| epoch 053 | loss 5.318 | nll_loss 3.188 | ppl 9.11 | wps 37901 | ups 5 | wpb 8345.820 | bsz 764.404 | num_updates 44828 | lr 0.000298714 | gnorm 0.240 | clip 1.000 | oom 0.000 | loss_scale 32.000 | wall 9973 | train_wall 8308
| epoch 053 | valid on 'valid' subset | loss 6.629 | nll_loss 4.493 | ppl 22.52 | num_updates 44828 | best_loss 6.62893
| epoch 054 | loss 5.314 | nll_loss 3.183 | ppl 9.08 | wps 37682 | ups 5 | wpb 8345.820 | bsz 764.404 | num_updates 45674 | lr 0.000295934 | gnorm 0.240 | clip 1.000 | oom 0.000 | loss_scale 64.000 | wall 10161 | train_wall 8464
| epoch 054 | valid on 'valid' subset | loss 6.631 | nll_loss 4.501 | ppl 22.64 | num_updates 45674 | best_loss 6.63122
| epoch 055 | loss 5.310 | nll_loss 3.178 | ppl 9.05 | wps 37479 | ups 4 | wpb 8345.820 | bsz 764.404 | num_updates 46520 | lr 0.000293231 | gnorm 0.241 | clip 1.000 | oom 0.000 | loss_scale 64.000 | wall 10350 | train_wall 8622
| epoch 055 | valid on 'valid' subset | loss 6.640 | nll_loss 4.512 | ppl 22.81 | num_updates 46520 | best_loss 6.63924
| epoch 056 | loss 5.306 | nll_loss 3.173 | ppl 9.02 | wps 37536 | ups 4 | wpb 8345.820 | bsz 764.404 | num_updates 47366 | lr 0.000290601 | gnorm 0.241 | clip 1.000 | oom 0.000 | loss_scale 64.000 | wall 10539 | train_wall 8779
| epoch 056 | valid on 'valid' subset | loss 6.627 | nll_loss 4.495 | ppl 22.55 | num_updates 47366 | best_loss 6.62684
| epoch 057 | loss 5.302 | nll_loss 3.168 | ppl 8.99 | wps 37430 | ups 4 | wpb 8345.820 | bsz 764.404 | num_updates 48212 | lr 0.00028804 | gnorm 0.241 | clip 1.000 | oom 0.000 | loss_scale 64.000 | wall 10729 | train_wall 8937
| epoch 057 | valid on 'valid' subset | loss 6.611 | nll_loss 4.468 | ppl 22.13 | num_updates 48212 | best_loss 6.61098
| epoch 058 | loss 5.299 | nll_loss 3.163 | ppl 8.96 | wps 37588 | ups 5 | wpb 8345.820 | bsz 764.404 | num_updates 49058 | lr 0.000285545 | gnorm 0.242 | clip 1.000 | oom 0.000 | loss_scale 64.000 | wall 10918 | train_wall 9094
| epoch 058 | valid on 'valid' subset | loss 6.627 | nll_loss 4.495 | ppl 22.55 | num_updates 49058 | best_loss 6.62745
| WARNING: overflow detected, setting loss scale to: 64.0
| epoch 059 | loss 5.294 | nll_loss 3.158 | ppl 8.92 | wps 38189 | ups 5 | wpb 8345.257 | bsz 764.722 | num_updates 49903 | lr 0.000283117 | gnorm 0.241 | clip 1.000 | oom 0.000 | loss_scale 64.000 | wall 11104 | train_wall 9249
| epoch 059 | valid on 'valid' subset | loss 6.630 | nll_loss 4.500 | ppl 22.62 | num_updates 49903 | best_loss 6.63023
| epoch 060 | loss 5.293 | nll_loss 3.155 | ppl 8.91 | wps 37431 | ups 4 | wpb 8345.820 | bsz 764.404 | num_updates 50749 | lr 0.000280748 | gnorm 0.242 | clip 1.000 | oom 0.000 | loss_scale 64.000 | wall 11293 | train_wall 9407
| epoch 060 | valid on 'valid' subset | loss 6.624 | nll_loss 4.483 | ppl 22.36 | num_updates 50749 | best_loss 6.62358
| saved checkpoint ./checkpoints/2020-05-28T20-02-04-00-exp27-bpe2500-si-052720-seed13-nonjoint/checkpoints_en_si/checkpoint60.pt (epoch 60 @ 50749 updates) (writing took 0.9576840400695801 seconds)
| WARNING: overflow detected, setting loss scale to: 32.0
| epoch 061 | loss 5.290 | nll_loss 3.152 | ppl 8.89 | wps 37536 | ups 4 | wpb 8346.286 | bsz 763.529 | num_updates 51594 | lr 0.000278439 | gnorm 0.242 | clip 1.000 | oom 0.000 | loss_scale 32.000 | wall 11483 | train_wall 9564
| epoch 061 | valid on 'valid' subset | loss 6.585 | nll_loss 4.433 | ppl 21.6 | num_updates 51594 | best_loss 6.58504
| epoch 062 | loss 5.286 | nll_loss 3.146 | ppl 8.85 | wps 37587 | ups 5 | wpb 8345.820 | bsz 764.404 | num_updates 52440 | lr 0.000276184 | gnorm 0.242 | clip 1.000 | oom 0.000 | loss_scale 32.000 | wall 11672 | train_wall 9722
| epoch 062 | valid on 'valid' subset | loss 6.589 | nll_loss 4.431 | ppl 21.57 | num_updates 52440 | best_loss 6.58866
| epoch 063 | loss 5.283 | nll_loss 3.143 | ppl 8.83 | wps 38201 | ups 5 | wpb 8345.820 | bsz 764.404 | num_updates 53286 | lr 0.000273983 | gnorm 0.243 | clip 1.000 | oom 0.000 | loss_scale 32.000 | wall 11858 | train_wall 9877
| epoch 063 | valid on 'valid' subset | loss 6.597 | nll_loss 4.452 | ppl 21.89 | num_updates 53286 | best_loss 6.59682
| epoch 064 | loss 5.280 | nll_loss 3.139 | ppl 8.81 | wps 37920 | ups 5 | wpb 8345.820 | bsz 764.404 | num_updates 54132 | lr 0.000271833 | gnorm 0.242 | clip 1.000 | oom 0.000 | loss_scale 32.000 | wall 12045 | train_wall 10033
| epoch 064 | valid on 'valid' subset | loss 6.586 | nll_loss 4.433 | ppl 21.6 | num_updates 54132 | best_loss 6.58587
| epoch 065 | loss 5.277 | nll_loss 3.135 | ppl 8.79 | wps 37551 | ups 4 | wpb 8345.820 | bsz 764.404 | num_updates 54978 | lr 0.000269734 | gnorm 0.242 | clip 1.000 | oom 0.000 | loss_scale 32.000 | wall 12234 | train_wall 10191
| epoch 065 | valid on 'valid' subset | loss 6.601 | nll_loss 4.460 | ppl 22.01 | num_updates 54978 | best_loss 6.60089
| WARNING: overflow detected, setting loss scale to: 32.0
| epoch 066 | loss 5.274 | nll_loss 3.131 | ppl 8.76 | wps 37578 | ups 5 | wpb 8346.955 | bsz 763.311 | num_updates 55823 | lr 0.000267685 | gnorm 0.241 | clip 1.000 | oom 0.000 | loss_scale 32.000 | wall 12423 | train_wall 10348
| epoch 066 | valid on 'valid' subset | loss 6.595 | nll_loss 4.451 | ppl 21.88 | num_updates 55823 | best_loss 6.5949
| epoch 067 | loss 5.271 | nll_loss 3.128 | ppl 8.74 | wps 37627 | ups 5 | wpb 8345.820 | bsz 764.404 | num_updates 56669 | lr 0.000265679 | gnorm 0.243 | clip 1.000 | oom 0.000 | loss_scale 32.000 | wall 12611 | train_wall 10506
| epoch 067 | valid on 'valid' subset | loss 6.600 | nll_loss 4.460 | ppl 22.01 | num_updates 56669 | best_loss 6.60019
| epoch 068 | loss 5.268 | nll_loss 3.123 | ppl 8.71 | wps 37945 | ups 5 | wpb 8345.820 | bsz 764.404 | num_updates 57515 | lr 0.000263718 | gnorm 0.242 | clip 1.000 | oom 0.000 | loss_scale 32.000 | wall 12798 | train_wall 10662
| epoch 068 | valid on 'valid' subset | loss 6.575 | nll_loss 4.417 | ppl 21.36 | num_updates 57515 | best_loss 6.57453
| epoch 069 | loss 5.265 | nll_loss 3.120 | ppl 8.69 | wps 37667 | ups 5 | wpb 8345.820 | bsz 764.404 | num_updates 58361 | lr 0.000261799 | gnorm 0.244 | clip 1.000 | oom 0.000 | loss_scale 32.000 | wall 12987 | train_wall 10819
| epoch 069 | valid on 'valid' subset | loss 6.594 | nll_loss 4.445 | ppl 21.79 | num_updates 58361 | best_loss 6.59396
| epoch 070 | loss 5.263 | nll_loss 3.117 | ppl 8.67 | wps 37853 | ups 5 | wpb 8345.820 | bsz 764.404 | num_updates 59207 | lr 0.000259922 | gnorm 0.243 | clip 1.000 | oom 0.000 | loss_scale 32.000 | wall 13174 | train_wall 10976
| epoch 070 | valid on 'valid' subset | loss 6.569 | nll_loss 4.411 | ppl 21.28 | num_updates 59207 | best_loss 6.56913
| saved checkpoint ./checkpoints/2020-05-28T20-02-04-00-exp27-bpe2500-si-052720-seed13-nonjoint/checkpoints_en_si/checkpoint70.pt (epoch 70 @ 59207 updates) (writing took 1.0373609066009521 seconds)
| epoch 071 | loss 5.260 | nll_loss 3.114 | ppl 8.65 | wps 37606 | ups 5 | wpb 8345.820 | bsz 764.404 | num_updates 60053 | lr 0.000258085 | gnorm 0.245 | clip 1.000 | oom 0.000 | loss_scale 64.000 | wall 13364 | train_wall 11133
| epoch 071 | valid on 'valid' subset | loss 6.555 | nll_loss 4.397 | ppl 21.06 | num_updates 60053 | best_loss 6.55531
| WARNING: overflow detected, setting loss scale to: 32.0
| epoch 072 | loss 5.258 | nll_loss 3.111 | ppl 8.64 | wps 37509 | ups 4 | wpb 8346.570 | bsz 763.501 | num_updates 60898 | lr 0.000256288 | gnorm 0.244 | clip 1.000 | oom 0.000 | loss_scale 32.000 | wall 13553 | train_wall 11290
| epoch 072 | valid on 'valid' subset | loss 6.585 | nll_loss 4.439 | ppl 21.69 | num_updates 60898 | best_loss 6.56913
| epoch 073 | loss 5.255 | nll_loss 3.107 | ppl 8.62 | wps 37788 | ups 5 | wpb 8345.820 | bsz 764.404 | num_updates 61744 | lr 0.000254526 | gnorm 0.245 | clip 1.000 | oom 0.000 | loss_scale 32.000 | wall 13741 | train_wall 11446
| epoch 073 | valid on 'valid' subset | loss 6.568 | nll_loss 4.408 | ppl 21.22 | num_updates 61744 | best_loss 6.56841
| epoch 074 | loss 5.253 | nll_loss 3.104 | ppl 8.6 | wps 37719 | ups 5 | wpb 8345.820 | bsz 764.404 | num_updates 62590 | lr 0.0002528 | gnorm 0.245 | clip 1.000 | oom 0.000 | loss_scale 32.000 | wall 13929 | train_wall 11604
| epoch 074 | valid on 'valid' subset | loss 6.569 | nll_loss 4.410 | ppl 21.26 | num_updates 62590 | best_loss 6.56881
| epoch 075 | loss 5.251 | nll_loss 3.101 | ppl 8.58 | wps 37675 | ups 5 | wpb 8345.820 | bsz 764.404 | num_updates 63436 | lr 0.000251109 | gnorm 0.244 | clip 1.000 | oom 0.000 | loss_scale 32.000 | wall 14117 | train_wall 11761
| epoch 075 | valid on 'valid' subset | loss 6.569 | nll_loss 4.424 | ppl 21.46 | num_updates 63436 | best_loss 6.56913
| epoch 076 | loss 5.247 | nll_loss 3.097 | ppl 8.55 | wps 38039 | ups 5 | wpb 8345.820 | bsz 764.404 | num_updates 64282 | lr 0.000249451 | gnorm 0.245 | clip 1.000 | oom 0.000 | loss_scale 32.000 | wall 14304 | train_wall 11918
| epoch 076 | valid on 'valid' subset | loss 6.547 | nll_loss 4.381 | ppl 20.84 | num_updates 64282 | best_loss 6.54743
| epoch 077 | loss 5.245 | nll_loss 3.094 | ppl 8.54 | wps 37578 | ups 5 | wpb 8345.820 | bsz 764.404 | num_updates 65128 | lr 0.000247826 | gnorm 0.247 | clip 1.000 | oom 0.000 | loss_scale 64.000 | wall 14493 | train_wall 12075
| epoch 077 | valid on 'valid' subset | loss 6.560 | nll_loss 4.410 | ppl 21.27 | num_updates 65128 | best_loss 6.56029
| epoch 078 | loss 5.243 | nll_loss 3.091 | ppl 8.52 | wps 37515 | ups 4 | wpb 8345.820 | bsz 764.404 | num_updates 65974 | lr 0.000246231 | gnorm 0.245 | clip 1.000 | oom 0.000 | loss_scale 64.000 | wall 14682 | train_wall 12233
| epoch 078 | valid on 'valid' subset | loss 6.572 | nll_loss 4.418 | ppl 21.38 | num_updates 65974 | best_loss 6.56913
| epoch 079 | loss 5.241 | nll_loss 3.089 | ppl 8.51 | wps 37688 | ups 5 | wpb 8345.820 | bsz 764.404 | num_updates 66820 | lr 0.000244668 | gnorm 0.245 | clip 1.000 | oom 0.000 | loss_scale 64.000 | wall 14870 | train_wall 12390
| epoch 079 | valid on 'valid' subset | loss 6.572 | nll_loss 4.430 | ppl 21.56 | num_updates 66820 | best_loss 6.56913
| epoch 080 | loss 5.239 | nll_loss 3.085 | ppl 8.49 | wps 37570 | ups 5 | wpb 8345.820 | bsz 764.404 | num_updates 67666 | lr 0.000243133 | gnorm 0.246 | clip 1.000 | oom 0.000 | loss_scale 64.000 | wall 15059 | train_wall 12547
| epoch 080 | valid on 'valid' subset | loss 6.553 | nll_loss 4.393 | ppl 21.01 | num_updates 67666 | best_loss 6.55294
| saved checkpoint ./checkpoints/2020-05-28T20-02-04-00-exp27-bpe2500-si-052720-seed13-nonjoint/checkpoints_en_si/checkpoint80.pt (epoch 80 @ 67666 updates) (writing took 0.9956459999084473 seconds)
| epoch 081 | loss 5.237 | nll_loss 3.084 | ppl 8.48 | wps 38103 | ups 5 | wpb 8345.820 | bsz 764.404 | num_updates 68512 | lr 0.000241628 | gnorm 0.248 | clip 1.000 | oom 0.000 | loss_scale 128.000 | wall 15246 | train_wall 12703
| epoch 081 | valid on 'valid' subset | loss 6.556 | nll_loss 4.408 | ppl 21.22 | num_updates 68512 | best_loss 6.55294
| WARNING: overflow detected, setting loss scale to: 64.0
| epoch 082 | loss 5.234 | nll_loss 3.080 | ppl 8.45 | wps 37883 | ups 5 | wpb 8342.678 | bsz 764.589 | num_updates 69357 | lr 0.000240151 | gnorm 0.247 | clip 1.000 | oom 0.000 | loss_scale 64.000 | wall 15434 | train_wall 12859
| epoch 082 | valid on 'valid' subset | loss 6.558 | nll_loss 4.407 | ppl 21.21 | num_updates 69357 | best_loss 6.55294
| WARNING: overflow detected, setting loss scale to: 32.0
| epoch 083 | loss 5.233 | nll_loss 3.078 | ppl 8.45 | wps 37595 | ups 5 | wpb 8346.860 | bsz 763.217 | num_updates 70202 | lr 0.000238702 | gnorm 0.248 | clip 1.000 | oom 0.000 | loss_scale 32.000 | wall 15622 | train_wall 13016
| epoch 083 | valid on 'valid' subset | loss 6.564 | nll_loss 4.410 | ppl 21.26 | num_updates 70202 | best_loss 6.55294
| epoch 084 | loss 5.231 | nll_loss 3.075 | ppl 8.43 | wps 37758 | ups 5 | wpb 8345.820 | bsz 764.404 | num_updates 71048 | lr 0.000237276 | gnorm 0.247 | clip 1.000 | oom 0.000 | loss_scale 32.000 | wall 15810 | train_wall 13173
| epoch 084 | valid on 'valid' subset | loss 6.570 | nll_loss 4.425 | ppl 21.48 | num_updates 71048 | best_loss 6.55294
| epoch 085 | loss 5.228 | nll_loss 3.072 | ppl 8.41 | wps 37815 | ups 5 | wpb 8345.820 | bsz 764.404 | num_updates 71894 | lr 0.000235876 | gnorm 0.246 | clip 1.000 | oom 0.000 | loss_scale 32.000 | wall 15998 | train_wall 13330
| epoch 085 | valid on 'valid' subset | loss 6.552 | nll_loss 4.399 | ppl 21.1 | num_updates 71894 | best_loss 6.55227
| epoch 086 | loss 5.226 | nll_loss 3.070 | ppl 8.4 | wps 37783 | ups 5 | wpb 8345.820 | bsz 764.404 | num_updates 72740 | lr 0.0002345 | gnorm 0.247 | clip 1.000 | oom 0.000 | loss_scale 32.000 | wall 16186 | train_wall 13487
| epoch 086 | valid on 'valid' subset | loss 6.530 | nll_loss 4.364 | ppl 20.6 | num_updates 72740 | best_loss 6.53047
| epoch 087 | loss 5.225 | nll_loss 3.068 | ppl 8.38 | wps 37497 | ups 4 | wpb 8345.820 | bsz 764.404 | num_updates 73586 | lr 0.000233148 | gnorm 0.248 | clip 1.000 | oom 0.000 | loss_scale 64.000 | wall 16375 | train_wall 13645
| epoch 087 | valid on 'valid' subset | loss 6.533 | nll_loss 4.375 | ppl 20.76 | num_updates 73586 | best_loss 6.53308
| WARNING: overflow detected, setting loss scale to: 32.0
| epoch 088 | loss 5.222 | nll_loss 3.065 | ppl 8.37 | wps 37854 | ups 5 | wpb 8348.531 | bsz 763.728 | num_updates 74431 | lr 0.000231821 | gnorm 0.247 | clip 1.000 | oom 0.000 | loss_scale 32.000 | wall 16562 | train_wall 13801
| epoch 088 | valid on 'valid' subset | loss 6.564 | nll_loss 4.415 | ppl 21.33 | num_updates 74431 | best_loss 6.55294
| epoch 089 | loss 5.220 | nll_loss 3.061 | ppl 8.35 | wps 37641 | ups 5 | wpb 8345.820 | bsz 764.404 | num_updates 75277 | lr 0.000230515 | gnorm 0.247 | clip 1.000 | oom 0.000 | loss_scale 32.000 | wall 16751 | train_wall 13958
| epoch 089 | valid on 'valid' subset | loss 6.533 | nll_loss 4.376 | ppl 20.77 | num_updates 75277 | best_loss 6.53266
| epoch 090 | loss 5.219 | nll_loss 3.060 | ppl 8.34 | wps 37717 | ups 5 | wpb 8345.820 | bsz 764.404 | num_updates 76123 | lr 0.00022923 | gnorm 0.250 | clip 1.000 | oom 0.000 | loss_scale 32.000 | wall 16939 | train_wall 14115
| epoch 090 | valid on 'valid' subset | loss 6.565 | nll_loss 4.416 | ppl 21.34 | num_updates 76123 | best_loss 6.55294
| saved checkpoint ./checkpoints/2020-05-28T20-02-04-00-exp27-bpe2500-si-052720-seed13-nonjoint/checkpoints_en_si/checkpoint90.pt (epoch 90 @ 76123 updates) (writing took 0.6222469806671143 seconds)
| epoch 091 | loss 5.217 | nll_loss 3.057 | ppl 8.32 | wps 37791 | ups 5 | wpb 8345.820 | bsz 764.404 | num_updates 76969 | lr 0.000227967 | gnorm 0.249 | clip 1.000 | oom 0.000 | loss_scale 32.000 | wall 17127 | train_wall 14272
| epoch 091 | valid on 'valid' subset | loss 6.535 | nll_loss 4.376 | ppl 20.77 | num_updates 76969 | best_loss 6.53516
| epoch 092 | loss 5.214 | nll_loss 3.054 | ppl 8.31 | wps 37694 | ups 5 | wpb 8345.820 | bsz 764.404 | num_updates 77815 | lr 0.000226724 | gnorm 0.248 | clip 1.000 | oom 0.000 | loss_scale 32.000 | wall 17316 | train_wall 14429
| epoch 092 | valid on 'valid' subset | loss 6.529 | nll_loss 4.365 | ppl 20.6 | num_updates 77815 | best_loss 6.52895
| epoch 093 | loss 5.213 | nll_loss 3.052 | ppl 8.29 | wps 37510 | ups 4 | wpb 8345.820 | bsz 764.404 | num_updates 78661 | lr 0.000225502 | gnorm 0.249 | clip 1.000 | oom 0.000 | loss_scale 64.000 | wall 17505 | train_wall 14586
| epoch 093 | valid on 'valid' subset | loss 6.524 | nll_loss 4.362 | ppl 20.56 | num_updates 78661 | best_loss 6.52375
| epoch 094 | loss 5.211 | nll_loss 3.050 | ppl 8.28 | wps 37525 | ups 4 | wpb 8345.820 | bsz 764.404 | num_updates 79507 | lr 0.000224299 | gnorm 0.249 | clip 1.000 | oom 0.000 | loss_scale 64.000 | wall 17694 | train_wall 14743
| epoch 094 | valid on 'valid' subset | loss 6.554 | nll_loss 4.411 | ppl 21.27 | num_updates 79507 | best_loss 6.55294
| epoch 095 | loss 5.210 | nll_loss 3.048 | ppl 8.27 | wps 37649 | ups 5 | wpb 8345.820 | bsz 764.404 | num_updates 80353 | lr 0.000223115 | gnorm 0.251 | clip 1.000 | oom 0.000 | loss_scale 64.000 | wall 17883 | train_wall 14901
| epoch 095 | valid on 'valid' subset | loss 6.518 | nll_loss 4.353 | ppl 20.43 | num_updates 80353 | best_loss 6.51794
| epoch 096 | loss 5.208 | nll_loss 3.046 | ppl 8.26 | wps 37582 | ups 5 | wpb 8345.820 | bsz 764.404 | num_updates 81199 | lr 0.00022195 | gnorm 0.251 | clip 1.000 | oom 0.000 | loss_scale 64.000 | wall 18071 | train_wall 15058
| epoch 096 | valid on 'valid' subset | loss 6.530 | nll_loss 4.369 | ppl 20.66 | num_updates 81199 | best_loss 6.52972
| epoch 097 | loss 5.206 | nll_loss 3.044 | ppl 8.25 | wps 38102 | ups 5 | wpb 8345.820 | bsz 764.404 | num_updates 82045 | lr 0.000220802 | gnorm 0.250 | clip 1.000 | oom 0.000 | loss_scale 64.000 | wall 18258 | train_wall 15213
| epoch 097 | valid on 'valid' subset | loss 6.535 | nll_loss 4.379 | ppl 20.81 | num_updates 82045 | best_loss 6.53475
| WARNING: overflow detected, setting loss scale to: 64.0
| epoch 098 | loss 5.204 | nll_loss 3.041 | ppl 8.23 | wps 37503 | ups 4 | wpb 8344.677 | bsz 764.438 | num_updates 82890 | lr 0.000219674 | gnorm 0.250 | clip 1.000 | oom 0.000 | loss_scale 64.000 | wall 18447 | train_wall 15371
| epoch 098 | valid on 'valid' subset | loss 6.547 | nll_loss 4.395 | ppl 21.03 | num_updates 82890 | best_loss 6.54692
| epoch 099 | loss 5.203 | nll_loss 3.039 | ppl 8.22 | wps 37777 | ups 5 | wpb 8345.820 | bsz 764.404 | num_updates 83736 | lr 0.000218562 | gnorm 0.250 | clip 1.000 | oom 0.000 | loss_scale 64.000 | wall 18635 | train_wall 15527
| epoch 099 | valid on 'valid' subset | loss 6.530 | nll_loss 4.369 | ppl 20.67 | num_updates 83736 | best_loss 6.53003
| epoch 100 | loss 5.201 | nll_loss 3.037 | ppl 8.21 | wps 37650 | ups 5 | wpb 8345.820 | bsz 764.404 | num_updates 84582 | lr 0.000217466 | gnorm 0.251 | clip 1.000 | oom 0.000 | loss_scale 64.000 | wall 18823 | train_wall 15684
| epoch 100 | valid on 'valid' subset | loss 6.532 | nll_loss 4.378 | ppl 20.79 | num_updates 84582 | best_loss 6.53203
| saved checkpoint ./checkpoints/2020-05-28T20-02-04-00-exp27-bpe2500-si-052720-seed13-nonjoint/checkpoints_en_si/checkpoint100.pt (epoch 100 @ 84582 updates) (writing took 0.9886128902435303 seconds)
| done training in 18819.8 seconds
Done training.
Time at end: Fri May 29 06:38:41 EDT 2020
