================ FLORES BASELINE WITH CLIP_NORM=0.1, BPE=7500 AND SEED=10  ================
About to train the supervised for the following language pair: EN-NE
Checkpoint directory unset! Setting to default value...
CHECKPOINT_DIR is set to './checkpoints/2020-04-06T09-59-04-00-exp25-bpe7500-seed10/checkpoints_en_ne'
Creating checkpoint directory if it doesn't exist...
Data folder is: data-bin/wiki_ne_en_bpe7500/
Beginning training...
Time at beginning: Mon Apr 6 13:25:41 EDT 2020
Namespace(activation_dropout=0.2, activation_fn='relu', adam_betas='(0.9, 0.98)', adam_eps=1e-08, adaptive_input=False, adaptive_softmax_cutoff=None, adaptive_softmax_dropout=0, arch='transformer', attention_dropout=0.2, best_checkpoint_metric='loss', bpe=None, bucket_cap_mb=25, clip_norm=0.1, cpu=False, criterion='label_smoothed_cross_entropy', cross_self_attention=False, curriculum=0, data='data-bin/wiki_ne_en_bpe7500/', dataset_impl=None, ddp_backend='c10d', decoder_attention_heads=2, decoder_embed_dim=512, decoder_embed_path=None, decoder_ffn_embed_dim=2048, decoder_input_dim=512, decoder_layerdrop=0, decoder_layers=5, decoder_layers_to_keep=None, decoder_learned_pos=False, decoder_normalize_before=True, decoder_output_dim=512, device_id=0, disable_validation=False, distributed_backend='nccl', distributed_init_method=None, distributed_no_spawn=False, distributed_port=-1, distributed_rank=0, distributed_world_size=1, dropout=0.4, empty_cache_freq=0, encoder_attention_heads=2, encoder_embed_dim=512, encoder_embed_path=None, encoder_ffn_embed_dim=2048, encoder_layerdrop=0, encoder_layers=5, encoder_layers_to_keep=None, encoder_learned_pos=False, encoder_normalize_before=True, fast_stat_sync=False, find_unused_parameters=False, fix_batches_to_gpus=False, fixed_validation_seed=None, fp16=True, fp16_init_scale=128, fp16_scale_tolerance=0.0, fp16_scale_window=None, keep_interval_updates=-1, keep_last_epochs=-1, label_smoothing=0.2, layer_wise_attention=False, layernorm_embedding=False, lazy_load=False, left_pad_source='True', left_pad_target='False', load_alignments=False, log_format=None, log_interval=1000, lr=[0.001], lr_scheduler='inverse_sqrt', max_epoch=100, max_sentences=None, max_sentences_valid=None, max_source_positions=1024, max_target_positions=1024, max_tokens=4000, max_tokens_valid=4000, max_update=0, maximize_best_checkpoint_metric=False, memory_efficient_fp16=False, min_loss_scale=0.0001, min_lr=1e-09, no_cross_attention=False, no_epoch_checkpoints=False, no_last_checkpoints=False, no_progress_bar=False, no_save=False, no_save_optimizer_state=False, no_scale_embedding=False, no_token_positional_embeddings=False, num_workers=1, optimizer='adam', optimizer_overrides='{}', raw_text=False, required_batch_size_multiple=8, reset_dataloader=False, reset_lr_scheduler=False, reset_meters=False, reset_optimizer=False, restore_file='checkpoint_last.pt', save_dir='./checkpoints/2020-04-06T09-59-04-00-exp25-bpe7500-seed10/checkpoints_en_ne', save_interval=10, save_interval_updates=0, seed=10, sentence_avg=False, share_all_embeddings=True, share_decoder_input_output_embed=False, skip_invalid_size_inputs_valid_test=False, source_lang='en', target_lang='ne', task='translation', tensorboard_logdir='', threshold_loss_scale=None, tokenizer=None, train_subset='train', truncate_source=False, update_freq=[4], upsample_primary=1, use_bmuf=False, user_dir=None, valid_subset='valid', validate_interval=1, warmup_init_lr=1e-07, warmup_updates=4000, weight_decay=0.0001)
| [en] dictionary: 7496 types
| [ne] dictionary: 7496 types
| loaded 2559 examples from: data-bin/wiki_ne_en_bpe7500/valid.ne-en.en
| loaded 2559 examples from: data-bin/wiki_ne_en_bpe7500/valid.ne-en.ne
| data-bin/wiki_ne_en_bpe7500/ valid en-ne 2559 examples
TransformerModel(
  (encoder): TransformerEncoder(
    (embed_tokens): Embedding(7496, 512, padding_idx=1)
    (embed_positions): SinusoidalPositionalEmbedding()
    (layers): ModuleList(
      (0): TransformerEncoderLayer(
        (self_attn): MultiheadAttention(
          (k_proj): Linear(in_features=512, out_features=512, bias=True)
          (v_proj): Linear(in_features=512, out_features=512, bias=True)
          (q_proj): Linear(in_features=512, out_features=512, bias=True)
          (out_proj): Linear(in_features=512, out_features=512, bias=True)
        )
        (self_attn_layer_norm): LayerNorm((512,), eps=1e-05, elementwise_affine=True)
        (fc1): Linear(in_features=512, out_features=2048, bias=True)
        (fc2): Linear(in_features=2048, out_features=512, bias=True)
        (final_layer_norm): LayerNorm((512,), eps=1e-05, elementwise_affine=True)
      )
      (1): TransformerEncoderLayer(
        (self_attn): MultiheadAttention(
          (k_proj): Linear(in_features=512, out_features=512, bias=True)
          (v_proj): Linear(in_features=512, out_features=512, bias=True)
          (q_proj): Linear(in_features=512, out_features=512, bias=True)
          (out_proj): Linear(in_features=512, out_features=512, bias=True)
        )
        (self_attn_layer_norm): LayerNorm((512,), eps=1e-05, elementwise_affine=True)
        (fc1): Linear(in_features=512, out_features=2048, bias=True)
        (fc2): Linear(in_features=2048, out_features=512, bias=True)
        (final_layer_norm): LayerNorm((512,), eps=1e-05, elementwise_affine=True)
      )
      (2): TransformerEncoderLayer(
        (self_attn): MultiheadAttention(
          (k_proj): Linear(in_features=512, out_features=512, bias=True)
          (v_proj): Linear(in_features=512, out_features=512, bias=True)
          (q_proj): Linear(in_features=512, out_features=512, bias=True)
          (out_proj): Linear(in_features=512, out_features=512, bias=True)
        )
        (self_attn_layer_norm): LayerNorm((512,), eps=1e-05, elementwise_affine=True)
        (fc1): Linear(in_features=512, out_features=2048, bias=True)
        (fc2): Linear(in_features=2048, out_features=512, bias=True)
        (final_layer_norm): LayerNorm((512,), eps=1e-05, elementwise_affine=True)
      )
      (3): TransformerEncoderLayer(
        (self_attn): MultiheadAttention(
          (k_proj): Linear(in_features=512, out_features=512, bias=True)
          (v_proj): Linear(in_features=512, out_features=512, bias=True)
          (q_proj): Linear(in_features=512, out_features=512, bias=True)
          (out_proj): Linear(in_features=512, out_features=512, bias=True)
        )
        (self_attn_layer_norm): LayerNorm((512,), eps=1e-05, elementwise_affine=True)
        (fc1): Linear(in_features=512, out_features=2048, bias=True)
        (fc2): Linear(in_features=2048, out_features=512, bias=True)
        (final_layer_norm): LayerNorm((512,), eps=1e-05, elementwise_affine=True)
      )
      (4): TransformerEncoderLayer(
        (self_attn): MultiheadAttention(
          (k_proj): Linear(in_features=512, out_features=512, bias=True)
          (v_proj): Linear(in_features=512, out_features=512, bias=True)
          (q_proj): Linear(in_features=512, out_features=512, bias=True)
          (out_proj): Linear(in_features=512, out_features=512, bias=True)
        )
        (self_attn_layer_norm): LayerNorm((512,), eps=1e-05, elementwise_affine=True)
        (fc1): Linear(in_features=512, out_features=2048, bias=True)
        (fc2): Linear(in_features=2048, out_features=512, bias=True)
        (final_layer_norm): LayerNorm((512,), eps=1e-05, elementwise_affine=True)
      )
    )
    (layer_norm): LayerNorm((512,), eps=1e-05, elementwise_affine=True)
  )
  (decoder): TransformerDecoder(
    (embed_tokens): Embedding(7496, 512, padding_idx=1)
    (embed_positions): SinusoidalPositionalEmbedding()
    (layers): ModuleList(
      (0): TransformerDecoderLayer(
        (self_attn): MultiheadAttention(
          (k_proj): Linear(in_features=512, out_features=512, bias=True)
          (v_proj): Linear(in_features=512, out_features=512, bias=True)
          (q_proj): Linear(in_features=512, out_features=512, bias=True)
          (out_proj): Linear(in_features=512, out_features=512, bias=True)
        )
        (self_attn_layer_norm): LayerNorm((512,), eps=1e-05, elementwise_affine=True)
        (encoder_attn): MultiheadAttention(
          (k_proj): Linear(in_features=512, out_features=512, bias=True)
          (v_proj): Linear(in_features=512, out_features=512, bias=True)
          (q_proj): Linear(in_features=512, out_features=512, bias=True)
          (out_proj): Linear(in_features=512, out_features=512, bias=True)
        )
        (encoder_attn_layer_norm): LayerNorm((512,), eps=1e-05, elementwise_affine=True)
        (fc1): Linear(in_features=512, out_features=2048, bias=True)
        (fc2): Linear(in_features=2048, out_features=512, bias=True)
        (final_layer_norm): LayerNorm((512,), eps=1e-05, elementwise_affine=True)
      )
      (1): TransformerDecoderLayer(
        (self_attn): MultiheadAttention(
          (k_proj): Linear(in_features=512, out_features=512, bias=True)
          (v_proj): Linear(in_features=512, out_features=512, bias=True)
          (q_proj): Linear(in_features=512, out_features=512, bias=True)
          (out_proj): Linear(in_features=512, out_features=512, bias=True)
        )
        (self_attn_layer_norm): LayerNorm((512,), eps=1e-05, elementwise_affine=True)
        (encoder_attn): MultiheadAttention(
          (k_proj): Linear(in_features=512, out_features=512, bias=True)
          (v_proj): Linear(in_features=512, out_features=512, bias=True)
          (q_proj): Linear(in_features=512, out_features=512, bias=True)
          (out_proj): Linear(in_features=512, out_features=512, bias=True)
        )
        (encoder_attn_layer_norm): LayerNorm((512,), eps=1e-05, elementwise_affine=True)
        (fc1): Linear(in_features=512, out_features=2048, bias=True)
        (fc2): Linear(in_features=2048, out_features=512, bias=True)
        (final_layer_norm): LayerNorm((512,), eps=1e-05, elementwise_affine=True)
      )
      (2): TransformerDecoderLayer(
        (self_attn): MultiheadAttention(
          (k_proj): Linear(in_features=512, out_features=512, bias=True)
          (v_proj): Linear(in_features=512, out_features=512, bias=True)
          (q_proj): Linear(in_features=512, out_features=512, bias=True)
          (out_proj): Linear(in_features=512, out_features=512, bias=True)
        )
        (self_attn_layer_norm): LayerNorm((512,), eps=1e-05, elementwise_affine=True)
        (encoder_attn): MultiheadAttention(
          (k_proj): Linear(in_features=512, out_features=512, bias=True)
          (v_proj): Linear(in_features=512, out_features=512, bias=True)
          (q_proj): Linear(in_features=512, out_features=512, bias=True)
          (out_proj): Linear(in_features=512, out_features=512, bias=True)
        )
        (encoder_attn_layer_norm): LayerNorm((512,), eps=1e-05, elementwise_affine=True)
        (fc1): Linear(in_features=512, out_features=2048, bias=True)
        (fc2): Linear(in_features=2048, out_features=512, bias=True)
        (final_layer_norm): LayerNorm((512,), eps=1e-05, elementwise_affine=True)
      )
      (3): TransformerDecoderLayer(
        (self_attn): MultiheadAttention(
          (k_proj): Linear(in_features=512, out_features=512, bias=True)
          (v_proj): Linear(in_features=512, out_features=512, bias=True)
          (q_proj): Linear(in_features=512, out_features=512, bias=True)
          (out_proj): Linear(in_features=512, out_features=512, bias=True)
        )
        (self_attn_layer_norm): LayerNorm((512,), eps=1e-05, elementwise_affine=True)
        (encoder_attn): MultiheadAttention(
          (k_proj): Linear(in_features=512, out_features=512, bias=True)
          (v_proj): Linear(in_features=512, out_features=512, bias=True)
          (q_proj): Linear(in_features=512, out_features=512, bias=True)
          (out_proj): Linear(in_features=512, out_features=512, bias=True)
        )
        (encoder_attn_layer_norm): LayerNorm((512,), eps=1e-05, elementwise_affine=True)
        (fc1): Linear(in_features=512, out_features=2048, bias=True)
        (fc2): Linear(in_features=2048, out_features=512, bias=True)
        (final_layer_norm): LayerNorm((512,), eps=1e-05, elementwise_affine=True)
      )
      (4): TransformerDecoderLayer(
        (self_attn): MultiheadAttention(
          (k_proj): Linear(in_features=512, out_features=512, bias=True)
          (v_proj): Linear(in_features=512, out_features=512, bias=True)
          (q_proj): Linear(in_features=512, out_features=512, bias=True)
          (out_proj): Linear(in_features=512, out_features=512, bias=True)
        )
        (self_attn_layer_norm): LayerNorm((512,), eps=1e-05, elementwise_affine=True)
        (encoder_attn): MultiheadAttention(
          (k_proj): Linear(in_features=512, out_features=512, bias=True)
          (v_proj): Linear(in_features=512, out_features=512, bias=True)
          (q_proj): Linear(in_features=512, out_features=512, bias=True)
          (out_proj): Linear(in_features=512, out_features=512, bias=True)
        )
        (encoder_attn_layer_norm): LayerNorm((512,), eps=1e-05, elementwise_affine=True)
        (fc1): Linear(in_features=512, out_features=2048, bias=True)
        (fc2): Linear(in_features=2048, out_features=512, bias=True)
        (final_layer_norm): LayerNorm((512,), eps=1e-05, elementwise_affine=True)
      )
    )
    (layer_norm): LayerNorm((512,), eps=1e-05, elementwise_affine=True)
  )
)
| model transformer, criterion LabelSmoothedCrossEntropyCriterion
| num. model params: 40622080 (num. trained: 40622080)
| training on 1 GPUs
| max tokens per GPU = 4000 and max sentences per GPU = None
| no existing checkpoint found ./checkpoints/2020-04-06T09-59-04-00-exp25-bpe7500-seed10/checkpoints_en_ne/checkpoint_last.pt
| loading train data for epoch 0
| loaded 563820 examples from: data-bin/wiki_ne_en_bpe7500/train.ne-en.en
| loaded 563820 examples from: data-bin/wiki_ne_en_bpe7500/train.ne-en.ne
| data-bin/wiki_ne_en_bpe7500/ train en-ne 563820 examples
| WARNING: overflow detected, setting loss scale to: 64.0
| WARNING: overflow detected, setting loss scale to: 32.0
| WARNING: overflow detected, setting loss scale to: 16.0
| WARNING: overflow detected, setting loss scale to: 8.0
| epoch 001 | loss 11.119 | nll_loss 10.391 | ppl 1343.15 | wps 53845 | ups 4 | wpb 13131.760 | bsz 1067.539 | num_updates 521 | lr 0.000130337 | gnorm 1.039 | clip 1.000 | oom 0.000 | loss_scale 8.000 | wall 127 | train_wall 95
| epoch 001 | valid on 'valid' subset | loss 10.876 | nll_loss 9.959 | ppl 995.59 | num_updates 521
| epoch 002 | loss 9.425 | nll_loss 8.114 | ppl 276.97 | wps 56378 | ups 4 | wpb 13138.522 | bsz 1073.943 | num_updates 1046 | lr 0.000261574 | gnorm 0.688 | clip 1.000 | oom 0.000 | loss_scale 8.000 | wall 250 | train_wall 189
| epoch 002 | valid on 'valid' subset | loss 10.070 | nll_loss 8.801 | ppl 446 | num_updates 1046
| epoch 003 | loss 8.241 | nll_loss 6.528 | ppl 92.31 | wps 56534 | ups 4 | wpb 13138.522 | bsz 1073.943 | num_updates 1571 | lr 0.000392811 | gnorm 0.560 | clip 1.000 | oom 0.000 | loss_scale 8.000 | wall 373 | train_wall 285
| epoch 003 | valid on 'valid' subset | loss 9.685 | nll_loss 8.198 | ppl 293.73 | num_updates 1571
| epoch 004 | loss 7.514 | nll_loss 5.556 | ppl 47.04 | wps 57185 | ups 4 | wpb 13138.522 | bsz 1073.943 | num_updates 2096 | lr 0.000524048 | gnorm 0.509 | clip 1.000 | oom 0.000 | loss_scale 8.000 | wall 494 | train_wall 379
| epoch 004 | valid on 'valid' subset | loss 9.406 | nll_loss 7.821 | ppl 226.19 | num_updates 2096
| epoch 005 | loss 7.081 | nll_loss 4.984 | ppl 31.65 | wps 56212 | ups 4 | wpb 13138.522 | bsz 1073.943 | num_updates 2621 | lr 0.000655284 | gnorm 0.469 | clip 1.000 | oom 0.000 | loss_scale 8.000 | wall 618 | train_wall 475
| epoch 005 | valid on 'valid' subset | loss 9.262 | nll_loss 7.629 | ppl 197.89 | num_updates 2621
| epoch 006 | loss 6.789 | nll_loss 4.600 | ppl 24.25 | wps 56531 | ups 4 | wpb 13138.522 | bsz 1073.943 | num_updates 3146 | lr 0.000786521 | gnorm 0.434 | clip 1.000 | oom 0.000 | loss_scale 8.000 | wall 740 | train_wall 570
| epoch 006 | valid on 'valid' subset | loss 9.122 | nll_loss 7.419 | ppl 171.16 | num_updates 3146
| epoch 007 | loss 6.587 | nll_loss 4.337 | ppl 20.22 | wps 57309 | ups 4 | wpb 13138.522 | bsz 1073.943 | num_updates 3671 | lr 0.000917758 | gnorm 0.406 | clip 1.000 | oom 0.000 | loss_scale 8.000 | wall 861 | train_wall 664
| epoch 007 | valid on 'valid' subset | loss 9.037 | nll_loss 7.309 | ppl 158.58 | num_updates 3671
| epoch 008 | loss 6.429 | nll_loss 4.132 | ppl 17.53 | wps 56702 | ups 4 | wpb 13138.522 | bsz 1073.943 | num_updates 4196 | lr 0.000976365 | gnorm 0.371 | clip 1.000 | oom 0.000 | loss_scale 8.000 | wall 984 | train_wall 758
| epoch 008 | valid on 'valid' subset | loss 8.884 | nll_loss 7.090 | ppl 136.28 | num_updates 4196
| epoch 009 | loss 6.273 | nll_loss 3.932 | ppl 15.26 | wps 56557 | ups 4 | wpb 13138.522 | bsz 1073.943 | num_updates 4721 | lr 0.000920477 | gnorm 0.339 | clip 1.000 | oom 0.000 | loss_scale 16.000 | wall 1106 | train_wall 852
| epoch 009 | valid on 'valid' subset | loss 8.795 | nll_loss 6.961 | ppl 124.61 | num_updates 4721
| epoch 010 | loss 6.139 | nll_loss 3.760 | ppl 13.55 | wps 56299 | ups 4 | wpb 13138.522 | bsz 1073.943 | num_updates 5246 | lr 0.000873204 | gnorm 0.317 | clip 1.000 | oom 0.000 | loss_scale 16.000 | wall 1229 | train_wall 947
| epoch 010 | valid on 'valid' subset | loss 8.640 | nll_loss 6.805 | ppl 111.84 | num_updates 5246
| saved checkpoint ./checkpoints/2020-04-06T09-59-04-00-exp25-bpe7500-seed10/checkpoints_en_ne/checkpoint10.pt (epoch 10 @ 5246 updates) (writing took 0.812734842300415 seconds)
| epoch 011 | loss 6.034 | nll_loss 3.624 | ppl 12.33 | wps 55912 | ups 4 | wpb 13138.522 | bsz 1073.943 | num_updates 5771 | lr 0.000832539 | gnorm 0.299 | clip 1.000 | oom 0.000 | loss_scale 16.000 | wall 1354 | train_wall 1042
| epoch 011 | valid on 'valid' subset | loss 8.564 | nll_loss 6.680 | ppl 102.56 | num_updates 5771 | best_loss 8.5637
| epoch 012 | loss 5.948 | nll_loss 3.514 | ppl 11.42 | wps 55844 | ups 4 | wpb 13138.522 | bsz 1073.943 | num_updates 6296 | lr 0.000797072 | gnorm 0.287 | clip 1.000 | oom 0.000 | loss_scale 16.000 | wall 1478 | train_wall 1138
| epoch 012 | valid on 'valid' subset | loss 8.530 | nll_loss 6.632 | ppl 99.15 | num_updates 6296 | best_loss 8.52997
| epoch 013 | loss 5.876 | nll_loss 3.421 | ppl 10.71 | wps 56556 | ups 4 | wpb 13138.522 | bsz 1073.943 | num_updates 6821 | lr 0.000765783 | gnorm 0.279 | clip 1.000 | oom 0.000 | loss_scale 16.000 | wall 1601 | train_wall 1232
| epoch 013 | valid on 'valid' subset | loss 8.467 | nll_loss 6.519 | ppl 91.71 | num_updates 6821 | best_loss 8.4669
| epoch 014 | loss 5.817 | nll_loss 3.346 | ppl 10.17 | wps 56134 | ups 4 | wpb 13138.522 | bsz 1073.943 | num_updates 7346 | lr 0.000737912 | gnorm 0.269 | clip 1.000 | oom 0.000 | loss_scale 16.000 | wall 1725 | train_wall 1328
| epoch 014 | valid on 'valid' subset | loss 8.408 | nll_loss 6.446 | ppl 87.16 | num_updates 7346 | best_loss 8.40837
| epoch 015 | loss 5.766 | nll_loss 3.280 | ppl 9.72 | wps 56374 | ups 4 | wpb 13138.522 | bsz 1073.943 | num_updates 7871 | lr 0.000712878 | gnorm 0.262 | clip 1.000 | oom 0.000 | loss_scale 16.000 | wall 1848 | train_wall 1425
| epoch 015 | valid on 'valid' subset | loss 8.373 | nll_loss 6.410 | ppl 85.02 | num_updates 7871 | best_loss 8.37272
| epoch 016 | loss 5.721 | nll_loss 3.222 | ppl 9.33 | wps 56786 | ups 4 | wpb 13138.522 | bsz 1073.943 | num_updates 8396 | lr 0.00069023 | gnorm 0.260 | clip 1.000 | oom 0.000 | loss_scale 32.000 | wall 1970 | train_wall 1519
| epoch 016 | valid on 'valid' subset | loss 8.359 | nll_loss 6.380 | ppl 83.26 | num_updates 8396 | best_loss 8.35936
| epoch 017 | loss 5.681 | nll_loss 3.171 | ppl 9.01 | wps 56379 | ups 4 | wpb 13138.522 | bsz 1073.943 | num_updates 8921 | lr 0.000669612 | gnorm 0.253 | clip 1.000 | oom 0.000 | loss_scale 32.000 | wall 2093 | train_wall 1616
| epoch 017 | valid on 'valid' subset | loss 8.321 | nll_loss 6.347 | ppl 81.39 | num_updates 8921 | best_loss 8.32136
| epoch 018 | loss 5.646 | nll_loss 3.127 | ppl 8.73 | wps 56259 | ups 4 | wpb 13138.522 | bsz 1073.943 | num_updates 9446 | lr 0.000650738 | gnorm 0.252 | clip 1.000 | oom 0.000 | loss_scale 32.000 | wall 2216 | train_wall 1712
| epoch 018 | valid on 'valid' subset | loss 8.301 | nll_loss 6.321 | ppl 79.96 | num_updates 9446 | best_loss 8.30052
| epoch 019 | loss 5.616 | nll_loss 3.088 | ppl 8.5 | wps 55897 | ups 4 | wpb 13138.522 | bsz 1073.943 | num_updates 9971 | lr 0.000633375 | gnorm 0.250 | clip 1.000 | oom 0.000 | loss_scale 32.000 | wall 2340 | train_wall 1808
| epoch 019 | valid on 'valid' subset | loss 8.296 | nll_loss 6.281 | ppl 77.76 | num_updates 9971 | best_loss 8.29605
| epoch 020 | loss 5.587 | nll_loss 3.051 | ppl 8.29 | wps 56409 | ups 4 | wpb 13138.522 | bsz 1073.943 | num_updates 10496 | lr 0.000617331 | gnorm 0.249 | clip 1.000 | oom 0.000 | loss_scale 32.000 | wall 2463 | train_wall 1905
| epoch 020 | valid on 'valid' subset | loss 8.269 | nll_loss 6.246 | ppl 75.91 | num_updates 10496 | best_loss 8.26886
| saved checkpoint ./checkpoints/2020-04-06T09-59-04-00-exp25-bpe7500-seed10/checkpoints_en_ne/checkpoint20.pt (epoch 20 @ 10496 updates) (writing took 1.130131721496582 seconds)
| epoch 021 | loss 5.561 | nll_loss 3.018 | ppl 8.1 | wps 56008 | ups 4 | wpb 13138.522 | bsz 1073.943 | num_updates 11021 | lr 0.000602448 | gnorm 0.245 | clip 1.000 | oom 0.000 | loss_scale 32.000 | wall 2588 | train_wall 2002
| epoch 021 | valid on 'valid' subset | loss 8.250 | nll_loss 6.231 | ppl 75.1 | num_updates 11021 | best_loss 8.25025
| epoch 022 | loss 5.538 | nll_loss 2.988 | ppl 7.94 | wps 55739 | ups 4 | wpb 13138.522 | bsz 1073.943 | num_updates 11546 | lr 0.000588592 | gnorm 0.245 | clip 1.000 | oom 0.000 | loss_scale 32.000 | wall 2712 | train_wall 2097
| epoch 022 | valid on 'valid' subset | loss 8.230 | nll_loss 6.211 | ppl 74.08 | num_updates 11546 | best_loss 8.23027
| epoch 023 | loss 5.518 | nll_loss 2.962 | ppl 7.79 | wps 56200 | ups 4 | wpb 13138.522 | bsz 1073.943 | num_updates 12071 | lr 0.00057565 | gnorm 0.241 | clip 1.000 | oom 0.000 | loss_scale 32.000 | wall 2836 | train_wall 2193
| epoch 023 | valid on 'valid' subset | loss 8.222 | nll_loss 6.194 | ppl 73.2 | num_updates 12071 | best_loss 8.22227
| WARNING: overflow detected, setting loss scale to: 32.0
| epoch 024 | loss 5.495 | nll_loss 2.932 | ppl 7.63 | wps 56219 | ups 4 | wpb 13140.731 | bsz 1073.885 | num_updates 12595 | lr 0.000563548 | gnorm 0.239 | clip 1.000 | oom 0.000 | loss_scale 32.000 | wall 2959 | train_wall 2290
| epoch 024 | valid on 'valid' subset | loss 8.211 | nll_loss 6.171 | ppl 72.04 | num_updates 12595 | best_loss 8.21134
| epoch 025 | loss 5.477 | nll_loss 2.911 | ppl 7.52 | wps 56397 | ups 4 | wpb 13138.522 | bsz 1073.943 | num_updates 13120 | lr 0.000552158 | gnorm 0.238 | clip 1.000 | oom 0.000 | loss_scale 32.000 | wall 3082 | train_wall 2384
| epoch 025 | valid on 'valid' subset | loss 8.197 | nll_loss 6.155 | ppl 71.25 | num_updates 13120 | best_loss 8.19703
| epoch 026 | loss 5.461 | nll_loss 2.889 | ppl 7.41 | wps 56283 | ups 4 | wpb 13138.522 | bsz 1073.943 | num_updates 13645 | lr 0.000541431 | gnorm 0.239 | clip 1.000 | oom 0.000 | loss_scale 32.000 | wall 3205 | train_wall 2479
| epoch 026 | valid on 'valid' subset | loss 8.197 | nll_loss 6.158 | ppl 71.43 | num_updates 13645 | best_loss 8.19701
| epoch 027 | loss 5.444 | nll_loss 2.868 | ppl 7.3 | wps 56289 | ups 4 | wpb 13138.522 | bsz 1073.943 | num_updates 14170 | lr 0.000531306 | gnorm 0.240 | clip 1.000 | oom 0.000 | loss_scale 32.000 | wall 3328 | train_wall 2575
| epoch 027 | valid on 'valid' subset | loss 8.187 | nll_loss 6.145 | ppl 70.79 | num_updates 14170 | best_loss 8.18665
| epoch 028 | loss 5.429 | nll_loss 2.848 | ppl 7.2 | wps 56345 | ups 4 | wpb 13138.522 | bsz 1073.943 | num_updates 14695 | lr 0.000521729 | gnorm 0.238 | clip 1.000 | oom 0.000 | loss_scale 32.000 | wall 3452 | train_wall 2672
| epoch 028 | valid on 'valid' subset | loss 8.183 | nll_loss 6.135 | ppl 70.29 | num_updates 14695 | best_loss 8.1834
| epoch 029 | loss 5.416 | nll_loss 2.832 | ppl 7.12 | wps 57533 | ups 4 | wpb 13138.522 | bsz 1073.943 | num_updates 15220 | lr 0.000512652 | gnorm 0.237 | clip 1.000 | oom 0.000 | loss_scale 32.000 | wall 3572 | train_wall 2765
| epoch 029 | valid on 'valid' subset | loss 8.163 | nll_loss 6.128 | ppl 69.92 | num_updates 15220 | best_loss 8.16257
| epoch 030 | loss 5.401 | nll_loss 2.812 | ppl 7.02 | wps 55742 | ups 4 | wpb 13138.522 | bsz 1073.943 | num_updates 15745 | lr 0.000504033 | gnorm 0.234 | clip 1.000 | oom 0.000 | loss_scale 32.000 | wall 3697 | train_wall 2861
| epoch 030 | valid on 'valid' subset | loss 8.169 | nll_loss 6.112 | ppl 69.19 | num_updates 15745 | best_loss 8.1687
| saved checkpoint ./checkpoints/2020-04-06T09-59-04-00-exp25-bpe7500-seed10/checkpoints_en_ne/checkpoint30.pt (epoch 30 @ 15745 updates) (writing took 1.1592755317687988 seconds)
| epoch 031 | loss 5.388 | nll_loss 2.796 | ppl 6.95 | wps 56441 | ups 4 | wpb 13138.522 | bsz 1073.943 | num_updates 16270 | lr 0.000495834 | gnorm 0.235 | clip 1.000 | oom 0.000 | loss_scale 32.000 | wall 3821 | train_wall 2958
| epoch 031 | valid on 'valid' subset | loss 8.153 | nll_loss 6.090 | ppl 68.13 | num_updates 16270 | best_loss 8.15294
| epoch 032 | loss 5.376 | nll_loss 2.781 | ppl 6.87 | wps 56343 | ups 4 | wpb 13138.522 | bsz 1073.943 | num_updates 16795 | lr 0.000488023 | gnorm 0.234 | clip 1.000 | oom 0.000 | loss_scale 64.000 | wall 3944 | train_wall 3052
| epoch 032 | valid on 'valid' subset | loss 8.154 | nll_loss 6.096 | ppl 68.42 | num_updates 16795 | best_loss 8.15361
| WARNING: overflow detected, setting loss scale to: 32.0
| epoch 033 | loss 5.367 | nll_loss 2.769 | ppl 6.81 | wps 57035 | ups 4 | wpb 13136.580 | bsz 1070.069 | num_updates 17319 | lr 0.000480583 | gnorm 0.234 | clip 1.000 | oom 0.000 | loss_scale 32.000 | wall 4065 | train_wall 3146
| epoch 033 | valid on 'valid' subset | loss 8.141 | nll_loss 6.083 | ppl 67.81 | num_updates 17319 | best_loss 8.14136
| epoch 034 | loss 5.355 | nll_loss 2.754 | ppl 6.74 | wps 55635 | ups 4 | wpb 13138.522 | bsz 1073.943 | num_updates 17844 | lr 0.000473461 | gnorm 0.236 | clip 1.000 | oom 0.000 | loss_scale 32.000 | wall 4190 | train_wall 3243
| epoch 034 | valid on 'valid' subset | loss 8.135 | nll_loss 6.080 | ppl 67.64 | num_updates 17844 | best_loss 8.1352
| epoch 035 | loss 5.344 | nll_loss 2.740 | ppl 6.68 | wps 56058 | ups 4 | wpb 13138.522 | bsz 1073.943 | num_updates 18369 | lr 0.000466646 | gnorm 0.234 | clip 1.000 | oom 0.000 | loss_scale 32.000 | wall 4313 | train_wall 3338
| epoch 035 | valid on 'valid' subset | loss 8.120 | nll_loss 6.059 | ppl 66.66 | num_updates 18369 | best_loss 8.11981
| epoch 036 | loss 5.334 | nll_loss 2.727 | ppl 6.62 | wps 55712 | ups 4 | wpb 13138.522 | bsz 1073.943 | num_updates 18894 | lr 0.000460117 | gnorm 0.232 | clip 1.000 | oom 0.000 | loss_scale 32.000 | wall 4438 | train_wall 3434
| epoch 036 | valid on 'valid' subset | loss 8.134 | nll_loss 6.075 | ppl 67.43 | num_updates 18894 | best_loss 8.13366
| epoch 037 | loss 5.325 | nll_loss 2.715 | ppl 6.57 | wps 55811 | ups 4 | wpb 13138.522 | bsz 1073.943 | num_updates 19419 | lr 0.000453854 | gnorm 0.234 | clip 1.000 | oom 0.000 | loss_scale 32.000 | wall 4562 | train_wall 3530
| epoch 037 | valid on 'valid' subset | loss 8.099 | nll_loss 6.044 | ppl 65.98 | num_updates 19419 | best_loss 8.09887
| epoch 038 | loss 5.316 | nll_loss 2.705 | ppl 6.52 | wps 57538 | ups 4 | wpb 13138.522 | bsz 1073.943 | num_updates 19944 | lr 0.000447841 | gnorm 0.234 | clip 1.000 | oom 0.000 | loss_scale 32.000 | wall 4683 | train_wall 3624
| epoch 038 | valid on 'valid' subset | loss 8.099 | nll_loss 6.028 | ppl 65.25 | num_updates 19944 | best_loss 8.09948
| epoch 039 | loss 5.308 | nll_loss 2.693 | ppl 6.47 | wps 56271 | ups 4 | wpb 13138.522 | bsz 1073.943 | num_updates 20469 | lr 0.00044206 | gnorm 0.232 | clip 1.000 | oom 0.000 | loss_scale 32.000 | wall 4806 | train_wall 3720
| epoch 039 | valid on 'valid' subset | loss 8.106 | nll_loss 6.032 | ppl 65.42 | num_updates 20469 | best_loss 8.10558
| epoch 040 | loss 5.298 | nll_loss 2.681 | ppl 6.41 | wps 56142 | ups 4 | wpb 13138.522 | bsz 1073.943 | num_updates 20994 | lr 0.000436498 | gnorm 0.231 | clip 1.000 | oom 0.000 | loss_scale 32.000 | wall 4930 | train_wall 3817
| epoch 040 | valid on 'valid' subset | loss 8.090 | nll_loss 6.007 | ppl 64.32 | num_updates 20994 | best_loss 8.08997
| saved checkpoint ./checkpoints/2020-04-06T09-59-04-00-exp25-bpe7500-seed10/checkpoints_en_ne/checkpoint40.pt (epoch 40 @ 20994 updates) (writing took 1.1258318424224854 seconds)
| WARNING: overflow detected, setting loss scale to: 32.0
| epoch 041 | loss 5.291 | nll_loss 2.672 | ppl 6.37 | wps 55473 | ups 4 | wpb 13147.656 | bsz 1070.969 | num_updates 21518 | lr 0.000431151 | gnorm 0.233 | clip 1.000 | oom 0.000 | loss_scale 32.000 | wall 5055 | train_wall 3913
| epoch 041 | valid on 'valid' subset | loss 8.080 | nll_loss 6.003 | ppl 64.15 | num_updates 21518 | best_loss 8.07975
| epoch 042 | loss 5.283 | nll_loss 2.661 | ppl 6.33 | wps 55712 | ups 4 | wpb 13138.522 | bsz 1073.943 | num_updates 22043 | lr 0.000425985 | gnorm 0.232 | clip 1.000 | oom 0.000 | loss_scale 32.000 | wall 5180 | train_wall 4010
| epoch 042 | valid on 'valid' subset | loss 8.088 | nll_loss 6.009 | ppl 64.39 | num_updates 22043 | best_loss 8.08814
| epoch 043 | loss 5.274 | nll_loss 2.650 | ppl 6.28 | wps 55684 | ups 4 | wpb 13138.522 | bsz 1073.943 | num_updates 22568 | lr 0.000421001 | gnorm 0.231 | clip 1.000 | oom 0.000 | loss_scale 32.000 | wall 5304 | train_wall 4106
| epoch 043 | valid on 'valid' subset | loss 8.073 | nll_loss 6.003 | ppl 64.13 | num_updates 22568 | best_loss 8.07338
| epoch 044 | loss 5.268 | nll_loss 2.643 | ppl 6.25 | wps 55344 | ups 4 | wpb 13138.522 | bsz 1073.943 | num_updates 23093 | lr 0.000416188 | gnorm 0.233 | clip 1.000 | oom 0.000 | loss_scale 32.000 | wall 5430 | train_wall 4203
| epoch 044 | valid on 'valid' subset | loss 8.072 | nll_loss 5.981 | ppl 63.18 | num_updates 23093 | best_loss 8.07172
| epoch 045 | loss 5.261 | nll_loss 2.634 | ppl 6.21 | wps 56562 | ups 4 | wpb 13138.522 | bsz 1073.943 | num_updates 23618 | lr 0.000411537 | gnorm 0.233 | clip 1.000 | oom 0.000 | loss_scale 32.000 | wall 5552 | train_wall 4299
| epoch 045 | valid on 'valid' subset | loss 8.092 | nll_loss 6.015 | ppl 64.66 | num_updates 23618 | best_loss 8.08997
| epoch 046 | loss 5.255 | nll_loss 2.626 | ppl 6.17 | wps 55557 | ups 4 | wpb 13138.522 | bsz 1073.943 | num_updates 24143 | lr 0.000407037 | gnorm 0.232 | clip 1.000 | oom 0.000 | loss_scale 32.000 | wall 5677 | train_wall 4395
| epoch 046 | valid on 'valid' subset | loss 8.109 | nll_loss 6.025 | ppl 65.11 | num_updates 24143 | best_loss 8.08997
| epoch 047 | loss 5.247 | nll_loss 2.616 | ppl 6.13 | wps 56230 | ups 4 | wpb 13138.522 | bsz 1073.943 | num_updates 24668 | lr 0.000402683 | gnorm 0.230 | clip 1.000 | oom 0.000 | loss_scale 32.000 | wall 5801 | train_wall 4492
| epoch 047 | valid on 'valid' subset | loss 8.080 | nll_loss 5.995 | ppl 63.78 | num_updates 24668 | best_loss 8.0801
| epoch 048 | loss 5.241 | nll_loss 2.608 | ppl 6.1 | wps 55820 | ups 4 | wpb 13138.522 | bsz 1073.943 | num_updates 25193 | lr 0.000398465 | gnorm 0.230 | clip 1.000 | oom 0.000 | loss_scale 32.000 | wall 5925 | train_wall 4588
| epoch 048 | valid on 'valid' subset | loss 8.069 | nll_loss 5.988 | ppl 63.46 | num_updates 25193 | best_loss 8.06922
| epoch 049 | loss 5.235 | nll_loss 2.601 | ppl 6.07 | wps 57516 | ups 4 | wpb 13138.522 | bsz 1073.943 | num_updates 25718 | lr 0.000394377 | gnorm 0.232 | clip 1.000 | oom 0.000 | loss_scale 64.000 | wall 6045 | train_wall 4681
| epoch 049 | valid on 'valid' subset | loss 8.075 | nll_loss 5.991 | ppl 63.62 | num_updates 25718 | best_loss 8.07468
| WARNING: overflow detected, setting loss scale to: 32.0
| epoch 050 | loss 5.231 | nll_loss 2.595 | ppl 6.04 | wps 55981 | ups 4 | wpb 13139.897 | bsz 1072.802 | num_updates 26242 | lr 0.00039042 | gnorm 0.233 | clip 1.000 | oom 0.000 | loss_scale 32.000 | wall 6169 | train_wall 4778
| epoch 050 | valid on 'valid' subset | loss 8.053 | nll_loss 5.977 | ppl 62.98 | num_updates 26242 | best_loss 8.0531
| saved checkpoint ./checkpoints/2020-04-06T09-59-04-00-exp25-bpe7500-seed10/checkpoints_en_ne/checkpoint50.pt (epoch 50 @ 26242 updates) (writing took 1.1335320472717285 seconds)
| epoch 051 | loss 5.224 | nll_loss 2.587 | ppl 6.01 | wps 56514 | ups 4 | wpb 13138.522 | bsz 1073.943 | num_updates 26767 | lr 0.000386572 | gnorm 0.232 | clip 1.000 | oom 0.000 | loss_scale 32.000 | wall 6293 | train_wall 4874
| epoch 051 | valid on 'valid' subset | loss 8.051 | nll_loss 5.968 | ppl 62.6 | num_updates 26767 | best_loss 8.0514
| epoch 052 | loss 5.219 | nll_loss 2.580 | ppl 5.98 | wps 55874 | ups 4 | wpb 13138.522 | bsz 1073.943 | num_updates 27292 | lr 0.000382836 | gnorm 0.233 | clip 1.000 | oom 0.000 | loss_scale 32.000 | wall 6417 | train_wall 4970
| epoch 052 | valid on 'valid' subset | loss 8.068 | nll_loss 5.981 | ppl 63.17 | num_updates 27292 | best_loss 8.0531
| epoch 053 | loss 5.212 | nll_loss 2.571 | ppl 5.94 | wps 56127 | ups 4 | wpb 13138.522 | bsz 1073.943 | num_updates 27817 | lr 0.000379206 | gnorm 0.232 | clip 1.000 | oom 0.000 | loss_scale 32.000 | wall 6541 | train_wall 5067
| epoch 053 | valid on 'valid' subset | loss 8.081 | nll_loss 5.993 | ppl 63.67 | num_updates 27817 | best_loss 8.0531
| epoch 054 | loss 5.207 | nll_loss 2.565 | ppl 5.92 | wps 55850 | ups 4 | wpb 13138.522 | bsz 1073.943 | num_updates 28342 | lr 0.000375677 | gnorm 0.232 | clip 1.000 | oom 0.000 | loss_scale 32.000 | wall 6665 | train_wall 5164
| epoch 054 | valid on 'valid' subset | loss 8.048 | nll_loss 5.961 | ppl 62.3 | num_updates 28342 | best_loss 8.04846
| epoch 055 | loss 5.203 | nll_loss 2.560 | ppl 5.9 | wps 55715 | ups 4 | wpb 13138.522 | bsz 1073.943 | num_updates 28867 | lr 0.000372245 | gnorm 0.233 | clip 1.000 | oom 0.000 | loss_scale 32.000 | wall 6789 | train_wall 5261
| epoch 055 | valid on 'valid' subset | loss 8.037 | nll_loss 5.951 | ppl 61.85 | num_updates 28867 | best_loss 8.03732
| epoch 056 | loss 5.198 | nll_loss 2.553 | ppl 5.87 | wps 56945 | ups 4 | wpb 13138.522 | bsz 1073.943 | num_updates 29392 | lr 0.000368906 | gnorm 0.232 | clip 1.000 | oom 0.000 | loss_scale 32.000 | wall 6911 | train_wall 5355
| epoch 056 | valid on 'valid' subset | loss 8.037 | nll_loss 5.954 | ppl 62.01 | num_updates 29392 | best_loss 8.03718
| epoch 057 | loss 5.192 | nll_loss 2.546 | ppl 5.84 | wps 56944 | ups 4 | wpb 13138.522 | bsz 1073.943 | num_updates 29917 | lr 0.000365655 | gnorm 0.231 | clip 1.000 | oom 0.000 | loss_scale 32.000 | wall 7033 | train_wall 5449
| epoch 057 | valid on 'valid' subset | loss 8.055 | nll_loss 5.959 | ppl 62.22 | num_updates 29917 | best_loss 8.0531
| epoch 058 | loss 5.189 | nll_loss 2.541 | ppl 5.82 | wps 56641 | ups 4 | wpb 13138.522 | bsz 1073.943 | num_updates 30442 | lr 0.000362488 | gnorm 0.232 | clip 1.000 | oom 0.000 | loss_scale 64.000 | wall 7155 | train_wall 5545
| epoch 058 | valid on 'valid' subset | loss 8.078 | nll_loss 5.995 | ppl 63.77 | num_updates 30442 | best_loss 8.0531
| WARNING: overflow detected, setting loss scale to: 32.0
| epoch 059 | loss 5.185 | nll_loss 2.536 | ppl 5.8 | wps 56809 | ups 4 | wpb 13136.468 | bsz 1073.809 | num_updates 30966 | lr 0.000359408 | gnorm 0.233 | clip 1.000 | oom 0.000 | loss_scale 32.000 | wall 7277 | train_wall 5639
| epoch 059 | valid on 'valid' subset | loss 8.043 | nll_loss 5.954 | ppl 62 | num_updates 30966 | best_loss 8.04262
| epoch 060 | loss 5.178 | nll_loss 2.528 | ppl 5.77 | wps 57050 | ups 4 | wpb 13138.522 | bsz 1073.943 | num_updates 31491 | lr 0.000356399 | gnorm 0.232 | clip 1.000 | oom 0.000 | loss_scale 32.000 | wall 7399 | train_wall 5734
| epoch 060 | valid on 'valid' subset | loss 8.044 | nll_loss 5.954 | ppl 62.01 | num_updates 31491 | best_loss 8.04394
| saved checkpoint ./checkpoints/2020-04-06T09-59-04-00-exp25-bpe7500-seed10/checkpoints_en_ne/checkpoint60.pt (epoch 60 @ 31491 updates) (writing took 1.0568468570709229 seconds)
| epoch 061 | loss 5.174 | nll_loss 2.523 | ppl 5.75 | wps 56720 | ups 4 | wpb 13138.522 | bsz 1073.943 | num_updates 32016 | lr 0.000353465 | gnorm 0.232 | clip 1.000 | oom 0.000 | loss_scale 32.000 | wall 7522 | train_wall 5830
| epoch 061 | valid on 'valid' subset | loss 8.032 | nll_loss 5.952 | ppl 61.89 | num_updates 32016 | best_loss 8.03178
| epoch 062 | loss 5.169 | nll_loss 2.517 | ppl 5.72 | wps 56698 | ups 4 | wpb 13138.522 | bsz 1073.943 | num_updates 32541 | lr 0.000350602 | gnorm 0.231 | clip 1.000 | oom 0.000 | loss_scale 32.000 | wall 7645 | train_wall 5925
| epoch 062 | valid on 'valid' subset | loss 8.051 | nll_loss 5.954 | ppl 62.01 | num_updates 32541 | best_loss 8.04394
| epoch 063 | loss 5.167 | nll_loss 2.513 | ppl 5.71 | wps 56634 | ups 4 | wpb 13138.522 | bsz 1073.943 | num_updates 33066 | lr 0.000347808 | gnorm 0.232 | clip 1.000 | oom 0.000 | loss_scale 32.000 | wall 7767 | train_wall 6020
| epoch 063 | valid on 'valid' subset | loss 8.025 | nll_loss 5.931 | ppl 61 | num_updates 33066 | best_loss 8.0248
| epoch 064 | loss 5.162 | nll_loss 2.507 | ppl 5.68 | wps 55548 | ups 4 | wpb 13138.522 | bsz 1073.943 | num_updates 33591 | lr 0.000345079 | gnorm 0.234 | clip 1.000 | oom 0.000 | loss_scale 32.000 | wall 7892 | train_wall 6116
| epoch 064 | valid on 'valid' subset | loss 8.050 | nll_loss 5.957 | ppl 62.13 | num_updates 33591 | best_loss 8.04394
| epoch 065 | loss 5.158 | nll_loss 2.503 | ppl 5.67 | wps 54378 | ups 4 | wpb 13138.522 | bsz 1073.943 | num_updates 34116 | lr 0.000342414 | gnorm 0.235 | clip 1.000 | oom 0.000 | loss_scale 32.000 | wall 8019 | train_wall 6214
| epoch 065 | valid on 'valid' subset | loss 8.041 | nll_loss 5.945 | ppl 61.62 | num_updates 34116 | best_loss 8.04067
| epoch 066 | loss 5.154 | nll_loss 2.497 | ppl 5.65 | wps 54782 | ups 4 | wpb 13138.522 | bsz 1073.943 | num_updates 34641 | lr 0.000339809 | gnorm 0.232 | clip 1.000 | oom 0.000 | loss_scale 32.000 | wall 8146 | train_wall 6311
| epoch 066 | valid on 'valid' subset | loss 8.038 | nll_loss 5.951 | ppl 61.86 | num_updates 34641 | best_loss 8.03771
| WARNING: overflow detected, setting loss scale to: 32.0
| epoch 067 | loss 5.153 | nll_loss 2.495 | ppl 5.64 | wps 54337 | ups 4 | wpb 13142.519 | bsz 1071.214 | num_updates 35165 | lr 0.000337268 | gnorm 0.235 | clip 1.000 | oom 0.000 | loss_scale 32.000 | wall 8273 | train_wall 6409
| epoch 067 | valid on 'valid' subset | loss 8.051 | nll_loss 5.959 | ppl 62.2 | num_updates 35165 | best_loss 8.04394
| epoch 068 | loss 5.147 | nll_loss 2.488 | ppl 5.61 | wps 54220 | ups 4 | wpb 13138.522 | bsz 1073.943 | num_updates 35690 | lr 0.000334778 | gnorm 0.233 | clip 1.000 | oom 0.000 | loss_scale 32.000 | wall 8401 | train_wall 6507
| epoch 068 | valid on 'valid' subset | loss 8.047 | nll_loss 5.954 | ppl 61.99 | num_updates 35690 | best_loss 8.04394
| WARNING: overflow detected, setting loss scale to: 16.0
| epoch 069 | loss 5.143 | nll_loss 2.483 | ppl 5.59 | wps 54363 | ups 4 | wpb 13137.099 | bsz 1073.611 | num_updates 36214 | lr 0.000332347 | gnorm 0.233 | clip 1.000 | oom 0.000 | loss_scale 16.000 | wall 8529 | train_wall 6606
| epoch 069 | valid on 'valid' subset | loss 8.018 | nll_loss 5.924 | ppl 60.71 | num_updates 36214 | best_loss 8.01792
| epoch 070 | loss 5.140 | nll_loss 2.479 | ppl 5.58 | wps 56324 | ups 4 | wpb 13138.522 | bsz 1073.943 | num_updates 36739 | lr 0.000329964 | gnorm 0.233 | clip 1.000 | oom 0.000 | loss_scale 16.000 | wall 8652 | train_wall 6701
| epoch 070 | valid on 'valid' subset | loss 8.014 | nll_loss 5.922 | ppl 60.61 | num_updates 36739 | best_loss 8.01365
| saved checkpoint ./checkpoints/2020-04-06T09-59-04-00-exp25-bpe7500-seed10/checkpoints_en_ne/checkpoint70.pt (epoch 70 @ 36739 updates) (writing took 1.0796558856964111 seconds)
| epoch 071 | loss 5.136 | nll_loss 2.474 | ppl 5.55 | wps 56823 | ups 4 | wpb 13138.522 | bsz 1073.943 | num_updates 37264 | lr 0.000327631 | gnorm 0.234 | clip 1.000 | oom 0.000 | loss_scale 16.000 | wall 8775 | train_wall 6796
| epoch 071 | valid on 'valid' subset | loss 8.029 | nll_loss 5.939 | ppl 61.34 | num_updates 37264 | best_loss 8.01365
| epoch 072 | loss 5.133 | nll_loss 2.470 | ppl 5.54 | wps 54103 | ups 4 | wpb 13138.522 | bsz 1073.943 | num_updates 37789 | lr 0.000325347 | gnorm 0.235 | clip 1.000 | oom 0.000 | loss_scale 16.000 | wall 8903 | train_wall 6894
| epoch 072 | valid on 'valid' subset | loss 8.042 | nll_loss 5.952 | ppl 61.89 | num_updates 37789 | best_loss 8.01365
| epoch 073 | loss 5.130 | nll_loss 2.466 | ppl 5.52 | wps 53982 | ups 4 | wpb 13138.522 | bsz 1073.943 | num_updates 38314 | lr 0.000323111 | gnorm 0.236 | clip 1.000 | oom 0.000 | loss_scale 16.000 | wall 9032 | train_wall 6993
| epoch 073 | valid on 'valid' subset | loss 8.011 | nll_loss 5.919 | ppl 60.52 | num_updates 38314 | best_loss 8.01138
| epoch 074 | loss 5.126 | nll_loss 2.461 | ppl 5.51 | wps 54414 | ups 4 | wpb 13138.522 | bsz 1073.943 | num_updates 38839 | lr 0.000320919 | gnorm 0.235 | clip 1.000 | oom 0.000 | loss_scale 16.000 | wall 9159 | train_wall 7090
| epoch 074 | valid on 'valid' subset | loss 8.020 | nll_loss 5.938 | ppl 61.32 | num_updates 38839 | best_loss 8.01365
| epoch 075 | loss 5.123 | nll_loss 2.457 | ppl 5.49 | wps 54945 | ups 4 | wpb 13138.522 | bsz 1073.943 | num_updates 39364 | lr 0.000318772 | gnorm 0.233 | clip 1.000 | oom 0.000 | loss_scale 16.000 | wall 9286 | train_wall 7187
| epoch 075 | valid on 'valid' subset | loss 8.027 | nll_loss 5.934 | ppl 61.16 | num_updates 39364 | best_loss 8.01365
| epoch 076 | loss 5.120 | nll_loss 2.453 | ppl 5.48 | wps 55506 | ups 4 | wpb 13138.522 | bsz 1073.943 | num_updates 39889 | lr 0.000316667 | gnorm 0.233 | clip 1.000 | oom 0.000 | loss_scale 16.000 | wall 9411 | train_wall 7284
| epoch 076 | valid on 'valid' subset | loss 8.006 | nll_loss 5.910 | ppl 60.13 | num_updates 39889 | best_loss 8.00649
| epoch 077 | loss 5.116 | nll_loss 2.448 | ppl 5.46 | wps 54647 | ups 4 | wpb 13138.522 | bsz 1073.943 | num_updates 40414 | lr 0.000314604 | gnorm 0.235 | clip 1.000 | oom 0.000 | loss_scale 32.000 | wall 9538 | train_wall 7381
| epoch 077 | valid on 'valid' subset | loss 8.015 | nll_loss 5.924 | ppl 60.72 | num_updates 40414 | best_loss 8.01365
| epoch 078 | loss 5.114 | nll_loss 2.446 | ppl 5.45 | wps 54002 | ups 4 | wpb 13138.522 | bsz 1073.943 | num_updates 40939 | lr 0.00031258 | gnorm 0.234 | clip 1.000 | oom 0.000 | loss_scale 32.000 | wall 9666 | train_wall 7480
| epoch 078 | valid on 'valid' subset | loss 8.008 | nll_loss 5.913 | ppl 60.26 | num_updates 40939 | best_loss 8.00755
| epoch 079 | loss 5.111 | nll_loss 2.442 | ppl 5.43 | wps 54813 | ups 4 | wpb 13138.522 | bsz 1073.943 | num_updates 41464 | lr 0.000310595 | gnorm 0.236 | clip 1.000 | oom 0.000 | loss_scale 32.000 | wall 9792 | train_wall 7578
| epoch 079 | valid on 'valid' subset | loss 8.019 | nll_loss 5.933 | ppl 61.08 | num_updates 41464 | best_loss 8.01365
| epoch 080 | loss 5.108 | nll_loss 2.438 | ppl 5.42 | wps 54674 | ups 4 | wpb 13138.522 | bsz 1073.943 | num_updates 41989 | lr 0.000308647 | gnorm 0.237 | clip 1.000 | oom 0.000 | loss_scale 32.000 | wall 9919 | train_wall 7676
| epoch 080 | valid on 'valid' subset | loss 8.027 | nll_loss 5.929 | ppl 60.93 | num_updates 41989 | best_loss 8.01365
| saved checkpoint ./checkpoints/2020-04-06T09-59-04-00-exp25-bpe7500-seed10/checkpoints_en_ne/checkpoint80.pt (epoch 80 @ 41989 updates) (writing took 0.6875555515289307 seconds)
| WARNING: overflow detected, setting loss scale to: 16.0
| epoch 081 | loss 5.105 | nll_loss 2.435 | ppl 5.41 | wps 54327 | ups 4 | wpb 13136.971 | bsz 1074.679 | num_updates 42513 | lr 0.000306739 | gnorm 0.234 | clip 1.000 | oom 0.000 | loss_scale 16.000 | wall 10047 | train_wall 7773
| epoch 081 | valid on 'valid' subset | loss 8.025 | nll_loss 5.937 | ppl 61.27 | num_updates 42513 | best_loss 8.01365
| epoch 082 | loss 5.102 | nll_loss 2.431 | ppl 5.39 | wps 54605 | ups 4 | wpb 13138.522 | bsz 1073.943 | num_updates 43038 | lr 0.000304862 | gnorm 0.235 | clip 1.000 | oom 0.000 | loss_scale 16.000 | wall 10175 | train_wall 7870
| epoch 082 | valid on 'valid' subset | loss 8.004 | nll_loss 5.914 | ppl 60.32 | num_updates 43038 | best_loss 8.00358
| epoch 083 | loss 5.100 | nll_loss 2.427 | ppl 5.38 | wps 54453 | ups 4 | wpb 13138.522 | bsz 1073.943 | num_updates 43563 | lr 0.00030302 | gnorm 0.236 | clip 1.000 | oom 0.000 | loss_scale 16.000 | wall 10302 | train_wall 7968
| epoch 083 | valid on 'valid' subset | loss 7.996 | nll_loss 5.901 | ppl 59.74 | num_updates 43563 | best_loss 7.99605
| epoch 084 | loss 5.096 | nll_loss 2.423 | ppl 5.36 | wps 54576 | ups 4 | wpb 13138.522 | bsz 1073.943 | num_updates 44088 | lr 0.00030121 | gnorm 0.238 | clip 1.000 | oom 0.000 | loss_scale 16.000 | wall 10429 | train_wall 8066
| epoch 084 | valid on 'valid' subset | loss 8.017 | nll_loss 5.918 | ppl 60.48 | num_updates 44088 | best_loss 8.01365
| epoch 085 | loss 5.094 | nll_loss 2.420 | ppl 5.35 | wps 55165 | ups 4 | wpb 13138.522 | bsz 1073.943 | num_updates 44613 | lr 0.000299433 | gnorm 0.237 | clip 1.000 | oom 0.000 | loss_scale 16.000 | wall 10555 | train_wall 8162
| epoch 085 | valid on 'valid' subset | loss 8.021 | nll_loss 5.934 | ppl 61.16 | num_updates 44613 | best_loss 8.01365
| epoch 086 | loss 5.091 | nll_loss 2.417 | ppl 5.34 | wps 54412 | ups 4 | wpb 13138.522 | bsz 1073.943 | num_updates 45138 | lr 0.000297686 | gnorm 0.237 | clip 1.000 | oom 0.000 | loss_scale 16.000 | wall 10682 | train_wall 8259
| epoch 086 | valid on 'valid' subset | loss 8.006 | nll_loss 5.908 | ppl 60.03 | num_updates 45138 | best_loss 8.0062
| epoch 087 | loss 5.089 | nll_loss 2.413 | ppl 5.33 | wps 54397 | ups 4 | wpb 13138.522 | bsz 1073.943 | num_updates 45663 | lr 0.00029597 | gnorm 0.237 | clip 1.000 | oom 0.000 | loss_scale 16.000 | wall 10810 | train_wall 8357
| epoch 087 | valid on 'valid' subset | loss 8.033 | nll_loss 5.936 | ppl 61.23 | num_updates 45663 | best_loss 8.01365
| epoch 088 | loss 5.086 | nll_loss 2.410 | ppl 5.31 | wps 54043 | ups 4 | wpb 13138.522 | bsz 1073.943 | num_updates 46188 | lr 0.000294283 | gnorm 0.237 | clip 1.000 | oom 0.000 | loss_scale 16.000 | wall 10938 | train_wall 8455
| epoch 088 | valid on 'valid' subset | loss 8.041 | nll_loss 5.945 | ppl 61.61 | num_updates 46188 | best_loss 8.01365
| epoch 089 | loss 5.083 | nll_loss 2.406 | ppl 5.3 | wps 55296 | ups 4 | wpb 13138.522 | bsz 1073.943 | num_updates 46713 | lr 0.000292625 | gnorm 0.238 | clip 1.000 | oom 0.000 | loss_scale 32.000 | wall 11064 | train_wall 8553
| epoch 089 | valid on 'valid' subset | loss 8.015 | nll_loss 5.919 | ppl 60.52 | num_updates 46713 | best_loss 8.01365
| epoch 090 | loss 5.081 | nll_loss 2.404 | ppl 5.29 | wps 56341 | ups 4 | wpb 13138.522 | bsz 1073.943 | num_updates 47238 | lr 0.000290994 | gnorm 0.238 | clip 1.000 | oom 0.000 | loss_scale 32.000 | wall 11187 | train_wall 8648
| epoch 090 | valid on 'valid' subset | loss 7.991 | nll_loss 5.895 | ppl 59.5 | num_updates 47238 | best_loss 7.99135
| saved checkpoint ./checkpoints/2020-04-06T09-59-04-00-exp25-bpe7500-seed10/checkpoints_en_ne/checkpoint90.pt (epoch 90 @ 47238 updates) (writing took 1.0860464572906494 seconds)
| epoch 091 | loss 5.079 | nll_loss 2.401 | ppl 5.28 | wps 56313 | ups 4 | wpb 13138.522 | bsz 1073.943 | num_updates 47763 | lr 0.00028939 | gnorm 0.237 | clip 1.000 | oom 0.000 | loss_scale 32.000 | wall 11311 | train_wall 8743
| epoch 091 | valid on 'valid' subset | loss 8.009 | nll_loss 5.911 | ppl 60.19 | num_updates 47763 | best_loss 7.99135
| epoch 092 | loss 5.076 | nll_loss 2.397 | ppl 5.27 | wps 55464 | ups 4 | wpb 13138.522 | bsz 1073.943 | num_updates 48288 | lr 0.000287813 | gnorm 0.239 | clip 1.000 | oom 0.000 | loss_scale 32.000 | wall 11436 | train_wall 8840
| epoch 092 | valid on 'valid' subset | loss 7.991 | nll_loss 5.901 | ppl 59.75 | num_updates 48288 | best_loss 7.99094
| epoch 093 | loss 5.073 | nll_loss 2.394 | ppl 5.26 | wps 54862 | ups 4 | wpb 13138.522 | bsz 1073.943 | num_updates 48813 | lr 0.000286261 | gnorm 0.239 | clip 1.000 | oom 0.000 | loss_scale 32.000 | wall 11562 | train_wall 8938
| epoch 093 | valid on 'valid' subset | loss 7.998 | nll_loss 5.907 | ppl 60 | num_updates 48813 | best_loss 7.99135
| epoch 094 | loss 5.072 | nll_loss 2.392 | ppl 5.25 | wps 56568 | ups 4 | wpb 13138.522 | bsz 1073.943 | num_updates 49338 | lr 0.000284734 | gnorm 0.239 | clip 1.000 | oom 0.000 | loss_scale 32.000 | wall 11685 | train_wall 9034
| epoch 094 | valid on 'valid' subset | loss 7.988 | nll_loss 5.894 | ppl 59.48 | num_updates 49338 | best_loss 7.98815
| epoch 095 | loss 5.070 | nll_loss 2.389 | ppl 5.24 | wps 56378 | ups 4 | wpb 13138.522 | bsz 1073.943 | num_updates 49863 | lr 0.000283231 | gnorm 0.240 | clip 1.000 | oom 0.000 | loss_scale 32.000 | wall 11808 | train_wall 9129
| epoch 095 | valid on 'valid' subset | loss 7.987 | nll_loss 5.895 | ppl 59.52 | num_updates 49863 | best_loss 7.98737
| WARNING: overflow detected, setting loss scale to: 16.0
| epoch 096 | loss 5.066 | nll_loss 2.384 | ppl 5.22 | wps 55029 | ups 4 | wpb 13140.681 | bsz 1073.840 | num_updates 50387 | lr 0.000281754 | gnorm 0.240 | clip 1.000 | oom 0.000 | loss_scale 16.000 | wall 11934 | train_wall 9226
| epoch 096 | valid on 'valid' subset | loss 8.007 | nll_loss 5.912 | ppl 60.21 | num_updates 50387 | best_loss 7.99135
| epoch 097 | loss 5.065 | nll_loss 2.383 | ppl 5.21 | wps 54420 | ups 4 | wpb 13138.522 | bsz 1073.943 | num_updates 50912 | lr 0.000280298 | gnorm 0.238 | clip 1.000 | oom 0.000 | loss_scale 16.000 | wall 12062 | train_wall 9324
| epoch 097 | valid on 'valid' subset | loss 8.003 | nll_loss 5.910 | ppl 60.13 | num_updates 50912 | best_loss 7.99135
| epoch 098 | loss 5.063 | nll_loss 2.380 | ppl 5.2 | wps 54671 | ups 4 | wpb 13138.522 | bsz 1073.943 | num_updates 51437 | lr 0.000278864 | gnorm 0.239 | clip 1.000 | oom 0.000 | loss_scale 16.000 | wall 12188 | train_wall 9422
| epoch 098 | valid on 'valid' subset | loss 7.980 | nll_loss 5.888 | ppl 59.21 | num_updates 51437 | best_loss 7.98002
| epoch 099 | loss 5.060 | nll_loss 2.377 | ppl 5.2 | wps 54647 | ups 4 | wpb 13138.522 | bsz 1073.943 | num_updates 51962 | lr 0.000277451 | gnorm 0.239 | clip 1.000 | oom 0.000 | loss_scale 16.000 | wall 12315 | train_wall 9520
| epoch 099 | valid on 'valid' subset | loss 8.006 | nll_loss 5.908 | ppl 60.06 | num_updates 51962 | best_loss 7.99135
| epoch 100 | loss 5.058 | nll_loss 2.374 | ppl 5.18 | wps 56663 | ups 4 | wpb 13138.522 | bsz 1073.943 | num_updates 52487 | lr 0.00027606 | gnorm 0.241 | clip 1.000 | oom 0.000 | loss_scale 16.000 | wall 12438 | train_wall 9615
| epoch 100 | valid on 'valid' subset | loss 8.000 | nll_loss 5.907 | ppl 59.99 | num_updates 52487 | best_loss 7.99135
| saved checkpoint ./checkpoints/2020-04-06T09-59-04-00-exp25-bpe7500-seed10/checkpoints_en_ne/checkpoint100.pt (epoch 100 @ 52487 updates) (writing took 0.6662576198577881 seconds)
| done training in 12434.3 seconds
Done training.
Time at end: Mon Apr 6 16:53:04 EDT 2020
